[roslaunch][INFO] 2016-07-13 18:43:05,104: Checking log directory for disk usage. This may take awhile.
Press Ctrl-C to interrupt
[roslaunch][INFO] 2016-07-13 18:43:05,145: Done checking log file disk usage. Usage is <1GB.
[roslaunch][INFO] 2016-07-13 18:43:05,146: roslaunch starting with args ['/opt/ros/indigo/bin/roslaunch', 'jaco_description.launch']
[roslaunch][INFO] 2016-07-13 18:43:05,148: roslaunch env is {'ROS_DISTRO': 'indigo', 'SSH_CLIENT': '10.0.2.2 56550 22', 'CPATH': '/opt/ros/indigo/include', 'LOGNAME': 'vagrant', 'USER': 'vagrant', 'PATH': '/opt/ros/indigo/bin:/usr/local/sbin:/usr/local/bin:/usr/sbin:/usr/bin:/sbin:/bin:/usr/games:/usr/local/games', 'HOME': '/home/vagrant', 'CMAKE_PREFIX_PATH': '/opt/ros/indigo', 'LD_LIBRARY_PATH': '/opt/ros/indigo/lib:/opt/ros/indigo/lib/x86_64-linux-gnu', 'LANG': 'en_US.UTF-8', 'TERM': 'xterm-256color', 'SHELL': '/bin/bash', 'SHLVL': '1', 'QT_QPA_PLATFORMTHEME': 'appmenu-qt5', 'ROS_LOG_FILENAME': '/home/vagrant/.ros/log/a285e092-4929-11e6-9545-080027a2ea64/roslaunch-ros-indigo-desktop-trusty64-3836.log', 'ROS_ETC_DIR': '/opt/ros/indigo/etc/ros', 'XDG_RUNTIME_DIR': '/run/user/1000', 'PYTHONPATH': '/opt/ros/indigo/lib/python2.7/dist-packages', 'ROS_ROOT': '/opt/ros/indigo/share/ros', 'PKG_CONFIG_PATH': '/opt/ros/indigo/lib/pkgconfig:/opt/ros/indigo/lib/x86_64-linux-gnu/pkgconfig', 'ROS_PACKAGE_PATH': '/opt/ros/indigo/share:/opt/ros/indigo/stacks', 'XDG_SESSION_ID': '2', '_': '/opt/ros/indigo/bin/roslaunch', 'SSH_TTY': '/dev/pts/2', 'OLDPWD': '/home/vagrant/therblig-motion-library/mico/wpi_jaco/src', 'ROSLISP_PACKAGE_DIRECTORIES': '', 'PWD': '/home/vagrant/therblig-motion-library/mico/wpi_jaco/src/jaco_description/launch', 'ROS_MASTER_URI': 'http://localhost:11311', 'MAIL': '/var/mail/vagrant', 'SSH_CONNECTION': '10.0.2.2 56550 10.0.2.15 22'}
[roslaunch][INFO] 2016-07-13 18:43:05,148: starting in server mode
[roslaunch.parent][INFO] 2016-07-13 18:43:05,149: starting roslaunch parent run
[roslaunch][INFO] 2016-07-13 18:43:05,150: loading roscore config file /opt/ros/indigo/etc/ros/roscore.xml
[roslaunch][INFO] 2016-07-13 18:43:05,299: Added core node of type [rosout/rosout] in namespace [/]
[roslaunch.config][INFO] 2016-07-13 18:43:05,300: loading config file jaco_description.launch
[roslaunch][ERROR] 2016-07-13 18:43:05,343: Invalid <arg> tag: jaco_description
ROS path [0]=/opt/ros/indigo/share/ros
ROS path [1]=/opt/ros/indigo/share
ROS path [2]=/opt/ros/indigo/stacks. 

Arg xml is <arg default="$(find xacro)/xacro.py '$(find jaco_description)/robots/standalone_arm.urdf.xacro'" name="urdf_file"/>
[roslaunch][ERROR] 2016-07-13 18:43:05,343: The traceback for the exception was written to the log file
[roslaunch][ERROR] 2016-07-13 18:43:05,347: Traceback (most recent call last):
  File "/opt/ros/indigo/lib/python2.7/dist-packages/roslaunch/__init__.py", line 298, in main
    p.start()
  File "/opt/ros/indigo/lib/python2.7/dist-packages/roslaunch/parent.py", line 260, in start
    self._start_infrastructure()
  File "/opt/ros/indigo/lib/python2.7/dist-packages/roslaunch/parent.py", line 209, in _start_infrastructure
    self._load_config()
  File "/opt/ros/indigo/lib/python2.7/dist-packages/roslaunch/parent.py", line 124, in _load_config
    roslaunch_strs=self.roslaunch_strs, verbose=self.verbose)
  File "/opt/ros/indigo/lib/python2.7/dist-packages/roslaunch/config.py", line 453, in load_config_default
    raise RLException(e)
RLException: Invalid <arg> tag: jaco_description
ROS path [0]=/opt/ros/indigo/share/ros
ROS path [1]=/opt/ros/indigo/share
ROS path [2]=/opt/ros/indigo/stacks. 

Arg xml is <arg default="$(find xacro)/xacro.py '$(find jaco_description)/robots/standalone_arm.urdf.xacro'" name="urdf_file"/>

[rospy.core][INFO] 2016-07-13 18:43:05,348: signal_shutdown [atexit]
