[rospy.client][INFO] 2016-07-18 19:11:29,640: init_node, name[/joint_state_publisher], pid[11922]
[xmlrpc][INFO] 2016-07-18 19:11:29,641: XML-RPC server binding to 0.0.0.0:0
[xmlrpc][INFO] 2016-07-18 19:11:29,642: Started XML-RPC server [http://ros-indigo-desktop-trusty64:36050/]
[rospy.init][INFO] 2016-07-18 19:11:29,642: ROS Slave URI: [http://ros-indigo-desktop-trusty64:36050/]
[rospy.impl.masterslave][INFO] 2016-07-18 19:11:29,642: _ready: http://ros-indigo-desktop-trusty64:36050/
[rospy.registration][INFO] 2016-07-18 19:11:29,644: Registering with master node http://localhost:11311
[xmlrpc][INFO] 2016-07-18 19:11:29,645: xml rpc node: starting XML-RPC server
[rospy.init][INFO] 2016-07-18 19:11:29,743: registered with master
[rospy.rosout][INFO] 2016-07-18 19:11:29,744: initializing /rosout core topic
[rospy.rosout][INFO] 2016-07-18 19:11:29,751: connected to core topic /rosout
[rospy.simtime][INFO] 2016-07-18 19:11:29,753: /use_sim_time is not set, will not subscribe to simulated time [/clock] topic
[rospy.internal][INFO] 2016-07-18 19:11:29,913: topic[/rosout] adding connection to [/rosout], count 0
[rospy.internal][INFO] 2016-07-18 19:11:30,116: topic[/joint_states] adding connection to [/robot_state_publisher], count 0
[rospy.core][INFO] 2016-07-18 19:11:49,867: signal_shutdown [signal-2]
[rospy.internal][INFO] 2016-07-18 19:11:49,874: topic[/joint_states] removing connection to /robot_state_publisher
[rospy.internal][INFO] 2016-07-18 19:11:49,877: topic[/rosout] removing connection to /rosout
[rospy.impl.masterslave][INFO] 2016-07-18 19:11:49,878: signal-2
[rospy.core][INFO] 2016-07-18 19:11:49,994: signal_shutdown [atexit]
[rospy.client][INFO] 2016-07-18 19:13:04,557: init_node, name[/joint_state_publisher], pid[12169]
[xmlrpc][INFO] 2016-07-18 19:13:04,566: XML-RPC server binding to 0.0.0.0:0
[xmlrpc][INFO] 2016-07-18 19:13:04,567: Started XML-RPC server [http://ros-indigo-desktop-trusty64:48160/]
[rospy.init][INFO] 2016-07-18 19:13:04,568: ROS Slave URI: [http://ros-indigo-desktop-trusty64:48160/]
[rospy.impl.masterslave][INFO] 2016-07-18 19:13:04,568: _ready: http://ros-indigo-desktop-trusty64:48160/
[xmlrpc][INFO] 2016-07-18 19:13:04,571: xml rpc node: starting XML-RPC server
[rospy.registration][INFO] 2016-07-18 19:13:04,573: Registering with master node http://localhost:11311
[rospy.init][INFO] 2016-07-18 19:13:04,670: registered with master
[rospy.rosout][INFO] 2016-07-18 19:13:04,671: initializing /rosout core topic
[rospy.rosout][INFO] 2016-07-18 19:13:04,679: connected to core topic /rosout
[rospy.simtime][INFO] 2016-07-18 19:13:04,682: /use_sim_time is not set, will not subscribe to simulated time [/clock] topic
[rospy.internal][INFO] 2016-07-18 19:13:04,887: topic[/rosout] adding connection to [/rosout], count 0
[rospy.internal][INFO] 2016-07-18 19:13:04,972: topic[/joint_states] adding connection to [/robot_state_publisher], count 0
[rospy.core][INFO] 2016-07-18 19:39:10,787: signal_shutdown [signal-2]
[rospy.internal][INFO] 2016-07-18 19:39:10,800: topic[/joint_states] removing connection to /robot_state_publisher
[rospy.internal][INFO] 2016-07-18 19:39:10,805: topic[/rosout] removing connection to /rosout
[rospy.impl.masterslave][INFO] 2016-07-18 19:39:10,806: signal-2
[rospy.core][INFO] 2016-07-18 19:39:10,941: signal_shutdown [atexit]
[rospy.client][INFO] 2016-07-18 19:39:41,586: init_node, name[/joint_state_publisher], pid[12697]
[xmlrpc][INFO] 2016-07-18 19:39:41,596: XML-RPC server binding to 0.0.0.0:0
[xmlrpc][INFO] 2016-07-18 19:39:41,597: Started XML-RPC server [http://ros-indigo-desktop-trusty64:49620/]
[rospy.init][INFO] 2016-07-18 19:39:41,597: ROS Slave URI: [http://ros-indigo-desktop-trusty64:49620/]
[rospy.impl.masterslave][INFO] 2016-07-18 19:39:41,598: _ready: http://ros-indigo-desktop-trusty64:49620/
[rospy.registration][INFO] 2016-07-18 19:39:41,601: Registering with master node http://localhost:11311
[xmlrpc][INFO] 2016-07-18 19:39:41,601: xml rpc node: starting XML-RPC server
[rospy.init][INFO] 2016-07-18 19:39:41,699: registered with master
[rospy.rosout][INFO] 2016-07-18 19:39:41,700: initializing /rosout core topic
[rospy.rosout][INFO] 2016-07-18 19:39:41,708: connected to core topic /rosout
[rospy.simtime][INFO] 2016-07-18 19:39:41,710: /use_sim_time is not set, will not subscribe to simulated time [/clock] topic
[rospy.internal][INFO] 2016-07-18 19:39:41,937: topic[/rosout] adding connection to [/rosout], count 0
[rospy.internal][INFO] 2016-07-18 19:39:42,038: topic[/joint_states] adding connection to [/robot_state_publisher], count 0
[rospy.core][INFO] 2016-07-18 19:42:56,244: signal_shutdown [signal-2]
[rospy.internal][INFO] 2016-07-18 19:42:56,253: topic[/joint_states] removing connection to /robot_state_publisher
[rospy.internal][INFO] 2016-07-18 19:42:56,254: topic[/rosout] removing connection to /rosout
[rospy.impl.masterslave][INFO] 2016-07-18 19:42:56,255: signal-2
[rospy.core][INFO] 2016-07-18 19:42:56,390: signal_shutdown [atexit]
[rospy.client][INFO] 2016-07-18 19:43:57,223: init_node, name[/joint_state_publisher], pid[12961]
[rospy.core][WARNING] 2016-07-18 19:43:57,231: add_shutdown_hook called after shutdown
[rospy.core][WARNING] 2016-07-18 19:43:57,232: add_shutdown_hook called after shutdown
[rospy.init][INFO] 2016-07-18 19:43:57,233: ROS Slave URI: [None]
[xmlrpc][INFO] 2016-07-18 19:43:57,233: XML-RPC server binding to 0.0.0.0:0
[rospy.init][INFO] 2016-07-18 19:43:57,234: registered with master
[rospy.core][WARNING] 2016-07-18 19:43:57,236: add_shutdown_hook called after shutdown
[xmlrpc][INFO] 2016-07-18 19:43:57,235: Started XML-RPC server [http://ros-indigo-desktop-trusty64:34263/]
[rospy.impl.masterslave][INFO] 2016-07-18 19:43:57,236: already shutdown
[rospy.client][WARNING] 2016-07-18 19:43:57,238: aborting node initialization as shutdown has been triggered
[rospy.core][INFO] 2016-07-18 19:43:57,514: signal_shutdown [atexit]
[rospy.client][INFO] 2016-07-18 20:05:00,275: init_node, name[/joint_state_publisher], pid[14840]
[xmlrpc][INFO] 2016-07-18 20:05:00,280: XML-RPC server binding to 0.0.0.0:0
[xmlrpc][INFO] 2016-07-18 20:05:00,282: Started XML-RPC server [http://ros-indigo-desktop-trusty64:52319/]
[rospy.impl.masterslave][INFO] 2016-07-18 20:05:00,284: _ready: http://ros-indigo-desktop-trusty64:52319/
[rospy.init][INFO] 2016-07-18 20:05:00,282: ROS Slave URI: [http://ros-indigo-desktop-trusty64:52319/]
[xmlrpc][INFO] 2016-07-18 20:05:00,289: xml rpc node: starting XML-RPC server
[rospy.registration][INFO] 2016-07-18 20:05:00,294: Registering with master node http://localhost:11311
[rospy.init][INFO] 2016-07-18 20:05:00,388: registered with master
[rospy.rosout][INFO] 2016-07-18 20:05:00,389: initializing /rosout core topic
[rospy.rosout][INFO] 2016-07-18 20:05:00,404: connected to core topic /rosout
[rospy.simtime][INFO] 2016-07-18 20:05:00,411: /use_sim_time is not set, will not subscribe to simulated time [/clock] topic
[rospy.internal][INFO] 2016-07-18 20:05:00,669: topic[/rosout] adding connection to [/rosout], count 0
[rospy.internal][INFO] 2016-07-18 20:05:00,865: topic[/joint_states] adding connection to [/robot_state_publisher], count 0
[rospy.core][INFO] 2016-07-18 20:31:25,945: signal_shutdown [signal-2]
[rospy.internal][INFO] 2016-07-18 20:31:25,953: topic[/joint_states] removing connection to /robot_state_publisher
[rospy.internal][INFO] 2016-07-18 20:31:25,954: topic[/rosout] removing connection to /rosout
[rospy.impl.masterslave][INFO] 2016-07-18 20:31:25,955: signal-2
[rospy.core][INFO] 2016-07-18 20:31:26,127: signal_shutdown [atexit]
[rospy.client][INFO] 2016-07-19 19:49:55,143: init_node, name[/joint_state_publisher], pid[22047]
[xmlrpc][INFO] 2016-07-19 19:49:55,152: XML-RPC server binding to 0.0.0.0:0
[xmlrpc][INFO] 2016-07-19 19:49:55,153: Started XML-RPC server [http://ros-indigo-desktop-trusty64:42819/]
[rospy.init][INFO] 2016-07-19 19:49:55,153: ROS Slave URI: [http://ros-indigo-desktop-trusty64:42819/]
[rospy.impl.masterslave][INFO] 2016-07-19 19:49:55,154: _ready: http://ros-indigo-desktop-trusty64:42819/
[xmlrpc][INFO] 2016-07-19 19:49:55,156: xml rpc node: starting XML-RPC server
[rospy.registration][INFO] 2016-07-19 19:49:55,157: Registering with master node http://localhost:11311
[rospy.init][INFO] 2016-07-19 19:49:55,255: registered with master
[rospy.rosout][INFO] 2016-07-19 19:49:55,255: initializing /rosout core topic
[rospy.rosout][INFO] 2016-07-19 19:49:55,261: connected to core topic /rosout
[rospy.simtime][INFO] 2016-07-19 19:49:55,265: initializing /clock core topic
[rospy.simtime][INFO] 2016-07-19 19:49:55,282: connected to core topic /clock
[rospy.internal][INFO] 2016-07-19 19:49:55,511: topic[/rosout] adding connection to [/rosout], count 0
[rospy.internal][INFO] 2016-07-19 19:49:55,612: topic[/joint_states] adding connection to [/robot_state_publisher], count 0
[rospy.internal][INFO] 2016-07-19 20:13:56,301: topic[/joint_states] adding connection to [/robot_state_publisher], count 1
[rospy.internal][INFO] 2016-07-19 20:13:56,301: topic[/joint_states] removing connection to /robot_state_publisher
[rospy.client][INFO] 2016-07-19 20:13:58,896: init_node, name[/joint_state_publisher], pid[23104]
[rospy.core][WARNING] 2016-07-19 20:13:58,897: add_shutdown_hook called after shutdown
[rospy.core][WARNING] 2016-07-19 20:13:58,897: add_shutdown_hook called after shutdown
[rospy.init][INFO] 2016-07-19 20:13:58,898: ROS Slave URI: [None]
[xmlrpc][INFO] 2016-07-19 20:13:58,898: XML-RPC server binding to 0.0.0.0:0
[rospy.init][INFO] 2016-07-19 20:13:58,899: registered with master
[rospy.core][WARNING] 2016-07-19 20:13:58,901: add_shutdown_hook called after shutdown
[xmlrpc][INFO] 2016-07-19 20:13:58,900: Started XML-RPC server [http://ros-indigo-desktop-trusty64:51575/]
[rospy.impl.masterslave][INFO] 2016-07-19 20:13:58,901: already shutdown
[rospy.client][WARNING] 2016-07-19 20:13:58,903: aborting node initialization as shutdown has been triggered
[rospy.core][INFO] 2016-07-19 20:13:59,122: signal_shutdown [atexit]
[rospy.impl.masterslave][INFO] 2016-07-19 20:16:56,473: external shutdown request from [/master]: new node registered with same name
[rospy.core][INFO] 2016-07-19 20:16:56,482: signal_shutdown [external shutdown request from [/master]: [new node registered with same name]]
[rospy.internal][INFO] 2016-07-19 20:16:56,494: topic[/joint_states] removing connection to /robot_state_publisher
[rospy.internal][INFO] 2016-07-19 20:16:56,494: topic[/rosout] removing connection to /rosout
[rospy.core][INFO] 2016-07-19 20:16:56,790: signal_shutdown [atexit]
[rospy.client][INFO] 2016-07-19 20:18:36,470: init_node, name[/joint_state_publisher], pid[23608]
[xmlrpc][INFO] 2016-07-19 20:18:36,479: XML-RPC server binding to 0.0.0.0:0
[xmlrpc][INFO] 2016-07-19 20:18:36,480: Started XML-RPC server [http://ros-indigo-desktop-trusty64:37239/]
[rospy.init][INFO] 2016-07-19 20:18:36,481: ROS Slave URI: [http://ros-indigo-desktop-trusty64:37239/]
[rospy.impl.masterslave][INFO] 2016-07-19 20:18:36,481: _ready: http://ros-indigo-desktop-trusty64:37239/
[xmlrpc][INFO] 2016-07-19 20:18:36,483: xml rpc node: starting XML-RPC server
[rospy.registration][INFO] 2016-07-19 20:18:36,484: Registering with master node http://localhost:11311
[rospy.init][INFO] 2016-07-19 20:18:36,585: registered with master
[rospy.rosout][INFO] 2016-07-19 20:18:36,586: initializing /rosout core topic
[rospy.rosout][INFO] 2016-07-19 20:18:36,593: connected to core topic /rosout
[rospy.simtime][INFO] 2016-07-19 20:18:36,596: initializing /clock core topic
[rospy.simtime][INFO] 2016-07-19 20:18:36,608: connected to core topic /clock
[rospy.internal][INFO] 2016-07-19 20:18:36,851: topic[/rosout] adding connection to [/rosout], count 0
[rospy.internal][INFO] 2016-07-19 20:18:36,956: topic[/joint_states] adding connection to [/robot_state_publisher], count 0
[rospy.internal][INFO] 2016-07-19 20:20:43,568: topic[/joint_states] adding connection to [/robot_state_publisher], count 1
[rospy.internal][INFO] 2016-07-19 20:20:43,569: topic[/joint_states] removing connection to /robot_state_publisher
[rospy.core][INFO] 2016-07-19 20:40:02,878: signal_shutdown [signal-2]
[rospy.internal][INFO] 2016-07-19 20:40:02,886: topic[/joint_states] removing connection to /robot_state_publisher
[rospy.internal][INFO] 2016-07-19 20:40:02,887: topic[/rosout] removing connection to /rosout
[rospy.impl.masterslave][INFO] 2016-07-19 20:40:02,889: signal-2
[rospy.core][INFO] 2016-07-19 20:40:03,039: signal_shutdown [atexit]
[rospy.client][INFO] 2016-07-19 21:01:18,683: init_node, name[/joint_state_publisher], pid[26031]
[xmlrpc][INFO] 2016-07-19 21:01:18,685: XML-RPC server binding to 0.0.0.0:0
[xmlrpc][INFO] 2016-07-19 21:01:18,686: Started XML-RPC server [http://ros-indigo-desktop-trusty64:37576/]
[rospy.init][INFO] 2016-07-19 21:01:18,686: ROS Slave URI: [http://ros-indigo-desktop-trusty64:37576/]
[rospy.impl.masterslave][INFO] 2016-07-19 21:01:18,687: _ready: http://ros-indigo-desktop-trusty64:37576/
[rospy.registration][INFO] 2016-07-19 21:01:18,689: Registering with master node http://localhost:11311
[xmlrpc][INFO] 2016-07-19 21:01:18,689: xml rpc node: starting XML-RPC server
[rospy.init][INFO] 2016-07-19 21:01:18,788: registered with master
[rospy.rosout][INFO] 2016-07-19 21:01:18,789: initializing /rosout core topic
[rospy.rosout][INFO] 2016-07-19 21:01:18,795: connected to core topic /rosout
[rospy.simtime][INFO] 2016-07-19 21:01:18,799: initializing /clock core topic
[rospy.simtime][INFO] 2016-07-19 21:01:18,818: connected to core topic /clock
[rospy.internal][INFO] 2016-07-19 21:01:19,013: topic[/rosout] adding connection to [/rosout], count 0
[rospy.internal][INFO] 2016-07-19 21:01:19,116: topic[/joint_states] adding connection to [/move_group], count 0
[rospy.internal][INFO] 2016-07-19 21:01:19,117: topic[/joint_states] adding connection to [/robot_state_publisher], count 1
[rospy.internal][INFO] 2016-07-19 21:03:02,632: topic[/joint_states] adding connection to [/robot_state_publisher], count 2
[rospy.internal][INFO] 2016-07-19 21:03:02,634: topic[/joint_states] removing connection to /robot_state_publisher
[rospy.client][INFO] 2016-07-19 21:03:05,300: init_node, name[/joint_state_publisher], pid[26312]
[rospy.core][WARNING] 2016-07-19 21:03:05,301: add_shutdown_hook called after shutdown
[rospy.core][WARNING] 2016-07-19 21:03:05,301: add_shutdown_hook called after shutdown
[rospy.init][INFO] 2016-07-19 21:03:05,302: ROS Slave URI: [None]
[xmlrpc][INFO] 2016-07-19 21:03:05,302: XML-RPC server binding to 0.0.0.0:0
[rospy.init][INFO] 2016-07-19 21:03:05,303: registered with master
[xmlrpc][INFO] 2016-07-19 21:03:05,304: Started XML-RPC server [http://ros-indigo-desktop-trusty64:42766/]
[rospy.core][WARNING] 2016-07-19 21:03:05,304: add_shutdown_hook called after shutdown
[rospy.impl.masterslave][INFO] 2016-07-19 21:03:05,304: _ready: http://ros-indigo-desktop-trusty64:42766/
[rospy.impl.masterslave][INFO] 2016-07-19 21:03:05,305: already shutdown
[xmlrpc][INFO] 2016-07-19 21:03:05,306: xml rpc node: starting XML-RPC server
[rospy.client][WARNING] 2016-07-19 21:03:05,306: aborting node initialization as shutdown has been triggered
[rospy.registration][INFO] 2016-07-19 21:03:05,307: Registering with master node http://localhost:11311
[rospy.core][INFO] 2016-07-19 21:03:05,463: signal_shutdown [atexit]
[rospy.internal][INFO] 2016-07-19 21:04:57,035: topic[/joint_states] adding connection to [/robot_state_publisher], count 2
[rospy.internal][INFO] 2016-07-19 21:04:57,036: topic[/joint_states] removing connection to /robot_state_publisher
[rospy.client][INFO] 2016-07-19 21:04:59,560: init_node, name[/joint_state_publisher], pid[26391]
[xmlrpc][INFO] 2016-07-19 21:04:59,561: XML-RPC server binding to 0.0.0.0:0
[xmlrpc][INFO] 2016-07-19 21:04:59,562: Started XML-RPC server [http://ros-indigo-desktop-trusty64:40944/]
[rospy.init][INFO] 2016-07-19 21:04:59,562: ROS Slave URI: [http://ros-indigo-desktop-trusty64:40944/]
[rospy.impl.masterslave][INFO] 2016-07-19 21:04:59,563: _ready: http://ros-indigo-desktop-trusty64:40944/
[xmlrpc][INFO] 2016-07-19 21:04:59,565: xml rpc node: starting XML-RPC server
[rospy.registration][INFO] 2016-07-19 21:04:59,566: Registering with master node http://localhost:11311
[rospy.init][INFO] 2016-07-19 21:04:59,664: registered with master
[rospy.rosout][INFO] 2016-07-19 21:04:59,665: initializing /rosout core topic
[rospy.rosout][INFO] 2016-07-19 21:04:59,674: connected to core topic /rosout
[rospy.simtime][INFO] 2016-07-19 21:04:59,677: initializing /clock core topic
[rospy.simtime][INFO] 2016-07-19 21:04:59,690: connected to core topic /clock
[rospy.impl.masterslave][INFO] 2016-07-19 21:04:59,698: external shutdown request from [/master]: new node registered with same name
[rospy.core][INFO] 2016-07-19 21:04:59,698: signal_shutdown [external shutdown request from [/master]: [new node registered with same name]]
[rospy.internal][INFO] 2016-07-19 21:04:59,707: topic[/joint_states] removing connection to /move_group
[rospy.internal][INFO] 2016-07-19 21:04:59,708: topic[/joint_states] removing connection to /robot_state_publisher
[rospy.internal][INFO] 2016-07-19 21:04:59,709: topic[/rosout] removing connection to /rosout
[rospy.core][INFO] 2016-07-19 21:04:59,893: signal_shutdown [atexit]
[rospy.internal][INFO] 2016-07-19 21:04:59,937: topic[/rosout] adding connection to [/rosout], count 0
[rospy.internal][INFO] 2016-07-19 21:05:00,022: topic[/joint_states] adding connection to [/move_group], count 0
[rospy.internal][INFO] 2016-07-19 21:05:00,032: topic[/joint_states] adding connection to [/robot_state_publisher], count 1
[rospy.core][INFO] 2016-07-19 21:05:22,194: signal_shutdown [signal-2]
[rospy.internal][INFO] 2016-07-19 21:05:22,212: topic[/joint_states] removing connection to /move_group
[rospy.internal][INFO] 2016-07-19 21:05:22,213: topic[/joint_states] removing connection to /robot_state_publisher
[rospy.internal][INFO] 2016-07-19 21:05:22,214: topic[/rosout] removing connection to /rosout
[rospy.impl.masterslave][INFO] 2016-07-19 21:05:22,215: signal-2
[rospy.core][INFO] 2016-07-19 21:05:22,450: signal_shutdown [atexit]
[rospy.client][INFO] 2016-07-19 21:07:10,176: init_node, name[/joint_state_publisher], pid[26766]
[xmlrpc][INFO] 2016-07-19 21:07:10,178: XML-RPC server binding to 0.0.0.0:0
[xmlrpc][INFO] 2016-07-19 21:07:10,178: Started XML-RPC server [http://ros-indigo-desktop-trusty64:46153/]
[rospy.init][INFO] 2016-07-19 21:07:10,179: ROS Slave URI: [http://ros-indigo-desktop-trusty64:46153/]
[rospy.impl.masterslave][INFO] 2016-07-19 21:07:10,179: _ready: http://ros-indigo-desktop-trusty64:46153/
[rospy.registration][INFO] 2016-07-19 21:07:10,182: Registering with master node http://localhost:11311
[xmlrpc][INFO] 2016-07-19 21:07:10,182: xml rpc node: starting XML-RPC server
[rospy.init][INFO] 2016-07-19 21:07:10,280: registered with master
[rospy.rosout][INFO] 2016-07-19 21:07:10,282: initializing /rosout core topic
[rospy.rosout][INFO] 2016-07-19 21:07:10,305: connected to core topic /rosout
[rospy.simtime][INFO] 2016-07-19 21:07:10,313: initializing /clock core topic
[rospy.simtime][INFO] 2016-07-19 21:07:10,392: connected to core topic /clock
[rospy.internal][INFO] 2016-07-19 21:07:10,535: topic[/rosout] adding connection to [/rosout], count 0
[rospy.internal][INFO] 2016-07-19 21:07:10,855: topic[/joint_states] adding connection to [/move_group], count 0
[rospy.internal][INFO] 2016-07-19 21:07:10,894: topic[/joint_states] adding connection to [/robot_state_publisher], count 1
[rospy.core][INFO] 2016-07-19 21:07:39,284: signal_shutdown [signal-2]
[rospy.internal][INFO] 2016-07-19 21:07:39,350: topic[/joint_states] removing connection to /move_group
[rospy.internal][INFO] 2016-07-19 21:07:39,352: topic[/joint_states] removing connection to /robot_state_publisher
[rospy.internal][INFO] 2016-07-19 21:07:39,353: topic[/rosout] removing connection to /rosout
[rospy.impl.masterslave][INFO] 2016-07-19 21:07:39,353: signal-2
[rospy.core][INFO] 2016-07-19 21:07:39,976: signal_shutdown [atexit]
[rospy.client][INFO] 2016-07-19 21:21:42,908: init_node, name[/joint_state_publisher], pid[27548]
[xmlrpc][INFO] 2016-07-19 21:21:42,918: XML-RPC server binding to 0.0.0.0:0
[xmlrpc][INFO] 2016-07-19 21:21:42,919: Started XML-RPC server [http://ros-indigo-desktop-trusty64:48223/]
[rospy.init][INFO] 2016-07-19 21:21:42,920: ROS Slave URI: [http://ros-indigo-desktop-trusty64:48223/]
[rospy.impl.masterslave][INFO] 2016-07-19 21:21:42,920: _ready: http://ros-indigo-desktop-trusty64:48223/
[xmlrpc][INFO] 2016-07-19 21:21:42,923: xml rpc node: starting XML-RPC server
[rospy.registration][INFO] 2016-07-19 21:21:42,924: Registering with master node http://localhost:11311
[rospy.init][INFO] 2016-07-19 21:21:43,022: registered with master
[rospy.rosout][INFO] 2016-07-19 21:21:43,024: initializing /rosout core topic
[rospy.rosout][INFO] 2016-07-19 21:21:43,030: connected to core topic /rosout
[rospy.simtime][INFO] 2016-07-19 21:21:43,033: initializing /clock core topic
[rospy.simtime][INFO] 2016-07-19 21:21:43,044: connected to core topic /clock
[rospy.internal][INFO] 2016-07-19 21:21:43,289: topic[/rosout] adding connection to [/rosout], count 0
[rospy.internal][INFO] 2016-07-19 21:21:43,295: topic[/joint_states] adding connection to [/robot_state_publisher], count 0
[rospy.core][INFO] 2016-07-19 21:56:10,202: signal_shutdown [signal-2]
[rospy.internal][INFO] 2016-07-19 21:56:10,213: topic[/joint_states] removing connection to /robot_state_publisher
[rospy.internal][INFO] 2016-07-19 21:56:10,214: topic[/rosout] removing connection to /rosout
[rospy.impl.masterslave][INFO] 2016-07-19 21:56:10,215: signal-2
[rospy.core][INFO] 2016-07-19 21:56:10,387: signal_shutdown [atexit]
