[rospy.client][INFO] 2016-07-20 16:56:01,788: init_node, name[/joint_state_publisher], pid[29133]
[xmlrpc][INFO] 2016-07-20 16:56:01,791: XML-RPC server binding to 0.0.0.0:0
[xmlrpc][INFO] 2016-07-20 16:56:01,793: Started XML-RPC server [http://ros-indigo-desktop-trusty64:57838/]
[rospy.init][INFO] 2016-07-20 16:56:01,794: ROS Slave URI: [http://ros-indigo-desktop-trusty64:57838/]
[rospy.impl.masterslave][INFO] 2016-07-20 16:56:01,795: _ready: http://ros-indigo-desktop-trusty64:57838/
[xmlrpc][INFO] 2016-07-20 16:56:01,796: xml rpc node: starting XML-RPC server
[rospy.registration][INFO] 2016-07-20 16:56:01,796: Registering with master node http://localhost:11311
[rospy.init][INFO] 2016-07-20 16:56:01,895: registered with master
[rospy.rosout][INFO] 2016-07-20 16:56:01,896: initializing /rosout core topic
[rospy.rosout][INFO] 2016-07-20 16:56:01,902: connected to core topic /rosout
[rospy.simtime][INFO] 2016-07-20 16:56:01,904: initializing /clock core topic
[rospy.simtime][INFO] 2016-07-20 16:56:01,920: connected to core topic /clock
[rospy.internal][INFO] 2016-07-20 16:56:02,112: topic[/rosout] adding connection to [/rosout], count 0
[rospy.internal][INFO] 2016-07-20 16:56:02,317: topic[/joint_states] adding connection to [/robot_state_publisher], count 0
[rospy.internal][INFO] 2016-07-20 16:56:08,051: topic[/joint_states] adding connection to [/move_group], count 1
[rospy.core][INFO] 2016-07-20 18:54:40,851: signal_shutdown [signal-2]
[rospy.internal][INFO] 2016-07-20 18:54:40,909: topic[/joint_states] removing connection to /robot_state_publisher
[rospy.internal][INFO] 2016-07-20 18:54:40,911: topic[/joint_states] removing connection to /move_group
[rospy.internal][INFO] 2016-07-20 18:54:40,912: topic[/rosout] removing connection to /rosout
[rospy.impl.masterslave][INFO] 2016-07-20 18:54:40,912: signal-2
[rospy.core][INFO] 2016-07-20 18:54:41,485: signal_shutdown [atexit]
