[rosmaster.main][INFO] 2016-07-13 21:25:44,711: initialization complete, waiting for shutdown
[rosmaster.main][INFO] 2016-07-13 21:25:44,712: Starting ROS Master Node
[xmlrpc][INFO] 2016-07-13 21:25:44,716: XML-RPC server binding to 0.0.0.0:11311
[xmlrpc][INFO] 2016-07-13 21:25:44,717: Started XML-RPC server [http://ros-indigo-desktop-trusty64:11311/]
[xmlrpc][INFO] 2016-07-13 21:25:44,718: xml rpc node: starting XML-RPC server
[rosmaster.master][INFO] 2016-07-13 21:25:44,717: Master initialized: port[11311], uri[http://ros-indigo-desktop-trusty64:11311/]
[rosmaster.master][INFO] 2016-07-13 21:25:44,754: +PARAM [/run_id] by /roslaunch
[rosmaster.master][INFO] 2016-07-13 21:25:44,757: +PARAM [/roslaunch/uris/host_ros_indigo_desktop_trusty64__54148] by /roslaunch
[rosmaster.master][INFO] 2016-07-13 21:25:45,821: +PARAM [/robot_description_planning/joint_limits/mico_joint_6/max_acceleration] by /roslaunch
[rosmaster.master][INFO] 2016-07-13 21:25:45,822: +PARAM [/robot_description_semantic] by /roslaunch
[rosmaster.master][INFO] 2016-07-13 21:25:45,823: +PARAM [/move_group/planner_configs/RRTkConfigDefault/goal_bias] by /roslaunch
[rosmaster.master][INFO] 2016-07-13 21:25:45,824: +PARAM [/robot_description_planning/joint_limits/mico_joint_1/max_velocity] by /roslaunch
[rosmaster.master][INFO] 2016-07-13 21:25:45,825: +PARAM [/robot_description_planning/joint_limits/mico_joint_3/has_acceleration_limits] by /roslaunch
[rosmaster.master][INFO] 2016-07-13 21:25:45,825: +PARAM [/robot_description_planning/joint_limits/mico_joint_2/max_acceleration] by /roslaunch
[rosmaster.master][INFO] 2016-07-13 21:25:45,826: +PARAM [/move_group/planner_configs/RRTstarkConfigDefault/range] by /roslaunch
[rosmaster.master][INFO] 2016-07-13 21:25:45,826: +PARAM [/robot_description_planning/joint_limits/mico_joint_2/has_velocity_limits] by /roslaunch
[rosmaster.master][INFO] 2016-07-13 21:25:45,827: +PARAM [/move_group/controller_list] by /roslaunch
[rosmaster.master][INFO] 2016-07-13 21:25:45,827: +PARAM [/move_group/max_safe_path_cost] by /roslaunch
[rosmaster.master][INFO] 2016-07-13 21:25:45,828: +PARAM [/move_group/planner_configs/RRTstarkConfigDefault/delay_collision_checking] by /roslaunch
[rosmaster.master][INFO] 2016-07-13 21:25:45,828: +PARAM [/joint_state_publisher/source_list] by /roslaunch
[rosmaster.master][INFO] 2016-07-13 21:25:45,829: +PARAM [/move_group/planner_configs/RRTstarkConfigDefault/goal_bias] by /roslaunch
[rosmaster.master][INFO] 2016-07-13 21:25:45,830: +PARAM [/move_group/planning_scene_monitor/publish_planning_scene] by /roslaunch
[rosmaster.master][INFO] 2016-07-13 21:25:45,830: +PARAM [/move_group/planner_configs/PRMkConfigDefault/type] by /roslaunch
[rosmaster.master][INFO] 2016-07-13 21:25:45,831: +PARAM [/move_group/planner_configs/KPIECEkConfigDefault/min_valid_path_fraction] by /roslaunch
[rosmaster.master][INFO] 2016-07-13 21:25:45,832: +PARAM [/move_group/planner_configs/BKPIECEkConfigDefault/border_fraction] by /roslaunch
[rosmaster.master][INFO] 2016-07-13 21:25:45,832: +PARAM [/move_group/planner_configs/PRMkConfigDefault/max_nearest_neighbors] by /roslaunch
[rosmaster.master][INFO] 2016-07-13 21:25:45,833: +PARAM [/move_group/planner_configs/TRRTkConfigDefault/goal_bias] by /roslaunch
[rosmaster.master][INFO] 2016-07-13 21:25:45,834: +PARAM [/robot_description_planning/joint_limits/mico_joint_5/has_acceleration_limits] by /roslaunch
[rosmaster.master][INFO] 2016-07-13 21:25:45,835: +PARAM [/move_group/allowed_execution_duration_scaling] by /roslaunch
[rosmaster.master][INFO] 2016-07-13 21:25:45,835: +PARAM [/robot_description_planning/joint_limits/mico_joint_3/has_velocity_limits] by /roslaunch
[rosmaster.master][INFO] 2016-07-13 21:25:45,836: +PARAM [/move_group/planner_configs/BKPIECEkConfigDefault/min_valid_path_fraction] by /roslaunch
[rosmaster.master][INFO] 2016-07-13 21:25:45,836: +PARAM [/robot_description_planning/joint_limits/mico_joint_3/max_acceleration] by /roslaunch
[rosmaster.master][INFO] 2016-07-13 21:25:45,837: +PARAM [/robot_description_planning/joint_limits/mico_joint_2/max_velocity] by /roslaunch
[rosmaster.master][INFO] 2016-07-13 21:25:45,837: +PARAM [/robot_description_planning/joint_limits/mico_joint_4/has_velocity_limits] by /roslaunch
[rosmaster.master][INFO] 2016-07-13 21:25:45,838: +PARAM [/robot_description_planning/joint_limits/mico_joint_5/max_acceleration] by /roslaunch
[rosmaster.master][INFO] 2016-07-13 21:25:45,838: +PARAM [/move_group/planner_configs/SBLkConfigDefault/range] by /roslaunch
[rosmaster.master][INFO] 2016-07-13 21:25:45,839: +PARAM [/move_group/planner_configs/TRRTkConfigDefault/frountierNodeRatio] by /roslaunch
[rosmaster.master][INFO] 2016-07-13 21:25:45,839: +PARAM [/robot_description_kinematics/arm/kinematics_solver_timeout] by /roslaunch
[rosmaster.master][INFO] 2016-07-13 21:25:45,840: +PARAM [/move_group/moveit_controller_manager] by /roslaunch
[rosmaster.master][INFO] 2016-07-13 21:25:45,841: +PARAM [/move_group/planning_plugin] by /roslaunch
[rosmaster.master][INFO] 2016-07-13 21:25:45,842: +PARAM [/move_group/planning_scene_monitor/publish_geometry_updates] by /roslaunch
[rosmaster.master][INFO] 2016-07-13 21:25:45,842: +PARAM [/wpi_jaco/max_speed_finger] by /roslaunch
[rosmaster.master][INFO] 2016-07-13 21:25:45,843: +PARAM [/move_group/planner_configs/TRRTkConfigDefault/max_states_failed] by /roslaunch
[rosmaster.master][INFO] 2016-07-13 21:25:45,843: +PARAM [/robot_description_planning/joint_limits/mico_joint_6/has_acceleration_limits] by /roslaunch
[rosmaster.master][INFO] 2016-07-13 21:25:45,844: +PARAM [/robot_description_planning/joint_limits/mico_joint_4/max_acceleration] by /roslaunch
[rosmaster.master][INFO] 2016-07-13 21:25:45,844: +PARAM [/move_group/planner_configs/ESTkConfigDefault/range] by /roslaunch
[rosmaster.master][INFO] 2016-07-13 21:25:45,845: +PARAM [/rosdistro] by /roslaunch
[rosmaster.master][INFO] 2016-07-13 21:25:45,845: +PARAM [/wpi_jaco/gripper_open] by /roslaunch
[rosmaster.master][INFO] 2016-07-13 21:25:45,846: +PARAM [/robot_description_planning/joint_limits/mico_joint_1/has_velocity_limits] by /roslaunch
[rosmaster.master][INFO] 2016-07-13 21:25:45,847: +PARAM [/move_group/planner_configs/PRMstarkConfigDefault/type] by /roslaunch
[rosmaster.master][INFO] 2016-07-13 21:25:45,847: +PARAM [/move_group/planner_configs/RRTkConfigDefault/range] by /roslaunch
[rosmaster.master][INFO] 2016-07-13 21:25:45,848: +PARAM [/move_group/allow_trajectory_execution] by /roslaunch
[rosmaster.master][INFO] 2016-07-13 21:25:45,849: +PARAM [/rviz_ros_indigo_desktop_trusty64_3291_4016186415475293258/arm/kinematics_solver] by /roslaunch
[rosmaster.master][INFO] 2016-07-13 21:25:45,849: +PARAM [/move_group/planner_configs/ESTkConfigDefault/type] by /roslaunch
[rosmaster.master][INFO] 2016-07-13 21:25:45,850: +PARAM [/move_group/start_state_max_bounds_error] by /roslaunch
[rosmaster.master][INFO] 2016-07-13 21:25:45,850: +PARAM [/robot_description_kinematics/arm/kinematics_solver_attempts] by /roslaunch
[rosmaster.master][INFO] 2016-07-13 21:25:45,851: +PARAM [/move_group/max_range] by /roslaunch
[rosmaster.master][INFO] 2016-07-13 21:25:45,852: +PARAM [/move_group/arm/planner_configs] by /roslaunch
[rosmaster.master][INFO] 2016-07-13 21:25:45,852: +PARAM [/move_group/planner_configs/RRTstarkConfigDefault/type] by /roslaunch
[rosmaster.master][INFO] 2016-07-13 21:25:45,853: +PARAM [/joint_state_publisher/use_gui] by /roslaunch
[rosmaster.master][INFO] 2016-07-13 21:25:45,853: +PARAM [/move_group/planner_configs/BKPIECEkConfigDefault/type] by /roslaunch
[rosmaster.master][INFO] 2016-07-13 21:25:45,854: +PARAM [/robot_description_planning/joint_limits/mico_joint_6/max_velocity] by /roslaunch
[rosmaster.master][INFO] 2016-07-13 21:25:45,855: +PARAM [/move_group/planner_configs/KPIECEkConfigDefault/border_fraction] by /roslaunch
[rosmaster.master][INFO] 2016-07-13 21:25:45,855: +PARAM [/wpi_jaco/arm_name] by /roslaunch
[rosmaster.master][INFO] 2016-07-13 21:25:45,856: +PARAM [/robot_description_planning/joint_limits/mico_joint_6/has_velocity_limits] by /roslaunch
[rosmaster.master][INFO] 2016-07-13 21:25:45,856: +PARAM [/move_group/moveit_manage_controllers] by /roslaunch
[rosmaster.master][INFO] 2016-07-13 21:25:45,857: +PARAM [/move_group/planner_configs/ESTkConfigDefault/goal_bias] by /roslaunch
[rosmaster.master][INFO] 2016-07-13 21:25:45,858: +PARAM [/move_group/planner_configs/LBKPIECEkConfigDefault/border_fraction] by /roslaunch
[rosmaster.master][INFO] 2016-07-13 21:25:45,858: +PARAM [/move_group/jiggle_fraction] by /roslaunch
[rosmaster.master][INFO] 2016-07-13 21:25:45,859: +PARAM [/robot_description_planning/joint_limits/mico_joint_1/max_acceleration] by /roslaunch
[rosmaster.master][INFO] 2016-07-13 21:25:45,859: +PARAM [/move_group/planner_configs/TRRTkConfigDefault/range] by /roslaunch
[rosmaster.master][INFO] 2016-07-13 21:25:45,860: +PARAM [/move_group/planning_scene_monitor/publish_state_updates] by /roslaunch
[rosmaster.master][INFO] 2016-07-13 21:25:45,861: +PARAM [/move_group/planner_configs/TRRTkConfigDefault/temp_change_factor] by /roslaunch
[rosmaster.master][INFO] 2016-07-13 21:25:45,861: +PARAM [/move_group/planner_configs/BKPIECEkConfigDefault/range] by /roslaunch
[rosmaster.master][INFO] 2016-07-13 21:25:45,862: +PARAM [/move_group/planner_configs/SBLkConfigDefault/type] by /roslaunch
[rosmaster.master][INFO] 2016-07-13 21:25:45,863: +PARAM [/move_group/planner_configs/KPIECEkConfigDefault/failed_expansion_score_factor] by /roslaunch
[rosmaster.master][INFO] 2016-07-13 21:25:45,863: +PARAM [/move_group/capabilities] by /roslaunch
[rosmaster.master][INFO] 2016-07-13 21:25:45,865: +PARAM [/move_group/planner_configs/LBKPIECEkConfigDefault/range] by /roslaunch
[rosmaster.master][INFO] 2016-07-13 21:25:45,865: +PARAM [/wpi_jaco/num_fingers] by /roslaunch
[rosmaster.master][INFO] 2016-07-13 21:25:45,866: +PARAM [/robot_description_planning/joint_limits/mico_joint_5/has_velocity_limits] by /roslaunch
[rosmaster.master][INFO] 2016-07-13 21:25:45,866: +PARAM [/rviz_ros_indigo_desktop_trusty64_3291_4016186415475293258/arm/kinematics_solver_timeout] by /roslaunch
[rosmaster.master][INFO] 2016-07-13 21:25:45,867: +PARAM [/move_group/planner_configs/TRRTkConfigDefault/k_constant] by /roslaunch
[rosmaster.master][INFO] 2016-07-13 21:25:45,868: +PARAM [/move_group/planner_configs/KPIECEkConfigDefault/range] by /roslaunch
[rosmaster.master][INFO] 2016-07-13 21:25:45,868: +PARAM [/robot_state_publisher/publish_frequency] by /roslaunch
[rosmaster.master][INFO] 2016-07-13 21:25:45,869: +PARAM [/robot_description_planning/joint_limits/mico_joint_3/max_velocity] by /roslaunch
[rosmaster.master][INFO] 2016-07-13 21:25:45,869: +PARAM [/wpi_jaco/finger_scale] by /roslaunch
[rosmaster.master][INFO] 2016-07-13 21:25:45,870: +PARAM [/robot_description_planning/joint_limits/mico_joint_4/has_acceleration_limits] by /roslaunch
[rosmaster.master][INFO] 2016-07-13 21:25:45,871: +PARAM [/robot_description_planning/joint_limits/mico_joint_4/max_velocity] by /roslaunch
[rosmaster.master][INFO] 2016-07-13 21:25:45,871: +PARAM [/move_group/planner_configs/TRRTkConfigDefault/type] by /roslaunch
[rosmaster.master][INFO] 2016-07-13 21:25:45,872: +PARAM [/move_group/planner_configs/KPIECEkConfigDefault/goal_bias] by /roslaunch
[rosmaster.master][INFO] 2016-07-13 21:25:45,872: +PARAM [/move_group/planner_configs/RRTConnectkConfigDefault/range] by /roslaunch
[rosmaster.master][INFO] 2016-07-13 21:25:45,873: +PARAM [/move_group/request_adapters] by /roslaunch
[rosmaster.master][INFO] 2016-07-13 21:25:45,874: +PARAM [/wpi_jaco/gripper_closed] by /roslaunch
[rosmaster.master][INFO] 2016-07-13 21:25:45,874: +PARAM [/move_group/planner_configs/TRRTkConfigDefault/min_temperature] by /roslaunch
[rosmaster.master][INFO] 2016-07-13 21:25:45,875: +PARAM [/wpi_jaco/max_curvature] by /roslaunch
[rosmaster.master][INFO] 2016-07-13 21:25:45,876: +PARAM [/move_group/octomap_resolution] by /roslaunch
[rosmaster.master][INFO] 2016-07-13 21:25:45,877: +PARAM [/move_group/allowed_goal_duration_margin] by /roslaunch
[rosmaster.master][INFO] 2016-07-13 21:25:45,877: +PARAM [/robot_description] by /roslaunch
[rosmaster.master][INFO] 2016-07-13 21:25:45,878: +PARAM [/move_group/planning_scene_monitor/publish_transforms_updates] by /roslaunch
[rosmaster.master][INFO] 2016-07-13 21:25:45,879: +PARAM [/rviz_ros_indigo_desktop_trusty64_3291_4016186415475293258/arm/kinematics_solver_search_resolution] by /roslaunch
[rosmaster.master][INFO] 2016-07-13 21:25:45,880: +PARAM [/move_group/planner_configs/TRRTkConfigDefault/init_temperature] by /roslaunch
[rosmaster.master][INFO] 2016-07-13 21:25:45,880: +PARAM [/robot_description_planning/joint_limits/mico_joint_1/has_acceleration_limits] by /roslaunch
[rosmaster.master][INFO] 2016-07-13 21:25:45,881: +PARAM [/move_group/planner_configs/KPIECEkConfigDefault/type] by /roslaunch
[rosmaster.master][INFO] 2016-07-13 21:25:45,882: +PARAM [/move_group/planner_configs/RRTConnectkConfigDefault/type] by /roslaunch
[rosmaster.master][INFO] 2016-07-13 21:25:45,882: +PARAM [/rviz_ros_indigo_desktop_trusty64_3291_4016186415475293258/arm/kinematics_solver_attempts] by /roslaunch
[rosmaster.master][INFO] 2016-07-13 21:25:45,883: +PARAM [/robot_description_planning/joint_limits/mico_joint_2/has_acceleration_limits] by /roslaunch
[rosmaster.master][INFO] 2016-07-13 21:25:45,883: +PARAM [/robot_description_kinematics/arm/kinematics_solver] by /roslaunch
[rosmaster.master][INFO] 2016-07-13 21:25:45,884: +PARAM [/wpi_jaco/finger_error_threshold] by /roslaunch
[rosmaster.master][INFO] 2016-07-13 21:25:45,885: +PARAM [/move_group/planner_configs/BKPIECEkConfigDefault/failed_expansion_score_factor] by /roslaunch
[rosmaster.master][INFO] 2016-07-13 21:25:45,885: +PARAM [/move_group/planner_configs/LBKPIECEkConfigDefault/min_valid_path_fraction] by /roslaunch
[rosmaster.master][INFO] 2016-07-13 21:25:45,885: +PARAM [/rosversion] by /roslaunch
[rosmaster.master][INFO] 2016-07-13 21:25:45,886: +PARAM [/robot_description_planning/joint_limits/mico_joint_5/max_velocity] by /roslaunch
[rosmaster.master][INFO] 2016-07-13 21:25:45,886: +PARAM [/robot_description_kinematics/arm/kinematics_solver_search_resolution] by /roslaunch
[rosmaster.master][INFO] 2016-07-13 21:25:45,887: +PARAM [/move_group/arm/longest_valid_segment_fraction] by /roslaunch
[rosmaster.master][INFO] 2016-07-13 21:25:45,887: +PARAM [/move_group/planner_configs/TRRTkConfigDefault/frountier_threshold] by /roslaunch
[rosmaster.master][INFO] 2016-07-13 21:25:45,888: +PARAM [/move_group/planner_configs/LBKPIECEkConfigDefault/type] by /roslaunch
[rosmaster.master][INFO] 2016-07-13 21:25:45,889: +PARAM [/move_group/arm/projection_evaluator] by /roslaunch
[rosmaster.master][INFO] 2016-07-13 21:25:45,890: +PARAM [/move_group/planner_configs/RRTkConfigDefault/type] by /roslaunch
[rosmaster.master][INFO] 2016-07-13 21:25:45,909: +SERVICE [/rosout/get_loggers] /rosout http://ros-indigo-desktop-trusty64:56570/
[rosmaster.master][INFO] 2016-07-13 21:25:45,910: +SERVICE [/rosout/set_logger_level] /rosout http://ros-indigo-desktop-trusty64:56570/
[rosmaster.master][INFO] 2016-07-13 21:25:45,915: +PUB [/rosout_agg] /rosout http://ros-indigo-desktop-trusty64:56570/
[rosmaster.master][INFO] 2016-07-13 21:25:45,923: +SUB [/rosout] /rosout http://ros-indigo-desktop-trusty64:56570/
[rosmaster.master][INFO] 2016-07-13 21:25:47,057: +PUB [/rosout] /jaco_arm_trajectory_node http://ros-indigo-desktop-trusty64:50934/
[rosmaster.master][INFO] 2016-07-13 21:25:47,062: +SERVICE [/jaco_arm_trajectory_node/get_loggers] /jaco_arm_trajectory_node http://ros-indigo-desktop-trusty64:50934/
[rosmaster.master][INFO] 2016-07-13 21:25:47,066: +SERVICE [/jaco_arm_trajectory_node/set_logger_level] /jaco_arm_trajectory_node http://ros-indigo-desktop-trusty64:50934/
[rosmaster.master][INFO] 2016-07-13 21:25:47,122: publisherUpdate[/rosout] -> http://ros-indigo-desktop-trusty64:56570/
[rosmaster.master][INFO] 2016-07-13 21:25:48,235: publisherUpdate[/rosout] -> http://ros-indigo-desktop-trusty64:56570/
[rosmaster.master][INFO] 2016-07-13 21:25:48,235: +PUB [/rosout] /jaco_manipulation http://ros-indigo-desktop-trusty64:35364/
[rosmaster.master][INFO] 2016-07-13 21:25:48,239: +SERVICE [/jaco_manipulation/get_loggers] /jaco_manipulation http://ros-indigo-desktop-trusty64:35364/
[rosmaster.master][INFO] 2016-07-13 21:25:48,241: +SERVICE [/jaco_manipulation/set_logger_level] /jaco_manipulation http://ros-indigo-desktop-trusty64:35364/
[rosmaster.master][INFO] 2016-07-13 21:25:48,287: +SUB [/mico_arm/fingers_controller/gripper/status] /jaco_manipulation http://ros-indigo-desktop-trusty64:35364/
[rosmaster.master][INFO] 2016-07-13 21:25:48,296: +SUB [/mico_arm/fingers_controller/gripper/feedback] /jaco_manipulation http://ros-indigo-desktop-trusty64:35364/
[rosmaster.master][INFO] 2016-07-13 21:25:48,309: +SUB [/mico_arm/fingers_controller/gripper/result] /jaco_manipulation http://ros-indigo-desktop-trusty64:35364/
[rosmaster.master][INFO] 2016-07-13 21:25:48,315: +PUB [/mico_arm/fingers_controller/gripper/goal] /jaco_manipulation http://ros-indigo-desktop-trusty64:35364/
[rosmaster.master][INFO] 2016-07-13 21:25:48,317: +PUB [/mico_arm/fingers_controller/gripper/cancel] /jaco_manipulation http://ros-indigo-desktop-trusty64:35364/
[rosmaster.master][INFO] 2016-07-13 21:25:48,329: +PUB [/mico_arm/cartesian_cmd] /jaco_manipulation http://ros-indigo-desktop-trusty64:35364/
[rosmaster.master][INFO] 2016-07-13 21:25:48,332: +PUB [/mico_arm/angular_cmd] /jaco_manipulation http://ros-indigo-desktop-trusty64:35364/
[rosmaster.master][INFO] 2016-07-13 21:25:48,345: +SUB [/mico_arm/joint_states] /jaco_manipulation http://ros-indigo-desktop-trusty64:35364/
[rosmaster.master][INFO] 2016-07-13 21:25:49,531: +PUB [/rosout] /jaco_conversions http://ros-indigo-desktop-trusty64:49671/
[rosmaster.master][INFO] 2016-07-13 21:25:49,534: +SERVICE [/jaco_conversions/get_loggers] /jaco_conversions http://ros-indigo-desktop-trusty64:49671/
[rosmaster.master][INFO] 2016-07-13 21:25:49,535: +SERVICE [/jaco_conversions/set_logger_level] /jaco_conversions http://ros-indigo-desktop-trusty64:49671/
[rosmaster.master][INFO] 2016-07-13 21:25:49,542: publisherUpdate[/rosout] -> http://ros-indigo-desktop-trusty64:56570/
[rosmaster.master][INFO] 2016-07-13 21:25:49,549: +SERVICE [/mico_conversions/euler_to_quaternion] /jaco_conversions http://ros-indigo-desktop-trusty64:49671/
[rosmaster.master][INFO] 2016-07-13 21:25:49,551: +SERVICE [/mico_conversions/quaternion_to_euler] /jaco_conversions http://ros-indigo-desktop-trusty64:49671/
[rosmaster.master][INFO] 2016-07-13 21:25:50,867: +PUB [/rosout] /jaco_kinematics http://ros-indigo-desktop-trusty64:32882/
[rosmaster.master][INFO] 2016-07-13 21:25:50,871: +SERVICE [/jaco_kinematics/get_loggers] /jaco_kinematics http://ros-indigo-desktop-trusty64:32882/
[rosmaster.master][INFO] 2016-07-13 21:25:50,874: +SERVICE [/jaco_kinematics/set_logger_level] /jaco_kinematics http://ros-indigo-desktop-trusty64:32882/
[rosmaster.master][INFO] 2016-07-13 21:25:50,886: +SERVICE [/mico_arm/kinematics/fk] /jaco_kinematics http://ros-indigo-desktop-trusty64:32882/
[rosmaster.master][INFO] 2016-07-13 21:25:50,932: publisherUpdate[/rosout] -> http://ros-indigo-desktop-trusty64:56570/
[rosmaster.master][INFO] 2016-07-13 21:25:52,109: +PUB [/rosout] /robot_state_publisher http://ros-indigo-desktop-trusty64:42837/
[rosmaster.master][INFO] 2016-07-13 21:25:52,111: +SERVICE [/robot_state_publisher/get_loggers] /robot_state_publisher http://ros-indigo-desktop-trusty64:42837/
[rosmaster.master][INFO] 2016-07-13 21:25:52,113: +SERVICE [/robot_state_publisher/set_logger_level] /robot_state_publisher http://ros-indigo-desktop-trusty64:42837/
[rosmaster.master][INFO] 2016-07-13 21:25:52,136: publisherUpdate[/rosout] -> http://ros-indigo-desktop-trusty64:56570/
[rosmaster.master][INFO] 2016-07-13 21:25:52,140: +PUB [/tf] /robot_state_publisher http://ros-indigo-desktop-trusty64:42837/
[rosmaster.master][INFO] 2016-07-13 21:25:52,204: +SUB [/joint_states] /robot_state_publisher http://ros-indigo-desktop-trusty64:42837/
[rosmaster.master][INFO] 2016-07-13 21:25:54,882: +PUB [/rosout] /move_group http://ros-indigo-desktop-trusty64:53797/
[rosmaster.master][INFO] 2016-07-13 21:25:54,895: +SERVICE [/move_group/get_loggers] /move_group http://ros-indigo-desktop-trusty64:53797/
[rosmaster.master][INFO] 2016-07-13 21:25:54,903: +SERVICE [/move_group/set_logger_level] /move_group http://ros-indigo-desktop-trusty64:53797/
[rosmaster.master][INFO] 2016-07-13 21:25:54,943: +SUB [/tf] /move_group http://ros-indigo-desktop-trusty64:53797/
[rosmaster.master][INFO] 2016-07-13 21:25:54,951: publisherUpdate[/rosout] -> http://ros-indigo-desktop-trusty64:56570/
[rosmaster.master][INFO] 2016-07-13 21:25:54,983: +SUB [/tf_static] /move_group http://ros-indigo-desktop-trusty64:53797/
[rosmaster.master][INFO] 2016-07-13 21:25:55,134: +PUB [/rosout] /joint_state_publisher http://ros-indigo-desktop-trusty64:38969/
[rosmaster.master][INFO] 2016-07-13 21:25:55,151: +SERVICE [/joint_state_publisher/get_loggers] /joint_state_publisher http://ros-indigo-desktop-trusty64:38969/
[rosmaster.master][INFO] 2016-07-13 21:25:55,154: +SERVICE [/joint_state_publisher/set_logger_level] /joint_state_publisher http://ros-indigo-desktop-trusty64:38969/
[rosmaster.master][INFO] 2016-07-13 21:25:55,155: publisherUpdate[/rosout] -> http://ros-indigo-desktop-trusty64:56570/
[rosmaster.master][INFO] 2016-07-13 21:25:55,320: +SUB [/mico_arm/joint_states] /joint_state_publisher http://ros-indigo-desktop-trusty64:38969/
[rosmaster.master][INFO] 2016-07-13 21:25:55,324: +PUB [/joint_states] /joint_state_publisher http://ros-indigo-desktop-trusty64:38969/
[rosmaster.master][INFO] 2016-07-13 21:25:55,361: publisherUpdate[/joint_states] -> http://ros-indigo-desktop-trusty64:42837/
[rosmaster.master][INFO] 2016-07-13 21:25:59,946: +SERVICE [/move_group/planning_scene_monitor/set_parameters] /move_group http://ros-indigo-desktop-trusty64:53797/
[rosmaster.master][INFO] 2016-07-13 21:25:59,949: +PUB [/move_group/planning_scene_monitor/parameter_descriptions] /move_group http://ros-indigo-desktop-trusty64:53797/
[rosmaster.master][INFO] 2016-07-13 21:25:59,951: +PUB [/move_group/planning_scene_monitor/parameter_updates] /move_group http://ros-indigo-desktop-trusty64:53797/
[rosmaster.master][INFO] 2016-07-13 21:25:59,958: +PARAM [/move_group/planning_scene_monitor/publish_planning_scene] by /move_group
[rosmaster.master][INFO] 2016-07-13 21:25:59,960: +PARAM [/move_group/planning_scene_monitor/publish_planning_scene_hz] by /move_group
[rosmaster.master][INFO] 2016-07-13 21:25:59,962: +PARAM [/move_group/planning_scene_monitor/publish_geometry_updates] by /move_group
[rosmaster.master][INFO] 2016-07-13 21:25:59,964: +PARAM [/move_group/planning_scene_monitor/publish_state_updates] by /move_group
[rosmaster.master][INFO] 2016-07-13 21:25:59,965: +PARAM [/move_group/planning_scene_monitor/publish_transforms_updates] by /move_group
[rosmaster.master][INFO] 2016-07-13 21:25:59,967: +PUB [/move_group/monitored_planning_scene] /move_group http://ros-indigo-desktop-trusty64:53797/
[rosmaster.master][INFO] 2016-07-13 21:25:59,969: +PARAM [/move_group/planning_scene_monitor/publish_planning_scene] by /move_group
[rosmaster.master][INFO] 2016-07-13 21:25:59,971: +PARAM [/move_group/planning_scene_monitor/publish_planning_scene_hz] by /move_group
[rosmaster.master][INFO] 2016-07-13 21:25:59,973: +PARAM [/move_group/planning_scene_monitor/publish_geometry_updates] by /move_group
[rosmaster.master][INFO] 2016-07-13 21:25:59,975: +PARAM [/move_group/planning_scene_monitor/publish_state_updates] by /move_group
[rosmaster.master][INFO] 2016-07-13 21:25:59,976: +PARAM [/move_group/planning_scene_monitor/publish_transforms_updates] by /move_group
[rosmaster.master][INFO] 2016-07-13 21:25:59,984: +SUB [/planning_scene] /move_group http://ros-indigo-desktop-trusty64:53797/
[rosmaster.master][INFO] 2016-07-13 21:25:59,992: +SUB [/collision_object] /move_group http://ros-indigo-desktop-trusty64:53797/
[rosmaster.master][INFO] 2016-07-13 21:26:00,003: +SUB [/planning_scene_world] /move_group http://ros-indigo-desktop-trusty64:53797/
[rosmaster.master][INFO] 2016-07-13 21:26:00,008: +SERVICE [/move_group/save_map] /move_group http://ros-indigo-desktop-trusty64:53797/
[rosmaster.master][INFO] 2016-07-13 21:26:00,010: +SERVICE [/move_group/load_map] /move_group http://ros-indigo-desktop-trusty64:53797/
[rosmaster.master][INFO] 2016-07-13 21:26:00,223: +SUB [/joint_states] /move_group http://ros-indigo-desktop-trusty64:53797/
[rosmaster.master][INFO] 2016-07-13 21:26:00,228: +SUB [/attached_collision_object] /move_group http://ros-indigo-desktop-trusty64:53797/
[rosmaster.master][INFO] 2016-07-13 21:26:00,803: +SERVICE [/move_group/ompl/set_parameters] /move_group http://ros-indigo-desktop-trusty64:53797/
[rosmaster.master][INFO] 2016-07-13 21:26:00,805: +PUB [/move_group/ompl/parameter_descriptions] /move_group http://ros-indigo-desktop-trusty64:53797/
[rosmaster.master][INFO] 2016-07-13 21:26:00,806: +PUB [/move_group/ompl/parameter_updates] /move_group http://ros-indigo-desktop-trusty64:53797/
[rosmaster.master][INFO] 2016-07-13 21:26:00,815: +PARAM [/move_group/ompl/simplify_solutions] by /move_group
[rosmaster.master][INFO] 2016-07-13 21:26:00,816: +PARAM [/move_group/ompl/minimum_waypoint_count] by /move_group
[rosmaster.master][INFO] 2016-07-13 21:26:00,818: +PARAM [/move_group/ompl/maximum_waypoint_distance] by /move_group
[rosmaster.master][INFO] 2016-07-13 21:26:00,820: +PARAM [/move_group/ompl/link_for_exploration_tree] by /move_group
[rosmaster.master][INFO] 2016-07-13 21:26:00,821: +PARAM [/move_group/ompl/display_random_valid_states] by /move_group
[rosmaster.master][INFO] 2016-07-13 21:26:00,823: +PARAM [/move_group/ompl/simplify_solutions] by /move_group
[rosmaster.master][INFO] 2016-07-13 21:26:00,825: +PARAM [/move_group/ompl/minimum_waypoint_count] by /move_group
[rosmaster.master][INFO] 2016-07-13 21:26:00,827: +PARAM [/move_group/ompl/maximum_waypoint_distance] by /move_group
[rosmaster.master][INFO] 2016-07-13 21:26:00,828: +PARAM [/move_group/ompl/link_for_exploration_tree] by /move_group
[rosmaster.master][INFO] 2016-07-13 21:26:00,830: +PARAM [/move_group/ompl/display_random_valid_states] by /move_group
[rosmaster.master][INFO] 2016-07-13 21:26:01,325: +PUB [/move_group/display_planned_path] /move_group http://ros-indigo-desktop-trusty64:53797/
[rosmaster.master][INFO] 2016-07-13 21:26:01,329: +PUB [/move_group/display_contacts] /move_group http://ros-indigo-desktop-trusty64:53797/
[rosmaster.master][INFO] 2016-07-13 21:26:01,491: +SUB [/trajectory_execution_event] /move_group http://ros-indigo-desktop-trusty64:53797/
[rosmaster.master][INFO] 2016-07-13 21:26:01,493: +SERVICE [/move_group/trajectory_execution/set_parameters] /move_group http://ros-indigo-desktop-trusty64:53797/
[rosmaster.master][INFO] 2016-07-13 21:26:01,495: +PUB [/move_group/trajectory_execution/parameter_descriptions] /move_group http://ros-indigo-desktop-trusty64:53797/
[rosmaster.master][INFO] 2016-07-13 21:26:01,497: +PUB [/move_group/trajectory_execution/parameter_updates] /move_group http://ros-indigo-desktop-trusty64:53797/
[rosmaster.master][INFO] 2016-07-13 21:26:01,503: +PARAM [/move_group/trajectory_execution/execution_duration_monitoring] by /move_group
[rosmaster.master][INFO] 2016-07-13 21:26:01,505: +PARAM [/move_group/trajectory_execution/allowed_execution_duration_scaling] by /move_group
[rosmaster.master][INFO] 2016-07-13 21:26:01,507: +PARAM [/move_group/trajectory_execution/execution_velocity_scaling] by /move_group
[rosmaster.master][INFO] 2016-07-13 21:26:01,509: +PARAM [/move_group/trajectory_execution/execution_duration_monitoring] by /move_group
[rosmaster.master][INFO] 2016-07-13 21:26:01,511: +PARAM [/move_group/trajectory_execution/allowed_execution_duration_scaling] by /move_group
[rosmaster.master][INFO] 2016-07-13 21:26:01,513: +PARAM [/move_group/trajectory_execution/execution_velocity_scaling] by /move_group
[rosmaster.master][INFO] 2016-07-13 21:26:01,515: +SERVICE [/move_group/plan_execution/set_parameters] /move_group http://ros-indigo-desktop-trusty64:53797/
[rosmaster.master][INFO] 2016-07-13 21:26:01,517: +PUB [/move_group/plan_execution/parameter_descriptions] /move_group http://ros-indigo-desktop-trusty64:53797/
[rosmaster.master][INFO] 2016-07-13 21:26:01,519: +PUB [/move_group/plan_execution/parameter_updates] /move_group http://ros-indigo-desktop-trusty64:53797/
[rosmaster.master][INFO] 2016-07-13 21:26:01,523: +PARAM [/move_group/plan_execution/max_replan_attempts] by /move_group
[rosmaster.master][INFO] 2016-07-13 21:26:01,525: +PARAM [/move_group/plan_execution/record_trajectory_state_frequency] by /move_group
[rosmaster.master][INFO] 2016-07-13 21:26:01,527: +PARAM [/move_group/plan_execution/max_replan_attempts] by /move_group
[rosmaster.master][INFO] 2016-07-13 21:26:01,529: +PARAM [/move_group/plan_execution/record_trajectory_state_frequency] by /move_group
[rosmaster.master][INFO] 2016-07-13 21:26:01,531: +SERVICE [/move_group/sense_for_plan/set_parameters] /move_group http://ros-indigo-desktop-trusty64:53797/
[rosmaster.master][INFO] 2016-07-13 21:26:01,533: +PUB [/move_group/sense_for_plan/parameter_descriptions] /move_group http://ros-indigo-desktop-trusty64:53797/
[rosmaster.master][INFO] 2016-07-13 21:26:01,535: +PUB [/move_group/sense_for_plan/parameter_updates] /move_group http://ros-indigo-desktop-trusty64:53797/
[rosmaster.master][INFO] 2016-07-13 21:26:01,542: +PARAM [/move_group/sense_for_plan/max_safe_path_cost] by /move_group
[rosmaster.master][INFO] 2016-07-13 21:26:01,544: +PARAM [/move_group/sense_for_plan/max_look_attempts] by /move_group
[rosmaster.master][INFO] 2016-07-13 21:26:01,545: +PARAM [/move_group/sense_for_plan/max_cost_sources] by /move_group
[rosmaster.master][INFO] 2016-07-13 21:26:01,547: +PARAM [/move_group/sense_for_plan/discard_overlapping_cost_sources] by /move_group
[rosmaster.master][INFO] 2016-07-13 21:26:01,549: +PARAM [/move_group/sense_for_plan/max_safe_path_cost] by /move_group
[rosmaster.master][INFO] 2016-07-13 21:26:01,551: +PARAM [/move_group/sense_for_plan/max_look_attempts] by /move_group
[rosmaster.master][INFO] 2016-07-13 21:26:01,553: +PARAM [/move_group/sense_for_plan/max_cost_sources] by /move_group
[rosmaster.master][INFO] 2016-07-13 21:26:01,555: +PARAM [/move_group/sense_for_plan/discard_overlapping_cost_sources] by /move_group
[rosmaster.master][INFO] 2016-07-13 21:26:01,557: +PUB [/move_group/display_cost_sources] /move_group http://ros-indigo-desktop-trusty64:53797/
[rosmaster.master][INFO] 2016-07-13 21:26:01,558: +PUB [/move_group/motion_plan_request] /move_group http://ros-indigo-desktop-trusty64:53797/
[rosmaster.master][INFO] 2016-07-13 21:26:02,216: +SERVICE [/compute_cartesian_path] /move_group http://ros-indigo-desktop-trusty64:53797/
[rosmaster.master][INFO] 2016-07-13 21:26:02,219: +SERVICE [/execute_kinematic_path] /move_group http://ros-indigo-desktop-trusty64:53797/
[rosmaster.master][INFO] 2016-07-13 21:26:02,221: +SERVICE [/compute_fk] /move_group http://ros-indigo-desktop-trusty64:53797/
[rosmaster.master][INFO] 2016-07-13 21:26:02,223: +SERVICE [/compute_ik] /move_group http://ros-indigo-desktop-trusty64:53797/
[rosmaster.master][INFO] 2016-07-13 21:26:02,225: +PUB [/move_group/result] /move_group http://ros-indigo-desktop-trusty64:53797/
[rosmaster.master][INFO] 2016-07-13 21:26:02,227: +PUB [/move_group/feedback] /move_group http://ros-indigo-desktop-trusty64:53797/
[rosmaster.master][INFO] 2016-07-13 21:26:02,229: +PUB [/move_group/status] /move_group http://ros-indigo-desktop-trusty64:53797/
[rosmaster.master][INFO] 2016-07-13 21:26:02,241: +SUB [/move_group/goal] /move_group http://ros-indigo-desktop-trusty64:53797/
[rosmaster.master][INFO] 2016-07-13 21:26:02,250: +SUB [/move_group/cancel] /move_group http://ros-indigo-desktop-trusty64:53797/
[rosmaster.master][INFO] 2016-07-13 21:26:02,761: +PUB [/move_group/display_grasp_markers] /move_group http://ros-indigo-desktop-trusty64:53797/
[rosmaster.master][INFO] 2016-07-13 21:26:02,763: +PUB [/pickup/result] /move_group http://ros-indigo-desktop-trusty64:53797/
[rosmaster.master][INFO] 2016-07-13 21:26:02,765: +PUB [/pickup/feedback] /move_group http://ros-indigo-desktop-trusty64:53797/
[rosmaster.master][INFO] 2016-07-13 21:26:02,767: +PUB [/pickup/status] /move_group http://ros-indigo-desktop-trusty64:53797/
[rosmaster.master][INFO] 2016-07-13 21:26:02,779: +SUB [/pickup/goal] /move_group http://ros-indigo-desktop-trusty64:53797/
[rosmaster.master][INFO] 2016-07-13 21:26:02,788: +SUB [/pickup/cancel] /move_group http://ros-indigo-desktop-trusty64:53797/
[rosmaster.master][INFO] 2016-07-13 21:26:02,791: +PUB [/place/result] /move_group http://ros-indigo-desktop-trusty64:53797/
[rosmaster.master][INFO] 2016-07-13 21:26:02,793: +PUB [/place/feedback] /move_group http://ros-indigo-desktop-trusty64:53797/
[rosmaster.master][INFO] 2016-07-13 21:26:02,795: +PUB [/place/status] /move_group http://ros-indigo-desktop-trusty64:53797/
[rosmaster.master][INFO] 2016-07-13 21:26:02,806: +SUB [/place/goal] /move_group http://ros-indigo-desktop-trusty64:53797/
[rosmaster.master][INFO] 2016-07-13 21:26:02,814: +SUB [/place/cancel] /move_group http://ros-indigo-desktop-trusty64:53797/
[rosmaster.master][INFO] 2016-07-13 21:26:02,816: +SERVICE [/plan_kinematic_path] /move_group http://ros-indigo-desktop-trusty64:53797/
[rosmaster.master][INFO] 2016-07-13 21:26:02,818: +SERVICE [/query_planner_interface] /move_group http://ros-indigo-desktop-trusty64:53797/
[rosmaster.master][INFO] 2016-07-13 21:26:02,820: +SERVICE [/check_state_validity] /move_group http://ros-indigo-desktop-trusty64:53797/
[rosmaster.master][INFO] 2016-07-13 21:26:02,822: +SERVICE [/get_planning_scene] /move_group http://ros-indigo-desktop-trusty64:53797/
[rosmaster.master][INFO] 2016-07-13 21:26:02,824: +SERVICE [/clear_octomap] /move_group http://ros-indigo-desktop-trusty64:53797/
[rosmaster.master][INFO] 2016-07-13 21:26:38,443: +PARAM [/roslaunch/uris/host_ros_indigo_desktop_trusty64__56370] by /roslaunch
[rosmaster.master][INFO] 2016-07-13 21:26:38,451: +PARAM [/rosbridge_websocket/port] by /roslaunch
[rosmaster.master][INFO] 2016-07-13 21:26:38,452: +PARAM [/rosdistro] by /roslaunch
[rosmaster.master][INFO] 2016-07-13 21:26:38,452: +PARAM [/rosbridge_websocket/fragment_timeout] by /roslaunch
[rosmaster.master][INFO] 2016-07-13 21:26:38,453: +PARAM [/rosbridge_websocket/delay_between_messages] by /roslaunch
[rosmaster.master][INFO] 2016-07-13 21:26:38,454: +PARAM [/rosversion] by /roslaunch
[rosmaster.master][INFO] 2016-07-13 21:26:38,454: +PARAM [/rosbridge_websocket/authenticate] by /roslaunch
[rosmaster.master][INFO] 2016-07-13 21:26:38,455: +PARAM [/rosbridge_websocket/retry_startup_delay] by /roslaunch
[rosmaster.master][INFO] 2016-07-13 21:26:38,456: +PARAM [/rosbridge_websocket/address] by /roslaunch
[rosmaster.master][INFO] 2016-07-13 21:26:38,456: +PARAM [/rosbridge_websocket/max_message_size] by /roslaunch
[rosmaster.master][INFO] 2016-07-13 21:26:39,181: +PUB [/rosout] /rosbridge_websocket http://ros-indigo-desktop-trusty64:49178/
[rosmaster.master][INFO] 2016-07-13 21:26:39,189: +SERVICE [/rosbridge_websocket/get_loggers] /rosbridge_websocket http://ros-indigo-desktop-trusty64:49178/
[rosmaster.master][INFO] 2016-07-13 21:26:39,192: +SERVICE [/rosbridge_websocket/set_logger_level] /rosbridge_websocket http://ros-indigo-desktop-trusty64:49178/
[rosmaster.master][INFO] 2016-07-13 21:26:39,196: publisherUpdate[/rosout] -> http://ros-indigo-desktop-trusty64:56570/
[rosmaster.master][INFO] 2016-07-13 21:26:39,472: +PUB [/rosout] /rosapi http://ros-indigo-desktop-trusty64:59455/
[rosmaster.master][INFO] 2016-07-13 21:26:39,479: +SERVICE [/rosapi/get_loggers] /rosapi http://ros-indigo-desktop-trusty64:59455/
[rosmaster.master][INFO] 2016-07-13 21:26:39,481: +SERVICE [/rosapi/set_logger_level] /rosapi http://ros-indigo-desktop-trusty64:59455/
[rosmaster.master][INFO] 2016-07-13 21:26:39,484: +SERVICE [/rosapi/topics] /rosapi http://ros-indigo-desktop-trusty64:59455/
[rosmaster.master][INFO] 2016-07-13 21:26:39,486: +SERVICE [/rosapi/topics_for_type] /rosapi http://ros-indigo-desktop-trusty64:59455/
[rosmaster.master][INFO] 2016-07-13 21:26:39,488: +SERVICE [/rosapi/services] /rosapi http://ros-indigo-desktop-trusty64:59455/
[rosmaster.master][INFO] 2016-07-13 21:26:39,490: +SERVICE [/rosapi/services_for_type] /rosapi http://ros-indigo-desktop-trusty64:59455/
[rosmaster.master][INFO] 2016-07-13 21:26:39,494: +SERVICE [/rosapi/nodes] /rosapi http://ros-indigo-desktop-trusty64:59455/
[rosmaster.master][INFO] 2016-07-13 21:26:39,496: publisherUpdate[/rosout] -> http://ros-indigo-desktop-trusty64:56570/
[rosmaster.master][INFO] 2016-07-13 21:26:39,498: +SERVICE [/rosapi/topic_type] /rosapi http://ros-indigo-desktop-trusty64:59455/
[rosmaster.master][INFO] 2016-07-13 21:26:39,501: +SERVICE [/rosapi/service_type] /rosapi http://ros-indigo-desktop-trusty64:59455/
[rosmaster.master][INFO] 2016-07-13 21:26:39,504: +SERVICE [/rosapi/publishers] /rosapi http://ros-indigo-desktop-trusty64:59455/
[rosmaster.master][INFO] 2016-07-13 21:26:39,506: +SERVICE [/rosapi/subscribers] /rosapi http://ros-indigo-desktop-trusty64:59455/
[rosmaster.master][INFO] 2016-07-13 21:26:39,509: +SERVICE [/rosapi/service_providers] /rosapi http://ros-indigo-desktop-trusty64:59455/
[rosmaster.master][INFO] 2016-07-13 21:26:39,511: +SERVICE [/rosapi/service_node] /rosapi http://ros-indigo-desktop-trusty64:59455/
[rosmaster.master][INFO] 2016-07-13 21:26:39,514: +SERVICE [/rosapi/service_host] /rosapi http://ros-indigo-desktop-trusty64:59455/
[rosmaster.master][INFO] 2016-07-13 21:26:39,517: +SERVICE [/rosapi/message_details] /rosapi http://ros-indigo-desktop-trusty64:59455/
[rosmaster.master][INFO] 2016-07-13 21:26:39,520: +SERVICE [/rosapi/service_request_details] /rosapi http://ros-indigo-desktop-trusty64:59455/
[rosmaster.master][INFO] 2016-07-13 21:26:39,523: +SERVICE [/rosapi/service_response_details] /rosapi http://ros-indigo-desktop-trusty64:59455/
[rosmaster.master][INFO] 2016-07-13 21:26:39,527: +SERVICE [/rosapi/set_param] /rosapi http://ros-indigo-desktop-trusty64:59455/
[rosmaster.master][INFO] 2016-07-13 21:26:39,531: +SERVICE [/rosapi/get_param] /rosapi http://ros-indigo-desktop-trusty64:59455/
[rosmaster.master][INFO] 2016-07-13 21:26:39,534: +SERVICE [/rosapi/has_param] /rosapi http://ros-indigo-desktop-trusty64:59455/
[rosmaster.master][INFO] 2016-07-13 21:26:39,537: +SERVICE [/rosapi/search_param] /rosapi http://ros-indigo-desktop-trusty64:59455/
[rosmaster.master][INFO] 2016-07-13 21:26:39,540: +SERVICE [/rosapi/delete_param] /rosapi http://ros-indigo-desktop-trusty64:59455/
[rosmaster.master][INFO] 2016-07-13 21:26:39,543: +SERVICE [/rosapi/get_param_names] /rosapi http://ros-indigo-desktop-trusty64:59455/
[rosmaster.master][INFO] 2016-07-13 21:26:39,546: +SERVICE [/rosapi/get_time] /rosapi http://ros-indigo-desktop-trusty64:59455/
[rosmaster.master][INFO] 2016-07-13 21:26:41,753: -PUB [/rosout] /rosapi http://ros-indigo-desktop-trusty64:59455/
[rosmaster.master][INFO] 2016-07-13 21:26:41,754: -SERVICE [/rosapi/get_loggers] /rosapi rosrpc://ros-indigo-desktop-trusty64:40394
[rosmaster.master][INFO] 2016-07-13 21:26:41,755: -PUB [/rosout] /rosbridge_websocket http://ros-indigo-desktop-trusty64:49178/
[rosmaster.master][INFO] 2016-07-13 21:26:41,756: -SERVICE [/rosapi/has_param] /rosapi rosrpc://ros-indigo-desktop-trusty64:40394
[rosmaster.master][INFO] 2016-07-13 21:26:41,756: publisherUpdate[/rosout] -> http://ros-indigo-desktop-trusty64:56570/
[rosmaster.master][INFO] 2016-07-13 21:26:41,757: -SERVICE [/rosapi/delete_param] /rosapi rosrpc://ros-indigo-desktop-trusty64:40394
[rosmaster.master][INFO] 2016-07-13 21:26:41,760: publisherUpdate[/rosout] -> http://ros-indigo-desktop-trusty64:56570/
[rosmaster.master][INFO] 2016-07-13 21:26:41,760: -SERVICE [/rosbridge_websocket/set_logger_level] /rosbridge_websocket rosrpc://ros-indigo-desktop-trusty64:38443
[rosmaster.master][INFO] 2016-07-13 21:26:41,761: -SERVICE [/rosapi/search_param] /rosapi rosrpc://ros-indigo-desktop-trusty64:40394
[rosmaster.master][INFO] 2016-07-13 21:26:41,763: -SERVICE [/rosbridge_websocket/get_loggers] /rosbridge_websocket rosrpc://ros-indigo-desktop-trusty64:38443
[rosmaster.master][INFO] 2016-07-13 21:26:41,764: -SERVICE [/rosapi/topic_type] /rosapi rosrpc://ros-indigo-desktop-trusty64:40394
[rosmaster.master][INFO] 2016-07-13 21:26:41,765: -SERVICE [/rosapi/subscribers] /rosapi rosrpc://ros-indigo-desktop-trusty64:40394
[rosmaster.master][INFO] 2016-07-13 21:26:41,766: -SERVICE [/rosapi/set_logger_level] /rosapi rosrpc://ros-indigo-desktop-trusty64:40394
[rosmaster.master][INFO] 2016-07-13 21:26:41,767: -SERVICE [/rosapi/service_response_details] /rosapi rosrpc://ros-indigo-desktop-trusty64:40394
[rosmaster.master][INFO] 2016-07-13 21:26:41,767: -SERVICE [/rosapi/service_host] /rosapi rosrpc://ros-indigo-desktop-trusty64:40394
[rosmaster.master][INFO] 2016-07-13 21:26:41,768: -SERVICE [/rosapi/publishers] /rosapi rosrpc://ros-indigo-desktop-trusty64:40394
[rosmaster.master][INFO] 2016-07-13 21:26:41,771: -SERVICE [/rosapi/topics] /rosapi rosrpc://ros-indigo-desktop-trusty64:40394
[rosmaster.master][INFO] 2016-07-13 21:26:41,771: -SERVICE [/rosapi/get_param_names] /rosapi rosrpc://ros-indigo-desktop-trusty64:40394
[rosmaster.master][INFO] 2016-07-13 21:26:41,772: -SERVICE [/rosapi/get_time] /rosapi rosrpc://ros-indigo-desktop-trusty64:40394
[rosmaster.master][INFO] 2016-07-13 21:26:41,773: -SERVICE [/rosapi/message_details] /rosapi rosrpc://ros-indigo-desktop-trusty64:40394
[rosmaster.master][INFO] 2016-07-13 21:26:41,774: -SERVICE [/rosapi/services] /rosapi rosrpc://ros-indigo-desktop-trusty64:40394
[rosmaster.master][INFO] 2016-07-13 21:26:41,775: -SERVICE [/rosapi/service_node] /rosapi rosrpc://ros-indigo-desktop-trusty64:40394
[rosmaster.master][INFO] 2016-07-13 21:26:41,776: -SERVICE [/rosapi/services_for_type] /rosapi rosrpc://ros-indigo-desktop-trusty64:40394
[rosmaster.master][INFO] 2016-07-13 21:26:41,777: -SERVICE [/rosapi/nodes] /rosapi rosrpc://ros-indigo-desktop-trusty64:40394
[rosmaster.master][INFO] 2016-07-13 21:26:41,777: -SERVICE [/rosapi/set_param] /rosapi rosrpc://ros-indigo-desktop-trusty64:40394
[rosmaster.master][INFO] 2016-07-13 21:26:41,778: -SERVICE [/rosapi/service_providers] /rosapi rosrpc://ros-indigo-desktop-trusty64:40394
[rosmaster.master][INFO] 2016-07-13 21:26:41,779: -SERVICE [/rosapi/get_param] /rosapi rosrpc://ros-indigo-desktop-trusty64:40394
[rosmaster.master][INFO] 2016-07-13 21:26:41,780: -SERVICE [/rosapi/topics_for_type] /rosapi rosrpc://ros-indigo-desktop-trusty64:40394
[rosmaster.master][INFO] 2016-07-13 21:26:41,781: -SERVICE [/rosapi/service_request_details] /rosapi rosrpc://ros-indigo-desktop-trusty64:40394
[rosmaster.master][INFO] 2016-07-13 21:26:41,781: -SERVICE [/rosapi/service_type] /rosapi rosrpc://ros-indigo-desktop-trusty64:40394
[rosmaster.master][INFO] 2016-07-13 21:27:17,440: +PARAM [/roslaunch/uris/host_ros_indigo_desktop_trusty64__58577] by /roslaunch
[rosmaster.master][INFO] 2016-07-13 21:27:17,450: +PARAM [/rosbridge_websocket/port] by /roslaunch
[rosmaster.master][INFO] 2016-07-13 21:27:17,450: +PARAM [/rosdistro] by /roslaunch
[rosmaster.master][INFO] 2016-07-13 21:27:17,451: +PARAM [/rosbridge_websocket/fragment_timeout] by /roslaunch
[rosmaster.master][INFO] 2016-07-13 21:27:17,452: +PARAM [/rosbridge_websocket/delay_between_messages] by /roslaunch
[rosmaster.master][INFO] 2016-07-13 21:27:17,453: +PARAM [/rosversion] by /roslaunch
[rosmaster.master][INFO] 2016-07-13 21:27:17,453: +PARAM [/rosbridge_websocket/authenticate] by /roslaunch
[rosmaster.master][INFO] 2016-07-13 21:27:17,454: +PARAM [/rosbridge_websocket/retry_startup_delay] by /roslaunch
[rosmaster.master][INFO] 2016-07-13 21:27:17,455: +PARAM [/rosbridge_websocket/address] by /roslaunch
[rosmaster.master][INFO] 2016-07-13 21:27:17,456: +PARAM [/rosbridge_websocket/max_message_size] by /roslaunch
[rosmaster.master][INFO] 2016-07-13 21:27:18,137: +PUB [/rosout] /rosbridge_websocket http://ros-indigo-desktop-trusty64:44542/
[rosmaster.master][INFO] 2016-07-13 21:27:18,147: +SERVICE [/rosbridge_websocket/get_loggers] /rosbridge_websocket http://ros-indigo-desktop-trusty64:44542/
[rosmaster.master][INFO] 2016-07-13 21:27:18,152: +SERVICE [/rosbridge_websocket/set_logger_level] /rosbridge_websocket http://ros-indigo-desktop-trusty64:44542/
[rosmaster.master][INFO] 2016-07-13 21:27:18,187: publisherUpdate[/rosout] -> http://ros-indigo-desktop-trusty64:56570/
[rosmaster.master][INFO] 2016-07-13 21:27:18,398: +PUB [/rosout] /rosapi http://ros-indigo-desktop-trusty64:33901/
[rosmaster.master][INFO] 2016-07-13 21:27:18,405: +SERVICE [/rosapi/get_loggers] /rosapi http://ros-indigo-desktop-trusty64:33901/
[rosmaster.master][INFO] 2016-07-13 21:27:18,408: +SERVICE [/rosapi/set_logger_level] /rosapi http://ros-indigo-desktop-trusty64:33901/
[rosmaster.master][INFO] 2016-07-13 21:27:18,411: +SERVICE [/rosapi/topics] /rosapi http://ros-indigo-desktop-trusty64:33901/
[rosmaster.master][INFO] 2016-07-13 21:27:18,414: publisherUpdate[/rosout] -> http://ros-indigo-desktop-trusty64:56570/
[rosmaster.master][INFO] 2016-07-13 21:27:18,416: +SERVICE [/rosapi/topics_for_type] /rosapi http://ros-indigo-desktop-trusty64:33901/
[rosmaster.master][INFO] 2016-07-13 21:27:18,419: +SERVICE [/rosapi/services] /rosapi http://ros-indigo-desktop-trusty64:33901/
[rosmaster.master][INFO] 2016-07-13 21:27:18,422: +SERVICE [/rosapi/services_for_type] /rosapi http://ros-indigo-desktop-trusty64:33901/
[rosmaster.master][INFO] 2016-07-13 21:27:18,425: +SERVICE [/rosapi/nodes] /rosapi http://ros-indigo-desktop-trusty64:33901/
[rosmaster.master][INFO] 2016-07-13 21:27:18,430: +SERVICE [/rosapi/topic_type] /rosapi http://ros-indigo-desktop-trusty64:33901/
[rosmaster.master][INFO] 2016-07-13 21:27:18,435: +SERVICE [/rosapi/service_type] /rosapi http://ros-indigo-desktop-trusty64:33901/
[rosmaster.master][INFO] 2016-07-13 21:27:18,439: +SERVICE [/rosapi/publishers] /rosapi http://ros-indigo-desktop-trusty64:33901/
[rosmaster.master][INFO] 2016-07-13 21:27:18,442: +SERVICE [/rosapi/subscribers] /rosapi http://ros-indigo-desktop-trusty64:33901/
[rosmaster.master][INFO] 2016-07-13 21:27:18,444: +SERVICE [/rosapi/service_providers] /rosapi http://ros-indigo-desktop-trusty64:33901/
[rosmaster.master][INFO] 2016-07-13 21:27:18,447: +SERVICE [/rosapi/service_node] /rosapi http://ros-indigo-desktop-trusty64:33901/
[rosmaster.master][INFO] 2016-07-13 21:27:18,450: +SERVICE [/rosapi/service_host] /rosapi http://ros-indigo-desktop-trusty64:33901/
[rosmaster.master][INFO] 2016-07-13 21:27:18,455: +SERVICE [/rosapi/message_details] /rosapi http://ros-indigo-desktop-trusty64:33901/
[rosmaster.master][INFO] 2016-07-13 21:27:18,457: +SERVICE [/rosapi/service_request_details] /rosapi http://ros-indigo-desktop-trusty64:33901/
[rosmaster.master][INFO] 2016-07-13 21:27:18,461: +SERVICE [/rosapi/service_response_details] /rosapi http://ros-indigo-desktop-trusty64:33901/
[rosmaster.master][INFO] 2016-07-13 21:27:18,463: +SERVICE [/rosapi/set_param] /rosapi http://ros-indigo-desktop-trusty64:33901/
[rosmaster.master][INFO] 2016-07-13 21:27:18,467: +SERVICE [/rosapi/get_param] /rosapi http://ros-indigo-desktop-trusty64:33901/
[rosmaster.master][INFO] 2016-07-13 21:27:18,470: +SERVICE [/rosapi/has_param] /rosapi http://ros-indigo-desktop-trusty64:33901/
[rosmaster.master][INFO] 2016-07-13 21:27:18,473: +SERVICE [/rosapi/search_param] /rosapi http://ros-indigo-desktop-trusty64:33901/
[rosmaster.master][INFO] 2016-07-13 21:27:18,476: +SERVICE [/rosapi/delete_param] /rosapi http://ros-indigo-desktop-trusty64:33901/
[rosmaster.master][INFO] 2016-07-13 21:27:18,479: +SERVICE [/rosapi/get_param_names] /rosapi http://ros-indigo-desktop-trusty64:33901/
[rosmaster.master][INFO] 2016-07-13 21:27:18,482: +SERVICE [/rosapi/get_time] /rosapi http://ros-indigo-desktop-trusty64:33901/
[rosmaster.master][INFO] 2016-07-13 21:27:29,106: +PUB [/tf2_web_republisher/cancel] /rosbridge_websocket http://ros-indigo-desktop-trusty64:44542/
[rosmaster.master][INFO] 2016-07-13 21:38:02,889: -PUB [/tf2_web_republisher/cancel] /rosbridge_websocket http://ros-indigo-desktop-trusty64:44542/
[rosmaster.master][INFO] 2016-07-13 21:38:57,196: +PUB [/tf2_web_republisher/cancel] /rosbridge_websocket http://ros-indigo-desktop-trusty64:44542/
[rosmaster.master][INFO] 2016-07-13 21:41:47,635: -PUB [/tf2_web_republisher/cancel] /rosbridge_websocket http://ros-indigo-desktop-trusty64:44542/
[rosmaster.master][INFO] 2016-07-13 21:41:48,696: +PUB [/tf2_web_republisher/cancel] /rosbridge_websocket http://ros-indigo-desktop-trusty64:44542/
[rosmaster.master][INFO] 2016-07-13 21:44:37,904: -PUB [/tf2_web_republisher/cancel] /rosbridge_websocket http://ros-indigo-desktop-trusty64:44542/
[rosmaster.master][INFO] 2016-07-13 21:44:38,964: +PUB [/tf2_web_republisher/cancel] /rosbridge_websocket http://ros-indigo-desktop-trusty64:44542/
[rosmaster.master][INFO] 2016-07-13 21:48:08,801: -PUB [/tf2_web_republisher/cancel] /rosbridge_websocket http://ros-indigo-desktop-trusty64:44542/
[rosmaster.master][INFO] 2016-07-13 21:48:09,926: +PUB [/tf2_web_republisher/cancel] /rosbridge_websocket http://ros-indigo-desktop-trusty64:44542/
[rosmaster.master][INFO] 2016-07-13 21:53:31,287: -PUB [/tf2_web_republisher/cancel] /rosbridge_websocket http://ros-indigo-desktop-trusty64:44542/
[rosmaster.master][INFO] 2016-07-13 21:53:32,429: +PUB [/tf2_web_republisher/cancel] /rosbridge_websocket http://ros-indigo-desktop-trusty64:44542/
[rosmaster.master][INFO] 2016-07-13 21:54:34,184: -PUB [/tf2_web_republisher/cancel] /rosbridge_websocket http://ros-indigo-desktop-trusty64:44542/
[rosmaster.master][INFO] 2016-07-13 21:54:35,834: +PUB [/tf2_web_republisher/cancel] /rosbridge_websocket http://ros-indigo-desktop-trusty64:44542/
[rosmaster.master][INFO] 2016-07-13 21:55:01,686: -PUB [/tf2_web_republisher/cancel] /rosbridge_websocket http://ros-indigo-desktop-trusty64:44542/
[rosmaster.master][INFO] 2016-07-13 21:55:02,594: +PUB [/tf2_web_republisher/cancel] /rosbridge_websocket http://ros-indigo-desktop-trusty64:44542/
[rosmaster.master][INFO] 2016-07-13 21:56:27,788: -PUB [/tf2_web_republisher/cancel] /rosbridge_websocket http://ros-indigo-desktop-trusty64:44542/
[rosmaster.master][INFO] 2016-07-13 21:56:29,464: +PUB [/tf2_web_republisher/cancel] /rosbridge_websocket http://ros-indigo-desktop-trusty64:44542/
[rosmaster.master][INFO] 2016-07-13 22:00:32,159: -PUB [/tf2_web_republisher/cancel] /rosbridge_websocket http://ros-indigo-desktop-trusty64:44542/
[rosmaster.master][INFO] 2016-07-13 22:00:33,075: +PUB [/tf2_web_republisher/cancel] /rosbridge_websocket http://ros-indigo-desktop-trusty64:44542/
[rosmaster.master][INFO] 2016-07-13 22:01:30,839: -PUB [/rosout] /rosapi http://ros-indigo-desktop-trusty64:33901/
[rosmaster.master][INFO] 2016-07-13 22:01:30,841: -SERVICE [/rosapi/get_loggers] /rosapi rosrpc://ros-indigo-desktop-trusty64:58585
[rosmaster.master][INFO] 2016-07-13 22:01:30,842: -SERVICE [/rosapi/has_param] /rosapi rosrpc://ros-indigo-desktop-trusty64:58585
[rosmaster.master][INFO] 2016-07-13 22:01:30,843: -SERVICE [/rosapi/delete_param] /rosapi rosrpc://ros-indigo-desktop-trusty64:58585
[rosmaster.master][INFO] 2016-07-13 22:01:30,844: -SERVICE [/rosapi/search_param] /rosapi rosrpc://ros-indigo-desktop-trusty64:58585
[rosmaster.master][INFO] 2016-07-13 22:01:30,845: -SERVICE [/rosapi/topic_type] /rosapi rosrpc://ros-indigo-desktop-trusty64:58585
[rosmaster.master][INFO] 2016-07-13 22:01:30,845: -SERVICE [/rosapi/subscribers] /rosapi rosrpc://ros-indigo-desktop-trusty64:58585
[rosmaster.master][INFO] 2016-07-13 22:01:30,846: -PUB [/tf2_web_republisher/cancel] /rosbridge_websocket http://ros-indigo-desktop-trusty64:44542/
[rosmaster.master][INFO] 2016-07-13 22:01:30,847: -PUB [/rosout] /rosbridge_websocket http://ros-indigo-desktop-trusty64:44542/
[rosmaster.master][INFO] 2016-07-13 22:01:30,848: -SERVICE [/rosbridge_websocket/set_logger_level] /rosbridge_websocket rosrpc://ros-indigo-desktop-trusty64:52197
[rosmaster.master][INFO] 2016-07-13 22:01:30,848: -SERVICE [/rosbridge_websocket/get_loggers] /rosbridge_websocket rosrpc://ros-indigo-desktop-trusty64:52197
[rosmaster.master][INFO] 2016-07-13 22:01:30,849: -SERVICE [/rosapi/set_logger_level] /rosapi rosrpc://ros-indigo-desktop-trusty64:58585
[rosmaster.master][INFO] 2016-07-13 22:01:30,850: -SERVICE [/rosapi/service_response_details] /rosapi rosrpc://ros-indigo-desktop-trusty64:58585
[rosmaster.master][INFO] 2016-07-13 22:01:30,850: -SERVICE [/rosapi/service_host] /rosapi rosrpc://ros-indigo-desktop-trusty64:58585
[rosmaster.master][INFO] 2016-07-13 22:01:30,851: -SERVICE [/rosapi/publishers] /rosapi rosrpc://ros-indigo-desktop-trusty64:58585
[rosmaster.master][INFO] 2016-07-13 22:01:30,851: -SERVICE [/rosapi/topics] /rosapi rosrpc://ros-indigo-desktop-trusty64:58585
[rosmaster.master][INFO] 2016-07-13 22:01:30,852: -SERVICE [/rosapi/get_param_names] /rosapi rosrpc://ros-indigo-desktop-trusty64:58585
[rosmaster.master][INFO] 2016-07-13 22:01:30,853: -SERVICE [/rosapi/get_time] /rosapi rosrpc://ros-indigo-desktop-trusty64:58585
[rosmaster.master][INFO] 2016-07-13 22:01:30,853: -SERVICE [/rosapi/message_details] /rosapi rosrpc://ros-indigo-desktop-trusty64:58585
[rosmaster.master][INFO] 2016-07-13 22:01:30,853: -SERVICE [/rosapi/services] /rosapi rosrpc://ros-indigo-desktop-trusty64:58585
[rosmaster.master][INFO] 2016-07-13 22:01:30,854: -SERVICE [/rosapi/service_node] /rosapi rosrpc://ros-indigo-desktop-trusty64:58585
[rosmaster.master][INFO] 2016-07-13 22:01:30,854: -SERVICE [/rosapi/services_for_type] /rosapi rosrpc://ros-indigo-desktop-trusty64:58585
[rosmaster.master][INFO] 2016-07-13 22:01:30,854: -SERVICE [/rosapi/nodes] /rosapi rosrpc://ros-indigo-desktop-trusty64:58585
[rosmaster.master][INFO] 2016-07-13 22:01:30,855: -SERVICE [/rosapi/set_param] /rosapi rosrpc://ros-indigo-desktop-trusty64:58585
[rosmaster.master][INFO] 2016-07-13 22:01:30,855: -SERVICE [/rosapi/service_providers] /rosapi rosrpc://ros-indigo-desktop-trusty64:58585
[rosmaster.master][INFO] 2016-07-13 22:01:30,855: -SERVICE [/rosapi/get_param] /rosapi rosrpc://ros-indigo-desktop-trusty64:58585
[rosmaster.master][INFO] 2016-07-13 22:01:30,856: -SERVICE [/rosapi/topics_for_type] /rosapi rosrpc://ros-indigo-desktop-trusty64:58585
[rosmaster.master][INFO] 2016-07-13 22:01:30,857: -SERVICE [/rosapi/service_request_details] /rosapi rosrpc://ros-indigo-desktop-trusty64:58585
[rosmaster.master][INFO] 2016-07-13 22:01:30,857: -SERVICE [/rosapi/service_type] /rosapi rosrpc://ros-indigo-desktop-trusty64:58585
[rosmaster.master][INFO] 2016-07-13 22:01:30,866: publisherUpdate[/rosout] -> http://ros-indigo-desktop-trusty64:56570/
[rosmaster.master][INFO] 2016-07-13 22:01:30,869: publisherUpdate[/rosout] -> http://ros-indigo-desktop-trusty64:56570/
[rosmaster.master][INFO] 2016-07-13 22:01:41,625: +PARAM [/roslaunch/uris/host_ros_indigo_desktop_trusty64__52625] by /roslaunch
[rosmaster.master][INFO] 2016-07-13 22:01:41,633: +PARAM [/rosbridge_websocket/port] by /roslaunch
[rosmaster.master][INFO] 2016-07-13 22:01:41,634: +PARAM [/rosdistro] by /roslaunch
[rosmaster.master][INFO] 2016-07-13 22:01:41,635: +PARAM [/rosbridge_websocket/fragment_timeout] by /roslaunch
[rosmaster.master][INFO] 2016-07-13 22:01:41,636: +PARAM [/rosbridge_websocket/delay_between_messages] by /roslaunch
[rosmaster.master][INFO] 2016-07-13 22:01:41,636: +PARAM [/rosversion] by /roslaunch
[rosmaster.master][INFO] 2016-07-13 22:01:41,637: +PARAM [/rosbridge_websocket/authenticate] by /roslaunch
[rosmaster.master][INFO] 2016-07-13 22:01:41,638: +PARAM [/rosbridge_websocket/retry_startup_delay] by /roslaunch
[rosmaster.master][INFO] 2016-07-13 22:01:41,638: +PARAM [/rosbridge_websocket/address] by /roslaunch
[rosmaster.master][INFO] 2016-07-13 22:01:41,639: +PARAM [/rosbridge_websocket/max_message_size] by /roslaunch
[rosmaster.master][INFO] 2016-07-13 22:01:42,655: +PUB [/rosout] /rosbridge_websocket http://ros-indigo-desktop-trusty64:36795/
[rosmaster.master][INFO] 2016-07-13 22:01:42,661: publisherUpdate[/rosout] -> http://ros-indigo-desktop-trusty64:56570/
[rosmaster.master][INFO] 2016-07-13 22:01:42,670: +SERVICE [/rosbridge_websocket/get_loggers] /rosbridge_websocket http://ros-indigo-desktop-trusty64:36795/
[rosmaster.master][INFO] 2016-07-13 22:01:42,674: +SERVICE [/rosbridge_websocket/set_logger_level] /rosbridge_websocket http://ros-indigo-desktop-trusty64:36795/
[rosmaster.master][INFO] 2016-07-13 22:01:42,992: +PUB [/rosout] /rosapi http://ros-indigo-desktop-trusty64:38100/
[rosmaster.master][INFO] 2016-07-13 22:01:43,003: +SERVICE [/rosapi/get_loggers] /rosapi http://ros-indigo-desktop-trusty64:38100/
[rosmaster.master][INFO] 2016-07-13 22:01:43,005: +SERVICE [/rosapi/set_logger_level] /rosapi http://ros-indigo-desktop-trusty64:38100/
[rosmaster.master][INFO] 2016-07-13 22:01:43,008: +SERVICE [/rosapi/topics] /rosapi http://ros-indigo-desktop-trusty64:38100/
[rosmaster.master][INFO] 2016-07-13 22:01:43,011: +SERVICE [/rosapi/topics_for_type] /rosapi http://ros-indigo-desktop-trusty64:38100/
[rosmaster.master][INFO] 2016-07-13 22:01:43,019: +SERVICE [/rosapi/services] /rosapi http://ros-indigo-desktop-trusty64:38100/
[rosmaster.master][INFO] 2016-07-13 22:01:43,022: +SERVICE [/rosapi/services_for_type] /rosapi http://ros-indigo-desktop-trusty64:38100/
[rosmaster.master][INFO] 2016-07-13 22:01:43,025: +SERVICE [/rosapi/nodes] /rosapi http://ros-indigo-desktop-trusty64:38100/
[rosmaster.master][INFO] 2016-07-13 22:01:43,028: +SERVICE [/rosapi/topic_type] /rosapi http://ros-indigo-desktop-trusty64:38100/
[rosmaster.master][INFO] 2016-07-13 22:01:43,036: +SERVICE [/rosapi/service_type] /rosapi http://ros-indigo-desktop-trusty64:38100/
[rosmaster.master][INFO] 2016-07-13 22:01:43,040: +SERVICE [/rosapi/publishers] /rosapi http://ros-indigo-desktop-trusty64:38100/
[rosmaster.master][INFO] 2016-07-13 22:01:43,043: +SERVICE [/rosapi/subscribers] /rosapi http://ros-indigo-desktop-trusty64:38100/
[rosmaster.master][INFO] 2016-07-13 22:01:43,047: +SERVICE [/rosapi/service_providers] /rosapi http://ros-indigo-desktop-trusty64:38100/
[rosmaster.master][INFO] 2016-07-13 22:01:43,052: +SERVICE [/rosapi/service_node] /rosapi http://ros-indigo-desktop-trusty64:38100/
[rosmaster.master][INFO] 2016-07-13 22:01:43,057: +SERVICE [/rosapi/service_host] /rosapi http://ros-indigo-desktop-trusty64:38100/
[rosmaster.master][INFO] 2016-07-13 22:01:43,059: publisherUpdate[/rosout] -> http://ros-indigo-desktop-trusty64:56570/
[rosmaster.master][INFO] 2016-07-13 22:01:43,061: +SERVICE [/rosapi/message_details] /rosapi http://ros-indigo-desktop-trusty64:38100/
[rosmaster.master][INFO] 2016-07-13 22:01:43,068: +SERVICE [/rosapi/service_request_details] /rosapi http://ros-indigo-desktop-trusty64:38100/
[rosmaster.master][INFO] 2016-07-13 22:01:43,071: +SERVICE [/rosapi/service_response_details] /rosapi http://ros-indigo-desktop-trusty64:38100/
[rosmaster.master][INFO] 2016-07-13 22:01:43,074: +SERVICE [/rosapi/set_param] /rosapi http://ros-indigo-desktop-trusty64:38100/
[rosmaster.master][INFO] 2016-07-13 22:01:43,077: +SERVICE [/rosapi/get_param] /rosapi http://ros-indigo-desktop-trusty64:38100/
[rosmaster.master][INFO] 2016-07-13 22:01:43,081: +SERVICE [/rosapi/has_param] /rosapi http://ros-indigo-desktop-trusty64:38100/
[rosmaster.master][INFO] 2016-07-13 22:01:43,087: +SERVICE [/rosapi/search_param] /rosapi http://ros-indigo-desktop-trusty64:38100/
[rosmaster.master][INFO] 2016-07-13 22:01:43,090: +SERVICE [/rosapi/delete_param] /rosapi http://ros-indigo-desktop-trusty64:38100/
[rosmaster.master][INFO] 2016-07-13 22:01:43,093: +SERVICE [/rosapi/get_param_names] /rosapi http://ros-indigo-desktop-trusty64:38100/
[rosmaster.master][INFO] 2016-07-13 22:01:43,100: +SERVICE [/rosapi/get_time] /rosapi http://ros-indigo-desktop-trusty64:38100/
[rosmaster.master][INFO] 2016-07-13 22:01:59,490: +PUB [/tf2_web_republisher/cancel] /rosbridge_websocket http://ros-indigo-desktop-trusty64:36795/
[rosmaster.master][INFO] 2016-07-13 22:02:10,631: -PUB [/rosout] /rosapi http://ros-indigo-desktop-trusty64:38100/
[rosmaster.master][INFO] 2016-07-13 22:02:10,632: -SERVICE [/rosapi/get_loggers] /rosapi rosrpc://ros-indigo-desktop-trusty64:53811
[rosmaster.master][INFO] 2016-07-13 22:02:10,633: publisherUpdate[/rosout] -> http://ros-indigo-desktop-trusty64:56570/
[rosmaster.master][INFO] 2016-07-13 22:02:10,634: -SERVICE [/rosapi/has_param] /rosapi rosrpc://ros-indigo-desktop-trusty64:53811
[rosmaster.master][INFO] 2016-07-13 22:02:10,636: -SERVICE [/rosapi/delete_param] /rosapi rosrpc://ros-indigo-desktop-trusty64:53811
[rosmaster.master][INFO] 2016-07-13 22:02:10,637: -PUB [/tf2_web_republisher/cancel] /rosbridge_websocket http://ros-indigo-desktop-trusty64:36795/
[rosmaster.master][INFO] 2016-07-13 22:02:10,637: -PUB [/rosout] /rosbridge_websocket http://ros-indigo-desktop-trusty64:36795/
[rosmaster.master][INFO] 2016-07-13 22:02:10,638: -SERVICE [/rosbridge_websocket/set_logger_level] /rosbridge_websocket rosrpc://ros-indigo-desktop-trusty64:53045
[rosmaster.master][INFO] 2016-07-13 22:02:10,638: -SERVICE [/rosbridge_websocket/get_loggers] /rosbridge_websocket rosrpc://ros-indigo-desktop-trusty64:53045
[rosmaster.master][INFO] 2016-07-13 22:02:10,639: -SERVICE [/rosapi/search_param] /rosapi rosrpc://ros-indigo-desktop-trusty64:53811
[rosmaster.master][INFO] 2016-07-13 22:02:10,640: publisherUpdate[/rosout] -> http://ros-indigo-desktop-trusty64:56570/
[rosmaster.master][INFO] 2016-07-13 22:02:10,640: -SERVICE [/rosapi/topic_type] /rosapi rosrpc://ros-indigo-desktop-trusty64:53811
[rosmaster.master][INFO] 2016-07-13 22:02:10,642: -SERVICE [/rosapi/subscribers] /rosapi rosrpc://ros-indigo-desktop-trusty64:53811
[rosmaster.master][INFO] 2016-07-13 22:02:10,643: -SERVICE [/rosapi/set_logger_level] /rosapi rosrpc://ros-indigo-desktop-trusty64:53811
[rosmaster.master][INFO] 2016-07-13 22:02:10,644: -SERVICE [/rosapi/service_response_details] /rosapi rosrpc://ros-indigo-desktop-trusty64:53811
[rosmaster.master][INFO] 2016-07-13 22:02:10,644: -SERVICE [/rosapi/service_host] /rosapi rosrpc://ros-indigo-desktop-trusty64:53811
[rosmaster.master][INFO] 2016-07-13 22:02:10,644: -SERVICE [/rosapi/publishers] /rosapi rosrpc://ros-indigo-desktop-trusty64:53811
[rosmaster.master][INFO] 2016-07-13 22:02:10,645: -SERVICE [/rosapi/topics] /rosapi rosrpc://ros-indigo-desktop-trusty64:53811
[rosmaster.master][INFO] 2016-07-13 22:02:10,645: -SERVICE [/rosapi/get_param_names] /rosapi rosrpc://ros-indigo-desktop-trusty64:53811
[rosmaster.master][INFO] 2016-07-13 22:02:10,646: -SERVICE [/rosapi/get_time] /rosapi rosrpc://ros-indigo-desktop-trusty64:53811
[rosmaster.master][INFO] 2016-07-13 22:02:10,646: -SERVICE [/rosapi/message_details] /rosapi rosrpc://ros-indigo-desktop-trusty64:53811
[rosmaster.master][INFO] 2016-07-13 22:02:10,652: -SERVICE [/rosapi/services] /rosapi rosrpc://ros-indigo-desktop-trusty64:53811
[rosmaster.master][INFO] 2016-07-13 22:02:10,653: -SERVICE [/rosapi/service_node] /rosapi rosrpc://ros-indigo-desktop-trusty64:53811
[rosmaster.master][INFO] 2016-07-13 22:02:10,653: -SERVICE [/rosapi/services_for_type] /rosapi rosrpc://ros-indigo-desktop-trusty64:53811
[rosmaster.master][INFO] 2016-07-13 22:02:10,654: -SERVICE [/rosapi/nodes] /rosapi rosrpc://ros-indigo-desktop-trusty64:53811
[rosmaster.master][INFO] 2016-07-13 22:02:10,655: -SERVICE [/rosapi/set_param] /rosapi rosrpc://ros-indigo-desktop-trusty64:53811
[rosmaster.master][INFO] 2016-07-13 22:02:10,656: -SERVICE [/rosapi/service_providers] /rosapi rosrpc://ros-indigo-desktop-trusty64:53811
[rosmaster.master][INFO] 2016-07-13 22:02:10,657: -SERVICE [/rosapi/get_param] /rosapi rosrpc://ros-indigo-desktop-trusty64:53811
[rosmaster.master][INFO] 2016-07-13 22:02:10,659: -SERVICE [/rosapi/topics_for_type] /rosapi rosrpc://ros-indigo-desktop-trusty64:53811
[rosmaster.master][INFO] 2016-07-13 22:02:10,660: -SERVICE [/rosapi/service_request_details] /rosapi rosrpc://ros-indigo-desktop-trusty64:53811
[rosmaster.master][INFO] 2016-07-13 22:02:10,661: -SERVICE [/rosapi/service_type] /rosapi rosrpc://ros-indigo-desktop-trusty64:53811
[rosmaster.master][INFO] 2016-07-13 22:03:54,750: +PARAM [/roslaunch/uris/host_ros_indigo_desktop_trusty64__50738] by /roslaunch
[rosmaster.master][INFO] 2016-07-13 22:03:54,769: +PARAM [/rosbridge_websocket/port] by /roslaunch
[rosmaster.master][INFO] 2016-07-13 22:03:54,771: +PARAM [/rosdistro] by /roslaunch
[rosmaster.master][INFO] 2016-07-13 22:03:54,772: +PARAM [/rosbridge_websocket/fragment_timeout] by /roslaunch
[rosmaster.master][INFO] 2016-07-13 22:03:54,773: +PARAM [/rosbridge_websocket/delay_between_messages] by /roslaunch
[rosmaster.master][INFO] 2016-07-13 22:03:54,852: +PARAM [/rosversion] by /roslaunch
[rosmaster.master][INFO] 2016-07-13 22:03:54,853: +PARAM [/rosbridge_websocket/authenticate] by /roslaunch
[rosmaster.master][INFO] 2016-07-13 22:03:54,854: +PARAM [/rosbridge_websocket/retry_startup_delay] by /roslaunch
[rosmaster.master][INFO] 2016-07-13 22:03:54,855: +PARAM [/rosbridge_websocket/address] by /roslaunch
[rosmaster.master][INFO] 2016-07-13 22:03:54,856: +PARAM [/rosbridge_websocket/max_message_size] by /roslaunch
[rosmaster.master][INFO] 2016-07-13 22:03:55,912: +PUB [/rosout] /rosbridge_websocket http://ros-indigo-desktop-trusty64:36299/
[rosmaster.master][INFO] 2016-07-13 22:03:55,922: +SERVICE [/rosbridge_websocket/get_loggers] /rosbridge_websocket http://ros-indigo-desktop-trusty64:36299/
[rosmaster.master][INFO] 2016-07-13 22:03:55,926: +SERVICE [/rosbridge_websocket/set_logger_level] /rosbridge_websocket http://ros-indigo-desktop-trusty64:36299/
[rosmaster.master][INFO] 2016-07-13 22:03:55,979: publisherUpdate[/rosout] -> http://ros-indigo-desktop-trusty64:56570/
[rosmaster.master][INFO] 2016-07-13 22:03:56,178: +PUB [/rosout] /rosapi http://ros-indigo-desktop-trusty64:59596/
[rosmaster.master][INFO] 2016-07-13 22:03:56,180: publisherUpdate[/rosout] -> http://ros-indigo-desktop-trusty64:56570/
[rosmaster.master][INFO] 2016-07-13 22:03:56,189: +SERVICE [/rosapi/get_loggers] /rosapi http://ros-indigo-desktop-trusty64:59596/
[rosmaster.master][INFO] 2016-07-13 22:03:56,193: +SERVICE [/rosapi/set_logger_level] /rosapi http://ros-indigo-desktop-trusty64:59596/
[rosmaster.master][INFO] 2016-07-13 22:03:56,197: +SERVICE [/rosapi/topics] /rosapi http://ros-indigo-desktop-trusty64:59596/
[rosmaster.master][INFO] 2016-07-13 22:03:56,201: +SERVICE [/rosapi/topics_for_type] /rosapi http://ros-indigo-desktop-trusty64:59596/
[rosmaster.master][INFO] 2016-07-13 22:03:56,206: +SERVICE [/rosapi/services] /rosapi http://ros-indigo-desktop-trusty64:59596/
[rosmaster.master][INFO] 2016-07-13 22:03:56,211: +SERVICE [/rosapi/services_for_type] /rosapi http://ros-indigo-desktop-trusty64:59596/
[rosmaster.master][INFO] 2016-07-13 22:03:56,215: +SERVICE [/rosapi/nodes] /rosapi http://ros-indigo-desktop-trusty64:59596/
[rosmaster.master][INFO] 2016-07-13 22:03:56,220: +SERVICE [/rosapi/topic_type] /rosapi http://ros-indigo-desktop-trusty64:59596/
[rosmaster.master][INFO] 2016-07-13 22:03:56,223: +SERVICE [/rosapi/service_type] /rosapi http://ros-indigo-desktop-trusty64:59596/
[rosmaster.master][INFO] 2016-07-13 22:03:56,228: +SERVICE [/rosapi/publishers] /rosapi http://ros-indigo-desktop-trusty64:59596/
[rosmaster.master][INFO] 2016-07-13 22:03:56,232: +SERVICE [/rosapi/subscribers] /rosapi http://ros-indigo-desktop-trusty64:59596/
[rosmaster.master][INFO] 2016-07-13 22:03:56,236: +SERVICE [/rosapi/service_providers] /rosapi http://ros-indigo-desktop-trusty64:59596/
[rosmaster.master][INFO] 2016-07-13 22:03:56,240: +SERVICE [/rosapi/service_node] /rosapi http://ros-indigo-desktop-trusty64:59596/
[rosmaster.master][INFO] 2016-07-13 22:03:56,244: +SERVICE [/rosapi/service_host] /rosapi http://ros-indigo-desktop-trusty64:59596/
[rosmaster.master][INFO] 2016-07-13 22:03:56,248: +SERVICE [/rosapi/message_details] /rosapi http://ros-indigo-desktop-trusty64:59596/
[rosmaster.master][INFO] 2016-07-13 22:03:56,251: +SERVICE [/rosapi/service_request_details] /rosapi http://ros-indigo-desktop-trusty64:59596/
[rosmaster.master][INFO] 2016-07-13 22:03:56,256: +SERVICE [/rosapi/service_response_details] /rosapi http://ros-indigo-desktop-trusty64:59596/
[rosmaster.master][INFO] 2016-07-13 22:03:56,259: +SERVICE [/rosapi/set_param] /rosapi http://ros-indigo-desktop-trusty64:59596/
[rosmaster.master][INFO] 2016-07-13 22:03:56,262: +SERVICE [/rosapi/get_param] /rosapi http://ros-indigo-desktop-trusty64:59596/
[rosmaster.master][INFO] 2016-07-13 22:03:56,266: +SERVICE [/rosapi/has_param] /rosapi http://ros-indigo-desktop-trusty64:59596/
[rosmaster.master][INFO] 2016-07-13 22:03:56,271: +SERVICE [/rosapi/search_param] /rosapi http://ros-indigo-desktop-trusty64:59596/
[rosmaster.master][INFO] 2016-07-13 22:03:56,275: +SERVICE [/rosapi/delete_param] /rosapi http://ros-indigo-desktop-trusty64:59596/
[rosmaster.master][INFO] 2016-07-13 22:03:56,278: +SERVICE [/rosapi/get_param_names] /rosapi http://ros-indigo-desktop-trusty64:59596/
[rosmaster.master][INFO] 2016-07-13 22:03:56,288: +SERVICE [/rosapi/get_time] /rosapi http://ros-indigo-desktop-trusty64:59596/
[rosmaster.master][INFO] 2016-07-13 22:04:14,058: +PUB [/tf2_web_republisher/cancel] /rosbridge_websocket http://ros-indigo-desktop-trusty64:36299/
[rosmaster.master][INFO] 2016-07-13 22:04:59,664: -PUB [/tf2_web_republisher/cancel] /rosbridge_websocket http://ros-indigo-desktop-trusty64:36299/
[rosmaster.master][INFO] 2016-07-13 22:05:01,268: +PUB [/tf2_web_republisher/cancel] /rosbridge_websocket http://ros-indigo-desktop-trusty64:36299/
[rosmaster.master][INFO] 2016-07-13 22:12:01,532: -PUB [/tf2_web_republisher/cancel] /rosbridge_websocket http://ros-indigo-desktop-trusty64:36299/
[rosmaster.master][INFO] 2016-07-13 22:12:18,904: -PUB [/rosout] /rosapi http://ros-indigo-desktop-trusty64:59596/
[rosmaster.master][INFO] 2016-07-13 22:12:18,904: -SERVICE [/rosapi/get_loggers] /rosapi rosrpc://ros-indigo-desktop-trusty64:35235
[rosmaster.master][INFO] 2016-07-13 22:12:18,905: -SERVICE [/rosapi/has_param] /rosapi rosrpc://ros-indigo-desktop-trusty64:35235
[rosmaster.master][INFO] 2016-07-13 22:12:18,905: -SERVICE [/rosapi/delete_param] /rosapi rosrpc://ros-indigo-desktop-trusty64:35235
[rosmaster.master][INFO] 2016-07-13 22:12:18,906: -SERVICE [/rosapi/search_param] /rosapi rosrpc://ros-indigo-desktop-trusty64:35235
[rosmaster.master][INFO] 2016-07-13 22:12:18,907: -SERVICE [/rosapi/topic_type] /rosapi rosrpc://ros-indigo-desktop-trusty64:35235
[rosmaster.master][INFO] 2016-07-13 22:12:18,907: -SERVICE [/rosapi/subscribers] /rosapi rosrpc://ros-indigo-desktop-trusty64:35235
[rosmaster.master][INFO] 2016-07-13 22:12:18,908: -SERVICE [/rosapi/set_logger_level] /rosapi rosrpc://ros-indigo-desktop-trusty64:35235
[rosmaster.master][INFO] 2016-07-13 22:12:18,908: -SERVICE [/rosapi/service_response_details] /rosapi rosrpc://ros-indigo-desktop-trusty64:35235
[rosmaster.master][INFO] 2016-07-13 22:12:18,909: -SERVICE [/rosapi/service_host] /rosapi rosrpc://ros-indigo-desktop-trusty64:35235
[rosmaster.master][INFO] 2016-07-13 22:12:18,910: -SERVICE [/rosapi/publishers] /rosapi rosrpc://ros-indigo-desktop-trusty64:35235
[rosmaster.master][INFO] 2016-07-13 22:12:18,910: -SERVICE [/rosapi/topics] /rosapi rosrpc://ros-indigo-desktop-trusty64:35235
[rosmaster.master][INFO] 2016-07-13 22:12:18,911: -SERVICE [/rosapi/get_param_names] /rosapi rosrpc://ros-indigo-desktop-trusty64:35235
[rosmaster.master][INFO] 2016-07-13 22:12:18,912: -SERVICE [/rosapi/get_time] /rosapi rosrpc://ros-indigo-desktop-trusty64:35235
[rosmaster.master][INFO] 2016-07-13 22:12:18,913: -PUB [/rosout] /rosbridge_websocket http://ros-indigo-desktop-trusty64:36299/
[rosmaster.master][INFO] 2016-07-13 22:12:18,914: -SERVICE [/rosbridge_websocket/set_logger_level] /rosbridge_websocket rosrpc://ros-indigo-desktop-trusty64:40437
[rosmaster.master][INFO] 2016-07-13 22:12:18,915: -SERVICE [/rosbridge_websocket/get_loggers] /rosbridge_websocket rosrpc://ros-indigo-desktop-trusty64:40437
[rosmaster.master][INFO] 2016-07-13 22:12:18,916: -SERVICE [/rosapi/message_details] /rosapi rosrpc://ros-indigo-desktop-trusty64:35235
[rosmaster.master][INFO] 2016-07-13 22:12:18,917: -SERVICE [/rosapi/services] /rosapi rosrpc://ros-indigo-desktop-trusty64:35235
[rosmaster.master][INFO] 2016-07-13 22:12:18,918: -SERVICE [/rosapi/service_node] /rosapi rosrpc://ros-indigo-desktop-trusty64:35235
[rosmaster.master][INFO] 2016-07-13 22:12:18,919: -SERVICE [/rosapi/services_for_type] /rosapi rosrpc://ros-indigo-desktop-trusty64:35235
[rosmaster.master][INFO] 2016-07-13 22:12:18,919: -SERVICE [/rosapi/nodes] /rosapi rosrpc://ros-indigo-desktop-trusty64:35235
[rosmaster.master][INFO] 2016-07-13 22:12:18,919: -SERVICE [/rosapi/set_param] /rosapi rosrpc://ros-indigo-desktop-trusty64:35235
[rosmaster.master][INFO] 2016-07-13 22:12:18,920: -SERVICE [/rosapi/service_providers] /rosapi rosrpc://ros-indigo-desktop-trusty64:35235
[rosmaster.master][INFO] 2016-07-13 22:12:18,921: -SERVICE [/rosapi/get_param] /rosapi rosrpc://ros-indigo-desktop-trusty64:35235
[rosmaster.master][INFO] 2016-07-13 22:12:18,921: -SERVICE [/rosapi/topics_for_type] /rosapi rosrpc://ros-indigo-desktop-trusty64:35235
[rosmaster.master][INFO] 2016-07-13 22:12:18,922: -SERVICE [/rosapi/service_request_details] /rosapi rosrpc://ros-indigo-desktop-trusty64:35235
[rosmaster.master][INFO] 2016-07-13 22:12:18,923: -SERVICE [/rosapi/service_type] /rosapi rosrpc://ros-indigo-desktop-trusty64:35235
[rosmaster.master][INFO] 2016-07-13 22:12:18,986: publisherUpdate[/rosout] -> http://ros-indigo-desktop-trusty64:56570/
[rosmaster.master][INFO] 2016-07-13 22:12:18,988: publisherUpdate[/rosout] -> http://ros-indigo-desktop-trusty64:56570/
