[rospy.client][INFO] 2016-07-13 21:26:39,363: init_node, name[/rosapi], pid[3873]
[xmlrpc][INFO] 2016-07-13 21:26:39,365: XML-RPC server binding to 0.0.0.0:0
[xmlrpc][INFO] 2016-07-13 21:26:39,365: Started XML-RPC server [http://ros-indigo-desktop-trusty64:59455/]
[rospy.init][INFO] 2016-07-13 21:26:39,365: ROS Slave URI: [http://ros-indigo-desktop-trusty64:59455/]
[rospy.impl.masterslave][INFO] 2016-07-13 21:26:39,366: _ready: http://ros-indigo-desktop-trusty64:59455/
[xmlrpc][INFO] 2016-07-13 21:26:39,367: xml rpc node: starting XML-RPC server
[rospy.registration][INFO] 2016-07-13 21:26:39,368: Registering with master node http://localhost:11311
[rospy.init][INFO] 2016-07-13 21:26:39,467: registered with master
[rospy.rosout][INFO] 2016-07-13 21:26:39,468: initializing /rosout core topic
[rospy.rosout][INFO] 2016-07-13 21:26:39,474: connected to core topic /rosout
[rospy.simtime][INFO] 2016-07-13 21:26:39,476: /use_sim_time is not set, will not subscribe to simulated time [/clock] topic
[rosout][INFO] 2016-07-13 21:26:39,547: Rosapi started
[rospy.internal][INFO] 2016-07-13 21:26:39,705: topic[/rosout] adding connection to [/rosout], count 0
[rospy.core][INFO] 2016-07-13 21:26:41,742: signal_shutdown [signal-2]
[rospy.internal][INFO] 2016-07-13 21:26:41,785: topic[/rosout] removing connection to /rosout
[rospy.impl.masterslave][INFO] 2016-07-13 21:26:41,785: signal-2
[rospy.core][INFO] 2016-07-13 21:26:42,358: signal_shutdown [atexit]
[rospy.client][INFO] 2016-07-13 21:27:18,291: init_node, name[/rosapi], pid[3989]
[xmlrpc][INFO] 2016-07-13 21:27:18,292: XML-RPC server binding to 0.0.0.0:0
[xmlrpc][INFO] 2016-07-13 21:27:18,293: Started XML-RPC server [http://ros-indigo-desktop-trusty64:33901/]
[rospy.init][INFO] 2016-07-13 21:27:18,294: ROS Slave URI: [http://ros-indigo-desktop-trusty64:33901/]
[rospy.impl.masterslave][INFO] 2016-07-13 21:27:18,294: _ready: http://ros-indigo-desktop-trusty64:33901/
[rospy.registration][INFO] 2016-07-13 21:27:18,296: Registering with master node http://localhost:11311
[xmlrpc][INFO] 2016-07-13 21:27:18,296: xml rpc node: starting XML-RPC server
[rospy.init][INFO] 2016-07-13 21:27:18,395: registered with master
[rospy.rosout][INFO] 2016-07-13 21:27:18,396: initializing /rosout core topic
[rospy.rosout][INFO] 2016-07-13 21:27:18,399: connected to core topic /rosout
[rospy.simtime][INFO] 2016-07-13 21:27:18,402: /use_sim_time is not set, will not subscribe to simulated time [/clock] topic
[rosout][INFO] 2016-07-13 21:27:18,483: Rosapi started
[rospy.internal][INFO] 2016-07-13 21:27:18,619: topic[/rosout] adding connection to [/rosout], count 0
[rospy.core][INFO] 2016-07-13 22:01:30,834: signal_shutdown [signal-2]
[rospy.internal][INFO] 2016-07-13 22:01:30,860: topic[/rosout] removing connection to /rosout
[rospy.impl.masterslave][INFO] 2016-07-13 22:01:30,860: signal-2
[rospy.core][INFO] 2016-07-13 22:01:30,963: signal_shutdown [atexit]
[rospy.client][INFO] 2016-07-13 22:01:42,878: init_node, name[/rosapi], pid[4340]
[xmlrpc][INFO] 2016-07-13 22:01:42,880: XML-RPC server binding to 0.0.0.0:0
[xmlrpc][INFO] 2016-07-13 22:01:42,884: Started XML-RPC server [http://ros-indigo-desktop-trusty64:38100/]
[rospy.init][INFO] 2016-07-13 22:01:42,884: ROS Slave URI: [http://ros-indigo-desktop-trusty64:38100/]
[rospy.impl.masterslave][INFO] 2016-07-13 22:01:42,884: _ready: http://ros-indigo-desktop-trusty64:38100/
[rospy.registration][INFO] 2016-07-13 22:01:42,888: Registering with master node http://localhost:11311
[xmlrpc][INFO] 2016-07-13 22:01:42,889: xml rpc node: starting XML-RPC server
[rospy.init][INFO] 2016-07-13 22:01:42,988: registered with master
[rospy.rosout][INFO] 2016-07-13 22:01:42,989: initializing /rosout core topic
[rospy.rosout][INFO] 2016-07-13 22:01:42,993: connected to core topic /rosout
[rospy.simtime][INFO] 2016-07-13 22:01:43,000: /use_sim_time is not set, will not subscribe to simulated time [/clock] topic
[rosout][INFO] 2016-07-13 22:01:43,102: Rosapi started
[rospy.internal][INFO] 2016-07-13 22:01:43,270: topic[/rosout] adding connection to [/rosout], count 0
[rospy.core][INFO] 2016-07-13 22:02:10,625: signal_shutdown [signal-2]
[rospy.internal][INFO] 2016-07-13 22:02:10,666: topic[/rosout] removing connection to /rosout
[rospy.impl.masterslave][INFO] 2016-07-13 22:02:10,667: signal-2
[rospy.core][INFO] 2016-07-13 22:02:11,287: signal_shutdown [atexit]
[rospy.client][INFO] 2016-07-13 22:03:56,058: init_node, name[/rosapi], pid[4451]
[xmlrpc][INFO] 2016-07-13 22:03:56,067: XML-RPC server binding to 0.0.0.0:0
[xmlrpc][INFO] 2016-07-13 22:03:56,071: Started XML-RPC server [http://ros-indigo-desktop-trusty64:59596/]
[rospy.init][INFO] 2016-07-13 22:03:56,072: ROS Slave URI: [http://ros-indigo-desktop-trusty64:59596/]
[rospy.impl.masterslave][INFO] 2016-07-13 22:03:56,073: _ready: http://ros-indigo-desktop-trusty64:59596/
[xmlrpc][INFO] 2016-07-13 22:03:56,075: xml rpc node: starting XML-RPC server
[rospy.registration][INFO] 2016-07-13 22:03:56,075: Registering with master node http://localhost:11311
[rospy.init][INFO] 2016-07-13 22:03:56,174: registered with master
[rospy.rosout][INFO] 2016-07-13 22:03:56,174: initializing /rosout core topic
[rospy.rosout][INFO] 2016-07-13 22:03:56,181: connected to core topic /rosout
[rospy.simtime][INFO] 2016-07-13 22:03:56,185: /use_sim_time is not set, will not subscribe to simulated time [/clock] topic
[rosout][INFO] 2016-07-13 22:03:56,295: Rosapi started
[rospy.internal][INFO] 2016-07-13 22:03:56,389: topic[/rosout] adding connection to [/rosout], count 0
[rospy.core][INFO] 2016-07-13 22:12:18,897: signal_shutdown [signal-2]
[rospy.internal][INFO] 2016-07-13 22:12:18,926: topic[/rosout] removing connection to /rosout
[rospy.impl.masterslave][INFO] 2016-07-13 22:12:18,927: signal-2
[rospy.core][INFO] 2016-07-13 22:12:19,555: signal_shutdown [atexit]
[rospy.client][INFO] 2016-07-18 17:26:17,943: init_node, name[/rosapi], pid[6647]
[xmlrpc][INFO] 2016-07-18 17:26:17,953: XML-RPC server binding to 0.0.0.0:0
[xmlrpc][INFO] 2016-07-18 17:26:17,954: Started XML-RPC server [http://ros-indigo-desktop-trusty64:37958/]
[rospy.init][INFO] 2016-07-18 17:26:17,955: ROS Slave URI: [http://ros-indigo-desktop-trusty64:37958/]
[rospy.impl.masterslave][INFO] 2016-07-18 17:26:17,956: _ready: http://ros-indigo-desktop-trusty64:37958/
[rospy.registration][INFO] 2016-07-18 17:26:17,959: Registering with master node http://localhost:11311
[xmlrpc][INFO] 2016-07-18 17:26:17,959: xml rpc node: starting XML-RPC server
[rospy.init][INFO] 2016-07-18 17:26:18,057: registered with master
[rospy.rosout][INFO] 2016-07-18 17:26:18,058: initializing /rosout core topic
[rospy.rosout][INFO] 2016-07-18 17:26:18,064: connected to core topic /rosout
[rospy.simtime][INFO] 2016-07-18 17:26:18,066: /use_sim_time is not set, will not subscribe to simulated time [/clock] topic
[rosout][INFO] 2016-07-18 17:26:18,130: Rosapi started
[rospy.internal][INFO] 2016-07-18 17:26:18,309: topic[/rosout] adding connection to [/rosout], count 0
[rospy.core][INFO] 2016-07-18 17:34:43,223: signal_shutdown [signal-2]
[rospy.internal][INFO] 2016-07-18 17:34:43,250: topic[/rosout] removing connection to /rosout
[rospy.impl.masterslave][INFO] 2016-07-18 17:34:43,251: signal-2
[rospy.core][INFO] 2016-07-18 17:34:43,872: signal_shutdown [atexit]
[rospy.client][INFO] 2016-07-18 17:34:59,179: init_node, name[/rosapi], pid[6766]
[xmlrpc][INFO] 2016-07-18 17:34:59,180: XML-RPC server binding to 0.0.0.0:0
[xmlrpc][INFO] 2016-07-18 17:34:59,181: Started XML-RPC server [http://ros-indigo-desktop-trusty64:39309/]
[rospy.init][INFO] 2016-07-18 17:34:59,181: ROS Slave URI: [http://ros-indigo-desktop-trusty64:39309/]
[rospy.impl.masterslave][INFO] 2016-07-18 17:34:59,182: _ready: http://ros-indigo-desktop-trusty64:39309/
[rospy.registration][INFO] 2016-07-18 17:34:59,184: Registering with master node http://localhost:11311
[xmlrpc][INFO] 2016-07-18 17:34:59,184: xml rpc node: starting XML-RPC server
[rospy.init][INFO] 2016-07-18 17:34:59,284: registered with master
[rospy.rosout][INFO] 2016-07-18 17:34:59,285: initializing /rosout core topic
[rospy.rosout][INFO] 2016-07-18 17:34:59,290: connected to core topic /rosout
[rospy.simtime][INFO] 2016-07-18 17:34:59,293: /use_sim_time is not set, will not subscribe to simulated time [/clock] topic
[rosout][INFO] 2016-07-18 17:34:59,363: Rosapi started
[rospy.internal][INFO] 2016-07-18 17:34:59,412: topic[/rosout] adding connection to [/rosout], count 0
[rospy.client][INFO] 2016-07-18 17:35:24,352: init_node, name[/rosapi], pid[6842]
[xmlrpc][INFO] 2016-07-18 17:35:24,354: XML-RPC server binding to 0.0.0.0:0
[xmlrpc][INFO] 2016-07-18 17:35:24,355: Started XML-RPC server [http://ros-indigo-desktop-trusty64:44908/]
[rospy.impl.masterslave][INFO] 2016-07-18 17:35:24,355: _ready: http://ros-indigo-desktop-trusty64:44908/
[rospy.init][INFO] 2016-07-18 17:35:24,355: ROS Slave URI: [http://ros-indigo-desktop-trusty64:44908/]
[xmlrpc][INFO] 2016-07-18 17:35:24,356: xml rpc node: starting XML-RPC server
[rospy.registration][INFO] 2016-07-18 17:35:24,357: Registering with master node http://localhost:11311
[rospy.init][INFO] 2016-07-18 17:35:24,458: registered with master
[rospy.rosout][INFO] 2016-07-18 17:35:24,459: initializing /rosout core topic
[rospy.rosout][INFO] 2016-07-18 17:35:24,463: connected to core topic /rosout
[rospy.simtime][INFO] 2016-07-18 17:35:24,469: /use_sim_time is not set, will not subscribe to simulated time [/clock] topic
[rospy.impl.masterslave][INFO] 2016-07-18 17:35:24,543: external shutdown request from [/master]: new node registered with same name
[rospy.core][INFO] 2016-07-18 17:35:24,544: signal_shutdown [external shutdown request from [/master]: [new node registered with same name]]
[rosout][INFO] 2016-07-18 17:35:24,566: Rosapi started
[rospy.internal][INFO] 2016-07-18 17:35:24,583: topic[/rosout] removing connection to /rosout
[rospy.internal][INFO] 2016-07-18 17:35:24,763: topic[/rosout] adding connection to [/rosout], count 0
[rospy.core][INFO] 2016-07-18 17:35:24,937: signal_shutdown [atexit]
[rospy.client][INFO] 2016-07-18 17:36:41,709: init_node, name[/rosapi], pid[6934]
[xmlrpc][INFO] 2016-07-18 17:36:41,710: XML-RPC server binding to 0.0.0.0:0
[xmlrpc][INFO] 2016-07-18 17:36:41,711: Started XML-RPC server [http://ros-indigo-desktop-trusty64:34583/]
[rospy.impl.masterslave][INFO] 2016-07-18 17:36:41,712: _ready: http://ros-indigo-desktop-trusty64:34583/
[rospy.init][INFO] 2016-07-18 17:36:41,711: ROS Slave URI: [http://ros-indigo-desktop-trusty64:34583/]
[rospy.registration][INFO] 2016-07-18 17:36:41,714: Registering with master node http://localhost:11311
[xmlrpc][INFO] 2016-07-18 17:36:41,714: xml rpc node: starting XML-RPC server
[rospy.init][INFO] 2016-07-18 17:36:41,814: registered with master
[rospy.rosout][INFO] 2016-07-18 17:36:41,815: initializing /rosout core topic
[rospy.rosout][INFO] 2016-07-18 17:36:41,822: connected to core topic /rosout
[rospy.simtime][INFO] 2016-07-18 17:36:41,825: /use_sim_time is not set, will not subscribe to simulated time [/clock] topic
[rospy.impl.masterslave][INFO] 2016-07-18 17:36:41,841: external shutdown request from [/master]: new node registered with same name
[rospy.core][INFO] 2016-07-18 17:36:41,843: signal_shutdown [external shutdown request from [/master]: [new node registered with same name]]
[rospy.internal][INFO] 2016-07-18 17:36:41,882: topic[/rosout] removing connection to /rosout
[rosout][INFO] 2016-07-18 17:36:41,916: Rosapi started
[rospy.internal][INFO] 2016-07-18 17:36:42,067: topic[/rosout] adding connection to [/rosout], count 0
[rospy.core][INFO] 2016-07-18 17:36:42,279: signal_shutdown [atexit]
[rospy.core][INFO] 2016-07-18 17:37:08,639: signal_shutdown [signal-2]
[rospy.internal][INFO] 2016-07-18 17:37:08,670: topic[/rosout] removing connection to /rosout
[rospy.impl.masterslave][INFO] 2016-07-18 17:37:08,671: signal-2
[rospy.core][INFO] 2016-07-18 17:37:08,786: signal_shutdown [atexit]
[rospy.client][INFO] 2016-07-18 17:37:15,476: init_node, name[/rosapi], pid[7086]
[xmlrpc][INFO] 2016-07-18 17:37:15,477: XML-RPC server binding to 0.0.0.0:0
[xmlrpc][INFO] 2016-07-18 17:37:15,477: Started XML-RPC server [http://ros-indigo-desktop-trusty64:60108/]
[rospy.init][INFO] 2016-07-18 17:37:15,477: ROS Slave URI: [http://ros-indigo-desktop-trusty64:60108/]
[rospy.impl.masterslave][INFO] 2016-07-18 17:37:15,478: _ready: http://ros-indigo-desktop-trusty64:60108/
[rospy.registration][INFO] 2016-07-18 17:37:15,480: Registering with master node http://localhost:11311
[xmlrpc][INFO] 2016-07-18 17:37:15,480: xml rpc node: starting XML-RPC server
[rospy.init][INFO] 2016-07-18 17:37:15,579: registered with master
[rospy.rosout][INFO] 2016-07-18 17:37:15,581: initializing /rosout core topic
[rospy.rosout][INFO] 2016-07-18 17:37:15,586: connected to core topic /rosout
[rospy.simtime][INFO] 2016-07-18 17:37:15,588: /use_sim_time is not set, will not subscribe to simulated time [/clock] topic
[rosout][INFO] 2016-07-18 17:37:15,660: Rosapi started
[rospy.internal][INFO] 2016-07-18 17:37:15,809: topic[/rosout] adding connection to [/rosout], count 0
[rospy.core][INFO] 2016-07-18 17:37:25,143: signal_shutdown [signal-2]
[rospy.internal][INFO] 2016-07-18 17:37:25,190: topic[/rosout] removing connection to /rosout
[rospy.impl.masterslave][INFO] 2016-07-18 17:37:25,191: signal-2
[rospy.core][INFO] 2016-07-18 17:37:25,761: signal_shutdown [atexit]
[rospy.client][INFO] 2016-07-18 17:41:50,213: init_node, name[/rosapi], pid[8323]
[xmlrpc][INFO] 2016-07-18 17:41:50,222: XML-RPC server binding to 0.0.0.0:0
[xmlrpc][INFO] 2016-07-18 17:41:50,226: Started XML-RPC server [http://ros-indigo-desktop-trusty64:33724/]
[rospy.init][INFO] 2016-07-18 17:41:50,226: ROS Slave URI: [http://ros-indigo-desktop-trusty64:33724/]
[rospy.impl.masterslave][INFO] 2016-07-18 17:41:50,230: _ready: http://ros-indigo-desktop-trusty64:33724/
[rospy.registration][INFO] 2016-07-18 17:41:50,237: Registering with master node http://localhost:11311
[xmlrpc][INFO] 2016-07-18 17:41:50,237: xml rpc node: starting XML-RPC server
[rospy.init][INFO] 2016-07-18 17:41:50,333: registered with master
[rospy.rosout][INFO] 2016-07-18 17:41:50,337: initializing /rosout core topic
[rospy.rosout][INFO] 2016-07-18 17:41:50,356: connected to core topic /rosout
[rospy.simtime][INFO] 2016-07-18 17:41:50,361: /use_sim_time is not set, will not subscribe to simulated time [/clock] topic
[rosout][INFO] 2016-07-18 17:41:50,541: Rosapi started
[rospy.internal][INFO] 2016-07-18 17:41:50,573: topic[/rosout] adding connection to [/rosout], count 0
[rospy.client][INFO] 2016-07-18 17:42:29,733: init_node, name[/rosapi], pid[8400]
[xmlrpc][INFO] 2016-07-18 17:42:29,748: XML-RPC server binding to 0.0.0.0:0
[xmlrpc][INFO] 2016-07-18 17:42:29,750: Started XML-RPC server [http://ros-indigo-desktop-trusty64:37122/]
[rospy.init][INFO] 2016-07-18 17:42:29,750: ROS Slave URI: [http://ros-indigo-desktop-trusty64:37122/]
[rospy.impl.masterslave][INFO] 2016-07-18 17:42:29,751: _ready: http://ros-indigo-desktop-trusty64:37122/
[xmlrpc][INFO] 2016-07-18 17:42:29,752: xml rpc node: starting XML-RPC server
[rospy.registration][INFO] 2016-07-18 17:42:29,753: Registering with master node http://localhost:11311
[rospy.init][INFO] 2016-07-18 17:42:29,851: registered with master
[rospy.rosout][INFO] 2016-07-18 17:42:29,852: initializing /rosout core topic
[rospy.rosout][INFO] 2016-07-18 17:42:29,856: connected to core topic /rosout
[rospy.impl.masterslave][INFO] 2016-07-18 17:42:29,859: external shutdown request from [/master]: new node registered with same name
[rospy.core][INFO] 2016-07-18 17:42:29,863: signal_shutdown [external shutdown request from [/master]: [new node registered with same name]]
[rospy.simtime][INFO] 2016-07-18 17:42:29,877: /use_sim_time is not set, will not subscribe to simulated time [/clock] topic
[rospy.internal][INFO] 2016-07-18 17:42:29,932: topic[/rosout] removing connection to /rosout
[rosout][INFO] 2016-07-18 17:42:30,010: Rosapi started
[rospy.core][INFO] 2016-07-18 17:42:30,098: signal_shutdown [atexit]
[rospy.internal][INFO] 2016-07-18 17:42:30,137: topic[/rosout] adding connection to [/rosout], count 0
[rospy.client][INFO] 2016-07-18 17:45:21,621: init_node, name[/rosapi], pid[8570]
[xmlrpc][INFO] 2016-07-18 17:45:21,623: XML-RPC server binding to 0.0.0.0:0
[xmlrpc][INFO] 2016-07-18 17:45:21,627: Started XML-RPC server [http://ros-indigo-desktop-trusty64:57858/]
[rospy.impl.masterslave][INFO] 2016-07-18 17:45:21,629: _ready: http://ros-indigo-desktop-trusty64:57858/
[rospy.init][INFO] 2016-07-18 17:45:21,628: ROS Slave URI: [http://ros-indigo-desktop-trusty64:57858/]
[xmlrpc][INFO] 2016-07-18 17:45:21,631: xml rpc node: starting XML-RPC server
[rospy.registration][INFO] 2016-07-18 17:45:21,637: Registering with master node http://localhost:11311
[rospy.init][INFO] 2016-07-18 17:45:21,736: registered with master
[rospy.rosout][INFO] 2016-07-18 17:45:21,736: initializing /rosout core topic
[rospy.rosout][INFO] 2016-07-18 17:45:21,740: connected to core topic /rosout
[rospy.impl.masterslave][INFO] 2016-07-18 17:45:21,742: external shutdown request from [/master]: new node registered with same name
[rospy.core][INFO] 2016-07-18 17:45:21,743: signal_shutdown [external shutdown request from [/master]: [new node registered with same name]]
[rospy.simtime][INFO] 2016-07-18 17:45:21,744: /use_sim_time is not set, will not subscribe to simulated time [/clock] topic
[rospy.internal][INFO] 2016-07-18 17:45:21,812: topic[/rosout] removing connection to /rosout
[rosout][INFO] 2016-07-18 17:45:21,914: Rosapi started
[rospy.internal][INFO] 2016-07-18 17:45:22,007: topic[/rosout] adding connection to [/rosout], count 0
[rospy.core][INFO] 2016-07-18 17:45:22,307: signal_shutdown [atexit]
[rospy.core][INFO] 2016-07-18 17:56:24,244: signal_shutdown [signal-2]
[rospy.internal][INFO] 2016-07-18 17:56:24,288: topic[/rosout] removing connection to /rosout
[rospy.impl.masterslave][INFO] 2016-07-18 17:56:24,290: signal-2
[rospy.core][INFO] 2016-07-18 17:56:24,908: signal_shutdown [atexit]
[rospy.client][INFO] 2016-07-18 17:57:53,223: init_node, name[/rosapi], pid[8817]
[xmlrpc][INFO] 2016-07-18 17:57:53,225: XML-RPC server binding to 0.0.0.0:0
[rospy.init][INFO] 2016-07-18 17:57:53,227: ROS Slave URI: [http://ros-indigo-desktop-trusty64:57925/]
[xmlrpc][INFO] 2016-07-18 17:57:53,226: Started XML-RPC server [http://ros-indigo-desktop-trusty64:57925/]
[rospy.impl.masterslave][INFO] 2016-07-18 17:57:53,228: _ready: http://ros-indigo-desktop-trusty64:57925/
[xmlrpc][INFO] 2016-07-18 17:57:53,228: xml rpc node: starting XML-RPC server
[rospy.registration][INFO] 2016-07-18 17:57:53,229: Registering with master node http://localhost:11311
[rospy.init][INFO] 2016-07-18 17:57:53,327: registered with master
[rospy.rosout][INFO] 2016-07-18 17:57:53,328: initializing /rosout core topic
[rospy.rosout][INFO] 2016-07-18 17:57:53,332: connected to core topic /rosout
[rospy.simtime][INFO] 2016-07-18 17:57:53,334: /use_sim_time is not set, will not subscribe to simulated time [/clock] topic
[rosout][INFO] 2016-07-18 17:57:53,415: Rosapi started
[rospy.internal][INFO] 2016-07-18 17:57:53,630: topic[/rosout] adding connection to [/rosout], count 0
[rospy.core][INFO] 2016-07-18 18:13:33,430: signal_shutdown [signal-2]
[rospy.internal][INFO] 2016-07-18 18:13:33,545: topic[/rosout] removing connection to /rosout
[rospy.impl.masterslave][INFO] 2016-07-18 18:13:33,546: signal-2
[rospy.core][INFO] 2016-07-18 18:13:34,072: signal_shutdown [atexit]
[rospy.client][INFO] 2016-07-18 18:34:46,047: init_node, name[/rosapi], pid[10540]
[xmlrpc][INFO] 2016-07-18 18:34:46,048: XML-RPC server binding to 0.0.0.0:0
[xmlrpc][INFO] 2016-07-18 18:34:46,049: Started XML-RPC server [http://ros-indigo-desktop-trusty64:46913/]
[rospy.impl.masterslave][INFO] 2016-07-18 18:34:46,049: _ready: http://ros-indigo-desktop-trusty64:46913/
[rospy.init][INFO] 2016-07-18 18:34:46,049: ROS Slave URI: [http://ros-indigo-desktop-trusty64:46913/]
[xmlrpc][INFO] 2016-07-18 18:34:46,051: xml rpc node: starting XML-RPC server
[rospy.registration][INFO] 2016-07-18 18:34:46,051: Registering with master node http://localhost:11311
[rospy.init][INFO] 2016-07-18 18:34:46,151: registered with master
[rospy.rosout][INFO] 2016-07-18 18:34:46,151: initializing /rosout core topic
[rospy.rosout][INFO] 2016-07-18 18:34:46,156: connected to core topic /rosout
[rospy.simtime][INFO] 2016-07-18 18:34:46,158: /use_sim_time is not set, will not subscribe to simulated time [/clock] topic
[rospy.internal][INFO] 2016-07-18 18:34:46,366: topic[/rosout] adding connection to [/rosout], count 0
[rosout][INFO] 2016-07-18 18:34:46,372: Rosapi started
[rospy.core][INFO] 2016-07-18 18:36:25,962: signal_shutdown [signal-2]
[rospy.internal][INFO] 2016-07-18 18:36:26,038: topic[/rosout] removing connection to /rosout
[rospy.impl.masterslave][INFO] 2016-07-18 18:36:26,039: signal-2
[rospy.core][INFO] 2016-07-18 18:36:26,607: signal_shutdown [atexit]
[rospy.client][INFO] 2016-07-18 18:47:09,983: init_node, name[/rosapi], pid[11023]
[xmlrpc][INFO] 2016-07-18 18:47:09,988: XML-RPC server binding to 0.0.0.0:0
[xmlrpc][INFO] 2016-07-18 18:47:09,989: Started XML-RPC server [http://ros-indigo-desktop-trusty64:53943/]
[rospy.impl.masterslave][INFO] 2016-07-18 18:47:09,997: _ready: http://ros-indigo-desktop-trusty64:53943/
[rospy.init][INFO] 2016-07-18 18:47:09,992: ROS Slave URI: [http://ros-indigo-desktop-trusty64:53943/]
[xmlrpc][INFO] 2016-07-18 18:47:09,999: xml rpc node: starting XML-RPC server
[rospy.registration][INFO] 2016-07-18 18:47:10,003: Registering with master node http://localhost:11311
[rospy.init][INFO] 2016-07-18 18:47:10,100: registered with master
[rospy.rosout][INFO] 2016-07-18 18:47:10,102: initializing /rosout core topic
[rospy.rosout][INFO] 2016-07-18 18:47:10,117: connected to core topic /rosout
[rospy.simtime][INFO] 2016-07-18 18:47:10,136: /use_sim_time is not set, will not subscribe to simulated time [/clock] topic
[rospy.internal][INFO] 2016-07-18 18:47:10,365: topic[/rosout] adding connection to [/rosout], count 0
[rosout][INFO] 2016-07-18 18:47:10,384: Rosapi started
[rospy.core][INFO] 2016-07-18 19:00:58,268: signal_shutdown [signal-2]
[rospy.internal][INFO] 2016-07-18 19:00:58,302: topic[/rosout] removing connection to /rosout
[rospy.impl.masterslave][INFO] 2016-07-18 19:00:58,303: signal-2
[rospy.core][INFO] 2016-07-18 19:00:58,409: signal_shutdown [atexit]
[rospy.client][INFO] 2016-07-18 19:13:15,024: init_node, name[/rosapi], pid[12260]
[xmlrpc][INFO] 2016-07-18 19:13:15,025: XML-RPC server binding to 0.0.0.0:0
[xmlrpc][INFO] 2016-07-18 19:13:15,025: Started XML-RPC server [http://ros-indigo-desktop-trusty64:35933/]
[rospy.init][INFO] 2016-07-18 19:13:15,026: ROS Slave URI: [http://ros-indigo-desktop-trusty64:35933/]
[rospy.impl.masterslave][INFO] 2016-07-18 19:13:15,026: _ready: http://ros-indigo-desktop-trusty64:35933/
[xmlrpc][INFO] 2016-07-18 19:13:15,028: xml rpc node: starting XML-RPC server
[rospy.registration][INFO] 2016-07-18 19:13:15,028: Registering with master node http://localhost:11311
[rospy.init][INFO] 2016-07-18 19:13:15,128: registered with master
[rospy.rosout][INFO] 2016-07-18 19:13:15,129: initializing /rosout core topic
[rospy.rosout][INFO] 2016-07-18 19:13:15,135: connected to core topic /rosout
[rospy.simtime][INFO] 2016-07-18 19:13:15,139: /use_sim_time is not set, will not subscribe to simulated time [/clock] topic
[rosout][INFO] 2016-07-18 19:13:15,200: Rosapi started
[rospy.internal][INFO] 2016-07-18 19:13:15,243: topic[/rosout] adding connection to [/rosout], count 0
[rospy.core][INFO] 2016-07-18 19:45:43,044: signal_shutdown [signal-2]
[rospy.internal][INFO] 2016-07-18 19:45:43,080: topic[/rosout] removing connection to /rosout
[rospy.impl.masterslave][INFO] 2016-07-18 19:45:43,081: signal-2
[rospy.core][INFO] 2016-07-18 19:45:43,705: signal_shutdown [atexit]
[rospy.client][INFO] 2016-07-18 20:05:10,421: init_node, name[/rosapi], pid[14929]
[xmlrpc][INFO] 2016-07-18 20:05:10,430: XML-RPC server binding to 0.0.0.0:0
[xmlrpc][INFO] 2016-07-18 20:05:10,432: Started XML-RPC server [http://ros-indigo-desktop-trusty64:46867/]
[rospy.impl.masterslave][INFO] 2016-07-18 20:05:10,433: _ready: http://ros-indigo-desktop-trusty64:46867/
[rospy.init][INFO] 2016-07-18 20:05:10,432: ROS Slave URI: [http://ros-indigo-desktop-trusty64:46867/]
[xmlrpc][INFO] 2016-07-18 20:05:10,434: xml rpc node: starting XML-RPC server
[rospy.registration][INFO] 2016-07-18 20:05:10,435: Registering with master node http://localhost:11311
[rospy.init][INFO] 2016-07-18 20:05:10,535: registered with master
[rospy.rosout][INFO] 2016-07-18 20:05:10,535: initializing /rosout core topic
[rospy.rosout][INFO] 2016-07-18 20:05:10,542: connected to core topic /rosout
[rospy.simtime][INFO] 2016-07-18 20:05:10,545: /use_sim_time is not set, will not subscribe to simulated time [/clock] topic
[rosout][INFO] 2016-07-18 20:05:10,609: Rosapi started
[rospy.internal][INFO] 2016-07-18 20:05:10,824: topic[/rosout] adding connection to [/rosout], count 0
[rospy.core][INFO] 2016-07-18 20:24:21,145: signal_shutdown [signal-2]
[rospy.internal][INFO] 2016-07-18 20:24:21,184: topic[/rosout] removing connection to /rosout
[rospy.impl.masterslave][INFO] 2016-07-18 20:24:21,184: signal-2
[rospy.core][INFO] 2016-07-18 20:24:21,810: signal_shutdown [atexit]
[rospy.client][INFO] 2016-07-18 20:25:40,764: init_node, name[/rosapi], pid[15316]
[xmlrpc][INFO] 2016-07-18 20:25:40,765: XML-RPC server binding to 0.0.0.0:0
[xmlrpc][INFO] 2016-07-18 20:25:40,766: Started XML-RPC server [http://ros-indigo-desktop-trusty64:34244/]
[rospy.init][INFO] 2016-07-18 20:25:40,766: ROS Slave URI: [http://ros-indigo-desktop-trusty64:34244/]
[rospy.impl.masterslave][INFO] 2016-07-18 20:25:40,767: _ready: http://ros-indigo-desktop-trusty64:34244/
[xmlrpc][INFO] 2016-07-18 20:25:40,769: xml rpc node: starting XML-RPC server
[rospy.registration][INFO] 2016-07-18 20:25:40,769: Registering with master node http://localhost:11311
[rospy.init][INFO] 2016-07-18 20:25:40,870: registered with master
[rospy.rosout][INFO] 2016-07-18 20:25:40,871: initializing /rosout core topic
[rospy.rosout][INFO] 2016-07-18 20:25:40,879: connected to core topic /rosout
[rospy.simtime][INFO] 2016-07-18 20:25:40,882: /use_sim_time is not set, will not subscribe to simulated time [/clock] topic
[rosout][INFO] 2016-07-18 20:25:40,959: Rosapi started
[rospy.internal][INFO] 2016-07-18 20:25:41,110: topic[/rosout] adding connection to [/rosout], count 0
[rospy.core][INFO] 2016-07-18 20:31:30,181: signal_shutdown [signal-2]
[rospy.internal][INFO] 2016-07-18 20:31:30,213: topic[/rosout] removing connection to /rosout
[rospy.impl.masterslave][INFO] 2016-07-18 20:31:30,214: signal-2
[rospy.core][INFO] 2016-07-18 20:31:30,794: signal_shutdown [atexit]
[rospy.client][INFO] 2016-07-19 19:44:38,886: init_node, name[/rosapi], pid[21468]
[xmlrpc][INFO] 2016-07-19 19:44:38,897: XML-RPC server binding to 0.0.0.0:0
[xmlrpc][INFO] 2016-07-19 19:44:38,898: Started XML-RPC server [http://ros-indigo-desktop-trusty64:38652/]
[rospy.impl.masterslave][INFO] 2016-07-19 19:44:38,899: _ready: http://ros-indigo-desktop-trusty64:38652/
[rospy.init][INFO] 2016-07-19 19:44:38,899: ROS Slave URI: [http://ros-indigo-desktop-trusty64:38652/]
[xmlrpc][INFO] 2016-07-19 19:44:38,901: xml rpc node: starting XML-RPC server
[rospy.registration][INFO] 2016-07-19 19:44:38,901: Registering with master node http://localhost:11311
[rospy.init][INFO] 2016-07-19 19:44:39,002: registered with master
[rospy.rosout][INFO] 2016-07-19 19:44:39,004: initializing /rosout core topic
[rospy.rosout][INFO] 2016-07-19 19:44:39,011: connected to core topic /rosout
[rospy.simtime][INFO] 2016-07-19 19:44:39,016: initializing /clock core topic
[rospy.simtime][INFO] 2016-07-19 19:44:39,033: connected to core topic /clock
[rosout][INFO] 2016-07-19 19:44:39,124: Rosapi started
[rospy.internal][INFO] 2016-07-19 19:44:39,290: topic[/rosout] adding connection to [/rosout], count 0
[rospy.core][INFO] 2016-07-19 19:45:03,756: signal_shutdown [signal-2]
[rospy.internal][INFO] 2016-07-19 19:45:03,792: topic[/rosout] removing connection to /rosout
[rospy.impl.masterslave][INFO] 2016-07-19 19:45:03,793: signal-2
[rospy.core][INFO] 2016-07-19 19:45:03,902: signal_shutdown [atexit]
[rospy.client][INFO] 2016-07-19 19:47:59,293: init_node, name[/rosapi], pid[21695]
[xmlrpc][INFO] 2016-07-19 19:47:59,302: XML-RPC server binding to 0.0.0.0:0
[xmlrpc][INFO] 2016-07-19 19:47:59,304: Started XML-RPC server [http://ros-indigo-desktop-trusty64:56811/]
[rospy.init][INFO] 2016-07-19 19:47:59,305: ROS Slave URI: [http://ros-indigo-desktop-trusty64:56811/]
[rospy.impl.masterslave][INFO] 2016-07-19 19:47:59,306: _ready: http://ros-indigo-desktop-trusty64:56811/
[rospy.registration][INFO] 2016-07-19 19:47:59,311: Registering with master node http://localhost:11311
[xmlrpc][INFO] 2016-07-19 19:47:59,312: xml rpc node: starting XML-RPC server
[rospy.init][INFO] 2016-07-19 19:47:59,409: registered with master
[rospy.rosout][INFO] 2016-07-19 19:47:59,410: initializing /rosout core topic
[rospy.rosout][INFO] 2016-07-19 19:47:59,419: connected to core topic /rosout
[rospy.simtime][INFO] 2016-07-19 19:47:59,421: initializing /clock core topic
[rospy.simtime][INFO] 2016-07-19 19:47:59,433: connected to core topic /clock
[rosout][INFO] 2016-07-19 19:47:59,494: Rosapi started
[rospy.internal][INFO] 2016-07-19 19:47:59,617: topic[/rosout] adding connection to [/rosout], count 0
[rospy.core][INFO] 2016-07-19 20:40:11,454: signal_shutdown [signal-2]
[rospy.internal][INFO] 2016-07-19 20:40:11,502: topic[/rosout] removing connection to /rosout
[rospy.impl.masterslave][INFO] 2016-07-19 20:40:11,502: signal-2
[rospy.core][INFO] 2016-07-19 20:40:12,087: signal_shutdown [atexit]
[rospy.client][INFO] 2016-07-19 20:57:58,036: init_node, name[/rosapi], pid[25706]
[xmlrpc][INFO] 2016-07-19 20:57:58,046: XML-RPC server binding to 0.0.0.0:0
[xmlrpc][INFO] 2016-07-19 20:57:58,047: Started XML-RPC server [http://ros-indigo-desktop-trusty64:44294/]
[rospy.init][INFO] 2016-07-19 20:57:58,047: ROS Slave URI: [http://ros-indigo-desktop-trusty64:44294/]
[rospy.impl.masterslave][INFO] 2016-07-19 20:57:58,048: _ready: http://ros-indigo-desktop-trusty64:44294/
[xmlrpc][INFO] 2016-07-19 20:57:58,050: xml rpc node: starting XML-RPC server
[rospy.registration][INFO] 2016-07-19 20:57:58,050: Registering with master node http://localhost:11311
[rospy.init][INFO] 2016-07-19 20:57:58,149: registered with master
[rospy.rosout][INFO] 2016-07-19 20:57:58,151: initializing /rosout core topic
[rospy.rosout][INFO] 2016-07-19 20:57:58,157: connected to core topic /rosout
[rospy.simtime][INFO] 2016-07-19 20:57:58,159: initializing /clock core topic
[rospy.simtime][INFO] 2016-07-19 20:57:58,171: connected to core topic /clock
[rosout][INFO] 2016-07-19 20:57:58,238: Rosapi started
[rospy.internal][INFO] 2016-07-19 20:57:58,381: topic[/rosout] adding connection to [/rosout], count 0
[rospy.core][INFO] 2016-07-19 21:07:45,084: signal_shutdown [signal-2]
[rospy.internal][INFO] 2016-07-19 21:07:45,126: topic[/rosout] removing connection to /rosout
[rospy.impl.masterslave][INFO] 2016-07-19 21:07:45,127: signal-2
[rospy.core][INFO] 2016-07-19 21:07:45,749: signal_shutdown [atexit]
[rospy.client][INFO] 2016-07-19 21:14:37,576: init_node, name[/rosapi], pid[27284]
[xmlrpc][INFO] 2016-07-19 21:14:37,585: XML-RPC server binding to 0.0.0.0:0
[xmlrpc][INFO] 2016-07-19 21:14:37,586: Started XML-RPC server [http://ros-indigo-desktop-trusty64:41581/]
[rospy.impl.masterslave][INFO] 2016-07-19 21:14:37,587: _ready: http://ros-indigo-desktop-trusty64:41581/
[rospy.init][INFO] 2016-07-19 21:14:37,586: ROS Slave URI: [http://ros-indigo-desktop-trusty64:41581/]
[xmlrpc][INFO] 2016-07-19 21:14:37,588: xml rpc node: starting XML-RPC server
[rospy.registration][INFO] 2016-07-19 21:14:37,589: Registering with master node http://localhost:11311
[rospy.init][INFO] 2016-07-19 21:14:37,689: registered with master
[rospy.rosout][INFO] 2016-07-19 21:14:37,690: initializing /rosout core topic
[rospy.rosout][INFO] 2016-07-19 21:14:37,697: connected to core topic /rosout
[rospy.simtime][INFO] 2016-07-19 21:14:37,700: initializing /clock core topic
[rospy.simtime][INFO] 2016-07-19 21:14:37,712: connected to core topic /clock
[rosout][INFO] 2016-07-19 21:14:37,776: Rosapi started
[rospy.internal][INFO] 2016-07-19 21:14:38,002: topic[/rosout] adding connection to [/rosout], count 0
[rospy.core][INFO] 2016-07-19 21:56:14,041: signal_shutdown [signal-2]
[rospy.internal][INFO] 2016-07-19 21:56:14,075: topic[/rosout] removing connection to /rosout
[rospy.impl.masterslave][INFO] 2016-07-19 21:56:14,076: signal-2
[rospy.core][INFO] 2016-07-19 21:56:14,655: signal_shutdown [atexit]
[rospy.client][INFO] 2016-07-20 16:56:26,910: init_node, name[/rosapi], pid[29647]
[xmlrpc][INFO] 2016-07-20 16:56:26,920: XML-RPC server binding to 0.0.0.0:0
[xmlrpc][INFO] 2016-07-20 16:56:26,921: Started XML-RPC server [http://ros-indigo-desktop-trusty64:59754/]
[rospy.init][INFO] 2016-07-20 16:56:26,921: ROS Slave URI: [http://ros-indigo-desktop-trusty64:59754/]
[rospy.impl.masterslave][INFO] 2016-07-20 16:56:26,921: _ready: http://ros-indigo-desktop-trusty64:59754/
[rospy.registration][INFO] 2016-07-20 16:56:26,923: Registering with master node http://localhost:11311
[xmlrpc][INFO] 2016-07-20 16:56:26,923: xml rpc node: starting XML-RPC server
[rospy.init][INFO] 2016-07-20 16:56:27,022: registered with master
[rospy.rosout][INFO] 2016-07-20 16:56:27,023: initializing /rosout core topic
[rospy.rosout][INFO] 2016-07-20 16:56:27,030: connected to core topic /rosout
[rospy.simtime][INFO] 2016-07-20 16:56:27,032: initializing /clock core topic
[rospy.simtime][INFO] 2016-07-20 16:56:27,045: connected to core topic /clock
[rosout][INFO] 2016-07-20 16:56:27,112: Rosapi started
[rospy.internal][INFO] 2016-07-20 16:56:27,298: topic[/rosout] adding connection to [/rosout], count 0
[rospy.core][INFO] 2016-07-20 18:54:45,771: signal_shutdown [signal-2]
[rospy.internal][INFO] 2016-07-20 18:54:45,838: topic[/rosout] removing connection to /rosout
[rospy.impl.masterslave][INFO] 2016-07-20 18:54:45,839: signal-2
[rospy.core][INFO] 2016-07-20 18:54:46,413: signal_shutdown [atexit]
