[roslaunch][INFO] 2016-07-13 21:25:31,239: Checking log directory for disk usage. This may take awhile.
Press Ctrl-C to interrupt
[roslaunch][INFO] 2016-07-13 21:25:31,349: Done checking log file disk usage. Usage is <1GB.
[roslaunch][INFO] 2016-07-13 21:25:31,350: roslaunch starting with args ['/opt/ros/indigo/bin/roslaunch', 'mico_moveit_config', 'path_planning.launch']
[roslaunch][INFO] 2016-07-13 21:25:31,350: roslaunch env is {'ROS_DISTRO': 'indigo', 'SSH_CLIENT': '10.0.2.2 49390 22', 'CPATH': '/home/vagrant/therblig-motion-library/mico/wpi_jaco/devel/include:/opt/ros/indigo/include', 'LOGNAME': 'vagrant', 'USER': 'vagrant', 'HOME': '/home/vagrant', 'PATH': '/home/vagrant/therblig-motion-library/mico/wpi_jaco/devel/bin:/opt/ros/indigo/bin:/usr/local/sbin:/usr/local/bin:/usr/sbin:/usr/bin:/sbin:/bin:/usr/games:/usr/local/games', 'CMAKE_PREFIX_PATH': '/home/vagrant/therblig-motion-library/mico/wpi_jaco/devel:/opt/ros/indigo', 'LD_LIBRARY_PATH': '/home/vagrant/therblig-motion-library/mico/wpi_jaco/devel/lib:/home/vagrant/therblig-motion-library/mico/wpi_jaco/devel/lib/x86_64-linux-gnu:/opt/ros/indigo/lib/x86_64-linux-gnu:/opt/ros/indigo/lib', 'LANG': 'en_US.UTF-8', 'TERM': 'xterm-256color', 'SHELL': '/bin/bash', 'SHLVL': '2', 'XDG_SESSION_ID': '2', 'QT_QPA_PLATFORMTHEME': 'appmenu-qt5', 'ROS_LOG_FILENAME': '/home/vagrant/.ros/log/537e11d8-4940-11e6-a3ed-080027a2ea64/roslaunch-ros-indigo-desktop-trusty64-3291.log', 'ROS_ETC_DIR': '/opt/ros/indigo/etc/ros', 'XDG_RUNTIME_DIR': '/run/user/1000', 'PYTHONPATH': '/home/vagrant/therblig-motion-library/mico/wpi_jaco/devel/lib/python2.7/dist-packages:/opt/ros/indigo/lib/python2.7/dist-packages', 'ROS_ROOT': '/opt/ros/indigo/share/ros', 'PKG_CONFIG_PATH': '/home/vagrant/therblig-motion-library/mico/wpi_jaco/devel/lib/pkgconfig:/home/vagrant/therblig-motion-library/mico/wpi_jaco/devel/lib/x86_64-linux-gnu/pkgconfig:/opt/ros/indigo/lib/x86_64-linux-gnu/pkgconfig:/opt/ros/indigo/lib/pkgconfig', 'ROS_PACKAGE_PATH': '/home/vagrant/therblig-motion-library/mico/wpi_jaco/src:/opt/ros/indigo/share:/opt/ros/indigo/stacks', 'ROS_TEST_RESULTS_DIR': '/home/vagrant/therblig-motion-library/mico/wpi_jaco/build/test_results', '_': '/opt/ros/indigo/bin/roslaunch', 'CATKIN_TEST_RESULTS_DIR': '/home/vagrant/therblig-motion-library/mico/wpi_jaco/build/test_results', 'SSH_TTY': '/dev/pts/0', 'OLDPWD': '/home/vagrant/therblig-motion-library/mico/wpi_jaco', 'ROSLISP_PACKAGE_DIRECTORIES': '/home/vagrant/therblig-motion-library/mico/wpi_jaco/devel/share/common-lisp', 'PWD': '/home/vagrant/therblig-motion-library/mico/wpi_jaco', 'ROS_MASTER_URI': 'http://localhost:11311', 'MAIL': '/var/mail/vagrant', 'SSH_CONNECTION': '10.0.2.2 49390 10.0.2.15 22'}
[roslaunch][INFO] 2016-07-13 21:25:31,350: starting in server mode
[roslaunch.parent][INFO] 2016-07-13 21:25:31,351: starting roslaunch parent run
[roslaunch][INFO] 2016-07-13 21:25:31,351: loading roscore config file /opt/ros/indigo/etc/ros/roscore.xml
[roslaunch][INFO] 2016-07-13 21:25:32,682: Added core node of type [rosout/rosout] in namespace [/]
[roslaunch.config][INFO] 2016-07-13 21:25:32,683: loading config file /home/vagrant/therblig-motion-library/mico/wpi_jaco/src/mico_moveit_config/launch/path_planning.launch
[roslaunch][INFO] 2016-07-13 21:25:34,529: Added node of type [wpi_jaco_wrapper/jaco_arm_trajectory_node] in namespace [/]
[roslaunch][INFO] 2016-07-13 21:25:34,530: Added node of type [wpi_jaco_wrapper/jaco_manipulation] in namespace [/]
[roslaunch][INFO] 2016-07-13 21:25:34,530: Added node of type [wpi_jaco_wrapper/jaco_conversions] in namespace [/]
[roslaunch][INFO] 2016-07-13 21:25:34,531: Added node of type [wpi_jaco_wrapper/jaco_kinematics] in namespace [/]
[roslaunch][INFO] 2016-07-13 21:25:37,172: Added node of type [robot_state_publisher/robot_state_publisher] in namespace [/]
[roslaunch][INFO] 2016-07-13 21:25:37,173: Added node of type [joint_state_publisher/joint_state_publisher] in namespace [/]
[roslaunch][INFO] 2016-07-13 21:25:43,170: Added node of type [moveit_ros_move_group/move_group] in namespace [/]
[roslaunch][INFO] 2016-07-13 21:25:43,560: Added node of type [rviz/rviz] in namespace [/]
[roslaunch][INFO] 2016-07-13 21:25:43,561: ... selected machine [] for node of type [wpi_jaco_wrapper/jaco_arm_trajectory_node]
[roslaunch][INFO] 2016-07-13 21:25:43,561: ... selected machine [] for node of type [wpi_jaco_wrapper/jaco_manipulation]
[roslaunch][INFO] 2016-07-13 21:25:43,562: ... selected machine [] for node of type [wpi_jaco_wrapper/jaco_conversions]
[roslaunch][INFO] 2016-07-13 21:25:43,562: ... selected machine [] for node of type [wpi_jaco_wrapper/jaco_kinematics]
[roslaunch][INFO] 2016-07-13 21:25:43,566: ... selected machine [] for node of type [robot_state_publisher/robot_state_publisher]
[roslaunch][INFO] 2016-07-13 21:25:43,566: ... selected machine [] for node of type [joint_state_publisher/joint_state_publisher]
[roslaunch][INFO] 2016-07-13 21:25:43,567: ... selected machine [] for node of type [moveit_ros_move_group/move_group]
[roslaunch][INFO] 2016-07-13 21:25:43,568: ... selected machine [] for node of type [rviz/rviz]
[roslaunch.pmon][INFO] 2016-07-13 21:25:43,587: start_process_monitor: creating ProcessMonitor
[roslaunch.pmon][INFO] 2016-07-13 21:25:43,588: created process monitor <ProcessMonitor(ProcessMonitor-1, initial daemon)>
[roslaunch.pmon][INFO] 2016-07-13 21:25:43,590: start_process_monitor: ProcessMonitor started
[roslaunch.parent][INFO] 2016-07-13 21:25:43,591: starting parent XML-RPC server
[roslaunch.server][INFO] 2016-07-13 21:25:43,592: starting roslaunch XML-RPC server
[roslaunch.server][INFO] 2016-07-13 21:25:43,593: waiting for roslaunch XML-RPC server to initialize
[xmlrpc][INFO] 2016-07-13 21:25:43,593: XML-RPC server binding to 0.0.0.0:0
[xmlrpc][INFO] 2016-07-13 21:25:43,595: Started XML-RPC server [http://ros-indigo-desktop-trusty64:54148/]
[xmlrpc][INFO] 2016-07-13 21:25:43,596: xml rpc node: starting XML-RPC server
[roslaunch][INFO] 2016-07-13 21:25:43,611: started roslaunch server http://ros-indigo-desktop-trusty64:54148/
[roslaunch.parent][INFO] 2016-07-13 21:25:43,612: ... parent XML-RPC server started
[roslaunch][INFO] 2016-07-13 21:25:43,614: master.is_running[http://localhost:11311]
[roslaunch][INFO] 2016-07-13 21:25:43,615: auto-starting new master
[roslaunch][INFO] 2016-07-13 21:25:43,616: create_master_process: rosmaster, /opt/ros/indigo/share/ros, 11311
[roslaunch][INFO] 2016-07-13 21:25:43,617: process[master]: launching with args [['rosmaster', '--core', '-p', '11311']]
[roslaunch.pmon][INFO] 2016-07-13 21:25:43,618: ProcessMonitor.register[master]
[roslaunch.pmon][INFO] 2016-07-13 21:25:43,618: ProcessMonitor.register[master] complete
[roslaunch][INFO] 2016-07-13 21:25:43,618: process[master]: starting os process
[roslaunch][INFO] 2016-07-13 21:25:43,619: process[master]: start w/ args [['rosmaster', '--core', '-p', '11311', '__log:=/home/vagrant/.ros/log/537e11d8-4940-11e6-a3ed-080027a2ea64/master.log']]
[roslaunch][INFO] 2016-07-13 21:25:43,620: process[master]: cwd will be [/home/vagrant/.ros]
[roslaunch][INFO] 2016-07-13 21:25:43,626: process[master]: started with pid [3311]
[roslaunch][INFO] 2016-07-13 21:25:43,627: master.is_running[http://localhost:11311]
[roslaunch][INFO] 2016-07-13 21:25:43,728: master.is_running[http://localhost:11311]
[roslaunch][INFO] 2016-07-13 21:25:43,829: master.is_running[http://localhost:11311]
[roslaunch][INFO] 2016-07-13 21:25:43,930: master.is_running[http://localhost:11311]
[roslaunch][INFO] 2016-07-13 21:25:44,032: master.is_running[http://localhost:11311]
[roslaunch][INFO] 2016-07-13 21:25:44,134: master.is_running[http://localhost:11311]
[roslaunch][INFO] 2016-07-13 21:25:44,236: master.is_running[http://localhost:11311]
[roslaunch][INFO] 2016-07-13 21:25:44,338: master.is_running[http://localhost:11311]
[roslaunch][INFO] 2016-07-13 21:25:44,439: master.is_running[http://localhost:11311]
[roslaunch][INFO] 2016-07-13 21:25:44,540: master.is_running[http://localhost:11311]
[roslaunch][INFO] 2016-07-13 21:25:44,642: master.is_running[http://localhost:11311]
[roslaunch][INFO] 2016-07-13 21:25:44,744: master.is_running[http://localhost:11311]
[roslaunch][INFO] 2016-07-13 21:25:44,748: master.is_running[http://localhost:11311]
[roslaunch][INFO] 2016-07-13 21:25:44,750: ROS_MASTER_URI=http://localhost:11311
[roslaunch][INFO] 2016-07-13 21:25:44,753: setting /run_id to 537e11d8-4940-11e6-a3ed-080027a2ea64
[roslaunch][INFO] 2016-07-13 21:25:44,756: setting /roslaunch/uris/host_ros_indigo_desktop_trusty64__54148' to http://ros-indigo-desktop-trusty64:54148/
[roslaunch][INFO] 2016-07-13 21:25:44,760: ... preparing to launch node of type [rosout/rosout]
[roslaunch][INFO] 2016-07-13 21:25:44,761: create_node_process: package[rosout] type[rosout] machine[Machine(name[] env_loader[None] address[localhost] ssh_port[22] user[None] assignable[True] timeout[10.0])] master_uri[http://localhost:11311]
[roslaunch][INFO] 2016-07-13 21:25:44,761: process[rosout-1]: env[{'ROS_DISTRO': 'indigo', 'SSH_CLIENT': '10.0.2.2 49390 22', 'CPATH': '/home/vagrant/therblig-motion-library/mico/wpi_jaco/devel/include:/opt/ros/indigo/include', 'LOGNAME': 'vagrant', 'USER': 'vagrant', 'HOME': '/home/vagrant', 'PATH': '/home/vagrant/therblig-motion-library/mico/wpi_jaco/devel/bin:/opt/ros/indigo/bin:/usr/local/sbin:/usr/local/bin:/usr/sbin:/usr/bin:/sbin:/bin:/usr/games:/usr/local/games', 'CMAKE_PREFIX_PATH': '/home/vagrant/therblig-motion-library/mico/wpi_jaco/devel:/opt/ros/indigo', 'ROS_LOG_FILENAME': '/home/vagrant/.ros/log/537e11d8-4940-11e6-a3ed-080027a2ea64/roslaunch-ros-indigo-desktop-trusty64-3291.log', 'LANG': 'en_US.UTF-8', 'TERM': 'xterm-256color', 'SHELL': '/bin/bash', 'SHLVL': '2', 'ROS_TEST_RESULTS_DIR': '/home/vagrant/therblig-motion-library/mico/wpi_jaco/build/test_results', 'QT_QPA_PLATFORMTHEME': 'appmenu-qt5', 'LD_LIBRARY_PATH': '/home/vagrant/therblig-motion-library/mico/wpi_jaco/devel/lib:/home/vagrant/therblig-motion-library/mico/wpi_jaco/devel/lib/x86_64-linux-gnu:/opt/ros/indigo/lib/x86_64-linux-gnu:/opt/ros/indigo/lib', 'ROS_MASTER_URI': 'http://localhost:11311', 'XDG_RUNTIME_DIR': '/run/user/1000', 'PYTHONPATH': '/home/vagrant/therblig-motion-library/mico/wpi_jaco/devel/lib/python2.7/dist-packages:/opt/ros/indigo/lib/python2.7/dist-packages', 'ROS_ROOT': '/opt/ros/indigo/share/ros', 'PKG_CONFIG_PATH': '/home/vagrant/therblig-motion-library/mico/wpi_jaco/devel/lib/pkgconfig:/home/vagrant/therblig-motion-library/mico/wpi_jaco/devel/lib/x86_64-linux-gnu/pkgconfig:/opt/ros/indigo/lib/x86_64-linux-gnu/pkgconfig:/opt/ros/indigo/lib/pkgconfig', 'ROS_PACKAGE_PATH': '/home/vagrant/therblig-motion-library/mico/wpi_jaco/src:/opt/ros/indigo/share:/opt/ros/indigo/stacks', 'XDG_SESSION_ID': '2', '_': '/opt/ros/indigo/bin/roslaunch', 'CATKIN_TEST_RESULTS_DIR': '/home/vagrant/therblig-motion-library/mico/wpi_jaco/build/test_results', 'SSH_TTY': '/dev/pts/0', 'OLDPWD': '/home/vagrant/therblig-motion-library/mico/wpi_jaco', 'ROSLISP_PACKAGE_DIRECTORIES': '/home/vagrant/therblig-motion-library/mico/wpi_jaco/devel/share/common-lisp', 'PWD': '/home/vagrant/therblig-motion-library/mico/wpi_jaco', 'ROS_ETC_DIR': '/opt/ros/indigo/etc/ros', 'MAIL': '/var/mail/vagrant', 'SSH_CONNECTION': '10.0.2.2 49390 10.0.2.15 22'}]
[roslaunch][INFO] 2016-07-13 21:25:45,773: process[rosout-1]: args[[u'/opt/ros/indigo/lib/rosout/rosout', u'__name:=rosout']]
[roslaunch][INFO] 2016-07-13 21:25:45,774: ... created process [rosout-1]
[roslaunch.pmon][INFO] 2016-07-13 21:25:45,776: ProcessMonitor.register[rosout-1]
[roslaunch.pmon][INFO] 2016-07-13 21:25:45,777: ProcessMonitor.register[rosout-1] complete
[roslaunch][INFO] 2016-07-13 21:25:45,778: ... registered process [rosout-1]
[roslaunch][INFO] 2016-07-13 21:25:45,779: process[rosout-1]: starting os process
[roslaunch][INFO] 2016-07-13 21:25:45,784: process[rosout-1]: start w/ args [[u'/opt/ros/indigo/lib/rosout/rosout', u'__name:=rosout', u'__log:=/home/vagrant/.ros/log/537e11d8-4940-11e6-a3ed-080027a2ea64/rosout-1.log']]
[roslaunch][INFO] 2016-07-13 21:25:45,785: process[rosout-1]: cwd will be [/home/vagrant/.ros]
[roslaunch][INFO] 2016-07-13 21:25:45,794: process[rosout-1]: started with pid [3324]
[roslaunch][INFO] 2016-07-13 21:25:45,795: ... successfully launched [rosout-1]
[roslaunch][INFO] 2016-07-13 21:25:45,795: load_parameters starting ...
[roslaunch][INFO] 2016-07-13 21:25:45,899: ... load_parameters complete
[roslaunch][INFO] 2016-07-13 21:25:45,900: launch_nodes: launching local nodes ...
[roslaunch][INFO] 2016-07-13 21:25:45,902: ... preparing to launch node of type [wpi_jaco_wrapper/jaco_arm_trajectory_node]
[roslaunch][INFO] 2016-07-13 21:25:45,902: create_node_process: package[wpi_jaco_wrapper] type[jaco_arm_trajectory_node] machine[Machine(name[] env_loader[None] address[localhost] ssh_port[22] user[None] assignable[True] timeout[10.0])] master_uri[http://localhost:11311]
[roslaunch][INFO] 2016-07-13 21:25:45,903: process[jaco_arm_trajectory_node-2]: env[{'ROS_DISTRO': 'indigo', 'SSH_CLIENT': '10.0.2.2 49390 22', 'CPATH': '/home/vagrant/therblig-motion-library/mico/wpi_jaco/devel/include:/opt/ros/indigo/include', 'LOGNAME': 'vagrant', 'USER': 'vagrant', 'HOME': '/home/vagrant', 'PATH': '/home/vagrant/therblig-motion-library/mico/wpi_jaco/devel/bin:/opt/ros/indigo/bin:/usr/local/sbin:/usr/local/bin:/usr/sbin:/usr/bin:/sbin:/bin:/usr/games:/usr/local/games', 'CMAKE_PREFIX_PATH': '/home/vagrant/therblig-motion-library/mico/wpi_jaco/devel:/opt/ros/indigo', 'ROS_LOG_FILENAME': '/home/vagrant/.ros/log/537e11d8-4940-11e6-a3ed-080027a2ea64/roslaunch-ros-indigo-desktop-trusty64-3291.log', 'LANG': 'en_US.UTF-8', 'TERM': 'xterm-256color', 'SHELL': '/bin/bash', 'SHLVL': '2', 'ROS_TEST_RESULTS_DIR': '/home/vagrant/therblig-motion-library/mico/wpi_jaco/build/test_results', 'QT_QPA_PLATFORMTHEME': 'appmenu-qt5', 'LD_LIBRARY_PATH': '/home/vagrant/therblig-motion-library/mico/wpi_jaco/devel/lib:/home/vagrant/therblig-motion-library/mico/wpi_jaco/devel/lib/x86_64-linux-gnu:/opt/ros/indigo/lib/x86_64-linux-gnu:/opt/ros/indigo/lib', 'ROS_MASTER_URI': 'http://localhost:11311', 'XDG_RUNTIME_DIR': '/run/user/1000', 'PYTHONPATH': '/home/vagrant/therblig-motion-library/mico/wpi_jaco/devel/lib/python2.7/dist-packages:/opt/ros/indigo/lib/python2.7/dist-packages', 'ROS_ROOT': '/opt/ros/indigo/share/ros', 'PKG_CONFIG_PATH': '/home/vagrant/therblig-motion-library/mico/wpi_jaco/devel/lib/pkgconfig:/home/vagrant/therblig-motion-library/mico/wpi_jaco/devel/lib/x86_64-linux-gnu/pkgconfig:/opt/ros/indigo/lib/x86_64-linux-gnu/pkgconfig:/opt/ros/indigo/lib/pkgconfig', 'ROS_PACKAGE_PATH': '/home/vagrant/therblig-motion-library/mico/wpi_jaco/src:/opt/ros/indigo/share:/opt/ros/indigo/stacks', 'XDG_SESSION_ID': '2', '_': '/opt/ros/indigo/bin/roslaunch', 'CATKIN_TEST_RESULTS_DIR': '/home/vagrant/therblig-motion-library/mico/wpi_jaco/build/test_results', 'SSH_TTY': '/dev/pts/0', 'OLDPWD': '/home/vagrant/therblig-motion-library/mico/wpi_jaco', 'ROSLISP_PACKAGE_DIRECTORIES': '/home/vagrant/therblig-motion-library/mico/wpi_jaco/devel/share/common-lisp', 'PWD': '/home/vagrant/therblig-motion-library/mico/wpi_jaco', 'ROS_ETC_DIR': '/opt/ros/indigo/etc/ros', 'MAIL': '/var/mail/vagrant', 'SSH_CONNECTION': '10.0.2.2 49390 10.0.2.15 22'}]
[roslaunch][INFO] 2016-07-13 21:25:46,901: process[jaco_arm_trajectory_node-2]: args[[u'/home/vagrant/therblig-motion-library/mico/wpi_jaco/devel/lib/wpi_jaco_wrapper/jaco_arm_trajectory_node', u'mico_arm/fingers_controller:=mico_arm/fingers_controller/gripper', u'mico_arm/arm_controller:=mico_arm/arm_controller/trajectory', u'mico_arm/smooth_arm_controller:=mico_arm/smooth_arm_controller/trajectory', u'mico_arm/joint_velocity_controller:=mico_arm/joint_velocity_controller/trajectory', u'__name:=jaco_arm_trajectory_node']]
[roslaunch][INFO] 2016-07-13 21:25:46,904: ... created process [jaco_arm_trajectory_node-2]
[roslaunch.pmon][INFO] 2016-07-13 21:25:46,904: ProcessMonitor.register[jaco_arm_trajectory_node-2]
[roslaunch.pmon][INFO] 2016-07-13 21:25:46,905: ProcessMonitor.register[jaco_arm_trajectory_node-2] complete
[roslaunch][INFO] 2016-07-13 21:25:46,905: ... registered process [jaco_arm_trajectory_node-2]
[roslaunch][INFO] 2016-07-13 21:25:46,905: process[jaco_arm_trajectory_node-2]: starting os process
[roslaunch][INFO] 2016-07-13 21:25:46,906: process[jaco_arm_trajectory_node-2]: start w/ args [[u'/home/vagrant/therblig-motion-library/mico/wpi_jaco/devel/lib/wpi_jaco_wrapper/jaco_arm_trajectory_node', u'mico_arm/fingers_controller:=mico_arm/fingers_controller/gripper', u'mico_arm/arm_controller:=mico_arm/arm_controller/trajectory', u'mico_arm/smooth_arm_controller:=mico_arm/smooth_arm_controller/trajectory', u'mico_arm/joint_velocity_controller:=mico_arm/joint_velocity_controller/trajectory', u'__name:=jaco_arm_trajectory_node', u'__log:=/home/vagrant/.ros/log/537e11d8-4940-11e6-a3ed-080027a2ea64/jaco_arm_trajectory_node-2.log']]
[roslaunch][INFO] 2016-07-13 21:25:46,908: process[jaco_arm_trajectory_node-2]: cwd will be [/home/vagrant/.ros]
[roslaunch][INFO] 2016-07-13 21:25:46,925: process[jaco_arm_trajectory_node-2]: started with pid [3341]
[roslaunch][INFO] 2016-07-13 21:25:46,925: ... successfully launched [jaco_arm_trajectory_node-2]
[roslaunch][INFO] 2016-07-13 21:25:46,926: ... preparing to launch node of type [wpi_jaco_wrapper/jaco_manipulation]
[roslaunch][INFO] 2016-07-13 21:25:46,927: create_node_process: package[wpi_jaco_wrapper] type[jaco_manipulation] machine[Machine(name[] env_loader[None] address[localhost] ssh_port[22] user[None] assignable[True] timeout[10.0])] master_uri[http://localhost:11311]
[roslaunch][INFO] 2016-07-13 21:25:46,928: process[jaco_manipulation-3]: env[{'ROS_DISTRO': 'indigo', 'SSH_CLIENT': '10.0.2.2 49390 22', 'CPATH': '/home/vagrant/therblig-motion-library/mico/wpi_jaco/devel/include:/opt/ros/indigo/include', 'LOGNAME': 'vagrant', 'USER': 'vagrant', 'HOME': '/home/vagrant', 'PATH': '/home/vagrant/therblig-motion-library/mico/wpi_jaco/devel/bin:/opt/ros/indigo/bin:/usr/local/sbin:/usr/local/bin:/usr/sbin:/usr/bin:/sbin:/bin:/usr/games:/usr/local/games', 'CMAKE_PREFIX_PATH': '/home/vagrant/therblig-motion-library/mico/wpi_jaco/devel:/opt/ros/indigo', 'ROS_LOG_FILENAME': '/home/vagrant/.ros/log/537e11d8-4940-11e6-a3ed-080027a2ea64/roslaunch-ros-indigo-desktop-trusty64-3291.log', 'LANG': 'en_US.UTF-8', 'TERM': 'xterm-256color', 'SHELL': '/bin/bash', 'SHLVL': '2', 'ROS_TEST_RESULTS_DIR': '/home/vagrant/therblig-motion-library/mico/wpi_jaco/build/test_results', 'QT_QPA_PLATFORMTHEME': 'appmenu-qt5', 'LD_LIBRARY_PATH': '/home/vagrant/therblig-motion-library/mico/wpi_jaco/devel/lib:/home/vagrant/therblig-motion-library/mico/wpi_jaco/devel/lib/x86_64-linux-gnu:/opt/ros/indigo/lib/x86_64-linux-gnu:/opt/ros/indigo/lib', 'ROS_MASTER_URI': 'http://localhost:11311', 'XDG_RUNTIME_DIR': '/run/user/1000', 'PYTHONPATH': '/home/vagrant/therblig-motion-library/mico/wpi_jaco/devel/lib/python2.7/dist-packages:/opt/ros/indigo/lib/python2.7/dist-packages', 'ROS_ROOT': '/opt/ros/indigo/share/ros', 'PKG_CONFIG_PATH': '/home/vagrant/therblig-motion-library/mico/wpi_jaco/devel/lib/pkgconfig:/home/vagrant/therblig-motion-library/mico/wpi_jaco/devel/lib/x86_64-linux-gnu/pkgconfig:/opt/ros/indigo/lib/x86_64-linux-gnu/pkgconfig:/opt/ros/indigo/lib/pkgconfig', 'ROS_PACKAGE_PATH': '/home/vagrant/therblig-motion-library/mico/wpi_jaco/src:/opt/ros/indigo/share:/opt/ros/indigo/stacks', 'XDG_SESSION_ID': '2', '_': '/opt/ros/indigo/bin/roslaunch', 'CATKIN_TEST_RESULTS_DIR': '/home/vagrant/therblig-motion-library/mico/wpi_jaco/build/test_results', 'SSH_TTY': '/dev/pts/0', 'OLDPWD': '/home/vagrant/therblig-motion-library/mico/wpi_jaco', 'ROSLISP_PACKAGE_DIRECTORIES': '/home/vagrant/therblig-motion-library/mico/wpi_jaco/devel/share/common-lisp', 'PWD': '/home/vagrant/therblig-motion-library/mico/wpi_jaco', 'ROS_ETC_DIR': '/opt/ros/indigo/etc/ros', 'MAIL': '/var/mail/vagrant', 'SSH_CONNECTION': '10.0.2.2 49390 10.0.2.15 22'}]
[roslaunch][INFO] 2016-07-13 21:25:48,101: process[jaco_manipulation-3]: args[[u'/home/vagrant/therblig-motion-library/mico/wpi_jaco/devel/lib/wpi_jaco_wrapper/jaco_manipulation', u'__name:=jaco_manipulation']]
[roslaunch][INFO] 2016-07-13 21:25:48,101: ... created process [jaco_manipulation-3]
[roslaunch.pmon][INFO] 2016-07-13 21:25:48,102: ProcessMonitor.register[jaco_manipulation-3]
[roslaunch.pmon][INFO] 2016-07-13 21:25:48,102: ProcessMonitor.register[jaco_manipulation-3] complete
[roslaunch][INFO] 2016-07-13 21:25:48,103: ... registered process [jaco_manipulation-3]
[roslaunch][INFO] 2016-07-13 21:25:48,103: process[jaco_manipulation-3]: starting os process
[roslaunch][INFO] 2016-07-13 21:25:48,104: process[jaco_manipulation-3]: start w/ args [[u'/home/vagrant/therblig-motion-library/mico/wpi_jaco/devel/lib/wpi_jaco_wrapper/jaco_manipulation', u'__name:=jaco_manipulation', u'__log:=/home/vagrant/.ros/log/537e11d8-4940-11e6-a3ed-080027a2ea64/jaco_manipulation-3.log']]
[roslaunch][INFO] 2016-07-13 21:25:48,104: process[jaco_manipulation-3]: cwd will be [/home/vagrant/.ros]
[roslaunch][INFO] 2016-07-13 21:25:48,121: process[jaco_manipulation-3]: started with pid [3368]
[roslaunch][INFO] 2016-07-13 21:25:48,122: ... successfully launched [jaco_manipulation-3]
[roslaunch][INFO] 2016-07-13 21:25:48,123: ... preparing to launch node of type [wpi_jaco_wrapper/jaco_conversions]
[roslaunch][INFO] 2016-07-13 21:25:48,124: create_node_process: package[wpi_jaco_wrapper] type[jaco_conversions] machine[Machine(name[] env_loader[None] address[localhost] ssh_port[22] user[None] assignable[True] timeout[10.0])] master_uri[http://localhost:11311]
[roslaunch][INFO] 2016-07-13 21:25:48,124: process[jaco_conversions-4]: env[{'ROS_DISTRO': 'indigo', 'SSH_CLIENT': '10.0.2.2 49390 22', 'CPATH': '/home/vagrant/therblig-motion-library/mico/wpi_jaco/devel/include:/opt/ros/indigo/include', 'LOGNAME': 'vagrant', 'USER': 'vagrant', 'HOME': '/home/vagrant', 'PATH': '/home/vagrant/therblig-motion-library/mico/wpi_jaco/devel/bin:/opt/ros/indigo/bin:/usr/local/sbin:/usr/local/bin:/usr/sbin:/usr/bin:/sbin:/bin:/usr/games:/usr/local/games', 'CMAKE_PREFIX_PATH': '/home/vagrant/therblig-motion-library/mico/wpi_jaco/devel:/opt/ros/indigo', 'ROS_LOG_FILENAME': '/home/vagrant/.ros/log/537e11d8-4940-11e6-a3ed-080027a2ea64/roslaunch-ros-indigo-desktop-trusty64-3291.log', 'LANG': 'en_US.UTF-8', 'TERM': 'xterm-256color', 'SHELL': '/bin/bash', 'SHLVL': '2', 'ROS_TEST_RESULTS_DIR': '/home/vagrant/therblig-motion-library/mico/wpi_jaco/build/test_results', 'QT_QPA_PLATFORMTHEME': 'appmenu-qt5', 'LD_LIBRARY_PATH': '/home/vagrant/therblig-motion-library/mico/wpi_jaco/devel/lib:/home/vagrant/therblig-motion-library/mico/wpi_jaco/devel/lib/x86_64-linux-gnu:/opt/ros/indigo/lib/x86_64-linux-gnu:/opt/ros/indigo/lib', 'ROS_MASTER_URI': 'http://localhost:11311', 'XDG_RUNTIME_DIR': '/run/user/1000', 'PYTHONPATH': '/home/vagrant/therblig-motion-library/mico/wpi_jaco/devel/lib/python2.7/dist-packages:/opt/ros/indigo/lib/python2.7/dist-packages', 'ROS_ROOT': '/opt/ros/indigo/share/ros', 'PKG_CONFIG_PATH': '/home/vagrant/therblig-motion-library/mico/wpi_jaco/devel/lib/pkgconfig:/home/vagrant/therblig-motion-library/mico/wpi_jaco/devel/lib/x86_64-linux-gnu/pkgconfig:/opt/ros/indigo/lib/x86_64-linux-gnu/pkgconfig:/opt/ros/indigo/lib/pkgconfig', 'ROS_PACKAGE_PATH': '/home/vagrant/therblig-motion-library/mico/wpi_jaco/src:/opt/ros/indigo/share:/opt/ros/indigo/stacks', 'XDG_SESSION_ID': '2', '_': '/opt/ros/indigo/bin/roslaunch', 'CATKIN_TEST_RESULTS_DIR': '/home/vagrant/therblig-motion-library/mico/wpi_jaco/build/test_results', 'SSH_TTY': '/dev/pts/0', 'OLDPWD': '/home/vagrant/therblig-motion-library/mico/wpi_jaco', 'ROSLISP_PACKAGE_DIRECTORIES': '/home/vagrant/therblig-motion-library/mico/wpi_jaco/devel/share/common-lisp', 'PWD': '/home/vagrant/therblig-motion-library/mico/wpi_jaco', 'ROS_ETC_DIR': '/opt/ros/indigo/etc/ros', 'MAIL': '/var/mail/vagrant', 'SSH_CONNECTION': '10.0.2.2 49390 10.0.2.15 22'}]
[roslaunch][INFO] 2016-07-13 21:25:49,369: process[jaco_conversions-4]: args[[u'/home/vagrant/therblig-motion-library/mico/wpi_jaco/devel/lib/wpi_jaco_wrapper/jaco_conversions', u'__name:=jaco_conversions']]
[roslaunch][INFO] 2016-07-13 21:25:49,372: ... created process [jaco_conversions-4]
[roslaunch.pmon][INFO] 2016-07-13 21:25:49,373: ProcessMonitor.register[jaco_conversions-4]
[roslaunch.pmon][INFO] 2016-07-13 21:25:49,373: ProcessMonitor.register[jaco_conversions-4] complete
[roslaunch][INFO] 2016-07-13 21:25:49,374: ... registered process [jaco_conversions-4]
[roslaunch][INFO] 2016-07-13 21:25:49,376: process[jaco_conversions-4]: starting os process
[roslaunch][INFO] 2016-07-13 21:25:49,379: process[jaco_conversions-4]: start w/ args [[u'/home/vagrant/therblig-motion-library/mico/wpi_jaco/devel/lib/wpi_jaco_wrapper/jaco_conversions', u'__name:=jaco_conversions', u'__log:=/home/vagrant/.ros/log/537e11d8-4940-11e6-a3ed-080027a2ea64/jaco_conversions-4.log']]
[roslaunch][INFO] 2016-07-13 21:25:49,379: process[jaco_conversions-4]: cwd will be [/home/vagrant/.ros]
[roslaunch][INFO] 2016-07-13 21:25:49,394: process[jaco_conversions-4]: started with pid [3417]
[roslaunch][INFO] 2016-07-13 21:25:49,395: ... successfully launched [jaco_conversions-4]
[roslaunch][INFO] 2016-07-13 21:25:49,396: ... preparing to launch node of type [wpi_jaco_wrapper/jaco_kinematics]
[roslaunch][INFO] 2016-07-13 21:25:49,396: create_node_process: package[wpi_jaco_wrapper] type[jaco_kinematics] machine[Machine(name[] env_loader[None] address[localhost] ssh_port[22] user[None] assignable[True] timeout[10.0])] master_uri[http://localhost:11311]
[roslaunch][INFO] 2016-07-13 21:25:49,398: process[jaco_kinematics-5]: env[{'ROS_DISTRO': 'indigo', 'SSH_CLIENT': '10.0.2.2 49390 22', 'CPATH': '/home/vagrant/therblig-motion-library/mico/wpi_jaco/devel/include:/opt/ros/indigo/include', 'LOGNAME': 'vagrant', 'USER': 'vagrant', 'HOME': '/home/vagrant', 'PATH': '/home/vagrant/therblig-motion-library/mico/wpi_jaco/devel/bin:/opt/ros/indigo/bin:/usr/local/sbin:/usr/local/bin:/usr/sbin:/usr/bin:/sbin:/bin:/usr/games:/usr/local/games', 'CMAKE_PREFIX_PATH': '/home/vagrant/therblig-motion-library/mico/wpi_jaco/devel:/opt/ros/indigo', 'ROS_LOG_FILENAME': '/home/vagrant/.ros/log/537e11d8-4940-11e6-a3ed-080027a2ea64/roslaunch-ros-indigo-desktop-trusty64-3291.log', 'LANG': 'en_US.UTF-8', 'TERM': 'xterm-256color', 'SHELL': '/bin/bash', 'SHLVL': '2', 'ROS_TEST_RESULTS_DIR': '/home/vagrant/therblig-motion-library/mico/wpi_jaco/build/test_results', 'QT_QPA_PLATFORMTHEME': 'appmenu-qt5', 'LD_LIBRARY_PATH': '/home/vagrant/therblig-motion-library/mico/wpi_jaco/devel/lib:/home/vagrant/therblig-motion-library/mico/wpi_jaco/devel/lib/x86_64-linux-gnu:/opt/ros/indigo/lib/x86_64-linux-gnu:/opt/ros/indigo/lib', 'ROS_MASTER_URI': 'http://localhost:11311', 'XDG_RUNTIME_DIR': '/run/user/1000', 'PYTHONPATH': '/home/vagrant/therblig-motion-library/mico/wpi_jaco/devel/lib/python2.7/dist-packages:/opt/ros/indigo/lib/python2.7/dist-packages', 'ROS_ROOT': '/opt/ros/indigo/share/ros', 'PKG_CONFIG_PATH': '/home/vagrant/therblig-motion-library/mico/wpi_jaco/devel/lib/pkgconfig:/home/vagrant/therblig-motion-library/mico/wpi_jaco/devel/lib/x86_64-linux-gnu/pkgconfig:/opt/ros/indigo/lib/x86_64-linux-gnu/pkgconfig:/opt/ros/indigo/lib/pkgconfig', 'ROS_PACKAGE_PATH': '/home/vagrant/therblig-motion-library/mico/wpi_jaco/src:/opt/ros/indigo/share:/opt/ros/indigo/stacks', 'XDG_SESSION_ID': '2', '_': '/opt/ros/indigo/bin/roslaunch', 'CATKIN_TEST_RESULTS_DIR': '/home/vagrant/therblig-motion-library/mico/wpi_jaco/build/test_results', 'SSH_TTY': '/dev/pts/0', 'OLDPWD': '/home/vagrant/therblig-motion-library/mico/wpi_jaco', 'ROSLISP_PACKAGE_DIRECTORIES': '/home/vagrant/therblig-motion-library/mico/wpi_jaco/devel/share/common-lisp', 'PWD': '/home/vagrant/therblig-motion-library/mico/wpi_jaco', 'ROS_ETC_DIR': '/opt/ros/indigo/etc/ros', 'MAIL': '/var/mail/vagrant', 'SSH_CONNECTION': '10.0.2.2 49390 10.0.2.15 22'}]
[roslaunch][INFO] 2016-07-13 21:25:50,727: process[jaco_kinematics-5]: args[[u'/home/vagrant/therblig-motion-library/mico/wpi_jaco/devel/lib/wpi_jaco_wrapper/jaco_kinematics', u'__name:=jaco_kinematics']]
[roslaunch][INFO] 2016-07-13 21:25:50,728: ... created process [jaco_kinematics-5]
[roslaunch.pmon][INFO] 2016-07-13 21:25:50,728: ProcessMonitor.register[jaco_kinematics-5]
[roslaunch.pmon][INFO] 2016-07-13 21:25:50,729: ProcessMonitor.register[jaco_kinematics-5] complete
[roslaunch][INFO] 2016-07-13 21:25:50,729: ... registered process [jaco_kinematics-5]
[roslaunch][INFO] 2016-07-13 21:25:50,729: process[jaco_kinematics-5]: starting os process
[roslaunch][INFO] 2016-07-13 21:25:50,733: process[jaco_kinematics-5]: start w/ args [[u'/home/vagrant/therblig-motion-library/mico/wpi_jaco/devel/lib/wpi_jaco_wrapper/jaco_kinematics', u'__name:=jaco_kinematics', u'__log:=/home/vagrant/.ros/log/537e11d8-4940-11e6-a3ed-080027a2ea64/jaco_kinematics-5.log']]
[roslaunch][INFO] 2016-07-13 21:25:50,733: process[jaco_kinematics-5]: cwd will be [/home/vagrant/.ros]
[roslaunch][INFO] 2016-07-13 21:25:50,754: process[jaco_kinematics-5]: started with pid [3431]
[roslaunch][INFO] 2016-07-13 21:25:50,755: ... successfully launched [jaco_kinematics-5]
[roslaunch][INFO] 2016-07-13 21:25:50,756: ... preparing to launch node of type [robot_state_publisher/robot_state_publisher]
[roslaunch][INFO] 2016-07-13 21:25:50,756: create_node_process: package[robot_state_publisher] type[robot_state_publisher] machine[Machine(name[] env_loader[None] address[localhost] ssh_port[22] user[None] assignable[True] timeout[10.0])] master_uri[http://localhost:11311]
[roslaunch][INFO] 2016-07-13 21:25:50,757: process[robot_state_publisher-6]: env[{'ROS_DISTRO': 'indigo', 'SSH_CLIENT': '10.0.2.2 49390 22', 'CPATH': '/home/vagrant/therblig-motion-library/mico/wpi_jaco/devel/include:/opt/ros/indigo/include', 'LOGNAME': 'vagrant', 'USER': 'vagrant', 'HOME': '/home/vagrant', 'PATH': '/home/vagrant/therblig-motion-library/mico/wpi_jaco/devel/bin:/opt/ros/indigo/bin:/usr/local/sbin:/usr/local/bin:/usr/sbin:/usr/bin:/sbin:/bin:/usr/games:/usr/local/games', 'CMAKE_PREFIX_PATH': '/home/vagrant/therblig-motion-library/mico/wpi_jaco/devel:/opt/ros/indigo', 'ROS_LOG_FILENAME': '/home/vagrant/.ros/log/537e11d8-4940-11e6-a3ed-080027a2ea64/roslaunch-ros-indigo-desktop-trusty64-3291.log', 'LANG': 'en_US.UTF-8', 'TERM': 'xterm-256color', 'SHELL': '/bin/bash', 'SHLVL': '2', 'ROS_TEST_RESULTS_DIR': '/home/vagrant/therblig-motion-library/mico/wpi_jaco/build/test_results', 'QT_QPA_PLATFORMTHEME': 'appmenu-qt5', 'LD_LIBRARY_PATH': '/home/vagrant/therblig-motion-library/mico/wpi_jaco/devel/lib:/home/vagrant/therblig-motion-library/mico/wpi_jaco/devel/lib/x86_64-linux-gnu:/opt/ros/indigo/lib/x86_64-linux-gnu:/opt/ros/indigo/lib', 'ROS_MASTER_URI': 'http://localhost:11311', 'XDG_RUNTIME_DIR': '/run/user/1000', 'PYTHONPATH': '/home/vagrant/therblig-motion-library/mico/wpi_jaco/devel/lib/python2.7/dist-packages:/opt/ros/indigo/lib/python2.7/dist-packages', 'ROS_ROOT': '/opt/ros/indigo/share/ros', 'PKG_CONFIG_PATH': '/home/vagrant/therblig-motion-library/mico/wpi_jaco/devel/lib/pkgconfig:/home/vagrant/therblig-motion-library/mico/wpi_jaco/devel/lib/x86_64-linux-gnu/pkgconfig:/opt/ros/indigo/lib/x86_64-linux-gnu/pkgconfig:/opt/ros/indigo/lib/pkgconfig', 'ROS_PACKAGE_PATH': '/home/vagrant/therblig-motion-library/mico/wpi_jaco/src:/opt/ros/indigo/share:/opt/ros/indigo/stacks', 'XDG_SESSION_ID': '2', '_': '/opt/ros/indigo/bin/roslaunch', 'CATKIN_TEST_RESULTS_DIR': '/home/vagrant/therblig-motion-library/mico/wpi_jaco/build/test_results', 'SSH_TTY': '/dev/pts/0', 'OLDPWD': '/home/vagrant/therblig-motion-library/mico/wpi_jaco', 'ROSLISP_PACKAGE_DIRECTORIES': '/home/vagrant/therblig-motion-library/mico/wpi_jaco/devel/share/common-lisp', 'PWD': '/home/vagrant/therblig-motion-library/mico/wpi_jaco', 'ROS_ETC_DIR': '/opt/ros/indigo/etc/ros', 'MAIL': '/var/mail/vagrant', 'SSH_CONNECTION': '10.0.2.2 49390 10.0.2.15 22'}]
[roslaunch][INFO] 2016-07-13 21:25:51,900: process[robot_state_publisher-6]: args[[u'/opt/ros/indigo/lib/robot_state_publisher/robot_state_publisher', u'__name:=robot_state_publisher']]
[roslaunch][INFO] 2016-07-13 21:25:51,904: ... created process [robot_state_publisher-6]
[roslaunch.pmon][INFO] 2016-07-13 21:25:51,907: ProcessMonitor.register[robot_state_publisher-6]
[roslaunch.pmon][INFO] 2016-07-13 21:25:51,908: ProcessMonitor.register[robot_state_publisher-6] complete
[roslaunch][INFO] 2016-07-13 21:25:51,908: ... registered process [robot_state_publisher-6]
[roslaunch][INFO] 2016-07-13 21:25:51,909: process[robot_state_publisher-6]: starting os process
[roslaunch][INFO] 2016-07-13 21:25:51,916: process[robot_state_publisher-6]: start w/ args [[u'/opt/ros/indigo/lib/robot_state_publisher/robot_state_publisher', u'__name:=robot_state_publisher', u'__log:=/home/vagrant/.ros/log/537e11d8-4940-11e6-a3ed-080027a2ea64/robot_state_publisher-6.log']]
[roslaunch][INFO] 2016-07-13 21:25:51,917: process[robot_state_publisher-6]: cwd will be [/home/vagrant/.ros]
[roslaunch][INFO] 2016-07-13 21:25:51,923: process[robot_state_publisher-6]: started with pid [3444]
[roslaunch][INFO] 2016-07-13 21:25:51,924: ... successfully launched [robot_state_publisher-6]
[roslaunch][INFO] 2016-07-13 21:25:51,924: ... preparing to launch node of type [joint_state_publisher/joint_state_publisher]
[roslaunch][INFO] 2016-07-13 21:25:51,924: create_node_process: package[joint_state_publisher] type[joint_state_publisher] machine[Machine(name[] env_loader[None] address[localhost] ssh_port[22] user[None] assignable[True] timeout[10.0])] master_uri[http://localhost:11311]
[roslaunch][INFO] 2016-07-13 21:25:51,925: process[joint_state_publisher-7]: env[{'ROS_DISTRO': 'indigo', 'SSH_CLIENT': '10.0.2.2 49390 22', 'CPATH': '/home/vagrant/therblig-motion-library/mico/wpi_jaco/devel/include:/opt/ros/indigo/include', 'LOGNAME': 'vagrant', 'USER': 'vagrant', 'HOME': '/home/vagrant', 'PATH': '/home/vagrant/therblig-motion-library/mico/wpi_jaco/devel/bin:/opt/ros/indigo/bin:/usr/local/sbin:/usr/local/bin:/usr/sbin:/usr/bin:/sbin:/bin:/usr/games:/usr/local/games', 'CMAKE_PREFIX_PATH': '/home/vagrant/therblig-motion-library/mico/wpi_jaco/devel:/opt/ros/indigo', 'ROS_LOG_FILENAME': '/home/vagrant/.ros/log/537e11d8-4940-11e6-a3ed-080027a2ea64/roslaunch-ros-indigo-desktop-trusty64-3291.log', 'LANG': 'en_US.UTF-8', 'TERM': 'xterm-256color', 'SHELL': '/bin/bash', 'SHLVL': '2', 'ROS_TEST_RESULTS_DIR': '/home/vagrant/therblig-motion-library/mico/wpi_jaco/build/test_results', 'QT_QPA_PLATFORMTHEME': 'appmenu-qt5', 'LD_LIBRARY_PATH': '/home/vagrant/therblig-motion-library/mico/wpi_jaco/devel/lib:/home/vagrant/therblig-motion-library/mico/wpi_jaco/devel/lib/x86_64-linux-gnu:/opt/ros/indigo/lib/x86_64-linux-gnu:/opt/ros/indigo/lib', 'ROS_MASTER_URI': 'http://localhost:11311', 'XDG_RUNTIME_DIR': '/run/user/1000', 'PYTHONPATH': '/home/vagrant/therblig-motion-library/mico/wpi_jaco/devel/lib/python2.7/dist-packages:/opt/ros/indigo/lib/python2.7/dist-packages', 'ROS_ROOT': '/opt/ros/indigo/share/ros', 'PKG_CONFIG_PATH': '/home/vagrant/therblig-motion-library/mico/wpi_jaco/devel/lib/pkgconfig:/home/vagrant/therblig-motion-library/mico/wpi_jaco/devel/lib/x86_64-linux-gnu/pkgconfig:/opt/ros/indigo/lib/x86_64-linux-gnu/pkgconfig:/opt/ros/indigo/lib/pkgconfig', 'ROS_PACKAGE_PATH': '/home/vagrant/therblig-motion-library/mico/wpi_jaco/src:/opt/ros/indigo/share:/opt/ros/indigo/stacks', 'XDG_SESSION_ID': '2', '_': '/opt/ros/indigo/bin/roslaunch', 'CATKIN_TEST_RESULTS_DIR': '/home/vagrant/therblig-motion-library/mico/wpi_jaco/build/test_results', 'SSH_TTY': '/dev/pts/0', 'OLDPWD': '/home/vagrant/therblig-motion-library/mico/wpi_jaco', 'ROSLISP_PACKAGE_DIRECTORIES': '/home/vagrant/therblig-motion-library/mico/wpi_jaco/devel/share/common-lisp', 'PWD': '/home/vagrant/therblig-motion-library/mico/wpi_jaco', 'ROS_ETC_DIR': '/opt/ros/indigo/etc/ros', 'MAIL': '/var/mail/vagrant', 'SSH_CONNECTION': '10.0.2.2 49390 10.0.2.15 22'}]
[roslaunch][INFO] 2016-07-13 21:25:52,989: process[joint_state_publisher-7]: args[[u'/opt/ros/indigo/lib/joint_state_publisher/joint_state_publisher', u'__name:=joint_state_publisher']]
[roslaunch][INFO] 2016-07-13 21:25:52,990: ... created process [joint_state_publisher-7]
[roslaunch.pmon][INFO] 2016-07-13 21:25:52,990: ProcessMonitor.register[joint_state_publisher-7]
[roslaunch.pmon][INFO] 2016-07-13 21:25:52,991: ProcessMonitor.register[joint_state_publisher-7] complete
[roslaunch][INFO] 2016-07-13 21:25:52,992: ... registered process [joint_state_publisher-7]
[roslaunch][INFO] 2016-07-13 21:25:52,992: process[joint_state_publisher-7]: starting os process
[roslaunch][INFO] 2016-07-13 21:25:52,996: process[joint_state_publisher-7]: start w/ args [[u'/opt/ros/indigo/lib/joint_state_publisher/joint_state_publisher', u'__name:=joint_state_publisher', u'__log:=/home/vagrant/.ros/log/537e11d8-4940-11e6-a3ed-080027a2ea64/joint_state_publisher-7.log']]
[roslaunch][INFO] 2016-07-13 21:25:52,998: process[joint_state_publisher-7]: cwd will be [/home/vagrant/.ros]
[roslaunch][INFO] 2016-07-13 21:25:53,005: process[joint_state_publisher-7]: started with pid [3469]
[roslaunch][INFO] 2016-07-13 21:25:53,006: ... successfully launched [joint_state_publisher-7]
[roslaunch][INFO] 2016-07-13 21:25:53,007: ... preparing to launch node of type [moveit_ros_move_group/move_group]
[roslaunch][INFO] 2016-07-13 21:25:53,007: create_node_process: package[moveit_ros_move_group] type[move_group] machine[Machine(name[] env_loader[None] address[localhost] ssh_port[22] user[None] assignable[True] timeout[10.0])] master_uri[http://localhost:11311]
[roslaunch][INFO] 2016-07-13 21:25:53,008: process[move_group-8]: env[{'ROS_DISTRO': 'indigo', 'SSH_CLIENT': '10.0.2.2 49390 22', 'CPATH': '/home/vagrant/therblig-motion-library/mico/wpi_jaco/devel/include:/opt/ros/indigo/include', 'LOGNAME': 'vagrant', 'USER': 'vagrant', 'HOME': '/home/vagrant', 'PATH': '/home/vagrant/therblig-motion-library/mico/wpi_jaco/devel/bin:/opt/ros/indigo/bin:/usr/local/sbin:/usr/local/bin:/usr/sbin:/usr/bin:/sbin:/bin:/usr/games:/usr/local/games', 'CMAKE_PREFIX_PATH': '/home/vagrant/therblig-motion-library/mico/wpi_jaco/devel:/opt/ros/indigo', 'ROS_LOG_FILENAME': '/home/vagrant/.ros/log/537e11d8-4940-11e6-a3ed-080027a2ea64/roslaunch-ros-indigo-desktop-trusty64-3291.log', 'LANG': 'en_US.UTF-8', 'TERM': 'xterm-256color', 'SHELL': '/bin/bash', 'SHLVL': '2', 'ROS_TEST_RESULTS_DIR': '/home/vagrant/therblig-motion-library/mico/wpi_jaco/build/test_results', 'QT_QPA_PLATFORMTHEME': 'appmenu-qt5', 'LD_LIBRARY_PATH': '/home/vagrant/therblig-motion-library/mico/wpi_jaco/devel/lib:/home/vagrant/therblig-motion-library/mico/wpi_jaco/devel/lib/x86_64-linux-gnu:/opt/ros/indigo/lib/x86_64-linux-gnu:/opt/ros/indigo/lib', 'ROS_MASTER_URI': 'http://localhost:11311', 'XDG_RUNTIME_DIR': '/run/user/1000', 'PYTHONPATH': '/home/vagrant/therblig-motion-library/mico/wpi_jaco/devel/lib/python2.7/dist-packages:/opt/ros/indigo/lib/python2.7/dist-packages', 'ROS_ROOT': '/opt/ros/indigo/share/ros', 'PKG_CONFIG_PATH': '/home/vagrant/therblig-motion-library/mico/wpi_jaco/devel/lib/pkgconfig:/home/vagrant/therblig-motion-library/mico/wpi_jaco/devel/lib/x86_64-linux-gnu/pkgconfig:/opt/ros/indigo/lib/x86_64-linux-gnu/pkgconfig:/opt/ros/indigo/lib/pkgconfig', 'ROS_PACKAGE_PATH': '/home/vagrant/therblig-motion-library/mico/wpi_jaco/src:/opt/ros/indigo/share:/opt/ros/indigo/stacks', 'XDG_SESSION_ID': '2', '_': '/opt/ros/indigo/bin/roslaunch', 'CATKIN_TEST_RESULTS_DIR': '/home/vagrant/therblig-motion-library/mico/wpi_jaco/build/test_results', u'DISPLAY': u':0', 'SSH_TTY': '/dev/pts/0', 'OLDPWD': '/home/vagrant/therblig-motion-library/mico/wpi_jaco', 'ROSLISP_PACKAGE_DIRECTORIES': '/home/vagrant/therblig-motion-library/mico/wpi_jaco/devel/share/common-lisp', 'PWD': '/home/vagrant/therblig-motion-library/mico/wpi_jaco', 'ROS_ETC_DIR': '/opt/ros/indigo/etc/ros', 'MAIL': '/var/mail/vagrant', 'SSH_CONNECTION': '10.0.2.2 49390 10.0.2.15 22'}]
[roslaunch][INFO] 2016-07-13 21:25:54,041: process[move_group-8]: args[[u'/opt/ros/indigo/lib/moveit_ros_move_group/move_group', '--debug', u'__name:=move_group']]
[roslaunch][INFO] 2016-07-13 21:25:54,044: ... created process [move_group-8]
[roslaunch.pmon][INFO] 2016-07-13 21:25:54,044: ProcessMonitor.register[move_group-8]
[roslaunch.pmon][INFO] 2016-07-13 21:25:54,045: ProcessMonitor.register[move_group-8] complete
[roslaunch][INFO] 2016-07-13 21:25:54,046: ... registered process [move_group-8]
[roslaunch][INFO] 2016-07-13 21:25:54,046: process[move_group-8]: starting os process
[roslaunch][INFO] 2016-07-13 21:25:54,048: process[move_group-8]: start w/ args [[u'/opt/ros/indigo/lib/moveit_ros_move_group/move_group', '--debug', u'__name:=move_group', u'__log:=/home/vagrant/.ros/log/537e11d8-4940-11e6-a3ed-080027a2ea64/move_group-8.log']]
[roslaunch][INFO] 2016-07-13 21:25:54,049: process[move_group-8]: cwd will be [/home/vagrant/.ros]
[roslaunch][INFO] 2016-07-13 21:25:54,055: process[move_group-8]: started with pid [3472]
[roslaunch][INFO] 2016-07-13 21:25:54,060: ... successfully launched [move_group-8]
[roslaunch][INFO] 2016-07-13 21:25:54,061: ... preparing to launch node of type [rviz/rviz]
[roslaunch][INFO] 2016-07-13 21:25:54,062: create_node_process: package[rviz] type[rviz] machine[Machine(name[] env_loader[None] address[localhost] ssh_port[22] user[None] assignable[True] timeout[10.0])] master_uri[http://localhost:11311]
[roslaunch][INFO] 2016-07-13 21:25:54,063: process[rviz_ros_indigo_desktop_trusty64_3291_4016186415475293258-9]: env[{'ROS_DISTRO': 'indigo', 'SSH_CLIENT': '10.0.2.2 49390 22', 'CPATH': '/home/vagrant/therblig-motion-library/mico/wpi_jaco/devel/include:/opt/ros/indigo/include', 'LOGNAME': 'vagrant', 'USER': 'vagrant', 'HOME': '/home/vagrant', 'PATH': '/home/vagrant/therblig-motion-library/mico/wpi_jaco/devel/bin:/opt/ros/indigo/bin:/usr/local/sbin:/usr/local/bin:/usr/sbin:/usr/bin:/sbin:/bin:/usr/games:/usr/local/games', 'CMAKE_PREFIX_PATH': '/home/vagrant/therblig-motion-library/mico/wpi_jaco/devel:/opt/ros/indigo', 'ROS_LOG_FILENAME': '/home/vagrant/.ros/log/537e11d8-4940-11e6-a3ed-080027a2ea64/roslaunch-ros-indigo-desktop-trusty64-3291.log', 'LANG': 'en_US.UTF-8', 'TERM': 'xterm-256color', 'SHELL': '/bin/bash', 'SHLVL': '2', 'ROS_TEST_RESULTS_DIR': '/home/vagrant/therblig-motion-library/mico/wpi_jaco/build/test_results', 'QT_QPA_PLATFORMTHEME': 'appmenu-qt5', 'LD_LIBRARY_PATH': '/home/vagrant/therblig-motion-library/mico/wpi_jaco/devel/lib:/home/vagrant/therblig-motion-library/mico/wpi_jaco/devel/lib/x86_64-linux-gnu:/opt/ros/indigo/lib/x86_64-linux-gnu:/opt/ros/indigo/lib', 'ROS_MASTER_URI': 'http://localhost:11311', 'XDG_RUNTIME_DIR': '/run/user/1000', 'PYTHONPATH': '/home/vagrant/therblig-motion-library/mico/wpi_jaco/devel/lib/python2.7/dist-packages:/opt/ros/indigo/lib/python2.7/dist-packages', 'ROS_ROOT': '/opt/ros/indigo/share/ros', 'PKG_CONFIG_PATH': '/home/vagrant/therblig-motion-library/mico/wpi_jaco/devel/lib/pkgconfig:/home/vagrant/therblig-motion-library/mico/wpi_jaco/devel/lib/x86_64-linux-gnu/pkgconfig:/opt/ros/indigo/lib/x86_64-linux-gnu/pkgconfig:/opt/ros/indigo/lib/pkgconfig', 'ROS_PACKAGE_PATH': '/home/vagrant/therblig-motion-library/mico/wpi_jaco/src:/opt/ros/indigo/share:/opt/ros/indigo/stacks', 'XDG_SESSION_ID': '2', '_': '/opt/ros/indigo/bin/roslaunch', 'CATKIN_TEST_RESULTS_DIR': '/home/vagrant/therblig-motion-library/mico/wpi_jaco/build/test_results', 'SSH_TTY': '/dev/pts/0', 'OLDPWD': '/home/vagrant/therblig-motion-library/mico/wpi_jaco', 'ROSLISP_PACKAGE_DIRECTORIES': '/home/vagrant/therblig-motion-library/mico/wpi_jaco/devel/share/common-lisp', 'PWD': '/home/vagrant/therblig-motion-library/mico/wpi_jaco', 'ROS_ETC_DIR': '/opt/ros/indigo/etc/ros', 'MAIL': '/var/mail/vagrant', 'SSH_CONNECTION': '10.0.2.2 49390 10.0.2.15 22'}]
[roslaunch][INFO] 2016-07-13 21:25:55,306: process[rviz_ros_indigo_desktop_trusty64_3291_4016186415475293258-9]: args[[u'/opt/ros/indigo/lib/rviz/rviz', '-d', '/home/vagrant/therblig-motion-library/mico/wpi_jaco/src/mico_moveit_config/launch/moveit.rviz', u'__name:=rviz_ros_indigo_desktop_trusty64_3291_4016186415475293258']]
[roslaunch][INFO] 2016-07-13 21:25:55,307: ... created process [rviz_ros_indigo_desktop_trusty64_3291_4016186415475293258-9]
[roslaunch.pmon][INFO] 2016-07-13 21:25:55,309: ProcessMonitor.register[rviz_ros_indigo_desktop_trusty64_3291_4016186415475293258-9]
[roslaunch.pmon][INFO] 2016-07-13 21:25:55,309: ProcessMonitor.register[rviz_ros_indigo_desktop_trusty64_3291_4016186415475293258-9] complete
[roslaunch][INFO] 2016-07-13 21:25:55,310: ... registered process [rviz_ros_indigo_desktop_trusty64_3291_4016186415475293258-9]
[roslaunch][INFO] 2016-07-13 21:25:55,310: process[rviz_ros_indigo_desktop_trusty64_3291_4016186415475293258-9]: starting os process
[roslaunch][INFO] 2016-07-13 21:25:55,313: process[rviz_ros_indigo_desktop_trusty64_3291_4016186415475293258-9]: start w/ args [[u'/opt/ros/indigo/lib/rviz/rviz', '-d', '/home/vagrant/therblig-motion-library/mico/wpi_jaco/src/mico_moveit_config/launch/moveit.rviz', u'__name:=rviz_ros_indigo_desktop_trusty64_3291_4016186415475293258', u'__log:=/home/vagrant/.ros/log/537e11d8-4940-11e6-a3ed-080027a2ea64/rviz_ros_indigo_desktop_trusty64_3291_4016186415475293258-9.log']]
[roslaunch][INFO] 2016-07-13 21:25:55,317: process[rviz_ros_indigo_desktop_trusty64_3291_4016186415475293258-9]: cwd will be [/home/vagrant/.ros]
[roslaunch][INFO] 2016-07-13 21:25:55,324: process[rviz_ros_indigo_desktop_trusty64_3291_4016186415475293258-9]: started with pid [3531]
[roslaunch][INFO] 2016-07-13 21:25:55,327: ... successfully launched [rviz_ros_indigo_desktop_trusty64_3291_4016186415475293258-9]
[roslaunch][INFO] 2016-07-13 21:25:55,328: ... launch_nodes complete
[roslaunch.pmon][INFO] 2016-07-13 21:25:55,330: registrations completed <ProcessMonitor(ProcessMonitor-1, started daemon 140080537757440)>
[roslaunch.parent][INFO] 2016-07-13 21:25:55,333: ... roslaunch parent running, waiting for process exit
[roslaunch][INFO] 2016-07-13 21:25:55,334: spin
[roslaunch][ERROR] 2016-07-13 21:25:55,747: [rviz_ros_indigo_desktop_trusty64_3291_4016186415475293258-9] process has died [pid 3531, exit code 1, cmd /opt/ros/indigo/lib/rviz/rviz -d /home/vagrant/therblig-motion-library/mico/wpi_jaco/src/mico_moveit_config/launch/moveit.rviz __name:=rviz_ros_indigo_desktop_trusty64_3291_4016186415475293258 __log:=/home/vagrant/.ros/log/537e11d8-4940-11e6-a3ed-080027a2ea64/rviz_ros_indigo_desktop_trusty64_3291_4016186415475293258-9.log].
log file: /home/vagrant/.ros/log/537e11d8-4940-11e6-a3ed-080027a2ea64/rviz_ros_indigo_desktop_trusty64_3291_4016186415475293258-9*.log
[roslaunch.pmon][INFO] 2016-07-13 21:25:55,748: ProcessMonitor.unregister[rviz_ros_indigo_desktop_trusty64_3291_4016186415475293258-9] starting
[roslaunch.pmon][INFO] 2016-07-13 21:25:55,749: ProcessMonitor.unregister[rviz_ros_indigo_desktop_trusty64_3291_4016186415475293258-9] complete
