[roslaunch][INFO] 2016-07-18 19:43:06,839: Checking log directory for disk usage. This may take awhile.
Press Ctrl-C to interrupt
[roslaunch][INFO] 2016-07-18 19:43:06,939: Done checking log file disk usage. Usage is <1GB.
[roslaunch][INFO] 2016-07-18 19:43:06,940: roslaunch starting with args ['/opt/ros/indigo/bin/roslaunch', 'mico_description', 'view.launch']
[roslaunch][INFO] 2016-07-18 19:43:06,941: roslaunch env is {'ROS_DISTRO': 'indigo', 'SSH_CLIENT': '10.0.2.2 57124 22', 'CPATH': '/home/vagrant/therblig-motion-library/mico/wpi_jaco/devel/include:/opt/ros/indigo/include', 'LOGNAME': 'vagrant', 'USER': 'vagrant', 'HOME': '/home/vagrant', 'PATH': '/home/vagrant/therblig-motion-library/mico/wpi_jaco/devel/bin:/opt/ros/indigo/bin:/usr/local/sbin:/usr/local/bin:/usr/sbin:/usr/bin:/sbin:/bin:/usr/games:/usr/local/games', 'CMAKE_PREFIX_PATH': '/home/vagrant/therblig-motion-library/mico/wpi_jaco/devel:/opt/ros/indigo', 'LD_LIBRARY_PATH': '/home/vagrant/therblig-motion-library/mico/wpi_jaco/devel/lib/x86_64-linux-gnu:/opt/ros/indigo/lib/x86_64-linux-gnu:/home/vagrant/therblig-motion-library/mico/wpi_jaco/devel/lib:/opt/ros/indigo/lib', 'LANG': 'en_US.UTF-8', 'TERM': 'screen', 'SHELL': '/bin/bash', 'ROS_LOG_FILENAME': '/home/vagrant/.ros/log/537e11d8-4940-11e6-a3ed-080027a2ea64/roslaunch-ros-indigo-desktop-trusty64-12829.log', 'SHLVL': '2', 'XDG_SESSION_ID': '9', 'QT_QPA_PLATFORMTHEME': 'appmenu-qt5', 'DISPLAY': 'localhost:10.0', 'ROS_ETC_DIR': '/opt/ros/indigo/etc/ros', 'XDG_RUNTIME_DIR': '/run/user/1000', 'PYTHONPATH': '/home/vagrant/therblig-motion-library/mico/wpi_jaco/devel/lib/python2.7/dist-packages:/opt/ros/indigo/lib/python2.7/dist-packages', 'TMUX': '/tmp/tmux-1000/default,11988,0', 'ROS_ROOT': '/opt/ros/indigo/share/ros', 'PKG_CONFIG_PATH': '/home/vagrant/therblig-motion-library/mico/wpi_jaco/devel/lib/x86_64-linux-gnu/pkgconfig:/opt/ros/indigo/lib/x86_64-linux-gnu/pkgconfig:/home/vagrant/therblig-motion-library/mico/wpi_jaco/devel/lib/pkgconfig:/opt/ros/indigo/lib/pkgconfig', 'ROS_PACKAGE_PATH': '/home/vagrant/therblig-motion-library/mico/wpi_jaco/src:/opt/ros/indigo/share:/opt/ros/indigo/stacks', 'ROS_TEST_RESULTS_DIR': '/home/vagrant/therblig-motion-library/mico/wpi_jaco/build/test_results', '_': '/opt/ros/indigo/bin/roslaunch', 'CATKIN_TEST_RESULTS_DIR': '/home/vagrant/therblig-motion-library/mico/wpi_jaco/build/test_results', 'SSH_TTY': '/dev/pts/0', 'OLDPWD': '/home/vagrant/therblig-motion-library/mico/wpi_jaco', 'ROSLISP_PACKAGE_DIRECTORIES': '/home/vagrant/therblig-motion-library/mico/wpi_jaco/devel/share/common-lisp', 'PWD': '/home/vagrant/therblig-motion-library/mico/wpi_jaco/devel', 'ROS_MASTER_URI': 'http://localhost:11311', 'MAIL': '/var/mail/vagrant', 'SSH_CONNECTION': '10.0.2.2 57124 10.0.2.15 22', 'TMUX_PANE': '%0'}
[roslaunch][INFO] 2016-07-18 19:43:06,941: starting in server mode
[roslaunch.parent][INFO] 2016-07-18 19:43:06,942: starting roslaunch parent run
[roslaunch][INFO] 2016-07-18 19:43:06,943: loading roscore config file /opt/ros/indigo/etc/ros/roscore.xml
[roslaunch][INFO] 2016-07-18 19:43:08,294: Added core node of type [rosout/rosout] in namespace [/]
[roslaunch.config][INFO] 2016-07-18 19:43:08,296: loading config file /home/vagrant/therblig-motion-library/mico/wpi_jaco/src/mico_description/launch/view.launch
[roslaunch][INFO] 2016-07-18 19:43:11,607: Added node of type [robot_state_publisher/robot_state_publisher] in namespace [/]
[roslaunch][INFO] 2016-07-18 19:43:11,632: Added node of type [joint_state_publisher/joint_state_publisher] in namespace [/]
[roslaunch][INFO] 2016-07-18 19:43:12,501: Added node of type [rviz/rviz] in namespace [/]
[roslaunch][INFO] 2016-07-18 19:43:12,501: ... selected machine [] for node of type [robot_state_publisher/robot_state_publisher]
[roslaunch][INFO] 2016-07-18 19:43:12,502: ... selected machine [] for node of type [joint_state_publisher/joint_state_publisher]
[roslaunch][INFO] 2016-07-18 19:43:12,502: ... selected machine [] for node of type [rviz/rviz]
[roslaunch.pmon][INFO] 2016-07-18 19:43:12,518: start_process_monitor: creating ProcessMonitor
[roslaunch.pmon][INFO] 2016-07-18 19:43:12,519: created process monitor <ProcessMonitor(ProcessMonitor-1, initial daemon)>
[roslaunch.pmon][INFO] 2016-07-18 19:43:12,520: start_process_monitor: ProcessMonitor started
[roslaunch.parent][INFO] 2016-07-18 19:43:12,521: starting parent XML-RPC server
[roslaunch.server][INFO] 2016-07-18 19:43:12,521: starting roslaunch XML-RPC server
[roslaunch.server][INFO] 2016-07-18 19:43:12,522: waiting for roslaunch XML-RPC server to initialize
[xmlrpc][INFO] 2016-07-18 19:43:12,522: XML-RPC server binding to 0.0.0.0:0
[xmlrpc][INFO] 2016-07-18 19:43:12,523: Started XML-RPC server [http://ros-indigo-desktop-trusty64:44661/]
[xmlrpc][INFO] 2016-07-18 19:43:12,524: xml rpc node: starting XML-RPC server
[roslaunch][INFO] 2016-07-18 19:43:12,551: started roslaunch server http://ros-indigo-desktop-trusty64:44661/
[roslaunch.parent][INFO] 2016-07-18 19:43:12,551: ... parent XML-RPC server started
[roslaunch][INFO] 2016-07-18 19:43:12,553: master.is_running[http://localhost:11311]
[roslaunch][INFO] 2016-07-18 19:43:12,555: master.is_running[http://localhost:11311]
[roslaunch][INFO] 2016-07-18 19:43:12,558: ROS_MASTER_URI=http://localhost:11311
[roslaunch][INFO] 2016-07-18 19:43:12,568: setting /roslaunch/uris/host_ros_indigo_desktop_trusty64__44661' to http://ros-indigo-desktop-trusty64:44661/
[roslaunch][INFO] 2016-07-18 19:43:12,574: load_parameters starting ...
[roslaunch][INFO] 2016-07-18 19:43:12,594: ... load_parameters complete
[roslaunch][INFO] 2016-07-18 19:43:12,601: launch_nodes: launching local nodes ...
[roslaunch][INFO] 2016-07-18 19:43:12,602: ... preparing to launch node of type [robot_state_publisher/robot_state_publisher]
[roslaunch][INFO] 2016-07-18 19:43:12,602: create_node_process: package[robot_state_publisher] type[robot_state_publisher] machine[Machine(name[] env_loader[None] address[localhost] ssh_port[22] user[None] assignable[True] timeout[10.0])] master_uri[http://localhost:11311]
[roslaunch][INFO] 2016-07-18 19:43:12,603: process[robot_state_publisher-1]: env[{'ROS_DISTRO': 'indigo', 'SSH_CLIENT': '10.0.2.2 57124 22', 'CPATH': '/home/vagrant/therblig-motion-library/mico/wpi_jaco/devel/include:/opt/ros/indigo/include', 'LOGNAME': 'vagrant', 'USER': 'vagrant', 'HOME': '/home/vagrant', 'PATH': '/home/vagrant/therblig-motion-library/mico/wpi_jaco/devel/bin:/opt/ros/indigo/bin:/usr/local/sbin:/usr/local/bin:/usr/sbin:/usr/bin:/sbin:/bin:/usr/games:/usr/local/games', 'CMAKE_PREFIX_PATH': '/home/vagrant/therblig-motion-library/mico/wpi_jaco/devel:/opt/ros/indigo', 'ROS_LOG_FILENAME': '/home/vagrant/.ros/log/537e11d8-4940-11e6-a3ed-080027a2ea64/roslaunch-ros-indigo-desktop-trusty64-12829.log', 'LANG': 'en_US.UTF-8', 'TERM': 'screen', 'SHELL': '/bin/bash', 'SHLVL': '2', 'ROS_TEST_RESULTS_DIR': '/home/vagrant/therblig-motion-library/mico/wpi_jaco/build/test_results', 'QT_QPA_PLATFORMTHEME': 'appmenu-qt5', 'DISPLAY': 'localhost:10.0', 'ROS_MASTER_URI': 'http://localhost:11311', 'XDG_RUNTIME_DIR': '/run/user/1000', 'PYTHONPATH': '/home/vagrant/therblig-motion-library/mico/wpi_jaco/devel/lib/python2.7/dist-packages:/opt/ros/indigo/lib/python2.7/dist-packages', 'TMUX': '/tmp/tmux-1000/default,11988,0', 'ROS_ROOT': '/opt/ros/indigo/share/ros', 'PKG_CONFIG_PATH': '/home/vagrant/therblig-motion-library/mico/wpi_jaco/devel/lib/x86_64-linux-gnu/pkgconfig:/opt/ros/indigo/lib/x86_64-linux-gnu/pkgconfig:/home/vagrant/therblig-motion-library/mico/wpi_jaco/devel/lib/pkgconfig:/opt/ros/indigo/lib/pkgconfig', 'ROS_PACKAGE_PATH': '/home/vagrant/therblig-motion-library/mico/wpi_jaco/src:/opt/ros/indigo/share:/opt/ros/indigo/stacks', 'XDG_SESSION_ID': '9', '_': '/opt/ros/indigo/bin/roslaunch', 'CATKIN_TEST_RESULTS_DIR': '/home/vagrant/therblig-motion-library/mico/wpi_jaco/build/test_results', 'LD_LIBRARY_PATH': '/home/vagrant/therblig-motion-library/mico/wpi_jaco/devel/lib/x86_64-linux-gnu:/opt/ros/indigo/lib/x86_64-linux-gnu:/home/vagrant/therblig-motion-library/mico/wpi_jaco/devel/lib:/opt/ros/indigo/lib', 'SSH_TTY': '/dev/pts/0', 'OLDPWD': '/home/vagrant/therblig-motion-library/mico/wpi_jaco', 'ROSLISP_PACKAGE_DIRECTORIES': '/home/vagrant/therblig-motion-library/mico/wpi_jaco/devel/share/common-lisp', 'PWD': '/home/vagrant/therblig-motion-library/mico/wpi_jaco/devel', 'ROS_ETC_DIR': '/opt/ros/indigo/etc/ros', 'MAIL': '/var/mail/vagrant', 'SSH_CONNECTION': '10.0.2.2 57124 10.0.2.15 22', 'TMUX_PANE': '%0'}]
[roslaunch][INFO] 2016-07-18 19:43:14,093: process[robot_state_publisher-1]: args[[u'/opt/ros/indigo/lib/robot_state_publisher/robot_state_publisher', u'__name:=robot_state_publisher']]
[roslaunch][INFO] 2016-07-18 19:43:14,102: ... created process [robot_state_publisher-1]
[roslaunch.pmon][INFO] 2016-07-18 19:43:14,103: ProcessMonitor.register[robot_state_publisher-1]
[roslaunch.pmon][INFO] 2016-07-18 19:43:14,104: ProcessMonitor.register[robot_state_publisher-1] complete
[roslaunch][INFO] 2016-07-18 19:43:14,104: ... registered process [robot_state_publisher-1]
[roslaunch][INFO] 2016-07-18 19:43:14,105: process[robot_state_publisher-1]: starting os process
[roslaunch][INFO] 2016-07-18 19:43:14,109: process[robot_state_publisher-1]: start w/ args [[u'/opt/ros/indigo/lib/robot_state_publisher/robot_state_publisher', u'__name:=robot_state_publisher', u'__log:=/home/vagrant/.ros/log/537e11d8-4940-11e6-a3ed-080027a2ea64/robot_state_publisher-1.log']]
[roslaunch][INFO] 2016-07-18 19:43:14,110: process[robot_state_publisher-1]: cwd will be [/home/vagrant/.ros]
[roslaunch][INFO] 2016-07-18 19:43:14,119: process[robot_state_publisher-1]: started with pid [12850]
[roslaunch][INFO] 2016-07-18 19:43:14,121: ... successfully launched [robot_state_publisher-1]
[roslaunch][INFO] 2016-07-18 19:43:14,122: ... preparing to launch node of type [joint_state_publisher/joint_state_publisher]
[roslaunch][INFO] 2016-07-18 19:43:14,123: create_node_process: package[joint_state_publisher] type[joint_state_publisher] machine[Machine(name[] env_loader[None] address[localhost] ssh_port[22] user[None] assignable[True] timeout[10.0])] master_uri[http://localhost:11311]
[roslaunch][INFO] 2016-07-18 19:43:14,124: process[joint_state_publisher-2]: env[{'ROS_DISTRO': 'indigo', 'SSH_CLIENT': '10.0.2.2 57124 22', 'CPATH': '/home/vagrant/therblig-motion-library/mico/wpi_jaco/devel/include:/opt/ros/indigo/include', 'LOGNAME': 'vagrant', 'USER': 'vagrant', 'HOME': '/home/vagrant', 'PATH': '/home/vagrant/therblig-motion-library/mico/wpi_jaco/devel/bin:/opt/ros/indigo/bin:/usr/local/sbin:/usr/local/bin:/usr/sbin:/usr/bin:/sbin:/bin:/usr/games:/usr/local/games', 'CMAKE_PREFIX_PATH': '/home/vagrant/therblig-motion-library/mico/wpi_jaco/devel:/opt/ros/indigo', 'ROS_LOG_FILENAME': '/home/vagrant/.ros/log/537e11d8-4940-11e6-a3ed-080027a2ea64/roslaunch-ros-indigo-desktop-trusty64-12829.log', 'LANG': 'en_US.UTF-8', 'TERM': 'screen', 'SHELL': '/bin/bash', 'SHLVL': '2', 'ROS_TEST_RESULTS_DIR': '/home/vagrant/therblig-motion-library/mico/wpi_jaco/build/test_results', 'QT_QPA_PLATFORMTHEME': 'appmenu-qt5', 'DISPLAY': 'localhost:10.0', 'ROS_MASTER_URI': 'http://localhost:11311', 'XDG_RUNTIME_DIR': '/run/user/1000', 'PYTHONPATH': '/home/vagrant/therblig-motion-library/mico/wpi_jaco/devel/lib/python2.7/dist-packages:/opt/ros/indigo/lib/python2.7/dist-packages', 'TMUX': '/tmp/tmux-1000/default,11988,0', 'ROS_ROOT': '/opt/ros/indigo/share/ros', 'PKG_CONFIG_PATH': '/home/vagrant/therblig-motion-library/mico/wpi_jaco/devel/lib/x86_64-linux-gnu/pkgconfig:/opt/ros/indigo/lib/x86_64-linux-gnu/pkgconfig:/home/vagrant/therblig-motion-library/mico/wpi_jaco/devel/lib/pkgconfig:/opt/ros/indigo/lib/pkgconfig', 'ROS_PACKAGE_PATH': '/home/vagrant/therblig-motion-library/mico/wpi_jaco/src:/opt/ros/indigo/share:/opt/ros/indigo/stacks', 'XDG_SESSION_ID': '9', '_': '/opt/ros/indigo/bin/roslaunch', 'CATKIN_TEST_RESULTS_DIR': '/home/vagrant/therblig-motion-library/mico/wpi_jaco/build/test_results', 'LD_LIBRARY_PATH': '/home/vagrant/therblig-motion-library/mico/wpi_jaco/devel/lib/x86_64-linux-gnu:/opt/ros/indigo/lib/x86_64-linux-gnu:/home/vagrant/therblig-motion-library/mico/wpi_jaco/devel/lib:/opt/ros/indigo/lib', 'SSH_TTY': '/dev/pts/0', 'OLDPWD': '/home/vagrant/therblig-motion-library/mico/wpi_jaco', 'ROSLISP_PACKAGE_DIRECTORIES': '/home/vagrant/therblig-motion-library/mico/wpi_jaco/devel/share/common-lisp', 'PWD': '/home/vagrant/therblig-motion-library/mico/wpi_jaco/devel', 'ROS_ETC_DIR': '/opt/ros/indigo/etc/ros', 'MAIL': '/var/mail/vagrant', 'SSH_CONNECTION': '10.0.2.2 57124 10.0.2.15 22', 'TMUX_PANE': '%0'}]
[roslaunch][INFO] 2016-07-18 19:43:15,613: process[joint_state_publisher-2]: args[[u'/opt/ros/indigo/lib/joint_state_publisher/joint_state_publisher', u'__name:=joint_state_publisher']]
[roslaunch][INFO] 2016-07-18 19:43:15,615: ... created process [joint_state_publisher-2]
[roslaunch.pmon][INFO] 2016-07-18 19:43:15,617: ProcessMonitor.register[joint_state_publisher-2]
[roslaunch.pmon][INFO] 2016-07-18 19:43:15,618: ProcessMonitor.register[joint_state_publisher-2] complete
[roslaunch][INFO] 2016-07-18 19:43:15,619: ... registered process [joint_state_publisher-2]
[roslaunch][INFO] 2016-07-18 19:43:15,620: process[joint_state_publisher-2]: starting os process
[roslaunch][INFO] 2016-07-18 19:43:15,627: process[joint_state_publisher-2]: start w/ args [[u'/opt/ros/indigo/lib/joint_state_publisher/joint_state_publisher', u'__name:=joint_state_publisher', u'__log:=/home/vagrant/.ros/log/537e11d8-4940-11e6-a3ed-080027a2ea64/joint_state_publisher-2.log']]
[roslaunch][INFO] 2016-07-18 19:43:15,628: process[joint_state_publisher-2]: cwd will be [/home/vagrant/.ros]
[roslaunch][INFO] 2016-07-18 19:43:15,637: process[joint_state_publisher-2]: started with pid [12878]
[roslaunch][INFO] 2016-07-18 19:43:15,640: ... successfully launched [joint_state_publisher-2]
[roslaunch][INFO] 2016-07-18 19:43:15,643: ... preparing to launch node of type [rviz/rviz]
[roslaunch][INFO] 2016-07-18 19:43:15,644: create_node_process: package[rviz] type[rviz] machine[Machine(name[] env_loader[None] address[localhost] ssh_port[22] user[None] assignable[True] timeout[10.0])] master_uri[http://localhost:11311]
[roslaunch][INFO] 2016-07-18 19:43:15,646: process[rviz-3]: env[{'ROS_DISTRO': 'indigo', 'SSH_CLIENT': '10.0.2.2 57124 22', 'CPATH': '/home/vagrant/therblig-motion-library/mico/wpi_jaco/devel/include:/opt/ros/indigo/include', 'LOGNAME': 'vagrant', 'USER': 'vagrant', 'HOME': '/home/vagrant', 'PATH': '/home/vagrant/therblig-motion-library/mico/wpi_jaco/devel/bin:/opt/ros/indigo/bin:/usr/local/sbin:/usr/local/bin:/usr/sbin:/usr/bin:/sbin:/bin:/usr/games:/usr/local/games', 'CMAKE_PREFIX_PATH': '/home/vagrant/therblig-motion-library/mico/wpi_jaco/devel:/opt/ros/indigo', 'ROS_LOG_FILENAME': '/home/vagrant/.ros/log/537e11d8-4940-11e6-a3ed-080027a2ea64/roslaunch-ros-indigo-desktop-trusty64-12829.log', 'LANG': 'en_US.UTF-8', 'TERM': 'screen', 'SHELL': '/bin/bash', 'SHLVL': '2', 'ROS_TEST_RESULTS_DIR': '/home/vagrant/therblig-motion-library/mico/wpi_jaco/build/test_results', 'QT_QPA_PLATFORMTHEME': 'appmenu-qt5', 'DISPLAY': 'localhost:10.0', 'ROS_MASTER_URI': 'http://localhost:11311', 'XDG_RUNTIME_DIR': '/run/user/1000', 'PYTHONPATH': '/home/vagrant/therblig-motion-library/mico/wpi_jaco/devel/lib/python2.7/dist-packages:/opt/ros/indigo/lib/python2.7/dist-packages', 'TMUX': '/tmp/tmux-1000/default,11988,0', 'ROS_ROOT': '/opt/ros/indigo/share/ros', 'PKG_CONFIG_PATH': '/home/vagrant/therblig-motion-library/mico/wpi_jaco/devel/lib/x86_64-linux-gnu/pkgconfig:/opt/ros/indigo/lib/x86_64-linux-gnu/pkgconfig:/home/vagrant/therblig-motion-library/mico/wpi_jaco/devel/lib/pkgconfig:/opt/ros/indigo/lib/pkgconfig', 'ROS_PACKAGE_PATH': '/home/vagrant/therblig-motion-library/mico/wpi_jaco/src:/opt/ros/indigo/share:/opt/ros/indigo/stacks', 'XDG_SESSION_ID': '9', '_': '/opt/ros/indigo/bin/roslaunch', 'CATKIN_TEST_RESULTS_DIR': '/home/vagrant/therblig-motion-library/mico/wpi_jaco/build/test_results', 'LD_LIBRARY_PATH': '/home/vagrant/therblig-motion-library/mico/wpi_jaco/devel/lib/x86_64-linux-gnu:/opt/ros/indigo/lib/x86_64-linux-gnu:/home/vagrant/therblig-motion-library/mico/wpi_jaco/devel/lib:/opt/ros/indigo/lib', 'SSH_TTY': '/dev/pts/0', 'OLDPWD': '/home/vagrant/therblig-motion-library/mico/wpi_jaco', 'ROSLISP_PACKAGE_DIRECTORIES': '/home/vagrant/therblig-motion-library/mico/wpi_jaco/devel/share/common-lisp', 'PWD': '/home/vagrant/therblig-motion-library/mico/wpi_jaco/devel', 'ROS_ETC_DIR': '/opt/ros/indigo/etc/ros', 'MAIL': '/var/mail/vagrant', 'SSH_CONNECTION': '10.0.2.2 57124 10.0.2.15 22', 'TMUX_PANE': '%0'}]
[roslaunch][INFO] 2016-07-18 19:43:16,871: process[rviz-3]: args[[u'/opt/ros/indigo/lib/rviz/rviz', '-d', '/home/vagrant/therblig-motion-library/mico/wpi_jaco/src/mico_description/rviz/view_robot.rviz', u'__name:=rviz']]
[roslaunch][INFO] 2016-07-18 19:43:16,871: ... created process [rviz-3]
[roslaunch.pmon][INFO] 2016-07-18 19:43:16,872: ProcessMonitor.register[rviz-3]
[roslaunch.pmon][INFO] 2016-07-18 19:43:16,873: ProcessMonitor.register[rviz-3] complete
[roslaunch][INFO] 2016-07-18 19:43:16,873: ... registered process [rviz-3]
[roslaunch][INFO] 2016-07-18 19:43:16,874: process[rviz-3]: starting os process
[roslaunch][INFO] 2016-07-18 19:43:16,877: process[rviz-3]: start w/ args [[u'/opt/ros/indigo/lib/rviz/rviz', '-d', '/home/vagrant/therblig-motion-library/mico/wpi_jaco/src/mico_description/rviz/view_robot.rviz', u'__name:=rviz', u'__log:=/home/vagrant/.ros/log/537e11d8-4940-11e6-a3ed-080027a2ea64/rviz-3.log']]
[roslaunch][INFO] 2016-07-18 19:43:16,877: process[rviz-3]: cwd will be [/home/vagrant/.ros]
[roslaunch][INFO] 2016-07-18 19:43:16,882: process[rviz-3]: started with pid [12898]
[roslaunch][INFO] 2016-07-18 19:43:16,883: ... successfully launched [rviz-3]
[roslaunch][INFO] 2016-07-18 19:43:16,884: ... launch_nodes complete
[roslaunch.pmon][INFO] 2016-07-18 19:43:16,886: registrations completed <ProcessMonitor(ProcessMonitor-1, started daemon 139920232937216)>
[roslaunch.parent][INFO] 2016-07-18 19:43:16,886: ... roslaunch parent running, waiting for process exit
[roslaunch][INFO] 2016-07-18 19:43:16,896: spin
[roslaunch][ERROR] 2016-07-18 19:43:17,359: ================================================================================REQUIRED process [rviz-3] has died!
process has died [pid 12898, exit code 1, cmd /opt/ros/indigo/lib/rviz/rviz -d /home/vagrant/therblig-motion-library/mico/wpi_jaco/src/mico_description/rviz/view_robot.rviz __name:=rviz __log:=/home/vagrant/.ros/log/537e11d8-4940-11e6-a3ed-080027a2ea64/rviz-3.log].
log file: /home/vagrant/.ros/log/537e11d8-4940-11e6-a3ed-080027a2ea64/rviz-3*.log
Initiating shutdown!
================================================================================
[roslaunch.pmon][INFO] 2016-07-18 19:43:17,463: ProcessMonitor._post_run <ProcessMonitor(ProcessMonitor-1, started daemon 139920232937216)>
[roslaunch.pmon][INFO] 2016-07-18 19:43:17,464: ProcessMonitor._post_run <ProcessMonitor(ProcessMonitor-1, started daemon 139920232937216)>: remaining procs are [<roslaunch.nodeprocess.LocalProcess object at 0x7f41b7f3a510>, <roslaunch.nodeprocess.LocalProcess object at 0x7f41b7f75a10>, <roslaunch.nodeprocess.LocalProcess object at 0x7f41b7f3aa90>]
[roslaunch.pmon][INFO] 2016-07-18 19:43:17,466: ProcessMonitor exit: killing rviz-3
[roslaunch][INFO] 2016-07-18 19:43:17,467: [rviz-3] killing on exit
[roslaunch.pmon][INFO] 2016-07-18 19:43:17,467: ProcessMonitor exit: killing joint_state_publisher-2
[roslaunch][INFO] 2016-07-18 19:43:17,471: [joint_state_publisher-2] killing on exit
[roslaunch.pmon][INFO] 2016-07-18 19:43:17,468: ProcessMonitor exit: killing robot_state_publisher-1
[roslaunch][INFO] 2016-07-18 19:43:17,478: [robot_state_publisher-1] killing on exit
[roslaunch][INFO] 2016-07-18 19:43:17,479: process[robot_state_publisher-1]: killing os process with pid[12850] pgid[12850]
[roslaunch][INFO] 2016-07-18 19:43:17,482: [robot_state_publisher-1] sending SIGINT to pgid [12850]
[roslaunch][INFO] 2016-07-18 19:43:17,482: [robot_state_publisher-1] sent SIGINT to pgid [12850]
[roslaunch][INFO] 2016-07-18 19:43:17,475: process[joint_state_publisher-2]: killing os process with pid[12878] pgid[12878]
[roslaunch][INFO] 2016-07-18 19:43:17,484: [joint_state_publisher-2] sending SIGINT to pgid [12878]
[roslaunch][INFO] 2016-07-18 19:43:17,485: [joint_state_publisher-2] sent SIGINT to pgid [12878]
[roslaunch][INFO] 2016-07-18 19:43:17,786: process[robot_state_publisher-1]: SIGINT killed with return value 0
[roslaunch][INFO] 2016-07-18 19:43:17,793: process[joint_state_publisher-2]: SIGINT killed with return value 1
[roslaunch.pmon][INFO] 2016-07-18 19:43:17,795: ProcessMonitor exit: cleaning up data structures and signals
[roslaunch.pmon][INFO] 2016-07-18 19:43:17,796: ProcessMonitor exit: pmon has shutdown
[roslaunch][INFO] 2016-07-18 19:43:17,800: process monitor is done spinning, initiating full shutdown
[roslaunch][INFO] 2016-07-18 19:43:17,802: runner.stop()
[roslaunch][INFO] 2016-07-18 19:43:17,803: shutting down processing monitor...
[roslaunch][INFO] 2016-07-18 19:43:17,805: shutting down processing monitor <ProcessMonitor(ProcessMonitor-1, stopped daemon 139920232937216)>
[roslaunch.pmon][INFO] 2016-07-18 19:43:17,805: ProcessMonitor.shutdown <ProcessMonitor(ProcessMonitor-1, stopped daemon 139920232937216)>
[roslaunch][INFO] 2016-07-18 19:43:17,807: ... shutting down processing monitor complete
[roslaunch][INFO] 2016-07-18 19:43:17,809: done
[roslaunch.pmon][INFO] 2016-07-18 19:43:17,810: ProcessMonitor.shutdown <ProcessMonitor(ProcessMonitor-1, stopped daemon 139920232937216)>
[rospy.core][INFO] 2016-07-18 19:43:17,811: signal_shutdown [atexit]
