[roslaunch][INFO] 2016-07-13 21:26:38,213: Checking log directory for disk usage. This may take awhile.
Press Ctrl-C to interrupt
[roslaunch][INFO] 2016-07-13 21:26:38,273: Done checking log file disk usage. Usage is <1GB.
[roslaunch][INFO] 2016-07-13 21:26:38,274: roslaunch starting with args ['/opt/ros/indigo/bin/roslaunch', 'rosbridge_server', 'rosbridge_websocket.launch']
[roslaunch][INFO] 2016-07-13 21:26:38,274: roslaunch env is {'ROS_DISTRO': 'indigo', 'SSH_CLIENT': '10.0.2.2 49390 22', 'CPATH': '/opt/ros/indigo/include', 'LOGNAME': 'vagrant', 'USER': 'vagrant', 'PATH': '/opt/ros/indigo/bin:/usr/local/sbin:/usr/local/bin:/usr/sbin:/usr/bin:/sbin:/bin:/usr/games:/usr/local/games', 'HOME': '/home/vagrant', 'CMAKE_PREFIX_PATH': '/opt/ros/indigo', 'LD_LIBRARY_PATH': '/opt/ros/indigo/lib:/opt/ros/indigo/lib/x86_64-linux-gnu', 'LANG': 'en_US.UTF-8', 'TERM': 'xterm-256color', 'SHELL': '/bin/bash', 'SHLVL': '1', 'QT_QPA_PLATFORMTHEME': 'appmenu-qt5', 'ROS_LOG_FILENAME': '/home/vagrant/.ros/log/537e11d8-4940-11e6-a3ed-080027a2ea64/roslaunch-ros-indigo-desktop-trusty64-3854.log', 'ROS_ETC_DIR': '/opt/ros/indigo/etc/ros', 'XDG_RUNTIME_DIR': '/run/user/1000', 'PYTHONPATH': '/opt/ros/indigo/lib/python2.7/dist-packages', 'ROS_ROOT': '/opt/ros/indigo/share/ros', 'PKG_CONFIG_PATH': '/opt/ros/indigo/lib/pkgconfig:/opt/ros/indigo/lib/x86_64-linux-gnu/pkgconfig', 'ROS_PACKAGE_PATH': '/opt/ros/indigo/share:/opt/ros/indigo/stacks', 'XDG_SESSION_ID': '2', '_': '/opt/ros/indigo/bin/roslaunch', 'SSH_TTY': '/dev/pts/0', 'OLDPWD': '/home/vagrant/therblig-motion-library/mico', 'ROSLISP_PACKAGE_DIRECTORIES': '', 'PWD': '/home/vagrant/therblig-motion-library/mico/wpi_jaco', 'ROS_MASTER_URI': 'http://localhost:11311', 'MAIL': '/var/mail/vagrant', 'SSH_CONNECTION': '10.0.2.2 49390 10.0.2.15 22'}
[roslaunch][INFO] 2016-07-13 21:26:38,275: starting in server mode
[roslaunch.parent][INFO] 2016-07-13 21:26:38,275: starting roslaunch parent run
[roslaunch][INFO] 2016-07-13 21:26:38,276: loading roscore config file /opt/ros/indigo/etc/ros/roscore.xml
[roslaunch][INFO] 2016-07-13 21:26:38,402: Added core node of type [rosout/rosout] in namespace [/]
[roslaunch.config][INFO] 2016-07-13 21:26:38,403: loading config file /opt/ros/indigo/share/rosbridge_server/launch/rosbridge_websocket.launch
[roslaunch][INFO] 2016-07-13 21:26:38,407: Added node of type [rosbridge_server/rosbridge_websocket] in namespace [/]
[roslaunch][INFO] 2016-07-13 21:26:38,408: Added node of type [rosapi/rosapi_node] in namespace [/]
[roslaunch][INFO] 2016-07-13 21:26:38,409: ... selected machine [] for node of type [rosbridge_server/rosbridge_websocket]
[roslaunch][INFO] 2016-07-13 21:26:38,409: ... selected machine [] for node of type [rosapi/rosapi_node]
[roslaunch.pmon][INFO] 2016-07-13 21:26:38,410: start_process_monitor: creating ProcessMonitor
[roslaunch.pmon][INFO] 2016-07-13 21:26:38,411: created process monitor <ProcessMonitor(ProcessMonitor-1, initial daemon)>
[roslaunch.pmon][INFO] 2016-07-13 21:26:38,412: start_process_monitor: ProcessMonitor started
[roslaunch.parent][INFO] 2016-07-13 21:26:38,412: starting parent XML-RPC server
[roslaunch.server][INFO] 2016-07-13 21:26:38,413: starting roslaunch XML-RPC server
[roslaunch.server][INFO] 2016-07-13 21:26:38,413: waiting for roslaunch XML-RPC server to initialize
[xmlrpc][INFO] 2016-07-13 21:26:38,414: XML-RPC server binding to 0.0.0.0:0
[xmlrpc][INFO] 2016-07-13 21:26:38,415: Started XML-RPC server [http://ros-indigo-desktop-trusty64:56370/]
[xmlrpc][INFO] 2016-07-13 21:26:38,415: xml rpc node: starting XML-RPC server
[roslaunch][INFO] 2016-07-13 21:26:38,427: started roslaunch server http://ros-indigo-desktop-trusty64:56370/
[roslaunch.parent][INFO] 2016-07-13 21:26:38,429: ... parent XML-RPC server started
[roslaunch][INFO] 2016-07-13 21:26:38,431: master.is_running[http://localhost:11311]
[roslaunch][INFO] 2016-07-13 21:26:38,434: master.is_running[http://localhost:11311]
[roslaunch][INFO] 2016-07-13 21:26:38,436: ROS_MASTER_URI=http://localhost:11311
[roslaunch][INFO] 2016-07-13 21:26:38,441: setting /roslaunch/uris/host_ros_indigo_desktop_trusty64__56370' to http://ros-indigo-desktop-trusty64:56370/
[roslaunch][INFO] 2016-07-13 21:26:38,447: load_parameters starting ...
[roslaunch][INFO] 2016-07-13 21:26:38,458: ... load_parameters complete
[roslaunch][INFO] 2016-07-13 21:26:38,459: launch_nodes: launching local nodes ...
[roslaunch][INFO] 2016-07-13 21:26:38,459: ... preparing to launch node of type [rosbridge_server/rosbridge_websocket]
[roslaunch][INFO] 2016-07-13 21:26:38,459: create_node_process: package[rosbridge_server] type[rosbridge_websocket] machine[Machine(name[] env_loader[None] address[localhost] ssh_port[22] user[None] assignable[True] timeout[10.0])] master_uri[http://localhost:11311]
[roslaunch][INFO] 2016-07-13 21:26:38,460: process[rosbridge_websocket-1]: env[{'ROS_DISTRO': 'indigo', 'SSH_CLIENT': '10.0.2.2 49390 22', 'CPATH': '/opt/ros/indigo/include', 'LOGNAME': 'vagrant', 'USER': 'vagrant', 'PATH': '/opt/ros/indigo/bin:/usr/local/sbin:/usr/local/bin:/usr/sbin:/usr/bin:/sbin:/bin:/usr/games:/usr/local/games', 'HOME': '/home/vagrant', 'CMAKE_PREFIX_PATH': '/opt/ros/indigo', 'ROS_LOG_FILENAME': '/home/vagrant/.ros/log/537e11d8-4940-11e6-a3ed-080027a2ea64/roslaunch-ros-indigo-desktop-trusty64-3854.log', 'LANG': 'en_US.UTF-8', 'TERM': 'xterm-256color', 'SHELL': '/bin/bash', 'SHLVL': '1', 'QT_QPA_PLATFORMTHEME': 'appmenu-qt5', 'LD_LIBRARY_PATH': '/opt/ros/indigo/lib:/opt/ros/indigo/lib/x86_64-linux-gnu', 'ROS_MASTER_URI': 'http://localhost:11311', 'XDG_RUNTIME_DIR': '/run/user/1000', 'PYTHONPATH': '/opt/ros/indigo/lib/python2.7/dist-packages', 'ROS_ROOT': '/opt/ros/indigo/share/ros', 'PKG_CONFIG_PATH': '/opt/ros/indigo/lib/pkgconfig:/opt/ros/indigo/lib/x86_64-linux-gnu/pkgconfig', 'ROS_PACKAGE_PATH': '/opt/ros/indigo/share:/opt/ros/indigo/stacks', 'XDG_SESSION_ID': '2', '_': '/opt/ros/indigo/bin/roslaunch', 'SSH_TTY': '/dev/pts/0', 'OLDPWD': '/home/vagrant/therblig-motion-library/mico', 'ROSLISP_PACKAGE_DIRECTORIES': '', 'PWD': '/home/vagrant/therblig-motion-library/mico/wpi_jaco', 'ROS_ETC_DIR': '/opt/ros/indigo/etc/ros', 'MAIL': '/var/mail/vagrant', 'SSH_CONNECTION': '10.0.2.2 49390 10.0.2.15 22'}]
[roslaunch][INFO] 2016-07-13 21:26:38,500: process[rosbridge_websocket-1]: args[[u'/opt/ros/indigo/lib/rosbridge_server/rosbridge_websocket', u'__name:=rosbridge_websocket']]
[roslaunch][INFO] 2016-07-13 21:26:38,500: ... created process [rosbridge_websocket-1]
[roslaunch.pmon][INFO] 2016-07-13 21:26:38,501: ProcessMonitor.register[rosbridge_websocket-1]
[roslaunch.pmon][INFO] 2016-07-13 21:26:38,501: ProcessMonitor.register[rosbridge_websocket-1] complete
[roslaunch][INFO] 2016-07-13 21:26:38,501: ... registered process [rosbridge_websocket-1]
[roslaunch][INFO] 2016-07-13 21:26:38,502: process[rosbridge_websocket-1]: starting os process
[roslaunch][INFO] 2016-07-13 21:26:38,503: process[rosbridge_websocket-1]: start w/ args [[u'/opt/ros/indigo/lib/rosbridge_server/rosbridge_websocket', u'__name:=rosbridge_websocket', u'__log:=/home/vagrant/.ros/log/537e11d8-4940-11e6-a3ed-080027a2ea64/rosbridge_websocket-1.log']]
[roslaunch][INFO] 2016-07-13 21:26:38,503: process[rosbridge_websocket-1]: cwd will be [/home/vagrant/.ros]
[roslaunch][INFO] 2016-07-13 21:26:38,508: process[rosbridge_websocket-1]: started with pid [3872]
[roslaunch][INFO] 2016-07-13 21:26:38,509: ... successfully launched [rosbridge_websocket-1]
[roslaunch][INFO] 2016-07-13 21:26:38,509: ... preparing to launch node of type [rosapi/rosapi_node]
[roslaunch][INFO] 2016-07-13 21:26:38,510: create_node_process: package[rosapi] type[rosapi_node] machine[Machine(name[] env_loader[None] address[localhost] ssh_port[22] user[None] assignable[True] timeout[10.0])] master_uri[http://localhost:11311]
[roslaunch][INFO] 2016-07-13 21:26:38,511: process[rosapi-2]: env[{'ROS_DISTRO': 'indigo', 'SSH_CLIENT': '10.0.2.2 49390 22', 'CPATH': '/opt/ros/indigo/include', 'LOGNAME': 'vagrant', 'USER': 'vagrant', 'PATH': '/opt/ros/indigo/bin:/usr/local/sbin:/usr/local/bin:/usr/sbin:/usr/bin:/sbin:/bin:/usr/games:/usr/local/games', 'HOME': '/home/vagrant', 'CMAKE_PREFIX_PATH': '/opt/ros/indigo', 'ROS_LOG_FILENAME': '/home/vagrant/.ros/log/537e11d8-4940-11e6-a3ed-080027a2ea64/roslaunch-ros-indigo-desktop-trusty64-3854.log', 'LANG': 'en_US.UTF-8', 'TERM': 'xterm-256color', 'SHELL': '/bin/bash', 'SHLVL': '1', 'QT_QPA_PLATFORMTHEME': 'appmenu-qt5', 'LD_LIBRARY_PATH': '/opt/ros/indigo/lib:/opt/ros/indigo/lib/x86_64-linux-gnu', 'ROS_MASTER_URI': 'http://localhost:11311', 'XDG_RUNTIME_DIR': '/run/user/1000', 'PYTHONPATH': '/opt/ros/indigo/lib/python2.7/dist-packages', 'ROS_ROOT': '/opt/ros/indigo/share/ros', 'PKG_CONFIG_PATH': '/opt/ros/indigo/lib/pkgconfig:/opt/ros/indigo/lib/x86_64-linux-gnu/pkgconfig', 'ROS_PACKAGE_PATH': '/opt/ros/indigo/share:/opt/ros/indigo/stacks', 'XDG_SESSION_ID': '2', '_': '/opt/ros/indigo/bin/roslaunch', 'SSH_TTY': '/dev/pts/0', 'OLDPWD': '/home/vagrant/therblig-motion-library/mico', 'ROSLISP_PACKAGE_DIRECTORIES': '', 'PWD': '/home/vagrant/therblig-motion-library/mico/wpi_jaco', 'ROS_ETC_DIR': '/opt/ros/indigo/etc/ros', 'MAIL': '/var/mail/vagrant', 'SSH_CONNECTION': '10.0.2.2 49390 10.0.2.15 22'}]
[roslaunch][INFO] 2016-07-13 21:26:38,551: process[rosapi-2]: args[[u'/opt/ros/indigo/lib/rosapi/rosapi_node', u'__name:=rosapi']]
[roslaunch][INFO] 2016-07-13 21:26:38,552: ... created process [rosapi-2]
[roslaunch.pmon][INFO] 2016-07-13 21:26:38,553: ProcessMonitor.register[rosapi-2]
[roslaunch.pmon][INFO] 2016-07-13 21:26:38,554: ProcessMonitor.register[rosapi-2] complete
[roslaunch][INFO] 2016-07-13 21:26:38,554: ... registered process [rosapi-2]
[roslaunch][INFO] 2016-07-13 21:26:38,555: process[rosapi-2]: starting os process
[roslaunch][INFO] 2016-07-13 21:26:38,557: process[rosapi-2]: start w/ args [[u'/opt/ros/indigo/lib/rosapi/rosapi_node', u'__name:=rosapi', u'__log:=/home/vagrant/.ros/log/537e11d8-4940-11e6-a3ed-080027a2ea64/rosapi-2.log']]
[roslaunch][INFO] 2016-07-13 21:26:38,558: process[rosapi-2]: cwd will be [/home/vagrant/.ros]
[roslaunch][INFO] 2016-07-13 21:26:38,565: process[rosapi-2]: started with pid [3873]
[roslaunch][INFO] 2016-07-13 21:26:38,568: ... successfully launched [rosapi-2]
[roslaunch][INFO] 2016-07-13 21:26:38,569: ... launch_nodes complete
[roslaunch.pmon][INFO] 2016-07-13 21:26:38,571: registrations completed <ProcessMonitor(ProcessMonitor-1, started daemon 139784170669824)>
[roslaunch.parent][INFO] 2016-07-13 21:26:38,573: ... roslaunch parent running, waiting for process exit
[roslaunch][INFO] 2016-07-13 21:26:38,573: spin
[roslaunch.pmon][INFO] 2016-07-13 21:26:41,712: ProcessMonitor.shutdown <ProcessMonitor(ProcessMonitor-1, started daemon 139784170669824)>
[roslaunch.pmon][INFO] 2016-07-13 21:26:41,734: ProcessMonitor._post_run <ProcessMonitor(ProcessMonitor-1, started daemon 139784170669824)>
[roslaunch.pmon][INFO] 2016-07-13 21:26:41,735: ProcessMonitor._post_run <ProcessMonitor(ProcessMonitor-1, started daemon 139784170669824)>: remaining procs are [<roslaunch.nodeprocess.LocalProcess object at 0x7f2209febf90>, <roslaunch.nodeprocess.LocalProcess object at 0x7f2209febad0>]
[roslaunch.pmon][INFO] 2016-07-13 21:26:41,736: ProcessMonitor exit: killing rosapi-2
[roslaunch.pmon][INFO] 2016-07-13 21:26:41,739: ProcessMonitor exit: killing rosbridge_websocket-1
[roslaunch][INFO] 2016-07-13 21:26:41,739: [rosapi-2] killing on exit
[roslaunch][INFO] 2016-07-13 21:26:41,741: process[rosapi-2]: killing os process with pid[3873] pgid[3873]
[roslaunch][INFO] 2016-07-13 21:26:41,741: [rosapi-2] sending SIGINT to pgid [3873]
[roslaunch][INFO] 2016-07-13 21:26:41,742: [rosapi-2] sent SIGINT to pgid [3873]
[roslaunch][INFO] 2016-07-13 21:26:41,740: [rosbridge_websocket-1] killing on exit
[roslaunch][INFO] 2016-07-13 21:26:41,744: process[rosbridge_websocket-1]: killing os process with pid[3872] pgid[3872]
[roslaunch][INFO] 2016-07-13 21:26:41,745: [rosbridge_websocket-1] sending SIGINT to pgid [3872]
[roslaunch][INFO] 2016-07-13 21:26:41,745: [rosbridge_websocket-1] sent SIGINT to pgid [3872]
[roslaunch][INFO] 2016-07-13 21:26:42,449: process[rosapi-2]: SIGINT killed with return value 0
[roslaunch][INFO] 2016-07-13 21:26:42,450: process[rosbridge_websocket-1]: SIGINT killed with return value 0
[roslaunch.pmon][INFO] 2016-07-13 21:26:42,452: ProcessMonitor exit: cleaning up data structures and signals
[roslaunch.pmon][INFO] 2016-07-13 21:26:42,453: ProcessMonitor exit: pmon has shutdown
[roslaunch][INFO] 2016-07-13 21:26:42,489: process monitor is done spinning, initiating full shutdown
[roslaunch][INFO] 2016-07-13 21:26:42,490: runner.stop()
[roslaunch][INFO] 2016-07-13 21:26:42,491: shutting down processing monitor...
[roslaunch][INFO] 2016-07-13 21:26:42,492: shutting down processing monitor <ProcessMonitor(ProcessMonitor-1, stopped daemon 139784170669824)>
[roslaunch.pmon][INFO] 2016-07-13 21:26:42,493: ProcessMonitor.shutdown <ProcessMonitor(ProcessMonitor-1, stopped daemon 139784170669824)>
[roslaunch][INFO] 2016-07-13 21:26:42,493: ... shutting down processing monitor complete
[roslaunch][INFO] 2016-07-13 21:26:42,494: done
[roslaunch.pmon][INFO] 2016-07-13 21:26:42,495: ProcessMonitor.shutdown <ProcessMonitor(ProcessMonitor-1, stopped daemon 139784170669824)>
[rospy.core][INFO] 2016-07-13 21:26:42,496: signal_shutdown [atexit]
