[roslaunch][INFO] 2016-07-18 20:04:52,440: Checking log directory for disk usage. This may take awhile.
Press Ctrl-C to interrupt
[roslaunch][INFO] 2016-07-18 20:04:52,555: Done checking log file disk usage. Usage is <1GB.
[roslaunch][INFO] 2016-07-18 20:04:52,556: roslaunch starting with args ['/opt/ros/indigo/bin/roslaunch', 'mico_description', 'mico_description.launch']
[roslaunch][INFO] 2016-07-18 20:04:52,556: roslaunch env is {'ROS_DISTRO': 'indigo', 'SSH_CLIENT': '10.0.2.2 60060 22', 'CPATH': '/home/vagrant/therblig-motion-library/mico/wpi_jaco/devel/include:/opt/ros/indigo/include', 'LOGNAME': 'vagrant', 'USER': 'vagrant', 'HOME': '/home/vagrant', 'PATH': '/home/vagrant/therblig-motion-library/mico/wpi_jaco/devel/bin:/opt/ros/indigo/bin:/usr/local/sbin:/usr/local/bin:/usr/sbin:/usr/bin:/sbin:/bin:/usr/games:/usr/local/games', 'CMAKE_PREFIX_PATH': '/home/vagrant/therblig-motion-library/mico/wpi_jaco/devel:/opt/ros/indigo', 'LD_LIBRARY_PATH': '/home/vagrant/therblig-motion-library/mico/wpi_jaco/devel/lib/x86_64-linux-gnu:/opt/ros/indigo/lib/x86_64-linux-gnu:/home/vagrant/therblig-motion-library/mico/wpi_jaco/devel/lib:/opt/ros/indigo/lib', 'LANG': 'en_US.UTF-8', 'TERM': 'screen', 'SHELL': '/bin/bash', 'ROS_LOG_FILENAME': '/home/vagrant/.ros/log/537e11d8-4940-11e6-a3ed-080027a2ea64/roslaunch-ros-indigo-desktop-trusty64-14787.log', 'SHLVL': '2', 'XDG_SESSION_ID': '16', 'QT_QPA_PLATFORMTHEME': 'appmenu-qt5', 'DISPLAY': 'localhost:10.0', 'ROS_ETC_DIR': '/opt/ros/indigo/etc/ros', 'XDG_RUNTIME_DIR': '/run/user/1000', 'PYTHONPATH': '/home/vagrant/therblig-motion-library/mico/wpi_jaco/devel/lib/python2.7/dist-packages:/opt/ros/indigo/lib/python2.7/dist-packages', 'TMUX': '/tmp/tmux-1000/default,14605,0', 'ROS_ROOT': '/opt/ros/indigo/share/ros', 'PKG_CONFIG_PATH': '/home/vagrant/therblig-motion-library/mico/wpi_jaco/devel/lib/x86_64-linux-gnu/pkgconfig:/opt/ros/indigo/lib/x86_64-linux-gnu/pkgconfig:/home/vagrant/therblig-motion-library/mico/wpi_jaco/devel/lib/pkgconfig:/opt/ros/indigo/lib/pkgconfig', 'ROS_PACKAGE_PATH': '/home/vagrant/therblig-motion-library/mico/wpi_jaco/src:/opt/ros/indigo/share:/opt/ros/indigo/stacks', 'ROS_TEST_RESULTS_DIR': '/home/vagrant/therblig-motion-library/mico/wpi_jaco/build/test_results', '_': '/opt/ros/indigo/bin/roslaunch', 'CATKIN_TEST_RESULTS_DIR': '/home/vagrant/therblig-motion-library/mico/wpi_jaco/build/test_results', 'SSH_TTY': '/dev/pts/0', 'OLDPWD': '/home/vagrant/therblig-motion-library/mico/wpi_jaco/devel', 'ROSLISP_PACKAGE_DIRECTORIES': '/home/vagrant/therblig-motion-library/mico/wpi_jaco/devel/share/common-lisp', 'PWD': '/home/vagrant', 'ROS_MASTER_URI': 'http://localhost:11311', 'MAIL': '/var/mail/vagrant', 'SSH_CONNECTION': '10.0.2.2 60060 10.0.2.15 22', 'TMUX_PANE': '%0'}
[roslaunch][INFO] 2016-07-18 20:04:52,557: starting in server mode
[roslaunch.parent][INFO] 2016-07-18 20:04:52,558: starting roslaunch parent run
[roslaunch][INFO] 2016-07-18 20:04:52,559: loading roscore config file /opt/ros/indigo/etc/ros/roscore.xml
[roslaunch][INFO] 2016-07-18 20:04:53,868: Added core node of type [rosout/rosout] in namespace [/]
[roslaunch.config][INFO] 2016-07-18 20:04:53,869: loading config file /home/vagrant/therblig-motion-library/mico/wpi_jaco/src/mico_description/launch/mico_description.launch
[roslaunch][INFO] 2016-07-18 20:04:56,643: Added node of type [robot_state_publisher/robot_state_publisher] in namespace [/]
[roslaunch][INFO] 2016-07-18 20:04:56,661: Added node of type [joint_state_publisher/joint_state_publisher] in namespace [/]
[roslaunch][INFO] 2016-07-18 20:04:56,661: ... selected machine [] for node of type [robot_state_publisher/robot_state_publisher]
[roslaunch][INFO] 2016-07-18 20:04:56,662: ... selected machine [] for node of type [joint_state_publisher/joint_state_publisher]
[roslaunch.pmon][INFO] 2016-07-18 20:04:56,670: start_process_monitor: creating ProcessMonitor
[roslaunch.pmon][INFO] 2016-07-18 20:04:56,671: created process monitor <ProcessMonitor(ProcessMonitor-1, initial daemon)>
[roslaunch.pmon][INFO] 2016-07-18 20:04:56,672: start_process_monitor: ProcessMonitor started
[roslaunch.parent][INFO] 2016-07-18 20:04:56,672: starting parent XML-RPC server
[roslaunch.server][INFO] 2016-07-18 20:04:56,673: starting roslaunch XML-RPC server
[roslaunch.server][INFO] 2016-07-18 20:04:56,673: waiting for roslaunch XML-RPC server to initialize
[xmlrpc][INFO] 2016-07-18 20:04:56,673: XML-RPC server binding to 0.0.0.0:0
[xmlrpc][INFO] 2016-07-18 20:04:56,674: Started XML-RPC server [http://ros-indigo-desktop-trusty64:45830/]
[xmlrpc][INFO] 2016-07-18 20:04:56,675: xml rpc node: starting XML-RPC server
[roslaunch][INFO] 2016-07-18 20:04:56,692: started roslaunch server http://ros-indigo-desktop-trusty64:45830/
[roslaunch.parent][INFO] 2016-07-18 20:04:56,692: ... parent XML-RPC server started
[roslaunch][INFO] 2016-07-18 20:04:56,694: master.is_running[http://localhost:11311]
[roslaunch][INFO] 2016-07-18 20:04:56,696: master.is_running[http://localhost:11311]
[roslaunch][INFO] 2016-07-18 20:04:56,698: ROS_MASTER_URI=http://localhost:11311
[roslaunch][INFO] 2016-07-18 20:04:56,702: setting /roslaunch/uris/host_ros_indigo_desktop_trusty64__45830' to http://ros-indigo-desktop-trusty64:45830/
[roslaunch][INFO] 2016-07-18 20:04:56,706: load_parameters starting ...
[roslaunch][INFO] 2016-07-18 20:04:56,717: ... load_parameters complete
[roslaunch][INFO] 2016-07-18 20:04:56,718: launch_nodes: launching local nodes ...
[roslaunch][INFO] 2016-07-18 20:04:56,719: ... preparing to launch node of type [robot_state_publisher/robot_state_publisher]
[roslaunch][INFO] 2016-07-18 20:04:56,719: create_node_process: package[robot_state_publisher] type[robot_state_publisher] machine[Machine(name[] env_loader[None] address[localhost] ssh_port[22] user[None] assignable[True] timeout[10.0])] master_uri[http://localhost:11311]
[roslaunch][INFO] 2016-07-18 20:04:56,719: process[robot_state_publisher-1]: env[{'ROS_DISTRO': 'indigo', 'SSH_CLIENT': '10.0.2.2 60060 22', 'CPATH': '/home/vagrant/therblig-motion-library/mico/wpi_jaco/devel/include:/opt/ros/indigo/include', 'LOGNAME': 'vagrant', 'USER': 'vagrant', 'HOME': '/home/vagrant', 'PATH': '/home/vagrant/therblig-motion-library/mico/wpi_jaco/devel/bin:/opt/ros/indigo/bin:/usr/local/sbin:/usr/local/bin:/usr/sbin:/usr/bin:/sbin:/bin:/usr/games:/usr/local/games', 'CMAKE_PREFIX_PATH': '/home/vagrant/therblig-motion-library/mico/wpi_jaco/devel:/opt/ros/indigo', 'ROS_LOG_FILENAME': '/home/vagrant/.ros/log/537e11d8-4940-11e6-a3ed-080027a2ea64/roslaunch-ros-indigo-desktop-trusty64-14787.log', 'LANG': 'en_US.UTF-8', 'TERM': 'screen', 'SHELL': '/bin/bash', 'SHLVL': '2', 'ROS_TEST_RESULTS_DIR': '/home/vagrant/therblig-motion-library/mico/wpi_jaco/build/test_results', 'QT_QPA_PLATFORMTHEME': 'appmenu-qt5', 'DISPLAY': 'localhost:10.0', 'ROS_MASTER_URI': 'http://localhost:11311', 'XDG_RUNTIME_DIR': '/run/user/1000', 'PYTHONPATH': '/home/vagrant/therblig-motion-library/mico/wpi_jaco/devel/lib/python2.7/dist-packages:/opt/ros/indigo/lib/python2.7/dist-packages', 'TMUX': '/tmp/tmux-1000/default,14605,0', 'ROS_ROOT': '/opt/ros/indigo/share/ros', 'PKG_CONFIG_PATH': '/home/vagrant/therblig-motion-library/mico/wpi_jaco/devel/lib/x86_64-linux-gnu/pkgconfig:/opt/ros/indigo/lib/x86_64-linux-gnu/pkgconfig:/home/vagrant/therblig-motion-library/mico/wpi_jaco/devel/lib/pkgconfig:/opt/ros/indigo/lib/pkgconfig', 'ROS_PACKAGE_PATH': '/home/vagrant/therblig-motion-library/mico/wpi_jaco/src:/opt/ros/indigo/share:/opt/ros/indigo/stacks', 'XDG_SESSION_ID': '16', '_': '/opt/ros/indigo/bin/roslaunch', 'CATKIN_TEST_RESULTS_DIR': '/home/vagrant/therblig-motion-library/mico/wpi_jaco/build/test_results', 'LD_LIBRARY_PATH': '/home/vagrant/therblig-motion-library/mico/wpi_jaco/devel/lib/x86_64-linux-gnu:/opt/ros/indigo/lib/x86_64-linux-gnu:/home/vagrant/therblig-motion-library/mico/wpi_jaco/devel/lib:/opt/ros/indigo/lib', 'SSH_TTY': '/dev/pts/0', 'OLDPWD': '/home/vagrant/therblig-motion-library/mico/wpi_jaco/devel', 'ROSLISP_PACKAGE_DIRECTORIES': '/home/vagrant/therblig-motion-library/mico/wpi_jaco/devel/share/common-lisp', 'PWD': '/home/vagrant', 'ROS_ETC_DIR': '/opt/ros/indigo/etc/ros', 'MAIL': '/var/mail/vagrant', 'SSH_CONNECTION': '10.0.2.2 60060 10.0.2.15 22', 'TMUX_PANE': '%0'}]
[roslaunch][INFO] 2016-07-18 20:04:57,436: process[robot_state_publisher-1]: args[[u'/opt/ros/indigo/lib/robot_state_publisher/robot_state_publisher', u'__name:=robot_state_publisher']]
[roslaunch][INFO] 2016-07-18 20:04:57,437: ... created process [robot_state_publisher-1]
[roslaunch.pmon][INFO] 2016-07-18 20:04:57,438: ProcessMonitor.register[robot_state_publisher-1]
[roslaunch.pmon][INFO] 2016-07-18 20:04:57,439: ProcessMonitor.register[robot_state_publisher-1] complete
[roslaunch][INFO] 2016-07-18 20:04:57,439: ... registered process [robot_state_publisher-1]
[roslaunch][INFO] 2016-07-18 20:04:57,440: process[robot_state_publisher-1]: starting os process
[roslaunch][INFO] 2016-07-18 20:04:57,445: process[robot_state_publisher-1]: start w/ args [[u'/opt/ros/indigo/lib/robot_state_publisher/robot_state_publisher', u'__name:=robot_state_publisher', u'__log:=/home/vagrant/.ros/log/537e11d8-4940-11e6-a3ed-080027a2ea64/robot_state_publisher-1.log']]
[roslaunch][INFO] 2016-07-18 20:04:57,445: process[robot_state_publisher-1]: cwd will be [/home/vagrant/.ros]
[roslaunch][INFO] 2016-07-18 20:04:57,450: process[robot_state_publisher-1]: started with pid [14815]
[roslaunch][INFO] 2016-07-18 20:04:57,451: ... successfully launched [robot_state_publisher-1]
[roslaunch][INFO] 2016-07-18 20:04:57,452: ... preparing to launch node of type [joint_state_publisher/joint_state_publisher]
[roslaunch][INFO] 2016-07-18 20:04:57,453: create_node_process: package[joint_state_publisher] type[joint_state_publisher] machine[Machine(name[] env_loader[None] address[localhost] ssh_port[22] user[None] assignable[True] timeout[10.0])] master_uri[http://localhost:11311]
[roslaunch][INFO] 2016-07-18 20:04:57,454: process[joint_state_publisher-2]: env[{'ROS_DISTRO': 'indigo', 'SSH_CLIENT': '10.0.2.2 60060 22', 'CPATH': '/home/vagrant/therblig-motion-library/mico/wpi_jaco/devel/include:/opt/ros/indigo/include', 'LOGNAME': 'vagrant', 'USER': 'vagrant', 'HOME': '/home/vagrant', 'PATH': '/home/vagrant/therblig-motion-library/mico/wpi_jaco/devel/bin:/opt/ros/indigo/bin:/usr/local/sbin:/usr/local/bin:/usr/sbin:/usr/bin:/sbin:/bin:/usr/games:/usr/local/games', 'CMAKE_PREFIX_PATH': '/home/vagrant/therblig-motion-library/mico/wpi_jaco/devel:/opt/ros/indigo', 'ROS_LOG_FILENAME': '/home/vagrant/.ros/log/537e11d8-4940-11e6-a3ed-080027a2ea64/roslaunch-ros-indigo-desktop-trusty64-14787.log', 'LANG': 'en_US.UTF-8', 'TERM': 'screen', 'SHELL': '/bin/bash', 'SHLVL': '2', 'ROS_TEST_RESULTS_DIR': '/home/vagrant/therblig-motion-library/mico/wpi_jaco/build/test_results', 'QT_QPA_PLATFORMTHEME': 'appmenu-qt5', 'DISPLAY': 'localhost:10.0', 'ROS_MASTER_URI': 'http://localhost:11311', 'XDG_RUNTIME_DIR': '/run/user/1000', 'PYTHONPATH': '/home/vagrant/therblig-motion-library/mico/wpi_jaco/devel/lib/python2.7/dist-packages:/opt/ros/indigo/lib/python2.7/dist-packages', 'TMUX': '/tmp/tmux-1000/default,14605,0', 'ROS_ROOT': '/opt/ros/indigo/share/ros', 'PKG_CONFIG_PATH': '/home/vagrant/therblig-motion-library/mico/wpi_jaco/devel/lib/x86_64-linux-gnu/pkgconfig:/opt/ros/indigo/lib/x86_64-linux-gnu/pkgconfig:/home/vagrant/therblig-motion-library/mico/wpi_jaco/devel/lib/pkgconfig:/opt/ros/indigo/lib/pkgconfig', 'ROS_PACKAGE_PATH': '/home/vagrant/therblig-motion-library/mico/wpi_jaco/src:/opt/ros/indigo/share:/opt/ros/indigo/stacks', 'XDG_SESSION_ID': '16', '_': '/opt/ros/indigo/bin/roslaunch', 'CATKIN_TEST_RESULTS_DIR': '/home/vagrant/therblig-motion-library/mico/wpi_jaco/build/test_results', 'LD_LIBRARY_PATH': '/home/vagrant/therblig-motion-library/mico/wpi_jaco/devel/lib/x86_64-linux-gnu:/opt/ros/indigo/lib/x86_64-linux-gnu:/home/vagrant/therblig-motion-library/mico/wpi_jaco/devel/lib:/opt/ros/indigo/lib', 'SSH_TTY': '/dev/pts/0', 'OLDPWD': '/home/vagrant/therblig-motion-library/mico/wpi_jaco/devel', 'ROSLISP_PACKAGE_DIRECTORIES': '/home/vagrant/therblig-motion-library/mico/wpi_jaco/devel/share/common-lisp', 'PWD': '/home/vagrant', 'ROS_ETC_DIR': '/opt/ros/indigo/etc/ros', 'MAIL': '/var/mail/vagrant', 'SSH_CONNECTION': '10.0.2.2 60060 10.0.2.15 22', 'TMUX_PANE': '%0'}]
[roslaunch][INFO] 2016-07-18 20:04:58,183: process[joint_state_publisher-2]: args[[u'/opt/ros/indigo/lib/joint_state_publisher/joint_state_publisher', u'__name:=joint_state_publisher']]
[roslaunch][INFO] 2016-07-18 20:04:58,184: ... created process [joint_state_publisher-2]
[roslaunch.pmon][INFO] 2016-07-18 20:04:58,184: ProcessMonitor.register[joint_state_publisher-2]
[roslaunch.pmon][INFO] 2016-07-18 20:04:58,185: ProcessMonitor.register[joint_state_publisher-2] complete
[roslaunch][INFO] 2016-07-18 20:04:58,185: ... registered process [joint_state_publisher-2]
[roslaunch][INFO] 2016-07-18 20:04:58,186: process[joint_state_publisher-2]: starting os process
[roslaunch][INFO] 2016-07-18 20:04:58,190: process[joint_state_publisher-2]: start w/ args [[u'/opt/ros/indigo/lib/joint_state_publisher/joint_state_publisher', u'__name:=joint_state_publisher', u'__log:=/home/vagrant/.ros/log/537e11d8-4940-11e6-a3ed-080027a2ea64/joint_state_publisher-2.log']]
[roslaunch][INFO] 2016-07-18 20:04:58,191: process[joint_state_publisher-2]: cwd will be [/home/vagrant/.ros]
[roslaunch][INFO] 2016-07-18 20:04:58,196: process[joint_state_publisher-2]: started with pid [14840]
[roslaunch][INFO] 2016-07-18 20:04:58,197: ... successfully launched [joint_state_publisher-2]
[roslaunch][INFO] 2016-07-18 20:04:58,198: ... launch_nodes complete
[roslaunch.pmon][INFO] 2016-07-18 20:04:58,199: registrations completed <ProcessMonitor(ProcessMonitor-1, started daemon 140500480743168)>
[roslaunch.parent][INFO] 2016-07-18 20:04:58,199: ... roslaunch parent running, waiting for process exit
[roslaunch][INFO] 2016-07-18 20:04:58,200: spin
[roslaunch.pmon][INFO] 2016-07-18 20:31:25,868: ProcessMonitor.shutdown <ProcessMonitor(ProcessMonitor-1, started daemon 140500480743168)>
[roslaunch.pmon][INFO] 2016-07-18 20:31:25,935: ProcessMonitor._post_run <ProcessMonitor(ProcessMonitor-1, started daemon 140500480743168)>
[roslaunch.pmon][INFO] 2016-07-18 20:31:25,936: ProcessMonitor._post_run <ProcessMonitor(ProcessMonitor-1, started daemon 140500480743168)>: remaining procs are [<roslaunch.nodeprocess.LocalProcess object at 0x7fc8d16a7d90>, <roslaunch.nodeprocess.LocalProcess object at 0x7fc8d14083d0>]
[roslaunch.pmon][INFO] 2016-07-18 20:31:25,937: ProcessMonitor exit: killing joint_state_publisher-2
[roslaunch][INFO] 2016-07-18 20:31:25,938: [joint_state_publisher-2] killing on exit
[roslaunch][INFO] 2016-07-18 20:31:25,940: process[joint_state_publisher-2]: killing os process with pid[14840] pgid[14840]
[roslaunch.pmon][INFO] 2016-07-18 20:31:25,939: ProcessMonitor exit: killing robot_state_publisher-1
[roslaunch][INFO] 2016-07-18 20:31:25,941: [robot_state_publisher-1] killing on exit
[roslaunch][INFO] 2016-07-18 20:31:25,941: [joint_state_publisher-2] sending SIGINT to pgid [14840]
[roslaunch][INFO] 2016-07-18 20:31:25,944: process[robot_state_publisher-1]: killing os process with pid[14815] pgid[14815]
[roslaunch][INFO] 2016-07-18 20:31:25,947: [robot_state_publisher-1] sending SIGINT to pgid [14815]
[roslaunch][INFO] 2016-07-18 20:31:25,947: [robot_state_publisher-1] sent SIGINT to pgid [14815]
[roslaunch][INFO] 2016-07-18 20:31:25,946: [joint_state_publisher-2] sent SIGINT to pgid [14840]
[roslaunch][INFO] 2016-07-18 20:31:26,149: process[robot_state_publisher-1]: SIGINT killed with return value 0
[roslaunch][INFO] 2016-07-18 20:31:26,250: process[joint_state_publisher-2]: SIGINT killed with return value 0
[roslaunch.pmon][INFO] 2016-07-18 20:31:26,252: ProcessMonitor exit: cleaning up data structures and signals
[roslaunch.pmon][INFO] 2016-07-18 20:31:26,252: ProcessMonitor exit: pmon has shutdown
[roslaunch][INFO] 2016-07-18 20:31:26,293: process monitor is done spinning, initiating full shutdown
[roslaunch][INFO] 2016-07-18 20:31:26,294: runner.stop()
[roslaunch][INFO] 2016-07-18 20:31:26,295: shutting down processing monitor...
[roslaunch][INFO] 2016-07-18 20:31:26,296: shutting down processing monitor <ProcessMonitor(ProcessMonitor-1, stopped daemon 140500480743168)>
[roslaunch.pmon][INFO] 2016-07-18 20:31:26,297: ProcessMonitor.shutdown <ProcessMonitor(ProcessMonitor-1, stopped daemon 140500480743168)>
[roslaunch][INFO] 2016-07-18 20:31:26,297: ... shutting down processing monitor complete
[roslaunch][INFO] 2016-07-18 20:31:26,298: done
[roslaunch.pmon][INFO] 2016-07-18 20:31:26,299: ProcessMonitor.shutdown <ProcessMonitor(ProcessMonitor-1, stopped daemon 140500480743168)>
[rospy.core][INFO] 2016-07-18 20:31:26,300: signal_shutdown [atexit]
