[roslaunch][INFO] 2016-07-18 17:35:23,111: Checking log directory for disk usage. This may take awhile.
Press Ctrl-C to interrupt
[roslaunch][INFO] 2016-07-18 17:35:23,208: Done checking log file disk usage. Usage is <1GB.
[roslaunch][INFO] 2016-07-18 17:35:23,209: roslaunch starting with args ['/opt/ros/indigo/bin/roslaunch', 'rosbridge_server', 'rosbridge_websocket.launch']
[roslaunch][INFO] 2016-07-18 17:35:23,210: roslaunch env is {'ROS_DISTRO': 'indigo', 'SSH_CLIENT': '10.0.2.2 51830 22', 'CPATH': '/opt/ros/indigo/include', 'LOGNAME': 'vagrant', 'USER': 'vagrant', 'PATH': '/opt/ros/indigo/bin:/usr/local/sbin:/usr/local/bin:/usr/sbin:/usr/bin:/sbin:/bin:/usr/games:/usr/local/games', 'HOME': '/home/vagrant', 'CMAKE_PREFIX_PATH': '/opt/ros/indigo', 'LD_LIBRARY_PATH': '/opt/ros/indigo/lib:/opt/ros/indigo/lib/x86_64-linux-gnu', 'LANG': 'en_US.UTF-8', 'TERM': 'xterm-256color', 'SHELL': '/bin/bash', 'SHLVL': '1', 'QT_QPA_PLATFORMTHEME': 'appmenu-qt5', 'ROS_LOG_FILENAME': '/home/vagrant/.ros/log/537e11d8-4940-11e6-a3ed-080027a2ea64/roslaunch-ros-indigo-desktop-trusty64-6823.log', 'ROS_ETC_DIR': '/opt/ros/indigo/etc/ros', 'XDG_RUNTIME_DIR': '/run/user/1000', 'PYTHONPATH': '/opt/ros/indigo/lib/python2.7/dist-packages', 'ROS_ROOT': '/opt/ros/indigo/share/ros', 'PKG_CONFIG_PATH': '/opt/ros/indigo/lib/pkgconfig:/opt/ros/indigo/lib/x86_64-linux-gnu/pkgconfig', 'ROS_PACKAGE_PATH': '/opt/ros/indigo/share:/opt/ros/indigo/stacks', 'XDG_SESSION_ID': '5', '_': '/opt/ros/indigo/bin/roslaunch', 'SSH_TTY': '/dev/pts/0', 'ROSLISP_PACKAGE_DIRECTORIES': '', 'PWD': '/home/vagrant', 'ROS_MASTER_URI': 'http://localhost:11311', 'MAIL': '/var/mail/vagrant', 'SSH_CONNECTION': '10.0.2.2 51830 10.0.2.15 22'}
[roslaunch][INFO] 2016-07-18 17:35:23,210: starting in server mode
[roslaunch.parent][INFO] 2016-07-18 17:35:23,211: starting roslaunch parent run
[roslaunch][INFO] 2016-07-18 17:35:23,212: loading roscore config file /opt/ros/indigo/etc/ros/roscore.xml
[roslaunch][INFO] 2016-07-18 17:35:23,400: Added core node of type [rosout/rosout] in namespace [/]
[roslaunch.config][INFO] 2016-07-18 17:35:23,401: loading config file /opt/ros/indigo/share/rosbridge_server/launch/rosbridge_websocket.launch
[roslaunch][INFO] 2016-07-18 17:35:23,405: Added node of type [rosbridge_server/rosbridge_websocket] in namespace [/]
[roslaunch][INFO] 2016-07-18 17:35:23,407: Added node of type [rosapi/rosapi_node] in namespace [/]
[roslaunch][INFO] 2016-07-18 17:35:23,408: ... selected machine [] for node of type [rosbridge_server/rosbridge_websocket]
[roslaunch][INFO] 2016-07-18 17:35:23,408: ... selected machine [] for node of type [rosapi/rosapi_node]
[roslaunch.pmon][INFO] 2016-07-18 17:35:23,409: start_process_monitor: creating ProcessMonitor
[roslaunch.pmon][INFO] 2016-07-18 17:35:23,410: created process monitor <ProcessMonitor(ProcessMonitor-1, initial daemon)>
[roslaunch.pmon][INFO] 2016-07-18 17:35:23,410: start_process_monitor: ProcessMonitor started
[roslaunch.parent][INFO] 2016-07-18 17:35:23,411: starting parent XML-RPC server
[roslaunch.server][INFO] 2016-07-18 17:35:23,411: starting roslaunch XML-RPC server
[roslaunch.server][INFO] 2016-07-18 17:35:23,412: waiting for roslaunch XML-RPC server to initialize
[xmlrpc][INFO] 2016-07-18 17:35:23,412: XML-RPC server binding to 0.0.0.0:0
[xmlrpc][INFO] 2016-07-18 17:35:23,413: Started XML-RPC server [http://ros-indigo-desktop-trusty64:46716/]
[xmlrpc][INFO] 2016-07-18 17:35:23,414: xml rpc node: starting XML-RPC server
[roslaunch][INFO] 2016-07-18 17:35:23,427: started roslaunch server http://ros-indigo-desktop-trusty64:46716/
[roslaunch.parent][INFO] 2016-07-18 17:35:23,428: ... parent XML-RPC server started
[roslaunch][INFO] 2016-07-18 17:35:23,430: master.is_running[http://localhost:11311]
[roslaunch][INFO] 2016-07-18 17:35:23,434: master.is_running[http://localhost:11311]
[roslaunch][INFO] 2016-07-18 17:35:23,438: ROS_MASTER_URI=http://localhost:11311
[roslaunch][INFO] 2016-07-18 17:35:23,445: setting /roslaunch/uris/host_ros_indigo_desktop_trusty64__46716' to http://ros-indigo-desktop-trusty64:46716/
[roslaunch][INFO] 2016-07-18 17:35:23,452: load_parameters starting ...
[roslaunch][INFO] 2016-07-18 17:35:23,469: ... load_parameters complete
[roslaunch][INFO] 2016-07-18 17:35:23,470: launch_nodes: launching local nodes ...
[roslaunch][INFO] 2016-07-18 17:35:23,471: ... preparing to launch node of type [rosbridge_server/rosbridge_websocket]
[roslaunch][INFO] 2016-07-18 17:35:23,472: create_node_process: package[rosbridge_server] type[rosbridge_websocket] machine[Machine(name[] env_loader[None] address[localhost] ssh_port[22] user[None] assignable[True] timeout[10.0])] master_uri[http://localhost:11311]
[roslaunch][INFO] 2016-07-18 17:35:23,473: process[rosbridge_websocket-1]: env[{'ROS_DISTRO': 'indigo', 'SSH_CLIENT': '10.0.2.2 51830 22', 'CPATH': '/opt/ros/indigo/include', 'LOGNAME': 'vagrant', 'USER': 'vagrant', 'PATH': '/opt/ros/indigo/bin:/usr/local/sbin:/usr/local/bin:/usr/sbin:/usr/bin:/sbin:/bin:/usr/games:/usr/local/games', 'HOME': '/home/vagrant', 'CMAKE_PREFIX_PATH': '/opt/ros/indigo', 'ROS_LOG_FILENAME': '/home/vagrant/.ros/log/537e11d8-4940-11e6-a3ed-080027a2ea64/roslaunch-ros-indigo-desktop-trusty64-6823.log', 'LANG': 'en_US.UTF-8', 'TERM': 'xterm-256color', 'SHELL': '/bin/bash', 'SHLVL': '1', 'QT_QPA_PLATFORMTHEME': 'appmenu-qt5', 'LD_LIBRARY_PATH': '/opt/ros/indigo/lib:/opt/ros/indigo/lib/x86_64-linux-gnu', 'ROS_MASTER_URI': 'http://localhost:11311', 'XDG_RUNTIME_DIR': '/run/user/1000', 'PYTHONPATH': '/opt/ros/indigo/lib/python2.7/dist-packages', 'ROS_ROOT': '/opt/ros/indigo/share/ros', 'PKG_CONFIG_PATH': '/opt/ros/indigo/lib/pkgconfig:/opt/ros/indigo/lib/x86_64-linux-gnu/pkgconfig', 'ROS_PACKAGE_PATH': '/opt/ros/indigo/share:/opt/ros/indigo/stacks', 'XDG_SESSION_ID': '5', '_': '/opt/ros/indigo/bin/roslaunch', 'SSH_TTY': '/dev/pts/0', 'ROSLISP_PACKAGE_DIRECTORIES': '', 'PWD': '/home/vagrant', 'ROS_ETC_DIR': '/opt/ros/indigo/etc/ros', 'MAIL': '/var/mail/vagrant', 'SSH_CONNECTION': '10.0.2.2 51830 10.0.2.15 22'}]
[roslaunch][INFO] 2016-07-18 17:35:23,532: process[rosbridge_websocket-1]: args[[u'/opt/ros/indigo/lib/rosbridge_server/rosbridge_websocket', u'__name:=rosbridge_websocket']]
[roslaunch][INFO] 2016-07-18 17:35:23,532: ... created process [rosbridge_websocket-1]
[roslaunch.pmon][INFO] 2016-07-18 17:35:23,533: ProcessMonitor.register[rosbridge_websocket-1]
[roslaunch.pmon][INFO] 2016-07-18 17:35:23,533: ProcessMonitor.register[rosbridge_websocket-1] complete
[roslaunch][INFO] 2016-07-18 17:35:23,534: ... registered process [rosbridge_websocket-1]
[roslaunch][INFO] 2016-07-18 17:35:23,534: process[rosbridge_websocket-1]: starting os process
[roslaunch][INFO] 2016-07-18 17:35:23,536: process[rosbridge_websocket-1]: start w/ args [[u'/opt/ros/indigo/lib/rosbridge_server/rosbridge_websocket', u'__name:=rosbridge_websocket', u'__log:=/home/vagrant/.ros/log/537e11d8-4940-11e6-a3ed-080027a2ea64/rosbridge_websocket-1.log']]
[roslaunch][INFO] 2016-07-18 17:35:23,537: process[rosbridge_websocket-1]: cwd will be [/home/vagrant/.ros]
[roslaunch][INFO] 2016-07-18 17:35:23,542: process[rosbridge_websocket-1]: started with pid [6841]
[roslaunch][INFO] 2016-07-18 17:35:23,549: ... successfully launched [rosbridge_websocket-1]
[roslaunch][INFO] 2016-07-18 17:35:23,549: ... preparing to launch node of type [rosapi/rosapi_node]
[roslaunch][INFO] 2016-07-18 17:35:23,550: create_node_process: package[rosapi] type[rosapi_node] machine[Machine(name[] env_loader[None] address[localhost] ssh_port[22] user[None] assignable[True] timeout[10.0])] master_uri[http://localhost:11311]
[roslaunch][INFO] 2016-07-18 17:35:23,552: process[rosapi-2]: env[{'ROS_DISTRO': 'indigo', 'SSH_CLIENT': '10.0.2.2 51830 22', 'CPATH': '/opt/ros/indigo/include', 'LOGNAME': 'vagrant', 'USER': 'vagrant', 'PATH': '/opt/ros/indigo/bin:/usr/local/sbin:/usr/local/bin:/usr/sbin:/usr/bin:/sbin:/bin:/usr/games:/usr/local/games', 'HOME': '/home/vagrant', 'CMAKE_PREFIX_PATH': '/opt/ros/indigo', 'ROS_LOG_FILENAME': '/home/vagrant/.ros/log/537e11d8-4940-11e6-a3ed-080027a2ea64/roslaunch-ros-indigo-desktop-trusty64-6823.log', 'LANG': 'en_US.UTF-8', 'TERM': 'xterm-256color', 'SHELL': '/bin/bash', 'SHLVL': '1', 'QT_QPA_PLATFORMTHEME': 'appmenu-qt5', 'LD_LIBRARY_PATH': '/opt/ros/indigo/lib:/opt/ros/indigo/lib/x86_64-linux-gnu', 'ROS_MASTER_URI': 'http://localhost:11311', 'XDG_RUNTIME_DIR': '/run/user/1000', 'PYTHONPATH': '/opt/ros/indigo/lib/python2.7/dist-packages', 'ROS_ROOT': '/opt/ros/indigo/share/ros', 'PKG_CONFIG_PATH': '/opt/ros/indigo/lib/pkgconfig:/opt/ros/indigo/lib/x86_64-linux-gnu/pkgconfig', 'ROS_PACKAGE_PATH': '/opt/ros/indigo/share:/opt/ros/indigo/stacks', 'XDG_SESSION_ID': '5', '_': '/opt/ros/indigo/bin/roslaunch', 'SSH_TTY': '/dev/pts/0', 'ROSLISP_PACKAGE_DIRECTORIES': '', 'PWD': '/home/vagrant', 'ROS_ETC_DIR': '/opt/ros/indigo/etc/ros', 'MAIL': '/var/mail/vagrant', 'SSH_CONNECTION': '10.0.2.2 51830 10.0.2.15 22'}]
[roslaunch][INFO] 2016-07-18 17:35:23,625: process[rosapi-2]: args[[u'/opt/ros/indigo/lib/rosapi/rosapi_node', u'__name:=rosapi']]
[roslaunch][INFO] 2016-07-18 17:35:23,626: ... created process [rosapi-2]
[roslaunch.pmon][INFO] 2016-07-18 17:35:23,627: ProcessMonitor.register[rosapi-2]
[roslaunch.pmon][INFO] 2016-07-18 17:35:23,627: ProcessMonitor.register[rosapi-2] complete
[roslaunch][INFO] 2016-07-18 17:35:23,628: ... registered process [rosapi-2]
[roslaunch][INFO] 2016-07-18 17:35:23,628: process[rosapi-2]: starting os process
[roslaunch][INFO] 2016-07-18 17:35:23,632: process[rosapi-2]: start w/ args [[u'/opt/ros/indigo/lib/rosapi/rosapi_node', u'__name:=rosapi', u'__log:=/home/vagrant/.ros/log/537e11d8-4940-11e6-a3ed-080027a2ea64/rosapi-2.log']]
[roslaunch][INFO] 2016-07-18 17:35:23,632: process[rosapi-2]: cwd will be [/home/vagrant/.ros]
[roslaunch][INFO] 2016-07-18 17:35:23,641: process[rosapi-2]: started with pid [6842]
[roslaunch][INFO] 2016-07-18 17:35:23,643: ... successfully launched [rosapi-2]
[roslaunch][INFO] 2016-07-18 17:35:23,650: ... launch_nodes complete
[roslaunch.pmon][INFO] 2016-07-18 17:35:23,652: registrations completed <ProcessMonitor(ProcessMonitor-1, started daemon 139980372862720)>
[roslaunch.parent][INFO] 2016-07-18 17:35:23,652: ... roslaunch parent running, waiting for process exit
[roslaunch][INFO] 2016-07-18 17:35:23,653: spin
[roslaunch][INFO] 2016-07-18 17:36:41,859: [rosbridge_websocket-1] process has finished cleanly
log file: /home/vagrant/.ros/log/537e11d8-4940-11e6-a3ed-080027a2ea64/rosbridge_websocket-1*.log
[roslaunch.pmon][INFO] 2016-07-18 17:36:41,860: ProcessMonitor.unregister[rosbridge_websocket-1] starting
[roslaunch.pmon][INFO] 2016-07-18 17:36:41,861: ProcessMonitor.unregister[rosbridge_websocket-1] complete
[roslaunch][INFO] 2016-07-18 17:36:42,363: [rosapi-2] process has finished cleanly
log file: /home/vagrant/.ros/log/537e11d8-4940-11e6-a3ed-080027a2ea64/rosapi-2*.log
[roslaunch.pmon][INFO] 2016-07-18 17:36:42,369: ProcessMonitor.unregister[rosapi-2] starting
[roslaunch.pmon][INFO] 2016-07-18 17:36:42,371: ProcessMonitor.unregister[rosapi-2] complete
[roslaunch][INFO] 2016-07-18 17:36:42,372: all processes on machine have died, roslaunch will exit
[roslaunch.pmon][INFO] 2016-07-18 17:36:42,473: ProcessMonitor._post_run <ProcessMonitor(ProcessMonitor-1, started daemon 139980372862720)>
[roslaunch.pmon][INFO] 2016-07-18 17:36:42,474: ProcessMonitor._post_run <ProcessMonitor(ProcessMonitor-1, started daemon 139980372862720)>: remaining procs are []
[roslaunch.pmon][INFO] 2016-07-18 17:36:42,476: ProcessMonitor exit: cleaning up data structures and signals
[roslaunch.pmon][INFO] 2016-07-18 17:36:42,477: ProcessMonitor exit: pmon has shutdown
[roslaunch][INFO] 2016-07-18 17:36:42,478: process monitor is done spinning, initiating full shutdown
[roslaunch][INFO] 2016-07-18 17:36:42,479: runner.stop()
[roslaunch][INFO] 2016-07-18 17:36:42,479: shutting down processing monitor...
[roslaunch][INFO] 2016-07-18 17:36:42,479: shutting down processing monitor <ProcessMonitor(ProcessMonitor-1, stopped daemon 139980372862720)>
[roslaunch.pmon][INFO] 2016-07-18 17:36:42,480: ProcessMonitor.shutdown <ProcessMonitor(ProcessMonitor-1, stopped daemon 139980372862720)>
[roslaunch][INFO] 2016-07-18 17:36:42,480: ... shutting down processing monitor complete
[roslaunch][INFO] 2016-07-18 17:36:42,481: done
[roslaunch.pmon][INFO] 2016-07-18 17:36:42,481: ProcessMonitor.shutdown <ProcessMonitor(ProcessMonitor-1, stopped daemon 139980372862720)>
[rospy.core][INFO] 2016-07-18 17:36:42,482: signal_shutdown [atexit]
