[roslaunch][INFO] 2016-07-13 22:03:54,496: Checking log directory for disk usage. This may take awhile.
Press Ctrl-C to interrupt
[roslaunch][INFO] 2016-07-13 22:03:54,572: Done checking log file disk usage. Usage is <1GB.
[roslaunch][INFO] 2016-07-13 22:03:54,573: roslaunch starting with args ['/opt/ros/indigo/bin/roslaunch', 'rosbridge_server', 'rosbridge_websocket.launch']
[roslaunch][INFO] 2016-07-13 22:03:54,574: roslaunch env is {'ROS_DISTRO': 'indigo', 'SSH_CLIENT': '10.0.2.2 49390 22', 'CPATH': '/opt/ros/indigo/include', 'LOGNAME': 'vagrant', 'USER': 'vagrant', 'HOME': '/home/vagrant', 'PATH': '/opt/ros/indigo/bin:/usr/local/sbin:/usr/local/bin:/usr/sbin:/usr/bin:/sbin:/bin:/usr/games:/usr/local/games', 'CMAKE_PREFIX_PATH': '/opt/ros/indigo', 'LD_LIBRARY_PATH': '/opt/ros/indigo/lib/x86_64-linux-gnu:/opt/ros/indigo/lib', 'LANG': 'en_US.UTF-8', 'TERM': 'xterm-256color', 'SHELL': '/bin/bash', 'SHLVL': '1', 'QT_QPA_PLATFORMTHEME': 'appmenu-qt5', 'ROS_LOG_FILENAME': '/home/vagrant/.ros/log/537e11d8-4940-11e6-a3ed-080027a2ea64/roslaunch-ros-indigo-desktop-trusty64-4432.log', 'ROS_ETC_DIR': '/opt/ros/indigo/etc/ros', 'XDG_RUNTIME_DIR': '/run/user/1000', 'PYTHONPATH': '/opt/ros/indigo/lib/python2.7/dist-packages', 'ROS_ROOT': '/opt/ros/indigo/share/ros', 'PKG_CONFIG_PATH': '/opt/ros/indigo/lib/x86_64-linux-gnu/pkgconfig:/opt/ros/indigo/lib/pkgconfig', 'ROS_PACKAGE_PATH': '/opt/ros/indigo/share:/opt/ros/indigo/stacks', 'XDG_SESSION_ID': '2', '_': '/opt/ros/indigo/bin/roslaunch', 'SSH_TTY': '/dev/pts/0', 'OLDPWD': '/home/vagrant/therblig-motion-library/mico', 'ROSLISP_PACKAGE_DIRECTORIES': '', 'PWD': '/home/vagrant/therblig-motion-library/mico/wpi_jaco', 'ROS_MASTER_URI': 'http://localhost:11311', 'MAIL': '/var/mail/vagrant', 'SSH_CONNECTION': '10.0.2.2 49390 10.0.2.15 22'}
[roslaunch][INFO] 2016-07-13 22:03:54,574: starting in server mode
[roslaunch.parent][INFO] 2016-07-13 22:03:54,575: starting roslaunch parent run
[roslaunch][INFO] 2016-07-13 22:03:54,575: loading roscore config file /opt/ros/indigo/etc/ros/roscore.xml
[roslaunch][INFO] 2016-07-13 22:03:54,707: Added core node of type [rosout/rosout] in namespace [/]
[roslaunch.config][INFO] 2016-07-13 22:03:54,708: loading config file /opt/ros/indigo/share/rosbridge_server/launch/rosbridge_websocket.launch
[roslaunch][INFO] 2016-07-13 22:03:54,710: Added node of type [rosbridge_server/rosbridge_websocket] in namespace [/]
[roslaunch][INFO] 2016-07-13 22:03:54,711: Added node of type [rosapi/rosapi_node] in namespace [/]
[roslaunch][INFO] 2016-07-13 22:03:54,712: ... selected machine [] for node of type [rosbridge_server/rosbridge_websocket]
[roslaunch][INFO] 2016-07-13 22:03:54,713: ... selected machine [] for node of type [rosapi/rosapi_node]
[roslaunch.pmon][INFO] 2016-07-13 22:03:54,714: start_process_monitor: creating ProcessMonitor
[roslaunch.pmon][INFO] 2016-07-13 22:03:54,714: created process monitor <ProcessMonitor(ProcessMonitor-1, initial daemon)>
[roslaunch.pmon][INFO] 2016-07-13 22:03:54,715: start_process_monitor: ProcessMonitor started
[roslaunch.parent][INFO] 2016-07-13 22:03:54,716: starting parent XML-RPC server
[roslaunch.server][INFO] 2016-07-13 22:03:54,716: starting roslaunch XML-RPC server
[roslaunch.server][INFO] 2016-07-13 22:03:54,717: waiting for roslaunch XML-RPC server to initialize
[xmlrpc][INFO] 2016-07-13 22:03:54,717: XML-RPC server binding to 0.0.0.0:0
[xmlrpc][INFO] 2016-07-13 22:03:54,718: Started XML-RPC server [http://ros-indigo-desktop-trusty64:50738/]
[xmlrpc][INFO] 2016-07-13 22:03:54,719: xml rpc node: starting XML-RPC server
[roslaunch][INFO] 2016-07-13 22:03:54,732: started roslaunch server http://ros-indigo-desktop-trusty64:50738/
[roslaunch.parent][INFO] 2016-07-13 22:03:54,734: ... parent XML-RPC server started
[roslaunch][INFO] 2016-07-13 22:03:54,736: master.is_running[http://localhost:11311]
[roslaunch][INFO] 2016-07-13 22:03:54,740: master.is_running[http://localhost:11311]
[roslaunch][INFO] 2016-07-13 22:03:54,742: ROS_MASTER_URI=http://localhost:11311
[roslaunch][INFO] 2016-07-13 22:03:54,747: setting /roslaunch/uris/host_ros_indigo_desktop_trusty64__50738' to http://ros-indigo-desktop-trusty64:50738/
[roslaunch][INFO] 2016-07-13 22:03:54,762: load_parameters starting ...
[roslaunch][INFO] 2016-07-13 22:03:54,862: ... load_parameters complete
[roslaunch][INFO] 2016-07-13 22:03:54,862: launch_nodes: launching local nodes ...
[roslaunch][INFO] 2016-07-13 22:03:54,864: ... preparing to launch node of type [rosbridge_server/rosbridge_websocket]
[roslaunch][INFO] 2016-07-13 22:03:54,865: create_node_process: package[rosbridge_server] type[rosbridge_websocket] machine[Machine(name[] env_loader[None] address[localhost] ssh_port[22] user[None] assignable[True] timeout[10.0])] master_uri[http://localhost:11311]
[roslaunch][INFO] 2016-07-13 22:03:54,866: process[rosbridge_websocket-1]: env[{'ROS_DISTRO': 'indigo', 'SSH_CLIENT': '10.0.2.2 49390 22', 'CPATH': '/opt/ros/indigo/include', 'LOGNAME': 'vagrant', 'USER': 'vagrant', 'HOME': '/home/vagrant', 'PATH': '/opt/ros/indigo/bin:/usr/local/sbin:/usr/local/bin:/usr/sbin:/usr/bin:/sbin:/bin:/usr/games:/usr/local/games', 'CMAKE_PREFIX_PATH': '/opt/ros/indigo', 'ROS_LOG_FILENAME': '/home/vagrant/.ros/log/537e11d8-4940-11e6-a3ed-080027a2ea64/roslaunch-ros-indigo-desktop-trusty64-4432.log', 'LANG': 'en_US.UTF-8', 'TERM': 'xterm-256color', 'SHELL': '/bin/bash', 'SHLVL': '1', 'QT_QPA_PLATFORMTHEME': 'appmenu-qt5', 'LD_LIBRARY_PATH': '/opt/ros/indigo/lib/x86_64-linux-gnu:/opt/ros/indigo/lib', 'ROS_MASTER_URI': 'http://localhost:11311', 'XDG_RUNTIME_DIR': '/run/user/1000', 'PYTHONPATH': '/opt/ros/indigo/lib/python2.7/dist-packages', 'ROS_ROOT': '/opt/ros/indigo/share/ros', 'PKG_CONFIG_PATH': '/opt/ros/indigo/lib/x86_64-linux-gnu/pkgconfig:/opt/ros/indigo/lib/pkgconfig', 'ROS_PACKAGE_PATH': '/opt/ros/indigo/share:/opt/ros/indigo/stacks', 'XDG_SESSION_ID': '2', '_': '/opt/ros/indigo/bin/roslaunch', 'SSH_TTY': '/dev/pts/0', 'OLDPWD': '/home/vagrant/therblig-motion-library/mico', 'ROSLISP_PACKAGE_DIRECTORIES': '', 'PWD': '/home/vagrant/therblig-motion-library/mico/wpi_jaco', 'ROS_ETC_DIR': '/opt/ros/indigo/etc/ros', 'MAIL': '/var/mail/vagrant', 'SSH_CONNECTION': '10.0.2.2 49390 10.0.2.15 22'}]
[roslaunch][INFO] 2016-07-13 22:03:54,938: process[rosbridge_websocket-1]: args[[u'/opt/ros/indigo/lib/rosbridge_server/rosbridge_websocket', u'__name:=rosbridge_websocket']]
[roslaunch][INFO] 2016-07-13 22:03:54,939: ... created process [rosbridge_websocket-1]
[roslaunch.pmon][INFO] 2016-07-13 22:03:54,939: ProcessMonitor.register[rosbridge_websocket-1]
[roslaunch.pmon][INFO] 2016-07-13 22:03:54,940: ProcessMonitor.register[rosbridge_websocket-1] complete
[roslaunch][INFO] 2016-07-13 22:03:54,941: ... registered process [rosbridge_websocket-1]
[roslaunch][INFO] 2016-07-13 22:03:54,941: process[rosbridge_websocket-1]: starting os process
[roslaunch][INFO] 2016-07-13 22:03:54,942: process[rosbridge_websocket-1]: start w/ args [[u'/opt/ros/indigo/lib/rosbridge_server/rosbridge_websocket', u'__name:=rosbridge_websocket', u'__log:=/home/vagrant/.ros/log/537e11d8-4940-11e6-a3ed-080027a2ea64/rosbridge_websocket-1.log']]
[roslaunch][INFO] 2016-07-13 22:03:54,943: process[rosbridge_websocket-1]: cwd will be [/home/vagrant/.ros]
[roslaunch][INFO] 2016-07-13 22:03:54,947: process[rosbridge_websocket-1]: started with pid [4450]
[roslaunch][INFO] 2016-07-13 22:03:54,952: ... successfully launched [rosbridge_websocket-1]
[roslaunch][INFO] 2016-07-13 22:03:54,954: ... preparing to launch node of type [rosapi/rosapi_node]
[roslaunch][INFO] 2016-07-13 22:03:54,954: create_node_process: package[rosapi] type[rosapi_node] machine[Machine(name[] env_loader[None] address[localhost] ssh_port[22] user[None] assignable[True] timeout[10.0])] master_uri[http://localhost:11311]
[roslaunch][INFO] 2016-07-13 22:03:54,955: process[rosapi-2]: env[{'ROS_DISTRO': 'indigo', 'SSH_CLIENT': '10.0.2.2 49390 22', 'CPATH': '/opt/ros/indigo/include', 'LOGNAME': 'vagrant', 'USER': 'vagrant', 'HOME': '/home/vagrant', 'PATH': '/opt/ros/indigo/bin:/usr/local/sbin:/usr/local/bin:/usr/sbin:/usr/bin:/sbin:/bin:/usr/games:/usr/local/games', 'CMAKE_PREFIX_PATH': '/opt/ros/indigo', 'ROS_LOG_FILENAME': '/home/vagrant/.ros/log/537e11d8-4940-11e6-a3ed-080027a2ea64/roslaunch-ros-indigo-desktop-trusty64-4432.log', 'LANG': 'en_US.UTF-8', 'TERM': 'xterm-256color', 'SHELL': '/bin/bash', 'SHLVL': '1', 'QT_QPA_PLATFORMTHEME': 'appmenu-qt5', 'LD_LIBRARY_PATH': '/opt/ros/indigo/lib/x86_64-linux-gnu:/opt/ros/indigo/lib', 'ROS_MASTER_URI': 'http://localhost:11311', 'XDG_RUNTIME_DIR': '/run/user/1000', 'PYTHONPATH': '/opt/ros/indigo/lib/python2.7/dist-packages', 'ROS_ROOT': '/opt/ros/indigo/share/ros', 'PKG_CONFIG_PATH': '/opt/ros/indigo/lib/x86_64-linux-gnu/pkgconfig:/opt/ros/indigo/lib/pkgconfig', 'ROS_PACKAGE_PATH': '/opt/ros/indigo/share:/opt/ros/indigo/stacks', 'XDG_SESSION_ID': '2', '_': '/opt/ros/indigo/bin/roslaunch', 'SSH_TTY': '/dev/pts/0', 'OLDPWD': '/home/vagrant/therblig-motion-library/mico', 'ROSLISP_PACKAGE_DIRECTORIES': '', 'PWD': '/home/vagrant/therblig-motion-library/mico/wpi_jaco', 'ROS_ETC_DIR': '/opt/ros/indigo/etc/ros', 'MAIL': '/var/mail/vagrant', 'SSH_CONNECTION': '10.0.2.2 49390 10.0.2.15 22'}]
[roslaunch][INFO] 2016-07-13 22:03:55,043: process[rosapi-2]: args[[u'/opt/ros/indigo/lib/rosapi/rosapi_node', u'__name:=rosapi']]
[roslaunch][INFO] 2016-07-13 22:03:55,044: ... created process [rosapi-2]
[roslaunch.pmon][INFO] 2016-07-13 22:03:55,045: ProcessMonitor.register[rosapi-2]
[roslaunch.pmon][INFO] 2016-07-13 22:03:55,046: ProcessMonitor.register[rosapi-2] complete
[roslaunch][INFO] 2016-07-13 22:03:55,047: ... registered process [rosapi-2]
[roslaunch][INFO] 2016-07-13 22:03:55,048: process[rosapi-2]: starting os process
[roslaunch][INFO] 2016-07-13 22:03:55,056: process[rosapi-2]: start w/ args [[u'/opt/ros/indigo/lib/rosapi/rosapi_node', u'__name:=rosapi', u'__log:=/home/vagrant/.ros/log/537e11d8-4940-11e6-a3ed-080027a2ea64/rosapi-2.log']]
[roslaunch][INFO] 2016-07-13 22:03:55,057: process[rosapi-2]: cwd will be [/home/vagrant/.ros]
[roslaunch][INFO] 2016-07-13 22:03:55,063: process[rosapi-2]: started with pid [4451]
[roslaunch][INFO] 2016-07-13 22:03:55,064: ... successfully launched [rosapi-2]
[roslaunch][INFO] 2016-07-13 22:03:55,066: ... launch_nodes complete
[roslaunch.pmon][INFO] 2016-07-13 22:03:55,069: registrations completed <ProcessMonitor(ProcessMonitor-1, started daemon 139783578986240)>
[roslaunch.parent][INFO] 2016-07-13 22:03:55,070: ... roslaunch parent running, waiting for process exit
[roslaunch][INFO] 2016-07-13 22:03:55,071: spin
[roslaunch.pmon][INFO] 2016-07-13 22:12:18,793: ProcessMonitor.shutdown <ProcessMonitor(ProcessMonitor-1, started daemon 139783578986240)>
[roslaunch.pmon][INFO] 2016-07-13 22:12:18,885: ProcessMonitor._post_run <ProcessMonitor(ProcessMonitor-1, started daemon 139783578986240)>
[roslaunch.pmon][INFO] 2016-07-13 22:12:18,886: ProcessMonitor._post_run <ProcessMonitor(ProcessMonitor-1, started daemon 139783578986240)>: remaining procs are [<roslaunch.nodeprocess.LocalProcess object at 0x7f21e6ba5fd0>, <roslaunch.nodeprocess.LocalProcess object at 0x7f21e6ba5e50>]
[roslaunch.pmon][INFO] 2016-07-13 22:12:18,887: ProcessMonitor exit: killing rosapi-2
[roslaunch][INFO] 2016-07-13 22:12:18,889: [rosapi-2] killing on exit
[roslaunch][INFO] 2016-07-13 22:12:18,895: process[rosapi-2]: killing os process with pid[4451] pgid[4451]
[roslaunch][INFO] 2016-07-13 22:12:18,896: [rosapi-2] sending SIGINT to pgid [4451]
[roslaunch.pmon][INFO] 2016-07-13 22:12:18,888: ProcessMonitor exit: killing rosbridge_websocket-1
[roslaunch][INFO] 2016-07-13 22:12:18,900: [rosbridge_websocket-1] killing on exit
[roslaunch][INFO] 2016-07-13 22:12:18,898: [rosapi-2] sent SIGINT to pgid [4451]
[roslaunch][INFO] 2016-07-13 22:12:18,904: process[rosbridge_websocket-1]: killing os process with pid[4450] pgid[4450]
[roslaunch][INFO] 2016-07-13 22:12:18,909: [rosbridge_websocket-1] sending SIGINT to pgid [4450]
[roslaunch][INFO] 2016-07-13 22:12:18,909: [rosbridge_websocket-1] sent SIGINT to pgid [4450]
[roslaunch][INFO] 2016-07-13 22:12:19,214: process[rosbridge_websocket-1]: SIGINT killed with return value 0
[roslaunch][INFO] 2016-07-13 22:12:19,706: process[rosapi-2]: SIGINT killed with return value 0
[roslaunch.pmon][INFO] 2016-07-13 22:12:19,707: ProcessMonitor exit: cleaning up data structures and signals
[roslaunch.pmon][INFO] 2016-07-13 22:12:19,708: ProcessMonitor exit: pmon has shutdown
[roslaunch][INFO] 2016-07-13 22:12:19,722: process monitor is done spinning, initiating full shutdown
[roslaunch][INFO] 2016-07-13 22:12:19,723: runner.stop()
[roslaunch][INFO] 2016-07-13 22:12:19,724: shutting down processing monitor...
[roslaunch][INFO] 2016-07-13 22:12:19,724: shutting down processing monitor <ProcessMonitor(ProcessMonitor-1, stopped daemon 139783578986240)>
[roslaunch.pmon][INFO] 2016-07-13 22:12:19,725: ProcessMonitor.shutdown <ProcessMonitor(ProcessMonitor-1, stopped daemon 139783578986240)>
[roslaunch][INFO] 2016-07-13 22:12:19,726: ... shutting down processing monitor complete
[roslaunch][INFO] 2016-07-13 22:12:19,727: done
[roslaunch.pmon][INFO] 2016-07-13 22:12:19,728: ProcessMonitor.shutdown <ProcessMonitor(ProcessMonitor-1, stopped daemon 139783578986240)>
[rospy.core][INFO] 2016-07-13 22:12:19,729: signal_shutdown [atexit]
