[roslaunch][INFO] 2016-07-18 19:11:22,416: Checking log directory for disk usage. This may take awhile.
Press Ctrl-C to interrupt
[roslaunch][INFO] 2016-07-18 19:11:22,510: Done checking log file disk usage. Usage is <1GB.
[roslaunch][INFO] 2016-07-18 19:11:22,511: roslaunch starting with args ['/opt/ros/indigo/bin/roslaunch', 'mico_description', 'mico_description.launch']
[roslaunch][INFO] 2016-07-18 19:11:22,511: roslaunch env is {'ROS_DISTRO': 'indigo', 'SSH_CLIENT': '10.0.2.2 57124 22', 'CPATH': '/home/vagrant/therblig-motion-library/mico/wpi_jaco/devel/include:/opt/ros/indigo/include', 'LOGNAME': 'vagrant', 'USER': 'vagrant', 'HOME': '/home/vagrant', 'PATH': '/home/vagrant/therblig-motion-library/mico/wpi_jaco/devel/bin:/opt/ros/indigo/bin:/usr/local/sbin:/usr/local/bin:/usr/sbin:/usr/bin:/sbin:/bin:/usr/games:/usr/local/games', 'CMAKE_PREFIX_PATH': '/home/vagrant/therblig-motion-library/mico/wpi_jaco/devel:/opt/ros/indigo', 'LD_LIBRARY_PATH': '/home/vagrant/therblig-motion-library/mico/wpi_jaco/devel/lib:/home/vagrant/therblig-motion-library/mico/wpi_jaco/devel/lib/x86_64-linux-gnu:/opt/ros/indigo/lib/x86_64-linux-gnu:/opt/ros/indigo/lib', 'LANG': 'en_US.UTF-8', 'TERM': 'xterm-256color', 'SHELL': '/bin/bash', 'ROS_LOG_FILENAME': '/home/vagrant/.ros/log/537e11d8-4940-11e6-a3ed-080027a2ea64/roslaunch-ros-indigo-desktop-trusty64-11876.log', 'SHLVL': '1', 'XDG_SESSION_ID': '9', 'QT_QPA_PLATFORMTHEME': 'appmenu-qt5', 'DISPLAY': 'localhost:10.0', 'ROS_ETC_DIR': '/opt/ros/indigo/etc/ros', 'XDG_RUNTIME_DIR': '/run/user/1000', 'PYTHONPATH': '/home/vagrant/therblig-motion-library/mico/wpi_jaco/devel/lib/python2.7/dist-packages:/opt/ros/indigo/lib/python2.7/dist-packages', 'ROS_ROOT': '/opt/ros/indigo/share/ros', 'PKG_CONFIG_PATH': '/home/vagrant/therblig-motion-library/mico/wpi_jaco/devel/lib/pkgconfig:/home/vagrant/therblig-motion-library/mico/wpi_jaco/devel/lib/x86_64-linux-gnu/pkgconfig:/opt/ros/indigo/lib/x86_64-linux-gnu/pkgconfig:/opt/ros/indigo/lib/pkgconfig', 'ROS_PACKAGE_PATH': '/home/vagrant/therblig-motion-library/mico/wpi_jaco/src:/opt/ros/indigo/share:/opt/ros/indigo/stacks', 'ROS_TEST_RESULTS_DIR': '/home/vagrant/therblig-motion-library/mico/wpi_jaco/build/test_results', '_': '/opt/ros/indigo/bin/roslaunch', 'CATKIN_TEST_RESULTS_DIR': '/home/vagrant/therblig-motion-library/mico/wpi_jaco/build/test_results', 'SSH_TTY': '/dev/pts/0', 'OLDPWD': '/home/vagrant/therblig-motion-library/mico/wpi_jaco', 'ROSLISP_PACKAGE_DIRECTORIES': '/home/vagrant/therblig-motion-library/mico/wpi_jaco/devel/share/common-lisp', 'PWD': '/home/vagrant/therblig-motion-library/mico/wpi_jaco/devel', 'ROS_MASTER_URI': 'http://localhost:11311', 'MAIL': '/var/mail/vagrant', 'SSH_CONNECTION': '10.0.2.2 57124 10.0.2.15 22'}
[roslaunch][INFO] 2016-07-18 19:11:22,512: starting in server mode
[roslaunch.parent][INFO] 2016-07-18 19:11:22,512: starting roslaunch parent run
[roslaunch][INFO] 2016-07-18 19:11:22,513: loading roscore config file /opt/ros/indigo/etc/ros/roscore.xml
[roslaunch][INFO] 2016-07-18 19:11:23,985: Added core node of type [rosout/rosout] in namespace [/]
[roslaunch.config][INFO] 2016-07-18 19:11:23,986: loading config file /home/vagrant/therblig-motion-library/mico/wpi_jaco/src/mico_description/launch/mico_description.launch
[roslaunch][INFO] 2016-07-18 19:11:26,242: Added node of type [robot_state_publisher/robot_state_publisher] in namespace [/]
[roslaunch][INFO] 2016-07-18 19:11:26,258: Added node of type [joint_state_publisher/joint_state_publisher] in namespace [/]
[roslaunch][INFO] 2016-07-18 19:11:26,258: ... selected machine [] for node of type [robot_state_publisher/robot_state_publisher]
[roslaunch][INFO] 2016-07-18 19:11:26,259: ... selected machine [] for node of type [joint_state_publisher/joint_state_publisher]
[roslaunch.pmon][INFO] 2016-07-18 19:11:26,267: start_process_monitor: creating ProcessMonitor
[roslaunch.pmon][INFO] 2016-07-18 19:11:26,267: created process monitor <ProcessMonitor(ProcessMonitor-1, initial daemon)>
[roslaunch.pmon][INFO] 2016-07-18 19:11:26,268: start_process_monitor: ProcessMonitor started
[roslaunch.parent][INFO] 2016-07-18 19:11:26,269: starting parent XML-RPC server
[roslaunch.server][INFO] 2016-07-18 19:11:26,269: starting roslaunch XML-RPC server
[roslaunch.server][INFO] 2016-07-18 19:11:26,270: waiting for roslaunch XML-RPC server to initialize
[xmlrpc][INFO] 2016-07-18 19:11:26,270: XML-RPC server binding to 0.0.0.0:0
[xmlrpc][INFO] 2016-07-18 19:11:26,271: Started XML-RPC server [http://ros-indigo-desktop-trusty64:43565/]
[xmlrpc][INFO] 2016-07-18 19:11:26,272: xml rpc node: starting XML-RPC server
[roslaunch][INFO] 2016-07-18 19:11:26,286: started roslaunch server http://ros-indigo-desktop-trusty64:43565/
[roslaunch.parent][INFO] 2016-07-18 19:11:26,287: ... parent XML-RPC server started
[roslaunch][INFO] 2016-07-18 19:11:26,289: master.is_running[http://localhost:11311]
[roslaunch][INFO] 2016-07-18 19:11:26,292: master.is_running[http://localhost:11311]
[roslaunch][INFO] 2016-07-18 19:11:26,294: ROS_MASTER_URI=http://localhost:11311
[roslaunch][INFO] 2016-07-18 19:11:26,298: setting /roslaunch/uris/host_ros_indigo_desktop_trusty64__43565' to http://ros-indigo-desktop-trusty64:43565/
[roslaunch][INFO] 2016-07-18 19:11:26,303: load_parameters starting ...
[roslaunch][INFO] 2016-07-18 19:11:26,315: ... load_parameters complete
[roslaunch][INFO] 2016-07-18 19:11:26,315: launch_nodes: launching local nodes ...
[roslaunch][INFO] 2016-07-18 19:11:26,316: ... preparing to launch node of type [robot_state_publisher/robot_state_publisher]
[roslaunch][INFO] 2016-07-18 19:11:26,316: create_node_process: package[robot_state_publisher] type[robot_state_publisher] machine[Machine(name[] env_loader[None] address[localhost] ssh_port[22] user[None] assignable[True] timeout[10.0])] master_uri[http://localhost:11311]
[roslaunch][INFO] 2016-07-18 19:11:26,317: process[robot_state_publisher-1]: env[{'ROS_DISTRO': 'indigo', 'SSH_CLIENT': '10.0.2.2 57124 22', 'CPATH': '/home/vagrant/therblig-motion-library/mico/wpi_jaco/devel/include:/opt/ros/indigo/include', 'LOGNAME': 'vagrant', 'USER': 'vagrant', 'HOME': '/home/vagrant', 'PATH': '/home/vagrant/therblig-motion-library/mico/wpi_jaco/devel/bin:/opt/ros/indigo/bin:/usr/local/sbin:/usr/local/bin:/usr/sbin:/usr/bin:/sbin:/bin:/usr/games:/usr/local/games', 'CMAKE_PREFIX_PATH': '/home/vagrant/therblig-motion-library/mico/wpi_jaco/devel:/opt/ros/indigo', 'ROS_LOG_FILENAME': '/home/vagrant/.ros/log/537e11d8-4940-11e6-a3ed-080027a2ea64/roslaunch-ros-indigo-desktop-trusty64-11876.log', 'LANG': 'en_US.UTF-8', 'TERM': 'xterm-256color', 'SHELL': '/bin/bash', 'SHLVL': '1', 'ROS_TEST_RESULTS_DIR': '/home/vagrant/therblig-motion-library/mico/wpi_jaco/build/test_results', 'QT_QPA_PLATFORMTHEME': 'appmenu-qt5', 'DISPLAY': 'localhost:10.0', 'ROS_MASTER_URI': 'http://localhost:11311', 'XDG_RUNTIME_DIR': '/run/user/1000', 'PYTHONPATH': '/home/vagrant/therblig-motion-library/mico/wpi_jaco/devel/lib/python2.7/dist-packages:/opt/ros/indigo/lib/python2.7/dist-packages', 'ROS_ROOT': '/opt/ros/indigo/share/ros', 'PKG_CONFIG_PATH': '/home/vagrant/therblig-motion-library/mico/wpi_jaco/devel/lib/pkgconfig:/home/vagrant/therblig-motion-library/mico/wpi_jaco/devel/lib/x86_64-linux-gnu/pkgconfig:/opt/ros/indigo/lib/x86_64-linux-gnu/pkgconfig:/opt/ros/indigo/lib/pkgconfig', 'ROS_PACKAGE_PATH': '/home/vagrant/therblig-motion-library/mico/wpi_jaco/src:/opt/ros/indigo/share:/opt/ros/indigo/stacks', 'XDG_SESSION_ID': '9', '_': '/opt/ros/indigo/bin/roslaunch', 'CATKIN_TEST_RESULTS_DIR': '/home/vagrant/therblig-motion-library/mico/wpi_jaco/build/test_results', 'LD_LIBRARY_PATH': '/home/vagrant/therblig-motion-library/mico/wpi_jaco/devel/lib:/home/vagrant/therblig-motion-library/mico/wpi_jaco/devel/lib/x86_64-linux-gnu:/opt/ros/indigo/lib/x86_64-linux-gnu:/opt/ros/indigo/lib', 'SSH_TTY': '/dev/pts/0', 'OLDPWD': '/home/vagrant/therblig-motion-library/mico/wpi_jaco', 'ROSLISP_PACKAGE_DIRECTORIES': '/home/vagrant/therblig-motion-library/mico/wpi_jaco/devel/share/common-lisp', 'PWD': '/home/vagrant/therblig-motion-library/mico/wpi_jaco/devel', 'ROS_ETC_DIR': '/opt/ros/indigo/etc/ros', 'MAIL': '/var/mail/vagrant', 'SSH_CONNECTION': '10.0.2.2 57124 10.0.2.15 22'}]
[roslaunch][INFO] 2016-07-18 19:11:27,201: process[robot_state_publisher-1]: args[[u'/opt/ros/indigo/lib/robot_state_publisher/robot_state_publisher', u'__name:=robot_state_publisher']]
[roslaunch][INFO] 2016-07-18 19:11:27,202: ... created process [robot_state_publisher-1]
[roslaunch.pmon][INFO] 2016-07-18 19:11:27,203: ProcessMonitor.register[robot_state_publisher-1]
[roslaunch.pmon][INFO] 2016-07-18 19:11:27,204: ProcessMonitor.register[robot_state_publisher-1] complete
[roslaunch][INFO] 2016-07-18 19:11:27,204: ... registered process [robot_state_publisher-1]
[roslaunch][INFO] 2016-07-18 19:11:27,205: process[robot_state_publisher-1]: starting os process
[roslaunch][INFO] 2016-07-18 19:11:27,209: process[robot_state_publisher-1]: start w/ args [[u'/opt/ros/indigo/lib/robot_state_publisher/robot_state_publisher', u'__name:=robot_state_publisher', u'__log:=/home/vagrant/.ros/log/537e11d8-4940-11e6-a3ed-080027a2ea64/robot_state_publisher-1.log']]
[roslaunch][INFO] 2016-07-18 19:11:27,210: process[robot_state_publisher-1]: cwd will be [/home/vagrant/.ros]
[roslaunch][INFO] 2016-07-18 19:11:27,215: process[robot_state_publisher-1]: started with pid [11897]
[roslaunch][INFO] 2016-07-18 19:11:27,216: ... successfully launched [robot_state_publisher-1]
[roslaunch][INFO] 2016-07-18 19:11:27,217: ... preparing to launch node of type [joint_state_publisher/joint_state_publisher]
[roslaunch][INFO] 2016-07-18 19:11:27,217: create_node_process: package[joint_state_publisher] type[joint_state_publisher] machine[Machine(name[] env_loader[None] address[localhost] ssh_port[22] user[None] assignable[True] timeout[10.0])] master_uri[http://localhost:11311]
[roslaunch][INFO] 2016-07-18 19:11:27,219: process[joint_state_publisher-2]: env[{'ROS_DISTRO': 'indigo', 'SSH_CLIENT': '10.0.2.2 57124 22', 'CPATH': '/home/vagrant/therblig-motion-library/mico/wpi_jaco/devel/include:/opt/ros/indigo/include', 'LOGNAME': 'vagrant', 'USER': 'vagrant', 'HOME': '/home/vagrant', 'PATH': '/home/vagrant/therblig-motion-library/mico/wpi_jaco/devel/bin:/opt/ros/indigo/bin:/usr/local/sbin:/usr/local/bin:/usr/sbin:/usr/bin:/sbin:/bin:/usr/games:/usr/local/games', 'CMAKE_PREFIX_PATH': '/home/vagrant/therblig-motion-library/mico/wpi_jaco/devel:/opt/ros/indigo', 'ROS_LOG_FILENAME': '/home/vagrant/.ros/log/537e11d8-4940-11e6-a3ed-080027a2ea64/roslaunch-ros-indigo-desktop-trusty64-11876.log', 'LANG': 'en_US.UTF-8', 'TERM': 'xterm-256color', 'SHELL': '/bin/bash', 'SHLVL': '1', 'ROS_TEST_RESULTS_DIR': '/home/vagrant/therblig-motion-library/mico/wpi_jaco/build/test_results', 'QT_QPA_PLATFORMTHEME': 'appmenu-qt5', 'DISPLAY': 'localhost:10.0', 'ROS_MASTER_URI': 'http://localhost:11311', 'XDG_RUNTIME_DIR': '/run/user/1000', 'PYTHONPATH': '/home/vagrant/therblig-motion-library/mico/wpi_jaco/devel/lib/python2.7/dist-packages:/opt/ros/indigo/lib/python2.7/dist-packages', 'ROS_ROOT': '/opt/ros/indigo/share/ros', 'PKG_CONFIG_PATH': '/home/vagrant/therblig-motion-library/mico/wpi_jaco/devel/lib/pkgconfig:/home/vagrant/therblig-motion-library/mico/wpi_jaco/devel/lib/x86_64-linux-gnu/pkgconfig:/opt/ros/indigo/lib/x86_64-linux-gnu/pkgconfig:/opt/ros/indigo/lib/pkgconfig', 'ROS_PACKAGE_PATH': '/home/vagrant/therblig-motion-library/mico/wpi_jaco/src:/opt/ros/indigo/share:/opt/ros/indigo/stacks', 'XDG_SESSION_ID': '9', '_': '/opt/ros/indigo/bin/roslaunch', 'CATKIN_TEST_RESULTS_DIR': '/home/vagrant/therblig-motion-library/mico/wpi_jaco/build/test_results', 'LD_LIBRARY_PATH': '/home/vagrant/therblig-motion-library/mico/wpi_jaco/devel/lib:/home/vagrant/therblig-motion-library/mico/wpi_jaco/devel/lib/x86_64-linux-gnu:/opt/ros/indigo/lib/x86_64-linux-gnu:/opt/ros/indigo/lib', 'SSH_TTY': '/dev/pts/0', 'OLDPWD': '/home/vagrant/therblig-motion-library/mico/wpi_jaco', 'ROSLISP_PACKAGE_DIRECTORIES': '/home/vagrant/therblig-motion-library/mico/wpi_jaco/devel/share/common-lisp', 'PWD': '/home/vagrant/therblig-motion-library/mico/wpi_jaco/devel', 'ROS_ETC_DIR': '/opt/ros/indigo/etc/ros', 'MAIL': '/var/mail/vagrant', 'SSH_CONNECTION': '10.0.2.2 57124 10.0.2.15 22'}]
[roslaunch][INFO] 2016-07-18 19:11:28,025: process[joint_state_publisher-2]: args[[u'/opt/ros/indigo/lib/joint_state_publisher/joint_state_publisher', u'__name:=joint_state_publisher']]
[roslaunch][INFO] 2016-07-18 19:11:28,025: ... created process [joint_state_publisher-2]
[roslaunch.pmon][INFO] 2016-07-18 19:11:28,026: ProcessMonitor.register[joint_state_publisher-2]
[roslaunch.pmon][INFO] 2016-07-18 19:11:28,027: ProcessMonitor.register[joint_state_publisher-2] complete
[roslaunch][INFO] 2016-07-18 19:11:28,027: ... registered process [joint_state_publisher-2]
[roslaunch][INFO] 2016-07-18 19:11:28,028: process[joint_state_publisher-2]: starting os process
[roslaunch][INFO] 2016-07-18 19:11:28,032: process[joint_state_publisher-2]: start w/ args [[u'/opt/ros/indigo/lib/joint_state_publisher/joint_state_publisher', u'__name:=joint_state_publisher', u'__log:=/home/vagrant/.ros/log/537e11d8-4940-11e6-a3ed-080027a2ea64/joint_state_publisher-2.log']]
[roslaunch][INFO] 2016-07-18 19:11:28,032: process[joint_state_publisher-2]: cwd will be [/home/vagrant/.ros]
[roslaunch][INFO] 2016-07-18 19:11:28,038: process[joint_state_publisher-2]: started with pid [11922]
[roslaunch][INFO] 2016-07-18 19:11:28,039: ... successfully launched [joint_state_publisher-2]
[roslaunch][INFO] 2016-07-18 19:11:28,040: ... launch_nodes complete
[roslaunch.pmon][INFO] 2016-07-18 19:11:28,040: registrations completed <ProcessMonitor(ProcessMonitor-1, started daemon 140077688055552)>
[roslaunch.parent][INFO] 2016-07-18 19:11:28,041: ... roslaunch parent running, waiting for process exit
[roslaunch][INFO] 2016-07-18 19:11:28,042: spin
[roslaunch.pmon][INFO] 2016-07-18 19:11:49,786: ProcessMonitor.shutdown <ProcessMonitor(ProcessMonitor-1, started daemon 140077688055552)>
[roslaunch.pmon][INFO] 2016-07-18 19:11:49,853: ProcessMonitor._post_run <ProcessMonitor(ProcessMonitor-1, started daemon 140077688055552)>
[roslaunch.pmon][INFO] 2016-07-18 19:11:49,854: ProcessMonitor._post_run <ProcessMonitor(ProcessMonitor-1, started daemon 140077688055552)>: remaining procs are [<roslaunch.nodeprocess.LocalProcess object at 0x7f666101fd90>, <roslaunch.nodeprocess.LocalProcess object at 0x7f6660d813d0>]
[roslaunch.pmon][INFO] 2016-07-18 19:11:49,855: ProcessMonitor exit: killing joint_state_publisher-2
[roslaunch.pmon][INFO] 2016-07-18 19:11:49,857: ProcessMonitor exit: killing robot_state_publisher-1
[roslaunch][INFO] 2016-07-18 19:11:49,857: [joint_state_publisher-2] killing on exit
[roslaunch][INFO] 2016-07-18 19:11:49,858: [robot_state_publisher-1] killing on exit
[roslaunch][INFO] 2016-07-18 19:11:49,860: process[joint_state_publisher-2]: killing os process with pid[11922] pgid[11922]
[roslaunch][INFO] 2016-07-18 19:11:49,862: process[robot_state_publisher-1]: killing os process with pid[11897] pgid[11897]
[roslaunch][INFO] 2016-07-18 19:11:49,865: [robot_state_publisher-1] sending SIGINT to pgid [11897]
[roslaunch][INFO] 2016-07-18 19:11:49,866: [robot_state_publisher-1] sent SIGINT to pgid [11897]
[roslaunch][INFO] 2016-07-18 19:11:49,864: [joint_state_publisher-2] sending SIGINT to pgid [11922]
[roslaunch][INFO] 2016-07-18 19:11:49,867: [joint_state_publisher-2] sent SIGINT to pgid [11922]
[roslaunch][INFO] 2016-07-18 19:11:49,966: process[robot_state_publisher-1]: SIGINT killed with return value 0
[roslaunch][INFO] 2016-07-18 19:11:50,071: process[joint_state_publisher-2]: SIGINT killed with return value 0
[roslaunch.pmon][INFO] 2016-07-18 19:11:50,073: ProcessMonitor exit: cleaning up data structures and signals
[roslaunch.pmon][INFO] 2016-07-18 19:11:50,073: ProcessMonitor exit: pmon has shutdown
[roslaunch][INFO] 2016-07-18 19:11:50,122: process monitor is done spinning, initiating full shutdown
[roslaunch][INFO] 2016-07-18 19:11:50,123: runner.stop()
[roslaunch][INFO] 2016-07-18 19:11:50,123: shutting down processing monitor...
[roslaunch][INFO] 2016-07-18 19:11:50,124: shutting down processing monitor <ProcessMonitor(ProcessMonitor-1, stopped daemon 140077688055552)>
[roslaunch.pmon][INFO] 2016-07-18 19:11:50,125: ProcessMonitor.shutdown <ProcessMonitor(ProcessMonitor-1, stopped daemon 140077688055552)>
[roslaunch][INFO] 2016-07-18 19:11:50,125: ... shutting down processing monitor complete
[roslaunch][INFO] 2016-07-18 19:11:50,126: done
[roslaunch.pmon][INFO] 2016-07-18 19:11:50,126: ProcessMonitor.shutdown <ProcessMonitor(ProcessMonitor-1, stopped daemon 140077688055552)>
[rospy.core][INFO] 2016-07-18 19:11:50,127: signal_shutdown [atexit]
