[roslaunch][INFO] 2016-07-18 20:25:39,749: Checking log directory for disk usage. This may take awhile.
Press Ctrl-C to interrupt
[roslaunch][INFO] 2016-07-18 20:25:39,854: Done checking log file disk usage. Usage is <1GB.
[roslaunch][INFO] 2016-07-18 20:25:39,854: roslaunch starting with args ['/opt/ros/indigo/bin/roslaunch', 'rosbridge_server', 'rosbridge_websocket.launch']
[roslaunch][INFO] 2016-07-18 20:25:39,855: roslaunch env is {'ROS_DISTRO': 'indigo', 'SSH_CLIENT': '10.0.2.2 60060 22', 'CPATH': '/opt/ros/indigo/include', 'LOGNAME': 'vagrant', 'USER': 'vagrant', 'HOME': '/home/vagrant', 'PATH': '/opt/ros/indigo/bin:/usr/local/sbin:/usr/local/bin:/usr/sbin:/usr/bin:/sbin:/bin:/usr/games:/usr/local/games', 'CMAKE_PREFIX_PATH': '/opt/ros/indigo', 'LD_LIBRARY_PATH': '/opt/ros/indigo/lib/x86_64-linux-gnu:/home/vagrant/therblig-motion-library/mico/wpi_jaco/devel/lib:/opt/ros/indigo/lib', 'LANG': 'en_US.UTF-8', 'TERM': 'screen', 'SHELL': '/bin/bash', 'ROS_LOG_FILENAME': '/home/vagrant/.ros/log/537e11d8-4940-11e6-a3ed-080027a2ea64/roslaunch-ros-indigo-desktop-trusty64-15297.log', 'SHLVL': '2', 'XDG_SESSION_ID': '16', 'QT_QPA_PLATFORMTHEME': 'appmenu-qt5', 'DISPLAY': 'localhost:10.0', 'ROS_ETC_DIR': '/opt/ros/indigo/etc/ros', 'XDG_RUNTIME_DIR': '/run/user/1000', 'PYTHONPATH': '/opt/ros/indigo/lib/python2.7/dist-packages', 'TMUX': '/tmp/tmux-1000/default,14605,0', 'ROS_ROOT': '/opt/ros/indigo/share/ros', 'PKG_CONFIG_PATH': '/opt/ros/indigo/lib/x86_64-linux-gnu/pkgconfig:/home/vagrant/therblig-motion-library/mico/wpi_jaco/devel/lib/pkgconfig:/opt/ros/indigo/lib/pkgconfig', 'ROS_PACKAGE_PATH': '/opt/ros/indigo/share:/opt/ros/indigo/stacks', 'ROS_TEST_RESULTS_DIR': '/home/vagrant/therblig-motion-library/mico/wpi_jaco/build/test_results', '_': '/opt/ros/indigo/bin/roslaunch', 'CATKIN_TEST_RESULTS_DIR': '/home/vagrant/therblig-motion-library/mico/wpi_jaco/build/test_results', 'SSH_TTY': '/dev/pts/0', 'ROSLISP_PACKAGE_DIRECTORIES': '', 'PWD': '/home/vagrant', 'ROS_MASTER_URI': 'http://localhost:11311', 'MAIL': '/var/mail/vagrant', 'SSH_CONNECTION': '10.0.2.2 60060 10.0.2.15 22', 'TMUX_PANE': '%1'}
[roslaunch][INFO] 2016-07-18 20:25:39,856: starting in server mode
[roslaunch.parent][INFO] 2016-07-18 20:25:39,856: starting roslaunch parent run
[roslaunch][INFO] 2016-07-18 20:25:39,857: loading roscore config file /opt/ros/indigo/etc/ros/roscore.xml
[roslaunch][INFO] 2016-07-18 20:25:40,020: Added core node of type [rosout/rosout] in namespace [/]
[roslaunch.config][INFO] 2016-07-18 20:25:40,021: loading config file /opt/ros/indigo/share/rosbridge_server/launch/rosbridge_websocket.launch
[roslaunch][INFO] 2016-07-18 20:25:40,025: Added node of type [rosbridge_server/rosbridge_websocket] in namespace [/]
[roslaunch][INFO] 2016-07-18 20:25:40,026: Added node of type [rosapi/rosapi_node] in namespace [/]
[roslaunch][INFO] 2016-07-18 20:25:40,027: ... selected machine [] for node of type [rosbridge_server/rosbridge_websocket]
[roslaunch][INFO] 2016-07-18 20:25:40,027: ... selected machine [] for node of type [rosapi/rosapi_node]
[roslaunch.pmon][INFO] 2016-07-18 20:25:40,028: start_process_monitor: creating ProcessMonitor
[roslaunch.pmon][INFO] 2016-07-18 20:25:40,029: created process monitor <ProcessMonitor(ProcessMonitor-1, initial daemon)>
[roslaunch.pmon][INFO] 2016-07-18 20:25:40,030: start_process_monitor: ProcessMonitor started
[roslaunch.parent][INFO] 2016-07-18 20:25:40,031: starting parent XML-RPC server
[roslaunch.server][INFO] 2016-07-18 20:25:40,031: starting roslaunch XML-RPC server
[roslaunch.server][INFO] 2016-07-18 20:25:40,032: waiting for roslaunch XML-RPC server to initialize
[xmlrpc][INFO] 2016-07-18 20:25:40,032: XML-RPC server binding to 0.0.0.0:0
[xmlrpc][INFO] 2016-07-18 20:25:40,033: Started XML-RPC server [http://ros-indigo-desktop-trusty64:40405/]
[xmlrpc][INFO] 2016-07-18 20:25:40,034: xml rpc node: starting XML-RPC server
[roslaunch][INFO] 2016-07-18 20:25:40,048: started roslaunch server http://ros-indigo-desktop-trusty64:40405/
[roslaunch.parent][INFO] 2016-07-18 20:25:40,049: ... parent XML-RPC server started
[roslaunch][INFO] 2016-07-18 20:25:40,050: master.is_running[http://localhost:11311]
[roslaunch][INFO] 2016-07-18 20:25:40,053: master.is_running[http://localhost:11311]
[roslaunch][INFO] 2016-07-18 20:25:40,057: ROS_MASTER_URI=http://localhost:11311
[roslaunch][INFO] 2016-07-18 20:25:40,062: setting /roslaunch/uris/host_ros_indigo_desktop_trusty64__40405' to http://ros-indigo-desktop-trusty64:40405/
[roslaunch][INFO] 2016-07-18 20:25:40,067: load_parameters starting ...
[roslaunch][INFO] 2016-07-18 20:25:40,080: ... load_parameters complete
[roslaunch][INFO] 2016-07-18 20:25:40,081: launch_nodes: launching local nodes ...
[roslaunch][INFO] 2016-07-18 20:25:40,081: ... preparing to launch node of type [rosbridge_server/rosbridge_websocket]
[roslaunch][INFO] 2016-07-18 20:25:40,082: create_node_process: package[rosbridge_server] type[rosbridge_websocket] machine[Machine(name[] env_loader[None] address[localhost] ssh_port[22] user[None] assignable[True] timeout[10.0])] master_uri[http://localhost:11311]
[roslaunch][INFO] 2016-07-18 20:25:40,082: process[rosbridge_websocket-1]: env[{'ROS_DISTRO': 'indigo', 'SSH_CLIENT': '10.0.2.2 60060 22', 'CPATH': '/opt/ros/indigo/include', 'LOGNAME': 'vagrant', 'USER': 'vagrant', 'HOME': '/home/vagrant', 'PATH': '/opt/ros/indigo/bin:/usr/local/sbin:/usr/local/bin:/usr/sbin:/usr/bin:/sbin:/bin:/usr/games:/usr/local/games', 'CMAKE_PREFIX_PATH': '/opt/ros/indigo', 'ROS_LOG_FILENAME': '/home/vagrant/.ros/log/537e11d8-4940-11e6-a3ed-080027a2ea64/roslaunch-ros-indigo-desktop-trusty64-15297.log', 'LANG': 'en_US.UTF-8', 'TERM': 'screen', 'SHELL': '/bin/bash', 'SHLVL': '2', 'ROS_TEST_RESULTS_DIR': '/home/vagrant/therblig-motion-library/mico/wpi_jaco/build/test_results', 'QT_QPA_PLATFORMTHEME': 'appmenu-qt5', 'DISPLAY': 'localhost:10.0', 'ROS_MASTER_URI': 'http://localhost:11311', 'XDG_RUNTIME_DIR': '/run/user/1000', 'PYTHONPATH': '/opt/ros/indigo/lib/python2.7/dist-packages', 'TMUX': '/tmp/tmux-1000/default,14605,0', 'ROS_ROOT': '/opt/ros/indigo/share/ros', 'PKG_CONFIG_PATH': '/opt/ros/indigo/lib/x86_64-linux-gnu/pkgconfig:/home/vagrant/therblig-motion-library/mico/wpi_jaco/devel/lib/pkgconfig:/opt/ros/indigo/lib/pkgconfig', 'ROS_PACKAGE_PATH': '/opt/ros/indigo/share:/opt/ros/indigo/stacks', 'XDG_SESSION_ID': '16', '_': '/opt/ros/indigo/bin/roslaunch', 'CATKIN_TEST_RESULTS_DIR': '/home/vagrant/therblig-motion-library/mico/wpi_jaco/build/test_results', 'LD_LIBRARY_PATH': '/opt/ros/indigo/lib/x86_64-linux-gnu:/home/vagrant/therblig-motion-library/mico/wpi_jaco/devel/lib:/opt/ros/indigo/lib', 'SSH_TTY': '/dev/pts/0', 'ROSLISP_PACKAGE_DIRECTORIES': '', 'PWD': '/home/vagrant', 'ROS_ETC_DIR': '/opt/ros/indigo/etc/ros', 'MAIL': '/var/mail/vagrant', 'SSH_CONNECTION': '10.0.2.2 60060 10.0.2.15 22', 'TMUX_PANE': '%1'}]
[roslaunch][INFO] 2016-07-18 20:25:40,121: process[rosbridge_websocket-1]: args[[u'/opt/ros/indigo/lib/rosbridge_server/rosbridge_websocket', u'__name:=rosbridge_websocket']]
[roslaunch][INFO] 2016-07-18 20:25:40,122: ... created process [rosbridge_websocket-1]
[roslaunch.pmon][INFO] 2016-07-18 20:25:40,122: ProcessMonitor.register[rosbridge_websocket-1]
[roslaunch.pmon][INFO] 2016-07-18 20:25:40,123: ProcessMonitor.register[rosbridge_websocket-1] complete
[roslaunch][INFO] 2016-07-18 20:25:40,124: ... registered process [rosbridge_websocket-1]
[roslaunch][INFO] 2016-07-18 20:25:40,124: process[rosbridge_websocket-1]: starting os process
[roslaunch][INFO] 2016-07-18 20:25:40,127: process[rosbridge_websocket-1]: start w/ args [[u'/opt/ros/indigo/lib/rosbridge_server/rosbridge_websocket', u'__name:=rosbridge_websocket', u'__log:=/home/vagrant/.ros/log/537e11d8-4940-11e6-a3ed-080027a2ea64/rosbridge_websocket-1.log']]
[roslaunch][INFO] 2016-07-18 20:25:40,127: process[rosbridge_websocket-1]: cwd will be [/home/vagrant/.ros]
[roslaunch][INFO] 2016-07-18 20:25:40,132: process[rosbridge_websocket-1]: started with pid [15315]
[roslaunch][INFO] 2016-07-18 20:25:40,134: ... successfully launched [rosbridge_websocket-1]
[roslaunch][INFO] 2016-07-18 20:25:40,135: ... preparing to launch node of type [rosapi/rosapi_node]
[roslaunch][INFO] 2016-07-18 20:25:40,136: create_node_process: package[rosapi] type[rosapi_node] machine[Machine(name[] env_loader[None] address[localhost] ssh_port[22] user[None] assignable[True] timeout[10.0])] master_uri[http://localhost:11311]
[roslaunch][INFO] 2016-07-18 20:25:40,137: process[rosapi-2]: env[{'ROS_DISTRO': 'indigo', 'SSH_CLIENT': '10.0.2.2 60060 22', 'CPATH': '/opt/ros/indigo/include', 'LOGNAME': 'vagrant', 'USER': 'vagrant', 'HOME': '/home/vagrant', 'PATH': '/opt/ros/indigo/bin:/usr/local/sbin:/usr/local/bin:/usr/sbin:/usr/bin:/sbin:/bin:/usr/games:/usr/local/games', 'CMAKE_PREFIX_PATH': '/opt/ros/indigo', 'ROS_LOG_FILENAME': '/home/vagrant/.ros/log/537e11d8-4940-11e6-a3ed-080027a2ea64/roslaunch-ros-indigo-desktop-trusty64-15297.log', 'LANG': 'en_US.UTF-8', 'TERM': 'screen', 'SHELL': '/bin/bash', 'SHLVL': '2', 'ROS_TEST_RESULTS_DIR': '/home/vagrant/therblig-motion-library/mico/wpi_jaco/build/test_results', 'QT_QPA_PLATFORMTHEME': 'appmenu-qt5', 'DISPLAY': 'localhost:10.0', 'ROS_MASTER_URI': 'http://localhost:11311', 'XDG_RUNTIME_DIR': '/run/user/1000', 'PYTHONPATH': '/opt/ros/indigo/lib/python2.7/dist-packages', 'TMUX': '/tmp/tmux-1000/default,14605,0', 'ROS_ROOT': '/opt/ros/indigo/share/ros', 'PKG_CONFIG_PATH': '/opt/ros/indigo/lib/x86_64-linux-gnu/pkgconfig:/home/vagrant/therblig-motion-library/mico/wpi_jaco/devel/lib/pkgconfig:/opt/ros/indigo/lib/pkgconfig', 'ROS_PACKAGE_PATH': '/opt/ros/indigo/share:/opt/ros/indigo/stacks', 'XDG_SESSION_ID': '16', '_': '/opt/ros/indigo/bin/roslaunch', 'CATKIN_TEST_RESULTS_DIR': '/home/vagrant/therblig-motion-library/mico/wpi_jaco/build/test_results', 'LD_LIBRARY_PATH': '/opt/ros/indigo/lib/x86_64-linux-gnu:/home/vagrant/therblig-motion-library/mico/wpi_jaco/devel/lib:/opt/ros/indigo/lib', 'SSH_TTY': '/dev/pts/0', 'ROSLISP_PACKAGE_DIRECTORIES': '', 'PWD': '/home/vagrant', 'ROS_ETC_DIR': '/opt/ros/indigo/etc/ros', 'MAIL': '/var/mail/vagrant', 'SSH_CONNECTION': '10.0.2.2 60060 10.0.2.15 22', 'TMUX_PANE': '%1'}]
[roslaunch][INFO] 2016-07-18 20:25:40,194: process[rosapi-2]: args[[u'/opt/ros/indigo/lib/rosapi/rosapi_node', u'__name:=rosapi']]
[roslaunch][INFO] 2016-07-18 20:25:40,195: ... created process [rosapi-2]
[roslaunch.pmon][INFO] 2016-07-18 20:25:40,195: ProcessMonitor.register[rosapi-2]
[roslaunch.pmon][INFO] 2016-07-18 20:25:40,196: ProcessMonitor.register[rosapi-2] complete
[roslaunch][INFO] 2016-07-18 20:25:40,196: ... registered process [rosapi-2]
[roslaunch][INFO] 2016-07-18 20:25:40,197: process[rosapi-2]: starting os process
[roslaunch][INFO] 2016-07-18 20:25:40,199: process[rosapi-2]: start w/ args [[u'/opt/ros/indigo/lib/rosapi/rosapi_node', u'__name:=rosapi', u'__log:=/home/vagrant/.ros/log/537e11d8-4940-11e6-a3ed-080027a2ea64/rosapi-2.log']]
[roslaunch][INFO] 2016-07-18 20:25:40,199: process[rosapi-2]: cwd will be [/home/vagrant/.ros]
[roslaunch][INFO] 2016-07-18 20:25:40,204: process[rosapi-2]: started with pid [15316]
[roslaunch][INFO] 2016-07-18 20:25:40,205: ... successfully launched [rosapi-2]
[roslaunch][INFO] 2016-07-18 20:25:40,207: ... launch_nodes complete
[roslaunch.pmon][INFO] 2016-07-18 20:25:40,207: registrations completed <ProcessMonitor(ProcessMonitor-1, started daemon 140287243077376)>
[roslaunch.parent][INFO] 2016-07-18 20:25:40,208: ... roslaunch parent running, waiting for process exit
[roslaunch][INFO] 2016-07-18 20:25:40,208: spin
[roslaunch.pmon][INFO] 2016-07-18 20:31:30,091: ProcessMonitor.shutdown <ProcessMonitor(ProcessMonitor-1, started daemon 140287243077376)>
[roslaunch.pmon][INFO] 2016-07-18 20:31:30,170: ProcessMonitor._post_run <ProcessMonitor(ProcessMonitor-1, started daemon 140287243077376)>
[roslaunch.pmon][INFO] 2016-07-18 20:31:30,171: ProcessMonitor._post_run <ProcessMonitor(ProcessMonitor-1, started daemon 140287243077376)>: remaining procs are [<roslaunch.nodeprocess.LocalProcess object at 0x7f972b728f50>, <roslaunch.nodeprocess.LocalProcess object at 0x7f972b6e70d0>]
[roslaunch.pmon][INFO] 2016-07-18 20:31:30,172: ProcessMonitor exit: killing rosapi-2
[roslaunch][INFO] 2016-07-18 20:31:30,174: [rosapi-2] killing on exit
[roslaunch.pmon][INFO] 2016-07-18 20:31:30,174: ProcessMonitor exit: killing rosbridge_websocket-1
[roslaunch][INFO] 2016-07-18 20:31:30,178: [rosbridge_websocket-1] killing on exit
[roslaunch][INFO] 2016-07-18 20:31:30,177: process[rosapi-2]: killing os process with pid[15316] pgid[15316]
[roslaunch][INFO] 2016-07-18 20:31:30,179: [rosapi-2] sending SIGINT to pgid [15316]
[roslaunch][INFO] 2016-07-18 20:31:30,179: process[rosbridge_websocket-1]: killing os process with pid[15315] pgid[15315]
[roslaunch][INFO] 2016-07-18 20:31:30,185: [rosbridge_websocket-1] sending SIGINT to pgid [15315]
[roslaunch][INFO] 2016-07-18 20:31:30,185: [rosbridge_websocket-1] sent SIGINT to pgid [15315]
[roslaunch][INFO] 2016-07-18 20:31:30,181: [rosapi-2] sent SIGINT to pgid [15316]
[roslaunch][INFO] 2016-07-18 20:31:30,895: process[rosapi-2]: SIGINT killed with return value 0
[roslaunch][INFO] 2016-07-18 20:31:30,996: process[rosbridge_websocket-1]: SIGINT killed with return value 0
[roslaunch.pmon][INFO] 2016-07-18 20:31:30,997: ProcessMonitor exit: cleaning up data structures and signals
[roslaunch.pmon][INFO] 2016-07-18 20:31:30,999: ProcessMonitor exit: pmon has shutdown
[roslaunch][INFO] 2016-07-18 20:31:31,037: process monitor is done spinning, initiating full shutdown
[roslaunch][INFO] 2016-07-18 20:31:31,037: runner.stop()
[roslaunch][INFO] 2016-07-18 20:31:31,038: shutting down processing monitor...
[roslaunch][INFO] 2016-07-18 20:31:31,039: shutting down processing monitor <ProcessMonitor(ProcessMonitor-1, stopped daemon 140287243077376)>
[roslaunch.pmon][INFO] 2016-07-18 20:31:31,039: ProcessMonitor.shutdown <ProcessMonitor(ProcessMonitor-1, stopped daemon 140287243077376)>
[roslaunch][INFO] 2016-07-18 20:31:31,040: ... shutting down processing monitor complete
[roslaunch][INFO] 2016-07-18 20:31:31,040: done
[roslaunch.pmon][INFO] 2016-07-18 20:31:31,041: ProcessMonitor.shutdown <ProcessMonitor(ProcessMonitor-1, stopped daemon 140287243077376)>
[rospy.core][INFO] 2016-07-18 20:31:31,042: signal_shutdown [atexit]
