[roslaunch][INFO] 2016-07-18 19:39:34,073: Checking log directory for disk usage. This may take awhile.
Press Ctrl-C to interrupt
[roslaunch][INFO] 2016-07-18 19:39:34,178: Done checking log file disk usage. Usage is <1GB.
[roslaunch][INFO] 2016-07-18 19:39:34,178: roslaunch starting with args ['/opt/ros/indigo/bin/roslaunch', 'mico_description', 'mico_description.launch']
[roslaunch][INFO] 2016-07-18 19:39:34,179: roslaunch env is {'ROS_DISTRO': 'indigo', 'SSH_CLIENT': '10.0.2.2 57124 22', 'CPATH': '/home/vagrant/therblig-motion-library/mico/wpi_jaco/devel/include:/opt/ros/indigo/include', 'LOGNAME': 'vagrant', 'USER': 'vagrant', 'HOME': '/home/vagrant', 'PATH': '/home/vagrant/therblig-motion-library/mico/wpi_jaco/devel/bin:/opt/ros/indigo/bin:/usr/local/sbin:/usr/local/bin:/usr/sbin:/usr/bin:/sbin:/bin:/usr/games:/usr/local/games', 'CMAKE_PREFIX_PATH': '/home/vagrant/therblig-motion-library/mico/wpi_jaco/devel:/opt/ros/indigo', 'LD_LIBRARY_PATH': '/home/vagrant/therblig-motion-library/mico/wpi_jaco/devel/lib/x86_64-linux-gnu:/opt/ros/indigo/lib/x86_64-linux-gnu:/home/vagrant/therblig-motion-library/mico/wpi_jaco/devel/lib:/opt/ros/indigo/lib', 'LANG': 'en_US.UTF-8', 'TERM': 'screen', 'SHELL': '/bin/bash', 'ROS_LOG_FILENAME': '/home/vagrant/.ros/log/537e11d8-4940-11e6-a3ed-080027a2ea64/roslaunch-ros-indigo-desktop-trusty64-12651.log', 'SHLVL': '2', 'XDG_SESSION_ID': '9', 'QT_QPA_PLATFORMTHEME': 'appmenu-qt5', 'DISPLAY': 'localhost:10.0', 'ROS_ETC_DIR': '/opt/ros/indigo/etc/ros', 'XDG_RUNTIME_DIR': '/run/user/1000', 'PYTHONPATH': '/home/vagrant/therblig-motion-library/mico/wpi_jaco/devel/lib/python2.7/dist-packages:/opt/ros/indigo/lib/python2.7/dist-packages', 'TMUX': '/tmp/tmux-1000/default,11988,0', 'ROS_ROOT': '/opt/ros/indigo/share/ros', 'PKG_CONFIG_PATH': '/home/vagrant/therblig-motion-library/mico/wpi_jaco/devel/lib/x86_64-linux-gnu/pkgconfig:/opt/ros/indigo/lib/x86_64-linux-gnu/pkgconfig:/home/vagrant/therblig-motion-library/mico/wpi_jaco/devel/lib/pkgconfig:/opt/ros/indigo/lib/pkgconfig', 'ROS_PACKAGE_PATH': '/home/vagrant/therblig-motion-library/mico/wpi_jaco/src:/opt/ros/indigo/share:/opt/ros/indigo/stacks', 'ROS_TEST_RESULTS_DIR': '/home/vagrant/therblig-motion-library/mico/wpi_jaco/build/test_results', '_': '/opt/ros/indigo/bin/roslaunch', 'CATKIN_TEST_RESULTS_DIR': '/home/vagrant/therblig-motion-library/mico/wpi_jaco/build/test_results', 'SSH_TTY': '/dev/pts/0', 'OLDPWD': '/home/vagrant/therblig-motion-library/mico/wpi_jaco', 'ROSLISP_PACKAGE_DIRECTORIES': '/home/vagrant/therblig-motion-library/mico/wpi_jaco/devel/share/common-lisp', 'PWD': '/home/vagrant/therblig-motion-library/mico/wpi_jaco/devel', 'ROS_MASTER_URI': 'http://localhost:11311', 'MAIL': '/var/mail/vagrant', 'SSH_CONNECTION': '10.0.2.2 57124 10.0.2.15 22', 'TMUX_PANE': '%0'}
[roslaunch][INFO] 2016-07-18 19:39:34,179: starting in server mode
[roslaunch.parent][INFO] 2016-07-18 19:39:34,180: starting roslaunch parent run
[roslaunch][INFO] 2016-07-18 19:39:34,181: loading roscore config file /opt/ros/indigo/etc/ros/roscore.xml
[roslaunch][INFO] 2016-07-18 19:39:35,557: Added core node of type [rosout/rosout] in namespace [/]
[roslaunch.config][INFO] 2016-07-18 19:39:35,557: loading config file /home/vagrant/therblig-motion-library/mico/wpi_jaco/src/mico_description/launch/mico_description.launch
[roslaunch][INFO] 2016-07-18 19:39:37,970: Added node of type [robot_state_publisher/robot_state_publisher] in namespace [/]
[roslaunch][INFO] 2016-07-18 19:39:37,993: Added node of type [joint_state_publisher/joint_state_publisher] in namespace [/]
[roslaunch][INFO] 2016-07-18 19:39:37,994: ... selected machine [] for node of type [robot_state_publisher/robot_state_publisher]
[roslaunch][INFO] 2016-07-18 19:39:37,994: ... selected machine [] for node of type [joint_state_publisher/joint_state_publisher]
[roslaunch.pmon][INFO] 2016-07-18 19:39:38,004: start_process_monitor: creating ProcessMonitor
[roslaunch.pmon][INFO] 2016-07-18 19:39:38,005: created process monitor <ProcessMonitor(ProcessMonitor-1, initial daemon)>
[roslaunch.pmon][INFO] 2016-07-18 19:39:38,006: start_process_monitor: ProcessMonitor started
[roslaunch.parent][INFO] 2016-07-18 19:39:38,006: starting parent XML-RPC server
[roslaunch.server][INFO] 2016-07-18 19:39:38,006: starting roslaunch XML-RPC server
[roslaunch.server][INFO] 2016-07-18 19:39:38,007: waiting for roslaunch XML-RPC server to initialize
[xmlrpc][INFO] 2016-07-18 19:39:38,007: XML-RPC server binding to 0.0.0.0:0
[xmlrpc][INFO] 2016-07-18 19:39:38,008: Started XML-RPC server [http://ros-indigo-desktop-trusty64:55972/]
[xmlrpc][INFO] 2016-07-18 19:39:38,009: xml rpc node: starting XML-RPC server
[roslaunch][INFO] 2016-07-18 19:39:38,023: started roslaunch server http://ros-indigo-desktop-trusty64:55972/
[roslaunch.parent][INFO] 2016-07-18 19:39:38,024: ... parent XML-RPC server started
[roslaunch][INFO] 2016-07-18 19:39:38,026: master.is_running[http://localhost:11311]
[roslaunch][INFO] 2016-07-18 19:39:38,028: master.is_running[http://localhost:11311]
[roslaunch][INFO] 2016-07-18 19:39:38,031: ROS_MASTER_URI=http://localhost:11311
[roslaunch][INFO] 2016-07-18 19:39:38,035: setting /roslaunch/uris/host_ros_indigo_desktop_trusty64__55972' to http://ros-indigo-desktop-trusty64:55972/
[roslaunch][INFO] 2016-07-18 19:39:38,040: load_parameters starting ...
[roslaunch][INFO] 2016-07-18 19:39:38,054: ... load_parameters complete
[roslaunch][INFO] 2016-07-18 19:39:38,054: launch_nodes: launching local nodes ...
[roslaunch][INFO] 2016-07-18 19:39:38,055: ... preparing to launch node of type [robot_state_publisher/robot_state_publisher]
[roslaunch][INFO] 2016-07-18 19:39:38,055: create_node_process: package[robot_state_publisher] type[robot_state_publisher] machine[Machine(name[] env_loader[None] address[localhost] ssh_port[22] user[None] assignable[True] timeout[10.0])] master_uri[http://localhost:11311]
[roslaunch][INFO] 2016-07-18 19:39:38,056: process[robot_state_publisher-1]: env[{'ROS_DISTRO': 'indigo', 'SSH_CLIENT': '10.0.2.2 57124 22', 'CPATH': '/home/vagrant/therblig-motion-library/mico/wpi_jaco/devel/include:/opt/ros/indigo/include', 'LOGNAME': 'vagrant', 'USER': 'vagrant', 'HOME': '/home/vagrant', 'PATH': '/home/vagrant/therblig-motion-library/mico/wpi_jaco/devel/bin:/opt/ros/indigo/bin:/usr/local/sbin:/usr/local/bin:/usr/sbin:/usr/bin:/sbin:/bin:/usr/games:/usr/local/games', 'CMAKE_PREFIX_PATH': '/home/vagrant/therblig-motion-library/mico/wpi_jaco/devel:/opt/ros/indigo', 'ROS_LOG_FILENAME': '/home/vagrant/.ros/log/537e11d8-4940-11e6-a3ed-080027a2ea64/roslaunch-ros-indigo-desktop-trusty64-12651.log', 'LANG': 'en_US.UTF-8', 'TERM': 'screen', 'SHELL': '/bin/bash', 'SHLVL': '2', 'ROS_TEST_RESULTS_DIR': '/home/vagrant/therblig-motion-library/mico/wpi_jaco/build/test_results', 'QT_QPA_PLATFORMTHEME': 'appmenu-qt5', 'DISPLAY': 'localhost:10.0', 'ROS_MASTER_URI': 'http://localhost:11311', 'XDG_RUNTIME_DIR': '/run/user/1000', 'PYTHONPATH': '/home/vagrant/therblig-motion-library/mico/wpi_jaco/devel/lib/python2.7/dist-packages:/opt/ros/indigo/lib/python2.7/dist-packages', 'TMUX': '/tmp/tmux-1000/default,11988,0', 'ROS_ROOT': '/opt/ros/indigo/share/ros', 'PKG_CONFIG_PATH': '/home/vagrant/therblig-motion-library/mico/wpi_jaco/devel/lib/x86_64-linux-gnu/pkgconfig:/opt/ros/indigo/lib/x86_64-linux-gnu/pkgconfig:/home/vagrant/therblig-motion-library/mico/wpi_jaco/devel/lib/pkgconfig:/opt/ros/indigo/lib/pkgconfig', 'ROS_PACKAGE_PATH': '/home/vagrant/therblig-motion-library/mico/wpi_jaco/src:/opt/ros/indigo/share:/opt/ros/indigo/stacks', 'XDG_SESSION_ID': '9', '_': '/opt/ros/indigo/bin/roslaunch', 'CATKIN_TEST_RESULTS_DIR': '/home/vagrant/therblig-motion-library/mico/wpi_jaco/build/test_results', 'LD_LIBRARY_PATH': '/home/vagrant/therblig-motion-library/mico/wpi_jaco/devel/lib/x86_64-linux-gnu:/opt/ros/indigo/lib/x86_64-linux-gnu:/home/vagrant/therblig-motion-library/mico/wpi_jaco/devel/lib:/opt/ros/indigo/lib', 'SSH_TTY': '/dev/pts/0', 'OLDPWD': '/home/vagrant/therblig-motion-library/mico/wpi_jaco', 'ROSLISP_PACKAGE_DIRECTORIES': '/home/vagrant/therblig-motion-library/mico/wpi_jaco/devel/share/common-lisp', 'PWD': '/home/vagrant/therblig-motion-library/mico/wpi_jaco/devel', 'ROS_ETC_DIR': '/opt/ros/indigo/etc/ros', 'MAIL': '/var/mail/vagrant', 'SSH_CONNECTION': '10.0.2.2 57124 10.0.2.15 22', 'TMUX_PANE': '%0'}]
[roslaunch][INFO] 2016-07-18 19:39:39,070: process[robot_state_publisher-1]: args[[u'/opt/ros/indigo/lib/robot_state_publisher/robot_state_publisher', u'__name:=robot_state_publisher']]
[roslaunch][INFO] 2016-07-18 19:39:39,071: ... created process [robot_state_publisher-1]
[roslaunch.pmon][INFO] 2016-07-18 19:39:39,072: ProcessMonitor.register[robot_state_publisher-1]
[roslaunch.pmon][INFO] 2016-07-18 19:39:39,072: ProcessMonitor.register[robot_state_publisher-1] complete
[roslaunch][INFO] 2016-07-18 19:39:39,073: ... registered process [robot_state_publisher-1]
[roslaunch][INFO] 2016-07-18 19:39:39,074: process[robot_state_publisher-1]: starting os process
[roslaunch][INFO] 2016-07-18 19:39:39,078: process[robot_state_publisher-1]: start w/ args [[u'/opt/ros/indigo/lib/robot_state_publisher/robot_state_publisher', u'__name:=robot_state_publisher', u'__log:=/home/vagrant/.ros/log/537e11d8-4940-11e6-a3ed-080027a2ea64/robot_state_publisher-1.log']]
[roslaunch][INFO] 2016-07-18 19:39:39,078: process[robot_state_publisher-1]: cwd will be [/home/vagrant/.ros]
[roslaunch][INFO] 2016-07-18 19:39:39,083: process[robot_state_publisher-1]: started with pid [12672]
[roslaunch][INFO] 2016-07-18 19:39:39,085: ... successfully launched [robot_state_publisher-1]
[roslaunch][INFO] 2016-07-18 19:39:39,086: ... preparing to launch node of type [joint_state_publisher/joint_state_publisher]
[roslaunch][INFO] 2016-07-18 19:39:39,086: create_node_process: package[joint_state_publisher] type[joint_state_publisher] machine[Machine(name[] env_loader[None] address[localhost] ssh_port[22] user[None] assignable[True] timeout[10.0])] master_uri[http://localhost:11311]
[roslaunch][INFO] 2016-07-18 19:39:39,088: process[joint_state_publisher-2]: env[{'ROS_DISTRO': 'indigo', 'SSH_CLIENT': '10.0.2.2 57124 22', 'CPATH': '/home/vagrant/therblig-motion-library/mico/wpi_jaco/devel/include:/opt/ros/indigo/include', 'LOGNAME': 'vagrant', 'USER': 'vagrant', 'HOME': '/home/vagrant', 'PATH': '/home/vagrant/therblig-motion-library/mico/wpi_jaco/devel/bin:/opt/ros/indigo/bin:/usr/local/sbin:/usr/local/bin:/usr/sbin:/usr/bin:/sbin:/bin:/usr/games:/usr/local/games', 'CMAKE_PREFIX_PATH': '/home/vagrant/therblig-motion-library/mico/wpi_jaco/devel:/opt/ros/indigo', 'ROS_LOG_FILENAME': '/home/vagrant/.ros/log/537e11d8-4940-11e6-a3ed-080027a2ea64/roslaunch-ros-indigo-desktop-trusty64-12651.log', 'LANG': 'en_US.UTF-8', 'TERM': 'screen', 'SHELL': '/bin/bash', 'SHLVL': '2', 'ROS_TEST_RESULTS_DIR': '/home/vagrant/therblig-motion-library/mico/wpi_jaco/build/test_results', 'QT_QPA_PLATFORMTHEME': 'appmenu-qt5', 'DISPLAY': 'localhost:10.0', 'ROS_MASTER_URI': 'http://localhost:11311', 'XDG_RUNTIME_DIR': '/run/user/1000', 'PYTHONPATH': '/home/vagrant/therblig-motion-library/mico/wpi_jaco/devel/lib/python2.7/dist-packages:/opt/ros/indigo/lib/python2.7/dist-packages', 'TMUX': '/tmp/tmux-1000/default,11988,0', 'ROS_ROOT': '/opt/ros/indigo/share/ros', 'PKG_CONFIG_PATH': '/home/vagrant/therblig-motion-library/mico/wpi_jaco/devel/lib/x86_64-linux-gnu/pkgconfig:/opt/ros/indigo/lib/x86_64-linux-gnu/pkgconfig:/home/vagrant/therblig-motion-library/mico/wpi_jaco/devel/lib/pkgconfig:/opt/ros/indigo/lib/pkgconfig', 'ROS_PACKAGE_PATH': '/home/vagrant/therblig-motion-library/mico/wpi_jaco/src:/opt/ros/indigo/share:/opt/ros/indigo/stacks', 'XDG_SESSION_ID': '9', '_': '/opt/ros/indigo/bin/roslaunch', 'CATKIN_TEST_RESULTS_DIR': '/home/vagrant/therblig-motion-library/mico/wpi_jaco/build/test_results', 'LD_LIBRARY_PATH': '/home/vagrant/therblig-motion-library/mico/wpi_jaco/devel/lib/x86_64-linux-gnu:/opt/ros/indigo/lib/x86_64-linux-gnu:/home/vagrant/therblig-motion-library/mico/wpi_jaco/devel/lib:/opt/ros/indigo/lib', 'SSH_TTY': '/dev/pts/0', 'OLDPWD': '/home/vagrant/therblig-motion-library/mico/wpi_jaco', 'ROSLISP_PACKAGE_DIRECTORIES': '/home/vagrant/therblig-motion-library/mico/wpi_jaco/devel/share/common-lisp', 'PWD': '/home/vagrant/therblig-motion-library/mico/wpi_jaco/devel', 'ROS_ETC_DIR': '/opt/ros/indigo/etc/ros', 'MAIL': '/var/mail/vagrant', 'SSH_CONNECTION': '10.0.2.2 57124 10.0.2.15 22', 'TMUX_PANE': '%0'}]
[roslaunch][INFO] 2016-07-18 19:39:39,993: process[joint_state_publisher-2]: args[[u'/opt/ros/indigo/lib/joint_state_publisher/joint_state_publisher', u'__name:=joint_state_publisher']]
[roslaunch][INFO] 2016-07-18 19:39:39,994: ... created process [joint_state_publisher-2]
[roslaunch.pmon][INFO] 2016-07-18 19:39:39,994: ProcessMonitor.register[joint_state_publisher-2]
[roslaunch.pmon][INFO] 2016-07-18 19:39:39,995: ProcessMonitor.register[joint_state_publisher-2] complete
[roslaunch][INFO] 2016-07-18 19:39:39,995: ... registered process [joint_state_publisher-2]
[roslaunch][INFO] 2016-07-18 19:39:39,996: process[joint_state_publisher-2]: starting os process
[roslaunch][INFO] 2016-07-18 19:39:39,999: process[joint_state_publisher-2]: start w/ args [[u'/opt/ros/indigo/lib/joint_state_publisher/joint_state_publisher', u'__name:=joint_state_publisher', u'__log:=/home/vagrant/.ros/log/537e11d8-4940-11e6-a3ed-080027a2ea64/joint_state_publisher-2.log']]
[roslaunch][INFO] 2016-07-18 19:39:39,999: process[joint_state_publisher-2]: cwd will be [/home/vagrant/.ros]
[roslaunch][INFO] 2016-07-18 19:39:40,004: process[joint_state_publisher-2]: started with pid [12697]
[roslaunch][INFO] 2016-07-18 19:39:40,005: ... successfully launched [joint_state_publisher-2]
[roslaunch][INFO] 2016-07-18 19:39:40,006: ... launch_nodes complete
[roslaunch.pmon][INFO] 2016-07-18 19:39:40,007: registrations completed <ProcessMonitor(ProcessMonitor-1, started daemon 140482423052032)>
[roslaunch.parent][INFO] 2016-07-18 19:39:40,007: ... roslaunch parent running, waiting for process exit
[roslaunch][INFO] 2016-07-18 19:39:40,007: spin
[roslaunch.pmon][INFO] 2016-07-18 19:42:56,224: ProcessMonitor.shutdown <ProcessMonitor(ProcessMonitor-1, started daemon 140482423052032)>
[roslaunch.pmon][INFO] 2016-07-18 19:42:56,236: ProcessMonitor._post_run <ProcessMonitor(ProcessMonitor-1, started daemon 140482423052032)>
[roslaunch.pmon][INFO] 2016-07-18 19:42:56,237: ProcessMonitor._post_run <ProcessMonitor(ProcessMonitor-1, started daemon 140482423052032)>: remaining procs are [<roslaunch.nodeprocess.LocalProcess object at 0x7fc49d17fd90>, <roslaunch.nodeprocess.LocalProcess object at 0x7fc49cee03d0>]
[roslaunch.pmon][INFO] 2016-07-18 19:42:56,238: ProcessMonitor exit: killing joint_state_publisher-2
[roslaunch][INFO] 2016-07-18 19:42:56,240: [joint_state_publisher-2] killing on exit
[roslaunch][INFO] 2016-07-18 19:42:56,241: process[joint_state_publisher-2]: killing os process with pid[12697] pgid[12697]
[roslaunch.pmon][INFO] 2016-07-18 19:42:56,239: ProcessMonitor exit: killing robot_state_publisher-1
[roslaunch][INFO] 2016-07-18 19:42:56,242: [joint_state_publisher-2] sending SIGINT to pgid [12697]
[roslaunch][INFO] 2016-07-18 19:42:56,243: [robot_state_publisher-1] killing on exit
[roslaunch][INFO] 2016-07-18 19:42:56,246: process[robot_state_publisher-1]: killing os process with pid[12672] pgid[12672]
[roslaunch][INFO] 2016-07-18 19:42:56,247: [robot_state_publisher-1] sending SIGINT to pgid [12672]
[roslaunch][INFO] 2016-07-18 19:42:56,248: [robot_state_publisher-1] sent SIGINT to pgid [12672]
[roslaunch][INFO] 2016-07-18 19:42:56,245: [joint_state_publisher-2] sent SIGINT to pgid [12697]
[roslaunch][INFO] 2016-07-18 19:42:56,450: process[robot_state_publisher-1]: SIGINT killed with return value 0
[roslaunch][INFO] 2016-07-18 19:42:56,450: process[joint_state_publisher-2]: SIGINT killed with return value 0
[roslaunch.pmon][INFO] 2016-07-18 19:42:56,451: ProcessMonitor exit: cleaning up data structures and signals
[roslaunch.pmon][INFO] 2016-07-18 19:42:56,452: ProcessMonitor exit: pmon has shutdown
[roslaunch][INFO] 2016-07-18 19:42:56,503: process monitor is done spinning, initiating full shutdown
[roslaunch][INFO] 2016-07-18 19:42:56,504: runner.stop()
[roslaunch][INFO] 2016-07-18 19:42:56,505: shutting down processing monitor...
[roslaunch][INFO] 2016-07-18 19:42:56,506: shutting down processing monitor <ProcessMonitor(ProcessMonitor-1, stopped daemon 140482423052032)>
[roslaunch.pmon][INFO] 2016-07-18 19:42:56,507: ProcessMonitor.shutdown <ProcessMonitor(ProcessMonitor-1, stopped daemon 140482423052032)>
[roslaunch][INFO] 2016-07-18 19:42:56,508: ... shutting down processing monitor complete
[roslaunch][INFO] 2016-07-18 19:42:56,509: done
[roslaunch.pmon][INFO] 2016-07-18 19:42:56,510: ProcessMonitor.shutdown <ProcessMonitor(ProcessMonitor-1, stopped daemon 140482423052032)>
[rospy.core][INFO] 2016-07-18 19:42:56,511: signal_shutdown [atexit]
