[roslaunch][INFO] 2016-07-19 20:56:38,305: Checking log directory for disk usage. This may take awhile.
Press Ctrl-C to interrupt
[roslaunch][INFO] 2016-07-19 20:56:38,405: Done checking log file disk usage. Usage is <1GB.
[roslaunch][INFO] 2016-07-19 20:56:38,406: roslaunch starting with args ['/opt/ros/indigo/bin/roslaunch', 'mico_moveit_config', 'path_planning.launch']
[roslaunch][INFO] 2016-07-19 20:56:38,406: roslaunch env is {'ROS_DISTRO': 'indigo', 'SSH_CLIENT': '10.0.2.2 50675 22', 'CPATH': '/home/vagrant/therblig-motion-library/mico/wpi_jaco/devel/include:/opt/ros/indigo/include', 'LOGNAME': 'vagrant', 'USER': 'vagrant', 'HOME': '/home/vagrant', 'PATH': '/home/vagrant/therblig-motion-library/mico/wpi_jaco/devel/bin:/opt/ros/indigo/bin:/usr/local/sbin:/usr/local/bin:/usr/sbin:/usr/bin:/sbin:/bin:/usr/games:/usr/local/games', 'CMAKE_PREFIX_PATH': '/home/vagrant/therblig-motion-library/mico/wpi_jaco/devel:/opt/ros/indigo', 'LD_LIBRARY_PATH': '/home/vagrant/therblig-motion-library/mico/wpi_jaco/devel/lib/x86_64-linux-gnu:/opt/ros/indigo/lib/x86_64-linux-gnu:/home/vagrant/therblig-motion-library/mico/wpi_jaco/devel/lib:/opt/ros/indigo/lib', 'LANG': 'en_US.UTF-8', 'TERM': 'screen', 'SHELL': '/bin/bash', 'ROS_LOG_FILENAME': '/home/vagrant/.ros/log/537e11d8-4940-11e6-a3ed-080027a2ea64/roslaunch-ros-indigo-desktop-trusty64-25070.log', 'SHLVL': '3', 'XDG_SESSION_ID': '24', 'QT_QPA_PLATFORMTHEME': 'appmenu-qt5', 'DISPLAY': 'localhost:10.0', 'ROS_ETC_DIR': '/opt/ros/indigo/etc/ros', 'XDG_RUNTIME_DIR': '/run/user/1000', 'PYTHONPATH': '/home/vagrant/therblig-motion-library/mico/wpi_jaco/devel/lib/python2.7/dist-packages:/opt/ros/indigo/lib/python2.7/dist-packages', 'SSH_AUTH_SOCK': '/tmp/ssh-07Ecys5WIh/agent.24847', 'TMUX': '/tmp/tmux-1000/default,24949,0', 'ROS_ROOT': '/opt/ros/indigo/share/ros', 'PKG_CONFIG_PATH': '/home/vagrant/therblig-motion-library/mico/wpi_jaco/devel/lib/x86_64-linux-gnu/pkgconfig:/opt/ros/indigo/lib/x86_64-linux-gnu/pkgconfig:/home/vagrant/therblig-motion-library/mico/wpi_jaco/devel/lib/pkgconfig:/opt/ros/indigo/lib/pkgconfig', 'ROS_PACKAGE_PATH': '/home/vagrant/therblig-motion-library/mico/wpi_jaco/src:/opt/ros/indigo/share:/opt/ros/indigo/stacks', 'ROS_TEST_RESULTS_DIR': '/home/vagrant/therblig-motion-library/mico/wpi_jaco/build/test_results', '_': '/opt/ros/indigo/bin/roslaunch', 'CATKIN_TEST_RESULTS_DIR': '/home/vagrant/therblig-motion-library/mico/wpi_jaco/build/test_results', 'SSH_TTY': '/dev/pts/0', 'OLDPWD': '/home/vagrant/therblig-motion-library/mico/wpi_jaco', 'ROSLISP_PACKAGE_DIRECTORIES': '/home/vagrant/therblig-motion-library/mico/wpi_jaco/devel/share/common-lisp', 'PWD': '/home/vagrant/therblig-motion-library/mico/wpi_jaco', 'ROS_MASTER_URI': 'http://localhost:11311', 'MAIL': '/var/mail/vagrant', 'SSH_CONNECTION': '10.0.2.2 50675 10.0.2.15 22', 'TMUX_PANE': '%0'}
[roslaunch][INFO] 2016-07-19 20:56:38,408: starting in server mode
[roslaunch.parent][INFO] 2016-07-19 20:56:38,409: starting roslaunch parent run
[roslaunch][INFO] 2016-07-19 20:56:38,409: loading roscore config file /opt/ros/indigo/etc/ros/roscore.xml
[roslaunch][INFO] 2016-07-19 20:56:39,886: Added core node of type [rosout/rosout] in namespace [/]
[roslaunch.config][INFO] 2016-07-19 20:56:39,887: loading config file /home/vagrant/therblig-motion-library/mico/wpi_jaco/src/mico_moveit_config/launch/path_planning.launch
[roslaunch][INFO] 2016-07-19 20:56:41,283: Added node of type [wpi_jaco_wrapper/jaco_arm_trajectory_node] in namespace [/]
[roslaunch][INFO] 2016-07-19 20:56:41,284: Added node of type [wpi_jaco_wrapper/jaco_manipulation] in namespace [/]
[roslaunch][INFO] 2016-07-19 20:56:41,284: Added node of type [wpi_jaco_wrapper/jaco_conversions] in namespace [/]
[roslaunch][INFO] 2016-07-19 20:56:41,285: Added node of type [wpi_jaco_wrapper/jaco_kinematics] in namespace [/]
[roslaunch][INFO] 2016-07-19 20:56:43,670: Added node of type [robot_state_publisher/robot_state_publisher] in namespace [/]
[roslaunch][INFO] 2016-07-19 20:56:43,671: Added node of type [joint_state_publisher/joint_state_publisher] in namespace [/]
[roslaunch][INFO] 2016-07-19 20:56:50,769: Added node of type [moveit_ros_move_group/move_group] in namespace [/]
[roslaunch][INFO] 2016-07-19 20:56:51,298: Added node of type [rviz/rviz] in namespace [/]
[roslaunch][INFO] 2016-07-19 20:56:51,299: ... selected machine [] for node of type [wpi_jaco_wrapper/jaco_arm_trajectory_node]
[roslaunch][INFO] 2016-07-19 20:56:51,299: ... selected machine [] for node of type [wpi_jaco_wrapper/jaco_manipulation]
[roslaunch][INFO] 2016-07-19 20:56:51,300: ... selected machine [] for node of type [wpi_jaco_wrapper/jaco_conversions]
[roslaunch][INFO] 2016-07-19 20:56:51,300: ... selected machine [] for node of type [wpi_jaco_wrapper/jaco_kinematics]
[roslaunch][INFO] 2016-07-19 20:56:51,301: ... selected machine [] for node of type [robot_state_publisher/robot_state_publisher]
[roslaunch][INFO] 2016-07-19 20:56:51,301: ... selected machine [] for node of type [joint_state_publisher/joint_state_publisher]
[roslaunch][INFO] 2016-07-19 20:56:51,301: ... selected machine [] for node of type [moveit_ros_move_group/move_group]
[roslaunch][INFO] 2016-07-19 20:56:51,302: ... selected machine [] for node of type [rviz/rviz]
[roslaunch.pmon][INFO] 2016-07-19 20:56:51,311: start_process_monitor: creating ProcessMonitor
[roslaunch.pmon][INFO] 2016-07-19 20:56:51,311: created process monitor <ProcessMonitor(ProcessMonitor-1, initial daemon)>
[roslaunch.pmon][INFO] 2016-07-19 20:56:51,312: start_process_monitor: ProcessMonitor started
[roslaunch.parent][INFO] 2016-07-19 20:56:51,313: starting parent XML-RPC server
[roslaunch.server][INFO] 2016-07-19 20:56:51,313: starting roslaunch XML-RPC server
[roslaunch.server][INFO] 2016-07-19 20:56:51,314: waiting for roslaunch XML-RPC server to initialize
[xmlrpc][INFO] 2016-07-19 20:56:51,314: XML-RPC server binding to 0.0.0.0:0
[xmlrpc][INFO] 2016-07-19 20:56:51,315: Started XML-RPC server [http://ros-indigo-desktop-trusty64:58261/]
[xmlrpc][INFO] 2016-07-19 20:56:51,315: xml rpc node: starting XML-RPC server
[roslaunch][INFO] 2016-07-19 20:56:51,329: started roslaunch server http://ros-indigo-desktop-trusty64:58261/
[roslaunch.parent][INFO] 2016-07-19 20:56:51,330: ... parent XML-RPC server started
[roslaunch][INFO] 2016-07-19 20:56:51,334: master.is_running[http://localhost:11311]
[roslaunch][INFO] 2016-07-19 20:56:51,339: master.is_running[http://localhost:11311]
[roslaunch][INFO] 2016-07-19 20:56:51,343: ROS_MASTER_URI=http://localhost:11311
[roslaunch][INFO] 2016-07-19 20:56:51,348: setting /roslaunch/uris/host_ros_indigo_desktop_trusty64__58261' to http://ros-indigo-desktop-trusty64:58261/
[roslaunch][INFO] 2016-07-19 20:56:51,353: load_parameters starting ...
[roslaunch][INFO] 2016-07-19 20:56:51,441: ... load_parameters complete
[roslaunch][INFO] 2016-07-19 20:56:51,442: launch_nodes: launching local nodes ...
[roslaunch][INFO] 2016-07-19 20:56:51,442: ... preparing to launch node of type [wpi_jaco_wrapper/jaco_arm_trajectory_node]
[roslaunch][INFO] 2016-07-19 20:56:51,443: create_node_process: package[wpi_jaco_wrapper] type[jaco_arm_trajectory_node] machine[Machine(name[] env_loader[None] address[localhost] ssh_port[22] user[None] assignable[True] timeout[10.0])] master_uri[http://localhost:11311]
[roslaunch][INFO] 2016-07-19 20:56:51,444: process[jaco_arm_trajectory_node-1]: env[{'ROS_DISTRO': 'indigo', 'SSH_CLIENT': '10.0.2.2 50675 22', 'CPATH': '/home/vagrant/therblig-motion-library/mico/wpi_jaco/devel/include:/opt/ros/indigo/include', 'LOGNAME': 'vagrant', 'USER': 'vagrant', 'HOME': '/home/vagrant', 'PATH': '/home/vagrant/therblig-motion-library/mico/wpi_jaco/devel/bin:/opt/ros/indigo/bin:/usr/local/sbin:/usr/local/bin:/usr/sbin:/usr/bin:/sbin:/bin:/usr/games:/usr/local/games', 'CMAKE_PREFIX_PATH': '/home/vagrant/therblig-motion-library/mico/wpi_jaco/devel:/opt/ros/indigo', 'ROS_LOG_FILENAME': '/home/vagrant/.ros/log/537e11d8-4940-11e6-a3ed-080027a2ea64/roslaunch-ros-indigo-desktop-trusty64-25070.log', 'LANG': 'en_US.UTF-8', 'TERM': 'screen', 'SHELL': '/bin/bash', 'SHLVL': '3', 'ROS_TEST_RESULTS_DIR': '/home/vagrant/therblig-motion-library/mico/wpi_jaco/build/test_results', 'QT_QPA_PLATFORMTHEME': 'appmenu-qt5', 'DISPLAY': 'localhost:10.0', 'ROS_MASTER_URI': 'http://localhost:11311', 'XDG_RUNTIME_DIR': '/run/user/1000', 'PYTHONPATH': '/home/vagrant/therblig-motion-library/mico/wpi_jaco/devel/lib/python2.7/dist-packages:/opt/ros/indigo/lib/python2.7/dist-packages', 'SSH_AUTH_SOCK': '/tmp/ssh-07Ecys5WIh/agent.24847', 'TMUX': '/tmp/tmux-1000/default,24949,0', 'ROS_ROOT': '/opt/ros/indigo/share/ros', 'PKG_CONFIG_PATH': '/home/vagrant/therblig-motion-library/mico/wpi_jaco/devel/lib/x86_64-linux-gnu/pkgconfig:/opt/ros/indigo/lib/x86_64-linux-gnu/pkgconfig:/home/vagrant/therblig-motion-library/mico/wpi_jaco/devel/lib/pkgconfig:/opt/ros/indigo/lib/pkgconfig', 'ROS_PACKAGE_PATH': '/home/vagrant/therblig-motion-library/mico/wpi_jaco/src:/opt/ros/indigo/share:/opt/ros/indigo/stacks', 'XDG_SESSION_ID': '24', '_': '/opt/ros/indigo/bin/roslaunch', 'CATKIN_TEST_RESULTS_DIR': '/home/vagrant/therblig-motion-library/mico/wpi_jaco/build/test_results', 'LD_LIBRARY_PATH': '/home/vagrant/therblig-motion-library/mico/wpi_jaco/devel/lib/x86_64-linux-gnu:/opt/ros/indigo/lib/x86_64-linux-gnu:/home/vagrant/therblig-motion-library/mico/wpi_jaco/devel/lib:/opt/ros/indigo/lib', 'SSH_TTY': '/dev/pts/0', 'OLDPWD': '/home/vagrant/therblig-motion-library/mico/wpi_jaco', 'ROSLISP_PACKAGE_DIRECTORIES': '/home/vagrant/therblig-motion-library/mico/wpi_jaco/devel/share/common-lisp', 'PWD': '/home/vagrant/therblig-motion-library/mico/wpi_jaco', 'ROS_ETC_DIR': '/opt/ros/indigo/etc/ros', 'MAIL': '/var/mail/vagrant', 'SSH_CONNECTION': '10.0.2.2 50675 10.0.2.15 22', 'TMUX_PANE': '%0'}]
[roslaunch][INFO] 2016-07-19 20:56:52,506: process[jaco_arm_trajectory_node-1]: args[[u'/home/vagrant/therblig-motion-library/mico/wpi_jaco/devel/lib/wpi_jaco_wrapper/jaco_arm_trajectory_node', u'mico_arm/fingers_controller:=mico_arm/fingers_controller/gripper', u'mico_arm/arm_controller:=mico_arm/arm_controller/trajectory', u'mico_arm/smooth_arm_controller:=mico_arm/smooth_arm_controller/trajectory', u'mico_arm/joint_velocity_controller:=mico_arm/joint_velocity_controller/trajectory', u'__name:=jaco_arm_trajectory_node']]
[roslaunch][INFO] 2016-07-19 20:56:52,506: ... created process [jaco_arm_trajectory_node-1]
[roslaunch.pmon][INFO] 2016-07-19 20:56:52,507: ProcessMonitor.register[jaco_arm_trajectory_node-1]
[roslaunch.pmon][INFO] 2016-07-19 20:56:52,507: ProcessMonitor.register[jaco_arm_trajectory_node-1] complete
[roslaunch][INFO] 2016-07-19 20:56:52,508: ... registered process [jaco_arm_trajectory_node-1]
[roslaunch][INFO] 2016-07-19 20:56:52,508: process[jaco_arm_trajectory_node-1]: starting os process
[roslaunch][INFO] 2016-07-19 20:56:52,509: process[jaco_arm_trajectory_node-1]: start w/ args [[u'/home/vagrant/therblig-motion-library/mico/wpi_jaco/devel/lib/wpi_jaco_wrapper/jaco_arm_trajectory_node', u'mico_arm/fingers_controller:=mico_arm/fingers_controller/gripper', u'mico_arm/arm_controller:=mico_arm/arm_controller/trajectory', u'mico_arm/smooth_arm_controller:=mico_arm/smooth_arm_controller/trajectory', u'mico_arm/joint_velocity_controller:=mico_arm/joint_velocity_controller/trajectory', u'__name:=jaco_arm_trajectory_node', u'__log:=/home/vagrant/.ros/log/537e11d8-4940-11e6-a3ed-080027a2ea64/jaco_arm_trajectory_node-1.log']]
[roslaunch][INFO] 2016-07-19 20:56:52,510: process[jaco_arm_trajectory_node-1]: cwd will be [/home/vagrant/.ros]
[roslaunch][INFO] 2016-07-19 20:56:52,527: process[jaco_arm_trajectory_node-1]: started with pid [25094]
[roslaunch][INFO] 2016-07-19 20:56:52,529: ... successfully launched [jaco_arm_trajectory_node-1]
[roslaunch][INFO] 2016-07-19 20:56:52,530: ... preparing to launch node of type [wpi_jaco_wrapper/jaco_manipulation]
[roslaunch][INFO] 2016-07-19 20:56:52,531: create_node_process: package[wpi_jaco_wrapper] type[jaco_manipulation] machine[Machine(name[] env_loader[None] address[localhost] ssh_port[22] user[None] assignable[True] timeout[10.0])] master_uri[http://localhost:11311]
[roslaunch][INFO] 2016-07-19 20:56:52,533: process[jaco_manipulation-2]: env[{'ROS_DISTRO': 'indigo', 'SSH_CLIENT': '10.0.2.2 50675 22', 'CPATH': '/home/vagrant/therblig-motion-library/mico/wpi_jaco/devel/include:/opt/ros/indigo/include', 'LOGNAME': 'vagrant', 'USER': 'vagrant', 'HOME': '/home/vagrant', 'PATH': '/home/vagrant/therblig-motion-library/mico/wpi_jaco/devel/bin:/opt/ros/indigo/bin:/usr/local/sbin:/usr/local/bin:/usr/sbin:/usr/bin:/sbin:/bin:/usr/games:/usr/local/games', 'CMAKE_PREFIX_PATH': '/home/vagrant/therblig-motion-library/mico/wpi_jaco/devel:/opt/ros/indigo', 'ROS_LOG_FILENAME': '/home/vagrant/.ros/log/537e11d8-4940-11e6-a3ed-080027a2ea64/roslaunch-ros-indigo-desktop-trusty64-25070.log', 'LANG': 'en_US.UTF-8', 'TERM': 'screen', 'SHELL': '/bin/bash', 'SHLVL': '3', 'ROS_TEST_RESULTS_DIR': '/home/vagrant/therblig-motion-library/mico/wpi_jaco/build/test_results', 'QT_QPA_PLATFORMTHEME': 'appmenu-qt5', 'DISPLAY': 'localhost:10.0', 'ROS_MASTER_URI': 'http://localhost:11311', 'XDG_RUNTIME_DIR': '/run/user/1000', 'PYTHONPATH': '/home/vagrant/therblig-motion-library/mico/wpi_jaco/devel/lib/python2.7/dist-packages:/opt/ros/indigo/lib/python2.7/dist-packages', 'SSH_AUTH_SOCK': '/tmp/ssh-07Ecys5WIh/agent.24847', 'TMUX': '/tmp/tmux-1000/default,24949,0', 'ROS_ROOT': '/opt/ros/indigo/share/ros', 'PKG_CONFIG_PATH': '/home/vagrant/therblig-motion-library/mico/wpi_jaco/devel/lib/x86_64-linux-gnu/pkgconfig:/opt/ros/indigo/lib/x86_64-linux-gnu/pkgconfig:/home/vagrant/therblig-motion-library/mico/wpi_jaco/devel/lib/pkgconfig:/opt/ros/indigo/lib/pkgconfig', 'ROS_PACKAGE_PATH': '/home/vagrant/therblig-motion-library/mico/wpi_jaco/src:/opt/ros/indigo/share:/opt/ros/indigo/stacks', 'XDG_SESSION_ID': '24', '_': '/opt/ros/indigo/bin/roslaunch', 'CATKIN_TEST_RESULTS_DIR': '/home/vagrant/therblig-motion-library/mico/wpi_jaco/build/test_results', 'LD_LIBRARY_PATH': '/home/vagrant/therblig-motion-library/mico/wpi_jaco/devel/lib/x86_64-linux-gnu:/opt/ros/indigo/lib/x86_64-linux-gnu:/home/vagrant/therblig-motion-library/mico/wpi_jaco/devel/lib:/opt/ros/indigo/lib', 'SSH_TTY': '/dev/pts/0', 'OLDPWD': '/home/vagrant/therblig-motion-library/mico/wpi_jaco', 'ROSLISP_PACKAGE_DIRECTORIES': '/home/vagrant/therblig-motion-library/mico/wpi_jaco/devel/share/common-lisp', 'PWD': '/home/vagrant/therblig-motion-library/mico/wpi_jaco', 'ROS_ETC_DIR': '/opt/ros/indigo/etc/ros', 'MAIL': '/var/mail/vagrant', 'SSH_CONNECTION': '10.0.2.2 50675 10.0.2.15 22', 'TMUX_PANE': '%0'}]
[roslaunch][INFO] 2016-07-19 20:56:53,602: process[jaco_manipulation-2]: args[[u'/home/vagrant/therblig-motion-library/mico/wpi_jaco/devel/lib/wpi_jaco_wrapper/jaco_manipulation', u'__name:=jaco_manipulation']]
[roslaunch][INFO] 2016-07-19 20:56:53,603: ... created process [jaco_manipulation-2]
[roslaunch.pmon][INFO] 2016-07-19 20:56:53,603: ProcessMonitor.register[jaco_manipulation-2]
[roslaunch.pmon][INFO] 2016-07-19 20:56:53,604: ProcessMonitor.register[jaco_manipulation-2] complete
[roslaunch][INFO] 2016-07-19 20:56:53,605: ... registered process [jaco_manipulation-2]
[roslaunch][INFO] 2016-07-19 20:56:53,605: process[jaco_manipulation-2]: starting os process
[roslaunch][INFO] 2016-07-19 20:56:53,607: process[jaco_manipulation-2]: start w/ args [[u'/home/vagrant/therblig-motion-library/mico/wpi_jaco/devel/lib/wpi_jaco_wrapper/jaco_manipulation', u'__name:=jaco_manipulation', u'__log:=/home/vagrant/.ros/log/537e11d8-4940-11e6-a3ed-080027a2ea64/jaco_manipulation-2.log']]
[roslaunch][INFO] 2016-07-19 20:56:53,608: process[jaco_manipulation-2]: cwd will be [/home/vagrant/.ros]
[roslaunch][INFO] 2016-07-19 20:56:53,633: process[jaco_manipulation-2]: started with pid [25128]
[roslaunch][INFO] 2016-07-19 20:56:53,635: ... successfully launched [jaco_manipulation-2]
[roslaunch][INFO] 2016-07-19 20:56:53,636: ... preparing to launch node of type [wpi_jaco_wrapper/jaco_conversions]
[roslaunch][INFO] 2016-07-19 20:56:53,637: create_node_process: package[wpi_jaco_wrapper] type[jaco_conversions] machine[Machine(name[] env_loader[None] address[localhost] ssh_port[22] user[None] assignable[True] timeout[10.0])] master_uri[http://localhost:11311]
[roslaunch][INFO] 2016-07-19 20:56:53,639: process[jaco_conversions-3]: env[{'ROS_DISTRO': 'indigo', 'SSH_CLIENT': '10.0.2.2 50675 22', 'CPATH': '/home/vagrant/therblig-motion-library/mico/wpi_jaco/devel/include:/opt/ros/indigo/include', 'LOGNAME': 'vagrant', 'USER': 'vagrant', 'HOME': '/home/vagrant', 'PATH': '/home/vagrant/therblig-motion-library/mico/wpi_jaco/devel/bin:/opt/ros/indigo/bin:/usr/local/sbin:/usr/local/bin:/usr/sbin:/usr/bin:/sbin:/bin:/usr/games:/usr/local/games', 'CMAKE_PREFIX_PATH': '/home/vagrant/therblig-motion-library/mico/wpi_jaco/devel:/opt/ros/indigo', 'ROS_LOG_FILENAME': '/home/vagrant/.ros/log/537e11d8-4940-11e6-a3ed-080027a2ea64/roslaunch-ros-indigo-desktop-trusty64-25070.log', 'LANG': 'en_US.UTF-8', 'TERM': 'screen', 'SHELL': '/bin/bash', 'SHLVL': '3', 'ROS_TEST_RESULTS_DIR': '/home/vagrant/therblig-motion-library/mico/wpi_jaco/build/test_results', 'QT_QPA_PLATFORMTHEME': 'appmenu-qt5', 'DISPLAY': 'localhost:10.0', 'ROS_MASTER_URI': 'http://localhost:11311', 'XDG_RUNTIME_DIR': '/run/user/1000', 'PYTHONPATH': '/home/vagrant/therblig-motion-library/mico/wpi_jaco/devel/lib/python2.7/dist-packages:/opt/ros/indigo/lib/python2.7/dist-packages', 'SSH_AUTH_SOCK': '/tmp/ssh-07Ecys5WIh/agent.24847', 'TMUX': '/tmp/tmux-1000/default,24949,0', 'ROS_ROOT': '/opt/ros/indigo/share/ros', 'PKG_CONFIG_PATH': '/home/vagrant/therblig-motion-library/mico/wpi_jaco/devel/lib/x86_64-linux-gnu/pkgconfig:/opt/ros/indigo/lib/x86_64-linux-gnu/pkgconfig:/home/vagrant/therblig-motion-library/mico/wpi_jaco/devel/lib/pkgconfig:/opt/ros/indigo/lib/pkgconfig', 'ROS_PACKAGE_PATH': '/home/vagrant/therblig-motion-library/mico/wpi_jaco/src:/opt/ros/indigo/share:/opt/ros/indigo/stacks', 'XDG_SESSION_ID': '24', '_': '/opt/ros/indigo/bin/roslaunch', 'CATKIN_TEST_RESULTS_DIR': '/home/vagrant/therblig-motion-library/mico/wpi_jaco/build/test_results', 'LD_LIBRARY_PATH': '/home/vagrant/therblig-motion-library/mico/wpi_jaco/devel/lib/x86_64-linux-gnu:/opt/ros/indigo/lib/x86_64-linux-gnu:/home/vagrant/therblig-motion-library/mico/wpi_jaco/devel/lib:/opt/ros/indigo/lib', 'SSH_TTY': '/dev/pts/0', 'OLDPWD': '/home/vagrant/therblig-motion-library/mico/wpi_jaco', 'ROSLISP_PACKAGE_DIRECTORIES': '/home/vagrant/therblig-motion-library/mico/wpi_jaco/devel/share/common-lisp', 'PWD': '/home/vagrant/therblig-motion-library/mico/wpi_jaco', 'ROS_ETC_DIR': '/opt/ros/indigo/etc/ros', 'MAIL': '/var/mail/vagrant', 'SSH_CONNECTION': '10.0.2.2 50675 10.0.2.15 22', 'TMUX_PANE': '%0'}]
[roslaunch][INFO] 2016-07-19 20:56:54,832: process[jaco_conversions-3]: args[[u'/home/vagrant/therblig-motion-library/mico/wpi_jaco/devel/lib/wpi_jaco_wrapper/jaco_conversions', u'__name:=jaco_conversions']]
[roslaunch][INFO] 2016-07-19 20:56:54,832: ... created process [jaco_conversions-3]
[roslaunch.pmon][INFO] 2016-07-19 20:56:54,833: ProcessMonitor.register[jaco_conversions-3]
[roslaunch.pmon][INFO] 2016-07-19 20:56:54,833: ProcessMonitor.register[jaco_conversions-3] complete
[roslaunch][INFO] 2016-07-19 20:56:54,834: ... registered process [jaco_conversions-3]
[roslaunch][INFO] 2016-07-19 20:56:54,834: process[jaco_conversions-3]: starting os process
[roslaunch][INFO] 2016-07-19 20:56:54,840: process[jaco_conversions-3]: start w/ args [[u'/home/vagrant/therblig-motion-library/mico/wpi_jaco/devel/lib/wpi_jaco_wrapper/jaco_conversions', u'__name:=jaco_conversions', u'__log:=/home/vagrant/.ros/log/537e11d8-4940-11e6-a3ed-080027a2ea64/jaco_conversions-3.log']]
[roslaunch][INFO] 2016-07-19 20:56:54,841: process[jaco_conversions-3]: cwd will be [/home/vagrant/.ros]
[roslaunch][INFO] 2016-07-19 20:56:54,850: process[jaco_conversions-3]: started with pid [25184]
[roslaunch][INFO] 2016-07-19 20:56:54,852: ... successfully launched [jaco_conversions-3]
[roslaunch][INFO] 2016-07-19 20:56:54,852: ... preparing to launch node of type [wpi_jaco_wrapper/jaco_kinematics]
[roslaunch][INFO] 2016-07-19 20:56:54,853: create_node_process: package[wpi_jaco_wrapper] type[jaco_kinematics] machine[Machine(name[] env_loader[None] address[localhost] ssh_port[22] user[None] assignable[True] timeout[10.0])] master_uri[http://localhost:11311]
[roslaunch][INFO] 2016-07-19 20:56:54,855: process[jaco_kinematics-4]: env[{'ROS_DISTRO': 'indigo', 'SSH_CLIENT': '10.0.2.2 50675 22', 'CPATH': '/home/vagrant/therblig-motion-library/mico/wpi_jaco/devel/include:/opt/ros/indigo/include', 'LOGNAME': 'vagrant', 'USER': 'vagrant', 'HOME': '/home/vagrant', 'PATH': '/home/vagrant/therblig-motion-library/mico/wpi_jaco/devel/bin:/opt/ros/indigo/bin:/usr/local/sbin:/usr/local/bin:/usr/sbin:/usr/bin:/sbin:/bin:/usr/games:/usr/local/games', 'CMAKE_PREFIX_PATH': '/home/vagrant/therblig-motion-library/mico/wpi_jaco/devel:/opt/ros/indigo', 'ROS_LOG_FILENAME': '/home/vagrant/.ros/log/537e11d8-4940-11e6-a3ed-080027a2ea64/roslaunch-ros-indigo-desktop-trusty64-25070.log', 'LANG': 'en_US.UTF-8', 'TERM': 'screen', 'SHELL': '/bin/bash', 'SHLVL': '3', 'ROS_TEST_RESULTS_DIR': '/home/vagrant/therblig-motion-library/mico/wpi_jaco/build/test_results', 'QT_QPA_PLATFORMTHEME': 'appmenu-qt5', 'DISPLAY': 'localhost:10.0', 'ROS_MASTER_URI': 'http://localhost:11311', 'XDG_RUNTIME_DIR': '/run/user/1000', 'PYTHONPATH': '/home/vagrant/therblig-motion-library/mico/wpi_jaco/devel/lib/python2.7/dist-packages:/opt/ros/indigo/lib/python2.7/dist-packages', 'SSH_AUTH_SOCK': '/tmp/ssh-07Ecys5WIh/agent.24847', 'TMUX': '/tmp/tmux-1000/default,24949,0', 'ROS_ROOT': '/opt/ros/indigo/share/ros', 'PKG_CONFIG_PATH': '/home/vagrant/therblig-motion-library/mico/wpi_jaco/devel/lib/x86_64-linux-gnu/pkgconfig:/opt/ros/indigo/lib/x86_64-linux-gnu/pkgconfig:/home/vagrant/therblig-motion-library/mico/wpi_jaco/devel/lib/pkgconfig:/opt/ros/indigo/lib/pkgconfig', 'ROS_PACKAGE_PATH': '/home/vagrant/therblig-motion-library/mico/wpi_jaco/src:/opt/ros/indigo/share:/opt/ros/indigo/stacks', 'XDG_SESSION_ID': '24', '_': '/opt/ros/indigo/bin/roslaunch', 'CATKIN_TEST_RESULTS_DIR': '/home/vagrant/therblig-motion-library/mico/wpi_jaco/build/test_results', 'LD_LIBRARY_PATH': '/home/vagrant/therblig-motion-library/mico/wpi_jaco/devel/lib/x86_64-linux-gnu:/opt/ros/indigo/lib/x86_64-linux-gnu:/home/vagrant/therblig-motion-library/mico/wpi_jaco/devel/lib:/opt/ros/indigo/lib', 'SSH_TTY': '/dev/pts/0', 'OLDPWD': '/home/vagrant/therblig-motion-library/mico/wpi_jaco', 'ROSLISP_PACKAGE_DIRECTORIES': '/home/vagrant/therblig-motion-library/mico/wpi_jaco/devel/share/common-lisp', 'PWD': '/home/vagrant/therblig-motion-library/mico/wpi_jaco', 'ROS_ETC_DIR': '/opt/ros/indigo/etc/ros', 'MAIL': '/var/mail/vagrant', 'SSH_CONNECTION': '10.0.2.2 50675 10.0.2.15 22', 'TMUX_PANE': '%0'}]
[roslaunch][INFO] 2016-07-19 20:56:55,781: process[jaco_kinematics-4]: args[[u'/home/vagrant/therblig-motion-library/mico/wpi_jaco/devel/lib/wpi_jaco_wrapper/jaco_kinematics', u'__name:=jaco_kinematics']]
[roslaunch][INFO] 2016-07-19 20:56:55,782: ... created process [jaco_kinematics-4]
[roslaunch.pmon][INFO] 2016-07-19 20:56:55,782: ProcessMonitor.register[jaco_kinematics-4]
[roslaunch.pmon][INFO] 2016-07-19 20:56:55,783: ProcessMonitor.register[jaco_kinematics-4] complete
[roslaunch][INFO] 2016-07-19 20:56:55,783: ... registered process [jaco_kinematics-4]
[roslaunch][INFO] 2016-07-19 20:56:55,784: process[jaco_kinematics-4]: starting os process
[roslaunch][INFO] 2016-07-19 20:56:55,787: process[jaco_kinematics-4]: start w/ args [[u'/home/vagrant/therblig-motion-library/mico/wpi_jaco/devel/lib/wpi_jaco_wrapper/jaco_kinematics', u'__name:=jaco_kinematics', u'__log:=/home/vagrant/.ros/log/537e11d8-4940-11e6-a3ed-080027a2ea64/jaco_kinematics-4.log']]
[roslaunch][INFO] 2016-07-19 20:56:55,787: process[jaco_kinematics-4]: cwd will be [/home/vagrant/.ros]
[roslaunch][INFO] 2016-07-19 20:56:55,803: process[jaco_kinematics-4]: started with pid [25205]
[roslaunch][INFO] 2016-07-19 20:56:55,804: ... successfully launched [jaco_kinematics-4]
[roslaunch][INFO] 2016-07-19 20:56:55,805: ... preparing to launch node of type [robot_state_publisher/robot_state_publisher]
[roslaunch][INFO] 2016-07-19 20:56:55,807: create_node_process: package[robot_state_publisher] type[robot_state_publisher] machine[Machine(name[] env_loader[None] address[localhost] ssh_port[22] user[None] assignable[True] timeout[10.0])] master_uri[http://localhost:11311]
[roslaunch][INFO] 2016-07-19 20:56:55,809: process[robot_state_publisher-5]: env[{'ROS_DISTRO': 'indigo', 'SSH_CLIENT': '10.0.2.2 50675 22', 'CPATH': '/home/vagrant/therblig-motion-library/mico/wpi_jaco/devel/include:/opt/ros/indigo/include', 'LOGNAME': 'vagrant', 'USER': 'vagrant', 'HOME': '/home/vagrant', 'PATH': '/home/vagrant/therblig-motion-library/mico/wpi_jaco/devel/bin:/opt/ros/indigo/bin:/usr/local/sbin:/usr/local/bin:/usr/sbin:/usr/bin:/sbin:/bin:/usr/games:/usr/local/games', 'CMAKE_PREFIX_PATH': '/home/vagrant/therblig-motion-library/mico/wpi_jaco/devel:/opt/ros/indigo', 'ROS_LOG_FILENAME': '/home/vagrant/.ros/log/537e11d8-4940-11e6-a3ed-080027a2ea64/roslaunch-ros-indigo-desktop-trusty64-25070.log', 'LANG': 'en_US.UTF-8', 'TERM': 'screen', 'SHELL': '/bin/bash', 'SHLVL': '3', 'ROS_TEST_RESULTS_DIR': '/home/vagrant/therblig-motion-library/mico/wpi_jaco/build/test_results', 'QT_QPA_PLATFORMTHEME': 'appmenu-qt5', 'DISPLAY': 'localhost:10.0', 'ROS_MASTER_URI': 'http://localhost:11311', 'XDG_RUNTIME_DIR': '/run/user/1000', 'PYTHONPATH': '/home/vagrant/therblig-motion-library/mico/wpi_jaco/devel/lib/python2.7/dist-packages:/opt/ros/indigo/lib/python2.7/dist-packages', 'SSH_AUTH_SOCK': '/tmp/ssh-07Ecys5WIh/agent.24847', 'TMUX': '/tmp/tmux-1000/default,24949,0', 'ROS_ROOT': '/opt/ros/indigo/share/ros', 'PKG_CONFIG_PATH': '/home/vagrant/therblig-motion-library/mico/wpi_jaco/devel/lib/x86_64-linux-gnu/pkgconfig:/opt/ros/indigo/lib/x86_64-linux-gnu/pkgconfig:/home/vagrant/therblig-motion-library/mico/wpi_jaco/devel/lib/pkgconfig:/opt/ros/indigo/lib/pkgconfig', 'ROS_PACKAGE_PATH': '/home/vagrant/therblig-motion-library/mico/wpi_jaco/src:/opt/ros/indigo/share:/opt/ros/indigo/stacks', 'XDG_SESSION_ID': '24', '_': '/opt/ros/indigo/bin/roslaunch', 'CATKIN_TEST_RESULTS_DIR': '/home/vagrant/therblig-motion-library/mico/wpi_jaco/build/test_results', 'LD_LIBRARY_PATH': '/home/vagrant/therblig-motion-library/mico/wpi_jaco/devel/lib/x86_64-linux-gnu:/opt/ros/indigo/lib/x86_64-linux-gnu:/home/vagrant/therblig-motion-library/mico/wpi_jaco/devel/lib:/opt/ros/indigo/lib', 'SSH_TTY': '/dev/pts/0', 'OLDPWD': '/home/vagrant/therblig-motion-library/mico/wpi_jaco', 'ROSLISP_PACKAGE_DIRECTORIES': '/home/vagrant/therblig-motion-library/mico/wpi_jaco/devel/share/common-lisp', 'PWD': '/home/vagrant/therblig-motion-library/mico/wpi_jaco', 'ROS_ETC_DIR': '/opt/ros/indigo/etc/ros', 'MAIL': '/var/mail/vagrant', 'SSH_CONNECTION': '10.0.2.2 50675 10.0.2.15 22', 'TMUX_PANE': '%0'}]
[roslaunch][INFO] 2016-07-19 20:56:56,692: process[robot_state_publisher-5]: args[[u'/opt/ros/indigo/lib/robot_state_publisher/robot_state_publisher', u'__name:=robot_state_publisher']]
[roslaunch][INFO] 2016-07-19 20:56:56,693: ... created process [robot_state_publisher-5]
[roslaunch.pmon][INFO] 2016-07-19 20:56:56,693: ProcessMonitor.register[robot_state_publisher-5]
[roslaunch.pmon][INFO] 2016-07-19 20:56:56,694: ProcessMonitor.register[robot_state_publisher-5] complete
[roslaunch][INFO] 2016-07-19 20:56:56,694: ... registered process [robot_state_publisher-5]
[roslaunch][INFO] 2016-07-19 20:56:56,695: process[robot_state_publisher-5]: starting os process
[roslaunch][INFO] 2016-07-19 20:56:56,707: process[robot_state_publisher-5]: start w/ args [[u'/opt/ros/indigo/lib/robot_state_publisher/robot_state_publisher', u'__name:=robot_state_publisher', u'__log:=/home/vagrant/.ros/log/537e11d8-4940-11e6-a3ed-080027a2ea64/robot_state_publisher-5.log']]
[roslaunch][INFO] 2016-07-19 20:56:56,708: process[robot_state_publisher-5]: cwd will be [/home/vagrant/.ros]
[roslaunch][INFO] 2016-07-19 20:56:56,714: process[robot_state_publisher-5]: started with pid [25225]
[roslaunch][INFO] 2016-07-19 20:56:56,715: ... successfully launched [robot_state_publisher-5]
[roslaunch][INFO] 2016-07-19 20:56:56,716: ... preparing to launch node of type [joint_state_publisher/joint_state_publisher]
[roslaunch][INFO] 2016-07-19 20:56:56,718: create_node_process: package[joint_state_publisher] type[joint_state_publisher] machine[Machine(name[] env_loader[None] address[localhost] ssh_port[22] user[None] assignable[True] timeout[10.0])] master_uri[http://localhost:11311]
[roslaunch][INFO] 2016-07-19 20:56:56,719: process[joint_state_publisher-6]: env[{'ROS_DISTRO': 'indigo', 'SSH_CLIENT': '10.0.2.2 50675 22', 'CPATH': '/home/vagrant/therblig-motion-library/mico/wpi_jaco/devel/include:/opt/ros/indigo/include', 'LOGNAME': 'vagrant', 'USER': 'vagrant', 'HOME': '/home/vagrant', 'PATH': '/home/vagrant/therblig-motion-library/mico/wpi_jaco/devel/bin:/opt/ros/indigo/bin:/usr/local/sbin:/usr/local/bin:/usr/sbin:/usr/bin:/sbin:/bin:/usr/games:/usr/local/games', 'CMAKE_PREFIX_PATH': '/home/vagrant/therblig-motion-library/mico/wpi_jaco/devel:/opt/ros/indigo', 'ROS_LOG_FILENAME': '/home/vagrant/.ros/log/537e11d8-4940-11e6-a3ed-080027a2ea64/roslaunch-ros-indigo-desktop-trusty64-25070.log', 'LANG': 'en_US.UTF-8', 'TERM': 'screen', 'SHELL': '/bin/bash', 'SHLVL': '3', 'ROS_TEST_RESULTS_DIR': '/home/vagrant/therblig-motion-library/mico/wpi_jaco/build/test_results', 'QT_QPA_PLATFORMTHEME': 'appmenu-qt5', 'DISPLAY': 'localhost:10.0', 'ROS_MASTER_URI': 'http://localhost:11311', 'XDG_RUNTIME_DIR': '/run/user/1000', 'PYTHONPATH': '/home/vagrant/therblig-motion-library/mico/wpi_jaco/devel/lib/python2.7/dist-packages:/opt/ros/indigo/lib/python2.7/dist-packages', 'SSH_AUTH_SOCK': '/tmp/ssh-07Ecys5WIh/agent.24847', 'TMUX': '/tmp/tmux-1000/default,24949,0', 'ROS_ROOT': '/opt/ros/indigo/share/ros', 'PKG_CONFIG_PATH': '/home/vagrant/therblig-motion-library/mico/wpi_jaco/devel/lib/x86_64-linux-gnu/pkgconfig:/opt/ros/indigo/lib/x86_64-linux-gnu/pkgconfig:/home/vagrant/therblig-motion-library/mico/wpi_jaco/devel/lib/pkgconfig:/opt/ros/indigo/lib/pkgconfig', 'ROS_PACKAGE_PATH': '/home/vagrant/therblig-motion-library/mico/wpi_jaco/src:/opt/ros/indigo/share:/opt/ros/indigo/stacks', 'XDG_SESSION_ID': '24', '_': '/opt/ros/indigo/bin/roslaunch', 'CATKIN_TEST_RESULTS_DIR': '/home/vagrant/therblig-motion-library/mico/wpi_jaco/build/test_results', 'LD_LIBRARY_PATH': '/home/vagrant/therblig-motion-library/mico/wpi_jaco/devel/lib/x86_64-linux-gnu:/opt/ros/indigo/lib/x86_64-linux-gnu:/home/vagrant/therblig-motion-library/mico/wpi_jaco/devel/lib:/opt/ros/indigo/lib', 'SSH_TTY': '/dev/pts/0', 'OLDPWD': '/home/vagrant/therblig-motion-library/mico/wpi_jaco', 'ROSLISP_PACKAGE_DIRECTORIES': '/home/vagrant/therblig-motion-library/mico/wpi_jaco/devel/share/common-lisp', 'PWD': '/home/vagrant/therblig-motion-library/mico/wpi_jaco', 'ROS_ETC_DIR': '/opt/ros/indigo/etc/ros', 'MAIL': '/var/mail/vagrant', 'SSH_CONNECTION': '10.0.2.2 50675 10.0.2.15 22', 'TMUX_PANE': '%0'}]
[roslaunch][INFO] 2016-07-19 20:56:57,616: process[joint_state_publisher-6]: args[[u'/opt/ros/indigo/lib/joint_state_publisher/joint_state_publisher', u'__name:=joint_state_publisher']]
[roslaunch][INFO] 2016-07-19 20:56:57,617: ... created process [joint_state_publisher-6]
[roslaunch.pmon][INFO] 2016-07-19 20:56:57,617: ProcessMonitor.register[joint_state_publisher-6]
[roslaunch.pmon][INFO] 2016-07-19 20:56:57,618: ProcessMonitor.register[joint_state_publisher-6] complete
[roslaunch][INFO] 2016-07-19 20:56:57,618: ... registered process [joint_state_publisher-6]
[roslaunch][INFO] 2016-07-19 20:56:57,618: process[joint_state_publisher-6]: starting os process
[roslaunch][INFO] 2016-07-19 20:56:57,622: process[joint_state_publisher-6]: start w/ args [[u'/opt/ros/indigo/lib/joint_state_publisher/joint_state_publisher', u'__name:=joint_state_publisher', u'__log:=/home/vagrant/.ros/log/537e11d8-4940-11e6-a3ed-080027a2ea64/joint_state_publisher-6.log']]
[roslaunch][INFO] 2016-07-19 20:56:57,623: process[joint_state_publisher-6]: cwd will be [/home/vagrant/.ros]
[roslaunch][INFO] 2016-07-19 20:56:57,628: process[joint_state_publisher-6]: started with pid [25257]
[roslaunch][INFO] 2016-07-19 20:56:57,629: ... successfully launched [joint_state_publisher-6]
[roslaunch][INFO] 2016-07-19 20:56:57,630: ... preparing to launch node of type [moveit_ros_move_group/move_group]
[roslaunch][INFO] 2016-07-19 20:56:57,630: create_node_process: package[moveit_ros_move_group] type[move_group] machine[Machine(name[] env_loader[None] address[localhost] ssh_port[22] user[None] assignable[True] timeout[10.0])] master_uri[http://localhost:11311]
[roslaunch][INFO] 2016-07-19 20:56:57,632: process[move_group-7]: env[{'ROS_DISTRO': 'indigo', 'SSH_CLIENT': '10.0.2.2 50675 22', 'CPATH': '/home/vagrant/therblig-motion-library/mico/wpi_jaco/devel/include:/opt/ros/indigo/include', 'LOGNAME': 'vagrant', 'USER': 'vagrant', 'HOME': '/home/vagrant', 'PATH': '/home/vagrant/therblig-motion-library/mico/wpi_jaco/devel/bin:/opt/ros/indigo/bin:/usr/local/sbin:/usr/local/bin:/usr/sbin:/usr/bin:/sbin:/bin:/usr/games:/usr/local/games', 'CMAKE_PREFIX_PATH': '/home/vagrant/therblig-motion-library/mico/wpi_jaco/devel:/opt/ros/indigo', 'ROS_LOG_FILENAME': '/home/vagrant/.ros/log/537e11d8-4940-11e6-a3ed-080027a2ea64/roslaunch-ros-indigo-desktop-trusty64-25070.log', 'LANG': 'en_US.UTF-8', 'TERM': 'screen', 'SHELL': '/bin/bash', 'SHLVL': '3', 'ROS_TEST_RESULTS_DIR': '/home/vagrant/therblig-motion-library/mico/wpi_jaco/build/test_results', 'QT_QPA_PLATFORMTHEME': 'appmenu-qt5', 'DISPLAY': u'localhost:10.0', 'ROS_MASTER_URI': 'http://localhost:11311', 'XDG_RUNTIME_DIR': '/run/user/1000', 'PYTHONPATH': '/home/vagrant/therblig-motion-library/mico/wpi_jaco/devel/lib/python2.7/dist-packages:/opt/ros/indigo/lib/python2.7/dist-packages', 'SSH_AUTH_SOCK': '/tmp/ssh-07Ecys5WIh/agent.24847', 'TMUX': '/tmp/tmux-1000/default,24949,0', 'ROS_ROOT': '/opt/ros/indigo/share/ros', 'PKG_CONFIG_PATH': '/home/vagrant/therblig-motion-library/mico/wpi_jaco/devel/lib/x86_64-linux-gnu/pkgconfig:/opt/ros/indigo/lib/x86_64-linux-gnu/pkgconfig:/home/vagrant/therblig-motion-library/mico/wpi_jaco/devel/lib/pkgconfig:/opt/ros/indigo/lib/pkgconfig', 'ROS_PACKAGE_PATH': '/home/vagrant/therblig-motion-library/mico/wpi_jaco/src:/opt/ros/indigo/share:/opt/ros/indigo/stacks', 'XDG_SESSION_ID': '24', '_': '/opt/ros/indigo/bin/roslaunch', 'CATKIN_TEST_RESULTS_DIR': '/home/vagrant/therblig-motion-library/mico/wpi_jaco/build/test_results', 'LD_LIBRARY_PATH': '/home/vagrant/therblig-motion-library/mico/wpi_jaco/devel/lib/x86_64-linux-gnu:/opt/ros/indigo/lib/x86_64-linux-gnu:/home/vagrant/therblig-motion-library/mico/wpi_jaco/devel/lib:/opt/ros/indigo/lib', 'SSH_TTY': '/dev/pts/0', 'OLDPWD': '/home/vagrant/therblig-motion-library/mico/wpi_jaco', 'ROSLISP_PACKAGE_DIRECTORIES': '/home/vagrant/therblig-motion-library/mico/wpi_jaco/devel/share/common-lisp', 'PWD': '/home/vagrant/therblig-motion-library/mico/wpi_jaco', 'ROS_ETC_DIR': '/opt/ros/indigo/etc/ros', 'MAIL': '/var/mail/vagrant', 'SSH_CONNECTION': '10.0.2.2 50675 10.0.2.15 22', 'TMUX_PANE': '%0'}]
[roslaunch][INFO] 2016-07-19 20:56:58,692: process[move_group-7]: args[[u'/opt/ros/indigo/lib/moveit_ros_move_group/move_group', '--debug', u'__name:=move_group']]
[roslaunch][INFO] 2016-07-19 20:56:58,692: ... created process [move_group-7]
[roslaunch.pmon][INFO] 2016-07-19 20:56:58,693: ProcessMonitor.register[move_group-7]
[roslaunch.pmon][INFO] 2016-07-19 20:56:58,694: ProcessMonitor.register[move_group-7] complete
[roslaunch][INFO] 2016-07-19 20:56:58,694: ... registered process [move_group-7]
[roslaunch][INFO] 2016-07-19 20:56:58,695: process[move_group-7]: starting os process
[roslaunch][INFO] 2016-07-19 20:56:58,696: process[move_group-7]: start w/ args [[u'/opt/ros/indigo/lib/moveit_ros_move_group/move_group', '--debug', u'__name:=move_group', u'__log:=/home/vagrant/.ros/log/537e11d8-4940-11e6-a3ed-080027a2ea64/move_group-7.log']]
[roslaunch][INFO] 2016-07-19 20:56:58,697: process[move_group-7]: cwd will be [/home/vagrant/.ros]
[roslaunch][INFO] 2016-07-19 20:56:58,702: process[move_group-7]: started with pid [25260]
[roslaunch][INFO] 2016-07-19 20:56:58,704: ... successfully launched [move_group-7]
[roslaunch][INFO] 2016-07-19 20:56:58,704: ... preparing to launch node of type [rviz/rviz]
[roslaunch][INFO] 2016-07-19 20:56:58,705: create_node_process: package[rviz] type[rviz] machine[Machine(name[] env_loader[None] address[localhost] ssh_port[22] user[None] assignable[True] timeout[10.0])] master_uri[http://localhost:11311]
[roslaunch][INFO] 2016-07-19 20:56:58,706: process[rviz_ros_indigo_desktop_trusty64_25070_5016831705838142415-8]: env[{'ROS_DISTRO': 'indigo', 'SSH_CLIENT': '10.0.2.2 50675 22', 'CPATH': '/home/vagrant/therblig-motion-library/mico/wpi_jaco/devel/include:/opt/ros/indigo/include', 'LOGNAME': 'vagrant', 'USER': 'vagrant', 'HOME': '/home/vagrant', 'PATH': '/home/vagrant/therblig-motion-library/mico/wpi_jaco/devel/bin:/opt/ros/indigo/bin:/usr/local/sbin:/usr/local/bin:/usr/sbin:/usr/bin:/sbin:/bin:/usr/games:/usr/local/games', 'CMAKE_PREFIX_PATH': '/home/vagrant/therblig-motion-library/mico/wpi_jaco/devel:/opt/ros/indigo', 'ROS_LOG_FILENAME': '/home/vagrant/.ros/log/537e11d8-4940-11e6-a3ed-080027a2ea64/roslaunch-ros-indigo-desktop-trusty64-25070.log', 'LANG': 'en_US.UTF-8', 'TERM': 'screen', 'SHELL': '/bin/bash', 'SHLVL': '3', 'ROS_TEST_RESULTS_DIR': '/home/vagrant/therblig-motion-library/mico/wpi_jaco/build/test_results', 'QT_QPA_PLATFORMTHEME': 'appmenu-qt5', 'DISPLAY': 'localhost:10.0', 'ROS_MASTER_URI': 'http://localhost:11311', 'XDG_RUNTIME_DIR': '/run/user/1000', 'PYTHONPATH': '/home/vagrant/therblig-motion-library/mico/wpi_jaco/devel/lib/python2.7/dist-packages:/opt/ros/indigo/lib/python2.7/dist-packages', 'SSH_AUTH_SOCK': '/tmp/ssh-07Ecys5WIh/agent.24847', 'TMUX': '/tmp/tmux-1000/default,24949,0', 'ROS_ROOT': '/opt/ros/indigo/share/ros', 'PKG_CONFIG_PATH': '/home/vagrant/therblig-motion-library/mico/wpi_jaco/devel/lib/x86_64-linux-gnu/pkgconfig:/opt/ros/indigo/lib/x86_64-linux-gnu/pkgconfig:/home/vagrant/therblig-motion-library/mico/wpi_jaco/devel/lib/pkgconfig:/opt/ros/indigo/lib/pkgconfig', 'ROS_PACKAGE_PATH': '/home/vagrant/therblig-motion-library/mico/wpi_jaco/src:/opt/ros/indigo/share:/opt/ros/indigo/stacks', 'XDG_SESSION_ID': '24', '_': '/opt/ros/indigo/bin/roslaunch', 'CATKIN_TEST_RESULTS_DIR': '/home/vagrant/therblig-motion-library/mico/wpi_jaco/build/test_results', 'LD_LIBRARY_PATH': '/home/vagrant/therblig-motion-library/mico/wpi_jaco/devel/lib/x86_64-linux-gnu:/opt/ros/indigo/lib/x86_64-linux-gnu:/home/vagrant/therblig-motion-library/mico/wpi_jaco/devel/lib:/opt/ros/indigo/lib', 'SSH_TTY': '/dev/pts/0', 'OLDPWD': '/home/vagrant/therblig-motion-library/mico/wpi_jaco', 'ROSLISP_PACKAGE_DIRECTORIES': '/home/vagrant/therblig-motion-library/mico/wpi_jaco/devel/share/common-lisp', 'PWD': '/home/vagrant/therblig-motion-library/mico/wpi_jaco', 'ROS_ETC_DIR': '/opt/ros/indigo/etc/ros', 'MAIL': '/var/mail/vagrant', 'SSH_CONNECTION': '10.0.2.2 50675 10.0.2.15 22', 'TMUX_PANE': '%0'}]
[roslaunch][INFO] 2016-07-19 20:56:59,836: process[rviz_ros_indigo_desktop_trusty64_25070_5016831705838142415-8]: args[[u'/opt/ros/indigo/lib/rviz/rviz', '-d', '/home/vagrant/therblig-motion-library/mico/wpi_jaco/src/mico_moveit_config/launch/moveit.rviz', u'__name:=rviz_ros_indigo_desktop_trusty64_25070_5016831705838142415']]
[roslaunch][INFO] 2016-07-19 20:56:59,838: ... created process [rviz_ros_indigo_desktop_trusty64_25070_5016831705838142415-8]
[roslaunch.pmon][INFO] 2016-07-19 20:56:59,838: ProcessMonitor.register[rviz_ros_indigo_desktop_trusty64_25070_5016831705838142415-8]
[roslaunch.pmon][INFO] 2016-07-19 20:56:59,839: ProcessMonitor.register[rviz_ros_indigo_desktop_trusty64_25070_5016831705838142415-8] complete
[roslaunch][INFO] 2016-07-19 20:56:59,840: ... registered process [rviz_ros_indigo_desktop_trusty64_25070_5016831705838142415-8]
[roslaunch][INFO] 2016-07-19 20:56:59,841: process[rviz_ros_indigo_desktop_trusty64_25070_5016831705838142415-8]: starting os process
[roslaunch][INFO] 2016-07-19 20:56:59,842: process[rviz_ros_indigo_desktop_trusty64_25070_5016831705838142415-8]: start w/ args [[u'/opt/ros/indigo/lib/rviz/rviz', '-d', '/home/vagrant/therblig-motion-library/mico/wpi_jaco/src/mico_moveit_config/launch/moveit.rviz', u'__name:=rviz_ros_indigo_desktop_trusty64_25070_5016831705838142415', u'__log:=/home/vagrant/.ros/log/537e11d8-4940-11e6-a3ed-080027a2ea64/rviz_ros_indigo_desktop_trusty64_25070_5016831705838142415-8.log']]
[roslaunch][INFO] 2016-07-19 20:56:59,842: process[rviz_ros_indigo_desktop_trusty64_25070_5016831705838142415-8]: cwd will be [/home/vagrant/.ros]
[roslaunch][INFO] 2016-07-19 20:56:59,847: process[rviz_ros_indigo_desktop_trusty64_25070_5016831705838142415-8]: started with pid [25293]
[roslaunch][INFO] 2016-07-19 20:56:59,848: ... successfully launched [rviz_ros_indigo_desktop_trusty64_25070_5016831705838142415-8]
[roslaunch][INFO] 2016-07-19 20:56:59,849: ... launch_nodes complete
[roslaunch.pmon][INFO] 2016-07-19 20:56:59,849: registrations completed <ProcessMonitor(ProcessMonitor-1, started daemon 140223153436416)>
[roslaunch.parent][INFO] 2016-07-19 20:56:59,850: ... roslaunch parent running, waiting for process exit
[roslaunch][INFO] 2016-07-19 20:56:59,851: spin
[roslaunch][ERROR] 2016-07-19 20:57:00,251: [rviz_ros_indigo_desktop_trusty64_25070_5016831705838142415-8] process has died [pid 25293, exit code 1, cmd /opt/ros/indigo/lib/rviz/rviz -d /home/vagrant/therblig-motion-library/mico/wpi_jaco/src/mico_moveit_config/launch/moveit.rviz __name:=rviz_ros_indigo_desktop_trusty64_25070_5016831705838142415 __log:=/home/vagrant/.ros/log/537e11d8-4940-11e6-a3ed-080027a2ea64/rviz_ros_indigo_desktop_trusty64_25070_5016831705838142415-8.log].
log file: /home/vagrant/.ros/log/537e11d8-4940-11e6-a3ed-080027a2ea64/rviz_ros_indigo_desktop_trusty64_25070_5016831705838142415-8*.log
[roslaunch.pmon][INFO] 2016-07-19 20:57:00,252: ProcessMonitor.unregister[rviz_ros_indigo_desktop_trusty64_25070_5016831705838142415-8] starting
[roslaunch.pmon][INFO] 2016-07-19 20:57:00,257: ProcessMonitor.unregister[rviz_ros_indigo_desktop_trusty64_25070_5016831705838142415-8] complete
[roslaunch][INFO] 2016-07-19 21:01:16,241: [robot_state_publisher-5] process has finished cleanly
log file: /home/vagrant/.ros/log/537e11d8-4940-11e6-a3ed-080027a2ea64/robot_state_publisher-5*.log
[roslaunch.pmon][INFO] 2016-07-19 21:01:16,241: ProcessMonitor.unregister[robot_state_publisher-5] starting
[roslaunch.pmon][INFO] 2016-07-19 21:01:16,242: ProcessMonitor.unregister[robot_state_publisher-5] complete
[roslaunch][INFO] 2016-07-19 21:01:19,052: [joint_state_publisher-6] process has finished cleanly
log file: /home/vagrant/.ros/log/537e11d8-4940-11e6-a3ed-080027a2ea64/joint_state_publisher-6*.log
[roslaunch.pmon][INFO] 2016-07-19 21:01:19,053: ProcessMonitor.unregister[joint_state_publisher-6] starting
[roslaunch.pmon][INFO] 2016-07-19 21:01:19,055: ProcessMonitor.unregister[joint_state_publisher-6] complete
[roslaunch.pmon][INFO] 2016-07-19 21:07:47,576: ProcessMonitor.shutdown <ProcessMonitor(ProcessMonitor-1, started daemon 140223153436416)>
[roslaunch.pmon][INFO] 2016-07-19 21:07:47,580: ProcessMonitor._post_run <ProcessMonitor(ProcessMonitor-1, started daemon 140223153436416)>
[roslaunch.pmon][INFO] 2016-07-19 21:07:47,581: ProcessMonitor._post_run <ProcessMonitor(ProcessMonitor-1, started daemon 140223153436416)>: remaining procs are [<roslaunch.nodeprocess.LocalProcess object at 0x7f883f6f4450>, <roslaunch.nodeprocess.LocalProcess object at 0x7f883f682350>, <roslaunch.nodeprocess.LocalProcess object at 0x7f883f658550>, <roslaunch.nodeprocess.LocalProcess object at 0x7f883f6f4fd0>, <roslaunch.nodeprocess.LocalProcess object at 0x7f883f6823d0>]
[roslaunch.pmon][INFO] 2016-07-19 21:07:47,583: ProcessMonitor exit: killing move_group-7
[roslaunch][INFO] 2016-07-19 21:07:47,588: [move_group-7] killing on exit
[roslaunch][INFO] 2016-07-19 21:07:47,590: process[move_group-7]: killing os process with pid[25260] pgid[25260]
[roslaunch][INFO] 2016-07-19 21:07:47,593: [move_group-7] sending SIGINT to pgid [25260]
[roslaunch][INFO] 2016-07-19 21:07:47,594: [move_group-7] sent SIGINT to pgid [25260]
[roslaunch.pmon][INFO] 2016-07-19 21:07:47,584: ProcessMonitor exit: killing jaco_kinematics-4
[roslaunch][INFO] 2016-07-19 21:07:47,597: [jaco_kinematics-4] killing on exit
[roslaunch][INFO] 2016-07-19 21:07:47,599: process[jaco_kinematics-4]: killing os process with pid[25205] pgid[25205]
[roslaunch][INFO] 2016-07-19 21:07:47,638: [jaco_kinematics-4] sending SIGINT to pgid [25205]
[roslaunch.pmon][INFO] 2016-07-19 21:07:47,584: ProcessMonitor exit: killing jaco_conversions-3
[roslaunch.pmon][INFO] 2016-07-19 21:07:47,585: ProcessMonitor exit: killing jaco_manipulation-2
[roslaunch][INFO] 2016-07-19 21:07:47,645: [jaco_manipulation-2] killing on exit
[roslaunch][INFO] 2016-07-19 21:07:47,640: [jaco_kinematics-4] sent SIGINT to pgid [25205]
[roslaunch][INFO] 2016-07-19 21:07:47,644: [jaco_conversions-3] killing on exit
[roslaunch][INFO] 2016-07-19 21:07:47,647: process[jaco_manipulation-2]: killing os process with pid[25128] pgid[25128]
[roslaunch][INFO] 2016-07-19 21:07:47,655: [jaco_manipulation-2] sending SIGINT to pgid [25128]
[roslaunch][INFO] 2016-07-19 21:07:47,651: process[jaco_conversions-3]: killing os process with pid[25184] pgid[25184]
[roslaunch][INFO] 2016-07-19 21:07:47,657: [jaco_conversions-3] sending SIGINT to pgid [25184]
[roslaunch][INFO] 2016-07-19 21:07:47,657: [jaco_conversions-3] sent SIGINT to pgid [25184]
[roslaunch.pmon][INFO] 2016-07-19 21:07:47,586: ProcessMonitor exit: killing jaco_arm_trajectory_node-1
[roslaunch][INFO] 2016-07-19 21:07:47,659: [jaco_arm_trajectory_node-1] killing on exit
[roslaunch][INFO] 2016-07-19 21:07:47,656: [jaco_manipulation-2] sent SIGINT to pgid [25128]
[roslaunch][INFO] 2016-07-19 21:07:47,662: process[jaco_arm_trajectory_node-1]: killing os process with pid[25094] pgid[25094]
[roslaunch][INFO] 2016-07-19 21:07:47,664: [jaco_arm_trajectory_node-1] sending SIGINT to pgid [25094]
[roslaunch][INFO] 2016-07-19 21:07:47,665: [jaco_arm_trajectory_node-1] sent SIGINT to pgid [25094]
[roslaunch][INFO] 2016-07-19 21:07:47,959: process[jaco_conversions-3]: SIGINT killed with return value 0
[roslaunch][INFO] 2016-07-19 21:07:48,050: process[jaco_kinematics-4]: SIGINT killed with return value 0
[roslaunch][INFO] 2016-07-19 21:07:49,150: process[jaco_manipulation-2]: SIGINT killed with return value -5
[roslaunch][INFO] 2016-07-19 21:07:49,387: process[move_group-7]: SIGINT killed with return value -6
[roslaunch][ERROR] 2016-07-19 21:08:02,763: [jaco_arm_trajectory_node-1] escalating to SIGTERM
[roslaunch][INFO] 2016-07-19 21:08:02,765: [jaco_arm_trajectory_node-1] sent SIGTERM to pgid [25094]
[roslaunch][INFO] 2016-07-19 21:08:02,970: process[jaco_arm_trajectory_node-1]: SIGTERM killed with return value -15
[roslaunch.pmon][INFO] 2016-07-19 21:08:02,971: ProcessMonitor exit: cleaning up data structures and signals
[roslaunch.pmon][INFO] 2016-07-19 21:08:02,972: ProcessMonitor exit: pmon has shutdown
[roslaunch][INFO] 2016-07-19 21:08:02,983: process monitor is done spinning, initiating full shutdown
[roslaunch][INFO] 2016-07-19 21:08:02,989: runner.stop()
[roslaunch][INFO] 2016-07-19 21:08:02,990: shutting down processing monitor...
[roslaunch][INFO] 2016-07-19 21:08:02,991: shutting down processing monitor <ProcessMonitor(ProcessMonitor-1, stopped daemon 140223153436416)>
[roslaunch.pmon][INFO] 2016-07-19 21:08:02,991: ProcessMonitor.shutdown <ProcessMonitor(ProcessMonitor-1, stopped daemon 140223153436416)>
[roslaunch][INFO] 2016-07-19 21:08:02,992: ... shutting down processing monitor complete
[roslaunch][INFO] 2016-07-19 21:08:02,997: done
[roslaunch.pmon][INFO] 2016-07-19 21:08:03,000: ProcessMonitor.shutdown <ProcessMonitor(ProcessMonitor-1, stopped daemon 140223153436416)>
[rospy.core][INFO] 2016-07-19 21:08:03,001: signal_shutdown [atexit]
