[roslaunch][INFO] 2016-07-13 22:01:41,352: Checking log directory for disk usage. This may take awhile.
Press Ctrl-C to interrupt
[roslaunch][INFO] 2016-07-13 22:01:41,462: Done checking log file disk usage. Usage is <1GB.
[roslaunch][INFO] 2016-07-13 22:01:41,462: roslaunch starting with args ['/opt/ros/indigo/bin/roslaunch', 'rosbridge_server', 'rosbridge_websocket.launch']
[roslaunch][INFO] 2016-07-13 22:01:41,463: roslaunch env is {'ROS_DISTRO': 'indigo', 'SSH_CLIENT': '10.0.2.2 49390 22', 'CPATH': '/opt/ros/indigo/include', 'LOGNAME': 'vagrant', 'USER': 'vagrant', 'HOME': '/home/vagrant', 'PATH': '/opt/ros/indigo/bin:/usr/local/sbin:/usr/local/bin:/usr/sbin:/usr/bin:/sbin:/bin:/usr/games:/usr/local/games', 'CMAKE_PREFIX_PATH': '/opt/ros/indigo', 'LD_LIBRARY_PATH': '/opt/ros/indigo/lib/x86_64-linux-gnu:/opt/ros/indigo/lib', 'LANG': 'en_US.UTF-8', 'TERM': 'xterm-256color', 'SHELL': '/bin/bash', 'SHLVL': '1', 'QT_QPA_PLATFORMTHEME': 'appmenu-qt5', 'ROS_LOG_FILENAME': '/home/vagrant/.ros/log/537e11d8-4940-11e6-a3ed-080027a2ea64/roslaunch-ros-indigo-desktop-trusty64-4321.log', 'ROS_ETC_DIR': '/opt/ros/indigo/etc/ros', 'XDG_RUNTIME_DIR': '/run/user/1000', 'PYTHONPATH': '/opt/ros/indigo/lib/python2.7/dist-packages', 'ROS_ROOT': '/opt/ros/indigo/share/ros', 'PKG_CONFIG_PATH': '/opt/ros/indigo/lib/x86_64-linux-gnu/pkgconfig:/opt/ros/indigo/lib/pkgconfig', 'ROS_PACKAGE_PATH': '/opt/ros/indigo/share:/opt/ros/indigo/stacks', 'XDG_SESSION_ID': '2', '_': '/opt/ros/indigo/bin/roslaunch', 'SSH_TTY': '/dev/pts/0', 'OLDPWD': '/home/vagrant/therblig-motion-library/mico', 'ROSLISP_PACKAGE_DIRECTORIES': '', 'PWD': '/home/vagrant/therblig-motion-library/mico/wpi_jaco', 'ROS_MASTER_URI': 'http://localhost:11311', 'MAIL': '/var/mail/vagrant', 'SSH_CONNECTION': '10.0.2.2 49390 10.0.2.15 22'}
[roslaunch][INFO] 2016-07-13 22:01:41,463: starting in server mode
[roslaunch.parent][INFO] 2016-07-13 22:01:41,464: starting roslaunch parent run
[roslaunch][INFO] 2016-07-13 22:01:41,465: loading roscore config file /opt/ros/indigo/etc/ros/roscore.xml
[roslaunch][INFO] 2016-07-13 22:01:41,585: Added core node of type [rosout/rosout] in namespace [/]
[roslaunch.config][INFO] 2016-07-13 22:01:41,586: loading config file /opt/ros/indigo/share/rosbridge_server/launch/rosbridge_websocket.launch
[roslaunch][INFO] 2016-07-13 22:01:41,590: Added node of type [rosbridge_server/rosbridge_websocket] in namespace [/]
[roslaunch][INFO] 2016-07-13 22:01:41,591: Added node of type [rosapi/rosapi_node] in namespace [/]
[roslaunch][INFO] 2016-07-13 22:01:41,591: ... selected machine [] for node of type [rosbridge_server/rosbridge_websocket]
[roslaunch][INFO] 2016-07-13 22:01:41,591: ... selected machine [] for node of type [rosapi/rosapi_node]
[roslaunch.pmon][INFO] 2016-07-13 22:01:41,592: start_process_monitor: creating ProcessMonitor
[roslaunch.pmon][INFO] 2016-07-13 22:01:41,593: created process monitor <ProcessMonitor(ProcessMonitor-1, initial daemon)>
[roslaunch.pmon][INFO] 2016-07-13 22:01:41,594: start_process_monitor: ProcessMonitor started
[roslaunch.parent][INFO] 2016-07-13 22:01:41,594: starting parent XML-RPC server
[roslaunch.server][INFO] 2016-07-13 22:01:41,594: starting roslaunch XML-RPC server
[roslaunch.server][INFO] 2016-07-13 22:01:41,595: waiting for roslaunch XML-RPC server to initialize
[xmlrpc][INFO] 2016-07-13 22:01:41,595: XML-RPC server binding to 0.0.0.0:0
[xmlrpc][INFO] 2016-07-13 22:01:41,597: Started XML-RPC server [http://ros-indigo-desktop-trusty64:52625/]
[xmlrpc][INFO] 2016-07-13 22:01:41,597: xml rpc node: starting XML-RPC server
[roslaunch][INFO] 2016-07-13 22:01:41,610: started roslaunch server http://ros-indigo-desktop-trusty64:52625/
[roslaunch.parent][INFO] 2016-07-13 22:01:41,610: ... parent XML-RPC server started
[roslaunch][INFO] 2016-07-13 22:01:41,613: master.is_running[http://localhost:11311]
[roslaunch][INFO] 2016-07-13 22:01:41,616: master.is_running[http://localhost:11311]
[roslaunch][INFO] 2016-07-13 22:01:41,619: ROS_MASTER_URI=http://localhost:11311
[roslaunch][INFO] 2016-07-13 22:01:41,624: setting /roslaunch/uris/host_ros_indigo_desktop_trusty64__52625' to http://ros-indigo-desktop-trusty64:52625/
[roslaunch][INFO] 2016-07-13 22:01:41,629: load_parameters starting ...
[roslaunch][INFO] 2016-07-13 22:01:41,641: ... load_parameters complete
[roslaunch][INFO] 2016-07-13 22:01:41,642: launch_nodes: launching local nodes ...
[roslaunch][INFO] 2016-07-13 22:01:41,642: ... preparing to launch node of type [rosbridge_server/rosbridge_websocket]
[roslaunch][INFO] 2016-07-13 22:01:41,643: create_node_process: package[rosbridge_server] type[rosbridge_websocket] machine[Machine(name[] env_loader[None] address[localhost] ssh_port[22] user[None] assignable[True] timeout[10.0])] master_uri[http://localhost:11311]
[roslaunch][INFO] 2016-07-13 22:01:41,643: process[rosbridge_websocket-1]: env[{'ROS_DISTRO': 'indigo', 'SSH_CLIENT': '10.0.2.2 49390 22', 'CPATH': '/opt/ros/indigo/include', 'LOGNAME': 'vagrant', 'USER': 'vagrant', 'HOME': '/home/vagrant', 'PATH': '/opt/ros/indigo/bin:/usr/local/sbin:/usr/local/bin:/usr/sbin:/usr/bin:/sbin:/bin:/usr/games:/usr/local/games', 'CMAKE_PREFIX_PATH': '/opt/ros/indigo', 'ROS_LOG_FILENAME': '/home/vagrant/.ros/log/537e11d8-4940-11e6-a3ed-080027a2ea64/roslaunch-ros-indigo-desktop-trusty64-4321.log', 'LANG': 'en_US.UTF-8', 'TERM': 'xterm-256color', 'SHELL': '/bin/bash', 'SHLVL': '1', 'QT_QPA_PLATFORMTHEME': 'appmenu-qt5', 'LD_LIBRARY_PATH': '/opt/ros/indigo/lib/x86_64-linux-gnu:/opt/ros/indigo/lib', 'ROS_MASTER_URI': 'http://localhost:11311', 'XDG_RUNTIME_DIR': '/run/user/1000', 'PYTHONPATH': '/opt/ros/indigo/lib/python2.7/dist-packages', 'ROS_ROOT': '/opt/ros/indigo/share/ros', 'PKG_CONFIG_PATH': '/opt/ros/indigo/lib/x86_64-linux-gnu/pkgconfig:/opt/ros/indigo/lib/pkgconfig', 'ROS_PACKAGE_PATH': '/opt/ros/indigo/share:/opt/ros/indigo/stacks', 'XDG_SESSION_ID': '2', '_': '/opt/ros/indigo/bin/roslaunch', 'SSH_TTY': '/dev/pts/0', 'OLDPWD': '/home/vagrant/therblig-motion-library/mico', 'ROSLISP_PACKAGE_DIRECTORIES': '', 'PWD': '/home/vagrant/therblig-motion-library/mico/wpi_jaco', 'ROS_ETC_DIR': '/opt/ros/indigo/etc/ros', 'MAIL': '/var/mail/vagrant', 'SSH_CONNECTION': '10.0.2.2 49390 10.0.2.15 22'}]
[roslaunch][INFO] 2016-07-13 22:01:41,686: process[rosbridge_websocket-1]: args[[u'/opt/ros/indigo/lib/rosbridge_server/rosbridge_websocket', u'__name:=rosbridge_websocket']]
[roslaunch][INFO] 2016-07-13 22:01:41,687: ... created process [rosbridge_websocket-1]
[roslaunch.pmon][INFO] 2016-07-13 22:01:41,687: ProcessMonitor.register[rosbridge_websocket-1]
[roslaunch.pmon][INFO] 2016-07-13 22:01:41,688: ProcessMonitor.register[rosbridge_websocket-1] complete
[roslaunch][INFO] 2016-07-13 22:01:41,688: ... registered process [rosbridge_websocket-1]
[roslaunch][INFO] 2016-07-13 22:01:41,689: process[rosbridge_websocket-1]: starting os process
[roslaunch][INFO] 2016-07-13 22:01:41,690: process[rosbridge_websocket-1]: start w/ args [[u'/opt/ros/indigo/lib/rosbridge_server/rosbridge_websocket', u'__name:=rosbridge_websocket', u'__log:=/home/vagrant/.ros/log/537e11d8-4940-11e6-a3ed-080027a2ea64/rosbridge_websocket-1.log']]
[roslaunch][INFO] 2016-07-13 22:01:41,690: process[rosbridge_websocket-1]: cwd will be [/home/vagrant/.ros]
[roslaunch][INFO] 2016-07-13 22:01:41,696: process[rosbridge_websocket-1]: started with pid [4339]
[roslaunch][INFO] 2016-07-13 22:01:41,698: ... successfully launched [rosbridge_websocket-1]
[roslaunch][INFO] 2016-07-13 22:01:41,699: ... preparing to launch node of type [rosapi/rosapi_node]
[roslaunch][INFO] 2016-07-13 22:01:41,700: create_node_process: package[rosapi] type[rosapi_node] machine[Machine(name[] env_loader[None] address[localhost] ssh_port[22] user[None] assignable[True] timeout[10.0])] master_uri[http://localhost:11311]
[roslaunch][INFO] 2016-07-13 22:01:41,701: process[rosapi-2]: env[{'ROS_DISTRO': 'indigo', 'SSH_CLIENT': '10.0.2.2 49390 22', 'CPATH': '/opt/ros/indigo/include', 'LOGNAME': 'vagrant', 'USER': 'vagrant', 'HOME': '/home/vagrant', 'PATH': '/opt/ros/indigo/bin:/usr/local/sbin:/usr/local/bin:/usr/sbin:/usr/bin:/sbin:/bin:/usr/games:/usr/local/games', 'CMAKE_PREFIX_PATH': '/opt/ros/indigo', 'ROS_LOG_FILENAME': '/home/vagrant/.ros/log/537e11d8-4940-11e6-a3ed-080027a2ea64/roslaunch-ros-indigo-desktop-trusty64-4321.log', 'LANG': 'en_US.UTF-8', 'TERM': 'xterm-256color', 'SHELL': '/bin/bash', 'SHLVL': '1', 'QT_QPA_PLATFORMTHEME': 'appmenu-qt5', 'LD_LIBRARY_PATH': '/opt/ros/indigo/lib/x86_64-linux-gnu:/opt/ros/indigo/lib', 'ROS_MASTER_URI': 'http://localhost:11311', 'XDG_RUNTIME_DIR': '/run/user/1000', 'PYTHONPATH': '/opt/ros/indigo/lib/python2.7/dist-packages', 'ROS_ROOT': '/opt/ros/indigo/share/ros', 'PKG_CONFIG_PATH': '/opt/ros/indigo/lib/x86_64-linux-gnu/pkgconfig:/opt/ros/indigo/lib/pkgconfig', 'ROS_PACKAGE_PATH': '/opt/ros/indigo/share:/opt/ros/indigo/stacks', 'XDG_SESSION_ID': '2', '_': '/opt/ros/indigo/bin/roslaunch', 'SSH_TTY': '/dev/pts/0', 'OLDPWD': '/home/vagrant/therblig-motion-library/mico', 'ROSLISP_PACKAGE_DIRECTORIES': '', 'PWD': '/home/vagrant/therblig-motion-library/mico/wpi_jaco', 'ROS_ETC_DIR': '/opt/ros/indigo/etc/ros', 'MAIL': '/var/mail/vagrant', 'SSH_CONNECTION': '10.0.2.2 49390 10.0.2.15 22'}]
[roslaunch][INFO] 2016-07-13 22:01:41,823: process[rosapi-2]: args[[u'/opt/ros/indigo/lib/rosapi/rosapi_node', u'__name:=rosapi']]
[roslaunch][INFO] 2016-07-13 22:01:41,825: ... created process [rosapi-2]
[roslaunch.pmon][INFO] 2016-07-13 22:01:41,825: ProcessMonitor.register[rosapi-2]
[roslaunch.pmon][INFO] 2016-07-13 22:01:41,828: ProcessMonitor.register[rosapi-2] complete
[roslaunch][INFO] 2016-07-13 22:01:41,829: ... registered process [rosapi-2]
[roslaunch][INFO] 2016-07-13 22:01:41,830: process[rosapi-2]: starting os process
[roslaunch][INFO] 2016-07-13 22:01:41,834: process[rosapi-2]: start w/ args [[u'/opt/ros/indigo/lib/rosapi/rosapi_node', u'__name:=rosapi', u'__log:=/home/vagrant/.ros/log/537e11d8-4940-11e6-a3ed-080027a2ea64/rosapi-2.log']]
[roslaunch][INFO] 2016-07-13 22:01:41,835: process[rosapi-2]: cwd will be [/home/vagrant/.ros]
[roslaunch][INFO] 2016-07-13 22:01:41,847: process[rosapi-2]: started with pid [4340]
[roslaunch][INFO] 2016-07-13 22:01:41,849: ... successfully launched [rosapi-2]
[roslaunch][INFO] 2016-07-13 22:01:41,851: ... launch_nodes complete
[roslaunch.pmon][INFO] 2016-07-13 22:01:41,852: registrations completed <ProcessMonitor(ProcessMonitor-1, started daemon 140692556470016)>
[roslaunch.parent][INFO] 2016-07-13 22:01:41,853: ... roslaunch parent running, waiting for process exit
[roslaunch][INFO] 2016-07-13 22:01:41,854: spin
[roslaunch.pmon][INFO] 2016-07-13 22:02:10,600: ProcessMonitor.shutdown <ProcessMonitor(ProcessMonitor-1, started daemon 140692556470016)>
[roslaunch.pmon][INFO] 2016-07-13 22:02:10,616: ProcessMonitor._post_run <ProcessMonitor(ProcessMonitor-1, started daemon 140692556470016)>
[roslaunch.pmon][INFO] 2016-07-13 22:02:10,617: ProcessMonitor._post_run <ProcessMonitor(ProcessMonitor-1, started daemon 140692556470016)>: remaining procs are [<roslaunch.nodeprocess.LocalProcess object at 0x7ff58a020fd0>, <roslaunch.nodeprocess.LocalProcess object at 0x7ff58a020f50>]
[roslaunch.pmon][INFO] 2016-07-13 22:02:10,619: ProcessMonitor exit: killing rosapi-2
[roslaunch][INFO] 2016-07-13 22:02:10,620: [rosapi-2] killing on exit
[roslaunch.pmon][INFO] 2016-07-13 22:02:10,621: ProcessMonitor exit: killing rosbridge_websocket-1
[roslaunch][INFO] 2016-07-13 22:02:10,622: process[rosapi-2]: killing os process with pid[4340] pgid[4340]
[roslaunch][INFO] 2016-07-13 22:02:10,625: [rosapi-2] sending SIGINT to pgid [4340]
[roslaunch][INFO] 2016-07-13 22:02:10,625: [rosbridge_websocket-1] killing on exit
[roslaunch][INFO] 2016-07-13 22:02:10,627: process[rosbridge_websocket-1]: killing os process with pid[4339] pgid[4339]
[roslaunch][INFO] 2016-07-13 22:02:10,627: [rosbridge_websocket-1] sending SIGINT to pgid [4339]
[roslaunch][INFO] 2016-07-13 22:02:10,628: [rosbridge_websocket-1] sent SIGINT to pgid [4339]
[roslaunch][INFO] 2016-07-13 22:02:10,626: [rosapi-2] sent SIGINT to pgid [4340]
[roslaunch][INFO] 2016-07-13 22:02:11,434: process[rosbridge_websocket-1]: SIGINT killed with return value 0
[roslaunch][INFO] 2016-07-13 22:02:11,441: process[rosapi-2]: SIGINT killed with return value 0
[roslaunch.pmon][INFO] 2016-07-13 22:02:11,442: ProcessMonitor exit: cleaning up data structures and signals
[roslaunch.pmon][INFO] 2016-07-13 22:02:11,443: ProcessMonitor exit: pmon has shutdown
[roslaunch][INFO] 2016-07-13 22:02:11,478: process monitor is done spinning, initiating full shutdown
[roslaunch][INFO] 2016-07-13 22:02:11,479: runner.stop()
[roslaunch][INFO] 2016-07-13 22:02:11,479: shutting down processing monitor...
[roslaunch][INFO] 2016-07-13 22:02:11,480: shutting down processing monitor <ProcessMonitor(ProcessMonitor-1, stopped daemon 140692556470016)>
[roslaunch.pmon][INFO] 2016-07-13 22:02:11,480: ProcessMonitor.shutdown <ProcessMonitor(ProcessMonitor-1, stopped daemon 140692556470016)>
[roslaunch][INFO] 2016-07-13 22:02:11,481: ... shutting down processing monitor complete
[roslaunch][INFO] 2016-07-13 22:02:11,482: done
[roslaunch.pmon][INFO] 2016-07-13 22:02:11,482: ProcessMonitor.shutdown <ProcessMonitor(ProcessMonitor-1, stopped daemon 140692556470016)>
[rospy.core][INFO] 2016-07-13 22:02:11,483: signal_shutdown [atexit]
