[roslaunch][INFO] 2016-07-19 19:44:37,670: Checking log directory for disk usage. This may take awhile.
Press Ctrl-C to interrupt
[roslaunch][INFO] 2016-07-19 19:44:37,769: Done checking log file disk usage. Usage is <1GB.
[roslaunch][INFO] 2016-07-19 19:44:37,770: roslaunch starting with args ['/opt/ros/indigo/bin/roslaunch', 'rosbridge_server', 'rosbridge_websocket.launch']
[roslaunch][INFO] 2016-07-19 19:44:37,771: roslaunch env is {'ROS_DISTRO': 'indigo', 'SSH_CLIENT': '10.0.2.2 65324 22', 'CPATH': '/opt/ros/indigo/include', 'LOGNAME': 'vagrant', 'USER': 'vagrant', 'PATH': '/opt/ros/indigo/bin:/usr/local/sbin:/usr/local/bin:/usr/sbin:/usr/bin:/sbin:/bin:/usr/games:/usr/local/games', 'HOME': '/home/vagrant', 'CMAKE_PREFIX_PATH': '/opt/ros/indigo', 'LD_LIBRARY_PATH': '/opt/ros/indigo/lib:/opt/ros/indigo/lib/x86_64-linux-gnu', 'LANG': 'en_US.UTF-8', 'TERM': 'xterm-256color', 'SHELL': '/bin/bash', 'ROS_LOG_FILENAME': '/home/vagrant/.ros/log/537e11d8-4940-11e6-a3ed-080027a2ea64/roslaunch-ros-indigo-desktop-trusty64-21449.log', 'SHLVL': '1', 'QT_QPA_PLATFORMTHEME': 'appmenu-qt5', 'DISPLAY': 'localhost:10.0', 'ROS_ETC_DIR': '/opt/ros/indigo/etc/ros', 'XDG_RUNTIME_DIR': '/run/user/1000', 'PYTHONPATH': '/opt/ros/indigo/lib/python2.7/dist-packages', 'ROS_ROOT': '/opt/ros/indigo/share/ros', 'PKG_CONFIG_PATH': '/opt/ros/indigo/lib/pkgconfig:/opt/ros/indigo/lib/x86_64-linux-gnu/pkgconfig', 'ROS_PACKAGE_PATH': '/opt/ros/indigo/share:/opt/ros/indigo/stacks', 'XDG_SESSION_ID': '20', '_': '/opt/ros/indigo/bin/roslaunch', 'SSH_TTY': '/dev/pts/0', 'ROSLISP_PACKAGE_DIRECTORIES': '', 'PWD': '/home/vagrant', 'ROS_MASTER_URI': 'http://localhost:11311', 'MAIL': '/var/mail/vagrant', 'SSH_CONNECTION': '10.0.2.2 65324 10.0.2.15 22'}
[roslaunch][INFO] 2016-07-19 19:44:37,771: starting in server mode
[roslaunch.parent][INFO] 2016-07-19 19:44:37,772: starting roslaunch parent run
[roslaunch][INFO] 2016-07-19 19:44:37,773: loading roscore config file /opt/ros/indigo/etc/ros/roscore.xml
[roslaunch][INFO] 2016-07-19 19:44:37,946: Added core node of type [rosout/rosout] in namespace [/]
[roslaunch.config][INFO] 2016-07-19 19:44:37,947: loading config file /opt/ros/indigo/share/rosbridge_server/launch/rosbridge_websocket.launch
[roslaunch][INFO] 2016-07-19 19:44:37,950: Added node of type [rosbridge_server/rosbridge_websocket] in namespace [/]
[roslaunch][INFO] 2016-07-19 19:44:37,952: Added node of type [rosapi/rosapi_node] in namespace [/]
[roslaunch][INFO] 2016-07-19 19:44:37,952: ... selected machine [] for node of type [rosbridge_server/rosbridge_websocket]
[roslaunch][INFO] 2016-07-19 19:44:37,953: ... selected machine [] for node of type [rosapi/rosapi_node]
[roslaunch.pmon][INFO] 2016-07-19 19:44:37,954: start_process_monitor: creating ProcessMonitor
[roslaunch.pmon][INFO] 2016-07-19 19:44:37,954: created process monitor <ProcessMonitor(ProcessMonitor-1, initial daemon)>
[roslaunch.pmon][INFO] 2016-07-19 19:44:37,955: start_process_monitor: ProcessMonitor started
[roslaunch.parent][INFO] 2016-07-19 19:44:37,956: starting parent XML-RPC server
[roslaunch.server][INFO] 2016-07-19 19:44:37,956: starting roslaunch XML-RPC server
[roslaunch.server][INFO] 2016-07-19 19:44:37,957: waiting for roslaunch XML-RPC server to initialize
[xmlrpc][INFO] 2016-07-19 19:44:37,957: XML-RPC server binding to 0.0.0.0:0
[xmlrpc][INFO] 2016-07-19 19:44:37,959: Started XML-RPC server [http://ros-indigo-desktop-trusty64:34421/]
[xmlrpc][INFO] 2016-07-19 19:44:37,960: xml rpc node: starting XML-RPC server
[roslaunch][INFO] 2016-07-19 19:44:37,972: started roslaunch server http://ros-indigo-desktop-trusty64:34421/
[roslaunch.parent][INFO] 2016-07-19 19:44:37,974: ... parent XML-RPC server started
[roslaunch][INFO] 2016-07-19 19:44:37,977: master.is_running[http://localhost:11311]
[roslaunch][INFO] 2016-07-19 19:44:37,981: master.is_running[http://localhost:11311]
[roslaunch][INFO] 2016-07-19 19:44:37,985: ROS_MASTER_URI=http://localhost:11311
[roslaunch][INFO] 2016-07-19 19:44:37,991: setting /roslaunch/uris/host_ros_indigo_desktop_trusty64__34421' to http://ros-indigo-desktop-trusty64:34421/
[roslaunch][INFO] 2016-07-19 19:44:37,997: load_parameters starting ...
[roslaunch][INFO] 2016-07-19 19:44:38,014: ... load_parameters complete
[roslaunch][INFO] 2016-07-19 19:44:38,015: launch_nodes: launching local nodes ...
[roslaunch][INFO] 2016-07-19 19:44:38,015: ... preparing to launch node of type [rosbridge_server/rosbridge_websocket]
[roslaunch][INFO] 2016-07-19 19:44:38,016: create_node_process: package[rosbridge_server] type[rosbridge_websocket] machine[Machine(name[] env_loader[None] address[localhost] ssh_port[22] user[None] assignable[True] timeout[10.0])] master_uri[http://localhost:11311]
[roslaunch][INFO] 2016-07-19 19:44:38,016: process[rosbridge_websocket-1]: env[{'ROS_DISTRO': 'indigo', 'SSH_CLIENT': '10.0.2.2 65324 22', 'CPATH': '/opt/ros/indigo/include', 'LOGNAME': 'vagrant', 'USER': 'vagrant', 'PATH': '/opt/ros/indigo/bin:/usr/local/sbin:/usr/local/bin:/usr/sbin:/usr/bin:/sbin:/bin:/usr/games:/usr/local/games', 'HOME': '/home/vagrant', 'CMAKE_PREFIX_PATH': '/opt/ros/indigo', 'ROS_LOG_FILENAME': '/home/vagrant/.ros/log/537e11d8-4940-11e6-a3ed-080027a2ea64/roslaunch-ros-indigo-desktop-trusty64-21449.log', 'LANG': 'en_US.UTF-8', 'TERM': 'xterm-256color', 'SHELL': '/bin/bash', 'SHLVL': '1', 'QT_QPA_PLATFORMTHEME': 'appmenu-qt5', 'DISPLAY': 'localhost:10.0', 'ROS_MASTER_URI': 'http://localhost:11311', 'XDG_RUNTIME_DIR': '/run/user/1000', 'PYTHONPATH': '/opt/ros/indigo/lib/python2.7/dist-packages', 'ROS_ROOT': '/opt/ros/indigo/share/ros', 'PKG_CONFIG_PATH': '/opt/ros/indigo/lib/pkgconfig:/opt/ros/indigo/lib/x86_64-linux-gnu/pkgconfig', 'ROS_PACKAGE_PATH': '/opt/ros/indigo/share:/opt/ros/indigo/stacks', 'XDG_SESSION_ID': '20', '_': '/opt/ros/indigo/bin/roslaunch', 'LD_LIBRARY_PATH': '/opt/ros/indigo/lib:/opt/ros/indigo/lib/x86_64-linux-gnu', 'SSH_TTY': '/dev/pts/0', 'ROSLISP_PACKAGE_DIRECTORIES': '', 'PWD': '/home/vagrant', 'ROS_ETC_DIR': '/opt/ros/indigo/etc/ros', 'MAIL': '/var/mail/vagrant', 'SSH_CONNECTION': '10.0.2.2 65324 10.0.2.15 22'}]
[roslaunch][INFO] 2016-07-19 19:44:38,069: process[rosbridge_websocket-1]: args[[u'/opt/ros/indigo/lib/rosbridge_server/rosbridge_websocket', u'__name:=rosbridge_websocket']]
[roslaunch][INFO] 2016-07-19 19:44:38,070: ... created process [rosbridge_websocket-1]
[roslaunch.pmon][INFO] 2016-07-19 19:44:38,070: ProcessMonitor.register[rosbridge_websocket-1]
[roslaunch.pmon][INFO] 2016-07-19 19:44:38,071: ProcessMonitor.register[rosbridge_websocket-1] complete
[roslaunch][INFO] 2016-07-19 19:44:38,071: ... registered process [rosbridge_websocket-1]
[roslaunch][INFO] 2016-07-19 19:44:38,071: process[rosbridge_websocket-1]: starting os process
[roslaunch][INFO] 2016-07-19 19:44:38,072: process[rosbridge_websocket-1]: start w/ args [[u'/opt/ros/indigo/lib/rosbridge_server/rosbridge_websocket', u'__name:=rosbridge_websocket', u'__log:=/home/vagrant/.ros/log/537e11d8-4940-11e6-a3ed-080027a2ea64/rosbridge_websocket-1.log']]
[roslaunch][INFO] 2016-07-19 19:44:38,073: process[rosbridge_websocket-1]: cwd will be [/home/vagrant/.ros]
[roslaunch][INFO] 2016-07-19 19:44:38,079: process[rosbridge_websocket-1]: started with pid [21467]
[roslaunch][INFO] 2016-07-19 19:44:38,080: ... successfully launched [rosbridge_websocket-1]
[roslaunch][INFO] 2016-07-19 19:44:38,081: ... preparing to launch node of type [rosapi/rosapi_node]
[roslaunch][INFO] 2016-07-19 19:44:38,082: create_node_process: package[rosapi] type[rosapi_node] machine[Machine(name[] env_loader[None] address[localhost] ssh_port[22] user[None] assignable[True] timeout[10.0])] master_uri[http://localhost:11311]
[roslaunch][INFO] 2016-07-19 19:44:38,082: process[rosapi-2]: env[{'ROS_DISTRO': 'indigo', 'SSH_CLIENT': '10.0.2.2 65324 22', 'CPATH': '/opt/ros/indigo/include', 'LOGNAME': 'vagrant', 'USER': 'vagrant', 'PATH': '/opt/ros/indigo/bin:/usr/local/sbin:/usr/local/bin:/usr/sbin:/usr/bin:/sbin:/bin:/usr/games:/usr/local/games', 'HOME': '/home/vagrant', 'CMAKE_PREFIX_PATH': '/opt/ros/indigo', 'ROS_LOG_FILENAME': '/home/vagrant/.ros/log/537e11d8-4940-11e6-a3ed-080027a2ea64/roslaunch-ros-indigo-desktop-trusty64-21449.log', 'LANG': 'en_US.UTF-8', 'TERM': 'xterm-256color', 'SHELL': '/bin/bash', 'SHLVL': '1', 'QT_QPA_PLATFORMTHEME': 'appmenu-qt5', 'DISPLAY': 'localhost:10.0', 'ROS_MASTER_URI': 'http://localhost:11311', 'XDG_RUNTIME_DIR': '/run/user/1000', 'PYTHONPATH': '/opt/ros/indigo/lib/python2.7/dist-packages', 'ROS_ROOT': '/opt/ros/indigo/share/ros', 'PKG_CONFIG_PATH': '/opt/ros/indigo/lib/pkgconfig:/opt/ros/indigo/lib/x86_64-linux-gnu/pkgconfig', 'ROS_PACKAGE_PATH': '/opt/ros/indigo/share:/opt/ros/indigo/stacks', 'XDG_SESSION_ID': '20', '_': '/opt/ros/indigo/bin/roslaunch', 'LD_LIBRARY_PATH': '/opt/ros/indigo/lib:/opt/ros/indigo/lib/x86_64-linux-gnu', 'SSH_TTY': '/dev/pts/0', 'ROSLISP_PACKAGE_DIRECTORIES': '', 'PWD': '/home/vagrant', 'ROS_ETC_DIR': '/opt/ros/indigo/etc/ros', 'MAIL': '/var/mail/vagrant', 'SSH_CONNECTION': '10.0.2.2 65324 10.0.2.15 22'}]
[roslaunch][INFO] 2016-07-19 19:44:38,134: process[rosapi-2]: args[[u'/opt/ros/indigo/lib/rosapi/rosapi_node', u'__name:=rosapi']]
[roslaunch][INFO] 2016-07-19 19:44:38,135: ... created process [rosapi-2]
[roslaunch.pmon][INFO] 2016-07-19 19:44:38,137: ProcessMonitor.register[rosapi-2]
[roslaunch.pmon][INFO] 2016-07-19 19:44:38,140: ProcessMonitor.register[rosapi-2] complete
[roslaunch][INFO] 2016-07-19 19:44:38,142: ... registered process [rosapi-2]
[roslaunch][INFO] 2016-07-19 19:44:38,144: process[rosapi-2]: starting os process
[roslaunch][INFO] 2016-07-19 19:44:38,160: process[rosapi-2]: start w/ args [[u'/opt/ros/indigo/lib/rosapi/rosapi_node', u'__name:=rosapi', u'__log:=/home/vagrant/.ros/log/537e11d8-4940-11e6-a3ed-080027a2ea64/rosapi-2.log']]
[roslaunch][INFO] 2016-07-19 19:44:38,162: process[rosapi-2]: cwd will be [/home/vagrant/.ros]
[roslaunch][INFO] 2016-07-19 19:44:38,168: process[rosapi-2]: started with pid [21468]
[roslaunch][INFO] 2016-07-19 19:44:38,170: ... successfully launched [rosapi-2]
[roslaunch][INFO] 2016-07-19 19:44:38,172: ... launch_nodes complete
[roslaunch.pmon][INFO] 2016-07-19 19:44:38,173: registrations completed <ProcessMonitor(ProcessMonitor-1, started daemon 140537125025536)>
[roslaunch.parent][INFO] 2016-07-19 19:44:38,174: ... roslaunch parent running, waiting for process exit
[roslaunch][INFO] 2016-07-19 19:44:38,174: spin
[roslaunch.pmon][INFO] 2016-07-19 19:45:03,712: ProcessMonitor.shutdown <ProcessMonitor(ProcessMonitor-1, started daemon 140537125025536)>
[roslaunch.pmon][INFO] 2016-07-19 19:45:03,735: ProcessMonitor._post_run <ProcessMonitor(ProcessMonitor-1, started daemon 140537125025536)>
[roslaunch.pmon][INFO] 2016-07-19 19:45:03,737: ProcessMonitor._post_run <ProcessMonitor(ProcessMonitor-1, started daemon 140537125025536)>: remaining procs are [<roslaunch.nodeprocess.LocalProcess object at 0x7fd159927fd0>, <roslaunch.nodeprocess.LocalProcess object at 0x7fd159927f50>]
[roslaunch.pmon][INFO] 2016-07-19 19:45:03,738: ProcessMonitor exit: killing rosapi-2
[roslaunch.pmon][INFO] 2016-07-19 19:45:03,738: ProcessMonitor exit: killing rosbridge_websocket-1
[roslaunch][INFO] 2016-07-19 19:45:03,740: [rosapi-2] killing on exit
[roslaunch][INFO] 2016-07-19 19:45:03,741: [rosbridge_websocket-1] killing on exit
[roslaunch][INFO] 2016-07-19 19:45:03,743: process[rosbridge_websocket-1]: killing os process with pid[21467] pgid[21467]
[roslaunch][INFO] 2016-07-19 19:45:03,744: process[rosapi-2]: killing os process with pid[21468] pgid[21468]
[roslaunch][INFO] 2016-07-19 19:45:03,747: [rosbridge_websocket-1] sending SIGINT to pgid [21467]
[roslaunch][INFO] 2016-07-19 19:45:03,748: [rosapi-2] sending SIGINT to pgid [21468]
[roslaunch][INFO] 2016-07-19 19:45:03,749: [rosbridge_websocket-1] sent SIGINT to pgid [21467]
[roslaunch][INFO] 2016-07-19 19:45:03,754: [rosapi-2] sent SIGINT to pgid [21468]
[roslaunch][INFO] 2016-07-19 19:45:03,966: process[rosapi-2]: SIGINT killed with return value 0
[roslaunch][INFO] 2016-07-19 19:45:04,565: process[rosbridge_websocket-1]: SIGINT killed with return value 0
[roslaunch.pmon][INFO] 2016-07-19 19:45:04,566: ProcessMonitor exit: cleaning up data structures and signals
[roslaunch.pmon][INFO] 2016-07-19 19:45:04,568: ProcessMonitor exit: pmon has shutdown
[roslaunch][INFO] 2016-07-19 19:45:04,602: process monitor is done spinning, initiating full shutdown
[roslaunch][INFO] 2016-07-19 19:45:04,603: runner.stop()
[roslaunch][INFO] 2016-07-19 19:45:04,604: shutting down processing monitor...
[roslaunch][INFO] 2016-07-19 19:45:04,605: shutting down processing monitor <ProcessMonitor(ProcessMonitor-1, stopped daemon 140537125025536)>
[roslaunch.pmon][INFO] 2016-07-19 19:45:04,606: ProcessMonitor.shutdown <ProcessMonitor(ProcessMonitor-1, stopped daemon 140537125025536)>
[roslaunch][INFO] 2016-07-19 19:45:04,607: ... shutting down processing monitor complete
[roslaunch][INFO] 2016-07-19 19:45:04,608: done
[roslaunch.pmon][INFO] 2016-07-19 19:45:04,608: ProcessMonitor.shutdown <ProcessMonitor(ProcessMonitor-1, stopped daemon 140537125025536)>
[rospy.core][INFO] 2016-07-19 19:45:04,609: signal_shutdown [atexit]
