[roslaunch][INFO] 2016-07-19 21:04:51,017: Checking log directory for disk usage. This may take awhile.
Press Ctrl-C to interrupt
[roslaunch][INFO] 2016-07-19 21:04:51,147: Done checking log file disk usage. Usage is <1GB.
[roslaunch][INFO] 2016-07-19 21:04:51,148: roslaunch starting with args ['/opt/ros/indigo/bin/roslaunch', 'mico_description', 'mico_description.launch']
[roslaunch][INFO] 2016-07-19 21:04:51,148: roslaunch env is {'ROS_DISTRO': 'indigo', 'SSH_CLIENT': '10.0.2.2 50675 22', 'CPATH': '/home/vagrant/therblig-motion-library/mico/wpi_jaco/devel/include:/opt/ros/indigo/include', 'LOGNAME': 'vagrant', 'USER': 'vagrant', 'HOME': '/home/vagrant', 'PATH': '/home/vagrant/therblig-motion-library/mico/wpi_jaco/devel/bin:/opt/ros/indigo/bin:/usr/local/sbin:/usr/local/bin:/usr/sbin:/usr/bin:/sbin:/bin:/usr/games:/usr/local/games', 'CMAKE_PREFIX_PATH': '/home/vagrant/therblig-motion-library/mico/wpi_jaco/devel:/opt/ros/indigo', 'LD_LIBRARY_PATH': '/home/vagrant/therblig-motion-library/mico/wpi_jaco/devel/lib:/home/vagrant/therblig-motion-library/mico/wpi_jaco/devel/lib/x86_64-linux-gnu:/opt/ros/indigo/lib/x86_64-linux-gnu:/opt/ros/indigo/lib', 'LANG': 'en_US.UTF-8', 'TERM': 'screen', 'SHELL': '/bin/bash', 'ROS_LOG_FILENAME': '/home/vagrant/.ros/log/537e11d8-4940-11e6-a3ed-080027a2ea64/roslaunch-ros-indigo-desktop-trusty64-26337.log', 'SHLVL': '3', 'XDG_SESSION_ID': '24', 'QT_QPA_PLATFORMTHEME': 'appmenu-qt5', 'DISPLAY': 'localhost:10.0', 'ROS_ETC_DIR': '/opt/ros/indigo/etc/ros', 'XDG_RUNTIME_DIR': '/run/user/1000', 'PYTHONPATH': '/home/vagrant/therblig-motion-library/mico/wpi_jaco/devel/lib/python2.7/dist-packages:/opt/ros/indigo/lib/python2.7/dist-packages', 'SSH_AUTH_SOCK': '/tmp/ssh-07Ecys5WIh/agent.24847', 'TMUX': '/tmp/tmux-1000/default,24949,0', 'ROS_ROOT': '/opt/ros/indigo/share/ros', 'PKG_CONFIG_PATH': '/home/vagrant/therblig-motion-library/mico/wpi_jaco/devel/lib/pkgconfig:/home/vagrant/therblig-motion-library/mico/wpi_jaco/devel/lib/x86_64-linux-gnu/pkgconfig:/opt/ros/indigo/lib/x86_64-linux-gnu/pkgconfig:/opt/ros/indigo/lib/pkgconfig', 'ROS_PACKAGE_PATH': '/home/vagrant/therblig-motion-library/mico/wpi_jaco/src:/opt/ros/indigo/share:/opt/ros/indigo/stacks', 'ROS_TEST_RESULTS_DIR': '/home/vagrant/therblig-motion-library/mico/wpi_jaco/build/test_results', '_': '/opt/ros/indigo/bin/roslaunch', 'CATKIN_TEST_RESULTS_DIR': '/home/vagrant/therblig-motion-library/mico/wpi_jaco/build/test_results', 'SSH_TTY': '/dev/pts/0', 'ROSLISP_PACKAGE_DIRECTORIES': '/home/vagrant/therblig-motion-library/mico/wpi_jaco/devel/share/common-lisp', 'PWD': '/home/vagrant/therblig-motion-library/mico/wpi_jaco', 'ROS_MASTER_URI': 'http://localhost:11311', 'MAIL': '/var/mail/vagrant', 'SSH_CONNECTION': '10.0.2.2 50675 10.0.2.15 22', 'TMUX_PANE': '%3'}
[roslaunch][INFO] 2016-07-19 21:04:51,149: starting in server mode
[roslaunch.parent][INFO] 2016-07-19 21:04:51,150: starting roslaunch parent run
[roslaunch][INFO] 2016-07-19 21:04:51,151: loading roscore config file /opt/ros/indigo/etc/ros/roscore.xml
[roslaunch][INFO] 2016-07-19 21:04:52,833: Added core node of type [rosout/rosout] in namespace [/]
[roslaunch.config][INFO] 2016-07-19 21:04:52,834: loading config file /home/vagrant/therblig-motion-library/mico/wpi_jaco/src/mico_description/launch/mico_description.launch
[roslaunch][INFO] 2016-07-19 21:04:55,672: Added node of type [robot_state_publisher/robot_state_publisher] in namespace [/]
[roslaunch][INFO] 2016-07-19 21:04:55,694: Added node of type [joint_state_publisher/joint_state_publisher] in namespace [/]
[roslaunch][INFO] 2016-07-19 21:04:55,695: ... selected machine [] for node of type [robot_state_publisher/robot_state_publisher]
[roslaunch][INFO] 2016-07-19 21:04:55,696: ... selected machine [] for node of type [joint_state_publisher/joint_state_publisher]
[roslaunch.pmon][INFO] 2016-07-19 21:04:55,710: start_process_monitor: creating ProcessMonitor
[roslaunch.pmon][INFO] 2016-07-19 21:04:55,711: created process monitor <ProcessMonitor(ProcessMonitor-1, initial daemon)>
[roslaunch.pmon][INFO] 2016-07-19 21:04:55,712: start_process_monitor: ProcessMonitor started
[roslaunch.parent][INFO] 2016-07-19 21:04:55,712: starting parent XML-RPC server
[roslaunch.server][INFO] 2016-07-19 21:04:55,713: starting roslaunch XML-RPC server
[roslaunch.server][INFO] 2016-07-19 21:04:55,714: waiting for roslaunch XML-RPC server to initialize
[xmlrpc][INFO] 2016-07-19 21:04:55,714: XML-RPC server binding to 0.0.0.0:0
[xmlrpc][INFO] 2016-07-19 21:04:55,716: Started XML-RPC server [http://ros-indigo-desktop-trusty64:51210/]
[xmlrpc][INFO] 2016-07-19 21:04:55,717: xml rpc node: starting XML-RPC server
[roslaunch][INFO] 2016-07-19 21:04:55,730: started roslaunch server http://ros-indigo-desktop-trusty64:51210/
[roslaunch.parent][INFO] 2016-07-19 21:04:55,731: ... parent XML-RPC server started
[roslaunch][INFO] 2016-07-19 21:04:55,733: master.is_running[http://localhost:11311]
[roslaunch][INFO] 2016-07-19 21:04:55,736: master.is_running[http://localhost:11311]
[roslaunch][INFO] 2016-07-19 21:04:55,738: ROS_MASTER_URI=http://localhost:11311
[roslaunch][INFO] 2016-07-19 21:04:55,742: setting /roslaunch/uris/host_ros_indigo_desktop_trusty64__51210' to http://ros-indigo-desktop-trusty64:51210/
[roslaunch][INFO] 2016-07-19 21:04:55,748: load_parameters starting ...
[roslaunch][INFO] 2016-07-19 21:04:55,760: ... load_parameters complete
[roslaunch][INFO] 2016-07-19 21:04:55,761: launch_nodes: launching local nodes ...
[roslaunch][INFO] 2016-07-19 21:04:55,762: ... preparing to launch node of type [robot_state_publisher/robot_state_publisher]
[roslaunch][INFO] 2016-07-19 21:04:55,762: create_node_process: package[robot_state_publisher] type[robot_state_publisher] machine[Machine(name[] env_loader[None] address[localhost] ssh_port[22] user[None] assignable[True] timeout[10.0])] master_uri[http://localhost:11311]
[roslaunch][INFO] 2016-07-19 21:04:55,763: process[robot_state_publisher-1]: env[{'ROS_DISTRO': 'indigo', 'SSH_CLIENT': '10.0.2.2 50675 22', 'CPATH': '/home/vagrant/therblig-motion-library/mico/wpi_jaco/devel/include:/opt/ros/indigo/include', 'LOGNAME': 'vagrant', 'USER': 'vagrant', 'HOME': '/home/vagrant', 'PATH': '/home/vagrant/therblig-motion-library/mico/wpi_jaco/devel/bin:/opt/ros/indigo/bin:/usr/local/sbin:/usr/local/bin:/usr/sbin:/usr/bin:/sbin:/bin:/usr/games:/usr/local/games', 'CMAKE_PREFIX_PATH': '/home/vagrant/therblig-motion-library/mico/wpi_jaco/devel:/opt/ros/indigo', 'ROS_LOG_FILENAME': '/home/vagrant/.ros/log/537e11d8-4940-11e6-a3ed-080027a2ea64/roslaunch-ros-indigo-desktop-trusty64-26337.log', 'LANG': 'en_US.UTF-8', 'TERM': 'screen', 'SHELL': '/bin/bash', 'SHLVL': '3', 'ROS_TEST_RESULTS_DIR': '/home/vagrant/therblig-motion-library/mico/wpi_jaco/build/test_results', 'QT_QPA_PLATFORMTHEME': 'appmenu-qt5', 'DISPLAY': 'localhost:10.0', 'ROS_MASTER_URI': 'http://localhost:11311', 'XDG_RUNTIME_DIR': '/run/user/1000', 'PYTHONPATH': '/home/vagrant/therblig-motion-library/mico/wpi_jaco/devel/lib/python2.7/dist-packages:/opt/ros/indigo/lib/python2.7/dist-packages', 'SSH_AUTH_SOCK': '/tmp/ssh-07Ecys5WIh/agent.24847', 'TMUX': '/tmp/tmux-1000/default,24949,0', 'ROS_ROOT': '/opt/ros/indigo/share/ros', 'PKG_CONFIG_PATH': '/home/vagrant/therblig-motion-library/mico/wpi_jaco/devel/lib/pkgconfig:/home/vagrant/therblig-motion-library/mico/wpi_jaco/devel/lib/x86_64-linux-gnu/pkgconfig:/opt/ros/indigo/lib/x86_64-linux-gnu/pkgconfig:/opt/ros/indigo/lib/pkgconfig', 'ROS_PACKAGE_PATH': '/home/vagrant/therblig-motion-library/mico/wpi_jaco/src:/opt/ros/indigo/share:/opt/ros/indigo/stacks', 'XDG_SESSION_ID': '24', '_': '/opt/ros/indigo/bin/roslaunch', 'CATKIN_TEST_RESULTS_DIR': '/home/vagrant/therblig-motion-library/mico/wpi_jaco/build/test_results', 'LD_LIBRARY_PATH': '/home/vagrant/therblig-motion-library/mico/wpi_jaco/devel/lib:/home/vagrant/therblig-motion-library/mico/wpi_jaco/devel/lib/x86_64-linux-gnu:/opt/ros/indigo/lib/x86_64-linux-gnu:/opt/ros/indigo/lib', 'SSH_TTY': '/dev/pts/0', 'ROSLISP_PACKAGE_DIRECTORIES': '/home/vagrant/therblig-motion-library/mico/wpi_jaco/devel/share/common-lisp', 'PWD': '/home/vagrant/therblig-motion-library/mico/wpi_jaco', 'ROS_ETC_DIR': '/opt/ros/indigo/etc/ros', 'MAIL': '/var/mail/vagrant', 'SSH_CONNECTION': '10.0.2.2 50675 10.0.2.15 22', 'TMUX_PANE': '%3'}]
[roslaunch][INFO] 2016-07-19 21:04:56,684: process[robot_state_publisher-1]: args[[u'/opt/ros/indigo/lib/robot_state_publisher/robot_state_publisher', u'__name:=robot_state_publisher']]
[roslaunch][INFO] 2016-07-19 21:04:56,687: ... created process [robot_state_publisher-1]
[roslaunch.pmon][INFO] 2016-07-19 21:04:56,687: ProcessMonitor.register[robot_state_publisher-1]
[roslaunch.pmon][INFO] 2016-07-19 21:04:56,688: ProcessMonitor.register[robot_state_publisher-1] complete
[roslaunch][INFO] 2016-07-19 21:04:56,689: ... registered process [robot_state_publisher-1]
[roslaunch][INFO] 2016-07-19 21:04:56,690: process[robot_state_publisher-1]: starting os process
[roslaunch][INFO] 2016-07-19 21:04:56,695: process[robot_state_publisher-1]: start w/ args [[u'/opt/ros/indigo/lib/robot_state_publisher/robot_state_publisher', u'__name:=robot_state_publisher', u'__log:=/home/vagrant/.ros/log/537e11d8-4940-11e6-a3ed-080027a2ea64/robot_state_publisher-1.log']]
[roslaunch][INFO] 2016-07-19 21:04:56,696: process[robot_state_publisher-1]: cwd will be [/home/vagrant/.ros]
[roslaunch][INFO] 2016-07-19 21:04:56,700: process[robot_state_publisher-1]: started with pid [26358]
[roslaunch][INFO] 2016-07-19 21:04:56,702: ... successfully launched [robot_state_publisher-1]
[roslaunch][INFO] 2016-07-19 21:04:56,703: ... preparing to launch node of type [joint_state_publisher/joint_state_publisher]
[roslaunch][INFO] 2016-07-19 21:04:56,704: create_node_process: package[joint_state_publisher] type[joint_state_publisher] machine[Machine(name[] env_loader[None] address[localhost] ssh_port[22] user[None] assignable[True] timeout[10.0])] master_uri[http://localhost:11311]
[roslaunch][INFO] 2016-07-19 21:04:56,706: process[joint_state_publisher-2]: env[{'ROS_DISTRO': 'indigo', 'SSH_CLIENT': '10.0.2.2 50675 22', 'CPATH': '/home/vagrant/therblig-motion-library/mico/wpi_jaco/devel/include:/opt/ros/indigo/include', 'LOGNAME': 'vagrant', 'USER': 'vagrant', 'HOME': '/home/vagrant', 'PATH': '/home/vagrant/therblig-motion-library/mico/wpi_jaco/devel/bin:/opt/ros/indigo/bin:/usr/local/sbin:/usr/local/bin:/usr/sbin:/usr/bin:/sbin:/bin:/usr/games:/usr/local/games', 'CMAKE_PREFIX_PATH': '/home/vagrant/therblig-motion-library/mico/wpi_jaco/devel:/opt/ros/indigo', 'ROS_LOG_FILENAME': '/home/vagrant/.ros/log/537e11d8-4940-11e6-a3ed-080027a2ea64/roslaunch-ros-indigo-desktop-trusty64-26337.log', 'LANG': 'en_US.UTF-8', 'TERM': 'screen', 'SHELL': '/bin/bash', 'SHLVL': '3', 'ROS_TEST_RESULTS_DIR': '/home/vagrant/therblig-motion-library/mico/wpi_jaco/build/test_results', 'QT_QPA_PLATFORMTHEME': 'appmenu-qt5', 'DISPLAY': 'localhost:10.0', 'ROS_MASTER_URI': 'http://localhost:11311', 'XDG_RUNTIME_DIR': '/run/user/1000', 'PYTHONPATH': '/home/vagrant/therblig-motion-library/mico/wpi_jaco/devel/lib/python2.7/dist-packages:/opt/ros/indigo/lib/python2.7/dist-packages', 'SSH_AUTH_SOCK': '/tmp/ssh-07Ecys5WIh/agent.24847', 'TMUX': '/tmp/tmux-1000/default,24949,0', 'ROS_ROOT': '/opt/ros/indigo/share/ros', 'PKG_CONFIG_PATH': '/home/vagrant/therblig-motion-library/mico/wpi_jaco/devel/lib/pkgconfig:/home/vagrant/therblig-motion-library/mico/wpi_jaco/devel/lib/x86_64-linux-gnu/pkgconfig:/opt/ros/indigo/lib/x86_64-linux-gnu/pkgconfig:/opt/ros/indigo/lib/pkgconfig', 'ROS_PACKAGE_PATH': '/home/vagrant/therblig-motion-library/mico/wpi_jaco/src:/opt/ros/indigo/share:/opt/ros/indigo/stacks', 'XDG_SESSION_ID': '24', '_': '/opt/ros/indigo/bin/roslaunch', 'CATKIN_TEST_RESULTS_DIR': '/home/vagrant/therblig-motion-library/mico/wpi_jaco/build/test_results', 'LD_LIBRARY_PATH': '/home/vagrant/therblig-motion-library/mico/wpi_jaco/devel/lib:/home/vagrant/therblig-motion-library/mico/wpi_jaco/devel/lib/x86_64-linux-gnu:/opt/ros/indigo/lib/x86_64-linux-gnu:/opt/ros/indigo/lib', 'SSH_TTY': '/dev/pts/0', 'ROSLISP_PACKAGE_DIRECTORIES': '/home/vagrant/therblig-motion-library/mico/wpi_jaco/devel/share/common-lisp', 'PWD': '/home/vagrant/therblig-motion-library/mico/wpi_jaco', 'ROS_ETC_DIR': '/opt/ros/indigo/etc/ros', 'MAIL': '/var/mail/vagrant', 'SSH_CONNECTION': '10.0.2.2 50675 10.0.2.15 22', 'TMUX_PANE': '%3'}]
[roslaunch][INFO] 2016-07-19 21:04:57,770: process[joint_state_publisher-2]: args[[u'/opt/ros/indigo/lib/joint_state_publisher/joint_state_publisher', u'__name:=joint_state_publisher']]
[roslaunch][INFO] 2016-07-19 21:04:57,770: ... created process [joint_state_publisher-2]
[roslaunch.pmon][INFO] 2016-07-19 21:04:57,771: ProcessMonitor.register[joint_state_publisher-2]
[roslaunch.pmon][INFO] 2016-07-19 21:04:57,772: ProcessMonitor.register[joint_state_publisher-2] complete
[roslaunch][INFO] 2016-07-19 21:04:57,772: ... registered process [joint_state_publisher-2]
[roslaunch][INFO] 2016-07-19 21:04:57,773: process[joint_state_publisher-2]: starting os process
[roslaunch][INFO] 2016-07-19 21:04:57,776: process[joint_state_publisher-2]: start w/ args [[u'/opt/ros/indigo/lib/joint_state_publisher/joint_state_publisher', u'__name:=joint_state_publisher', u'__log:=/home/vagrant/.ros/log/537e11d8-4940-11e6-a3ed-080027a2ea64/joint_state_publisher-2.log']]
[roslaunch][INFO] 2016-07-19 21:04:57,777: process[joint_state_publisher-2]: cwd will be [/home/vagrant/.ros]
[roslaunch][INFO] 2016-07-19 21:04:57,781: process[joint_state_publisher-2]: started with pid [26391]
[roslaunch][INFO] 2016-07-19 21:04:57,782: ... successfully launched [joint_state_publisher-2]
[roslaunch][INFO] 2016-07-19 21:04:57,783: ... launch_nodes complete
[roslaunch.pmon][INFO] 2016-07-19 21:04:57,784: registrations completed <ProcessMonitor(ProcessMonitor-1, started daemon 139786811655936)>
[roslaunch.parent][INFO] 2016-07-19 21:04:57,785: ... roslaunch parent running, waiting for process exit
[roslaunch][INFO] 2016-07-19 21:04:57,785: spin
[roslaunch.pmon][INFO] 2016-07-19 21:05:22,157: ProcessMonitor.shutdown <ProcessMonitor(ProcessMonitor-1, started daemon 139786811655936)>
[roslaunch.pmon][INFO] 2016-07-19 21:05:22,180: ProcessMonitor._post_run <ProcessMonitor(ProcessMonitor-1, started daemon 139786811655936)>
[roslaunch.pmon][INFO] 2016-07-19 21:05:22,182: ProcessMonitor._post_run <ProcessMonitor(ProcessMonitor-1, started daemon 139786811655936)>: remaining procs are [<roslaunch.nodeprocess.LocalProcess object at 0x7f22a76c46d0>, <roslaunch.nodeprocess.LocalProcess object at 0x7f22a74283d0>]
[roslaunch.pmon][INFO] 2016-07-19 21:05:22,184: ProcessMonitor exit: killing joint_state_publisher-2
[roslaunch][INFO] 2016-07-19 21:05:22,185: [joint_state_publisher-2] killing on exit
[roslaunch.pmon][INFO] 2016-07-19 21:05:22,186: ProcessMonitor exit: killing robot_state_publisher-1
[roslaunch][INFO] 2016-07-19 21:05:22,189: [robot_state_publisher-1] killing on exit
[roslaunch][INFO] 2016-07-19 21:05:22,188: process[joint_state_publisher-2]: killing os process with pid[26391] pgid[26391]
[roslaunch][INFO] 2016-07-19 21:05:22,192: [joint_state_publisher-2] sending SIGINT to pgid [26391]
[roslaunch][INFO] 2016-07-19 21:05:22,194: [joint_state_publisher-2] sent SIGINT to pgid [26391]
[roslaunch][INFO] 2016-07-19 21:05:22,192: process[robot_state_publisher-1]: killing os process with pid[26358] pgid[26358]
[roslaunch][INFO] 2016-07-19 21:05:22,201: [robot_state_publisher-1] sending SIGINT to pgid [26358]
[roslaunch][INFO] 2016-07-19 21:05:22,202: [robot_state_publisher-1] sent SIGINT to pgid [26358]
[roslaunch][INFO] 2016-07-19 21:05:22,500: process[joint_state_publisher-2]: SIGINT killed with return value 0
[roslaunch][INFO] 2016-07-19 21:05:22,509: process[robot_state_publisher-1]: SIGINT killed with return value 0
[roslaunch.pmon][INFO] 2016-07-19 21:05:22,510: ProcessMonitor exit: cleaning up data structures and signals
[roslaunch.pmon][INFO] 2016-07-19 21:05:22,511: ProcessMonitor exit: pmon has shutdown
[roslaunch][INFO] 2016-07-19 21:05:22,527: process monitor is done spinning, initiating full shutdown
[roslaunch][INFO] 2016-07-19 21:05:22,528: runner.stop()
[roslaunch][INFO] 2016-07-19 21:05:22,529: shutting down processing monitor...
[roslaunch][INFO] 2016-07-19 21:05:22,530: shutting down processing monitor <ProcessMonitor(ProcessMonitor-1, stopped daemon 139786811655936)>
[roslaunch.pmon][INFO] 2016-07-19 21:05:22,531: ProcessMonitor.shutdown <ProcessMonitor(ProcessMonitor-1, stopped daemon 139786811655936)>
[roslaunch][INFO] 2016-07-19 21:05:22,531: ... shutting down processing monitor complete
[roslaunch][INFO] 2016-07-19 21:05:22,532: done
[roslaunch.pmon][INFO] 2016-07-19 21:05:22,533: ProcessMonitor.shutdown <ProcessMonitor(ProcessMonitor-1, stopped daemon 139786811655936)>
[rospy.core][INFO] 2016-07-19 21:05:22,534: signal_shutdown [atexit]
