[roslaunch][INFO] 2016-07-18 17:36:40,873: Checking log directory for disk usage. This may take awhile.
Press Ctrl-C to interrupt
[roslaunch][INFO] 2016-07-18 17:36:40,939: Done checking log file disk usage. Usage is <1GB.
[roslaunch][INFO] 2016-07-18 17:36:40,939: roslaunch starting with args ['/opt/ros/indigo/bin/roslaunch', 'rosbridge_server', 'rosbridge_websocket.launch']
[roslaunch][INFO] 2016-07-18 17:36:40,940: roslaunch env is {'ROS_DISTRO': 'indigo', 'SSH_CLIENT': '10.0.2.2 51830 22', 'CPATH': '/opt/ros/indigo/include', 'LOGNAME': 'vagrant', 'USER': 'vagrant', 'PATH': '/opt/ros/indigo/bin:/usr/local/sbin:/usr/local/bin:/usr/sbin:/usr/bin:/sbin:/bin:/usr/games:/usr/local/games', 'HOME': '/home/vagrant', 'CMAKE_PREFIX_PATH': '/opt/ros/indigo', 'LD_LIBRARY_PATH': '/opt/ros/indigo/lib:/opt/ros/indigo/lib/x86_64-linux-gnu', 'LANG': 'en_US.UTF-8', 'TERM': 'xterm-256color', 'SHELL': '/bin/bash', 'SHLVL': '1', 'QT_QPA_PLATFORMTHEME': 'appmenu-qt5', 'ROS_LOG_FILENAME': '/home/vagrant/.ros/log/537e11d8-4940-11e6-a3ed-080027a2ea64/roslaunch-ros-indigo-desktop-trusty64-6915.log', 'ROS_ETC_DIR': '/opt/ros/indigo/etc/ros', 'XDG_RUNTIME_DIR': '/run/user/1000', 'PYTHONPATH': '/opt/ros/indigo/lib/python2.7/dist-packages', 'ROS_ROOT': '/opt/ros/indigo/share/ros', 'PKG_CONFIG_PATH': '/opt/ros/indigo/lib/pkgconfig:/opt/ros/indigo/lib/x86_64-linux-gnu/pkgconfig', 'ROS_PACKAGE_PATH': '/opt/ros/indigo/share:/opt/ros/indigo/stacks', 'XDG_SESSION_ID': '5', '_': '/opt/ros/indigo/bin/roslaunch', 'SSH_TTY': '/dev/pts/0', 'ROSLISP_PACKAGE_DIRECTORIES': '', 'PWD': '/home/vagrant', 'ROS_MASTER_URI': 'http://localhost:11311', 'MAIL': '/var/mail/vagrant', 'SSH_CONNECTION': '10.0.2.2 51830 10.0.2.15 22'}
[roslaunch][INFO] 2016-07-18 17:36:40,940: starting in server mode
[roslaunch.parent][INFO] 2016-07-18 17:36:40,941: starting roslaunch parent run
[roslaunch][INFO] 2016-07-18 17:36:40,941: loading roscore config file /opt/ros/indigo/etc/ros/roscore.xml
[roslaunch][INFO] 2016-07-18 17:36:41,052: Added core node of type [rosout/rosout] in namespace [/]
[roslaunch.config][INFO] 2016-07-18 17:36:41,053: loading config file /opt/ros/indigo/share/rosbridge_server/launch/rosbridge_websocket.launch
[roslaunch][INFO] 2016-07-18 17:36:41,055: Added node of type [rosbridge_server/rosbridge_websocket] in namespace [/]
[roslaunch][INFO] 2016-07-18 17:36:41,056: Added node of type [rosapi/rosapi_node] in namespace [/]
[roslaunch][INFO] 2016-07-18 17:36:41,056: ... selected machine [] for node of type [rosbridge_server/rosbridge_websocket]
[roslaunch][INFO] 2016-07-18 17:36:41,057: ... selected machine [] for node of type [rosapi/rosapi_node]
[roslaunch.pmon][INFO] 2016-07-18 17:36:41,058: start_process_monitor: creating ProcessMonitor
[roslaunch.pmon][INFO] 2016-07-18 17:36:41,058: created process monitor <ProcessMonitor(ProcessMonitor-1, initial daemon)>
[roslaunch.pmon][INFO] 2016-07-18 17:36:41,059: start_process_monitor: ProcessMonitor started
[roslaunch.parent][INFO] 2016-07-18 17:36:41,059: starting parent XML-RPC server
[roslaunch.server][INFO] 2016-07-18 17:36:41,060: starting roslaunch XML-RPC server
[roslaunch.server][INFO] 2016-07-18 17:36:41,060: waiting for roslaunch XML-RPC server to initialize
[xmlrpc][INFO] 2016-07-18 17:36:41,060: XML-RPC server binding to 0.0.0.0:0
[xmlrpc][INFO] 2016-07-18 17:36:41,062: Started XML-RPC server [http://ros-indigo-desktop-trusty64:37355/]
[xmlrpc][INFO] 2016-07-18 17:36:41,062: xml rpc node: starting XML-RPC server
[roslaunch][INFO] 2016-07-18 17:36:41,075: started roslaunch server http://ros-indigo-desktop-trusty64:37355/
[roslaunch.parent][INFO] 2016-07-18 17:36:41,076: ... parent XML-RPC server started
[roslaunch][INFO] 2016-07-18 17:36:41,077: master.is_running[http://localhost:11311]
[roslaunch][INFO] 2016-07-18 17:36:41,080: master.is_running[http://localhost:11311]
[roslaunch][INFO] 2016-07-18 17:36:41,082: ROS_MASTER_URI=http://localhost:11311
[roslaunch][INFO] 2016-07-18 17:36:41,086: setting /roslaunch/uris/host_ros_indigo_desktop_trusty64__37355' to http://ros-indigo-desktop-trusty64:37355/
[roslaunch][INFO] 2016-07-18 17:36:41,091: load_parameters starting ...
[roslaunch][INFO] 2016-07-18 17:36:41,103: ... load_parameters complete
[roslaunch][INFO] 2016-07-18 17:36:41,104: launch_nodes: launching local nodes ...
[roslaunch][INFO] 2016-07-18 17:36:41,104: ... preparing to launch node of type [rosbridge_server/rosbridge_websocket]
[roslaunch][INFO] 2016-07-18 17:36:41,105: create_node_process: package[rosbridge_server] type[rosbridge_websocket] machine[Machine(name[] env_loader[None] address[localhost] ssh_port[22] user[None] assignable[True] timeout[10.0])] master_uri[http://localhost:11311]
[roslaunch][INFO] 2016-07-18 17:36:41,105: process[rosbridge_websocket-1]: env[{'ROS_DISTRO': 'indigo', 'SSH_CLIENT': '10.0.2.2 51830 22', 'CPATH': '/opt/ros/indigo/include', 'LOGNAME': 'vagrant', 'USER': 'vagrant', 'PATH': '/opt/ros/indigo/bin:/usr/local/sbin:/usr/local/bin:/usr/sbin:/usr/bin:/sbin:/bin:/usr/games:/usr/local/games', 'HOME': '/home/vagrant', 'CMAKE_PREFIX_PATH': '/opt/ros/indigo', 'ROS_LOG_FILENAME': '/home/vagrant/.ros/log/537e11d8-4940-11e6-a3ed-080027a2ea64/roslaunch-ros-indigo-desktop-trusty64-6915.log', 'LANG': 'en_US.UTF-8', 'TERM': 'xterm-256color', 'SHELL': '/bin/bash', 'SHLVL': '1', 'QT_QPA_PLATFORMTHEME': 'appmenu-qt5', 'LD_LIBRARY_PATH': '/opt/ros/indigo/lib:/opt/ros/indigo/lib/x86_64-linux-gnu', 'ROS_MASTER_URI': 'http://localhost:11311', 'XDG_RUNTIME_DIR': '/run/user/1000', 'PYTHONPATH': '/opt/ros/indigo/lib/python2.7/dist-packages', 'ROS_ROOT': '/opt/ros/indigo/share/ros', 'PKG_CONFIG_PATH': '/opt/ros/indigo/lib/pkgconfig:/opt/ros/indigo/lib/x86_64-linux-gnu/pkgconfig', 'ROS_PACKAGE_PATH': '/opt/ros/indigo/share:/opt/ros/indigo/stacks', 'XDG_SESSION_ID': '5', '_': '/opt/ros/indigo/bin/roslaunch', 'SSH_TTY': '/dev/pts/0', 'ROSLISP_PACKAGE_DIRECTORIES': '', 'PWD': '/home/vagrant', 'ROS_ETC_DIR': '/opt/ros/indigo/etc/ros', 'MAIL': '/var/mail/vagrant', 'SSH_CONNECTION': '10.0.2.2 51830 10.0.2.15 22'}]
[roslaunch][INFO] 2016-07-18 17:36:41,133: process[rosbridge_websocket-1]: args[[u'/opt/ros/indigo/lib/rosbridge_server/rosbridge_websocket', u'__name:=rosbridge_websocket']]
[roslaunch][INFO] 2016-07-18 17:36:41,133: ... created process [rosbridge_websocket-1]
[roslaunch.pmon][INFO] 2016-07-18 17:36:41,133: ProcessMonitor.register[rosbridge_websocket-1]
[roslaunch.pmon][INFO] 2016-07-18 17:36:41,134: ProcessMonitor.register[rosbridge_websocket-1] complete
[roslaunch][INFO] 2016-07-18 17:36:41,134: ... registered process [rosbridge_websocket-1]
[roslaunch][INFO] 2016-07-18 17:36:41,135: process[rosbridge_websocket-1]: starting os process
[roslaunch][INFO] 2016-07-18 17:36:41,136: process[rosbridge_websocket-1]: start w/ args [[u'/opt/ros/indigo/lib/rosbridge_server/rosbridge_websocket', u'__name:=rosbridge_websocket', u'__log:=/home/vagrant/.ros/log/537e11d8-4940-11e6-a3ed-080027a2ea64/rosbridge_websocket-1.log']]
[roslaunch][INFO] 2016-07-18 17:36:41,136: process[rosbridge_websocket-1]: cwd will be [/home/vagrant/.ros]
[roslaunch][INFO] 2016-07-18 17:36:41,140: process[rosbridge_websocket-1]: started with pid [6933]
[roslaunch][INFO] 2016-07-18 17:36:41,145: ... successfully launched [rosbridge_websocket-1]
[roslaunch][INFO] 2016-07-18 17:36:41,145: ... preparing to launch node of type [rosapi/rosapi_node]
[roslaunch][INFO] 2016-07-18 17:36:41,146: create_node_process: package[rosapi] type[rosapi_node] machine[Machine(name[] env_loader[None] address[localhost] ssh_port[22] user[None] assignable[True] timeout[10.0])] master_uri[http://localhost:11311]
[roslaunch][INFO] 2016-07-18 17:36:41,146: process[rosapi-2]: env[{'ROS_DISTRO': 'indigo', 'SSH_CLIENT': '10.0.2.2 51830 22', 'CPATH': '/opt/ros/indigo/include', 'LOGNAME': 'vagrant', 'USER': 'vagrant', 'PATH': '/opt/ros/indigo/bin:/usr/local/sbin:/usr/local/bin:/usr/sbin:/usr/bin:/sbin:/bin:/usr/games:/usr/local/games', 'HOME': '/home/vagrant', 'CMAKE_PREFIX_PATH': '/opt/ros/indigo', 'ROS_LOG_FILENAME': '/home/vagrant/.ros/log/537e11d8-4940-11e6-a3ed-080027a2ea64/roslaunch-ros-indigo-desktop-trusty64-6915.log', 'LANG': 'en_US.UTF-8', 'TERM': 'xterm-256color', 'SHELL': '/bin/bash', 'SHLVL': '1', 'QT_QPA_PLATFORMTHEME': 'appmenu-qt5', 'LD_LIBRARY_PATH': '/opt/ros/indigo/lib:/opt/ros/indigo/lib/x86_64-linux-gnu', 'ROS_MASTER_URI': 'http://localhost:11311', 'XDG_RUNTIME_DIR': '/run/user/1000', 'PYTHONPATH': '/opt/ros/indigo/lib/python2.7/dist-packages', 'ROS_ROOT': '/opt/ros/indigo/share/ros', 'PKG_CONFIG_PATH': '/opt/ros/indigo/lib/pkgconfig:/opt/ros/indigo/lib/x86_64-linux-gnu/pkgconfig', 'ROS_PACKAGE_PATH': '/opt/ros/indigo/share:/opt/ros/indigo/stacks', 'XDG_SESSION_ID': '5', '_': '/opt/ros/indigo/bin/roslaunch', 'SSH_TTY': '/dev/pts/0', 'ROSLISP_PACKAGE_DIRECTORIES': '', 'PWD': '/home/vagrant', 'ROS_ETC_DIR': '/opt/ros/indigo/etc/ros', 'MAIL': '/var/mail/vagrant', 'SSH_CONNECTION': '10.0.2.2 51830 10.0.2.15 22'}]
[roslaunch][INFO] 2016-07-18 17:36:41,180: process[rosapi-2]: args[[u'/opt/ros/indigo/lib/rosapi/rosapi_node', u'__name:=rosapi']]
[roslaunch][INFO] 2016-07-18 17:36:41,181: ... created process [rosapi-2]
[roslaunch.pmon][INFO] 2016-07-18 17:36:41,181: ProcessMonitor.register[rosapi-2]
[roslaunch.pmon][INFO] 2016-07-18 17:36:41,181: ProcessMonitor.register[rosapi-2] complete
[roslaunch][INFO] 2016-07-18 17:36:41,182: ... registered process [rosapi-2]
[roslaunch][INFO] 2016-07-18 17:36:41,182: process[rosapi-2]: starting os process
[roslaunch][INFO] 2016-07-18 17:36:41,184: process[rosapi-2]: start w/ args [[u'/opt/ros/indigo/lib/rosapi/rosapi_node', u'__name:=rosapi', u'__log:=/home/vagrant/.ros/log/537e11d8-4940-11e6-a3ed-080027a2ea64/rosapi-2.log']]
[roslaunch][INFO] 2016-07-18 17:36:41,184: process[rosapi-2]: cwd will be [/home/vagrant/.ros]
[roslaunch][INFO] 2016-07-18 17:36:41,194: process[rosapi-2]: started with pid [6934]
[roslaunch][INFO] 2016-07-18 17:36:41,198: ... successfully launched [rosapi-2]
[roslaunch][INFO] 2016-07-18 17:36:41,200: ... launch_nodes complete
[roslaunch.pmon][INFO] 2016-07-18 17:36:41,203: registrations completed <ProcessMonitor(ProcessMonitor-1, started daemon 140398277658368)>
[roslaunch.parent][INFO] 2016-07-18 17:36:41,204: ... roslaunch parent running, waiting for process exit
[roslaunch][INFO] 2016-07-18 17:36:41,205: spin
[roslaunch.pmon][INFO] 2016-07-18 17:37:08,551: ProcessMonitor.shutdown <ProcessMonitor(ProcessMonitor-1, started daemon 140398277658368)>
[roslaunch.pmon][INFO] 2016-07-18 17:37:08,626: ProcessMonitor._post_run <ProcessMonitor(ProcessMonitor-1, started daemon 140398277658368)>
[roslaunch.pmon][INFO] 2016-07-18 17:37:08,627: ProcessMonitor._post_run <ProcessMonitor(ProcessMonitor-1, started daemon 140398277658368)>: remaining procs are [<roslaunch.nodeprocess.LocalProcess object at 0x7fb1059fbfd0>, <roslaunch.nodeprocess.LocalProcess object at 0x7fb1059fbad0>]
[roslaunch.pmon][INFO] 2016-07-18 17:37:08,628: ProcessMonitor exit: killing rosapi-2
[roslaunch.pmon][INFO] 2016-07-18 17:37:08,629: ProcessMonitor exit: killing rosbridge_websocket-1
[roslaunch][INFO] 2016-07-18 17:37:08,631: [rosbridge_websocket-1] killing on exit
[roslaunch][INFO] 2016-07-18 17:37:08,630: [rosapi-2] killing on exit
[roslaunch][INFO] 2016-07-18 17:37:08,632: process[rosbridge_websocket-1]: killing os process with pid[6933] pgid[6933]
[roslaunch][INFO] 2016-07-18 17:37:08,633: process[rosapi-2]: killing os process with pid[6934] pgid[6934]
[roslaunch][INFO] 2016-07-18 17:37:08,638: [rosapi-2] sending SIGINT to pgid [6934]
[roslaunch][INFO] 2016-07-18 17:37:08,637: [rosbridge_websocket-1] sending SIGINT to pgid [6933]
[roslaunch][INFO] 2016-07-18 17:37:08,640: [rosbridge_websocket-1] sent SIGINT to pgid [6933]
[roslaunch][INFO] 2016-07-18 17:37:08,639: [rosapi-2] sent SIGINT to pgid [6934]
[roslaunch][INFO] 2016-07-18 17:37:08,846: process[rosapi-2]: SIGINT killed with return value 0
[roslaunch][INFO] 2016-07-18 17:37:09,346: process[rosbridge_websocket-1]: SIGINT killed with return value 0
[roslaunch.pmon][INFO] 2016-07-18 17:37:09,348: ProcessMonitor exit: cleaning up data structures and signals
[roslaunch.pmon][INFO] 2016-07-18 17:37:09,348: ProcessMonitor exit: pmon has shutdown
[roslaunch][INFO] 2016-07-18 17:37:09,393: process monitor is done spinning, initiating full shutdown
[roslaunch][INFO] 2016-07-18 17:37:09,394: runner.stop()
[roslaunch][INFO] 2016-07-18 17:37:09,395: shutting down processing monitor...
[roslaunch][INFO] 2016-07-18 17:37:09,396: shutting down processing monitor <ProcessMonitor(ProcessMonitor-1, stopped daemon 140398277658368)>
[roslaunch.pmon][INFO] 2016-07-18 17:37:09,399: ProcessMonitor.shutdown <ProcessMonitor(ProcessMonitor-1, stopped daemon 140398277658368)>
[roslaunch][INFO] 2016-07-18 17:37:09,400: ... shutting down processing monitor complete
[roslaunch][INFO] 2016-07-18 17:37:09,401: done
[roslaunch.pmon][INFO] 2016-07-18 17:37:09,401: ProcessMonitor.shutdown <ProcessMonitor(ProcessMonitor-1, stopped daemon 140398277658368)>
[rospy.core][INFO] 2016-07-18 17:37:09,402: signal_shutdown [atexit]
