[roslaunch][INFO] 2016-07-18 17:42:27,951: Checking log directory for disk usage. This may take awhile.
Press Ctrl-C to interrupt
[roslaunch][INFO] 2016-07-18 17:42:28,122: Done checking log file disk usage. Usage is <1GB.
[roslaunch][INFO] 2016-07-18 17:42:28,125: roslaunch starting with args ['/opt/ros/indigo/bin/roslaunch', 'rosbridge_server', 'rosbridge_websocket.launch']
[roslaunch][INFO] 2016-07-18 17:42:28,127: roslaunch env is {'ROS_DISTRO': 'indigo', 'SSH_CLIENT': '10.0.2.2 51830 22', 'CPATH': '/opt/ros/indigo/include', 'LOGNAME': 'vagrant', 'USER': 'vagrant', 'PATH': '/opt/ros/indigo/bin:/usr/local/sbin:/usr/local/bin:/usr/sbin:/usr/bin:/sbin:/bin:/usr/games:/usr/local/games', 'HOME': '/home/vagrant', 'CMAKE_PREFIX_PATH': '/opt/ros/indigo', 'LD_LIBRARY_PATH': '/opt/ros/indigo/lib:/opt/ros/indigo/lib/x86_64-linux-gnu', 'LANG': 'en_US.UTF-8', 'TERM': 'xterm-256color', 'SHELL': '/bin/bash', 'SHLVL': '1', 'QT_QPA_PLATFORMTHEME': 'appmenu-qt5', 'ROS_LOG_FILENAME': '/home/vagrant/.ros/log/537e11d8-4940-11e6-a3ed-080027a2ea64/roslaunch-ros-indigo-desktop-trusty64-8381.log', 'ROS_ETC_DIR': '/opt/ros/indigo/etc/ros', 'XDG_RUNTIME_DIR': '/run/user/1000', 'PYTHONPATH': '/opt/ros/indigo/lib/python2.7/dist-packages', 'ROS_ROOT': '/opt/ros/indigo/share/ros', 'PKG_CONFIG_PATH': '/opt/ros/indigo/lib/pkgconfig:/opt/ros/indigo/lib/x86_64-linux-gnu/pkgconfig', 'ROS_PACKAGE_PATH': '/opt/ros/indigo/share:/opt/ros/indigo/stacks', 'XDG_SESSION_ID': '5', '_': '/opt/ros/indigo/bin/roslaunch', 'SSH_TTY': '/dev/pts/0', 'OLDPWD': '/home/vagrant/therblig-motion-library/mico', 'ROSLISP_PACKAGE_DIRECTORIES': '', 'PWD': '/home/vagrant/therblig-motion-library/mico/wpi_jaco', 'ROS_MASTER_URI': 'http://localhost:11311', 'MAIL': '/var/mail/vagrant', 'SSH_CONNECTION': '10.0.2.2 51830 10.0.2.15 22'}
[roslaunch][INFO] 2016-07-18 17:42:28,132: starting in server mode
[roslaunch.parent][INFO] 2016-07-18 17:42:28,135: starting roslaunch parent run
[roslaunch][INFO] 2016-07-18 17:42:28,139: loading roscore config file /opt/ros/indigo/etc/ros/roscore.xml
[roslaunch][INFO] 2016-07-18 17:42:28,585: Added core node of type [rosout/rosout] in namespace [/]
[roslaunch.config][INFO] 2016-07-18 17:42:28,587: loading config file /opt/ros/indigo/share/rosbridge_server/launch/rosbridge_websocket.launch
[roslaunch][INFO] 2016-07-18 17:42:28,595: Added node of type [rosbridge_server/rosbridge_websocket] in namespace [/]
[roslaunch][INFO] 2016-07-18 17:42:28,596: Added node of type [rosapi/rosapi_node] in namespace [/]
[roslaunch][INFO] 2016-07-18 17:42:28,597: ... selected machine [] for node of type [rosbridge_server/rosbridge_websocket]
[roslaunch][INFO] 2016-07-18 17:42:28,599: ... selected machine [] for node of type [rosapi/rosapi_node]
[roslaunch.pmon][INFO] 2016-07-18 17:42:28,605: start_process_monitor: creating ProcessMonitor
[roslaunch.pmon][INFO] 2016-07-18 17:42:28,607: created process monitor <ProcessMonitor(ProcessMonitor-1, initial daemon)>
[roslaunch.pmon][INFO] 2016-07-18 17:42:28,609: start_process_monitor: ProcessMonitor started
[roslaunch.parent][INFO] 2016-07-18 17:42:28,610: starting parent XML-RPC server
[roslaunch.server][INFO] 2016-07-18 17:42:28,611: starting roslaunch XML-RPC server
[roslaunch.server][INFO] 2016-07-18 17:42:28,612: waiting for roslaunch XML-RPC server to initialize
[xmlrpc][INFO] 2016-07-18 17:42:28,615: XML-RPC server binding to 0.0.0.0:0
[xmlrpc][INFO] 2016-07-18 17:42:28,615: Started XML-RPC server [http://ros-indigo-desktop-trusty64:46068/]
[xmlrpc][INFO] 2016-07-18 17:42:28,616: xml rpc node: starting XML-RPC server
[roslaunch][INFO] 2016-07-18 17:42:28,629: started roslaunch server http://ros-indigo-desktop-trusty64:46068/
[roslaunch.parent][INFO] 2016-07-18 17:42:28,630: ... parent XML-RPC server started
[roslaunch][INFO] 2016-07-18 17:42:28,634: master.is_running[http://localhost:11311]
[roslaunch][INFO] 2016-07-18 17:42:28,639: master.is_running[http://localhost:11311]
[roslaunch][INFO] 2016-07-18 17:42:28,643: ROS_MASTER_URI=http://localhost:11311
[roslaunch][INFO] 2016-07-18 17:42:28,653: setting /roslaunch/uris/host_ros_indigo_desktop_trusty64__46068' to http://ros-indigo-desktop-trusty64:46068/
[roslaunch][INFO] 2016-07-18 17:42:28,664: load_parameters starting ...
[roslaunch][INFO] 2016-07-18 17:42:28,737: ... load_parameters complete
[roslaunch][INFO] 2016-07-18 17:42:28,739: launch_nodes: launching local nodes ...
[roslaunch][INFO] 2016-07-18 17:42:28,740: ... preparing to launch node of type [rosbridge_server/rosbridge_websocket]
[roslaunch][INFO] 2016-07-18 17:42:28,742: create_node_process: package[rosbridge_server] type[rosbridge_websocket] machine[Machine(name[] env_loader[None] address[localhost] ssh_port[22] user[None] assignable[True] timeout[10.0])] master_uri[http://localhost:11311]
[roslaunch][INFO] 2016-07-18 17:42:28,742: process[rosbridge_websocket-1]: env[{'ROS_DISTRO': 'indigo', 'SSH_CLIENT': '10.0.2.2 51830 22', 'CPATH': '/opt/ros/indigo/include', 'LOGNAME': 'vagrant', 'USER': 'vagrant', 'PATH': '/opt/ros/indigo/bin:/usr/local/sbin:/usr/local/bin:/usr/sbin:/usr/bin:/sbin:/bin:/usr/games:/usr/local/games', 'HOME': '/home/vagrant', 'CMAKE_PREFIX_PATH': '/opt/ros/indigo', 'ROS_LOG_FILENAME': '/home/vagrant/.ros/log/537e11d8-4940-11e6-a3ed-080027a2ea64/roslaunch-ros-indigo-desktop-trusty64-8381.log', 'LANG': 'en_US.UTF-8', 'TERM': 'xterm-256color', 'SHELL': '/bin/bash', 'SHLVL': '1', 'QT_QPA_PLATFORMTHEME': 'appmenu-qt5', 'LD_LIBRARY_PATH': '/opt/ros/indigo/lib:/opt/ros/indigo/lib/x86_64-linux-gnu', 'ROS_MASTER_URI': 'http://localhost:11311', 'XDG_RUNTIME_DIR': '/run/user/1000', 'PYTHONPATH': '/opt/ros/indigo/lib/python2.7/dist-packages', 'ROS_ROOT': '/opt/ros/indigo/share/ros', 'PKG_CONFIG_PATH': '/opt/ros/indigo/lib/pkgconfig:/opt/ros/indigo/lib/x86_64-linux-gnu/pkgconfig', 'ROS_PACKAGE_PATH': '/opt/ros/indigo/share:/opt/ros/indigo/stacks', 'XDG_SESSION_ID': '5', '_': '/opt/ros/indigo/bin/roslaunch', 'SSH_TTY': '/dev/pts/0', 'OLDPWD': '/home/vagrant/therblig-motion-library/mico', 'ROSLISP_PACKAGE_DIRECTORIES': '', 'PWD': '/home/vagrant/therblig-motion-library/mico/wpi_jaco', 'ROS_ETC_DIR': '/opt/ros/indigo/etc/ros', 'MAIL': '/var/mail/vagrant', 'SSH_CONNECTION': '10.0.2.2 51830 10.0.2.15 22'}]
[roslaunch][INFO] 2016-07-18 17:42:28,872: process[rosbridge_websocket-1]: args[[u'/opt/ros/indigo/lib/rosbridge_server/rosbridge_websocket', u'__name:=rosbridge_websocket']]
[roslaunch][INFO] 2016-07-18 17:42:28,878: ... created process [rosbridge_websocket-1]
[roslaunch.pmon][INFO] 2016-07-18 17:42:28,880: ProcessMonitor.register[rosbridge_websocket-1]
[roslaunch.pmon][INFO] 2016-07-18 17:42:28,881: ProcessMonitor.register[rosbridge_websocket-1] complete
[roslaunch][INFO] 2016-07-18 17:42:28,881: ... registered process [rosbridge_websocket-1]
[roslaunch][INFO] 2016-07-18 17:42:28,882: process[rosbridge_websocket-1]: starting os process
[roslaunch][INFO] 2016-07-18 17:42:28,883: process[rosbridge_websocket-1]: start w/ args [[u'/opt/ros/indigo/lib/rosbridge_server/rosbridge_websocket', u'__name:=rosbridge_websocket', u'__log:=/home/vagrant/.ros/log/537e11d8-4940-11e6-a3ed-080027a2ea64/rosbridge_websocket-1.log']]
[roslaunch][INFO] 2016-07-18 17:42:28,884: process[rosbridge_websocket-1]: cwd will be [/home/vagrant/.ros]
[roslaunch][INFO] 2016-07-18 17:42:28,892: process[rosbridge_websocket-1]: started with pid [8399]
[roslaunch][INFO] 2016-07-18 17:42:28,893: ... successfully launched [rosbridge_websocket-1]
[roslaunch][INFO] 2016-07-18 17:42:28,893: ... preparing to launch node of type [rosapi/rosapi_node]
[roslaunch][INFO] 2016-07-18 17:42:28,894: create_node_process: package[rosapi] type[rosapi_node] machine[Machine(name[] env_loader[None] address[localhost] ssh_port[22] user[None] assignable[True] timeout[10.0])] master_uri[http://localhost:11311]
[roslaunch][INFO] 2016-07-18 17:42:28,894: process[rosapi-2]: env[{'ROS_DISTRO': 'indigo', 'SSH_CLIENT': '10.0.2.2 51830 22', 'CPATH': '/opt/ros/indigo/include', 'LOGNAME': 'vagrant', 'USER': 'vagrant', 'PATH': '/opt/ros/indigo/bin:/usr/local/sbin:/usr/local/bin:/usr/sbin:/usr/bin:/sbin:/bin:/usr/games:/usr/local/games', 'HOME': '/home/vagrant', 'CMAKE_PREFIX_PATH': '/opt/ros/indigo', 'ROS_LOG_FILENAME': '/home/vagrant/.ros/log/537e11d8-4940-11e6-a3ed-080027a2ea64/roslaunch-ros-indigo-desktop-trusty64-8381.log', 'LANG': 'en_US.UTF-8', 'TERM': 'xterm-256color', 'SHELL': '/bin/bash', 'SHLVL': '1', 'QT_QPA_PLATFORMTHEME': 'appmenu-qt5', 'LD_LIBRARY_PATH': '/opt/ros/indigo/lib:/opt/ros/indigo/lib/x86_64-linux-gnu', 'ROS_MASTER_URI': 'http://localhost:11311', 'XDG_RUNTIME_DIR': '/run/user/1000', 'PYTHONPATH': '/opt/ros/indigo/lib/python2.7/dist-packages', 'ROS_ROOT': '/opt/ros/indigo/share/ros', 'PKG_CONFIG_PATH': '/opt/ros/indigo/lib/pkgconfig:/opt/ros/indigo/lib/x86_64-linux-gnu/pkgconfig', 'ROS_PACKAGE_PATH': '/opt/ros/indigo/share:/opt/ros/indigo/stacks', 'XDG_SESSION_ID': '5', '_': '/opt/ros/indigo/bin/roslaunch', 'SSH_TTY': '/dev/pts/0', 'OLDPWD': '/home/vagrant/therblig-motion-library/mico', 'ROSLISP_PACKAGE_DIRECTORIES': '', 'PWD': '/home/vagrant/therblig-motion-library/mico/wpi_jaco', 'ROS_ETC_DIR': '/opt/ros/indigo/etc/ros', 'MAIL': '/var/mail/vagrant', 'SSH_CONNECTION': '10.0.2.2 51830 10.0.2.15 22'}]
[roslaunch][INFO] 2016-07-18 17:42:28,976: process[rosapi-2]: args[[u'/opt/ros/indigo/lib/rosapi/rosapi_node', u'__name:=rosapi']]
[roslaunch][INFO] 2016-07-18 17:42:28,976: ... created process [rosapi-2]
[roslaunch.pmon][INFO] 2016-07-18 17:42:28,976: ProcessMonitor.register[rosapi-2]
[roslaunch.pmon][INFO] 2016-07-18 17:42:28,977: ProcessMonitor.register[rosapi-2] complete
[roslaunch][INFO] 2016-07-18 17:42:28,977: ... registered process [rosapi-2]
[roslaunch][INFO] 2016-07-18 17:42:28,977: process[rosapi-2]: starting os process
[roslaunch][INFO] 2016-07-18 17:42:28,979: process[rosapi-2]: start w/ args [[u'/opt/ros/indigo/lib/rosapi/rosapi_node', u'__name:=rosapi', u'__log:=/home/vagrant/.ros/log/537e11d8-4940-11e6-a3ed-080027a2ea64/rosapi-2.log']]
[roslaunch][INFO] 2016-07-18 17:42:28,980: process[rosapi-2]: cwd will be [/home/vagrant/.ros]
[roslaunch][INFO] 2016-07-18 17:42:28,989: process[rosapi-2]: started with pid [8400]
[roslaunch][INFO] 2016-07-18 17:42:28,990: ... successfully launched [rosapi-2]
[roslaunch][INFO] 2016-07-18 17:42:28,991: ... launch_nodes complete
[roslaunch.pmon][INFO] 2016-07-18 17:42:28,993: registrations completed <ProcessMonitor(ProcessMonitor-1, started daemon 140681759356672)>
[roslaunch.parent][INFO] 2016-07-18 17:42:28,997: ... roslaunch parent running, waiting for process exit
[roslaunch][INFO] 2016-07-18 17:42:28,997: spin
[roslaunch][INFO] 2016-07-18 17:45:21,239: [rosbridge_websocket-1] process has finished cleanly
log file: /home/vagrant/.ros/log/537e11d8-4940-11e6-a3ed-080027a2ea64/rosbridge_websocket-1*.log
[roslaunch.pmon][INFO] 2016-07-18 17:45:21,240: ProcessMonitor.unregister[rosbridge_websocket-1] starting
[roslaunch.pmon][INFO] 2016-07-18 17:45:21,240: ProcessMonitor.unregister[rosbridge_websocket-1] complete
[roslaunch][INFO] 2016-07-18 17:45:22,545: [rosapi-2] process has finished cleanly
log file: /home/vagrant/.ros/log/537e11d8-4940-11e6-a3ed-080027a2ea64/rosapi-2*.log
[roslaunch.pmon][INFO] 2016-07-18 17:45:22,546: ProcessMonitor.unregister[rosapi-2] starting
[roslaunch.pmon][INFO] 2016-07-18 17:45:22,547: ProcessMonitor.unregister[rosapi-2] complete
[roslaunch][INFO] 2016-07-18 17:45:22,548: all processes on machine have died, roslaunch will exit
[roslaunch.pmon][INFO] 2016-07-18 17:45:22,649: ProcessMonitor._post_run <ProcessMonitor(ProcessMonitor-1, started daemon 140681759356672)>
[roslaunch.pmon][INFO] 2016-07-18 17:45:22,649: ProcessMonitor._post_run <ProcessMonitor(ProcessMonitor-1, started daemon 140681759356672)>: remaining procs are []
[roslaunch.pmon][INFO] 2016-07-18 17:45:22,652: ProcessMonitor exit: cleaning up data structures and signals
[roslaunch.pmon][INFO] 2016-07-18 17:45:22,652: ProcessMonitor exit: pmon has shutdown
[roslaunch][INFO] 2016-07-18 17:45:22,740: process monitor is done spinning, initiating full shutdown
[roslaunch][INFO] 2016-07-18 17:45:22,740: runner.stop()
[roslaunch][INFO] 2016-07-18 17:45:22,741: shutting down processing monitor...
[roslaunch][INFO] 2016-07-18 17:45:22,741: shutting down processing monitor <ProcessMonitor(ProcessMonitor-1, stopped daemon 140681759356672)>
[roslaunch.pmon][INFO] 2016-07-18 17:45:22,742: ProcessMonitor.shutdown <ProcessMonitor(ProcessMonitor-1, stopped daemon 140681759356672)>
[roslaunch][INFO] 2016-07-18 17:45:22,743: ... shutting down processing monitor complete
[roslaunch][INFO] 2016-07-18 17:45:22,745: done
[roslaunch.pmon][INFO] 2016-07-18 17:45:22,746: ProcessMonitor.shutdown <ProcessMonitor(ProcessMonitor-1, stopped daemon 140681759356672)>
[rospy.core][INFO] 2016-07-18 17:45:22,747: signal_shutdown [atexit]
