[roslaunch][INFO] 2016-07-18 17:37:14,561: Checking log directory for disk usage. This may take awhile.
Press Ctrl-C to interrupt
[roslaunch][INFO] 2016-07-18 17:37:14,631: Done checking log file disk usage. Usage is <1GB.
[roslaunch][INFO] 2016-07-18 17:37:14,633: roslaunch starting with args ['/opt/ros/indigo/bin/roslaunch', 'rosbridge_server', 'rosbridge_websocket.launch']
[roslaunch][INFO] 2016-07-18 17:37:14,634: roslaunch env is {'ROS_DISTRO': 'indigo', 'SSH_CLIENT': '10.0.2.2 51830 22', 'CPATH': '/opt/ros/indigo/include', 'LOGNAME': 'vagrant', 'USER': 'vagrant', 'PATH': '/opt/ros/indigo/bin:/usr/local/sbin:/usr/local/bin:/usr/sbin:/usr/bin:/sbin:/bin:/usr/games:/usr/local/games', 'HOME': '/home/vagrant', 'CMAKE_PREFIX_PATH': '/opt/ros/indigo', 'LD_LIBRARY_PATH': '/opt/ros/indigo/lib:/opt/ros/indigo/lib/x86_64-linux-gnu', 'LANG': 'en_US.UTF-8', 'TERM': 'xterm-256color', 'SHELL': '/bin/bash', 'SHLVL': '1', 'QT_QPA_PLATFORMTHEME': 'appmenu-qt5', 'ROS_LOG_FILENAME': '/home/vagrant/.ros/log/537e11d8-4940-11e6-a3ed-080027a2ea64/roslaunch-ros-indigo-desktop-trusty64-7067.log', 'ROS_ETC_DIR': '/opt/ros/indigo/etc/ros', 'XDG_RUNTIME_DIR': '/run/user/1000', 'PYTHONPATH': '/opt/ros/indigo/lib/python2.7/dist-packages', 'ROS_ROOT': '/opt/ros/indigo/share/ros', 'PKG_CONFIG_PATH': '/opt/ros/indigo/lib/pkgconfig:/opt/ros/indigo/lib/x86_64-linux-gnu/pkgconfig', 'ROS_PACKAGE_PATH': '/opt/ros/indigo/share:/opt/ros/indigo/stacks', 'XDG_SESSION_ID': '5', '_': '/opt/ros/indigo/bin/roslaunch', 'SSH_TTY': '/dev/pts/0', 'ROSLISP_PACKAGE_DIRECTORIES': '', 'PWD': '/home/vagrant', 'ROS_MASTER_URI': 'http://localhost:11311', 'MAIL': '/var/mail/vagrant', 'SSH_CONNECTION': '10.0.2.2 51830 10.0.2.15 22'}
[roslaunch][INFO] 2016-07-18 17:37:14,634: starting in server mode
[roslaunch.parent][INFO] 2016-07-18 17:37:14,635: starting roslaunch parent run
[roslaunch][INFO] 2016-07-18 17:37:14,636: loading roscore config file /opt/ros/indigo/etc/ros/roscore.xml
[roslaunch][INFO] 2016-07-18 17:37:14,761: Added core node of type [rosout/rosout] in namespace [/]
[roslaunch.config][INFO] 2016-07-18 17:37:14,763: loading config file /opt/ros/indigo/share/rosbridge_server/launch/rosbridge_websocket.launch
[roslaunch][INFO] 2016-07-18 17:37:14,766: Added node of type [rosbridge_server/rosbridge_websocket] in namespace [/]
[roslaunch][INFO] 2016-07-18 17:37:14,767: Added node of type [rosapi/rosapi_node] in namespace [/]
[roslaunch][INFO] 2016-07-18 17:37:14,767: ... selected machine [] for node of type [rosbridge_server/rosbridge_websocket]
[roslaunch][INFO] 2016-07-18 17:37:14,767: ... selected machine [] for node of type [rosapi/rosapi_node]
[roslaunch.pmon][INFO] 2016-07-18 17:37:14,768: start_process_monitor: creating ProcessMonitor
[roslaunch.pmon][INFO] 2016-07-18 17:37:14,769: created process monitor <ProcessMonitor(ProcessMonitor-1, initial daemon)>
[roslaunch.pmon][INFO] 2016-07-18 17:37:14,770: start_process_monitor: ProcessMonitor started
[roslaunch.parent][INFO] 2016-07-18 17:37:14,770: starting parent XML-RPC server
[roslaunch.server][INFO] 2016-07-18 17:37:14,771: starting roslaunch XML-RPC server
[roslaunch.server][INFO] 2016-07-18 17:37:14,771: waiting for roslaunch XML-RPC server to initialize
[xmlrpc][INFO] 2016-07-18 17:37:14,771: XML-RPC server binding to 0.0.0.0:0
[xmlrpc][INFO] 2016-07-18 17:37:14,772: Started XML-RPC server [http://ros-indigo-desktop-trusty64:41381/]
[xmlrpc][INFO] 2016-07-18 17:37:14,773: xml rpc node: starting XML-RPC server
[roslaunch][INFO] 2016-07-18 17:37:14,786: started roslaunch server http://ros-indigo-desktop-trusty64:41381/
[roslaunch.parent][INFO] 2016-07-18 17:37:14,787: ... parent XML-RPC server started
[roslaunch][INFO] 2016-07-18 17:37:14,789: master.is_running[http://localhost:11311]
[roslaunch][INFO] 2016-07-18 17:37:14,793: master.is_running[http://localhost:11311]
[roslaunch][INFO] 2016-07-18 17:37:14,795: ROS_MASTER_URI=http://localhost:11311
[roslaunch][INFO] 2016-07-18 17:37:14,799: setting /roslaunch/uris/host_ros_indigo_desktop_trusty64__41381' to http://ros-indigo-desktop-trusty64:41381/
[roslaunch][INFO] 2016-07-18 17:37:14,805: load_parameters starting ...
[roslaunch][INFO] 2016-07-18 17:37:14,818: ... load_parameters complete
[roslaunch][INFO] 2016-07-18 17:37:14,819: launch_nodes: launching local nodes ...
[roslaunch][INFO] 2016-07-18 17:37:14,819: ... preparing to launch node of type [rosbridge_server/rosbridge_websocket]
[roslaunch][INFO] 2016-07-18 17:37:14,820: create_node_process: package[rosbridge_server] type[rosbridge_websocket] machine[Machine(name[] env_loader[None] address[localhost] ssh_port[22] user[None] assignable[True] timeout[10.0])] master_uri[http://localhost:11311]
[roslaunch][INFO] 2016-07-18 17:37:14,820: process[rosbridge_websocket-1]: env[{'ROS_DISTRO': 'indigo', 'SSH_CLIENT': '10.0.2.2 51830 22', 'CPATH': '/opt/ros/indigo/include', 'LOGNAME': 'vagrant', 'USER': 'vagrant', 'PATH': '/opt/ros/indigo/bin:/usr/local/sbin:/usr/local/bin:/usr/sbin:/usr/bin:/sbin:/bin:/usr/games:/usr/local/games', 'HOME': '/home/vagrant', 'CMAKE_PREFIX_PATH': '/opt/ros/indigo', 'ROS_LOG_FILENAME': '/home/vagrant/.ros/log/537e11d8-4940-11e6-a3ed-080027a2ea64/roslaunch-ros-indigo-desktop-trusty64-7067.log', 'LANG': 'en_US.UTF-8', 'TERM': 'xterm-256color', 'SHELL': '/bin/bash', 'SHLVL': '1', 'QT_QPA_PLATFORMTHEME': 'appmenu-qt5', 'LD_LIBRARY_PATH': '/opt/ros/indigo/lib:/opt/ros/indigo/lib/x86_64-linux-gnu', 'ROS_MASTER_URI': 'http://localhost:11311', 'XDG_RUNTIME_DIR': '/run/user/1000', 'PYTHONPATH': '/opt/ros/indigo/lib/python2.7/dist-packages', 'ROS_ROOT': '/opt/ros/indigo/share/ros', 'PKG_CONFIG_PATH': '/opt/ros/indigo/lib/pkgconfig:/opt/ros/indigo/lib/x86_64-linux-gnu/pkgconfig', 'ROS_PACKAGE_PATH': '/opt/ros/indigo/share:/opt/ros/indigo/stacks', 'XDG_SESSION_ID': '5', '_': '/opt/ros/indigo/bin/roslaunch', 'SSH_TTY': '/dev/pts/0', 'ROSLISP_PACKAGE_DIRECTORIES': '', 'PWD': '/home/vagrant', 'ROS_ETC_DIR': '/opt/ros/indigo/etc/ros', 'MAIL': '/var/mail/vagrant', 'SSH_CONNECTION': '10.0.2.2 51830 10.0.2.15 22'}]
[roslaunch][INFO] 2016-07-18 17:37:14,865: process[rosbridge_websocket-1]: args[[u'/opt/ros/indigo/lib/rosbridge_server/rosbridge_websocket', u'__name:=rosbridge_websocket']]
[roslaunch][INFO] 2016-07-18 17:37:14,866: ... created process [rosbridge_websocket-1]
[roslaunch.pmon][INFO] 2016-07-18 17:37:14,866: ProcessMonitor.register[rosbridge_websocket-1]
[roslaunch.pmon][INFO] 2016-07-18 17:37:14,867: ProcessMonitor.register[rosbridge_websocket-1] complete
[roslaunch][INFO] 2016-07-18 17:37:14,867: ... registered process [rosbridge_websocket-1]
[roslaunch][INFO] 2016-07-18 17:37:14,868: process[rosbridge_websocket-1]: starting os process
[roslaunch][INFO] 2016-07-18 17:37:14,869: process[rosbridge_websocket-1]: start w/ args [[u'/opt/ros/indigo/lib/rosbridge_server/rosbridge_websocket', u'__name:=rosbridge_websocket', u'__log:=/home/vagrant/.ros/log/537e11d8-4940-11e6-a3ed-080027a2ea64/rosbridge_websocket-1.log']]
[roslaunch][INFO] 2016-07-18 17:37:14,869: process[rosbridge_websocket-1]: cwd will be [/home/vagrant/.ros]
[roslaunch][INFO] 2016-07-18 17:37:14,873: process[rosbridge_websocket-1]: started with pid [7085]
[roslaunch][INFO] 2016-07-18 17:37:14,878: ... successfully launched [rosbridge_websocket-1]
[roslaunch][INFO] 2016-07-18 17:37:14,878: ... preparing to launch node of type [rosapi/rosapi_node]
[roslaunch][INFO] 2016-07-18 17:37:14,878: create_node_process: package[rosapi] type[rosapi_node] machine[Machine(name[] env_loader[None] address[localhost] ssh_port[22] user[None] assignable[True] timeout[10.0])] master_uri[http://localhost:11311]
[roslaunch][INFO] 2016-07-18 17:37:14,879: process[rosapi-2]: env[{'ROS_DISTRO': 'indigo', 'SSH_CLIENT': '10.0.2.2 51830 22', 'CPATH': '/opt/ros/indigo/include', 'LOGNAME': 'vagrant', 'USER': 'vagrant', 'PATH': '/opt/ros/indigo/bin:/usr/local/sbin:/usr/local/bin:/usr/sbin:/usr/bin:/sbin:/bin:/usr/games:/usr/local/games', 'HOME': '/home/vagrant', 'CMAKE_PREFIX_PATH': '/opt/ros/indigo', 'ROS_LOG_FILENAME': '/home/vagrant/.ros/log/537e11d8-4940-11e6-a3ed-080027a2ea64/roslaunch-ros-indigo-desktop-trusty64-7067.log', 'LANG': 'en_US.UTF-8', 'TERM': 'xterm-256color', 'SHELL': '/bin/bash', 'SHLVL': '1', 'QT_QPA_PLATFORMTHEME': 'appmenu-qt5', 'LD_LIBRARY_PATH': '/opt/ros/indigo/lib:/opt/ros/indigo/lib/x86_64-linux-gnu', 'ROS_MASTER_URI': 'http://localhost:11311', 'XDG_RUNTIME_DIR': '/run/user/1000', 'PYTHONPATH': '/opt/ros/indigo/lib/python2.7/dist-packages', 'ROS_ROOT': '/opt/ros/indigo/share/ros', 'PKG_CONFIG_PATH': '/opt/ros/indigo/lib/pkgconfig:/opt/ros/indigo/lib/x86_64-linux-gnu/pkgconfig', 'ROS_PACKAGE_PATH': '/opt/ros/indigo/share:/opt/ros/indigo/stacks', 'XDG_SESSION_ID': '5', '_': '/opt/ros/indigo/bin/roslaunch', 'SSH_TTY': '/dev/pts/0', 'ROSLISP_PACKAGE_DIRECTORIES': '', 'PWD': '/home/vagrant', 'ROS_ETC_DIR': '/opt/ros/indigo/etc/ros', 'MAIL': '/var/mail/vagrant', 'SSH_CONNECTION': '10.0.2.2 51830 10.0.2.15 22'}]
[roslaunch][INFO] 2016-07-18 17:37:14,912: process[rosapi-2]: args[[u'/opt/ros/indigo/lib/rosapi/rosapi_node', u'__name:=rosapi']]
[roslaunch][INFO] 2016-07-18 17:37:14,913: ... created process [rosapi-2]
[roslaunch.pmon][INFO] 2016-07-18 17:37:14,913: ProcessMonitor.register[rosapi-2]
[roslaunch.pmon][INFO] 2016-07-18 17:37:14,913: ProcessMonitor.register[rosapi-2] complete
[roslaunch][INFO] 2016-07-18 17:37:14,914: ... registered process [rosapi-2]
[roslaunch][INFO] 2016-07-18 17:37:14,915: process[rosapi-2]: starting os process
[roslaunch][INFO] 2016-07-18 17:37:14,917: process[rosapi-2]: start w/ args [[u'/opt/ros/indigo/lib/rosapi/rosapi_node', u'__name:=rosapi', u'__log:=/home/vagrant/.ros/log/537e11d8-4940-11e6-a3ed-080027a2ea64/rosapi-2.log']]
[roslaunch][INFO] 2016-07-18 17:37:14,918: process[rosapi-2]: cwd will be [/home/vagrant/.ros]
[roslaunch][INFO] 2016-07-18 17:37:14,926: process[rosapi-2]: started with pid [7086]
[roslaunch][INFO] 2016-07-18 17:37:14,935: ... successfully launched [rosapi-2]
[roslaunch][INFO] 2016-07-18 17:37:14,935: ... launch_nodes complete
[roslaunch.pmon][INFO] 2016-07-18 17:37:14,938: registrations completed <ProcessMonitor(ProcessMonitor-1, started daemon 139754515363584)>
[roslaunch.parent][INFO] 2016-07-18 17:37:14,938: ... roslaunch parent running, waiting for process exit
[roslaunch][INFO] 2016-07-18 17:37:14,939: spin
[roslaunch.pmon][INFO] 2016-07-18 17:37:25,046: ProcessMonitor.shutdown <ProcessMonitor(ProcessMonitor-1, started daemon 139754515363584)>
[roslaunch.pmon][INFO] 2016-07-18 17:37:25,133: ProcessMonitor._post_run <ProcessMonitor(ProcessMonitor-1, started daemon 139754515363584)>
[roslaunch.pmon][INFO] 2016-07-18 17:37:25,135: ProcessMonitor._post_run <ProcessMonitor(ProcessMonitor-1, started daemon 139754515363584)>: remaining procs are [<roslaunch.nodeprocess.LocalProcess object at 0x7f1b2266afd0>, <roslaunch.nodeprocess.LocalProcess object at 0x7f1b2266af50>]
[roslaunch.pmon][INFO] 2016-07-18 17:37:25,135: ProcessMonitor exit: killing rosapi-2
[roslaunch][INFO] 2016-07-18 17:37:25,136: [rosapi-2] killing on exit
[roslaunch][INFO] 2016-07-18 17:37:25,137: process[rosapi-2]: killing os process with pid[7086] pgid[7086]
[roslaunch][INFO] 2016-07-18 17:37:25,142: [rosapi-2] sending SIGINT to pgid [7086]
[roslaunch][INFO] 2016-07-18 17:37:25,143: [rosapi-2] sent SIGINT to pgid [7086]
[roslaunch.pmon][INFO] 2016-07-18 17:37:25,136: ProcessMonitor exit: killing rosbridge_websocket-1
[roslaunch][INFO] 2016-07-18 17:37:25,145: [rosbridge_websocket-1] killing on exit
[roslaunch][INFO] 2016-07-18 17:37:25,145: process[rosbridge_websocket-1]: killing os process with pid[7085] pgid[7085]
[roslaunch][INFO] 2016-07-18 17:37:25,152: [rosbridge_websocket-1] sending SIGINT to pgid [7085]
[roslaunch][INFO] 2016-07-18 17:37:25,153: [rosbridge_websocket-1] sent SIGINT to pgid [7085]
[roslaunch][INFO] 2016-07-18 17:37:25,354: process[rosbridge_websocket-1]: SIGINT killed with return value 0
[roslaunch][INFO] 2016-07-18 17:37:25,847: process[rosapi-2]: SIGINT killed with return value 0
[roslaunch.pmon][INFO] 2016-07-18 17:37:25,848: ProcessMonitor exit: cleaning up data structures and signals
[roslaunch.pmon][INFO] 2016-07-18 17:37:25,849: ProcessMonitor exit: pmon has shutdown
[roslaunch][INFO] 2016-07-18 17:37:25,867: process monitor is done spinning, initiating full shutdown
[roslaunch][INFO] 2016-07-18 17:37:25,868: runner.stop()
[roslaunch][INFO] 2016-07-18 17:37:25,869: shutting down processing monitor...
[roslaunch][INFO] 2016-07-18 17:37:25,869: shutting down processing monitor <ProcessMonitor(ProcessMonitor-1, stopped daemon 139754515363584)>
[roslaunch.pmon][INFO] 2016-07-18 17:37:25,870: ProcessMonitor.shutdown <ProcessMonitor(ProcessMonitor-1, stopped daemon 139754515363584)>
[roslaunch][INFO] 2016-07-18 17:37:25,871: ... shutting down processing monitor complete
[roslaunch][INFO] 2016-07-18 17:37:25,871: done
[roslaunch.pmon][INFO] 2016-07-18 17:37:25,872: ProcessMonitor.shutdown <ProcessMonitor(ProcessMonitor-1, stopped daemon 139754515363584)>
[rospy.core][INFO] 2016-07-18 17:37:25,873: signal_shutdown [atexit]
