[roslaunch][INFO] 2016-07-18 20:05:09,443: Checking log directory for disk usage. This may take awhile.
Press Ctrl-C to interrupt
[roslaunch][INFO] 2016-07-18 20:05:09,586: Done checking log file disk usage. Usage is <1GB.
[roslaunch][INFO] 2016-07-18 20:05:09,587: roslaunch starting with args ['/opt/ros/indigo/bin/roslaunch', 'rosbridge_server', 'rosbridge_websocket.launch']
[roslaunch][INFO] 2016-07-18 20:05:09,588: roslaunch env is {'ROS_DISTRO': 'indigo', 'SSH_CLIENT': '10.0.2.2 60060 22', 'CPATH': '/opt/ros/indigo/include', 'LOGNAME': 'vagrant', 'USER': 'vagrant', 'HOME': '/home/vagrant', 'PATH': '/opt/ros/indigo/bin:/usr/local/sbin:/usr/local/bin:/usr/sbin:/usr/bin:/sbin:/bin:/usr/games:/usr/local/games', 'CMAKE_PREFIX_PATH': '/opt/ros/indigo', 'LD_LIBRARY_PATH': '/opt/ros/indigo/lib/x86_64-linux-gnu:/home/vagrant/therblig-motion-library/mico/wpi_jaco/devel/lib:/opt/ros/indigo/lib', 'LANG': 'en_US.UTF-8', 'TERM': 'screen', 'SHELL': '/bin/bash', 'ROS_LOG_FILENAME': '/home/vagrant/.ros/log/537e11d8-4940-11e6-a3ed-080027a2ea64/roslaunch-ros-indigo-desktop-trusty64-14910.log', 'SHLVL': '2', 'XDG_SESSION_ID': '16', 'QT_QPA_PLATFORMTHEME': 'appmenu-qt5', 'DISPLAY': 'localhost:10.0', 'ROS_ETC_DIR': '/opt/ros/indigo/etc/ros', 'XDG_RUNTIME_DIR': '/run/user/1000', 'PYTHONPATH': '/opt/ros/indigo/lib/python2.7/dist-packages', 'TMUX': '/tmp/tmux-1000/default,14605,0', 'ROS_ROOT': '/opt/ros/indigo/share/ros', 'PKG_CONFIG_PATH': '/opt/ros/indigo/lib/x86_64-linux-gnu/pkgconfig:/home/vagrant/therblig-motion-library/mico/wpi_jaco/devel/lib/pkgconfig:/opt/ros/indigo/lib/pkgconfig', 'ROS_PACKAGE_PATH': '/opt/ros/indigo/share:/opt/ros/indigo/stacks', 'ROS_TEST_RESULTS_DIR': '/home/vagrant/therblig-motion-library/mico/wpi_jaco/build/test_results', '_': '/opt/ros/indigo/bin/roslaunch', 'CATKIN_TEST_RESULTS_DIR': '/home/vagrant/therblig-motion-library/mico/wpi_jaco/build/test_results', 'SSH_TTY': '/dev/pts/0', 'ROSLISP_PACKAGE_DIRECTORIES': '', 'PWD': '/home/vagrant', 'ROS_MASTER_URI': 'http://localhost:11311', 'MAIL': '/var/mail/vagrant', 'SSH_CONNECTION': '10.0.2.2 60060 10.0.2.15 22', 'TMUX_PANE': '%1'}
[roslaunch][INFO] 2016-07-18 20:05:09,589: starting in server mode
[roslaunch.parent][INFO] 2016-07-18 20:05:09,590: starting roslaunch parent run
[roslaunch][INFO] 2016-07-18 20:05:09,591: loading roscore config file /opt/ros/indigo/etc/ros/roscore.xml
[roslaunch][INFO] 2016-07-18 20:05:09,739: Added core node of type [rosout/rosout] in namespace [/]
[roslaunch.config][INFO] 2016-07-18 20:05:09,740: loading config file /opt/ros/indigo/share/rosbridge_server/launch/rosbridge_websocket.launch
[roslaunch][INFO] 2016-07-18 20:05:09,742: Added node of type [rosbridge_server/rosbridge_websocket] in namespace [/]
[roslaunch][INFO] 2016-07-18 20:05:09,743: Added node of type [rosapi/rosapi_node] in namespace [/]
[roslaunch][INFO] 2016-07-18 20:05:09,743: ... selected machine [] for node of type [rosbridge_server/rosbridge_websocket]
[roslaunch][INFO] 2016-07-18 20:05:09,744: ... selected machine [] for node of type [rosapi/rosapi_node]
[roslaunch.pmon][INFO] 2016-07-18 20:05:09,745: start_process_monitor: creating ProcessMonitor
[roslaunch.pmon][INFO] 2016-07-18 20:05:09,746: created process monitor <ProcessMonitor(ProcessMonitor-1, initial daemon)>
[roslaunch.pmon][INFO] 2016-07-18 20:05:09,747: start_process_monitor: ProcessMonitor started
[roslaunch.parent][INFO] 2016-07-18 20:05:09,747: starting parent XML-RPC server
[roslaunch.server][INFO] 2016-07-18 20:05:09,748: starting roslaunch XML-RPC server
[roslaunch.server][INFO] 2016-07-18 20:05:09,749: waiting for roslaunch XML-RPC server to initialize
[xmlrpc][INFO] 2016-07-18 20:05:09,749: XML-RPC server binding to 0.0.0.0:0
[xmlrpc][INFO] 2016-07-18 20:05:09,750: Started XML-RPC server [http://ros-indigo-desktop-trusty64:37789/]
[xmlrpc][INFO] 2016-07-18 20:05:09,751: xml rpc node: starting XML-RPC server
[roslaunch][INFO] 2016-07-18 20:05:09,764: started roslaunch server http://ros-indigo-desktop-trusty64:37789/
[roslaunch.parent][INFO] 2016-07-18 20:05:09,765: ... parent XML-RPC server started
[roslaunch][INFO] 2016-07-18 20:05:09,767: master.is_running[http://localhost:11311]
[roslaunch][INFO] 2016-07-18 20:05:09,769: master.is_running[http://localhost:11311]
[roslaunch][INFO] 2016-07-18 20:05:09,772: ROS_MASTER_URI=http://localhost:11311
[roslaunch][INFO] 2016-07-18 20:05:09,776: setting /roslaunch/uris/host_ros_indigo_desktop_trusty64__37789' to http://ros-indigo-desktop-trusty64:37789/
[roslaunch][INFO] 2016-07-18 20:05:09,780: load_parameters starting ...
[roslaunch][INFO] 2016-07-18 20:05:09,791: ... load_parameters complete
[roslaunch][INFO] 2016-07-18 20:05:09,792: launch_nodes: launching local nodes ...
[roslaunch][INFO] 2016-07-18 20:05:09,792: ... preparing to launch node of type [rosbridge_server/rosbridge_websocket]
[roslaunch][INFO] 2016-07-18 20:05:09,793: create_node_process: package[rosbridge_server] type[rosbridge_websocket] machine[Machine(name[] env_loader[None] address[localhost] ssh_port[22] user[None] assignable[True] timeout[10.0])] master_uri[http://localhost:11311]
[roslaunch][INFO] 2016-07-18 20:05:09,794: process[rosbridge_websocket-1]: env[{'ROS_DISTRO': 'indigo', 'SSH_CLIENT': '10.0.2.2 60060 22', 'CPATH': '/opt/ros/indigo/include', 'LOGNAME': 'vagrant', 'USER': 'vagrant', 'HOME': '/home/vagrant', 'PATH': '/opt/ros/indigo/bin:/usr/local/sbin:/usr/local/bin:/usr/sbin:/usr/bin:/sbin:/bin:/usr/games:/usr/local/games', 'CMAKE_PREFIX_PATH': '/opt/ros/indigo', 'ROS_LOG_FILENAME': '/home/vagrant/.ros/log/537e11d8-4940-11e6-a3ed-080027a2ea64/roslaunch-ros-indigo-desktop-trusty64-14910.log', 'LANG': 'en_US.UTF-8', 'TERM': 'screen', 'SHELL': '/bin/bash', 'SHLVL': '2', 'ROS_TEST_RESULTS_DIR': '/home/vagrant/therblig-motion-library/mico/wpi_jaco/build/test_results', 'QT_QPA_PLATFORMTHEME': 'appmenu-qt5', 'DISPLAY': 'localhost:10.0', 'ROS_MASTER_URI': 'http://localhost:11311', 'XDG_RUNTIME_DIR': '/run/user/1000', 'PYTHONPATH': '/opt/ros/indigo/lib/python2.7/dist-packages', 'TMUX': '/tmp/tmux-1000/default,14605,0', 'ROS_ROOT': '/opt/ros/indigo/share/ros', 'PKG_CONFIG_PATH': '/opt/ros/indigo/lib/x86_64-linux-gnu/pkgconfig:/home/vagrant/therblig-motion-library/mico/wpi_jaco/devel/lib/pkgconfig:/opt/ros/indigo/lib/pkgconfig', 'ROS_PACKAGE_PATH': '/opt/ros/indigo/share:/opt/ros/indigo/stacks', 'XDG_SESSION_ID': '16', '_': '/opt/ros/indigo/bin/roslaunch', 'CATKIN_TEST_RESULTS_DIR': '/home/vagrant/therblig-motion-library/mico/wpi_jaco/build/test_results', 'LD_LIBRARY_PATH': '/opt/ros/indigo/lib/x86_64-linux-gnu:/home/vagrant/therblig-motion-library/mico/wpi_jaco/devel/lib:/opt/ros/indigo/lib', 'SSH_TTY': '/dev/pts/0', 'ROSLISP_PACKAGE_DIRECTORIES': '', 'PWD': '/home/vagrant', 'ROS_ETC_DIR': '/opt/ros/indigo/etc/ros', 'MAIL': '/var/mail/vagrant', 'SSH_CONNECTION': '10.0.2.2 60060 10.0.2.15 22', 'TMUX_PANE': '%1'}]
[roslaunch][INFO] 2016-07-18 20:05:09,825: process[rosbridge_websocket-1]: args[[u'/opt/ros/indigo/lib/rosbridge_server/rosbridge_websocket', u'__name:=rosbridge_websocket']]
[roslaunch][INFO] 2016-07-18 20:05:09,827: ... created process [rosbridge_websocket-1]
[roslaunch.pmon][INFO] 2016-07-18 20:05:09,828: ProcessMonitor.register[rosbridge_websocket-1]
[roslaunch.pmon][INFO] 2016-07-18 20:05:09,829: ProcessMonitor.register[rosbridge_websocket-1] complete
[roslaunch][INFO] 2016-07-18 20:05:09,829: ... registered process [rosbridge_websocket-1]
[roslaunch][INFO] 2016-07-18 20:05:09,830: process[rosbridge_websocket-1]: starting os process
[roslaunch][INFO] 2016-07-18 20:05:09,832: process[rosbridge_websocket-1]: start w/ args [[u'/opt/ros/indigo/lib/rosbridge_server/rosbridge_websocket', u'__name:=rosbridge_websocket', u'__log:=/home/vagrant/.ros/log/537e11d8-4940-11e6-a3ed-080027a2ea64/rosbridge_websocket-1.log']]
[roslaunch][INFO] 2016-07-18 20:05:09,832: process[rosbridge_websocket-1]: cwd will be [/home/vagrant/.ros]
[roslaunch][INFO] 2016-07-18 20:05:09,836: process[rosbridge_websocket-1]: started with pid [14928]
[roslaunch][INFO] 2016-07-18 20:05:09,838: ... successfully launched [rosbridge_websocket-1]
[roslaunch][INFO] 2016-07-18 20:05:09,839: ... preparing to launch node of type [rosapi/rosapi_node]
[roslaunch][INFO] 2016-07-18 20:05:09,840: create_node_process: package[rosapi] type[rosapi_node] machine[Machine(name[] env_loader[None] address[localhost] ssh_port[22] user[None] assignable[True] timeout[10.0])] master_uri[http://localhost:11311]
[roslaunch][INFO] 2016-07-18 20:05:09,841: process[rosapi-2]: env[{'ROS_DISTRO': 'indigo', 'SSH_CLIENT': '10.0.2.2 60060 22', 'CPATH': '/opt/ros/indigo/include', 'LOGNAME': 'vagrant', 'USER': 'vagrant', 'HOME': '/home/vagrant', 'PATH': '/opt/ros/indigo/bin:/usr/local/sbin:/usr/local/bin:/usr/sbin:/usr/bin:/sbin:/bin:/usr/games:/usr/local/games', 'CMAKE_PREFIX_PATH': '/opt/ros/indigo', 'ROS_LOG_FILENAME': '/home/vagrant/.ros/log/537e11d8-4940-11e6-a3ed-080027a2ea64/roslaunch-ros-indigo-desktop-trusty64-14910.log', 'LANG': 'en_US.UTF-8', 'TERM': 'screen', 'SHELL': '/bin/bash', 'SHLVL': '2', 'ROS_TEST_RESULTS_DIR': '/home/vagrant/therblig-motion-library/mico/wpi_jaco/build/test_results', 'QT_QPA_PLATFORMTHEME': 'appmenu-qt5', 'DISPLAY': 'localhost:10.0', 'ROS_MASTER_URI': 'http://localhost:11311', 'XDG_RUNTIME_DIR': '/run/user/1000', 'PYTHONPATH': '/opt/ros/indigo/lib/python2.7/dist-packages', 'TMUX': '/tmp/tmux-1000/default,14605,0', 'ROS_ROOT': '/opt/ros/indigo/share/ros', 'PKG_CONFIG_PATH': '/opt/ros/indigo/lib/x86_64-linux-gnu/pkgconfig:/home/vagrant/therblig-motion-library/mico/wpi_jaco/devel/lib/pkgconfig:/opt/ros/indigo/lib/pkgconfig', 'ROS_PACKAGE_PATH': '/opt/ros/indigo/share:/opt/ros/indigo/stacks', 'XDG_SESSION_ID': '16', '_': '/opt/ros/indigo/bin/roslaunch', 'CATKIN_TEST_RESULTS_DIR': '/home/vagrant/therblig-motion-library/mico/wpi_jaco/build/test_results', 'LD_LIBRARY_PATH': '/opt/ros/indigo/lib/x86_64-linux-gnu:/home/vagrant/therblig-motion-library/mico/wpi_jaco/devel/lib:/opt/ros/indigo/lib', 'SSH_TTY': '/dev/pts/0', 'ROSLISP_PACKAGE_DIRECTORIES': '', 'PWD': '/home/vagrant', 'ROS_ETC_DIR': '/opt/ros/indigo/etc/ros', 'MAIL': '/var/mail/vagrant', 'SSH_CONNECTION': '10.0.2.2 60060 10.0.2.15 22', 'TMUX_PANE': '%1'}]
[roslaunch][INFO] 2016-07-18 20:05:09,887: process[rosapi-2]: args[[u'/opt/ros/indigo/lib/rosapi/rosapi_node', u'__name:=rosapi']]
[roslaunch][INFO] 2016-07-18 20:05:09,889: ... created process [rosapi-2]
[roslaunch.pmon][INFO] 2016-07-18 20:05:09,889: ProcessMonitor.register[rosapi-2]
[roslaunch.pmon][INFO] 2016-07-18 20:05:09,890: ProcessMonitor.register[rosapi-2] complete
[roslaunch][INFO] 2016-07-18 20:05:09,890: ... registered process [rosapi-2]
[roslaunch][INFO] 2016-07-18 20:05:09,890: process[rosapi-2]: starting os process
[roslaunch][INFO] 2016-07-18 20:05:09,892: process[rosapi-2]: start w/ args [[u'/opt/ros/indigo/lib/rosapi/rosapi_node', u'__name:=rosapi', u'__log:=/home/vagrant/.ros/log/537e11d8-4940-11e6-a3ed-080027a2ea64/rosapi-2.log']]
[roslaunch][INFO] 2016-07-18 20:05:09,893: process[rosapi-2]: cwd will be [/home/vagrant/.ros]
[roslaunch][INFO] 2016-07-18 20:05:09,896: process[rosapi-2]: started with pid [14929]
[roslaunch][INFO] 2016-07-18 20:05:09,899: ... successfully launched [rosapi-2]
[roslaunch][INFO] 2016-07-18 20:05:09,900: ... launch_nodes complete
[roslaunch.pmon][INFO] 2016-07-18 20:05:09,901: registrations completed <ProcessMonitor(ProcessMonitor-1, started daemon 140490391152384)>
[roslaunch.parent][INFO] 2016-07-18 20:05:09,901: ... roslaunch parent running, waiting for process exit
[roslaunch][INFO] 2016-07-18 20:05:09,902: spin
[roslaunch.pmon][INFO] 2016-07-18 20:24:21,058: ProcessMonitor.shutdown <ProcessMonitor(ProcessMonitor-1, started daemon 140490391152384)>
[roslaunch.pmon][INFO] 2016-07-18 20:24:21,135: ProcessMonitor._post_run <ProcessMonitor(ProcessMonitor-1, started daemon 140490391152384)>
[roslaunch.pmon][INFO] 2016-07-18 20:24:21,136: ProcessMonitor._post_run <ProcessMonitor(ProcessMonitor-1, started daemon 140490391152384)>: remaining procs are [<roslaunch.nodeprocess.LocalProcess object at 0x7fc678042f50>, <roslaunch.nodeprocess.LocalProcess object at 0x7fc678001110>]
[roslaunch.pmon][INFO] 2016-07-18 20:24:21,137: ProcessMonitor exit: killing rosapi-2
[roslaunch][INFO] 2016-07-18 20:24:21,139: [rosapi-2] killing on exit
[roslaunch.pmon][INFO] 2016-07-18 20:24:21,139: ProcessMonitor exit: killing rosbridge_websocket-1
[roslaunch][INFO] 2016-07-18 20:24:21,141: process[rosapi-2]: killing os process with pid[14929] pgid[14929]
[roslaunch][INFO] 2016-07-18 20:24:21,142: [rosbridge_websocket-1] killing on exit
[roslaunch][INFO] 2016-07-18 20:24:21,143: [rosapi-2] sending SIGINT to pgid [14929]
[roslaunch][INFO] 2016-07-18 20:24:21,145: [rosapi-2] sent SIGINT to pgid [14929]
[roslaunch][INFO] 2016-07-18 20:24:21,144: process[rosbridge_websocket-1]: killing os process with pid[14928] pgid[14928]
[roslaunch][INFO] 2016-07-18 20:24:21,151: [rosbridge_websocket-1] sending SIGINT to pgid [14928]
[roslaunch][INFO] 2016-07-18 20:24:21,152: [rosbridge_websocket-1] sent SIGINT to pgid [14928]
[roslaunch][INFO] 2016-07-18 20:24:21,459: process[rosbridge_websocket-1]: SIGINT killed with return value 0
[roslaunch][INFO] 2016-07-18 20:24:21,972: process[rosapi-2]: SIGINT killed with return value 0
[roslaunch.pmon][INFO] 2016-07-18 20:24:21,973: ProcessMonitor exit: cleaning up data structures and signals
[roslaunch.pmon][INFO] 2016-07-18 20:24:21,974: ProcessMonitor exit: pmon has shutdown
[roslaunch][INFO] 2016-07-18 20:24:21,991: process monitor is done spinning, initiating full shutdown
[roslaunch][INFO] 2016-07-18 20:24:21,992: runner.stop()
[roslaunch][INFO] 2016-07-18 20:24:21,993: shutting down processing monitor...
[roslaunch][INFO] 2016-07-18 20:24:21,993: shutting down processing monitor <ProcessMonitor(ProcessMonitor-1, stopped daemon 140490391152384)>
[roslaunch.pmon][INFO] 2016-07-18 20:24:21,994: ProcessMonitor.shutdown <ProcessMonitor(ProcessMonitor-1, stopped daemon 140490391152384)>
[roslaunch][INFO] 2016-07-18 20:24:21,995: ... shutting down processing monitor complete
[roslaunch][INFO] 2016-07-18 20:24:21,996: done
[roslaunch.pmon][INFO] 2016-07-18 20:24:21,996: ProcessMonitor.shutdown <ProcessMonitor(ProcessMonitor-1, stopped daemon 140490391152384)>
[rospy.core][INFO] 2016-07-18 20:24:21,997: signal_shutdown [atexit]
