[roslaunch][INFO] 2016-07-18 17:38:30,566: Checking log director[33m[ WARN] [1468863530.838019484]: Shutdown request received.[0m
[33m[ WARN] [1468863530.838084875]: Reason given for shutdown: [new node registered with same name][0m
FO] 2016-07-18 17:38:30,677: roslaunch starting with args ['/opt/ros/indigo/bin/roslaunch', 'mico_moveit_config', 'path_planning.launch']
[roslaunch][INFO] 2016-07-18 17:38:30,678: roslaunch env is {'ROS_DISTRO': 'indigo', 'SSH_CLIENT': '10.0.2.2 51830 22', 'CPATH': '/home/vagrant/therblig-motion-library/mico/wpi_jaco/devel/include:/opt/ros/indigo/include', 'LOGNAME': 'vagrant', 'USER': 'vagrant', 'HOME': '/home/vagrant', 'PATH': '/home/vagrant/therblig-motion-library/mico/wpi_jaco/devel/bin:/opt/ros/indigo/bin:/usr/local/sbin:/usr/local/bin:/usr/sbin:/usr/bin:/sbin:/bin:/usr/games:/usr/local/games', 'CMAKE_PREFIX_PATH': '/home/vagrant/therblig-motion-library/mico/wpi_jaco/devel:/opt/ros/indigo', 'LD_LIBRARY_PATH': '/home/vagrant/therblig-motion-library/mico/wpi_jaco/devel/lib:/home/vagrant/therblig-motion-library/mico/wpi_jaco/devel/lib/x86_64-linux-gnu:/opt/ros/indigo/lib/x86_64-linux-gnu:/opt/ros/indigo/lib', 'LANG': 'en_US.UTF-8', 'TERM': 'xterm-256color', 'SHELL': '/bin/bash', 'SHLVL': '2', 'XDG_SESSION_ID': '5', 'QT_QPA_PLATFORMTHEME': 'appmenu-qt5', 'ROS_LOG_FILENAME': '/home/vagrant/.ros/log/537e11d8-4940-11e6-a3ed-080027a2ea64/roslaunch-ros-indigo-desktop-trusty64-7504.log', 'ROS_ETC_DIR': '/opt/ros/indigo/etc/ros', 'XDG_RUNTIME_DIR': '/run/user/1000', 'PYTHONPATH': '/home/vagrant/therblig-motion-library/mico/wpi_jaco/devel/lib/python2.7/dist-packages:/opt/ros/indigo/lib/python2.7/dist-packages', 'ROS_ROOT': '/opt/ros/indigo/share/ros', 'PKG_CONFIG_PATH': '/home/vagrant/therblig-motion-library/mico/wpi_jaco/devel/lib/pkgconfig:/home/vagrant/therblig-motion-library/mico/wpi_jaco/devel/lib/x86_64-linux-gnu/pkgconfig:/opt/ros/indigo/lib/x86_64-linux-gnu/pkgconfig:/opt/ros/indigo/lib/pkgconfig', 'ROS_PACKAGE_PATH': '/home/vagrant/therblig-motion-library/mico/wpi_jaco/src:/opt/ros/indigo/share:/opt/ros/indigo/stacks', 'ROS_TEST_RESULTS_DIR': '/home/vagrant/therblig-motion-library/mico/wpi_jaco/build/test_results', '_': '/opt/ros/indigo/bin/roslaunch', 'CATKIN_TEST_RESULTS_DIR': '/home/vagrant/therblig-motion-library/mico/wpi_jaco/build/test_results', 'SSH_TTY': '/dev/pts/0', 'OLDPWD': '/home/vagrant/therblig-motion-library/mico/wpi_jaco', 'ROSLISP_PACKAGE_DIRECTORIES': '/home/vagrant/therblig-motion-library/mico/wpi_jaco/devel/share/common-lisp', 'PWD': '/home/vagrant/therblig-motion-library/mico/wpi_jaco', 'ROS_MASTER_URI': 'http://localhost:11311', 'MAIL': '/var/mail/vagrant', 'SSH_CONNECTION': '10.0.2.2 51830 10.0.2.15 22'}
[roslaunch][INFO] 2016-07-18 17:38:30,678: starting in server mode
[roslaunch.parent][INFO] 2016-07-18 17:38:30,679: starting roslaunch parent run
[roslaunch][INFO] 2016-07-18 17:38:30,680: loading roscore config file /opt/ros/indigo/etc/ros/roscore.xml
[roslaunch][INFO] 2016-07-18 17:38:32,665: Added core node of type [rosout/rosout] in namespace [/]
[roslaunch.config][INFO] 2016-07-18 17:38:32,666: loading config file /home/vagrant/therblig-motion-library/mico/wpi_jaco/src/mico_moveit_config/launch/path_planning.launch
[roslaunch][INFO] 2016-07-18 17:38:34,406: Added node of type [wpi_jaco_wrapper/jaco_arm_trajectory_node] in namespace [/]
[roslaunch][INFO] 2016-07-18 17:38:34,408: Added node of type [wpi_jaco_wrapper/jaco_manipulation] in namespace [/]
[roslaunch][INFO] 2016-07-18 17:38:34,408: Added node of type [wpi_jaco_wrapper/jaco_conversions] in namespace [/]
[roslaunch][INFO] 2016-07-18 17:38:34,409: Added node of type [wpi_jaco_wrapper/jaco_kinematics] in namespace [/]
[roslaunch][INFO] 2016-07-18 17:38:36,657: Added node of type [robot_state_publisher/robot_state_publisher] in namespace [/]
[roslaunch][INFO] 2016-07-18 17:38:36,658: Added node of type [joint_state_publisher/joint_state_publisher] in namespace [/]
[roslaunch][INFO] 2016-07-18 17:38:44,675: Added node of type [moveit_ros_move_group/move_group] in namespace [/]
[roslaunch][INFO] 2016-07-18 17:38:45,300: Added node of type [rviz/rviz] in namespace [/]
[roslaunch][INFO] 2016-07-18 17:38:45,301: ... selected machine [] for node of type [wpi_jaco_wrapper/jaco_arm_trajectory_node]
[roslaunch][INFO] 2016-07-18 17:38:45,302: ... selected machine [] for node of type [wpi_jaco_wrapper/jaco_manipulation]
[roslaunch][INFO] 2016-07-18 17:38:45,303: ... selected machine [] for node of type [wpi_jaco_wrapper/jaco_conversions]
[roslaunch][INFO] 2016-07-18 17:38:45,303: ... selected machine [] for node of type [wpi_jaco_wrapper/jaco_kinematics]
[roslaunch][INFO] 2016-07-18 17:38:45,304: ... selected machine [] for node of type [robot_state_publisher/robot_state_publisher]
[roslaunch][INFO] 2016-07-18 17:38:45,305: ... selected machine [] for node of type [joint_state_publisher/joint_state_publisher]
[roslaunch][INFO] 2016-07-18 17:38:45,305: ... selected machine [] for node of type [moveit_ros_move_group/move_group]
[roslaunch][INFO] 2016-07-18 17:38:45,306: ... selected machine [] for node of type [rviz/rviz]
[roslaunch.pmon][INFO] 2016-07-18 17:38:45,316: start_process_monitor: creating ProcessMonitor
[roslaunch.pmon][INFO] 2016-07-18 17:38:45,317: created process monitor <ProcessMonitor(ProcessMonitor-1, initial daemon)>
[roslaunch.pmon][INFO] 2016-07-18 17:38:45,318: start_process_monitor: ProcessMonitor started
[roslaunch.parent][INFO] 2016-07-18 17:38:45,319: starting parent XML-RPC server
[roslaunch.server][INFO] 2016-07-18 17:38:45,319: starting roslaunch XML-RPC server
[roslaunch.server][INFO] 2016-07-18 17:38:45,320: waiting for roslaunch XML-RPC server to initialize
[xmlrpc][INFO] 2016-07-18 17:38:45,320: XML-RPC server binding to 0.0.0.0:0
[xmlrpc][INFO] 2016-07-18 17:38:45,321: Started XML-RPC server [http://ros-indigo-desktop-trusty64:35118/]
[xmlrpc][INFO] 2016-07-18 17:38:45,322: xml rpc node: starting XML-RPC server
[roslaunch][INFO] 2016-07-18 17:38:45,337: started roslaunch server http://ros-indigo-desktop-trusty64:35118/
[roslaunch.parent][INFO] 2016-07-18 17:38:45,338: ... parent XML-RPC server started
[roslaunch][INFO] 2016-07-18 17:38:45,367: master.is_running[http://localhost:11311]
[roslaunch][INFO] 2016-07-18 17:38:45,371: master.is_running[http://localhost:11311]
[roslaunch][INFO] 2016-07-18 17:38:45,374: ROS_MASTER_URI=http://localhost:11311
[roslaunch][INFO] 2016-07-18 17:38:45,380: setting /roslaunch/uris/host_ros_indigo_desktop_trusty64__35118' to http://ros-indigo-desktop-trusty64:35118/
[roslaunch][INFO] 2016-07-18 17:38:45,386: load_parameters starting ...
[roslaunch][INFO] 2016-07-18 17:38:45,508: ... load_parameters complete
[roslaunch][INFO] 2016-07-18 17:38:45,509: launch_nodes: launching local nodes ...
[roslaunch][INFO] 2016-07-18 17:38:45,510: ... preparing to launch node of type [wpi_jaco_wrapper/jaco_arm_trajectory_node]
[roslaunch][INFO] 2016-07-18 17:38:45,510: create_node_process: package[wpi_jaco_wrapper] type[jaco_arm_trajectory_node] machine[Machine(name[] env_loader[None] address[localhost] ssh_port[22] user[None] assignable[True] timeout[10.0])] master_uri[http://localhost:11311]
[roslaunch][INFO] 2016-07-18 17:38:45,511: process[jaco_arm_trajectory_node-1]: env[{'ROS_DISTRO': 'indigo', 'SSH_CLIENT': '10.0.2.2 51830 22', 'CPATH': '/home/vagrant/therblig-motion-library/mico/wpi_jaco/devel/include:/opt/ros/indigo/include', 'LOGNAME': 'vagrant', 'USER': 'vagrant', 'HOME': '/home/vagrant', 'PATH': '/home/vagrant/therblig-motion-library/mico/wpi_jaco/devel/bin:/opt/ros/indigo/bin:/usr/local/sbin:/usr/local/bin:/usr/sbin:/usr/bin:/sbin:/bin:/usr/games:/usr/local/games', 'CMAKE_PREFIX_PATH': '/home/vagrant/therblig-motion-library/mico/wpi_jaco/devel:/opt/ros/indigo', 'ROS_LOG_FILENAME': '/home/vagrant/.ros/log/537e11d8-4940-11e6-a3ed-080027a2ea64/roslaunch-ros-indigo-desktop-trusty64-7504.log', 'LANG': 'en_US.UTF-8', 'TERM': 'xterm-256color', 'SHELL': '/bin/bash', 'SHLVL': '2', 'ROS_TEST_RESULTS_DIR': '/home/vagrant/therblig-motion-library/mico/wpi_jaco/build/test_results', 'QT_QPA_PLATFORMTHEME': 'appmenu-qt5', 'LD_LIBRARY_PATH': '/home/vagrant/therblig-motion-library/mico/wpi_jaco/devel/lib:/home/vagrant/therblig-motion-library/mico/wpi_jaco/devel/lib/x86_64-linux-gnu:/opt/ros/indigo/lib/x86_64-linux-gnu:/opt/ros/indigo/lib', 'ROS_MASTER_URI': 'http://localhost:11311', 'XDG_RUNTIME_DIR': '/run/user/1000', 'PYTHONPATH': '/home/vagrant/therblig-motion-library/mico/wpi_jaco/devel/lib/python2.7/dist-packages:/opt/ros/indigo/lib/python2.7/dist-packages', 'ROS_ROOT': '/opt/ros/indigo/share/ros', 'PKG_CONFIG_PATH': '/home/vagrant/therblig-motion-library/mico/wpi_jaco/devel/lib/pkgconfig:/home/vagrant/therblig-motion-library/mico/wpi_jaco/devel/lib/x86_64-linux-gnu/pkgconfig:/opt/ros/indigo/lib/x86_64-linux-gnu/pkgconfig:/opt/ros/indigo/lib/pkgconfig', 'ROS_PACKAGE_PATH': '/home/vagrant/therblig-motion-library/mico/wpi_jaco/src:/opt/ros/indigo/share:/opt/ros/indigo/stacks', 'XDG_SESSION_ID': '5', '_': '/opt/ros/indigo/bin/roslaunch', 'CATKIN_TEST_RESULTS_DIR': '/home/vagrant/therblig-motion-library/mico/wpi_jaco/build/test_results', 'SSH_TTY': '/dev/pts/0', 'OLDPWD': '/home/vagrant/therblig-motion-library/mico/wpi_jaco', 'ROSLISP_PACKAGE_DIRECTORIES': '/home/vagrant/therblig-motion-library/mico/wpi_jaco/devel/share/common-lisp', 'PWD': '/home/vagrant/therblig-motion-library/mico/wpi_jaco', 'ROS_ETC_DIR': '/opt/ros/indigo/etc/ros', 'MAIL': '/var/mail/vagrant', 'SSH_CONNECTION': '10.0.2.2 51830 10.0.2.15 22'}]
[roslaunch][INFO] 2016-07-18 17:38:46,533: process[jaco_arm_trajectory_node-1]: args[[u'/home/vagrant/therblig-motion-library/mico/wpi_jaco/devel/lib/wpi_jaco_wrapper/jaco_arm_trajectory_node', u'mico_arm/fingers_controller:=mico_arm/fingers_controller/gripper', u'mico_arm/arm_controller:=mico_arm/arm_controller/trajectory', u'mico_arm/smooth_arm_controller:=mico_arm/smooth_arm_controller/trajectory', u'mico_arm/joint_velocity_controller:=mico_arm/joint_velocity_controller/trajectory', u'__name:=jaco_arm_trajectory_node']]
[roslaunch][INFO] 2016-07-18 17:38:46,533: ... created process [jaco_arm_trajectory_node-1]
[roslaunch.pmon][INFO] 2016-07-18 17:38:46,533: ProcessMonitor.register[jaco_arm_trajectory_node-1]
[roslaunch.pmon][INFO] 2016-07-18 17:38:46,534: ProcessMonitor.register[jaco_arm_trajectory_node-1] complete
[roslaunch][INFO] 2016-07-18 17:38:46,534: ... registered process [jaco_arm_trajectory_node-1]
[roslaunch][INFO] 2016-07-18 17:38:46,535: process[jaco_arm_trajectory_node-1]: starting os process
[roslaunch][INFO] 2016-07-18 17:38:46,535: process[jaco_arm_trajectory_node-1]: start w/ args [[u'/home/vagrant/therblig-motion-library/mico/wpi_jaco/devel/lib/wpi_jaco_wrapper/jaco_arm_trajectory_node', u'mico_arm/fingers_controller:=mico_arm/fingers_controller/gripper', u'mico_arm/arm_controller:=mico_arm/arm_controller/trajectory', u'mico_arm/smooth_arm_controller:=mico_arm/smooth_arm_controller/trajectory', u'mico_arm/joint_velocity_controller:=mico_arm/joint_velocity_controller/trajectory', u'__name:=jaco_arm_trajectory_node', u'__log:=/home/vagrant/.ros/log/537e11d8-4940-11e6-a3ed-080027a2ea64/jaco_arm_trajectory_node-1.log']]
[roslaunch][INFO] 2016-07-18 17:38:46,536: process[jaco_arm_trajectory_node-1]: cwd will be [/home/vagrant/.ros]
[roslaunch][INFO] 2016-07-18 17:38:46,542: process[jaco_arm_trajectory_node-1]: started with pid [7528]
[roslaunch][INFO] 2016-07-18 17:38:46,543: ... successfully launched [jaco_arm_trajectory_node-1]
[roslaunch][INFO] 2016-07-18 17:38:46,544: ... preparing to launch node of type [wpi_jaco_wrapper/jaco_manipulation]
[roslaunch][INFO] 2016-07-18 17:38:46,545: create_node_process: package[wpi_jaco_wrapper] type[jaco_manipulation] machine[Machine(name[] env_loader[None] address[localhost] ssh_port[22] user[None] assignable[True] timeout[10.0])] master_uri[http://localhost:11311]
[roslaunch][INFO] 2016-07-18 17:38:46,546: process[jaco_manipulation-2]: env[{'ROS_DISTRO': 'indigo', 'SSH_CLIENT': '10.0.2.2 51830 22', 'CPATH': '/home/vagrant/therblig-motion-library/mico/wpi_jaco/devel/include:/opt/ros/indigo/include', 'LOGNAME': 'vagrant', 'USER': 'vagrant', 'HOME': '/home/vagrant', 'PATH': '/home/vagrant/therblig-motion-library/mico/wpi_jaco/devel/bin:/opt/ros/indigo/bin:/usr/local/sbin:/usr/local/bin:/usr/sbin:/usr/bin:/sbin:/bin:/usr/games:/usr/local/games', 'CMAKE_PREFIX_PATH': '/home/vagrant/therblig-motion-library/mico/wpi_jaco/devel:/opt/ros/indigo', 'ROS_LOG_FILENAME': '/home/vagrant/.ros/log/537e11d8-4940-11e6-a3ed-080027a2ea64/roslaunch-ros-indigo-desktop-trusty64-7504.log', 'LANG': 'en_US.UTF-8', 'TERM': 'xterm-256color', 'SHELL': '/bin/bash', 'SHLVL': '2', 'ROS_TEST_RESULTS_DIR': '/home/vagrant/therblig-motion-library/mico/wpi_jaco/build/test_results', 'QT_QPA_PLATFORMTHEME': 'appmenu-qt5', 'LD_LIBRARY_PATH': '/home/vagrant/therblig-motion-library/mico/wpi_jaco/devel/lib:/home/vagrant/therblig-motion-library/mico/wpi_jaco/devel/lib/x86_64-linux-gnu:/opt/ros/indigo/lib/x86_64-linux-gnu:/opt/ros/indigo/lib', 'ROS_MASTER_URI': 'http://localhost:11311', 'XDG_RUNTIME_DIR': '/run/user/1000', 'PYTHONPATH': '/home/vagrant/therblig-motion-library/mico/wpi_jaco/devel/lib/python2.7/dist-packages:/opt/ros/indigo/lib/python2.7/dist-packages', 'ROS_ROOT': '/opt/ros/indigo/share/ros', 'PKG_CONFIG_PATH': '/home/vagrant/therblig-motion-library/mico/wpi_jaco/devel/lib/pkgconfig:/home/vagrant/therblig-motion-library/mico/wpi_jaco/devel/lib/x86_64-linux-gnu/pkgconfig:/opt/ros/indigo/lib/x86_64-linux-gnu/pkgconfig:/opt/ros/indigo/lib/pkgconfig', 'ROS_PACKAGE_PATH': '/home/vagrant/therblig-motion-library/mico/wpi_jaco/src:/opt/ros/indigo/share:/opt/ros/indigo/stacks', 'XDG_SESSION_ID': '5', '_': '/opt/ros/indigo/bin/roslaunch', 'CATKIN_TEST_RESULTS_DIR': '/home/vagrant/therblig-motion-library/mico/wpi_jaco/build/test_results', 'SSH_TTY': '/dev/pts/0', 'OLDPWD': '/home/vagrant/therblig-motion-library/mico/wpi_jaco', 'ROSLISP_PACKAGE_DIRECTORIES': '/home/vagrant/therblig-motion-library/mico/wpi_jaco/devel/share/common-lisp', 'PWD': '/home/vagrant/therblig-motion-library/mico/wpi_jaco', 'ROS_ETC_DIR': '/opt/ros/indigo/etc/ros', 'MAIL': '/var/mail/vagrant', 'SSH_CONNECTION': '10.0.2.2 51830 10.0.2.15 22'}]
[roslaunch][INFO] 2016-07-18 17:38:47,702: process[jaco_manipulation-2]: args[[u'/home/vagrant/therblig-motion-library/mico/wpi_jaco/devel/lib/wpi_jaco_wrapper/jaco_manipulation', u'__name:=jaco_manipulation']]
[roslaunch][INFO] 2016-07-18 17:38:47,703: ... created process [jaco_manipulation-2]
[roslaunch.pmon][INFO] 2016-07-18 17:38:47,703: ProcessMonitor.register[jaco_manipulation-2]
[roslaunch.pmon][INFO] 2016-07-18 17:38:47,704: ProcessMonitor.register[jaco_manipulation-2] complete
[roslaunch][INFO] 2016-07-18 17:38:47,704: ... registered process [jaco_manipulation-2]
[roslaunch][INFO] 2016-07-18 17:38:47,704: process[jaco_manipulation-2]: starting os process
[roslaunch][INFO] 2016-07-18 17:38:47,705: process[jaco_manipulation-2]: start w/ args [[u'/home/vagrant/therblig-motion-library/mico/wpi_jaco/devel/lib/wpi_jaco_wrapper/jaco_manipulation', u'__name:=jaco_manipulation', u'__log:=/home/vagrant/.ros/log/537e11d8-4940-11e6-a3ed-080027a2ea64/jaco_manipulation-2.log']]
[roslaunch][INFO] 2016-07-18 17:38:47,706: process[jaco_manipulation-2]: cwd will be [/home/vagrant/.ros]
[roslaunch][INFO] 2016-07-18 17:38:47,712: process[jaco_manipulation-2]: started with pid [7557]
[roslaunch][INFO] 2016-07-18 17:38:47,713: ... successfully launched [jaco_manipulation-2]
[roslaunch][INFO] 2016-07-18 17:38:47,714: ... preparing to launch node of type [wpi_jaco_wrapper/jaco_conversions]
[roslaunch][INFO] 2016-07-18 17:38:47,715: create_node_process: package[wpi_jaco_wrapper] type[jaco_conversions] machine[Machine(name[] env_loader[None] address[localhost] ssh_port[22] user[None] assignable[True] timeout[10.0])] master_uri[http://localhost:11311]
[roslaunch][INFO] 2016-07-18 17:38:47,717: process[jaco_conversions-3]: env[{'ROS_DISTRO': 'indigo', 'SSH_CLIENT': '10.0.2.2 51830 22', 'CPATH': '/home/vagrant/therblig-motion-library/mico/wpi_jaco/devel/include:/opt/ros/indigo/include', 'LOGNAME': 'vagrant', 'USER': 'vagrant', 'HOME': '/home/vagrant', 'PATH': '/home/vagrant/therblig-motion-library/mico/wpi_jaco/devel/bin:/opt/ros/indigo/bin:/usr/local/sbin:/usr/local/bin:/usr/sbin:/usr/bin:/sbin:/bin:/usr/games:/usr/local/games', 'CMAKE_PREFIX_PATH': '/home/vagrant/therblig-motion-library/mico/wpi_jaco/devel:/opt/ros/indigo', 'ROS_LOG_FILENAME': '/home/vagrant/.ros/log/537e11d8-4940-11e6-a3ed-080027a2ea64/roslaunch-ros-indigo-desktop-trusty64-7504.log', 'LANG': 'en_US.UTF-8', 'TERM': 'xterm-256color', 'SHELL': '/bin/bash', 'SHLVL': '2', 'ROS_TEST_RESULTS_DIR': '/home/vagrant/therblig-motion-library/mico/wpi_jaco/build/test_results', 'QT_QPA_PLATFORMTHEME': 'appmenu-qt5', 'LD_LIBRARY_PATH': '/home/vagrant/therblig-motion-library/mico/wpi_jaco/devel/lib:/home/vagrant/therblig-motion-library/mico/wpi_jaco/devel/lib/x86_64-linux-gnu:/opt/ros/indigo/lib/x86_64-linux-gnu:/opt/ros/indigo/lib', 'ROS_MASTER_URI': 'http://localhost:11311', 'XDG_RUNTIME_DIR': '/run/user/1000', 'PYTHONPATH': '/home/vagrant/therblig-motion-library/mico/wpi_jaco/devel/lib/python2.7/dist-packages:/opt/ros/indigo/lib/python2.7/dist-packages', 'ROS_ROOT': '/opt/ros/indigo/share/ros', 'PKG_CONFIG_PATH': '/home/vagrant/therblig-motion-library/mico/wpi_jaco/devel/lib/pkgconfig:/home/vagrant/therblig-motion-library/mico/wpi_jaco/devel/lib/x86_64-linux-gnu/pkgconfig:/opt/ros/indigo/lib/x86_64-linux-gnu/pkgconfig:/opt/ros/indigo/lib/pkgconfig', 'ROS_PACKAGE_PATH': '/home/vagrant/therblig-motion-library/mico/wpi_jaco/src:/opt/ros/indigo/share:/opt/ros/indigo/stacks', 'XDG_SESSION_ID': '5', '_': '/opt/ros/indigo/bin/roslaunch', 'CATKIN_TEST_RESULTS_DIR': '/home/vagrant/therblig-motion-library/mico/wpi_jaco/build/test_results', 'SSH_TTY': '/dev/pts/0', 'OLDPWD': '/home/vagrant/therblig-motion-library/mico/wpi_jaco', 'ROSLISP_PACKAGE_DIRECTORIES': '/home/vagrant/therblig-motion-library/mico/wpi_jaco/devel/share/common-lisp', 'PWD': '/home/vagrant/therblig-motion-library/mico/wpi_jaco', 'ROS_ETC_DIR': '/opt/ros/indigo/etc/ros', 'MAIL': '/var/mail/vagrant', 'SSH_CONNECTION': '10.0.2.2 51830 10.0.2.15 22'}]
[roslaunch][INFO] 2016-07-18 17:38:48,890: process[jaco_conversions-3]: args[[u'/home/vagrant/therblig-motion-library/mico/wpi_jaco/devel/lib/wpi_jaco_wrapper/jaco_conversions', u'__name:=jaco_conversions']]
[roslaunch][INFO] 2016-07-18 17:38:48,891: ... created process [jaco_conversions-3]
[roslaunch.pmon][INFO] 2016-07-18 17:38:48,893: ProcessMonitor.register[jaco_conversions-3]
[roslaunch.pmon][INFO] 2016-07-18 17:38:48,895: ProcessMonitor.register[jaco_conversions-3] complete
[roslaunch][INFO] 2016-07-18 17:38:48,897: ... registered process [jaco_conversions-3]
[roslaunch][INFO] 2016-07-18 17:38:48,897: process[jaco_conversions-3]: starting os process
[roslaunch][INFO] 2016-07-18 17:38:48,901: process[jaco_conversions-3]: start w/ args [[u'/home/vagrant/therblig-motion-library/mico/wpi_jaco/devel/lib/wpi_jaco_wrapper/jaco_conversions', u'__name:=jaco_conversions', u'__log:=/home/vagrant/.ros/log/537e11d8-4940-11e6-a3ed-080027a2ea64/jaco_conversions-3.log']]
[roslaunch][INFO] 2016-07-18 17:38:48,901: process[jaco_conversions-3]: cwd will be [/home/vagrant/.ros]
[roslaunch][INFO] 2016-07-18 17:38:48,909: process[jaco_conversions-3]: started with pid [7618]
[roslaunch][INFO] 2016-07-18 17:38:48,910: ... successfully launched [jaco_conversions-3]
[roslaunch][INFO] 2016-07-18 17:38:48,911: ... preparing to launch node of type [wpi_jaco_wrapper/jaco_kinematics]
[roslaunch][INFO] 2016-07-18 17:38:48,911: create_node_process: package[wpi_jaco_wrapper] type[jaco_kinematics] machine[Machine(name[] env_loader[None] address[localhost] ssh_port[22] user[None] assignable[True] timeout[10.0])] master_uri[http://localhost:11311]
[roslaunch][INFO] 2016-07-18 17:38:48,912: process[jaco_kinematics-4]: env[{'ROS_DISTRO': 'indigo', 'SSH_CLIENT': '10.0.2.2 51830 22', 'CPATH': '/home/vagrant/therblig-motion-library/mico/wpi_jaco/devel/include:/opt/ros/indigo/include', 'LOGNAME': 'vagrant', 'USER': 'vagrant', 'HOME': '/home/vagrant', 'PATH': '/home/vagrant/therblig-motion-library/mico/wpi_jaco/devel/bin:/opt/ros/indigo/bin:/usr/local/sbin:/usr/local/bin:/usr/sbin:/usr/bin:/sbin:/bin:/usr/games:/usr/local/games', 'CMAKE_PREFIX_PATH': '/home/vagrant/therblig-motion-library/mico/wpi_jaco/devel:/opt/ros/indigo', 'ROS_LOG_FILENAME': '/home/vagrant/.ros/log/537e11d8-4940-11e6-a3ed-080027a2ea64/roslaunch-ros-indigo-desktop-trusty64-7504.log', 'LANG': 'en_US.UTF-8', 'TERM': 'xterm-256color', 'SHELL': '/bin/bash', 'SHLVL': '2', 'ROS_TEST_RESULTS_DIR': '/home/vagrant/therblig-motion-library/mico/wpi_jaco/build/test_results', 'QT_QPA_PLATFORMTHEME': 'appmenu-qt5', 'LD_LIBRARY_PATH': '/home/vagrant/therblig-motion-library/mico/wpi_jaco/devel/lib:/home/vagrant/therblig-motion-library/mico/wpi_jaco/devel/lib/x86_64-linux-gnu:/opt/ros/indigo/lib/x86_64-linux-gnu:/opt/ros/indigo/lib', 'ROS_MASTER_URI': 'http://localhost:11311', 'XDG_RUNTIME_DIR': '/run/user/1000', 'PYTHONPATH': '/home/vagrant/therblig-motion-library/mico/wpi_jaco/devel/lib/python2.7/dist-packages:/opt/ros/indigo/lib/python2.7/dist-packages', 'ROS_ROOT': '/opt/ros/indigo/share/ros', 'PKG_CONFIG_PATH': '/home/vagrant/therblig-motion-library/mico/wpi_jaco/devel/lib/pkgconfig:/home/vagrant/therblig-motion-library/mico/wpi_jaco/devel/lib/x86_64-linux-gnu/pkgconfig:/opt/ros/indigo/lib/x86_64-linux-gnu/pkgconfig:/opt/ros/indigo/lib/pkgconfig', 'ROS_PACKAGE_PATH': '/home/vagrant/therblig-motion-library/mico/wpi_jaco/src:/opt/ros/indigo/share:/opt/ros/indigo/stacks', 'XDG_SESSION_ID': '5', '_': '/opt/ros/indigo/bin/roslaunch', 'CATKIN_TEST_RESULTS_DIR': '/home/vagrant/therblig-motion-library/mico/wpi_jaco/build/test_results', 'SSH_TTY': '/dev/pts/0', 'OLDPWD': '/home/vagrant/therblig-motion-library/mico/wpi_jaco', 'ROSLISP_PACKAGE_DIRECTORIES': '/home/vagrant/therblig-motion-library/mico/wpi_jaco/devel/share/common-lisp', 'PWD': '/home/vagrant/therblig-motion-library/mico/wpi_jaco', 'ROS_ETC_DIR': '/opt/ros/indigo/etc/ros', 'MAIL': '/var/mail/vagrant', 'SSH_CONNECTION': '10.0.2.2 51830 10.0.2.15 22'}]
[roslaunch][INFO] 2016-07-18 17:38:49,851: process[jaco_kinematics-4]: args[[u'/home/vagrant/therblig-motion-library/mico/wpi_jaco/devel/lib/wpi_jaco_wrapper/jaco_kinematics', u'__name:=jaco_kinematics']]
[roslaunch][INFO] 2016-07-18 17:38:49,851: ... created process [jaco_kinematics-4]
[roslaunch.pmon][INFO] 2016-07-18 17:38:49,852: ProcessMonitor.register[jaco_kinematics-4]
[roslaunch.pmon][INFO] 2016-07-18 17:38:49,853: ProcessMonitor.register[jaco_kinematics-4] complete
[roslaunch][INFO] 2016-07-18 17:38:49,853: ... registered process [jaco_kinematics-4]
[roslaunch][INFO] 2016-07-18 17:38:49,853: process[jaco_kinematics-4]: starting os process
[roslaunch][INFO] 2016-07-18 17:38:49,856: process[jaco_kinematics-4]: start w/ args [[u'/home/vagrant/therblig-motion-library/mico/wpi_jaco/devel/lib/wpi_jaco_wrapper/jaco_kinematics', u'__name:=jaco_kinematics', u'__log:=/home/vagrant/.ros/log/537e11d8-4940-11e6-a3ed-080027a2ea64/jaco_kinematics-4.log']]
[roslaunch][INFO] 2016-07-18 17:38:49,856: process[jaco_kinematics-4]: cwd will be [/home/vagrant/.ros]
[roslaunch][INFO] 2016-07-18 17:38:49,864: process[jaco_kinematics-4]: started with pid [7637]
[roslaunch][INFO] 2016-07-18 17:38:49,866: ... successfully launched [jaco_kinematics-4]
[roslaunch][INFO] 2016-07-18 17:38:49,867: ... preparing to launch node of type [robot_state_publisher/robot_state_publisher]
[roslaunch][INFO] 2016-07-18 17:38:49,867: create_node_process: package[robot_state_publisher] type[robot_state_publisher] machine[Machine(name[] env_loader[None] address[localhost] ssh_port[22] user[None] assignable[True] timeout[10.0])] master_uri[http://localhost:11311]
[roslaunch][INFO] 2016-07-18 17:38:49,868: process[robot_state_publisher-5]: env[{'ROS_DISTRO': 'indigo', 'SSH_CLIENT': '10.0.2.2 51830 22', 'CPATH': '/home/vagrant/therblig-motion-library/mico/wpi_jaco/devel/include:/opt/ros/indigo/include', 'LOGNAME': 'vagrant', 'USER': 'vagrant', 'HOME': '/home/vagrant', 'PATH': '/home/vagrant/therblig-motion-library/mico/wpi_jaco/devel/bin:/opt/ros/indigo/bin:/usr/local/sbin:/usr/local/bin:/usr/sbin:/usr/bin:/sbin:/bin:/usr/games:/usr/local/games', 'CMAKE_PREFIX_PATH': '/home/vagrant/therblig-motion-library/mico/wpi_jaco/devel:/opt/ros/indigo', 'ROS_LOG_FILENAME': '/home/vagrant/.ros/log/537e11d8-4940-11e6-a3ed-080027a2ea64/roslaunch-ros-indigo-desktop-trusty64-7504.log', 'LANG': 'en_US.UTF-8', 'TERM': 'xterm-256color', 'SHELL': '/bin/bash', 'SHLVL': '2', 'ROS_TEST_RESULTS_DIR': '/home/vagrant/therblig-motion-library/mico/wpi_jaco/build/test_results', 'QT_QPA_PLATFORMTHEME': 'appmenu-qt5', 'LD_LIBRARY_PATH': '/home/vagrant/therblig-motion-library/mico/wpi_jaco/devel/lib:/home/vagrant/therblig-motion-library/mico/wpi_jaco/devel/lib/x86_64-linux-gnu:/opt/ros/indigo/lib/x86_64-linux-gnu:/opt/ros/indigo/lib', 'ROS_MASTER_URI': 'http://localhost:11311', 'XDG_RUNTIME_DIR': '/run/user/1000', 'PYTHONPATH': '/home/vagrant/therblig-motion-library/mico/wpi_jaco/devel/lib/python2.7/dist-packages:/opt/ros/indigo/lib/python2.7/dist-packages', 'ROS_ROOT': '/opt/ros/indigo/share/ros', 'PKG_CONFIG_PATH': '/home/vagrant/therblig-motion-library/mico/wpi_jaco/devel/lib/pkgconfig:/home/vagrant/therblig-motion-library/mico/wpi_jaco/devel/lib/x86_64-linux-gnu/pkgconfig:/opt/ros/indigo/lib/x86_64-linux-gnu/pkgconfig:/opt/ros/indigo/lib/pkgconfig', 'ROS_PACKAGE_PATH': '/home/vagrant/therblig-motion-library/mico/wpi_jaco/src:/opt/ros/indigo/share:/opt/ros/indigo/stacks', 'XDG_SESSION_ID': '5', '_': '/opt/ros/indigo/bin/roslaunch', 'CATKIN_TEST_RESULTS_DIR': '/home/vagrant/therblig-motion-library/mico/wpi_jaco/build/test_results', 'SSH_TTY': '/dev/pts/0', 'OLDPWD': '/home/vagrant/therblig-motion-library/mico/wpi_jaco', 'ROSLISP_PACKAGE_DIRECTORIES': '/home/vagrant/therblig-motion-library/mico/wpi_jaco/devel/share/common-lisp', 'PWD': '/home/vagrant/therblig-motion-library/mico/wpi_jaco', 'ROS_ETC_DIR': '/opt/ros/indigo/etc/ros', 'MAIL': '/var/mail/vagrant', 'SSH_CONNECTION': '10.0.2.2 51830 10.0.2.15 22'}]
[roslaunch][INFO] 2016-07-18 17:38:50,713: process[robot_state_publisher-5]: args[[u'/opt/ros/indigo/lib/robot_state_publisher/robot_state_publisher', u'__name:=robot_state_publisher']]
[roslaunch][INFO] 2016-07-18 17:38:50,713: ... created process [robot_state_publisher-5]
[roslaunch.pmon][INFO] 2016-07-18 17:38:50,714: ProcessMonitor.register[robot_state_publisher-5]
[roslaunch.pmon][INFO] 2016-07-18 17:38:50,714: ProcessMonitor.register[robot_state_publisher-5] complete
[roslaunch][INFO] 2016-07-18 17:38:50,714: ... registered process [robot_state_publisher-5]
[roslaunch][INFO] 2016-07-18 17:38:50,715: process[robot_state_publisher-5]: starting os process
[roslaunch][INFO] 2016-07-18 17:38:50,717: process[robot_state_publisher-5]: start w/ args [[u'/opt/ros/indigo/lib/robot_state_publisher/robot_state_publisher', u'__name:=robot_state_publisher', u'__log:=/home/vagrant/.ros/log/537e11d8-4940-11e6-a3ed-080027a2ea64/robot_state_publisher-5.log']]
[roslaunch][INFO] 2016-07-18 17:38:50,717: process[robot_state_publisher-5]: cwd will be [/home/vagrant/.ros]
[roslaunch][INFO] 2016-07-18 17:38:50,721: process[robot_state_publisher-5]: started with pid [7654]
[roslaunch][INFO] 2016-07-18 17:38:50,723: ... successfully launched [robot_state_publisher-5]
[roslaunch][INFO] 2016-07-18 17:38:50,725: ... preparing to launch node of type [joint_state_publisher/joint_state_publisher]
[roslaunch][INFO] 2016-07-18 17:38:50,725: create_node_process: package[joint_state_publisher] type[joint_state_publisher] machine[Machine(name[] env_loader[None] address[localhost] ssh_port[22] user[None] assignable[True] timeout[10.0])] master_uri[http://localhost:11311]
[roslaunch][INFO] 2016-07-18 17:38:50,726: process[joint_state_publisher-6]: env[{'ROS_DISTRO': 'indigo', 'SSH_CLIENT': '10.0.2.2 51830 22', 'CPATH': '/home/vagrant/therblig-motion-library/mico/wpi_jaco/devel/include:/opt/ros/indigo/include', 'LOGNAME': 'vagrant', 'USER': 'vagrant', 'HOME': '/home/vagrant', 'PATH': '/home/vagrant/therblig-motion-library/mico/wpi_jaco/devel/bin:/opt/ros/indigo/bin:/usr/local/sbin:/usr/local/bin:/usr/sbin:/usr/bin:/sbin:/bin:/usr/games:/usr/local/games', 'CMAKE_PREFIX_PATH': '/home/vagrant/therblig-motion-library/mico/wpi_jaco/devel:/opt/ros/indigo', 'ROS_LOG_FILENAME': '/home/vagrant/.ros/log/537e11d8-4940-11e6-a3ed-080027a2ea64/roslaunch-ros-indigo-desktop-trusty64-7504.log', 'LANG': 'en_US.UTF-8', 'TERM': 'xterm-256color', 'SHELL': '/bin/bash', 'SHLVL': '2', 'ROS_TEST_RESULTS_DIR': '/home/vagrant/therblig-motion-library/mico/wpi_jaco/build/test_results', 'QT_QPA_PLATFORMTHEME': 'appmenu-qt5', 'LD_LIBRARY_PATH': '/home/vagrant/therblig-motion-library/mico/wpi_jaco/devel/lib:/home/vagrant/therblig-motion-library/mico/wpi_jaco/devel/lib/x86_64-linux-gnu:/opt/ros/indigo/lib/x86_64-linux-gnu:/opt/ros/indigo/lib', 'ROS_MASTER_URI': 'http://localhost:11311', 'XDG_RUNTIME_DIR': '/run/user/1000', 'PYTHONPATH': '/home/vagrant/therblig-motion-library/mico/wpi_jaco/devel/lib/python2.7/dist-packages:/opt/ros/indigo/lib/python2.7/dist-packages', 'ROS_ROOT': '/opt/ros/indigo/share/ros', 'PKG_CONFIG_PATH': '/home/vagrant/therblig-motion-library/mico/wpi_jaco/devel/lib/pkgconfig:/home/vagrant/therblig-motion-library/mico/wpi_jaco/devel/lib/x86_64-linux-gnu/pkgconfig:/opt/ros/indigo/lib/x86_64-linux-gnu/pkgconfig:/opt/ros/indigo/lib/pkgconfig', 'ROS_PACKAGE_PATH': '/home/vagrant/therblig-motion-library/mico/wpi_jaco/src:/opt/ros/indigo/share:/opt/ros/indigo/stacks', 'XDG_SESSION_ID': '5', '_': '/opt/ros/indigo/bin/roslaunch', 'CATKIN_TEST_RESULTS_DIR': '/home/vagrant/therblig-motion-library/mico/wpi_jaco/build/test_results', 'SSH_TTY': '/dev/pts/0', 'OLDPWD': '/home/vagrant/therblig-motion-library/mico/wpi_jaco', 'ROSLISP_PACKAGE_DIRECTORIES': '/home/vagrant/therblig-motion-library/mico/wpi_jaco/devel/share/common-lisp', 'PWD': '/home/vagrant/therblig-motion-library/mico/wpi_jaco', 'ROS_ETC_DIR': '/opt/ros/indigo/etc/ros', 'MAIL': '/var/mail/vagrant', 'SSH_CONNECTION': '10.0.2.2 51830 10.0.2.15 22'}]
