[roslaunch][INFO] 2016-07-19 21:06:55,026: Checking log directory for disk usage. This may take awhile.
Press Ctrl-C to interrupt
[roslaunch][INFO] 2016-07-19 21:06:55,160: Done checking log file disk usage. Usage is <1GB.
[roslaunch][INFO] 2016-07-19 21:06:55,161: roslaunch starting with args ['/opt/ros/indigo/bin/roslaunch', 'mico_description', 'mico_description.launch']
[roslaunch][INFO] 2016-07-19 21:06:55,162: roslaunch env is {'ROS_DISTRO': 'indigo', 'SSH_CLIENT': '10.0.2.2 50675 22', 'CPATH': '/home/vagrant/therblig-motion-library/mico/wpi_jaco/devel/include:/opt/ros/indigo/include', 'LOGNAME': 'vagrant', 'USER': 'vagrant', 'HOME': '/home/vagrant', 'PATH': '/home/vagrant/therblig-motion-library/mico/wpi_jaco/devel/bin:/opt/ros/indigo/bin:/usr/local/sbin:/usr/local/bin:/usr/sbin:/usr/bin:/sbin:/bin:/usr/games:/usr/local/games', 'CMAKE_PREFIX_PATH': '/home/vagrant/therblig-motion-library/mico/wpi_jaco/devel:/opt/ros/indigo', 'LD_LIBRARY_PATH': '/home/vagrant/therblig-motion-library/mico/wpi_jaco/devel/lib:/home/vagrant/therblig-motion-library/mico/wpi_jaco/devel/lib/x86_64-linux-gnu:/opt/ros/indigo/lib/x86_64-linux-gnu:/opt/ros/indigo/lib', 'LANG': 'en_US.UTF-8', 'TERM': 'screen', 'SHELL': '/bin/bash', 'ROS_LOG_FILENAME': '/home/vagrant/.ros/log/537e11d8-4940-11e6-a3ed-080027a2ea64/roslaunch-ros-indigo-desktop-trusty64-26713.log', 'SHLVL': '2', 'XDG_SESSION_ID': '24', 'QT_QPA_PLATFORMTHEME': 'appmenu-qt5', 'DISPLAY': 'localhost:10.0', 'ROS_ETC_DIR': '/opt/ros/indigo/etc/ros', 'XDG_RUNTIME_DIR': '/run/user/1000', 'PYTHONPATH': '/home/vagrant/therblig-motion-library/mico/wpi_jaco/devel/lib/python2.7/dist-packages:/opt/ros/indigo/lib/python2.7/dist-packages', 'SSH_AUTH_SOCK': '/tmp/ssh-07Ecys5WIh/agent.24847', 'TMUX': '/tmp/tmux-1000/default,24949,0', 'ROS_ROOT': '/opt/ros/indigo/share/ros', 'PKG_CONFIG_PATH': '/home/vagrant/therblig-motion-library/mico/wpi_jaco/devel/lib/pkgconfig:/home/vagrant/therblig-motion-library/mico/wpi_jaco/devel/lib/x86_64-linux-gnu/pkgconfig:/opt/ros/indigo/lib/x86_64-linux-gnu/pkgconfig:/opt/ros/indigo/lib/pkgconfig', 'ROS_PACKAGE_PATH': '/home/vagrant/therblig-motion-library/mico/wpi_jaco/src:/opt/ros/indigo/share:/opt/ros/indigo/stacks', 'ROS_TEST_RESULTS_DIR': '/home/vagrant/therblig-motion-library/mico/wpi_jaco/build/test_results', '_': '/opt/ros/indigo/bin/roslaunch', 'CATKIN_TEST_RESULTS_DIR': '/home/vagrant/therblig-motion-library/mico/wpi_jaco/build/test_results', 'SSH_TTY': '/dev/pts/0', 'OLDPWD': '/home/vagrant/therblig-motion-library/mico/wpi_jaco', 'ROSLISP_PACKAGE_DIRECTORIES': '/home/vagrant/therblig-motion-library/mico/wpi_jaco/devel/share/common-lisp', 'PWD': '/home/vagrant/therblig-motion-library/mico/wpi_jaco/devel', 'ROS_MASTER_URI': 'http://localhost:11311', 'MAIL': '/var/mail/vagrant', 'SSH_CONNECTION': '10.0.2.2 50675 10.0.2.15 22', 'TMUX_PANE': '%2'}
[roslaunch][INFO] 2016-07-19 21:06:55,163: starting in server mode
[roslaunch.parent][INFO] 2016-07-19 21:06:55,164: starting roslaunch parent run
[roslaunch][INFO] 2016-07-19 21:06:55,167: loading roscore config file /opt/ros/indigo/etc/ros/roscore.xml
[roslaunch][INFO] 2016-07-19 21:06:56,837: Added core node of type [rosout/rosout] in namespace [/]
[roslaunch.config][INFO] 2016-07-19 21:06:56,838: loading config file /home/vagrant/therblig-motion-library/mico/wpi_jaco/src/mico_description/launch/mico_description.launch
[roslaunch][INFO] 2016-07-19 21:07:01,623: Added node of type [robot_state_publisher/robot_state_publisher] in namespace [/]
[roslaunch][INFO] 2016-07-19 21:07:01,661: Added node of type [joint_state_publisher/joint_state_publisher] in namespace [/]
[roslaunch][INFO] 2016-07-19 21:07:01,662: ... selected machine [] for node of type [robot_state_publisher/robot_state_publisher]
[roslaunch][INFO] 2016-07-19 21:07:01,663: ... selected machine [] for node of type [joint_state_publisher/joint_state_publisher]
[roslaunch.pmon][INFO] 2016-07-19 21:07:01,681: start_process_monitor: creating ProcessMonitor
[roslaunch.pmon][INFO] 2016-07-19 21:07:01,681: created process monitor <ProcessMonitor(ProcessMonitor-1, initial daemon)>
[roslaunch.pmon][INFO] 2016-07-19 21:07:01,682: start_process_monitor: ProcessMonitor started
[roslaunch.parent][INFO] 2016-07-19 21:07:01,683: starting parent XML-RPC server
[roslaunch.server][INFO] 2016-07-19 21:07:01,684: starting roslaunch XML-RPC server
[roslaunch.server][INFO] 2016-07-19 21:07:01,685: waiting for roslaunch XML-RPC server to initialize
[xmlrpc][INFO] 2016-07-19 21:07:01,686: XML-RPC server binding to 0.0.0.0:0
[xmlrpc][INFO] 2016-07-19 21:07:01,690: Started XML-RPC server [http://ros-indigo-desktop-trusty64:37185/]
[xmlrpc][INFO] 2016-07-19 21:07:01,691: xml rpc node: starting XML-RPC server
[roslaunch][INFO] 2016-07-19 21:07:01,707: started roslaunch server http://ros-indigo-desktop-trusty64:37185/
[roslaunch.parent][INFO] 2016-07-19 21:07:01,707: ... parent XML-RPC server started
[roslaunch][INFO] 2016-07-19 21:07:01,709: master.is_running[http://localhost:11311]
[roslaunch][INFO] 2016-07-19 21:07:01,718: master.is_running[http://localhost:11311]
[roslaunch][INFO] 2016-07-19 21:07:01,723: ROS_MASTER_URI=http://localhost:11311
[roslaunch][INFO] 2016-07-19 21:07:01,742: setting /roslaunch/uris/host_ros_indigo_desktop_trusty64__37185' to http://ros-indigo-desktop-trusty64:37185/
[roslaunch][INFO] 2016-07-19 21:07:01,749: load_parameters starting ...
[roslaunch][INFO] 2016-07-19 21:07:01,789: ... load_parameters complete
[roslaunch][INFO] 2016-07-19 21:07:01,790: launch_nodes: launching local nodes ...
[roslaunch][INFO] 2016-07-19 21:07:01,791: ... preparing to launch node of type [robot_state_publisher/robot_state_publisher]
[roslaunch][INFO] 2016-07-19 21:07:01,793: create_node_process: package[robot_state_publisher] type[robot_state_publisher] machine[Machine(name[] env_loader[None] address[localhost] ssh_port[22] user[None] assignable[True] timeout[10.0])] master_uri[http://localhost:11311]
[roslaunch][INFO] 2016-07-19 21:07:01,794: process[robot_state_publisher-1]: env[{'ROS_DISTRO': 'indigo', 'SSH_CLIENT': '10.0.2.2 50675 22', 'CPATH': '/home/vagrant/therblig-motion-library/mico/wpi_jaco/devel/include:/opt/ros/indigo/include', 'LOGNAME': 'vagrant', 'USER': 'vagrant', 'HOME': '/home/vagrant', 'PATH': '/home/vagrant/therblig-motion-library/mico/wpi_jaco/devel/bin:/opt/ros/indigo/bin:/usr/local/sbin:/usr/local/bin:/usr/sbin:/usr/bin:/sbin:/bin:/usr/games:/usr/local/games', 'CMAKE_PREFIX_PATH': '/home/vagrant/therblig-motion-library/mico/wpi_jaco/devel:/opt/ros/indigo', 'ROS_LOG_FILENAME': '/home/vagrant/.ros/log/537e11d8-4940-11e6-a3ed-080027a2ea64/roslaunch-ros-indigo-desktop-trusty64-26713.log', 'LANG': 'en_US.UTF-8', 'TERM': 'screen', 'SHELL': '/bin/bash', 'SHLVL': '2', 'ROS_TEST_RESULTS_DIR': '/home/vagrant/therblig-motion-library/mico/wpi_jaco/build/test_results', 'QT_QPA_PLATFORMTHEME': 'appmenu-qt5', 'DISPLAY': 'localhost:10.0', 'ROS_MASTER_URI': 'http://localhost:11311', 'XDG_RUNTIME_DIR': '/run/user/1000', 'PYTHONPATH': '/home/vagrant/therblig-motion-library/mico/wpi_jaco/devel/lib/python2.7/dist-packages:/opt/ros/indigo/lib/python2.7/dist-packages', 'SSH_AUTH_SOCK': '/tmp/ssh-07Ecys5WIh/agent.24847', 'TMUX': '/tmp/tmux-1000/default,24949,0', 'ROS_ROOT': '/opt/ros/indigo/share/ros', 'PKG_CONFIG_PATH': '/home/vagrant/therblig-motion-library/mico/wpi_jaco/devel/lib/pkgconfig:/home/vagrant/therblig-motion-library/mico/wpi_jaco/devel/lib/x86_64-linux-gnu/pkgconfig:/opt/ros/indigo/lib/x86_64-linux-gnu/pkgconfig:/opt/ros/indigo/lib/pkgconfig', 'ROS_PACKAGE_PATH': '/home/vagrant/therblig-motion-library/mico/wpi_jaco/src:/opt/ros/indigo/share:/opt/ros/indigo/stacks', 'XDG_SESSION_ID': '24', '_': '/opt/ros/indigo/bin/roslaunch', 'CATKIN_TEST_RESULTS_DIR': '/home/vagrant/therblig-motion-library/mico/wpi_jaco/build/test_results', 'LD_LIBRARY_PATH': '/home/vagrant/therblig-motion-library/mico/wpi_jaco/devel/lib:/home/vagrant/therblig-motion-library/mico/wpi_jaco/devel/lib/x86_64-linux-gnu:/opt/ros/indigo/lib/x86_64-linux-gnu:/opt/ros/indigo/lib', 'SSH_TTY': '/dev/pts/0', 'OLDPWD': '/home/vagrant/therblig-motion-library/mico/wpi_jaco', 'ROSLISP_PACKAGE_DIRECTORIES': '/home/vagrant/therblig-motion-library/mico/wpi_jaco/devel/share/common-lisp', 'PWD': '/home/vagrant/therblig-motion-library/mico/wpi_jaco/devel', 'ROS_ETC_DIR': '/opt/ros/indigo/etc/ros', 'MAIL': '/var/mail/vagrant', 'SSH_CONNECTION': '10.0.2.2 50675 10.0.2.15 22', 'TMUX_PANE': '%2'}]
[roslaunch][INFO] 2016-07-19 21:07:03,461: process[robot_state_publisher-1]: args[[u'/opt/ros/indigo/lib/robot_state_publisher/robot_state_publisher', u'__name:=robot_state_publisher']]
[roslaunch][INFO] 2016-07-19 21:07:03,462: ... created process [robot_state_publisher-1]
[roslaunch.pmon][INFO] 2016-07-19 21:07:03,463: ProcessMonitor.register[robot_state_publisher-1]
[roslaunch.pmon][INFO] 2016-07-19 21:07:03,463: ProcessMonitor.register[robot_state_publisher-1] complete
[roslaunch][INFO] 2016-07-19 21:07:03,464: ... registered process [robot_state_publisher-1]
[roslaunch][INFO] 2016-07-19 21:07:03,465: process[robot_state_publisher-1]: starting os process
[roslaunch][INFO] 2016-07-19 21:07:03,472: process[robot_state_publisher-1]: start w/ args [[u'/opt/ros/indigo/lib/robot_state_publisher/robot_state_publisher', u'__name:=robot_state_publisher', u'__log:=/home/vagrant/.ros/log/537e11d8-4940-11e6-a3ed-080027a2ea64/robot_state_publisher-1.log']]
[roslaunch][INFO] 2016-07-19 21:07:03,473: process[robot_state_publisher-1]: cwd will be [/home/vagrant/.ros]
[roslaunch][INFO] 2016-07-19 21:07:03,482: process[robot_state_publisher-1]: started with pid [26734]
[roslaunch][INFO] 2016-07-19 21:07:03,488: ... successfully launched [robot_state_publisher-1]
[roslaunch][INFO] 2016-07-19 21:07:03,492: ... preparing to launch node of type [joint_state_publisher/joint_state_publisher]
[roslaunch][INFO] 2016-07-19 21:07:03,493: create_node_process: package[joint_state_publisher] type[joint_state_publisher] machine[Machine(name[] env_loader[None] address[localhost] ssh_port[22] user[None] assignable[True] timeout[10.0])] master_uri[http://localhost:11311]
[roslaunch][INFO] 2016-07-19 21:07:03,494: process[joint_state_publisher-2]: env[{'ROS_DISTRO': 'indigo', 'SSH_CLIENT': '10.0.2.2 50675 22', 'CPATH': '/home/vagrant/therblig-motion-library/mico/wpi_jaco/devel/include:/opt/ros/indigo/include', 'LOGNAME': 'vagrant', 'USER': 'vagrant', 'HOME': '/home/vagrant', 'PATH': '/home/vagrant/therblig-motion-library/mico/wpi_jaco/devel/bin:/opt/ros/indigo/bin:/usr/local/sbin:/usr/local/bin:/usr/sbin:/usr/bin:/sbin:/bin:/usr/games:/usr/local/games', 'CMAKE_PREFIX_PATH': '/home/vagrant/therblig-motion-library/mico/wpi_jaco/devel:/opt/ros/indigo', 'ROS_LOG_FILENAME': '/home/vagrant/.ros/log/537e11d8-4940-11e6-a3ed-080027a2ea64/roslaunch-ros-indigo-desktop-trusty64-26713.log', 'LANG': 'en_US.UTF-8', 'TERM': 'screen', 'SHELL': '/bin/bash', 'SHLVL': '2', 'ROS_TEST_RESULTS_DIR': '/home/vagrant/therblig-motion-library/mico/wpi_jaco/build/test_results', 'QT_QPA_PLATFORMTHEME': 'appmenu-qt5', 'DISPLAY': 'localhost:10.0', 'ROS_MASTER_URI': 'http://localhost:11311', 'XDG_RUNTIME_DIR': '/run/user/1000', 'PYTHONPATH': '/home/vagrant/therblig-motion-library/mico/wpi_jaco/devel/lib/python2.7/dist-packages:/opt/ros/indigo/lib/python2.7/dist-packages', 'SSH_AUTH_SOCK': '/tmp/ssh-07Ecys5WIh/agent.24847', 'TMUX': '/tmp/tmux-1000/default,24949,0', 'ROS_ROOT': '/opt/ros/indigo/share/ros', 'PKG_CONFIG_PATH': '/home/vagrant/therblig-motion-library/mico/wpi_jaco/devel/lib/pkgconfig:/home/vagrant/therblig-motion-library/mico/wpi_jaco/devel/lib/x86_64-linux-gnu/pkgconfig:/opt/ros/indigo/lib/x86_64-linux-gnu/pkgconfig:/opt/ros/indigo/lib/pkgconfig', 'ROS_PACKAGE_PATH': '/home/vagrant/therblig-motion-library/mico/wpi_jaco/src:/opt/ros/indigo/share:/opt/ros/indigo/stacks', 'XDG_SESSION_ID': '24', '_': '/opt/ros/indigo/bin/roslaunch', 'CATKIN_TEST_RESULTS_DIR': '/home/vagrant/therblig-motion-library/mico/wpi_jaco/build/test_results', 'LD_LIBRARY_PATH': '/home/vagrant/therblig-motion-library/mico/wpi_jaco/devel/lib:/home/vagrant/therblig-motion-library/mico/wpi_jaco/devel/lib/x86_64-linux-gnu:/opt/ros/indigo/lib/x86_64-linux-gnu:/opt/ros/indigo/lib', 'SSH_TTY': '/dev/pts/0', 'OLDPWD': '/home/vagrant/therblig-motion-library/mico/wpi_jaco', 'ROSLISP_PACKAGE_DIRECTORIES': '/home/vagrant/therblig-motion-library/mico/wpi_jaco/devel/share/common-lisp', 'PWD': '/home/vagrant/therblig-motion-library/mico/wpi_jaco/devel', 'ROS_ETC_DIR': '/opt/ros/indigo/etc/ros', 'MAIL': '/var/mail/vagrant', 'SSH_CONNECTION': '10.0.2.2 50675 10.0.2.15 22', 'TMUX_PANE': '%2'}]
[roslaunch][INFO] 2016-07-19 21:07:06,020: process[joint_state_publisher-2]: args[[u'/opt/ros/indigo/lib/joint_state_publisher/joint_state_publisher', u'__name:=joint_state_publisher']]
[roslaunch][INFO] 2016-07-19 21:07:06,023: ... created process [joint_state_publisher-2]
[roslaunch.pmon][INFO] 2016-07-19 21:07:06,024: ProcessMonitor.register[joint_state_publisher-2]
[roslaunch.pmon][INFO] 2016-07-19 21:07:06,025: ProcessMonitor.register[joint_state_publisher-2] complete
[roslaunch][INFO] 2016-07-19 21:07:06,026: ... registered process [joint_state_publisher-2]
[roslaunch][INFO] 2016-07-19 21:07:06,027: process[joint_state_publisher-2]: starting os process
[roslaunch][INFO] 2016-07-19 21:07:06,033: process[joint_state_publisher-2]: start w/ args [[u'/opt/ros/indigo/lib/joint_state_publisher/joint_state_publisher', u'__name:=joint_state_publisher', u'__log:=/home/vagrant/.ros/log/537e11d8-4940-11e6-a3ed-080027a2ea64/joint_state_publisher-2.log']]
[roslaunch][INFO] 2016-07-19 21:07:06,033: process[joint_state_publisher-2]: cwd will be [/home/vagrant/.ros]
[roslaunch][INFO] 2016-07-19 21:07:06,040: process[joint_state_publisher-2]: started with pid [26766]
[roslaunch][INFO] 2016-07-19 21:07:06,041: ... successfully launched [joint_state_publisher-2]
[roslaunch][INFO] 2016-07-19 21:07:06,044: ... launch_nodes complete
[roslaunch.pmon][INFO] 2016-07-19 21:07:06,046: registrations completed <ProcessMonitor(ProcessMonitor-1, started daemon 140286499809024)>
[roslaunch.parent][INFO] 2016-07-19 21:07:06,046: ... roslaunch parent running, waiting for process exit
[roslaunch][INFO] 2016-07-19 21:07:06,047: spin
[roslaunch.pmon][INFO] 2016-07-19 21:07:39,249: ProcessMonitor.shutdown <ProcessMonitor(ProcessMonitor-1, started daemon 140286499809024)>
[roslaunch.pmon][INFO] 2016-07-19 21:07:39,268: ProcessMonitor._post_run <ProcessMonitor(ProcessMonitor-1, started daemon 140286499809024)>
[roslaunch.pmon][INFO] 2016-07-19 21:07:39,269: ProcessMonitor._post_run <ProcessMonitor(ProcessMonitor-1, started daemon 140286499809024)>: remaining procs are [<roslaunch.nodeprocess.LocalProcess object at 0x7f96ff289d90>, <roslaunch.nodeprocess.LocalProcess object at 0x7f96fefe93d0>]
[roslaunch.pmon][INFO] 2016-07-19 21:07:39,271: ProcessMonitor exit: killing joint_state_publisher-2
[roslaunch][INFO] 2016-07-19 21:07:39,272: [joint_state_publisher-2] killing on exit
[roslaunch.pmon][INFO] 2016-07-19 21:07:39,273: ProcessMonitor exit: killing robot_state_publisher-1
[roslaunch][INFO] 2016-07-19 21:07:39,276: [robot_state_publisher-1] killing on exit
[roslaunch][INFO] 2016-07-19 21:07:39,276: process[joint_state_publisher-2]: killing os process with pid[26766] pgid[26766]
[roslaunch][INFO] 2016-07-19 21:07:39,284: [joint_state_publisher-2] sending SIGINT to pgid [26766]
[roslaunch][INFO] 2016-07-19 21:07:39,284: [joint_state_publisher-2] sent SIGINT to pgid [26766]
[roslaunch][INFO] 2016-07-19 21:07:39,283: process[robot_state_publisher-1]: killing os process with pid[26734] pgid[26734]
[roslaunch][INFO] 2016-07-19 21:07:39,296: [robot_state_publisher-1] sending SIGINT to pgid [26734]
[roslaunch][INFO] 2016-07-19 21:07:39,335: [robot_state_publisher-1] sent SIGINT to pgid [26734]
[roslaunch][INFO] 2016-07-19 21:07:39,739: process[robot_state_publisher-1]: SIGINT killed with return value 0
[roslaunch][INFO] 2016-07-19 21:07:40,096: process[joint_state_publisher-2]: SIGINT killed with return value 0
[roslaunch.pmon][INFO] 2016-07-19 21:07:40,098: ProcessMonitor exit: cleaning up data structures and signals
[roslaunch.pmon][INFO] 2016-07-19 21:07:40,099: ProcessMonitor exit: pmon has shutdown
[roslaunch][INFO] 2016-07-19 21:07:40,144: process monitor is done spinning, initiating full shutdown
[roslaunch][INFO] 2016-07-19 21:07:40,144: runner.stop()
[roslaunch][INFO] 2016-07-19 21:07:40,146: shutting down processing monitor...
[roslaunch][INFO] 2016-07-19 21:07:40,147: shutting down processing monitor <ProcessMonitor(ProcessMonitor-1, stopped daemon 140286499809024)>
[roslaunch.pmon][INFO] 2016-07-19 21:07:40,148: ProcessMonitor.shutdown <ProcessMonitor(ProcessMonitor-1, stopped daemon 140286499809024)>
[roslaunch][INFO] 2016-07-19 21:07:40,149: ... shutting down processing monitor complete
[roslaunch][INFO] 2016-07-19 21:07:40,149: done
[roslaunch.pmon][INFO] 2016-07-19 21:07:40,150: ProcessMonitor.shutdown <ProcessMonitor(ProcessMonitor-1, stopped daemon 140286499809024)>
[rospy.core][INFO] 2016-07-19 21:07:40,152: signal_shutdown [atexit]
