[roslaunch][INFO] 2016-07-18 18:34:44,194: Checking log directory for disk usage. This may take awhile.
Press Ctrl-C to interrupt
[roslaunch][INFO] 2016-07-18 18:34:44,367: Done checking log file disk usage. Usage is <1GB.
[roslaunch][INFO] 2016-07-18 18:34:44,368: roslaunch starting with args ['/opt/ros/indigo/bin/roslaunch', 'rosbridge_server', 'rosbridge_websocket.launch']
[roslaunch][INFO] 2016-07-18 18:34:44,370: roslaunch env is {'ROS_DISTRO': 'indigo', 'SSH_CLIENT': '10.0.2.2 55500 22', 'CPATH': '/opt/ros/indigo/include', 'LOGNAME': 'vagrant', 'USER': 'vagrant', 'PATH': '/opt/ros/indigo/bin:/usr/local/sbin:/usr/local/bin:/usr/sbin:/usr/bin:/sbin:/bin:/usr/games:/usr/local/games', 'HOME': '/home/vagrant', 'CMAKE_PREFIX_PATH': '/opt/ros/indigo', 'LD_LIBRARY_PATH': '/opt/ros/indigo/lib:/opt/ros/indigo/lib/x86_64-linux-gnu', 'LANG': 'en_US.UTF-8', 'TERM': 'xterm-256color', 'SHELL': '/bin/bash', 'ROS_LOG_FILENAME': '/home/vagrant/.ros/log/537e11d8-4940-11e6-a3ed-080027a2ea64/roslaunch-ros-indigo-desktop-trusty64-10521.log', 'SHLVL': '1', 'QT_QPA_PLATFORMTHEME': 'appmenu-qt5', 'DISPLAY': 'localhost:10.0', 'ROS_ETC_DIR': '/opt/ros/indigo/etc/ros', 'XDG_RUNTIME_DIR': '/run/user/1000', 'PYTHONPATH': '/opt/ros/indigo/lib/python2.7/dist-packages', 'ROS_ROOT': '/opt/ros/indigo/share/ros', 'PKG_CONFIG_PATH': '/opt/ros/indigo/lib/pkgconfig:/opt/ros/indigo/lib/x86_64-linux-gnu/pkgconfig', 'ROS_PACKAGE_PATH': '/opt/ros/indigo/share:/opt/ros/indigo/stacks', 'XDG_SESSION_ID': '8', '_': '/opt/ros/indigo/bin/roslaunch', 'SSH_TTY': '/dev/pts/0', 'ROSLISP_PACKAGE_DIRECTORIES': '', 'PWD': '/home/vagrant', 'ROS_MASTER_URI': 'http://localhost:11311', 'MAIL': '/var/mail/vagrant', 'SSH_CONNECTION': '10.0.2.2 55500 10.0.2.15 22'}
[roslaunch][INFO] 2016-07-18 18:34:44,371: starting in server mode
[roslaunch.parent][INFO] 2016-07-18 18:34:44,372: starting roslaunch parent run
[roslaunch][INFO] 2016-07-18 18:34:44,374: loading roscore config file /opt/ros/indigo/etc/ros/roscore.xml
[roslaunch][INFO] 2016-07-18 18:34:44,541: Added core node of type [rosout/rosout] in namespace [/]
[roslaunch.config][INFO] 2016-07-18 18:34:44,541: loading config file /opt/ros/indigo/share/rosbridge_server/launch/rosbridge_websocket.launch
[roslaunch][INFO] 2016-07-18 18:34:44,558: Added node of type [rosbridge_server/rosbridge_websocket] in namespace [/]
[roslaunch][INFO] 2016-07-18 18:34:44,562: Added node of type [rosapi/rosapi_node] in namespace [/]
[roslaunch][INFO] 2016-07-18 18:34:44,562: ... selected machine [] for node of type [rosbridge_server/rosbridge_websocket]
[roslaunch][INFO] 2016-07-18 18:34:44,563: ... selected machine [] for node of type [rosapi/rosapi_node]
[roslaunch.pmon][INFO] 2016-07-18 18:34:44,564: start_process_monitor: creating ProcessMonitor
[roslaunch.pmon][INFO] 2016-07-18 18:34:44,565: created process monitor <ProcessMonitor(ProcessMonitor-1, initial daemon)>
[roslaunch.pmon][INFO] 2016-07-18 18:34:44,565: start_process_monitor: ProcessMonitor started
[roslaunch.parent][INFO] 2016-07-18 18:34:44,565: starting parent XML-RPC server
[roslaunch.server][INFO] 2016-07-18 18:34:44,567: starting roslaunch XML-RPC server
[roslaunch.server][INFO] 2016-07-18 18:34:44,567: waiting for roslaunch XML-RPC server to initialize
[xmlrpc][INFO] 2016-07-18 18:34:44,568: XML-RPC server binding to 0.0.0.0:0
[xmlrpc][INFO] 2016-07-18 18:34:44,571: Started XML-RPC server [http://ros-indigo-desktop-trusty64:37495/]
[xmlrpc][INFO] 2016-07-18 18:34:44,572: xml rpc node: starting XML-RPC server
[roslaunch][INFO] 2016-07-18 18:34:44,583: started roslaunch server http://ros-indigo-desktop-trusty64:37495/
[roslaunch.parent][INFO] 2016-07-18 18:34:44,583: ... parent XML-RPC server started
[roslaunch][INFO] 2016-07-18 18:34:44,589: master.is_running[http://localhost:11311]
[roslaunch][INFO] 2016-07-18 18:34:44,594: master.is_running[http://localhost:11311]
[roslaunch][INFO] 2016-07-18 18:34:44,602: ROS_MASTER_URI=http://localhost:11311
[roslaunch][INFO] 2016-07-18 18:34:44,614: setting /roslaunch/uris/host_ros_indigo_desktop_trusty64__37495' to http://ros-indigo-desktop-trusty64:37495/
[roslaunch][INFO] 2016-07-18 18:34:44,623: load_parameters starting ...
[roslaunch][INFO] 2016-07-18 18:34:44,640: ... load_parameters complete
[roslaunch][INFO] 2016-07-18 18:34:44,641: launch_nodes: launching local nodes ...
[roslaunch][INFO] 2016-07-18 18:34:44,641: ... preparing to launch node of type [rosbridge_server/rosbridge_websocket]
[roslaunch][INFO] 2016-07-18 18:34:44,642: create_node_process: package[rosbridge_server] type[rosbridge_websocket] machine[Machine(name[] env_loader[None] address[localhost] ssh_port[22] user[None] assignable[True] timeout[10.0])] master_uri[http://localhost:11311]
[roslaunch][INFO] 2016-07-18 18:34:44,643: process[rosbridge_websocket-1]: env[{'ROS_DISTRO': 'indigo', 'SSH_CLIENT': '10.0.2.2 55500 22', 'CPATH': '/opt/ros/indigo/include', 'LOGNAME': 'vagrant', 'USER': 'vagrant', 'PATH': '/opt/ros/indigo/bin:/usr/local/sbin:/usr/local/bin:/usr/sbin:/usr/bin:/sbin:/bin:/usr/games:/usr/local/games', 'HOME': '/home/vagrant', 'CMAKE_PREFIX_PATH': '/opt/ros/indigo', 'ROS_LOG_FILENAME': '/home/vagrant/.ros/log/537e11d8-4940-11e6-a3ed-080027a2ea64/roslaunch-ros-indigo-desktop-trusty64-10521.log', 'LANG': 'en_US.UTF-8', 'TERM': 'xterm-256color', 'SHELL': '/bin/bash', 'SHLVL': '1', 'QT_QPA_PLATFORMTHEME': 'appmenu-qt5', 'DISPLAY': 'localhost:10.0', 'ROS_MASTER_URI': 'http://localhost:11311', 'XDG_RUNTIME_DIR': '/run/user/1000', 'PYTHONPATH': '/opt/ros/indigo/lib/python2.7/dist-packages', 'ROS_ROOT': '/opt/ros/indigo/share/ros', 'PKG_CONFIG_PATH': '/opt/ros/indigo/lib/pkgconfig:/opt/ros/indigo/lib/x86_64-linux-gnu/pkgconfig', 'ROS_PACKAGE_PATH': '/opt/ros/indigo/share:/opt/ros/indigo/stacks', 'XDG_SESSION_ID': '8', '_': '/opt/ros/indigo/bin/roslaunch', 'LD_LIBRARY_PATH': '/opt/ros/indigo/lib:/opt/ros/indigo/lib/x86_64-linux-gnu', 'SSH_TTY': '/dev/pts/0', 'ROSLISP_PACKAGE_DIRECTORIES': '', 'PWD': '/home/vagrant', 'ROS_ETC_DIR': '/opt/ros/indigo/etc/ros', 'MAIL': '/var/mail/vagrant', 'SSH_CONNECTION': '10.0.2.2 55500 10.0.2.15 22'}]
[roslaunch][INFO] 2016-07-18 18:34:44,824: process[rosbridge_websocket-1]: args[[u'/opt/ros/indigo/lib/rosbridge_server/rosbridge_websocket', u'__name:=rosbridge_websocket']]
[roslaunch][INFO] 2016-07-18 18:34:44,825: ... created process [rosbridge_websocket-1]
[roslaunch.pmon][INFO] 2016-07-18 18:34:44,826: ProcessMonitor.register[rosbridge_websocket-1]
[roslaunch.pmon][INFO] 2016-07-18 18:34:44,827: ProcessMonitor.register[rosbridge_websocket-1] complete
[roslaunch][INFO] 2016-07-18 18:34:44,828: ... registered process [rosbridge_websocket-1]
[roslaunch][INFO] 2016-07-18 18:34:44,829: process[rosbridge_websocket-1]: starting os process
[roslaunch][INFO] 2016-07-18 18:34:44,830: process[rosbridge_websocket-1]: start w/ args [[u'/opt/ros/indigo/lib/rosbridge_server/rosbridge_websocket', u'__name:=rosbridge_websocket', u'__log:=/home/vagrant/.ros/log/537e11d8-4940-11e6-a3ed-080027a2ea64/rosbridge_websocket-1.log']]
[roslaunch][INFO] 2016-07-18 18:34:44,831: process[rosbridge_websocket-1]: cwd will be [/home/vagrant/.ros]
[roslaunch][INFO] 2016-07-18 18:34:44,838: process[rosbridge_websocket-1]: started with pid [10539]
[roslaunch][INFO] 2016-07-18 18:34:44,839: ... successfully launched [rosbridge_websocket-1]
[roslaunch][INFO] 2016-07-18 18:34:44,840: ... preparing to launch node of type [rosapi/rosapi_node]
[roslaunch][INFO] 2016-07-18 18:34:44,840: create_node_process: package[rosapi] type[rosapi_node] machine[Machine(name[] env_loader[None] address[localhost] ssh_port[22] user[None] assignable[True] timeout[10.0])] master_uri[http://localhost:11311]
[roslaunch][INFO] 2016-07-18 18:34:44,841: process[rosapi-2]: env[{'ROS_DISTRO': 'indigo', 'SSH_CLIENT': '10.0.2.2 55500 22', 'CPATH': '/opt/ros/indigo/include', 'LOGNAME': 'vagrant', 'USER': 'vagrant', 'PATH': '/opt/ros/indigo/bin:/usr/local/sbin:/usr/local/bin:/usr/sbin:/usr/bin:/sbin:/bin:/usr/games:/usr/local/games', 'HOME': '/home/vagrant', 'CMAKE_PREFIX_PATH': '/opt/ros/indigo', 'ROS_LOG_FILENAME': '/home/vagrant/.ros/log/537e11d8-4940-11e6-a3ed-080027a2ea64/roslaunch-ros-indigo-desktop-trusty64-10521.log', 'LANG': 'en_US.UTF-8', 'TERM': 'xterm-256color', 'SHELL': '/bin/bash', 'SHLVL': '1', 'QT_QPA_PLATFORMTHEME': 'appmenu-qt5', 'DISPLAY': 'localhost:10.0', 'ROS_MASTER_URI': 'http://localhost:11311', 'XDG_RUNTIME_DIR': '/run/user/1000', 'PYTHONPATH': '/opt/ros/indigo/lib/python2.7/dist-packages', 'ROS_ROOT': '/opt/ros/indigo/share/ros', 'PKG_CONFIG_PATH': '/opt/ros/indigo/lib/pkgconfig:/opt/ros/indigo/lib/x86_64-linux-gnu/pkgconfig', 'ROS_PACKAGE_PATH': '/opt/ros/indigo/share:/opt/ros/indigo/stacks', 'XDG_SESSION_ID': '8', '_': '/opt/ros/indigo/bin/roslaunch', 'LD_LIBRARY_PATH': '/opt/ros/indigo/lib:/opt/ros/indigo/lib/x86_64-linux-gnu', 'SSH_TTY': '/dev/pts/0', 'ROSLISP_PACKAGE_DIRECTORIES': '', 'PWD': '/home/vagrant', 'ROS_ETC_DIR': '/opt/ros/indigo/etc/ros', 'MAIL': '/var/mail/vagrant', 'SSH_CONNECTION': '10.0.2.2 55500 10.0.2.15 22'}]
[roslaunch][INFO] 2016-07-18 18:34:44,917: process[rosapi-2]: args[[u'/opt/ros/indigo/lib/rosapi/rosapi_node', u'__name:=rosapi']]
[roslaunch][INFO] 2016-07-18 18:34:44,917: ... created process [rosapi-2]
[roslaunch.pmon][INFO] 2016-07-18 18:34:44,918: ProcessMonitor.register[rosapi-2]
[roslaunch.pmon][INFO] 2016-07-18 18:34:44,918: ProcessMonitor.register[rosapi-2] complete
[roslaunch][INFO] 2016-07-18 18:34:44,918: ... registered process [rosapi-2]
[roslaunch][INFO] 2016-07-18 18:34:44,919: process[rosapi-2]: starting os process
[roslaunch][INFO] 2016-07-18 18:34:44,925: process[rosapi-2]: start w/ args [[u'/opt/ros/indigo/lib/rosapi/rosapi_node', u'__name:=rosapi', u'__log:=/home/vagrant/.ros/log/537e11d8-4940-11e6-a3ed-080027a2ea64/rosapi-2.log']]
[roslaunch][INFO] 2016-07-18 18:34:44,928: process[rosapi-2]: cwd will be [/home/vagrant/.ros]
[roslaunch][INFO] 2016-07-18 18:34:44,932: process[rosapi-2]: started with pid [10540]
[roslaunch][INFO] 2016-07-18 18:34:44,935: ... successfully launched [rosapi-2]
[roslaunch][INFO] 2016-07-18 18:34:44,936: ... launch_nodes complete
[roslaunch.pmon][INFO] 2016-07-18 18:34:44,936: registrations completed <ProcessMonitor(ProcessMonitor-1, started daemon 140544251582208)>
[roslaunch.parent][INFO] 2016-07-18 18:34:44,937: ... roslaunch parent running, waiting for process exit
[roslaunch][INFO] 2016-07-18 18:34:44,937: spin
[roslaunch.pmon][INFO] 2016-07-18 18:36:25,893: ProcessMonitor.shutdown <ProcessMonitor(ProcessMonitor-1, started daemon 140544251582208)>
[roslaunch.pmon][INFO] 2016-07-18 18:36:25,901: ProcessMonitor._post_run <ProcessMonitor(ProcessMonitor-1, started daemon 140544251582208)>
[roslaunch.pmon][INFO] 2016-07-18 18:36:25,905: ProcessMonitor._post_run <ProcessMonitor(ProcessMonitor-1, started daemon 140544251582208)>: remaining procs are [<roslaunch.nodeprocess.LocalProcess object at 0x7fd302590fd0>, <roslaunch.nodeprocess.LocalProcess object at 0x7fd302590f50>]
[roslaunch.pmon][INFO] 2016-07-18 18:36:25,909: ProcessMonitor exit: killing rosapi-2
[roslaunch][INFO] 2016-07-18 18:36:25,920: [rosapi-2] killing on exit
[roslaunch.pmon][INFO] 2016-07-18 18:36:25,919: ProcessMonitor exit: killing rosbridge_websocket-1
[roslaunch][INFO] 2016-07-18 18:36:25,930: [rosbridge_websocket-1] killing on exit
[roslaunch][INFO] 2016-07-18 18:36:25,938: process[rosbridge_websocket-1]: killing os process with pid[10539] pgid[10539]
[roslaunch][INFO] 2016-07-18 18:36:25,940: [rosbridge_websocket-1] sending SIGINT to pgid [10539]
[roslaunch][INFO] 2016-07-18 18:36:25,943: process[rosapi-2]: killing os process with pid[10540] pgid[10540]
[roslaunch][INFO] 2016-07-18 18:36:25,948: [rosbridge_websocket-1] sent SIGINT to pgid [10539]
[roslaunch][INFO] 2016-07-18 18:36:25,949: [rosapi-2] sending SIGINT to pgid [10540]
[roslaunch][INFO] 2016-07-18 18:36:25,962: [rosapi-2] sent SIGINT to pgid [10540]
[roslaunch][INFO] 2016-07-18 18:36:26,351: process[rosbridge_websocket-1]: SIGINT killed with return value 0
[roslaunch][INFO] 2016-07-18 18:36:26,873: process[rosapi-2]: SIGINT killed with return value 0
[roslaunch.pmon][INFO] 2016-07-18 18:36:26,875: ProcessMonitor exit: cleaning up data structures and signals
[roslaunch.pmon][INFO] 2016-07-18 18:36:26,877: ProcessMonitor exit: pmon has shutdown
[roslaunch][INFO] 2016-07-18 18:36:26,925: process monitor is done spinning, initiating full shutdown
[roslaunch][INFO] 2016-07-18 18:36:26,927: runner.stop()
[roslaunch][INFO] 2016-07-18 18:36:26,928: shutting down processing monitor...
[roslaunch][INFO] 2016-07-18 18:36:26,929: shutting down processing monitor <ProcessMonitor(ProcessMonitor-1, stopped daemon 140544251582208)>
[roslaunch.pmon][INFO] 2016-07-18 18:36:26,930: ProcessMonitor.shutdown <ProcessMonitor(ProcessMonitor-1, stopped daemon 140544251582208)>
[roslaunch][INFO] 2016-07-18 18:36:26,931: ... shutting down processing monitor complete
[roslaunch][INFO] 2016-07-18 18:36:26,932: done
[roslaunch.pmon][INFO] 2016-07-18 18:36:26,933: ProcessMonitor.shutdown <ProcessMonitor(ProcessMonitor-1, stopped daemon 140544251582208)>
[rospy.core][INFO] 2016-07-18 18:36:26,935: signal_shutdown [atexit]
