[roslaunch][INFO] 2016-07-19 19:49:45,780: Checking log directory for disk usage. This may take awhile.
Press Ctrl-C to interrupt
[roslaunch][INFO] 2016-07-19 19:49:45,885: Done checking log file disk usage. Usage is <1GB.
[roslaunch][INFO] 2016-07-19 19:49:45,885: roslaunch starting with args ['/opt/ros/indigo/bin/roslaunch', 'mico_description', 'mico_description.launch']
[roslaunch][INFO] 2016-07-19 19:49:45,886: roslaunch env is {'ROS_DISTRO': 'indigo', 'SSH_CLIENT': '10.0.2.2 65324 22', 'CPATH': '/home/vagrant/therblig-motion-library/mico/wpi_jaco/devel/include:/opt/ros/indigo/include', 'LOGNAME': 'vagrant', 'USER': 'vagrant', 'HOME': '/home/vagrant', 'PATH': '/home/vagrant/therblig-motion-library/mico/wpi_jaco/devel/bin:/opt/ros/indigo/bin:/usr/local/sbin:/usr/local/bin:/usr/sbin:/usr/bin:/sbin:/bin:/usr/games:/usr/local/games', 'CMAKE_PREFIX_PATH': '/home/vagrant/therblig-motion-library/mico/wpi_jaco/devel:/opt/ros/indigo', 'LD_LIBRARY_PATH': '/home/vagrant/therblig-motion-library/mico/wpi_jaco/devel/lib/x86_64-linux-gnu:/opt/ros/indigo/lib/x86_64-linux-gnu:/home/vagrant/therblig-motion-library/mico/wpi_jaco/devel/lib:/opt/ros/indigo/lib', 'LANG': 'en_US.UTF-8', 'TERM': 'screen', 'SHELL': '/bin/bash', 'ROS_LOG_FILENAME': '/home/vagrant/.ros/log/537e11d8-4940-11e6-a3ed-080027a2ea64/roslaunch-ros-indigo-desktop-trusty64-21994.log', 'SHLVL': '2', 'XDG_SESSION_ID': '20', 'QT_QPA_PLATFORMTHEME': 'appmenu-qt5', 'DISPLAY': 'localhost:10.0', 'ROS_ETC_DIR': '/opt/ros/indigo/etc/ros', 'XDG_RUNTIME_DIR': '/run/user/1000', 'PYTHONPATH': '/home/vagrant/therblig-motion-library/mico/wpi_jaco/devel/lib/python2.7/dist-packages:/opt/ros/indigo/lib/python2.7/dist-packages', 'TMUX': '/tmp/tmux-1000/default,21632,0', 'ROS_ROOT': '/opt/ros/indigo/share/ros', 'PKG_CONFIG_PATH': '/home/vagrant/therblig-motion-library/mico/wpi_jaco/devel/lib/x86_64-linux-gnu/pkgconfig:/opt/ros/indigo/lib/x86_64-linux-gnu/pkgconfig:/home/vagrant/therblig-motion-library/mico/wpi_jaco/devel/lib/pkgconfig:/opt/ros/indigo/lib/pkgconfig', 'ROS_PACKAGE_PATH': '/home/vagrant/therblig-motion-library/mico/wpi_jaco/src:/opt/ros/indigo/share:/opt/ros/indigo/stacks', 'ROS_TEST_RESULTS_DIR': '/home/vagrant/therblig-motion-library/mico/wpi_jaco/build/test_results', '_': '/opt/ros/indigo/bin/roslaunch', 'CATKIN_TEST_RESULTS_DIR': '/home/vagrant/therblig-motion-library/mico/wpi_jaco/build/test_results', 'SSH_TTY': '/dev/pts/0', 'OLDPWD': '/home/vagrant/therblig-motion-library/mico/wpi_jaco', 'ROSLISP_PACKAGE_DIRECTORIES': '/home/vagrant/therblig-motion-library/mico/wpi_jaco/devel/share/common-lisp', 'PWD': '/home/vagrant/therblig-motion-library/mico/wpi_jaco/devel', 'ROS_MASTER_URI': 'http://localhost:11311', 'MAIL': '/var/mail/vagrant', 'SSH_CONNECTION': '10.0.2.2 65324 10.0.2.15 22', 'TMUX_PANE': '%0'}
[roslaunch][INFO] 2016-07-19 19:49:45,887: starting in server mode
[roslaunch.parent][INFO] 2016-07-19 19:49:45,887: starting roslaunch parent run
[roslaunch][INFO] 2016-07-19 19:49:45,888: loading roscore config file /opt/ros/indigo/etc/ros/roscore.xml
[roslaunch][INFO] 2016-07-19 19:49:47,381: Added core node of type [rosout/rosout] in namespace [/]
[roslaunch.config][INFO] 2016-07-19 19:49:47,382: loading config file /home/vagrant/therblig-motion-library/mico/wpi_jaco/src/mico_description/launch/mico_description.launch
[roslaunch][INFO] 2016-07-19 19:49:50,124: Added node of type [robot_state_publisher/robot_state_publisher] in namespace [/]
[roslaunch][INFO] 2016-07-19 19:49:50,143: Added node of type [joint_state_publisher/joint_state_publisher] in namespace [/]
[roslaunch][INFO] 2016-07-19 19:49:50,143: ... selected machine [] for node of type [robot_state_publisher/robot_state_publisher]
[roslaunch][INFO] 2016-07-19 19:49:50,144: ... selected machine [] for node of type [joint_state_publisher/joint_state_publisher]
[roslaunch.pmon][INFO] 2016-07-19 19:49:50,153: start_process_monitor: creating ProcessMonitor
[roslaunch.pmon][INFO] 2016-07-19 19:49:50,153: created process monitor <ProcessMonitor(ProcessMonitor-1, initial daemon)>
[roslaunch.pmon][INFO] 2016-07-19 19:49:50,154: start_process_monitor: ProcessMonitor started
[roslaunch.parent][INFO] 2016-07-19 19:49:50,154: starting parent XML-RPC server
[roslaunch.server][INFO] 2016-07-19 19:49:50,155: starting roslaunch XML-RPC server
[roslaunch.server][INFO] 2016-07-19 19:49:50,155: waiting for roslaunch XML-RPC server to initialize
[xmlrpc][INFO] 2016-07-19 19:49:50,156: XML-RPC server binding to 0.0.0.0:0
[xmlrpc][INFO] 2016-07-19 19:49:50,157: Started XML-RPC server [http://ros-indigo-desktop-trusty64:47704/]
[xmlrpc][INFO] 2016-07-19 19:49:50,158: xml rpc node: starting XML-RPC server
[roslaunch][INFO] 2016-07-19 19:49:50,173: started roslaunch server http://ros-indigo-desktop-trusty64:47704/
[roslaunch.parent][INFO] 2016-07-19 19:49:50,174: ... parent XML-RPC server started
[roslaunch][INFO] 2016-07-19 19:49:50,176: master.is_running[http://localhost:11311]
[roslaunch][INFO] 2016-07-19 19:49:50,179: master.is_running[http://localhost:11311]
[roslaunch][INFO] 2016-07-19 19:49:50,181: ROS_MASTER_URI=http://localhost:11311
[roslaunch][INFO] 2016-07-19 19:49:50,186: setting /roslaunch/uris/host_ros_indigo_desktop_trusty64__47704' to http://ros-indigo-desktop-trusty64:47704/
[roslaunch][INFO] 2016-07-19 19:49:50,190: load_parameters starting ...
[roslaunch][INFO] 2016-07-19 19:49:50,201: ... load_parameters complete
[roslaunch][INFO] 2016-07-19 19:49:50,201: launch_nodes: launching local nodes ...
[roslaunch][INFO] 2016-07-19 19:49:50,202: ... preparing to launch node of type [robot_state_publisher/robot_state_publisher]
[roslaunch][INFO] 2016-07-19 19:49:50,203: create_node_process: package[robot_state_publisher] type[robot_state_publisher] machine[Machine(name[] env_loader[None] address[localhost] ssh_port[22] user[None] assignable[True] timeout[10.0])] master_uri[http://localhost:11311]
[roslaunch][INFO] 2016-07-19 19:49:50,204: process[robot_state_publisher-1]: env[{'ROS_DISTRO': 'indigo', 'SSH_CLIENT': '10.0.2.2 65324 22', 'CPATH': '/home/vagrant/therblig-motion-library/mico/wpi_jaco/devel/include:/opt/ros/indigo/include', 'LOGNAME': 'vagrant', 'USER': 'vagrant', 'HOME': '/home/vagrant', 'PATH': '/home/vagrant/therblig-motion-library/mico/wpi_jaco/devel/bin:/opt/ros/indigo/bin:/usr/local/sbin:/usr/local/bin:/usr/sbin:/usr/bin:/sbin:/bin:/usr/games:/usr/local/games', 'CMAKE_PREFIX_PATH': '/home/vagrant/therblig-motion-library/mico/wpi_jaco/devel:/opt/ros/indigo', 'ROS_LOG_FILENAME': '/home/vagrant/.ros/log/537e11d8-4940-11e6-a3ed-080027a2ea64/roslaunch-ros-indigo-desktop-trusty64-21994.log', 'LANG': 'en_US.UTF-8', 'TERM': 'screen', 'SHELL': '/bin/bash', 'SHLVL': '2', 'ROS_TEST_RESULTS_DIR': '/home/vagrant/therblig-motion-library/mico/wpi_jaco/build/test_results', 'QT_QPA_PLATFORMTHEME': 'appmenu-qt5', 'DISPLAY': 'localhost:10.0', 'ROS_MASTER_URI': 'http://localhost:11311', 'XDG_RUNTIME_DIR': '/run/user/1000', 'PYTHONPATH': '/home/vagrant/therblig-motion-library/mico/wpi_jaco/devel/lib/python2.7/dist-packages:/opt/ros/indigo/lib/python2.7/dist-packages', 'TMUX': '/tmp/tmux-1000/default,21632,0', 'ROS_ROOT': '/opt/ros/indigo/share/ros', 'PKG_CONFIG_PATH': '/home/vagrant/therblig-motion-library/mico/wpi_jaco/devel/lib/x86_64-linux-gnu/pkgconfig:/opt/ros/indigo/lib/x86_64-linux-gnu/pkgconfig:/home/vagrant/therblig-motion-library/mico/wpi_jaco/devel/lib/pkgconfig:/opt/ros/indigo/lib/pkgconfig', 'ROS_PACKAGE_PATH': '/home/vagrant/therblig-motion-library/mico/wpi_jaco/src:/opt/ros/indigo/share:/opt/ros/indigo/stacks', 'XDG_SESSION_ID': '20', '_': '/opt/ros/indigo/bin/roslaunch', 'CATKIN_TEST_RESULTS_DIR': '/home/vagrant/therblig-motion-library/mico/wpi_jaco/build/test_results', 'LD_LIBRARY_PATH': '/home/vagrant/therblig-motion-library/mico/wpi_jaco/devel/lib/x86_64-linux-gnu:/opt/ros/indigo/lib/x86_64-linux-gnu:/home/vagrant/therblig-motion-library/mico/wpi_jaco/devel/lib:/opt/ros/indigo/lib', 'SSH_TTY': '/dev/pts/0', 'OLDPWD': '/home/vagrant/therblig-motion-library/mico/wpi_jaco', 'ROSLISP_PACKAGE_DIRECTORIES': '/home/vagrant/therblig-motion-library/mico/wpi_jaco/devel/share/common-lisp', 'PWD': '/home/vagrant/therblig-motion-library/mico/wpi_jaco/devel', 'ROS_ETC_DIR': '/opt/ros/indigo/etc/ros', 'MAIL': '/var/mail/vagrant', 'SSH_CONNECTION': '10.0.2.2 65324 10.0.2.15 22', 'TMUX_PANE': '%0'}]
[roslaunch][INFO] 2016-07-19 19:49:51,036: process[robot_state_publisher-1]: args[[u'/opt/ros/indigo/lib/robot_state_publisher/robot_state_publisher', u'__name:=robot_state_publisher']]
[roslaunch][INFO] 2016-07-19 19:49:51,037: ... created process [robot_state_publisher-1]
[roslaunch.pmon][INFO] 2016-07-19 19:49:51,037: ProcessMonitor.register[robot_state_publisher-1]
[roslaunch.pmon][INFO] 2016-07-19 19:49:51,037: ProcessMonitor.register[robot_state_publisher-1] complete
[roslaunch][INFO] 2016-07-19 19:49:51,038: ... registered process [robot_state_publisher-1]
[roslaunch][INFO] 2016-07-19 19:49:51,038: process[robot_state_publisher-1]: starting os process
[roslaunch][INFO] 2016-07-19 19:49:51,041: process[robot_state_publisher-1]: start w/ args [[u'/opt/ros/indigo/lib/robot_state_publisher/robot_state_publisher', u'__name:=robot_state_publisher', u'__log:=/home/vagrant/.ros/log/537e11d8-4940-11e6-a3ed-080027a2ea64/robot_state_publisher-1.log']]
[roslaunch][INFO] 2016-07-19 19:49:51,041: process[robot_state_publisher-1]: cwd will be [/home/vagrant/.ros]
[roslaunch][INFO] 2016-07-19 19:49:51,045: process[robot_state_publisher-1]: started with pid [22015]
[roslaunch][INFO] 2016-07-19 19:49:51,047: ... successfully launched [robot_state_publisher-1]
[roslaunch][INFO] 2016-07-19 19:49:51,047: ... preparing to launch node of type [joint_state_publisher/joint_state_publisher]
[roslaunch][INFO] 2016-07-19 19:49:51,048: create_node_process: package[joint_state_publisher] type[joint_state_publisher] machine[Machine(name[] env_loader[None] address[localhost] ssh_port[22] user[None] assignable[True] timeout[10.0])] master_uri[http://localhost:11311]
[roslaunch][INFO] 2016-07-19 19:49:51,049: process[joint_state_publisher-2]: env[{'ROS_DISTRO': 'indigo', 'SSH_CLIENT': '10.0.2.2 65324 22', 'CPATH': '/home/vagrant/therblig-motion-library/mico/wpi_jaco/devel/include:/opt/ros/indigo/include', 'LOGNAME': 'vagrant', 'USER': 'vagrant', 'HOME': '/home/vagrant', 'PATH': '/home/vagrant/therblig-motion-library/mico/wpi_jaco/devel/bin:/opt/ros/indigo/bin:/usr/local/sbin:/usr/local/bin:/usr/sbin:/usr/bin:/sbin:/bin:/usr/games:/usr/local/games', 'CMAKE_PREFIX_PATH': '/home/vagrant/therblig-motion-library/mico/wpi_jaco/devel:/opt/ros/indigo', 'ROS_LOG_FILENAME': '/home/vagrant/.ros/log/537e11d8-4940-11e6-a3ed-080027a2ea64/roslaunch-ros-indigo-desktop-trusty64-21994.log', 'LANG': 'en_US.UTF-8', 'TERM': 'screen', 'SHELL': '/bin/bash', 'SHLVL': '2', 'ROS_TEST_RESULTS_DIR': '/home/vagrant/therblig-motion-library/mico/wpi_jaco/build/test_results', 'QT_QPA_PLATFORMTHEME': 'appmenu-qt5', 'DISPLAY': 'localhost:10.0', 'ROS_MASTER_URI': 'http://localhost:11311', 'XDG_RUNTIME_DIR': '/run/user/1000', 'PYTHONPATH': '/home/vagrant/therblig-motion-library/mico/wpi_jaco/devel/lib/python2.7/dist-packages:/opt/ros/indigo/lib/python2.7/dist-packages', 'TMUX': '/tmp/tmux-1000/default,21632,0', 'ROS_ROOT': '/opt/ros/indigo/share/ros', 'PKG_CONFIG_PATH': '/home/vagrant/therblig-motion-library/mico/wpi_jaco/devel/lib/x86_64-linux-gnu/pkgconfig:/opt/ros/indigo/lib/x86_64-linux-gnu/pkgconfig:/home/vagrant/therblig-motion-library/mico/wpi_jaco/devel/lib/pkgconfig:/opt/ros/indigo/lib/pkgconfig', 'ROS_PACKAGE_PATH': '/home/vagrant/therblig-motion-library/mico/wpi_jaco/src:/opt/ros/indigo/share:/opt/ros/indigo/stacks', 'XDG_SESSION_ID': '20', '_': '/opt/ros/indigo/bin/roslaunch', 'CATKIN_TEST_RESULTS_DIR': '/home/vagrant/therblig-motion-library/mico/wpi_jaco/build/test_results', 'LD_LIBRARY_PATH': '/home/vagrant/therblig-motion-library/mico/wpi_jaco/devel/lib/x86_64-linux-gnu:/opt/ros/indigo/lib/x86_64-linux-gnu:/home/vagrant/therblig-motion-library/mico/wpi_jaco/devel/lib:/opt/ros/indigo/lib', 'SSH_TTY': '/dev/pts/0', 'OLDPWD': '/home/vagrant/therblig-motion-library/mico/wpi_jaco', 'ROSLISP_PACKAGE_DIRECTORIES': '/home/vagrant/therblig-motion-library/mico/wpi_jaco/devel/share/common-lisp', 'PWD': '/home/vagrant/therblig-motion-library/mico/wpi_jaco/devel', 'ROS_ETC_DIR': '/opt/ros/indigo/etc/ros', 'MAIL': '/var/mail/vagrant', 'SSH_CONNECTION': '10.0.2.2 65324 10.0.2.15 22', 'TMUX_PANE': '%0'}]
[roslaunch][INFO] 2016-07-19 19:49:52,751: process[joint_state_publisher-2]: args[[u'/opt/ros/indigo/lib/joint_state_publisher/joint_state_publisher', u'__name:=joint_state_publisher']]
[roslaunch][INFO] 2016-07-19 19:49:52,760: ... created process [joint_state_publisher-2]
[roslaunch.pmon][INFO] 2016-07-19 19:49:52,761: ProcessMonitor.register[joint_state_publisher-2]
[roslaunch.pmon][INFO] 2016-07-19 19:49:52,762: ProcessMonitor.register[joint_state_publisher-2] complete
[roslaunch][INFO] 2016-07-19 19:49:52,763: ... registered process [joint_state_publisher-2]
[roslaunch][INFO] 2016-07-19 19:49:52,763: process[joint_state_publisher-2]: starting os process
[roslaunch][INFO] 2016-07-19 19:49:52,765: process[joint_state_publisher-2]: start w/ args [[u'/opt/ros/indigo/lib/joint_state_publisher/joint_state_publisher', u'__name:=joint_state_publisher', u'__log:=/home/vagrant/.ros/log/537e11d8-4940-11e6-a3ed-080027a2ea64/joint_state_publisher-2.log']]
[roslaunch][INFO] 2016-07-19 19:49:52,766: process[joint_state_publisher-2]: cwd will be [/home/vagrant/.ros]
[roslaunch][INFO] 2016-07-19 19:49:52,771: process[joint_state_publisher-2]: started with pid [22047]
[roslaunch][INFO] 2016-07-19 19:49:52,773: ... successfully launched [joint_state_publisher-2]
[roslaunch][INFO] 2016-07-19 19:49:52,776: ... launch_nodes complete
[roslaunch.pmon][INFO] 2016-07-19 19:49:52,777: registrations completed <ProcessMonitor(ProcessMonitor-1, started daemon 140578595559168)>
[roslaunch.parent][INFO] 2016-07-19 19:49:52,778: ... roslaunch parent running, waiting for process exit
[roslaunch][INFO] 2016-07-19 19:49:52,779: spin
[roslaunch][INFO] 2016-07-19 20:13:56,498: [robot_state_publisher-1] process has finished cleanly
log file: /home/vagrant/.ros/log/537e11d8-4940-11e6-a3ed-080027a2ea64/robot_state_publisher-1*.log
[roslaunch.pmon][INFO] 2016-07-19 20:13:56,508: ProcessMonitor.unregister[robot_state_publisher-1] starting
[roslaunch.pmon][INFO] 2016-07-19 20:13:56,508: ProcessMonitor.unregister[robot_state_publisher-1] complete
[roslaunch][INFO] 2016-07-19 20:16:56,893: [joint_state_publisher-2] process has finished cleanly
log file: /home/vagrant/.ros/log/537e11d8-4940-11e6-a3ed-080027a2ea64/joint_state_publisher-2*.log
[roslaunch.pmon][INFO] 2016-07-19 20:16:56,894: ProcessMonitor.unregister[joint_state_publisher-2] starting
[roslaunch.pmon][INFO] 2016-07-19 20:16:56,896: ProcessMonitor.unregister[joint_state_publisher-2] complete
[roslaunch][INFO] 2016-07-19 20:16:56,897: all processes on machine have died, roslaunch will exit
[roslaunch.pmon][INFO] 2016-07-19 20:16:57,000: ProcessMonitor._post_run <ProcessMonitor(ProcessMonitor-1, started daemon 140578595559168)>
[roslaunch.pmon][INFO] 2016-07-19 20:16:57,000: ProcessMonitor._post_run <ProcessMonitor(ProcessMonitor-1, started daemon 140578595559168)>: remaining procs are []
[roslaunch.pmon][INFO] 2016-07-19 20:16:57,004: ProcessMonitor exit: cleaning up data structures and signals
[roslaunch.pmon][INFO] 2016-07-19 20:16:57,004: ProcessMonitor exit: pmon has shutdown
[roslaunch][INFO] 2016-07-19 20:16:57,006: process monitor is done spinning, initiating full shutdown
[roslaunch][INFO] 2016-07-19 20:16:57,007: runner.stop()
[roslaunch][INFO] 2016-07-19 20:16:57,007: shutting down processing monitor...
[roslaunch][INFO] 2016-07-19 20:16:57,008: shutting down processing monitor <ProcessMonitor(ProcessMonitor-1, stopped daemon 140578595559168)>
[roslaunch.pmon][INFO] 2016-07-19 20:16:57,008: ProcessMonitor.shutdown <ProcessMonitor(ProcessMonitor-1, stopped daemon 140578595559168)>
[roslaunch][INFO] 2016-07-19 20:16:57,008: ... shutting down processing monitor complete
[roslaunch][INFO] 2016-07-19 20:16:57,009: done
[roslaunch.pmon][INFO] 2016-07-19 20:16:57,010: ProcessMonitor.shutdown <ProcessMonitor(ProcessMonitor-1, stopped daemon 140578595559168)>
[rospy.core][INFO] 2016-07-19 20:16:57,010: signal_shutdown [atexit]
