[roslaunch][INFO] 2016-07-19 20:13:49,972: Checking log directory for disk usage. This may take awhile.
Press Ctrl-C to interrupt
[roslaunch][INFO] 2016-07-19 20:13:50,101: Done checking log file disk usage. Usage is <1GB.
[roslaunch][INFO] 2016-07-19 20:13:50,102: roslaunch starting with args ['/opt/ros/indigo/bin/roslaunch', 'mico_description', 'view.launch']
[roslaunch][INFO] 2016-07-19 20:13:50,102: roslaunch env is {'ROS_DISTRO': 'indigo', 'SSH_CLIENT': '10.0.2.2 65324 22', 'CPATH': '/home/vagrant/therblig-motion-library/mico/wpi_jaco/devel/include:/opt/ros/indigo/include', 'LOGNAME': 'vagrant', 'USER': 'vagrant', 'HOME': '/home/vagrant', 'PATH': '/home/vagrant/therblig-motion-library/mico/wpi_jaco/devel/bin:/opt/ros/indigo/bin:/usr/local/sbin:/usr/local/bin:/usr/sbin:/usr/bin:/sbin:/bin:/usr/games:/usr/local/games', 'CMAKE_PREFIX_PATH': '/home/vagrant/therblig-motion-library/mico/wpi_jaco/devel:/opt/ros/indigo', 'LD_LIBRARY_PATH': '/home/vagrant/therblig-motion-library/mico/wpi_jaco/devel/lib/x86_64-linux-gnu:/opt/ros/indigo/lib/x86_64-linux-gnu:/home/vagrant/therblig-motion-library/mico/wpi_jaco/devel/lib:/opt/ros/indigo/lib', 'LANG': 'en_US.UTF-8', 'TERM': 'screen', 'SHELL': '/bin/bash', 'ROS_LOG_FILENAME': '/home/vagrant/.ros/log/537e11d8-4940-11e6-a3ed-080027a2ea64/roslaunch-ros-indigo-desktop-trusty64-23044.log', 'SHLVL': '2', 'XDG_SESSION_ID': '20', 'QT_QPA_PLATFORMTHEME': 'appmenu-qt5', 'DISPLAY': 'localhost:10.0', 'ROS_ETC_DIR': '/opt/ros/indigo/etc/ros', 'XDG_RUNTIME_DIR': '/run/user/1000', 'PYTHONPATH': '/home/vagrant/therblig-motion-library/mico/wpi_jaco/devel/lib/python2.7/dist-packages:/opt/ros/indigo/lib/python2.7/dist-packages', 'TMUX': '/tmp/tmux-1000/default,21632,0', 'ROS_ROOT': '/opt/ros/indigo/share/ros', 'PKG_CONFIG_PATH': '/home/vagrant/therblig-motion-library/mico/wpi_jaco/devel/lib/x86_64-linux-gnu/pkgconfig:/opt/ros/indigo/lib/x86_64-linux-gnu/pkgconfig:/home/vagrant/therblig-motion-library/mico/wpi_jaco/devel/lib/pkgconfig:/opt/ros/indigo/lib/pkgconfig', 'ROS_PACKAGE_PATH': '/home/vagrant/therblig-motion-library/mico/wpi_jaco/src:/opt/ros/indigo/share:/opt/ros/indigo/stacks', 'ROS_TEST_RESULTS_DIR': '/home/vagrant/therblig-motion-library/mico/wpi_jaco/build/test_results', '_': '/opt/ros/indigo/bin/roslaunch', 'CATKIN_TEST_RESULTS_DIR': '/home/vagrant/therblig-motion-library/mico/wpi_jaco/build/test_results', 'SSH_TTY': '/dev/pts/0', 'OLDPWD': '/home/vagrant/therblig-motion-library/mico/wpi_jaco', 'ROSLISP_PACKAGE_DIRECTORIES': '/home/vagrant/therblig-motion-library/mico/wpi_jaco/devel/share/common-lisp', 'PWD': '/home/vagrant/therblig-motion-library/mico/wpi_jaco/devel', 'ROS_MASTER_URI': 'http://localhost:11311', 'MAIL': '/var/mail/vagrant', 'SSH_CONNECTION': '10.0.2.2 65324 10.0.2.15 22', 'TMUX_PANE': '%2'}
[roslaunch][INFO] 2016-07-19 20:13:50,103: starting in server mode
[roslaunch.parent][INFO] 2016-07-19 20:13:50,104: starting roslaunch parent run
[roslaunch][INFO] 2016-07-19 20:13:50,105: loading roscore config file /opt/ros/indigo/etc/ros/roscore.xml
[roslaunch][INFO] 2016-07-19 20:13:51,491: Added core node of type [rosout/rosout] in namespace [/]
[roslaunch.config][INFO] 2016-07-19 20:13:51,492: loading config file /home/vagrant/therblig-motion-library/mico/wpi_jaco/src/mico_description/launch/view.launch
[roslaunch][INFO] 2016-07-19 20:13:54,482: Added node of type [robot_state_publisher/robot_state_publisher] in namespace [/]
[roslaunch][INFO] 2016-07-19 20:13:54,506: Added node of type [joint_state_publisher/joint_state_publisher] in namespace [/]
[roslaunch][INFO] 2016-07-19 20:13:55,020: Added node of type [rviz/rviz] in namespace [/]
[roslaunch][INFO] 2016-07-19 20:13:55,021: ... selected machine [] for node of type [robot_state_publisher/robot_state_publisher]
[roslaunch][INFO] 2016-07-19 20:13:55,021: ... selected machine [] for node of type [joint_state_publisher/joint_state_publisher]
[roslaunch][INFO] 2016-07-19 20:13:55,022: ... selected machine [] for node of type [rviz/rviz]
[roslaunch.pmon][INFO] 2016-07-19 20:13:55,037: start_process_monitor: creating ProcessMonitor
[roslaunch.pmon][INFO] 2016-07-19 20:13:55,037: created process monitor <ProcessMonitor(ProcessMonitor-1, initial daemon)>
[roslaunch.pmon][INFO] 2016-07-19 20:13:55,039: start_process_monitor: ProcessMonitor started
[roslaunch.parent][INFO] 2016-07-19 20:13:55,040: starting parent XML-RPC server
[roslaunch.server][INFO] 2016-07-19 20:13:55,040: starting roslaunch XML-RPC server
[roslaunch.server][INFO] 2016-07-19 20:13:55,041: waiting for roslaunch XML-RPC server to initialize
[xmlrpc][INFO] 2016-07-19 20:13:55,041: XML-RPC server binding to 0.0.0.0:0
[xmlrpc][INFO] 2016-07-19 20:13:55,042: Started XML-RPC server [http://ros-indigo-desktop-trusty64:37389/]
[xmlrpc][INFO] 2016-07-19 20:13:55,043: xml rpc node: starting XML-RPC server
[roslaunch][INFO] 2016-07-19 20:13:55,057: started roslaunch server http://ros-indigo-desktop-trusty64:37389/
[roslaunch.parent][INFO] 2016-07-19 20:13:55,058: ... parent XML-RPC server started
[roslaunch][INFO] 2016-07-19 20:13:55,060: master.is_running[http://localhost:11311]
[roslaunch][INFO] 2016-07-19 20:13:55,062: master.is_running[http://localhost:11311]
[roslaunch][INFO] 2016-07-19 20:13:55,065: ROS_MASTER_URI=http://localhost:11311
[roslaunch][INFO] 2016-07-19 20:13:55,069: setting /roslaunch/uris/host_ros_indigo_desktop_trusty64__37389' to http://ros-indigo-desktop-trusty64:37389/
[roslaunch][INFO] 2016-07-19 20:13:55,073: load_parameters starting ...
[roslaunch][INFO] 2016-07-19 20:13:55,085: ... load_parameters complete
[roslaunch][INFO] 2016-07-19 20:13:55,086: launch_nodes: launching local nodes ...
[roslaunch][INFO] 2016-07-19 20:13:55,087: ... preparing to launch node of type [robot_state_publisher/robot_state_publisher]
[roslaunch][INFO] 2016-07-19 20:13:55,087: create_node_process: package[robot_state_publisher] type[robot_state_publisher] machine[Machine(name[] env_loader[None] address[localhost] ssh_port[22] user[None] assignable[True] timeout[10.0])] master_uri[http://localhost:11311]
[roslaunch][INFO] 2016-07-19 20:13:55,088: process[robot_state_publisher-1]: env[{'ROS_DISTRO': 'indigo', 'SSH_CLIENT': '10.0.2.2 65324 22', 'CPATH': '/home/vagrant/therblig-motion-library/mico/wpi_jaco/devel/include:/opt/ros/indigo/include', 'LOGNAME': 'vagrant', 'USER': 'vagrant', 'HOME': '/home/vagrant', 'PATH': '/home/vagrant/therblig-motion-library/mico/wpi_jaco/devel/bin:/opt/ros/indigo/bin:/usr/local/sbin:/usr/local/bin:/usr/sbin:/usr/bin:/sbin:/bin:/usr/games:/usr/local/games', 'CMAKE_PREFIX_PATH': '/home/vagrant/therblig-motion-library/mico/wpi_jaco/devel:/opt/ros/indigo', 'ROS_LOG_FILENAME': '/home/vagrant/.ros/log/537e11d8-4940-11e6-a3ed-080027a2ea64/roslaunch-ros-indigo-desktop-trusty64-23044.log', 'LANG': 'en_US.UTF-8', 'TERM': 'screen', 'SHELL': '/bin/bash', 'SHLVL': '2', 'ROS_TEST_RESULTS_DIR': '/home/vagrant/therblig-motion-library/mico/wpi_jaco/build/test_results', 'QT_QPA_PLATFORMTHEME': 'appmenu-qt5', 'DISPLAY': 'localhost:10.0', 'ROS_MASTER_URI': 'http://localhost:11311', 'XDG_RUNTIME_DIR': '/run/user/1000', 'PYTHONPATH': '/home/vagrant/therblig-motion-library/mico/wpi_jaco/devel/lib/python2.7/dist-packages:/opt/ros/indigo/lib/python2.7/dist-packages', 'TMUX': '/tmp/tmux-1000/default,21632,0', 'ROS_ROOT': '/opt/ros/indigo/share/ros', 'PKG_CONFIG_PATH': '/home/vagrant/therblig-motion-library/mico/wpi_jaco/devel/lib/x86_64-linux-gnu/pkgconfig:/opt/ros/indigo/lib/x86_64-linux-gnu/pkgconfig:/home/vagrant/therblig-motion-library/mico/wpi_jaco/devel/lib/pkgconfig:/opt/ros/indigo/lib/pkgconfig', 'ROS_PACKAGE_PATH': '/home/vagrant/therblig-motion-library/mico/wpi_jaco/src:/opt/ros/indigo/share:/opt/ros/indigo/stacks', 'XDG_SESSION_ID': '20', '_': '/opt/ros/indigo/bin/roslaunch', 'CATKIN_TEST_RESULTS_DIR': '/home/vagrant/therblig-motion-library/mico/wpi_jaco/build/test_results', 'LD_LIBRARY_PATH': '/home/vagrant/therblig-motion-library/mico/wpi_jaco/devel/lib/x86_64-linux-gnu:/opt/ros/indigo/lib/x86_64-linux-gnu:/home/vagrant/therblig-motion-library/mico/wpi_jaco/devel/lib:/opt/ros/indigo/lib', 'SSH_TTY': '/dev/pts/0', 'OLDPWD': '/home/vagrant/therblig-motion-library/mico/wpi_jaco', 'ROSLISP_PACKAGE_DIRECTORIES': '/home/vagrant/therblig-motion-library/mico/wpi_jaco/devel/share/common-lisp', 'PWD': '/home/vagrant/therblig-motion-library/mico/wpi_jaco/devel', 'ROS_ETC_DIR': '/opt/ros/indigo/etc/ros', 'MAIL': '/var/mail/vagrant', 'SSH_CONNECTION': '10.0.2.2 65324 10.0.2.15 22', 'TMUX_PANE': '%2'}]
[roslaunch][INFO] 2016-07-19 20:13:55,985: process[robot_state_publisher-1]: args[[u'/opt/ros/indigo/lib/robot_state_publisher/robot_state_publisher', u'__name:=robot_state_publisher']]
[roslaunch][INFO] 2016-07-19 20:13:55,986: ... created process [robot_state_publisher-1]
[roslaunch.pmon][INFO] 2016-07-19 20:13:55,986: ProcessMonitor.register[robot_state_publisher-1]
[roslaunch.pmon][INFO] 2016-07-19 20:13:55,986: ProcessMonitor.register[robot_state_publisher-1] complete
[roslaunch][INFO] 2016-07-19 20:13:55,987: ... registered process [robot_state_publisher-1]
[roslaunch][INFO] 2016-07-19 20:13:55,987: process[robot_state_publisher-1]: starting os process
[roslaunch][INFO] 2016-07-19 20:13:55,990: process[robot_state_publisher-1]: start w/ args [[u'/opt/ros/indigo/lib/robot_state_publisher/robot_state_publisher', u'__name:=robot_state_publisher', u'__log:=/home/vagrant/.ros/log/537e11d8-4940-11e6-a3ed-080027a2ea64/robot_state_publisher-1.log']]
[roslaunch][INFO] 2016-07-19 20:13:55,990: process[robot_state_publisher-1]: cwd will be [/home/vagrant/.ros]
[roslaunch][INFO] 2016-07-19 20:13:55,994: process[robot_state_publisher-1]: started with pid [23065]
[roslaunch][INFO] 2016-07-19 20:13:55,995: ... successfully launched [robot_state_publisher-1]
[roslaunch][INFO] 2016-07-19 20:13:55,996: ... preparing to launch node of type [joint_state_publisher/joint_state_publisher]
[roslaunch][INFO] 2016-07-19 20:13:55,997: create_node_process: package[joint_state_publisher] type[joint_state_publisher] machine[Machine(name[] env_loader[None] address[localhost] ssh_port[22] user[None] assignable[True] timeout[10.0])] master_uri[http://localhost:11311]
[roslaunch][INFO] 2016-07-19 20:13:55,997: process[joint_state_publisher-2]: env[{'ROS_DISTRO': 'indigo', 'SSH_CLIENT': '10.0.2.2 65324 22', 'CPATH': '/home/vagrant/therblig-motion-library/mico/wpi_jaco/devel/include:/opt/ros/indigo/include', 'LOGNAME': 'vagrant', 'USER': 'vagrant', 'HOME': '/home/vagrant', 'PATH': '/home/vagrant/therblig-motion-library/mico/wpi_jaco/devel/bin:/opt/ros/indigo/bin:/usr/local/sbin:/usr/local/bin:/usr/sbin:/usr/bin:/sbin:/bin:/usr/games:/usr/local/games', 'CMAKE_PREFIX_PATH': '/home/vagrant/therblig-motion-library/mico/wpi_jaco/devel:/opt/ros/indigo', 'ROS_LOG_FILENAME': '/home/vagrant/.ros/log/537e11d8-4940-11e6-a3ed-080027a2ea64/roslaunch-ros-indigo-desktop-trusty64-23044.log', 'LANG': 'en_US.UTF-8', 'TERM': 'screen', 'SHELL': '/bin/bash', 'SHLVL': '2', 'ROS_TEST_RESULTS_DIR': '/home/vagrant/therblig-motion-library/mico/wpi_jaco/build/test_results', 'QT_QPA_PLATFORMTHEME': 'appmenu-qt5', 'DISPLAY': 'localhost:10.0', 'ROS_MASTER_URI': 'http://localhost:11311', 'XDG_RUNTIME_DIR': '/run/user/1000', 'PYTHONPATH': '/home/vagrant/therblig-motion-library/mico/wpi_jaco/devel/lib/python2.7/dist-packages:/opt/ros/indigo/lib/python2.7/dist-packages', 'TMUX': '/tmp/tmux-1000/default,21632,0', 'ROS_ROOT': '/opt/ros/indigo/share/ros', 'PKG_CONFIG_PATH': '/home/vagrant/therblig-motion-library/mico/wpi_jaco/devel/lib/x86_64-linux-gnu/pkgconfig:/opt/ros/indigo/lib/x86_64-linux-gnu/pkgconfig:/home/vagrant/therblig-motion-library/mico/wpi_jaco/devel/lib/pkgconfig:/opt/ros/indigo/lib/pkgconfig', 'ROS_PACKAGE_PATH': '/home/vagrant/therblig-motion-library/mico/wpi_jaco/src:/opt/ros/indigo/share:/opt/ros/indigo/stacks', 'XDG_SESSION_ID': '20', '_': '/opt/ros/indigo/bin/roslaunch', 'CATKIN_TEST_RESULTS_DIR': '/home/vagrant/therblig-motion-library/mico/wpi_jaco/build/test_results', 'LD_LIBRARY_PATH': '/home/vagrant/therblig-motion-library/mico/wpi_jaco/devel/lib/x86_64-linux-gnu:/opt/ros/indigo/lib/x86_64-linux-gnu:/home/vagrant/therblig-motion-library/mico/wpi_jaco/devel/lib:/opt/ros/indigo/lib', 'SSH_TTY': '/dev/pts/0', 'OLDPWD': '/home/vagrant/therblig-motion-library/mico/wpi_jaco', 'ROSLISP_PACKAGE_DIRECTORIES': '/home/vagrant/therblig-motion-library/mico/wpi_jaco/devel/share/common-lisp', 'PWD': '/home/vagrant/therblig-motion-library/mico/wpi_jaco/devel', 'ROS_ETC_DIR': '/opt/ros/indigo/etc/ros', 'MAIL': '/var/mail/vagrant', 'SSH_CONNECTION': '10.0.2.2 65324 10.0.2.15 22', 'TMUX_PANE': '%2'}]
[roslaunch][INFO] 2016-07-19 20:13:56,869: process[joint_state_publisher-2]: args[[u'/opt/ros/indigo/lib/joint_state_publisher/joint_state_publisher', u'__name:=joint_state_publisher']]
[roslaunch][INFO] 2016-07-19 20:13:56,870: ... created process [joint_state_publisher-2]
[roslaunch.pmon][INFO] 2016-07-19 20:13:56,870: ProcessMonitor.register[joint_state_publisher-2]
[roslaunch.pmon][INFO] 2016-07-19 20:13:56,871: ProcessMonitor.register[joint_state_publisher-2] complete
[roslaunch][INFO] 2016-07-19 20:13:56,871: ... registered process [joint_state_publisher-2]
[roslaunch][INFO] 2016-07-19 20:13:56,872: process[joint_state_publisher-2]: starting os process
[roslaunch][INFO] 2016-07-19 20:13:56,874: process[joint_state_publisher-2]: start w/ args [[u'/opt/ros/indigo/lib/joint_state_publisher/joint_state_publisher', u'__name:=joint_state_publisher', u'__log:=/home/vagrant/.ros/log/537e11d8-4940-11e6-a3ed-080027a2ea64/joint_state_publisher-2.log']]
[roslaunch][INFO] 2016-07-19 20:13:56,875: process[joint_state_publisher-2]: cwd will be [/home/vagrant/.ros]
[roslaunch][INFO] 2016-07-19 20:13:56,879: process[joint_state_publisher-2]: started with pid [23104]
[roslaunch][INFO] 2016-07-19 20:13:56,880: ... successfully launched [joint_state_publisher-2]
[roslaunch][INFO] 2016-07-19 20:13:56,881: ... preparing to launch node of type [rviz/rviz]
[roslaunch][INFO] 2016-07-19 20:13:56,881: create_node_process: package[rviz] type[rviz] machine[Machine(name[] env_loader[None] address[localhost] ssh_port[22] user[None] assignable[True] timeout[10.0])] master_uri[http://localhost:11311]
[roslaunch][INFO] 2016-07-19 20:13:56,882: process[rviz-3]: env[{'ROS_DISTRO': 'indigo', 'SSH_CLIENT': '10.0.2.2 65324 22', 'CPATH': '/home/vagrant/therblig-motion-library/mico/wpi_jaco/devel/include:/opt/ros/indigo/include', 'LOGNAME': 'vagrant', 'USER': 'vagrant', 'HOME': '/home/vagrant', 'PATH': '/home/vagrant/therblig-motion-library/mico/wpi_jaco/devel/bin:/opt/ros/indigo/bin:/usr/local/sbin:/usr/local/bin:/usr/sbin:/usr/bin:/sbin:/bin:/usr/games:/usr/local/games', 'CMAKE_PREFIX_PATH': '/home/vagrant/therblig-motion-library/mico/wpi_jaco/devel:/opt/ros/indigo', 'ROS_LOG_FILENAME': '/home/vagrant/.ros/log/537e11d8-4940-11e6-a3ed-080027a2ea64/roslaunch-ros-indigo-desktop-trusty64-23044.log', 'LANG': 'en_US.UTF-8', 'TERM': 'screen', 'SHELL': '/bin/bash', 'SHLVL': '2', 'ROS_TEST_RESULTS_DIR': '/home/vagrant/therblig-motion-library/mico/wpi_jaco/build/test_results', 'QT_QPA_PLATFORMTHEME': 'appmenu-qt5', 'DISPLAY': 'localhost:10.0', 'ROS_MASTER_URI': 'http://localhost:11311', 'XDG_RUNTIME_DIR': '/run/user/1000', 'PYTHONPATH': '/home/vagrant/therblig-motion-library/mico/wpi_jaco/devel/lib/python2.7/dist-packages:/opt/ros/indigo/lib/python2.7/dist-packages', 'TMUX': '/tmp/tmux-1000/default,21632,0', 'ROS_ROOT': '/opt/ros/indigo/share/ros', 'PKG_CONFIG_PATH': '/home/vagrant/therblig-motion-library/mico/wpi_jaco/devel/lib/x86_64-linux-gnu/pkgconfig:/opt/ros/indigo/lib/x86_64-linux-gnu/pkgconfig:/home/vagrant/therblig-motion-library/mico/wpi_jaco/devel/lib/pkgconfig:/opt/ros/indigo/lib/pkgconfig', 'ROS_PACKAGE_PATH': '/home/vagrant/therblig-motion-library/mico/wpi_jaco/src:/opt/ros/indigo/share:/opt/ros/indigo/stacks', 'XDG_SESSION_ID': '20', '_': '/opt/ros/indigo/bin/roslaunch', 'CATKIN_TEST_RESULTS_DIR': '/home/vagrant/therblig-motion-library/mico/wpi_jaco/build/test_results', 'LD_LIBRARY_PATH': '/home/vagrant/therblig-motion-library/mico/wpi_jaco/devel/lib/x86_64-linux-gnu:/opt/ros/indigo/lib/x86_64-linux-gnu:/home/vagrant/therblig-motion-library/mico/wpi_jaco/devel/lib:/opt/ros/indigo/lib', 'SSH_TTY': '/dev/pts/0', 'OLDPWD': '/home/vagrant/therblig-motion-library/mico/wpi_jaco', 'ROSLISP_PACKAGE_DIRECTORIES': '/home/vagrant/therblig-motion-library/mico/wpi_jaco/devel/share/common-lisp', 'PWD': '/home/vagrant/therblig-motion-library/mico/wpi_jaco/devel', 'ROS_ETC_DIR': '/opt/ros/indigo/etc/ros', 'MAIL': '/var/mail/vagrant', 'SSH_CONNECTION': '10.0.2.2 65324 10.0.2.15 22', 'TMUX_PANE': '%2'}]
[roslaunch][INFO] 2016-07-19 20:13:57,945: process[rviz-3]: args[[u'/opt/ros/indigo/lib/rviz/rviz', '-d', '/home/vagrant/therblig-motion-library/mico/wpi_jaco/src/mico_description/rviz/view_robot.rviz', u'__name:=rviz']]
[roslaunch][INFO] 2016-07-19 20:13:57,953: ... created process [rviz-3]
[roslaunch.pmon][INFO] 2016-07-19 20:13:57,954: ProcessMonitor.register[rviz-3]
[roslaunch.pmon][INFO] 2016-07-19 20:13:57,955: ProcessMonitor.register[rviz-3] complete
[roslaunch][INFO] 2016-07-19 20:13:57,955: ... registered process [rviz-3]
[roslaunch][INFO] 2016-07-19 20:13:57,956: process[rviz-3]: starting os process
[roslaunch][INFO] 2016-07-19 20:13:57,959: process[rviz-3]: start w/ args [[u'/opt/ros/indigo/lib/rviz/rviz', '-d', '/home/vagrant/therblig-motion-library/mico/wpi_jaco/src/mico_description/rviz/view_robot.rviz', u'__name:=rviz', u'__log:=/home/vagrant/.ros/log/537e11d8-4940-11e6-a3ed-080027a2ea64/rviz-3.log']]
[roslaunch][INFO] 2016-07-19 20:13:57,960: process[rviz-3]: cwd will be [/home/vagrant/.ros]
[roslaunch][INFO] 2016-07-19 20:13:57,964: process[rviz-3]: started with pid [23107]
[roslaunch][INFO] 2016-07-19 20:13:57,966: ... successfully launched [rviz-3]
[roslaunch][INFO] 2016-07-19 20:13:57,967: ... launch_nodes complete
[roslaunch.pmon][INFO] 2016-07-19 20:13:57,968: registrations completed <ProcessMonitor(ProcessMonitor-1, started daemon 139846993188608)>
[roslaunch.parent][INFO] 2016-07-19 20:13:57,969: ... roslaunch parent running, waiting for process exit
[roslaunch][INFO] 2016-07-19 20:13:57,970: spin
[roslaunch][ERROR] 2016-07-19 20:13:58,255: ================================================================================REQUIRED process [rviz-3] has died!
process has died [pid 23107, exit code 1, cmd /opt/ros/indigo/lib/rviz/rviz -d /home/vagrant/therblig-motion-library/mico/wpi_jaco/src/mico_description/rviz/view_robot.rviz __name:=rviz __log:=/home/vagrant/.ros/log/537e11d8-4940-11e6-a3ed-080027a2ea64/rviz-3.log].
log file: /home/vagrant/.ros/log/537e11d8-4940-11e6-a3ed-080027a2ea64/rviz-3*.log
Initiating shutdown!
================================================================================
[roslaunch.pmon][INFO] 2016-07-19 20:13:58,356: ProcessMonitor._post_run <ProcessMonitor(ProcessMonitor-1, started daemon 139846993188608)>
[roslaunch.pmon][INFO] 2016-07-19 20:13:58,357: ProcessMonitor._post_run <ProcessMonitor(ProcessMonitor-1, started daemon 139846993188608)>: remaining procs are [<roslaunch.nodeprocess.LocalProcess object at 0x7f30aa85c510>, <roslaunch.nodeprocess.LocalProcess object at 0x7f30aa897a10>, <roslaunch.nodeprocess.LocalProcess object at 0x7f30aa85ca90>]
[roslaunch.pmon][INFO] 2016-07-19 20:13:58,358: ProcessMonitor exit: killing rviz-3
[roslaunch][INFO] 2016-07-19 20:13:58,365: [rviz-3] killing on exit
[roslaunch.pmon][INFO] 2016-07-19 20:13:58,365: ProcessMonitor exit: killing robot_state_publisher-1
[roslaunch.pmon][INFO] 2016-07-19 20:13:58,364: ProcessMonitor exit: killing joint_state_publisher-2
[roslaunch][INFO] 2016-07-19 20:13:58,373: [joint_state_publisher-2] killing on exit
[roslaunch][INFO] 2016-07-19 20:13:58,374: process[joint_state_publisher-2]: killing os process with pid[23104] pgid[23104]
[roslaunch][INFO] 2016-07-19 20:13:58,376: [joint_state_publisher-2] sending SIGINT to pgid [23104]
[roslaunch][INFO] 2016-07-19 20:13:58,377: [joint_state_publisher-2] sent SIGINT to pgid [23104]
[roslaunch][INFO] 2016-07-19 20:13:58,372: [robot_state_publisher-1] killing on exit
[roslaunch][INFO] 2016-07-19 20:13:58,378: process[robot_state_publisher-1]: killing os process with pid[23065] pgid[23065]
[roslaunch][INFO] 2016-07-19 20:13:58,378: [robot_state_publisher-1] sending SIGINT to pgid [23065]
[roslaunch][INFO] 2016-07-19 20:13:58,379: [robot_state_publisher-1] sent SIGINT to pgid [23065]
[roslaunch][INFO] 2016-07-19 20:13:58,682: process[robot_state_publisher-1]: SIGINT killed with return value 0
[roslaunch][INFO] 2016-07-19 20:13:59,180: process[joint_state_publisher-2]: SIGINT killed with return value 1
[roslaunch.pmon][INFO] 2016-07-19 20:13:59,181: ProcessMonitor exit: cleaning up data structures and signals
[roslaunch.pmon][INFO] 2016-07-19 20:13:59,182: ProcessMonitor exit: pmon has shutdown
[roslaunch][INFO] 2016-07-19 20:13:59,277: process monitor is done spinning, initiating full shutdown
[roslaunch][INFO] 2016-07-19 20:13:59,278: runner.stop()
[roslaunch][INFO] 2016-07-19 20:13:59,279: shutting down processing monitor...
[roslaunch][INFO] 2016-07-19 20:13:59,280: shutting down processing monitor <ProcessMonitor(ProcessMonitor-1, stopped daemon 139846993188608)>
[roslaunch.pmon][INFO] 2016-07-19 20:13:59,280: ProcessMonitor.shutdown <ProcessMonitor(ProcessMonitor-1, stopped daemon 139846993188608)>
[roslaunch][INFO] 2016-07-19 20:13:59,281: ... shutting down processing monitor complete
[roslaunch][INFO] 2016-07-19 20:13:59,282: done
[roslaunch.pmon][INFO] 2016-07-19 20:13:59,283: ProcessMonitor.shutdown <ProcessMonitor(ProcessMonitor-1, stopped daemon 139846993188608)>
[rospy.core][INFO] 2016-07-19 20:13:59,284: signal_shutdown [atexit]
