[roslaunch][INFO] 2016-07-18 17:26:16,999: Checking log directory for disk usage. This may take awhile.
Press Ctrl-C to interrupt
[roslaunch][INFO] 2016-07-18 17:26:17,124: Done checking log file disk usage. Usage is <1GB.
[roslaunch][INFO] 2016-07-18 17:26:17,126: roslaunch starting with args ['/opt/ros/indigo/bin/roslaunch', 'rosbridge_server', 'rosbridge_websocket.launch']
[roslaunch][INFO] 2016-07-18 17:26:17,127: roslaunch env is {'ROS_DISTRO': 'indigo', 'SSH_CLIENT': '10.0.2.2 51830 22', 'CPATH': '/opt/ros/indigo/include', 'LOGNAME': 'vagrant', 'USER': 'vagrant', 'PATH': '/opt/ros/indigo/bin:/usr/local/sbin:/usr/local/bin:/usr/sbin:/usr/bin:/sbin:/bin:/usr/games:/usr/local/games', 'HOME': '/home/vagrant', 'CMAKE_PREFIX_PATH': '/opt/ros/indigo', 'LD_LIBRARY_PATH': '/opt/ros/indigo/lib:/opt/ros/indigo/lib/x86_64-linux-gnu', 'LANG': 'en_US.UTF-8', 'TERM': 'xterm-256color', 'SHELL': '/bin/bash', 'SHLVL': '1', 'QT_QPA_PLATFORMTHEME': 'appmenu-qt5', 'ROS_LOG_FILENAME': '/home/vagrant/.ros/log/537e11d8-4940-11e6-a3ed-080027a2ea64/roslaunch-ros-indigo-desktop-trusty64-6628.log', 'ROS_ETC_DIR': '/opt/ros/indigo/etc/ros', 'XDG_RUNTIME_DIR': '/run/user/1000', 'PYTHONPATH': '/opt/ros/indigo/lib/python2.7/dist-packages', 'ROS_ROOT': '/opt/ros/indigo/share/ros', 'PKG_CONFIG_PATH': '/opt/ros/indigo/lib/pkgconfig:/opt/ros/indigo/lib/x86_64-linux-gnu/pkgconfig', 'ROS_PACKAGE_PATH': '/opt/ros/indigo/share:/opt/ros/indigo/stacks', 'XDG_SESSION_ID': '5', '_': '/opt/ros/indigo/bin/roslaunch', 'SSH_TTY': '/dev/pts/0', 'ROSLISP_PACKAGE_DIRECTORIES': '', 'PWD': '/home/vagrant', 'ROS_MASTER_URI': 'http://localhost:11311', 'MAIL': '/var/mail/vagrant', 'SSH_CONNECTION': '10.0.2.2 51830 10.0.2.15 22'}
[roslaunch][INFO] 2016-07-18 17:26:17,128: starting in server mode
[roslaunch.parent][INFO] 2016-07-18 17:26:17,129: starting roslaunch parent run
[roslaunch][INFO] 2016-07-18 17:26:17,130: loading roscore config file /opt/ros/indigo/etc/ros/roscore.xml
[roslaunch][INFO] 2016-07-18 17:26:17,249: Added core node of type [rosout/rosout] in namespace [/]
[roslaunch.config][INFO] 2016-07-18 17:26:17,250: loading config file /opt/ros/indigo/share/rosbridge_server/launch/rosbridge_websocket.launch
[roslaunch][INFO] 2016-07-18 17:26:17,253: Added node of type [rosbridge_server/rosbridge_websocket] in namespace [/]
[roslaunch][INFO] 2016-07-18 17:26:17,254: Added node of type [rosapi/rosapi_node] in namespace [/]
[roslaunch][INFO] 2016-07-18 17:26:17,254: ... selected machine [] for node of type [rosbridge_server/rosbridge_websocket]
[roslaunch][INFO] 2016-07-18 17:26:17,255: ... selected machine [] for node of type [rosapi/rosapi_node]
[roslaunch.pmon][INFO] 2016-07-18 17:26:17,256: start_process_monitor: creating ProcessMonitor
[roslaunch.pmon][INFO] 2016-07-18 17:26:17,256: created process monitor <ProcessMonitor(ProcessMonitor-1, initial daemon)>
[roslaunch.pmon][INFO] 2016-07-18 17:26:17,257: start_process_monitor: ProcessMonitor started
[roslaunch.parent][INFO] 2016-07-18 17:26:17,258: starting parent XML-RPC server
[roslaunch.server][INFO] 2016-07-18 17:26:17,258: starting roslaunch XML-RPC server
[roslaunch.server][INFO] 2016-07-18 17:26:17,259: waiting for roslaunch XML-RPC server to initialize
[xmlrpc][INFO] 2016-07-18 17:26:17,259: XML-RPC server binding to 0.0.0.0:0
[xmlrpc][INFO] 2016-07-18 17:26:17,260: Started XML-RPC server [http://ros-indigo-desktop-trusty64:32840/]
[xmlrpc][INFO] 2016-07-18 17:26:17,261: xml rpc node: starting XML-RPC server
[roslaunch][INFO] 2016-07-18 17:26:17,273: started roslaunch server http://ros-indigo-desktop-trusty64:32840/
[roslaunch.parent][INFO] 2016-07-18 17:26:17,274: ... parent XML-RPC server started
[roslaunch][INFO] 2016-07-18 17:26:17,277: master.is_running[http://localhost:11311]
[roslaunch][INFO] 2016-07-18 17:26:17,281: master.is_running[http://localhost:11311]
[roslaunch][INFO] 2016-07-18 17:26:17,284: ROS_MASTER_URI=http://localhost:11311
[roslaunch][INFO] 2016-07-18 17:26:17,288: setting /roslaunch/uris/host_ros_indigo_desktop_trusty64__32840' to http://ros-indigo-desktop-trusty64:32840/
[roslaunch][INFO] 2016-07-18 17:26:17,293: load_parameters starting ...
[roslaunch][INFO] 2016-07-18 17:26:17,305: ... load_parameters complete
[roslaunch][INFO] 2016-07-18 17:26:17,305: launch_nodes: launching local nodes ...
[roslaunch][INFO] 2016-07-18 17:26:17,306: ... preparing to launch node of type [rosbridge_server/rosbridge_websocket]
[roslaunch][INFO] 2016-07-18 17:26:17,306: create_node_process: package[rosbridge_server] type[rosbridge_websocket] machine[Machine(name[] env_loader[None] address[localhost] ssh_port[22] user[None] assignable[True] timeout[10.0])] master_uri[http://localhost:11311]
[roslaunch][INFO] 2016-07-18 17:26:17,307: process[rosbridge_websocket-1]: env[{'ROS_DISTRO': 'indigo', 'SSH_CLIENT': '10.0.2.2 51830 22', 'CPATH': '/opt/ros/indigo/include', 'LOGNAME': 'vagrant', 'USER': 'vagrant', 'PATH': '/opt/ros/indigo/bin:/usr/local/sbin:/usr/local/bin:/usr/sbin:/usr/bin:/sbin:/bin:/usr/games:/usr/local/games', 'HOME': '/home/vagrant', 'CMAKE_PREFIX_PATH': '/opt/ros/indigo', 'ROS_LOG_FILENAME': '/home/vagrant/.ros/log/537e11d8-4940-11e6-a3ed-080027a2ea64/roslaunch-ros-indigo-desktop-trusty64-6628.log', 'LANG': 'en_US.UTF-8', 'TERM': 'xterm-256color', 'SHELL': '/bin/bash', 'SHLVL': '1', 'QT_QPA_PLATFORMTHEME': 'appmenu-qt5', 'LD_LIBRARY_PATH': '/opt/ros/indigo/lib:/opt/ros/indigo/lib/x86_64-linux-gnu', 'ROS_MASTER_URI': 'http://localhost:11311', 'XDG_RUNTIME_DIR': '/run/user/1000', 'PYTHONPATH': '/opt/ros/indigo/lib/python2.7/dist-packages', 'ROS_ROOT': '/opt/ros/indigo/share/ros', 'PKG_CONFIG_PATH': '/opt/ros/indigo/lib/pkgconfig:/opt/ros/indigo/lib/x86_64-linux-gnu/pkgconfig', 'ROS_PACKAGE_PATH': '/opt/ros/indigo/share:/opt/ros/indigo/stacks', 'XDG_SESSION_ID': '5', '_': '/opt/ros/indigo/bin/roslaunch', 'SSH_TTY': '/dev/pts/0', 'ROSLISP_PACKAGE_DIRECTORIES': '', 'PWD': '/home/vagrant', 'ROS_ETC_DIR': '/opt/ros/indigo/etc/ros', 'MAIL': '/var/mail/vagrant', 'SSH_CONNECTION': '10.0.2.2 51830 10.0.2.15 22'}]
[roslaunch][INFO] 2016-07-18 17:26:17,343: process[rosbridge_websocket-1]: args[[u'/opt/ros/indigo/lib/rosbridge_server/rosbridge_websocket', u'__name:=rosbridge_websocket']]
[roslaunch][INFO] 2016-07-18 17:26:17,344: ... created process [rosbridge_websocket-1]
[roslaunch.pmon][INFO] 2016-07-18 17:26:17,344: ProcessMonitor.register[rosbridge_websocket-1]
[roslaunch.pmon][INFO] 2016-07-18 17:26:17,345: ProcessMonitor.register[rosbridge_websocket-1] complete
[roslaunch][INFO] 2016-07-18 17:26:17,345: ... registered process [rosbridge_websocket-1]
[roslaunch][INFO] 2016-07-18 17:26:17,345: process[rosbridge_websocket-1]: starting os process
[roslaunch][INFO] 2016-07-18 17:26:17,347: process[rosbridge_websocket-1]: start w/ args [[u'/opt/ros/indigo/lib/rosbridge_server/rosbridge_websocket', u'__name:=rosbridge_websocket', u'__log:=/home/vagrant/.ros/log/537e11d8-4940-11e6-a3ed-080027a2ea64/rosbridge_websocket-1.log']]
[roslaunch][INFO] 2016-07-18 17:26:17,347: process[rosbridge_websocket-1]: cwd will be [/home/vagrant/.ros]
[roslaunch][INFO] 2016-07-18 17:26:17,356: process[rosbridge_websocket-1]: started with pid [6646]
[roslaunch][INFO] 2016-07-18 17:26:17,359: ... successfully launched [rosbridge_websocket-1]
[roslaunch][INFO] 2016-07-18 17:26:17,359: ... preparing to launch node of type [rosapi/rosapi_node]
[roslaunch][INFO] 2016-07-18 17:26:17,359: create_node_process: package[rosapi] type[rosapi_node] machine[Machine(name[] env_loader[None] address[localhost] ssh_port[22] user[None] assignable[True] timeout[10.0])] master_uri[http://localhost:11311]
[roslaunch][INFO] 2016-07-18 17:26:17,360: process[rosapi-2]: env[{'ROS_DISTRO': 'indigo', 'SSH_CLIENT': '10.0.2.2 51830 22', 'CPATH': '/opt/ros/indigo/include', 'LOGNAME': 'vagrant', 'USER': 'vagrant', 'PATH': '/opt/ros/indigo/bin:/usr/local/sbin:/usr/local/bin:/usr/sbin:/usr/bin:/sbin:/bin:/usr/games:/usr/local/games', 'HOME': '/home/vagrant', 'CMAKE_PREFIX_PATH': '/opt/ros/indigo', 'ROS_LOG_FILENAME': '/home/vagrant/.ros/log/537e11d8-4940-11e6-a3ed-080027a2ea64/roslaunch-ros-indigo-desktop-trusty64-6628.log', 'LANG': 'en_US.UTF-8', 'TERM': 'xterm-256color', 'SHELL': '/bin/bash', 'SHLVL': '1', 'QT_QPA_PLATFORMTHEME': 'appmenu-qt5', 'LD_LIBRARY_PATH': '/opt/ros/indigo/lib:/opt/ros/indigo/lib/x86_64-linux-gnu', 'ROS_MASTER_URI': 'http://localhost:11311', 'XDG_RUNTIME_DIR': '/run/user/1000', 'PYTHONPATH': '/opt/ros/indigo/lib/python2.7/dist-packages', 'ROS_ROOT': '/opt/ros/indigo/share/ros', 'PKG_CONFIG_PATH': '/opt/ros/indigo/lib/pkgconfig:/opt/ros/indigo/lib/x86_64-linux-gnu/pkgconfig', 'ROS_PACKAGE_PATH': '/opt/ros/indigo/share:/opt/ros/indigo/stacks', 'XDG_SESSION_ID': '5', '_': '/opt/ros/indigo/bin/roslaunch', 'SSH_TTY': '/dev/pts/0', 'ROSLISP_PACKAGE_DIRECTORIES': '', 'PWD': '/home/vagrant', 'ROS_ETC_DIR': '/opt/ros/indigo/etc/ros', 'MAIL': '/var/mail/vagrant', 'SSH_CONNECTION': '10.0.2.2 51830 10.0.2.15 22'}]
[roslaunch][INFO] 2016-07-18 17:26:17,394: process[rosapi-2]: args[[u'/opt/ros/indigo/lib/rosapi/rosapi_node', u'__name:=rosapi']]
[roslaunch][INFO] 2016-07-18 17:26:17,395: ... created process [rosapi-2]
[roslaunch.pmon][INFO] 2016-07-18 17:26:17,396: ProcessMonitor.register[rosapi-2]
[roslaunch.pmon][INFO] 2016-07-18 17:26:17,396: ProcessMonitor.register[rosapi-2] complete
[roslaunch][INFO] 2016-07-18 17:26:17,397: ... registered process [rosapi-2]
[roslaunch][INFO] 2016-07-18 17:26:17,397: process[rosapi-2]: starting os process
[roslaunch][INFO] 2016-07-18 17:26:17,400: process[rosapi-2]: start w/ args [[u'/opt/ros/indigo/lib/rosapi/rosapi_node', u'__name:=rosapi', u'__log:=/home/vagrant/.ros/log/537e11d8-4940-11e6-a3ed-080027a2ea64/rosapi-2.log']]
[roslaunch][INFO] 2016-07-18 17:26:17,400: process[rosapi-2]: cwd will be [/home/vagrant/.ros]
[roslaunch][INFO] 2016-07-18 17:26:17,405: process[rosapi-2]: started with pid [6647]
[roslaunch][INFO] 2016-07-18 17:26:17,407: ... successfully launched [rosapi-2]
[roslaunch][INFO] 2016-07-18 17:26:17,408: ... launch_nodes complete
[roslaunch.pmon][INFO] 2016-07-18 17:26:17,409: registrations completed <ProcessMonitor(ProcessMonitor-1, started daemon 140070931224320)>
[roslaunch.parent][INFO] 2016-07-18 17:26:17,409: ... roslaunch parent running, waiting for process exit
[roslaunch][INFO] 2016-07-18 17:26:17,410: spin
[roslaunch.pmon][INFO] 2016-07-18 17:34:43,133: ProcessMonitor.shutdown <ProcessMonitor(ProcessMonitor-1, started daemon 140070931224320)>
[roslaunch.pmon][INFO] 2016-07-18 17:34:43,210: ProcessMonitor._post_run <ProcessMonitor(ProcessMonitor-1, started daemon 140070931224320)>
[roslaunch.pmon][INFO] 2016-07-18 17:34:43,211: ProcessMonitor._post_run <ProcessMonitor(ProcessMonitor-1, started daemon 140070931224320)>: remaining procs are [<roslaunch.nodeprocess.LocalProcess object at 0x7f64ce418f50>, <roslaunch.nodeprocess.LocalProcess object at 0x7f64ce418a10>]
[roslaunch.pmon][INFO] 2016-07-18 17:34:43,213: ProcessMonitor exit: killing rosapi-2
[roslaunch.pmon][INFO] 2016-07-18 17:34:43,215: ProcessMonitor exit: killing rosbridge_websocket-1
[roslaunch][INFO] 2016-07-18 17:34:43,215: [rosapi-2] killing on exit
[roslaunch][INFO] 2016-07-18 17:34:43,218: process[rosapi-2]: killing os process with pid[6647] pgid[6647]
[roslaunch][INFO] 2016-07-18 17:34:43,219: [rosapi-2] sending SIGINT to pgid [6647]
[roslaunch][INFO] 2016-07-18 17:34:43,223: [rosapi-2] sent SIGINT to pgid [6647]
[roslaunch][INFO] 2016-07-18 17:34:43,216: [rosbridge_websocket-1] killing on exit
[roslaunch][INFO] 2016-07-18 17:34:43,225: process[rosbridge_websocket-1]: killing os process with pid[6646] pgid[6646]
[roslaunch][INFO] 2016-07-18 17:34:43,226: [rosbridge_websocket-1] sending SIGINT to pgid [6646]
[roslaunch][INFO] 2016-07-18 17:34:43,227: [rosbridge_websocket-1] sent SIGINT to pgid [6646]
[roslaunch][INFO] 2016-07-18 17:34:43,429: process[rosbridge_websocket-1]: SIGINT killed with return value 0
[roslaunch][INFO] 2016-07-18 17:34:43,930: process[rosapi-2]: SIGINT killed with return value 0
[roslaunch.pmon][INFO] 2016-07-18 17:34:43,932: ProcessMonitor exit: cleaning up data structures and signals
[roslaunch.pmon][INFO] 2016-07-18 17:34:43,933: ProcessMonitor exit: pmon has shutdown
[roslaunch][INFO] 2016-07-18 17:34:43,958: process monitor is done spinning, initiating full shutdown
[roslaunch][INFO] 2016-07-18 17:34:43,959: runner.stop()
[roslaunch][INFO] 2016-07-18 17:34:43,959: shutting down processing monitor...
[roslaunch][INFO] 2016-07-18 17:34:43,961: shutting down processing monitor <ProcessMonitor(ProcessMonitor-1, stopped daemon 140070931224320)>
[roslaunch.pmon][INFO] 2016-07-18 17:34:43,961: ProcessMonitor.shutdown <ProcessMonitor(ProcessMonitor-1, stopped daemon 140070931224320)>
[roslaunch][INFO] 2016-07-18 17:34:43,962: ... shutting down processing monitor complete
[roslaunch][INFO] 2016-07-18 17:34:43,962: done
[roslaunch.pmon][INFO] 2016-07-18 17:34:43,963: ProcessMonitor.shutdown <ProcessMonitor(ProcessMonitor-1, stopped daemon 140070931224320)>
[rospy.core][INFO] 2016-07-18 17:34:43,964: signal_shutdown [atexit]
