[roslaunch][INFO] 2016-07-18 19:12:57,086: Checking log directory for disk usage. This may take awhile.
Press Ctrl-C to interrupt
[roslaunch][INFO] 2016-07-18 19:12:57,171: Done checking log file disk usage. Usage is <1GB.
[roslaunch][INFO] 2016-07-18 19:12:57,172: roslaunch starting with args ['/opt/ros/indigo/bin/roslaunch', 'mico_description', 'mico_description.launch']
[roslaunch][INFO] 2016-07-18 19:12:57,173: roslaunch env is {'ROS_DISTRO': 'indigo', 'SSH_CLIENT': '10.0.2.2 57124 22', 'CPATH': '/home/vagrant/therblig-motion-library/mico/wpi_jaco/devel/include:/opt/ros/indigo/include', 'LOGNAME': 'vagrant', 'USER': 'vagrant', 'HOME': '/home/vagrant', 'PATH': '/home/vagrant/therblig-motion-library/mico/wpi_jaco/devel/bin:/opt/ros/indigo/bin:/usr/local/sbin:/usr/local/bin:/usr/sbin:/usr/bin:/sbin:/bin:/usr/games:/usr/local/games', 'CMAKE_PREFIX_PATH': '/home/vagrant/therblig-motion-library/mico/wpi_jaco/devel:/opt/ros/indigo', 'LD_LIBRARY_PATH': '/home/vagrant/therblig-motion-library/mico/wpi_jaco/devel/lib/x86_64-linux-gnu:/opt/ros/indigo/lib/x86_64-linux-gnu:/home/vagrant/therblig-motion-library/mico/wpi_jaco/devel/lib:/opt/ros/indigo/lib', 'LANG': 'en_US.UTF-8', 'TERM': 'screen', 'SHELL': '/bin/bash', 'ROS_LOG_FILENAME': '/home/vagrant/.ros/log/537e11d8-4940-11e6-a3ed-080027a2ea64/roslaunch-ros-indigo-desktop-trusty64-12116.log', 'SHLVL': '2', 'XDG_SESSION_ID': '9', 'QT_QPA_PLATFORMTHEME': 'appmenu-qt5', 'DISPLAY': 'localhost:10.0', 'ROS_ETC_DIR': '/opt/ros/indigo/etc/ros', 'XDG_RUNTIME_DIR': '/run/user/1000', 'PYTHONPATH': '/home/vagrant/therblig-motion-library/mico/wpi_jaco/devel/lib/python2.7/dist-packages:/opt/ros/indigo/lib/python2.7/dist-packages', 'TMUX': '/tmp/tmux-1000/default,11988,0', 'ROS_ROOT': '/opt/ros/indigo/share/ros', 'PKG_CONFIG_PATH': '/home/vagrant/therblig-motion-library/mico/wpi_jaco/devel/lib/x86_64-linux-gnu/pkgconfig:/opt/ros/indigo/lib/x86_64-linux-gnu/pkgconfig:/home/vagrant/therblig-motion-library/mico/wpi_jaco/devel/lib/pkgconfig:/opt/ros/indigo/lib/pkgconfig', 'ROS_PACKAGE_PATH': '/home/vagrant/therblig-motion-library/mico/wpi_jaco/src:/opt/ros/indigo/share:/opt/ros/indigo/stacks', 'ROS_TEST_RESULTS_DIR': '/home/vagrant/therblig-motion-library/mico/wpi_jaco/build/test_results', '_': '/opt/ros/indigo/bin/roslaunch', 'CATKIN_TEST_RESULTS_DIR': '/home/vagrant/therblig-motion-library/mico/wpi_jaco/build/test_results', 'SSH_TTY': '/dev/pts/0', 'OLDPWD': '/home/vagrant/therblig-motion-library/mico/wpi_jaco', 'ROSLISP_PACKAGE_DIRECTORIES': '/home/vagrant/therblig-motion-library/mico/wpi_jaco/devel/share/common-lisp', 'PWD': '/home/vagrant/therblig-motion-library/mico/wpi_jaco/devel', 'ROS_MASTER_URI': 'http://localhost:11311', 'MAIL': '/var/mail/vagrant', 'SSH_CONNECTION': '10.0.2.2 57124 10.0.2.15 22', 'TMUX_PANE': '%0'}
[roslaunch][INFO] 2016-07-18 19:12:57,173: starting in server mode
[roslaunch.parent][INFO] 2016-07-18 19:12:57,174: starting roslaunch parent run
[roslaunch][INFO] 2016-07-18 19:12:57,175: loading roscore config file /opt/ros/indigo/etc/ros/roscore.xml
[roslaunch][INFO] 2016-07-18 19:12:58,493: Added core node of type [rosout/rosout] in namespace [/]
[roslaunch.config][INFO] 2016-07-18 19:12:58,494: loading config file /home/vagrant/therblig-motion-library/mico/wpi_jaco/src/mico_description/launch/mico_description.launch
[roslaunch][INFO] 2016-07-18 19:13:01,055: Added node of type [robot_state_publisher/robot_state_publisher] in namespace [/]
[roslaunch][INFO] 2016-07-18 19:13:01,074: Added node of type [joint_state_publisher/joint_state_publisher] in namespace [/]
[roslaunch][INFO] 2016-07-18 19:13:01,075: ... selected machine [] for node of type [robot_state_publisher/robot_state_publisher]
[roslaunch][INFO] 2016-07-18 19:13:01,075: ... selected machine [] for node of type [joint_state_publisher/joint_state_publisher]
[roslaunch.pmon][INFO] 2016-07-18 19:13:01,083: start_process_monitor: creating ProcessMonitor
[roslaunch.pmon][INFO] 2016-07-18 19:13:01,083: created process monitor <ProcessMonitor(ProcessMonitor-1, initial daemon)>
[roslaunch.pmon][INFO] 2016-07-18 19:13:01,084: start_process_monitor: ProcessMonitor started
[roslaunch.parent][INFO] 2016-07-18 19:13:01,085: starting parent XML-RPC server
[roslaunch.server][INFO] 2016-07-18 19:13:01,085: starting roslaunch XML-RPC server
[roslaunch.server][INFO] 2016-07-18 19:13:01,086: waiting for roslaunch XML-RPC server to initialize
[xmlrpc][INFO] 2016-07-18 19:13:01,086: XML-RPC server binding to 0.0.0.0:0
[xmlrpc][INFO] 2016-07-18 19:13:01,087: Started XML-RPC server [http://ros-indigo-desktop-trusty64:42325/]
[xmlrpc][INFO] 2016-07-18 19:13:01,088: xml rpc node: starting XML-RPC server
[roslaunch][INFO] 2016-07-18 19:13:01,103: started roslaunch server http://ros-indigo-desktop-trusty64:42325/
[roslaunch.parent][INFO] 2016-07-18 19:13:01,103: ... parent XML-RPC server started
[roslaunch][INFO] 2016-07-18 19:13:01,105: master.is_running[http://localhost:11311]
[roslaunch][INFO] 2016-07-18 19:13:01,107: master.is_running[http://localhost:11311]
[roslaunch][INFO] 2016-07-18 19:13:01,110: ROS_MASTER_URI=http://localhost:11311
[roslaunch][INFO] 2016-07-18 19:13:01,115: setting /roslaunch/uris/host_ros_indigo_desktop_trusty64__42325' to http://ros-indigo-desktop-trusty64:42325/
[roslaunch][INFO] 2016-07-18 19:13:01,120: load_parameters starting ...
[roslaunch][INFO] 2016-07-18 19:13:01,130: ... load_parameters complete
[roslaunch][INFO] 2016-07-18 19:13:01,131: launch_nodes: launching local nodes ...
[roslaunch][INFO] 2016-07-18 19:13:01,131: ... preparing to launch node of type [robot_state_publisher/robot_state_publisher]
[roslaunch][INFO] 2016-07-18 19:13:01,132: create_node_process: package[robot_state_publisher] type[robot_state_publisher] machine[Machine(name[] env_loader[None] address[localhost] ssh_port[22] user[None] assignable[True] timeout[10.0])] master_uri[http://localhost:11311]
[roslaunch][INFO] 2016-07-18 19:13:01,133: process[robot_state_publisher-1]: env[{'ROS_DISTRO': 'indigo', 'SSH_CLIENT': '10.0.2.2 57124 22', 'CPATH': '/home/vagrant/therblig-motion-library/mico/wpi_jaco/devel/include:/opt/ros/indigo/include', 'LOGNAME': 'vagrant', 'USER': 'vagrant', 'HOME': '/home/vagrant', 'PATH': '/home/vagrant/therblig-motion-library/mico/wpi_jaco/devel/bin:/opt/ros/indigo/bin:/usr/local/sbin:/usr/local/bin:/usr/sbin:/usr/bin:/sbin:/bin:/usr/games:/usr/local/games', 'CMAKE_PREFIX_PATH': '/home/vagrant/therblig-motion-library/mico/wpi_jaco/devel:/opt/ros/indigo', 'ROS_LOG_FILENAME': '/home/vagrant/.ros/log/537e11d8-4940-11e6-a3ed-080027a2ea64/roslaunch-ros-indigo-desktop-trusty64-12116.log', 'LANG': 'en_US.UTF-8', 'TERM': 'screen', 'SHELL': '/bin/bash', 'SHLVL': '2', 'ROS_TEST_RESULTS_DIR': '/home/vagrant/therblig-motion-library/mico/wpi_jaco/build/test_results', 'QT_QPA_PLATFORMTHEME': 'appmenu-qt5', 'DISPLAY': 'localhost:10.0', 'ROS_MASTER_URI': 'http://localhost:11311', 'XDG_RUNTIME_DIR': '/run/user/1000', 'PYTHONPATH': '/home/vagrant/therblig-motion-library/mico/wpi_jaco/devel/lib/python2.7/dist-packages:/opt/ros/indigo/lib/python2.7/dist-packages', 'TMUX': '/tmp/tmux-1000/default,11988,0', 'ROS_ROOT': '/opt/ros/indigo/share/ros', 'PKG_CONFIG_PATH': '/home/vagrant/therblig-motion-library/mico/wpi_jaco/devel/lib/x86_64-linux-gnu/pkgconfig:/opt/ros/indigo/lib/x86_64-linux-gnu/pkgconfig:/home/vagrant/therblig-motion-library/mico/wpi_jaco/devel/lib/pkgconfig:/opt/ros/indigo/lib/pkgconfig', 'ROS_PACKAGE_PATH': '/home/vagrant/therblig-motion-library/mico/wpi_jaco/src:/opt/ros/indigo/share:/opt/ros/indigo/stacks', 'XDG_SESSION_ID': '9', '_': '/opt/ros/indigo/bin/roslaunch', 'CATKIN_TEST_RESULTS_DIR': '/home/vagrant/therblig-motion-library/mico/wpi_jaco/build/test_results', 'LD_LIBRARY_PATH': '/home/vagrant/therblig-motion-library/mico/wpi_jaco/devel/lib/x86_64-linux-gnu:/opt/ros/indigo/lib/x86_64-linux-gnu:/home/vagrant/therblig-motion-library/mico/wpi_jaco/devel/lib:/opt/ros/indigo/lib', 'SSH_TTY': '/dev/pts/0', 'OLDPWD': '/home/vagrant/therblig-motion-library/mico/wpi_jaco', 'ROSLISP_PACKAGE_DIRECTORIES': '/home/vagrant/therblig-motion-library/mico/wpi_jaco/devel/share/common-lisp', 'PWD': '/home/vagrant/therblig-motion-library/mico/wpi_jaco/devel', 'ROS_ETC_DIR': '/opt/ros/indigo/etc/ros', 'MAIL': '/var/mail/vagrant', 'SSH_CONNECTION': '10.0.2.2 57124 10.0.2.15 22', 'TMUX_PANE': '%0'}]
[roslaunch][INFO] 2016-07-18 19:13:01,951: process[robot_state_publisher-1]: args[[u'/opt/ros/indigo/lib/robot_state_publisher/robot_state_publisher', u'__name:=robot_state_publisher']]
[roslaunch][INFO] 2016-07-18 19:13:01,952: ... created process [robot_state_publisher-1]
[roslaunch.pmon][INFO] 2016-07-18 19:13:01,953: ProcessMonitor.register[robot_state_publisher-1]
[roslaunch.pmon][INFO] 2016-07-18 19:13:01,954: ProcessMonitor.register[robot_state_publisher-1] complete
[roslaunch][INFO] 2016-07-18 19:13:01,954: ... registered process [robot_state_publisher-1]
[roslaunch][INFO] 2016-07-18 19:13:01,955: process[robot_state_publisher-1]: starting os process
[roslaunch][INFO] 2016-07-18 19:13:01,967: process[robot_state_publisher-1]: start w/ args [[u'/opt/ros/indigo/lib/robot_state_publisher/robot_state_publisher', u'__name:=robot_state_publisher', u'__log:=/home/vagrant/.ros/log/537e11d8-4940-11e6-a3ed-080027a2ea64/robot_state_publisher-1.log']]
[roslaunch][INFO] 2016-07-18 19:13:01,968: process[robot_state_publisher-1]: cwd will be [/home/vagrant/.ros]
[roslaunch][INFO] 2016-07-18 19:13:01,974: process[robot_state_publisher-1]: started with pid [12144]
[roslaunch][INFO] 2016-07-18 19:13:01,976: ... successfully launched [robot_state_publisher-1]
[roslaunch][INFO] 2016-07-18 19:13:01,976: ... preparing to launch node of type [joint_state_publisher/joint_state_publisher]
[roslaunch][INFO] 2016-07-18 19:13:01,977: create_node_process: package[joint_state_publisher] type[joint_state_publisher] machine[Machine(name[] env_loader[None] address[localhost] ssh_port[22] user[None] assignable[True] timeout[10.0])] master_uri[http://localhost:11311]
[roslaunch][INFO] 2016-07-18 19:13:01,978: process[joint_state_publisher-2]: env[{'ROS_DISTRO': 'indigo', 'SSH_CLIENT': '10.0.2.2 57124 22', 'CPATH': '/home/vagrant/therblig-motion-library/mico/wpi_jaco/devel/include:/opt/ros/indigo/include', 'LOGNAME': 'vagrant', 'USER': 'vagrant', 'HOME': '/home/vagrant', 'PATH': '/home/vagrant/therblig-motion-library/mico/wpi_jaco/devel/bin:/opt/ros/indigo/bin:/usr/local/sbin:/usr/local/bin:/usr/sbin:/usr/bin:/sbin:/bin:/usr/games:/usr/local/games', 'CMAKE_PREFIX_PATH': '/home/vagrant/therblig-motion-library/mico/wpi_jaco/devel:/opt/ros/indigo', 'ROS_LOG_FILENAME': '/home/vagrant/.ros/log/537e11d8-4940-11e6-a3ed-080027a2ea64/roslaunch-ros-indigo-desktop-trusty64-12116.log', 'LANG': 'en_US.UTF-8', 'TERM': 'screen', 'SHELL': '/bin/bash', 'SHLVL': '2', 'ROS_TEST_RESULTS_DIR': '/home/vagrant/therblig-motion-library/mico/wpi_jaco/build/test_results', 'QT_QPA_PLATFORMTHEME': 'appmenu-qt5', 'DISPLAY': 'localhost:10.0', 'ROS_MASTER_URI': 'http://localhost:11311', 'XDG_RUNTIME_DIR': '/run/user/1000', 'PYTHONPATH': '/home/vagrant/therblig-motion-library/mico/wpi_jaco/devel/lib/python2.7/dist-packages:/opt/ros/indigo/lib/python2.7/dist-packages', 'TMUX': '/tmp/tmux-1000/default,11988,0', 'ROS_ROOT': '/opt/ros/indigo/share/ros', 'PKG_CONFIG_PATH': '/home/vagrant/therblig-motion-library/mico/wpi_jaco/devel/lib/x86_64-linux-gnu/pkgconfig:/opt/ros/indigo/lib/x86_64-linux-gnu/pkgconfig:/home/vagrant/therblig-motion-library/mico/wpi_jaco/devel/lib/pkgconfig:/opt/ros/indigo/lib/pkgconfig', 'ROS_PACKAGE_PATH': '/home/vagrant/therblig-motion-library/mico/wpi_jaco/src:/opt/ros/indigo/share:/opt/ros/indigo/stacks', 'XDG_SESSION_ID': '9', '_': '/opt/ros/indigo/bin/roslaunch', 'CATKIN_TEST_RESULTS_DIR': '/home/vagrant/therblig-motion-library/mico/wpi_jaco/build/test_results', 'LD_LIBRARY_PATH': '/home/vagrant/therblig-motion-library/mico/wpi_jaco/devel/lib/x86_64-linux-gnu:/opt/ros/indigo/lib/x86_64-linux-gnu:/home/vagrant/therblig-motion-library/mico/wpi_jaco/devel/lib:/opt/ros/indigo/lib', 'SSH_TTY': '/dev/pts/0', 'OLDPWD': '/home/vagrant/therblig-motion-library/mico/wpi_jaco', 'ROSLISP_PACKAGE_DIRECTORIES': '/home/vagrant/therblig-motion-library/mico/wpi_jaco/devel/share/common-lisp', 'PWD': '/home/vagrant/therblig-motion-library/mico/wpi_jaco/devel', 'ROS_ETC_DIR': '/opt/ros/indigo/etc/ros', 'MAIL': '/var/mail/vagrant', 'SSH_CONNECTION': '10.0.2.2 57124 10.0.2.15 22', 'TMUX_PANE': '%0'}]
[roslaunch][INFO] 2016-07-18 19:13:02,897: process[joint_state_publisher-2]: args[[u'/opt/ros/indigo/lib/joint_state_publisher/joint_state_publisher', u'__name:=joint_state_publisher']]
[roslaunch][INFO] 2016-07-18 19:13:02,898: ... created process [joint_state_publisher-2]
[roslaunch.pmon][INFO] 2016-07-18 19:13:02,899: ProcessMonitor.register[joint_state_publisher-2]
[roslaunch.pmon][INFO] 2016-07-18 19:13:02,899: ProcessMonitor.register[joint_state_publisher-2] complete
[roslaunch][INFO] 2016-07-18 19:13:02,900: ... registered process [joint_state_publisher-2]
[roslaunch][INFO] 2016-07-18 19:13:02,900: process[joint_state_publisher-2]: starting os process
[roslaunch][INFO] 2016-07-18 19:13:02,905: process[joint_state_publisher-2]: start w/ args [[u'/opt/ros/indigo/lib/joint_state_publisher/joint_state_publisher', u'__name:=joint_state_publisher', u'__log:=/home/vagrant/.ros/log/537e11d8-4940-11e6-a3ed-080027a2ea64/joint_state_publisher-2.log']]
[roslaunch][INFO] 2016-07-18 19:13:02,906: process[joint_state_publisher-2]: cwd will be [/home/vagrant/.ros]
[roslaunch][INFO] 2016-07-18 19:13:02,910: process[joint_state_publisher-2]: started with pid [12169]
[roslaunch][INFO] 2016-07-18 19:13:02,911: ... successfully launched [joint_state_publisher-2]
[roslaunch][INFO] 2016-07-18 19:13:02,913: ... launch_nodes complete
[roslaunch.pmon][INFO] 2016-07-18 19:13:02,913: registrations completed <ProcessMonitor(ProcessMonitor-1, started daemon 140101516789504)>
[roslaunch.parent][INFO] 2016-07-18 19:13:02,914: ... roslaunch parent running, waiting for process exit
[roslaunch][INFO] 2016-07-18 19:13:02,915: spin
[roslaunch.pmon][INFO] 2016-07-18 19:39:10,679: ProcessMonitor.shutdown <ProcessMonitor(ProcessMonitor-1, started daemon 140101516789504)>
[roslaunch.pmon][INFO] 2016-07-18 19:39:10,776: ProcessMonitor._post_run <ProcessMonitor(ProcessMonitor-1, started daemon 140101516789504)>
[roslaunch.pmon][INFO] 2016-07-18 19:39:10,776: ProcessMonitor._post_run <ProcessMonitor(ProcessMonitor-1, started daemon 140101516789504)>: remaining procs are [<roslaunch.nodeprocess.LocalProcess object at 0x7f6bed4fad90>, <roslaunch.nodeprocess.LocalProcess object at 0x7f6bed25b3d0>]
[roslaunch.pmon][INFO] 2016-07-18 19:39:10,778: ProcessMonitor exit: killing joint_state_publisher-2
[roslaunch.pmon][INFO] 2016-07-18 19:39:10,779: ProcessMonitor exit: killing robot_state_publisher-1
[roslaunch][INFO] 2016-07-18 19:39:10,779: [joint_state_publisher-2] killing on exit
[roslaunch][INFO] 2016-07-18 19:39:10,781: [robot_state_publisher-1] killing on exit
[roslaunch][INFO] 2016-07-18 19:39:10,783: process[joint_state_publisher-2]: killing os process with pid[12169] pgid[12169]
[roslaunch][INFO] 2016-07-18 19:39:10,783: process[robot_state_publisher-1]: killing os process with pid[12144] pgid[12144]
[roslaunch][INFO] 2016-07-18 19:39:10,785: [joint_state_publisher-2] sending SIGINT to pgid [12169]
[roslaunch][INFO] 2016-07-18 19:39:10,787: [joint_state_publisher-2] sent SIGINT to pgid [12169]
[roslaunch][INFO] 2016-07-18 19:39:10,786: [robot_state_publisher-1] sending SIGINT to pgid [12144]
[roslaunch][INFO] 2016-07-18 19:39:10,795: [robot_state_publisher-1] sent SIGINT to pgid [12144]
[roslaunch][INFO] 2016-07-18 19:39:10,992: process[joint_state_publisher-2]: SIGINT killed with return value 0
[roslaunch][INFO] 2016-07-18 19:39:11,097: process[robot_state_publisher-1]: SIGINT killed with return value 0
[roslaunch.pmon][INFO] 2016-07-18 19:39:11,098: ProcessMonitor exit: cleaning up data structures and signals
[roslaunch.pmon][INFO] 2016-07-18 19:39:11,099: ProcessMonitor exit: pmon has shutdown
[roslaunch][INFO] 2016-07-18 19:39:11,107: process monitor is done spinning, initiating full shutdown
[roslaunch][INFO] 2016-07-18 19:39:11,108: runner.stop()
[roslaunch][INFO] 2016-07-18 19:39:11,108: shutting down processing monitor...
[roslaunch][INFO] 2016-07-18 19:39:11,110: shutting down processing monitor <ProcessMonitor(ProcessMonitor-1, stopped daemon 140101516789504)>
[roslaunch.pmon][INFO] 2016-07-18 19:39:11,111: ProcessMonitor.shutdown <ProcessMonitor(ProcessMonitor-1, stopped daemon 140101516789504)>
[roslaunch][INFO] 2016-07-18 19:39:11,112: ... shutting down processing monitor complete
[roslaunch][INFO] 2016-07-18 19:39:11,113: done
[roslaunch.pmon][INFO] 2016-07-18 19:39:11,114: ProcessMonitor.shutdown <ProcessMonitor(ProcessMonitor-1, stopped daemon 140101516789504)>
[rospy.core][INFO] 2016-07-18 19:39:11,115: signal_shutdown [atexit]
