[roslaunch][INFO] 2016-07-18 17:45:19,538: Checking log directory for disk usage. This may take awhile.
Press Ctrl-C to interrupt
[roslaunch][INFO] 2016-07-18 17:45:19,689: Done checking log file disk usage. Usage is <1GB.
[roslaunch][INFO] 2016-07-18 17:45:19,690: roslaunch starting with args ['/opt/ros/indigo/bin/roslaunch', 'rosbridge_server', 'rosbridge_websocket.launch']
[roslaunch][INFO] 2016-07-18 17:45:19,692: roslaunch env is {'ROS_DISTRO': 'indigo', 'SSH_CLIENT': '10.0.2.2 51830 22', 'CPATH': '/opt/ros/indigo/include', 'LOGNAME': 'vagrant', 'USER': 'vagrant', 'HOME': '/home/vagrant', 'PATH': '/opt/ros/indigo/bin:/usr/local/sbin:/usr/local/bin:/usr/sbin:/usr/bin:/sbin:/bin:/usr/games:/usr/local/games', 'CMAKE_PREFIX_PATH': '/opt/ros/indigo', 'LD_LIBRARY_PATH': '/opt/ros/indigo/lib:/opt/ros/indigo/lib/x86_64-linux-gnu', 'LANG': 'en_US.UTF-8', 'TERM': 'xterm-256color', 'SHELL': '/bin/bash', 'SHLVL': '1', 'QT_QPA_PLATFORMTHEME': 'appmenu-qt5', 'ROS_LOG_FILENAME': '/home/vagrant/.ros/log/537e11d8-4940-11e6-a3ed-080027a2ea64/roslaunch-ros-indigo-desktop-trusty64-8551.log', 'ROS_ETC_DIR': '/opt/ros/indigo/etc/ros', 'XDG_RUNTIME_DIR': '/run/user/1000', 'PYTHONPATH': '/opt/ros/indigo/lib/python2.7/dist-packages', 'ROS_ROOT': '/opt/ros/indigo/share/ros', 'PKG_CONFIG_PATH': '/opt/ros/indigo/lib/pkgconfig:/opt/ros/indigo/lib/x86_64-linux-gnu/pkgconfig', 'ROS_PACKAGE_PATH': '/opt/ros/indigo/share:/opt/ros/indigo/stacks', 'XDG_SESSION_ID': '5', '_': '/opt/ros/indigo/bin/roslaunch', 'SSH_TTY': '/dev/pts/0', 'OLDPWD': '/home/vagrant/therblig-motion-library/mico', 'ROSLISP_PACKAGE_DIRECTORIES': '', 'PWD': '/home/vagrant/therblig-motion-library/mico/wpi_jaco', 'ROS_MASTER_URI': 'http://localhost:11311', 'MAIL': '/var/mail/vagrant', 'SSH_CONNECTION': '10.0.2.2 51830 10.0.2.15 22'}
[roslaunch][INFO] 2016-07-18 17:45:19,694: starting in server mode
[roslaunch.parent][INFO] 2016-07-18 17:45:19,695: starting roslaunch parent run
[roslaunch][INFO] 2016-07-18 17:45:19,698: loading roscore config file /opt/ros/indigo/etc/ros/roscore.xml
[roslaunch][INFO] 2016-07-18 17:45:19,853: Added core node of type [rosout/rosout] in namespace [/]
[roslaunch.config][INFO] 2016-07-18 17:45:19,853: loading config file /opt/ros/indigo/share/rosbridge_server/launch/rosbridge_websocket.launch
[roslaunch][INFO] 2016-07-18 17:45:19,856: Added node of type [rosbridge_server/rosbridge_websocket] in namespace [/]
[roslaunch][INFO] 2016-07-18 17:45:19,857: Added node of type [rosapi/rosapi_node] in namespace [/]
[roslaunch][INFO] 2016-07-18 17:45:19,858: ... selected machine [] for node of type [rosbridge_server/rosbridge_websocket]
[roslaunch][INFO] 2016-07-18 17:45:19,858: ... selected machine [] for node of type [rosapi/rosapi_node]
[roslaunch.pmon][INFO] 2016-07-18 17:45:19,859: start_process_monitor: creating ProcessMonitor
[roslaunch.pmon][INFO] 2016-07-18 17:45:19,859: created process monitor <ProcessMonitor(ProcessMonitor-1, initial daemon)>
[roslaunch.pmon][INFO] 2016-07-18 17:45:19,860: start_process_monitor: ProcessMonitor started
[roslaunch.parent][INFO] 2016-07-18 17:45:19,860: starting parent XML-RPC server
[roslaunch.server][INFO] 2016-07-18 17:45:19,861: starting roslaunch XML-RPC server
[roslaunch.server][INFO] 2016-07-18 17:45:19,861: waiting for roslaunch XML-RPC server to initialize
[xmlrpc][INFO] 2016-07-18 17:45:19,862: XML-RPC server binding to 0.0.0.0:0
[xmlrpc][INFO] 2016-07-18 17:45:19,862: Started XML-RPC server [http://ros-indigo-desktop-trusty64:45590/]
[xmlrpc][INFO] 2016-07-18 17:45:19,863: xml rpc node: starting XML-RPC server
[roslaunch][INFO] 2016-07-18 17:45:19,878: started roslaunch server http://ros-indigo-desktop-trusty64:45590/
[roslaunch.parent][INFO] 2016-07-18 17:45:19,879: ... parent XML-RPC server started
[roslaunch][INFO] 2016-07-18 17:45:19,884: master.is_running[http://localhost:11311]
[roslaunch][INFO] 2016-07-18 17:45:19,895: master.is_running[http://localhost:11311]
[roslaunch][INFO] 2016-07-18 17:45:19,900: ROS_MASTER_URI=http://localhost:11311
[roslaunch][INFO] 2016-07-18 17:45:19,914: setting /roslaunch/uris/host_ros_indigo_desktop_trusty64__45590' to http://ros-indigo-desktop-trusty64:45590/
[roslaunch][INFO] 2016-07-18 17:45:19,941: load_parameters starting ...
[roslaunch][INFO] 2016-07-18 17:45:20,003: ... load_parameters complete
[roslaunch][INFO] 2016-07-18 17:45:20,004: launch_nodes: launching local nodes ...
[roslaunch][INFO] 2016-07-18 17:45:20,007: ... preparing to launch node of type [rosbridge_server/rosbridge_websocket]
[roslaunch][INFO] 2016-07-18 17:45:20,007: create_node_process: package[rosbridge_server] type[rosbridge_websocket] machine[Machine(name[] env_loader[None] address[localhost] ssh_port[22] user[None] assignable[True] timeout[10.0])] master_uri[http://localhost:11311]
[roslaunch][INFO] 2016-07-18 17:45:20,009: process[rosbridge_websocket-1]: env[{'ROS_DISTRO': 'indigo', 'SSH_CLIENT': '10.0.2.2 51830 22', 'CPATH': '/opt/ros/indigo/include', 'LOGNAME': 'vagrant', 'USER': 'vagrant', 'HOME': '/home/vagrant', 'PATH': '/opt/ros/indigo/bin:/usr/local/sbin:/usr/local/bin:/usr/sbin:/usr/bin:/sbin:/bin:/usr/games:/usr/local/games', 'CMAKE_PREFIX_PATH': '/opt/ros/indigo', 'ROS_LOG_FILENAME': '/home/vagrant/.ros/log/537e11d8-4940-11e6-a3ed-080027a2ea64/roslaunch-ros-indigo-desktop-trusty64-8551.log', 'LANG': 'en_US.UTF-8', 'TERM': 'xterm-256color', 'SHELL': '/bin/bash', 'SHLVL': '1', 'QT_QPA_PLATFORMTHEME': 'appmenu-qt5', 'LD_LIBRARY_PATH': '/opt/ros/indigo/lib:/opt/ros/indigo/lib/x86_64-linux-gnu', 'ROS_MASTER_URI': 'http://localhost:11311', 'XDG_RUNTIME_DIR': '/run/user/1000', 'PYTHONPATH': '/opt/ros/indigo/lib/python2.7/dist-packages', 'ROS_ROOT': '/opt/ros/indigo/share/ros', 'PKG_CONFIG_PATH': '/opt/ros/indigo/lib/pkgconfig:/opt/ros/indigo/lib/x86_64-linux-gnu/pkgconfig', 'ROS_PACKAGE_PATH': '/opt/ros/indigo/share:/opt/ros/indigo/stacks', 'XDG_SESSION_ID': '5', '_': '/opt/ros/indigo/bin/roslaunch', 'SSH_TTY': '/dev/pts/0', 'OLDPWD': '/home/vagrant/therblig-motion-library/mico', 'ROSLISP_PACKAGE_DIRECTORIES': '', 'PWD': '/home/vagrant/therblig-motion-library/mico/wpi_jaco', 'ROS_ETC_DIR': '/opt/ros/indigo/etc/ros', 'MAIL': '/var/mail/vagrant', 'SSH_CONNECTION': '10.0.2.2 51830 10.0.2.15 22'}]
[roslaunch][INFO] 2016-07-18 17:45:20,046: process[rosbridge_websocket-1]: args[[u'/opt/ros/indigo/lib/rosbridge_server/rosbridge_websocket', u'__name:=rosbridge_websocket']]
[roslaunch][INFO] 2016-07-18 17:45:20,047: ... created process [rosbridge_websocket-1]
[roslaunch.pmon][INFO] 2016-07-18 17:45:20,047: ProcessMonitor.register[rosbridge_websocket-1]
[roslaunch.pmon][INFO] 2016-07-18 17:45:20,048: ProcessMonitor.register[rosbridge_websocket-1] complete
[roslaunch][INFO] 2016-07-18 17:45:20,048: ... registered process [rosbridge_websocket-1]
[roslaunch][INFO] 2016-07-18 17:45:20,049: process[rosbridge_websocket-1]: starting os process
[roslaunch][INFO] 2016-07-18 17:45:20,050: process[rosbridge_websocket-1]: start w/ args [[u'/opt/ros/indigo/lib/rosbridge_server/rosbridge_websocket', u'__name:=rosbridge_websocket', u'__log:=/home/vagrant/.ros/log/537e11d8-4940-11e6-a3ed-080027a2ea64/rosbridge_websocket-1.log']]
[roslaunch][INFO] 2016-07-18 17:45:20,050: process[rosbridge_websocket-1]: cwd will be [/home/vagrant/.ros]
[roslaunch][INFO] 2016-07-18 17:45:20,060: process[rosbridge_websocket-1]: started with pid [8569]
[roslaunch][INFO] 2016-07-18 17:45:20,065: ... successfully launched [rosbridge_websocket-1]
[roslaunch][INFO] 2016-07-18 17:45:20,067: ... preparing to launch node of type [rosapi/rosapi_node]
[roslaunch][INFO] 2016-07-18 17:45:20,070: create_node_process: package[rosapi] type[rosapi_node] machine[Machine(name[] env_loader[None] address[localhost] ssh_port[22] user[None] assignable[True] timeout[10.0])] master_uri[http://localhost:11311]
[roslaunch][INFO] 2016-07-18 17:45:20,075: process[rosapi-2]: env[{'ROS_DISTRO': 'indigo', 'SSH_CLIENT': '10.0.2.2 51830 22', 'CPATH': '/opt/ros/indigo/include', 'LOGNAME': 'vagrant', 'USER': 'vagrant', 'HOME': '/home/vagrant', 'PATH': '/opt/ros/indigo/bin:/usr/local/sbin:/usr/local/bin:/usr/sbin:/usr/bin:/sbin:/bin:/usr/games:/usr/local/games', 'CMAKE_PREFIX_PATH': '/opt/ros/indigo', 'ROS_LOG_FILENAME': '/home/vagrant/.ros/log/537e11d8-4940-11e6-a3ed-080027a2ea64/roslaunch-ros-indigo-desktop-trusty64-8551.log', 'LANG': 'en_US.UTF-8', 'TERM': 'xterm-256color', 'SHELL': '/bin/bash', 'SHLVL': '1', 'QT_QPA_PLATFORMTHEME': 'appmenu-qt5', 'LD_LIBRARY_PATH': '/opt/ros/indigo/lib:/opt/ros/indigo/lib/x86_64-linux-gnu', 'ROS_MASTER_URI': 'http://localhost:11311', 'XDG_RUNTIME_DIR': '/run/user/1000', 'PYTHONPATH': '/opt/ros/indigo/lib/python2.7/dist-packages', 'ROS_ROOT': '/opt/ros/indigo/share/ros', 'PKG_CONFIG_PATH': '/opt/ros/indigo/lib/pkgconfig:/opt/ros/indigo/lib/x86_64-linux-gnu/pkgconfig', 'ROS_PACKAGE_PATH': '/opt/ros/indigo/share:/opt/ros/indigo/stacks', 'XDG_SESSION_ID': '5', '_': '/opt/ros/indigo/bin/roslaunch', 'SSH_TTY': '/dev/pts/0', 'OLDPWD': '/home/vagrant/therblig-motion-library/mico', 'ROSLISP_PACKAGE_DIRECTORIES': '', 'PWD': '/home/vagrant/therblig-motion-library/mico/wpi_jaco', 'ROS_ETC_DIR': '/opt/ros/indigo/etc/ros', 'MAIL': '/var/mail/vagrant', 'SSH_CONNECTION': '10.0.2.2 51830 10.0.2.15 22'}]
[roslaunch][INFO] 2016-07-18 17:45:20,165: process[rosapi-2]: args[[u'/opt/ros/indigo/lib/rosapi/rosapi_node', u'__name:=rosapi']]
[roslaunch][INFO] 2016-07-18 17:45:20,165: ... created process [rosapi-2]
[roslaunch.pmon][INFO] 2016-07-18 17:45:20,165: ProcessMonitor.register[rosapi-2]
[roslaunch.pmon][INFO] 2016-07-18 17:45:20,166: ProcessMonitor.register[rosapi-2] complete
[roslaunch][INFO] 2016-07-18 17:45:20,166: ... registered process [rosapi-2]
[roslaunch][INFO] 2016-07-18 17:45:20,166: process[rosapi-2]: starting os process
[roslaunch][INFO] 2016-07-18 17:45:20,168: process[rosapi-2]: start w/ args [[u'/opt/ros/indigo/lib/rosapi/rosapi_node', u'__name:=rosapi', u'__log:=/home/vagrant/.ros/log/537e11d8-4940-11e6-a3ed-080027a2ea64/rosapi-2.log']]
[roslaunch][INFO] 2016-07-18 17:45:20,169: process[rosapi-2]: cwd will be [/home/vagrant/.ros]
[roslaunch][INFO] 2016-07-18 17:45:20,173: process[rosapi-2]: started with pid [8570]
[roslaunch][INFO] 2016-07-18 17:45:20,176: ... successfully launched [rosapi-2]
[roslaunch][INFO] 2016-07-18 17:45:20,180: ... launch_nodes complete
[roslaunch.pmon][INFO] 2016-07-18 17:45:20,185: registrations completed <ProcessMonitor(ProcessMonitor-1, started daemon 140609394353920)>
[roslaunch.parent][INFO] 2016-07-18 17:45:20,186: ... roslaunch parent running, waiting for process exit
[roslaunch][INFO] 2016-07-18 17:45:20,187: spin
[roslaunch.pmon][INFO] 2016-07-18 17:56:24,168: ProcessMonitor.shutdown <ProcessMonitor(ProcessMonitor-1, started daemon 140609394353920)>
[roslaunch.pmon][INFO] 2016-07-18 17:56:24,238: ProcessMonitor._post_run <ProcessMonitor(ProcessMonitor-1, started daemon 140609394353920)>
[roslaunch.pmon][INFO] 2016-07-18 17:56:24,239: ProcessMonitor._post_run <ProcessMonitor(ProcessMonitor-1, started daemon 140609394353920)>: remaining procs are [<roslaunch.nodeprocess.LocalProcess object at 0x7fe22d28dfd0>, <roslaunch.nodeprocess.LocalProcess object at 0x7fe22d28df50>]
[roslaunch.pmon][INFO] 2016-07-18 17:56:24,241: ProcessMonitor exit: killing rosapi-2
[roslaunch][INFO] 2016-07-18 17:56:24,242: [rosapi-2] killing on exit
[roslaunch][INFO] 2016-07-18 17:56:24,243: process[rosapi-2]: killing os process with pid[8570] pgid[8570]
[roslaunch][INFO] 2016-07-18 17:56:24,243: [rosapi-2] sending SIGINT to pgid [8570]
[roslaunch][INFO] 2016-07-18 17:56:24,244: [rosapi-2] sent SIGINT to pgid [8570]
[roslaunch.pmon][INFO] 2016-07-18 17:56:24,242: ProcessMonitor exit: killing rosbridge_websocket-1
[roslaunch][INFO] 2016-07-18 17:56:24,246: [rosbridge_websocket-1] killing on exit
[roslaunch][INFO] 2016-07-18 17:56:24,250: process[rosbridge_websocket-1]: killing os process with pid[8569] pgid[8569]
[roslaunch][INFO] 2016-07-18 17:56:24,251: [rosbridge_websocket-1] sending SIGINT to pgid [8569]
[roslaunch][INFO] 2016-07-18 17:56:24,253: [rosbridge_websocket-1] sent SIGINT to pgid [8569]
[roslaunch][INFO] 2016-07-18 17:56:24,772: process[rosbridge_websocket-1]: SIGINT killed with return value 0
[roslaunch][INFO] 2016-07-18 17:56:25,047: process[rosapi-2]: SIGINT killed with return value 0
[roslaunch.pmon][INFO] 2016-07-18 17:56:25,047: ProcessMonitor exit: cleaning up data structures and signals
[roslaunch.pmon][INFO] 2016-07-18 17:56:25,048: ProcessMonitor exit: pmon has shutdown
[roslaunch][INFO] 2016-07-18 17:56:25,095: process monitor is done spinning, initiating full shutdown
[roslaunch][INFO] 2016-07-18 17:56:25,095: runner.stop()
[roslaunch][INFO] 2016-07-18 17:56:25,096: shutting down processing monitor...
[roslaunch][INFO] 2016-07-18 17:56:25,096: shutting down processing monitor <ProcessMonitor(ProcessMonitor-1, stopped daemon 140609394353920)>
[roslaunch.pmon][INFO] 2016-07-18 17:56:25,097: ProcessMonitor.shutdown <ProcessMonitor(ProcessMonitor-1, stopped daemon 140609394353920)>
[roslaunch][INFO] 2016-07-18 17:56:25,098: ... shutting down processing monitor complete
[roslaunch][INFO] 2016-07-18 17:56:25,098: done
[roslaunch.pmon][INFO] 2016-07-18 17:56:25,099: ProcessMonitor.shutdown <ProcessMonitor(ProcessMonitor-1, stopped daemon 140609394353920)>
[rospy.core][INFO] 2016-07-18 17:56:25,100: signal_shutdown [atexit]
