[roslaunch][INFO] 2016-07-18 19:13:14,141: Checking log directory for disk usage. This may take awhile.
Press Ctrl-C to interrupt
[roslaunch][INFO] 2016-07-18 19:13:14,205: Done checking log file disk usage. Usage is <1GB.
[roslaunch][INFO] 2016-07-18 19:13:14,205: roslaunch starting with args ['/opt/ros/indigo/bin/roslaunch', 'rosbridge_server', 'rosbridge_websocket.launch']
[roslaunch][INFO] 2016-07-18 19:13:14,206: roslaunch env is {'ROS_DISTRO': 'indigo', 'SSH_CLIENT': '10.0.2.2 57124 22', 'CPATH': '/opt/ros/indigo/include', 'LOGNAME': 'vagrant', 'USER': 'vagrant', 'HOME': '/home/vagrant', 'PATH': '/opt/ros/indigo/bin:/usr/local/sbin:/usr/local/bin:/usr/sbin:/usr/bin:/sbin:/bin:/usr/games:/usr/local/games', 'CMAKE_PREFIX_PATH': '/opt/ros/indigo', 'LD_LIBRARY_PATH': '/opt/ros/indigo/lib/x86_64-linux-gnu:/home/vagrant/therblig-motion-library/mico/wpi_jaco/devel/lib:/opt/ros/indigo/lib', 'LANG': 'en_US.UTF-8', 'TERM': 'screen', 'SHELL': '/bin/bash', 'ROS_LOG_FILENAME': '/home/vagrant/.ros/log/537e11d8-4940-11e6-a3ed-080027a2ea64/roslaunch-ros-indigo-desktop-trusty64-12241.log', 'SHLVL': '2', 'XDG_SESSION_ID': '9', 'QT_QPA_PLATFORMTHEME': 'appmenu-qt5', 'DISPLAY': 'localhost:10.0', 'ROS_ETC_DIR': '/opt/ros/indigo/etc/ros', 'XDG_RUNTIME_DIR': '/run/user/1000', 'PYTHONPATH': '/opt/ros/indigo/lib/python2.7/dist-packages', 'TMUX': '/tmp/tmux-1000/default,11988,0', 'ROS_ROOT': '/opt/ros/indigo/share/ros', 'PKG_CONFIG_PATH': '/opt/ros/indigo/lib/x86_64-linux-gnu/pkgconfig:/home/vagrant/therblig-motion-library/mico/wpi_jaco/devel/lib/pkgconfig:/opt/ros/indigo/lib/pkgconfig', 'ROS_PACKAGE_PATH': '/opt/ros/indigo/share:/opt/ros/indigo/stacks', 'ROS_TEST_RESULTS_DIR': '/home/vagrant/therblig-motion-library/mico/wpi_jaco/build/test_results', '_': '/opt/ros/indigo/bin/roslaunch', 'CATKIN_TEST_RESULTS_DIR': '/home/vagrant/therblig-motion-library/mico/wpi_jaco/build/test_results', 'SSH_TTY': '/dev/pts/0', 'ROSLISP_PACKAGE_DIRECTORIES': '', 'PWD': '/home/vagrant/therblig-motion-library/mico/wpi_jaco/devel', 'ROS_MASTER_URI': 'http://localhost:11311', 'MAIL': '/var/mail/vagrant', 'SSH_CONNECTION': '10.0.2.2 57124 10.0.2.15 22', 'TMUX_PANE': '%1'}
[roslaunch][INFO] 2016-07-18 19:13:14,207: starting in server mode
[roslaunch.parent][INFO] 2016-07-18 19:13:14,207: starting roslaunch parent run
[roslaunch][INFO] 2016-07-18 19:13:14,208: loading roscore config file /opt/ros/indigo/etc/ros/roscore.xml
[roslaunch][INFO] 2016-07-18 19:13:14,350: Added core node of type [rosout/rosout] in namespace [/]
[roslaunch.config][INFO] 2016-07-18 19:13:14,352: loading config file /opt/ros/indigo/share/rosbridge_server/launch/rosbridge_websocket.launch
[roslaunch][INFO] 2016-07-18 19:13:14,354: Added node of type [rosbridge_server/rosbridge_websocket] in namespace [/]
[roslaunch][INFO] 2016-07-18 19:13:14,355: Added node of type [rosapi/rosapi_node] in namespace [/]
[roslaunch][INFO] 2016-07-18 19:13:14,355: ... selected machine [] for node of type [rosbridge_server/rosbridge_websocket]
[roslaunch][INFO] 2016-07-18 19:13:14,356: ... selected machine [] for node of type [rosapi/rosapi_node]
[roslaunch.pmon][INFO] 2016-07-18 19:13:14,357: start_process_monitor: creating ProcessMonitor
[roslaunch.pmon][INFO] 2016-07-18 19:13:14,357: created process monitor <ProcessMonitor(ProcessMonitor-1, initial daemon)>
[roslaunch.pmon][INFO] 2016-07-18 19:13:14,358: start_process_monitor: ProcessMonitor started
[roslaunch.parent][INFO] 2016-07-18 19:13:14,358: starting parent XML-RPC server
[roslaunch.server][INFO] 2016-07-18 19:13:14,359: starting roslaunch XML-RPC server
[roslaunch.server][INFO] 2016-07-18 19:13:14,359: waiting for roslaunch XML-RPC server to initialize
[xmlrpc][INFO] 2016-07-18 19:13:14,360: XML-RPC server binding to 0.0.0.0:0
[xmlrpc][INFO] 2016-07-18 19:13:14,361: Started XML-RPC server [http://ros-indigo-desktop-trusty64:60764/]
[xmlrpc][INFO] 2016-07-18 19:13:14,361: xml rpc node: starting XML-RPC server
[roslaunch][INFO] 2016-07-18 19:13:14,375: started roslaunch server http://ros-indigo-desktop-trusty64:60764/
[roslaunch.parent][INFO] 2016-07-18 19:13:14,376: ... parent XML-RPC server started
[roslaunch][INFO] 2016-07-18 19:13:14,377: master.is_running[http://localhost:11311]
[roslaunch][INFO] 2016-07-18 19:13:14,380: master.is_running[http://localhost:11311]
[roslaunch][INFO] 2016-07-18 19:13:14,382: ROS_MASTER_URI=http://localhost:11311
[roslaunch][INFO] 2016-07-18 19:13:14,386: setting /roslaunch/uris/host_ros_indigo_desktop_trusty64__60764' to http://ros-indigo-desktop-trusty64:60764/
[roslaunch][INFO] 2016-07-18 19:13:14,390: load_parameters starting ...
[roslaunch][INFO] 2016-07-18 19:13:14,402: ... load_parameters complete
[roslaunch][INFO] 2016-07-18 19:13:14,403: launch_nodes: launching local nodes ...
[roslaunch][INFO] 2016-07-18 19:13:14,404: ... preparing to launch node of type [rosbridge_server/rosbridge_websocket]
[roslaunch][INFO] 2016-07-18 19:13:14,404: create_node_process: package[rosbridge_server] type[rosbridge_websocket] machine[Machine(name[] env_loader[None] address[localhost] ssh_port[22] user[None] assignable[True] timeout[10.0])] master_uri[http://localhost:11311]
[roslaunch][INFO] 2016-07-18 19:13:14,404: process[rosbridge_websocket-1]: env[{'ROS_DISTRO': 'indigo', 'SSH_CLIENT': '10.0.2.2 57124 22', 'CPATH': '/opt/ros/indigo/include', 'LOGNAME': 'vagrant', 'USER': 'vagrant', 'HOME': '/home/vagrant', 'PATH': '/opt/ros/indigo/bin:/usr/local/sbin:/usr/local/bin:/usr/sbin:/usr/bin:/sbin:/bin:/usr/games:/usr/local/games', 'CMAKE_PREFIX_PATH': '/opt/ros/indigo', 'ROS_LOG_FILENAME': '/home/vagrant/.ros/log/537e11d8-4940-11e6-a3ed-080027a2ea64/roslaunch-ros-indigo-desktop-trusty64-12241.log', 'LANG': 'en_US.UTF-8', 'TERM': 'screen', 'SHELL': '/bin/bash', 'SHLVL': '2', 'ROS_TEST_RESULTS_DIR': '/home/vagrant/therblig-motion-library/mico/wpi_jaco/build/test_results', 'QT_QPA_PLATFORMTHEME': 'appmenu-qt5', 'DISPLAY': 'localhost:10.0', 'ROS_MASTER_URI': 'http://localhost:11311', 'XDG_RUNTIME_DIR': '/run/user/1000', 'PYTHONPATH': '/opt/ros/indigo/lib/python2.7/dist-packages', 'TMUX': '/tmp/tmux-1000/default,11988,0', 'ROS_ROOT': '/opt/ros/indigo/share/ros', 'PKG_CONFIG_PATH': '/opt/ros/indigo/lib/x86_64-linux-gnu/pkgconfig:/home/vagrant/therblig-motion-library/mico/wpi_jaco/devel/lib/pkgconfig:/opt/ros/indigo/lib/pkgconfig', 'ROS_PACKAGE_PATH': '/opt/ros/indigo/share:/opt/ros/indigo/stacks', 'XDG_SESSION_ID': '9', '_': '/opt/ros/indigo/bin/roslaunch', 'CATKIN_TEST_RESULTS_DIR': '/home/vagrant/therblig-motion-library/mico/wpi_jaco/build/test_results', 'LD_LIBRARY_PATH': '/opt/ros/indigo/lib/x86_64-linux-gnu:/home/vagrant/therblig-motion-library/mico/wpi_jaco/devel/lib:/opt/ros/indigo/lib', 'SSH_TTY': '/dev/pts/0', 'ROSLISP_PACKAGE_DIRECTORIES': '', 'PWD': '/home/vagrant/therblig-motion-library/mico/wpi_jaco/devel', 'ROS_ETC_DIR': '/opt/ros/indigo/etc/ros', 'MAIL': '/var/mail/vagrant', 'SSH_CONNECTION': '10.0.2.2 57124 10.0.2.15 22', 'TMUX_PANE': '%1'}]
[roslaunch][INFO] 2016-07-18 19:13:14,438: process[rosbridge_websocket-1]: args[[u'/opt/ros/indigo/lib/rosbridge_server/rosbridge_websocket', u'__name:=rosbridge_websocket']]
[roslaunch][INFO] 2016-07-18 19:13:14,438: ... created process [rosbridge_websocket-1]
[roslaunch.pmon][INFO] 2016-07-18 19:13:14,439: ProcessMonitor.register[rosbridge_websocket-1]
[roslaunch.pmon][INFO] 2016-07-18 19:13:14,439: ProcessMonitor.register[rosbridge_websocket-1] complete
[roslaunch][INFO] 2016-07-18 19:13:14,440: ... registered process [rosbridge_websocket-1]
[roslaunch][INFO] 2016-07-18 19:13:14,440: process[rosbridge_websocket-1]: starting os process
[roslaunch][INFO] 2016-07-18 19:13:14,442: process[rosbridge_websocket-1]: start w/ args [[u'/opt/ros/indigo/lib/rosbridge_server/rosbridge_websocket', u'__name:=rosbridge_websocket', u'__log:=/home/vagrant/.ros/log/537e11d8-4940-11e6-a3ed-080027a2ea64/rosbridge_websocket-1.log']]
[roslaunch][INFO] 2016-07-18 19:13:14,442: process[rosbridge_websocket-1]: cwd will be [/home/vagrant/.ros]
[roslaunch][INFO] 2016-07-18 19:13:14,446: process[rosbridge_websocket-1]: started with pid [12259]
[roslaunch][INFO] 2016-07-18 19:13:14,449: ... successfully launched [rosbridge_websocket-1]
[roslaunch][INFO] 2016-07-18 19:13:14,449: ... preparing to launch node of type [rosapi/rosapi_node]
[roslaunch][INFO] 2016-07-18 19:13:14,450: create_node_process: package[rosapi] type[rosapi_node] machine[Machine(name[] env_loader[None] address[localhost] ssh_port[22] user[None] assignable[True] timeout[10.0])] master_uri[http://localhost:11311]
[roslaunch][INFO] 2016-07-18 19:13:14,450: process[rosapi-2]: env[{'ROS_DISTRO': 'indigo', 'SSH_CLIENT': '10.0.2.2 57124 22', 'CPATH': '/opt/ros/indigo/include', 'LOGNAME': 'vagrant', 'USER': 'vagrant', 'HOME': '/home/vagrant', 'PATH': '/opt/ros/indigo/bin:/usr/local/sbin:/usr/local/bin:/usr/sbin:/usr/bin:/sbin:/bin:/usr/games:/usr/local/games', 'CMAKE_PREFIX_PATH': '/opt/ros/indigo', 'ROS_LOG_FILENAME': '/home/vagrant/.ros/log/537e11d8-4940-11e6-a3ed-080027a2ea64/roslaunch-ros-indigo-desktop-trusty64-12241.log', 'LANG': 'en_US.UTF-8', 'TERM': 'screen', 'SHELL': '/bin/bash', 'SHLVL': '2', 'ROS_TEST_RESULTS_DIR': '/home/vagrant/therblig-motion-library/mico/wpi_jaco/build/test_results', 'QT_QPA_PLATFORMTHEME': 'appmenu-qt5', 'DISPLAY': 'localhost:10.0', 'ROS_MASTER_URI': 'http://localhost:11311', 'XDG_RUNTIME_DIR': '/run/user/1000', 'PYTHONPATH': '/opt/ros/indigo/lib/python2.7/dist-packages', 'TMUX': '/tmp/tmux-1000/default,11988,0', 'ROS_ROOT': '/opt/ros/indigo/share/ros', 'PKG_CONFIG_PATH': '/opt/ros/indigo/lib/x86_64-linux-gnu/pkgconfig:/home/vagrant/therblig-motion-library/mico/wpi_jaco/devel/lib/pkgconfig:/opt/ros/indigo/lib/pkgconfig', 'ROS_PACKAGE_PATH': '/opt/ros/indigo/share:/opt/ros/indigo/stacks', 'XDG_SESSION_ID': '9', '_': '/opt/ros/indigo/bin/roslaunch', 'CATKIN_TEST_RESULTS_DIR': '/home/vagrant/therblig-motion-library/mico/wpi_jaco/build/test_results', 'LD_LIBRARY_PATH': '/opt/ros/indigo/lib/x86_64-linux-gnu:/home/vagrant/therblig-motion-library/mico/wpi_jaco/devel/lib:/opt/ros/indigo/lib', 'SSH_TTY': '/dev/pts/0', 'ROSLISP_PACKAGE_DIRECTORIES': '', 'PWD': '/home/vagrant/therblig-motion-library/mico/wpi_jaco/devel', 'ROS_ETC_DIR': '/opt/ros/indigo/etc/ros', 'MAIL': '/var/mail/vagrant', 'SSH_CONNECTION': '10.0.2.2 57124 10.0.2.15 22', 'TMUX_PANE': '%1'}]
[roslaunch][INFO] 2016-07-18 19:13:14,483: process[rosapi-2]: args[[u'/opt/ros/indigo/lib/rosapi/rosapi_node', u'__name:=rosapi']]
[roslaunch][INFO] 2016-07-18 19:13:14,484: ... created process [rosapi-2]
[roslaunch.pmon][INFO] 2016-07-18 19:13:14,485: ProcessMonitor.register[rosapi-2]
[roslaunch.pmon][INFO] 2016-07-18 19:13:14,485: ProcessMonitor.register[rosapi-2] complete
[roslaunch][INFO] 2016-07-18 19:13:14,486: ... registered process [rosapi-2]
[roslaunch][INFO] 2016-07-18 19:13:14,486: process[rosapi-2]: starting os process
[roslaunch][INFO] 2016-07-18 19:13:14,490: process[rosapi-2]: start w/ args [[u'/opt/ros/indigo/lib/rosapi/rosapi_node', u'__name:=rosapi', u'__log:=/home/vagrant/.ros/log/537e11d8-4940-11e6-a3ed-080027a2ea64/rosapi-2.log']]
[roslaunch][INFO] 2016-07-18 19:13:14,490: process[rosapi-2]: cwd will be [/home/vagrant/.ros]
[roslaunch][INFO] 2016-07-18 19:13:14,500: process[rosapi-2]: started with pid [12260]
[roslaunch][INFO] 2016-07-18 19:13:14,501: ... successfully launched [rosapi-2]
[roslaunch][INFO] 2016-07-18 19:13:14,502: ... launch_nodes complete
[roslaunch.pmon][INFO] 2016-07-18 19:13:14,502: registrations completed <ProcessMonitor(ProcessMonitor-1, started daemon 140494359947008)>
[roslaunch.parent][INFO] 2016-07-18 19:13:14,503: ... roslaunch parent running, waiting for process exit
[roslaunch][INFO] 2016-07-18 19:13:14,503: spin
[roslaunch.pmon][INFO] 2016-07-18 19:45:43,006: ProcessMonitor.shutdown <ProcessMonitor(ProcessMonitor-1, started daemon 140494359947008)>
[roslaunch.pmon][INFO] 2016-07-18 19:45:43,038: ProcessMonitor._post_run <ProcessMonitor(ProcessMonitor-1, started daemon 140494359947008)>
[roslaunch.pmon][INFO] 2016-07-18 19:45:43,039: ProcessMonitor._post_run <ProcessMonitor(ProcessMonitor-1, started daemon 140494359947008)>: remaining procs are [<roslaunch.nodeprocess.LocalProcess object at 0x7fc764932b50>, <roslaunch.nodeprocess.LocalProcess object at 0x7fc7648f1110>]
[roslaunch.pmon][INFO] 2016-07-18 19:45:43,040: ProcessMonitor exit: killing rosapi-2
[roslaunch][INFO] 2016-07-18 19:45:43,041: [rosapi-2] killing on exit
[roslaunch][INFO] 2016-07-18 19:45:43,042: process[rosapi-2]: killing os process with pid[12260] pgid[12260]
[roslaunch][INFO] 2016-07-18 19:45:43,043: [rosapi-2] sending SIGINT to pgid [12260]
[roslaunch.pmon][INFO] 2016-07-18 19:45:43,042: ProcessMonitor exit: killing rosbridge_websocket-1
[roslaunch][INFO] 2016-07-18 19:45:43,044: [rosapi-2] sent SIGINT to pgid [12260]
[roslaunch][INFO] 2016-07-18 19:45:43,050: [rosbridge_websocket-1] killing on exit
[roslaunch][INFO] 2016-07-18 19:45:43,052: process[rosbridge_websocket-1]: killing os process with pid[12259] pgid[12259]
[roslaunch][INFO] 2016-07-18 19:45:43,052: [rosbridge_websocket-1] sending SIGINT to pgid [12259]
[roslaunch][INFO] 2016-07-18 19:45:43,053: [rosbridge_websocket-1] sent SIGINT to pgid [12259]
[roslaunch][INFO] 2016-07-18 19:45:43,355: process[rosbridge_websocket-1]: SIGINT killed with return value 0
[roslaunch][INFO] 2016-07-18 19:45:43,855: process[rosapi-2]: SIGINT killed with return value 0
[roslaunch.pmon][INFO] 2016-07-18 19:45:43,856: ProcessMonitor exit: cleaning up data structures and signals
[roslaunch.pmon][INFO] 2016-07-18 19:45:43,858: ProcessMonitor exit: pmon has shutdown
[roslaunch][INFO] 2016-07-18 19:45:43,900: process monitor is done spinning, initiating full shutdown
[roslaunch][INFO] 2016-07-18 19:45:43,901: runner.stop()
[roslaunch][INFO] 2016-07-18 19:45:43,901: shutting down processing monitor...
[roslaunch][INFO] 2016-07-18 19:45:43,902: shutting down processing monitor <ProcessMonitor(ProcessMonitor-1, stopped daemon 140494359947008)>
[roslaunch.pmon][INFO] 2016-07-18 19:45:43,903: ProcessMonitor.shutdown <ProcessMonitor(ProcessMonitor-1, stopped daemon 140494359947008)>
[roslaunch][INFO] 2016-07-18 19:45:43,903: ... shutting down processing monitor complete
[roslaunch][INFO] 2016-07-18 19:45:43,904: done
[roslaunch.pmon][INFO] 2016-07-18 19:45:43,905: ProcessMonitor.shutdown <ProcessMonitor(ProcessMonitor-1, stopped daemon 140494359947008)>
[rospy.core][INFO] 2016-07-18 19:45:43,906: signal_shutdown [atexit]
