[roslaunch][INFO] 2016-07-18 18:47:07,465: Checking log directory for disk usage. This may take awhile.
Press Ctrl-C to interrupt
[roslaunch][INFO] 2016-07-18 18:47:07,697: Done checking log file disk usage. Usage is <1GB.
[roslaunch][INFO] 2016-07-18 18:47:07,701: roslaunch starting with args ['/opt/ros/indigo/bin/roslaunch', 'rosbridge_server', 'rosbridge_websocket.launch']
[roslaunch][INFO] 2016-07-18 18:47:07,702: roslaunch env is {'ROS_DISTRO': 'indigo', 'SSH_CLIENT': '10.0.2.2 57124 22', 'CPATH': '/opt/ros/indigo/include', 'LOGNAME': 'vagrant', 'USER': 'vagrant', 'PATH': '/opt/ros/indigo/bin:/usr/local/sbin:/usr/local/bin:/usr/sbin:/usr/bin:/sbin:/bin:/usr/games:/usr/local/games', 'HOME': '/home/vagrant', 'CMAKE_PREFIX_PATH': '/opt/ros/indigo', 'LD_LIBRARY_PATH': '/opt/ros/indigo/lib:/opt/ros/indigo/lib/x86_64-linux-gnu', 'LANG': 'en_US.UTF-8', 'TERM': 'xterm-256color', 'SHELL': '/bin/bash', 'ROS_LOG_FILENAME': '/home/vagrant/.ros/log/537e11d8-4940-11e6-a3ed-080027a2ea64/roslaunch-ros-indigo-desktop-trusty64-11004.log', 'SHLVL': '1', 'QT_QPA_PLATFORMTHEME': 'appmenu-qt5', 'DISPLAY': 'localhost:10.0', 'ROS_ETC_DIR': '/opt/ros/indigo/etc/ros', 'XDG_RUNTIME_DIR': '/run/user/1000', 'PYTHONPATH': '/opt/ros/indigo/lib/python2.7/dist-packages', 'ROS_ROOT': '/opt/ros/indigo/share/ros', 'PKG_CONFIG_PATH': '/opt/ros/indigo/lib/pkgconfig:/opt/ros/indigo/lib/x86_64-linux-gnu/pkgconfig', 'ROS_PACKAGE_PATH': '/opt/ros/indigo/share:/opt/ros/indigo/stacks', 'XDG_SESSION_ID': '9', '_': '/opt/ros/indigo/bin/roslaunch', 'SSH_TTY': '/dev/pts/0', 'ROSLISP_PACKAGE_DIRECTORIES': '', 'PWD': '/home/vagrant', 'ROS_MASTER_URI': 'http://localhost:11311', 'MAIL': '/var/mail/vagrant', 'SSH_CONNECTION': '10.0.2.2 57124 10.0.2.15 22'}
[roslaunch][INFO] 2016-07-18 18:47:07,704: starting in server mode
[roslaunch.parent][INFO] 2016-07-18 18:47:07,705: starting roslaunch parent run
[roslaunch][INFO] 2016-07-18 18:47:07,707: loading roscore config file /opt/ros/indigo/etc/ros/roscore.xml
[roslaunch][INFO] 2016-07-18 18:47:08,082: Added core node of type [rosout/rosout] in namespace [/]
[roslaunch.config][INFO] 2016-07-18 18:47:08,083: loading config file /opt/ros/indigo/share/rosbridge_server/launch/rosbridge_websocket.launch
[roslaunch][INFO] 2016-07-18 18:47:08,095: Added node of type [rosbridge_server/rosbridge_websocket] in namespace [/]
[roslaunch][INFO] 2016-07-18 18:47:08,098: Added node of type [rosapi/rosapi_node] in namespace [/]
[roslaunch][INFO] 2016-07-18 18:47:08,099: ... selected machine [] for node of type [rosbridge_server/rosbridge_websocket]
[roslaunch][INFO] 2016-07-18 18:47:08,099: ... selected machine [] for node of type [rosapi/rosapi_node]
[roslaunch.pmon][INFO] 2016-07-18 18:47:08,102: start_process_monitor: creating ProcessMonitor
[roslaunch.pmon][INFO] 2016-07-18 18:47:08,103: created process monitor <ProcessMonitor(ProcessMonitor-1, initial daemon)>
[roslaunch.pmon][INFO] 2016-07-18 18:47:08,105: start_process_monitor: ProcessMonitor started
[roslaunch.parent][INFO] 2016-07-18 18:47:08,106: starting parent XML-RPC server
[roslaunch.server][INFO] 2016-07-18 18:47:08,106: starting roslaunch XML-RPC server
[roslaunch.server][INFO] 2016-07-18 18:47:08,107: waiting for roslaunch XML-RPC server to initialize
[xmlrpc][INFO] 2016-07-18 18:47:08,108: XML-RPC server binding to 0.0.0.0:0
[xmlrpc][INFO] 2016-07-18 18:47:08,110: Started XML-RPC server [http://ros-indigo-desktop-trusty64:60273/]
[xmlrpc][INFO] 2016-07-18 18:47:08,110: xml rpc node: starting XML-RPC server
[roslaunch][INFO] 2016-07-18 18:47:08,122: started roslaunch server http://ros-indigo-desktop-trusty64:60273/
[roslaunch.parent][INFO] 2016-07-18 18:47:08,123: ... parent XML-RPC server started
[roslaunch][INFO] 2016-07-18 18:47:08,125: master.is_running[http://localhost:11311]
[roslaunch][INFO] 2016-07-18 18:47:08,133: master.is_running[http://localhost:11311]
[roslaunch][INFO] 2016-07-18 18:47:08,142: ROS_MASTER_URI=http://localhost:11311
[roslaunch][INFO] 2016-07-18 18:47:08,158: setting /roslaunch/uris/host_ros_indigo_desktop_trusty64__60273' to http://ros-indigo-desktop-trusty64:60273/
[roslaunch][INFO] 2016-07-18 18:47:08,170: load_parameters starting ...
[roslaunch][INFO] 2016-07-18 18:47:08,200: ... load_parameters complete
[roslaunch][INFO] 2016-07-18 18:47:08,201: launch_nodes: launching local nodes ...
[roslaunch][INFO] 2016-07-18 18:47:08,202: ... preparing to launch node of type [rosbridge_server/rosbridge_websocket]
[roslaunch][INFO] 2016-07-18 18:47:08,204: create_node_process: package[rosbridge_server] type[rosbridge_websocket] machine[Machine(name[] env_loader[None] address[localhost] ssh_port[22] user[None] assignable[True] timeout[10.0])] master_uri[http://localhost:11311]
[roslaunch][INFO] 2016-07-18 18:47:08,206: process[rosbridge_websocket-1]: env[{'ROS_DISTRO': 'indigo', 'SSH_CLIENT': '10.0.2.2 57124 22', 'CPATH': '/opt/ros/indigo/include', 'LOGNAME': 'vagrant', 'USER': 'vagrant', 'PATH': '/opt/ros/indigo/bin:/usr/local/sbin:/usr/local/bin:/usr/sbin:/usr/bin:/sbin:/bin:/usr/games:/usr/local/games', 'HOME': '/home/vagrant', 'CMAKE_PREFIX_PATH': '/opt/ros/indigo', 'ROS_LOG_FILENAME': '/home/vagrant/.ros/log/537e11d8-4940-11e6-a3ed-080027a2ea64/roslaunch-ros-indigo-desktop-trusty64-11004.log', 'LANG': 'en_US.UTF-8', 'TERM': 'xterm-256color', 'SHELL': '/bin/bash', 'SHLVL': '1', 'QT_QPA_PLATFORMTHEME': 'appmenu-qt5', 'DISPLAY': 'localhost:10.0', 'ROS_MASTER_URI': 'http://localhost:11311', 'XDG_RUNTIME_DIR': '/run/user/1000', 'PYTHONPATH': '/opt/ros/indigo/lib/python2.7/dist-packages', 'ROS_ROOT': '/opt/ros/indigo/share/ros', 'PKG_CONFIG_PATH': '/opt/ros/indigo/lib/pkgconfig:/opt/ros/indigo/lib/x86_64-linux-gnu/pkgconfig', 'ROS_PACKAGE_PATH': '/opt/ros/indigo/share:/opt/ros/indigo/stacks', 'XDG_SESSION_ID': '9', '_': '/opt/ros/indigo/bin/roslaunch', 'LD_LIBRARY_PATH': '/opt/ros/indigo/lib:/opt/ros/indigo/lib/x86_64-linux-gnu', 'SSH_TTY': '/dev/pts/0', 'ROSLISP_PACKAGE_DIRECTORIES': '', 'PWD': '/home/vagrant', 'ROS_ETC_DIR': '/opt/ros/indigo/etc/ros', 'MAIL': '/var/mail/vagrant', 'SSH_CONNECTION': '10.0.2.2 57124 10.0.2.15 22'}]
[roslaunch][INFO] 2016-07-18 18:47:08,287: process[rosbridge_websocket-1]: args[[u'/opt/ros/indigo/lib/rosbridge_server/rosbridge_websocket', u'__name:=rosbridge_websocket']]
[roslaunch][INFO] 2016-07-18 18:47:08,287: ... created process [rosbridge_websocket-1]
[roslaunch.pmon][INFO] 2016-07-18 18:47:08,288: ProcessMonitor.register[rosbridge_websocket-1]
[roslaunch.pmon][INFO] 2016-07-18 18:47:08,289: ProcessMonitor.register[rosbridge_websocket-1] complete
[roslaunch][INFO] 2016-07-18 18:47:08,290: ... registered process [rosbridge_websocket-1]
[roslaunch][INFO] 2016-07-18 18:47:08,291: process[rosbridge_websocket-1]: starting os process
[roslaunch][INFO] 2016-07-18 18:47:08,293: process[rosbridge_websocket-1]: start w/ args [[u'/opt/ros/indigo/lib/rosbridge_server/rosbridge_websocket', u'__name:=rosbridge_websocket', u'__log:=/home/vagrant/.ros/log/537e11d8-4940-11e6-a3ed-080027a2ea64/rosbridge_websocket-1.log']]
[roslaunch][INFO] 2016-07-18 18:47:08,296: process[rosbridge_websocket-1]: cwd will be [/home/vagrant/.ros]
[roslaunch][INFO] 2016-07-18 18:47:08,311: process[rosbridge_websocket-1]: started with pid [11022]
[roslaunch][INFO] 2016-07-18 18:47:08,313: ... successfully launched [rosbridge_websocket-1]
[roslaunch][INFO] 2016-07-18 18:47:08,328: ... preparing to launch node of type [rosapi/rosapi_node]
[roslaunch][INFO] 2016-07-18 18:47:08,329: create_node_process: package[rosapi] type[rosapi_node] machine[Machine(name[] env_loader[None] address[localhost] ssh_port[22] user[None] assignable[True] timeout[10.0])] master_uri[http://localhost:11311]
[roslaunch][INFO] 2016-07-18 18:47:08,330: process[rosapi-2]: env[{'ROS_DISTRO': 'indigo', 'SSH_CLIENT': '10.0.2.2 57124 22', 'CPATH': '/opt/ros/indigo/include', 'LOGNAME': 'vagrant', 'USER': 'vagrant', 'PATH': '/opt/ros/indigo/bin:/usr/local/sbin:/usr/local/bin:/usr/sbin:/usr/bin:/sbin:/bin:/usr/games:/usr/local/games', 'HOME': '/home/vagrant', 'CMAKE_PREFIX_PATH': '/opt/ros/indigo', 'ROS_LOG_FILENAME': '/home/vagrant/.ros/log/537e11d8-4940-11e6-a3ed-080027a2ea64/roslaunch-ros-indigo-desktop-trusty64-11004.log', 'LANG': 'en_US.UTF-8', 'TERM': 'xterm-256color', 'SHELL': '/bin/bash', 'SHLVL': '1', 'QT_QPA_PLATFORMTHEME': 'appmenu-qt5', 'DISPLAY': 'localhost:10.0', 'ROS_MASTER_URI': 'http://localhost:11311', 'XDG_RUNTIME_DIR': '/run/user/1000', 'PYTHONPATH': '/opt/ros/indigo/lib/python2.7/dist-packages', 'ROS_ROOT': '/opt/ros/indigo/share/ros', 'PKG_CONFIG_PATH': '/opt/ros/indigo/lib/pkgconfig:/opt/ros/indigo/lib/x86_64-linux-gnu/pkgconfig', 'ROS_PACKAGE_PATH': '/opt/ros/indigo/share:/opt/ros/indigo/stacks', 'XDG_SESSION_ID': '9', '_': '/opt/ros/indigo/bin/roslaunch', 'LD_LIBRARY_PATH': '/opt/ros/indigo/lib:/opt/ros/indigo/lib/x86_64-linux-gnu', 'SSH_TTY': '/dev/pts/0', 'ROSLISP_PACKAGE_DIRECTORIES': '', 'PWD': '/home/vagrant', 'ROS_ETC_DIR': '/opt/ros/indigo/etc/ros', 'MAIL': '/var/mail/vagrant', 'SSH_CONNECTION': '10.0.2.2 57124 10.0.2.15 22'}]
[roslaunch][INFO] 2016-07-18 18:47:08,519: process[rosapi-2]: args[[u'/opt/ros/indigo/lib/rosapi/rosapi_node', u'__name:=rosapi']]
[roslaunch][INFO] 2016-07-18 18:47:08,522: ... created process [rosapi-2]
[roslaunch.pmon][INFO] 2016-07-18 18:47:08,523: ProcessMonitor.register[rosapi-2]
[roslaunch.pmon][INFO] 2016-07-18 18:47:08,523: ProcessMonitor.register[rosapi-2] complete
[roslaunch][INFO] 2016-07-18 18:47:08,524: ... registered process [rosapi-2]
[roslaunch][INFO] 2016-07-18 18:47:08,525: process[rosapi-2]: starting os process
[roslaunch][INFO] 2016-07-18 18:47:08,537: process[rosapi-2]: start w/ args [[u'/opt/ros/indigo/lib/rosapi/rosapi_node', u'__name:=rosapi', u'__log:=/home/vagrant/.ros/log/537e11d8-4940-11e6-a3ed-080027a2ea64/rosapi-2.log']]
[roslaunch][INFO] 2016-07-18 18:47:08,538: process[rosapi-2]: cwd will be [/home/vagrant/.ros]
[roslaunch][INFO] 2016-07-18 18:47:08,547: process[rosapi-2]: started with pid [11023]
[roslaunch][INFO] 2016-07-18 18:47:08,548: ... successfully launched [rosapi-2]
[roslaunch][INFO] 2016-07-18 18:47:08,549: ... launch_nodes complete
[roslaunch.pmon][INFO] 2016-07-18 18:47:08,550: registrations completed <ProcessMonitor(ProcessMonitor-1, started daemon 140538224400128)>
[roslaunch.parent][INFO] 2016-07-18 18:47:08,551: ... roslaunch parent running, waiting for process exit
[roslaunch][INFO] 2016-07-18 18:47:08,551: spin
[roslaunch.pmon][INFO] 2016-07-18 19:00:58,209: ProcessMonitor.shutdown <ProcessMonitor(ProcessMonitor-1, started daemon 140538224400128)>
[roslaunch.pmon][INFO] 2016-07-18 19:00:58,256: ProcessMonitor._post_run <ProcessMonitor(ProcessMonitor-1, started daemon 140538224400128)>
[roslaunch.pmon][INFO] 2016-07-18 19:00:58,257: ProcessMonitor._post_run <ProcessMonitor(ProcessMonitor-1, started daemon 140538224400128)>: remaining procs are [<roslaunch.nodeprocess.LocalProcess object at 0x7fd19b198fd0>, <roslaunch.nodeprocess.LocalProcess object at 0x7fd19b198ad0>]
[roslaunch.pmon][INFO] 2016-07-18 19:00:58,258: ProcessMonitor exit: killing rosapi-2
[roslaunch][INFO] 2016-07-18 19:00:58,259: [rosapi-2] killing on exit
[roslaunch.pmon][INFO] 2016-07-18 19:00:58,259: ProcessMonitor exit: killing rosbridge_websocket-1
[roslaunch][INFO] 2016-07-18 19:00:58,261: process[rosapi-2]: killing os process with pid[11023] pgid[11023]
[roslaunch][INFO] 2016-07-18 19:00:58,262: [rosbridge_websocket-1] killing on exit
[roslaunch][INFO] 2016-07-18 19:00:58,264: [rosapi-2] sending SIGINT to pgid [11023]
[roslaunch][INFO] 2016-07-18 19:00:58,268: process[rosbridge_websocket-1]: killing os process with pid[11022] pgid[11022]
[roslaunch][INFO] 2016-07-18 19:00:58,269: [rosbridge_websocket-1] sending SIGINT to pgid [11022]
[roslaunch][INFO] 2016-07-18 19:00:58,270: [rosbridge_websocket-1] sent SIGINT to pgid [11022]
[roslaunch][INFO] 2016-07-18 19:00:58,268: [rosapi-2] sent SIGINT to pgid [11023]
[roslaunch][INFO] 2016-07-18 19:00:58,579: process[rosbridge_websocket-1]: SIGINT killed with return value 0
[roslaunch][INFO] 2016-07-18 19:00:58,579: process[rosapi-2]: SIGINT killed with return value 0
[roslaunch.pmon][INFO] 2016-07-18 19:00:58,581: ProcessMonitor exit: cleaning up data structures and signals
[roslaunch.pmon][INFO] 2016-07-18 19:00:58,582: ProcessMonitor exit: pmon has shutdown
[roslaunch][INFO] 2016-07-18 19:00:58,586: process monitor is done spinning, initiating full shutdown
[roslaunch][INFO] 2016-07-18 19:00:58,587: runner.stop()
[roslaunch][INFO] 2016-07-18 19:00:58,588: shutting down processing monitor...
[roslaunch][INFO] 2016-07-18 19:00:58,589: shutting down processing monitor <ProcessMonitor(ProcessMonitor-1, stopped daemon 140538224400128)>
[roslaunch.pmon][INFO] 2016-07-18 19:00:58,590: ProcessMonitor.shutdown <ProcessMonitor(ProcessMonitor-1, stopped daemon 140538224400128)>
[roslaunch][INFO] 2016-07-18 19:00:58,591: ... shutting down processing monitor complete
[roslaunch][INFO] 2016-07-18 19:00:58,592: done
[roslaunch.pmon][INFO] 2016-07-18 19:00:58,593: ProcessMonitor.shutdown <ProcessMonitor(ProcessMonitor-1, stopped daemon 140538224400128)>
[rospy.core][INFO] 2016-07-18 19:00:58,594: signal_shutdown [atexit]
