[roslaunch][INFO] 2016-07-19 21:14:30,598: Checking log directory for disk usage. This may take awhile.
Press Ctrl-C to interrupt
[roslaunch][INFO] 2016-07-19 21:14:30,723: Done checking log file disk usage. Usage is <1GB.
[roslaunch][INFO] 2016-07-19 21:14:30,724: roslaunch starting with args ['/opt/ros/indigo/bin/roslaunch', 'rosbridge_server', 'rosbridge_websocket.launch']
[roslaunch][INFO] 2016-07-19 21:14:30,725: roslaunch env is {'ROS_DISTRO': 'indigo', 'SSH_CLIENT': '10.0.2.2 51315 22', 'CPATH': '/home/vagrant/therblig-motion-library/mico/wpi_jaco/devel/include:/opt/ros/indigo/include', 'LOGNAME': 'vagrant', 'USER': 'vagrant', 'HOME': '/home/vagrant', 'PATH': '/home/vagrant/therblig-motion-library/mico/wpi_jaco/devel/bin:/opt/ros/indigo/bin:/usr/local/sbin:/usr/local/bin:/usr/sbin:/usr/bin:/sbin:/bin:/usr/games:/usr/local/games', 'CMAKE_PREFIX_PATH': '/home/vagrant/therblig-motion-library/mico/wpi_jaco/devel:/opt/ros/indigo', 'LD_LIBRARY_PATH': '/home/vagrant/therblig-motion-library/mico/wpi_jaco/devel/lib:/home/vagrant/therblig-motion-library/mico/wpi_jaco/devel/lib/x86_64-linux-gnu:/opt/ros/indigo/lib/x86_64-linux-gnu:/opt/ros/indigo/lib', 'LANG': 'en_US.UTF-8', 'TERM': 'screen', 'SHELL': '/bin/bash', 'ROS_LOG_FILENAME': '/home/vagrant/.ros/log/537e11d8-4940-11e6-a3ed-080027a2ea64/roslaunch-ros-indigo-desktop-trusty64-27263.log', 'SHLVL': '2', 'XDG_SESSION_ID': '25', 'QT_QPA_PLATFORMTHEME': 'appmenu-qt5', 'DISPLAY': 'localhost:10.0', 'ROS_ETC_DIR': '/opt/ros/indigo/etc/ros', 'XDG_RUNTIME_DIR': '/run/user/1000', 'PYTHONPATH': '/home/vagrant/therblig-motion-library/mico/wpi_jaco/devel/lib/python2.7/dist-packages:/opt/ros/indigo/lib/python2.7/dist-packages', 'SSH_AUTH_SOCK': '/tmp/ssh-I8ccyNeeUZ/agent.27089', 'TMUX': '/tmp/tmux-1000/default,27193,0', 'ROS_ROOT': '/opt/ros/indigo/share/ros', 'PKG_CONFIG_PATH': '/home/vagrant/therblig-motion-library/mico/wpi_jaco/devel/lib/pkgconfig:/home/vagrant/therblig-motion-library/mico/wpi_jaco/devel/lib/x86_64-linux-gnu/pkgconfig:/opt/ros/indigo/lib/x86_64-linux-gnu/pkgconfig:/opt/ros/indigo/lib/pkgconfig', 'ROS_PACKAGE_PATH': '/home/vagrant/therblig-motion-library/mico/wpi_jaco/src:/opt/ros/indigo/share:/opt/ros/indigo/stacks', 'ROS_TEST_RESULTS_DIR': '/home/vagrant/therblig-motion-library/mico/wpi_jaco/build/test_results', '_': '/opt/ros/indigo/bin/roslaunch', 'CATKIN_TEST_RESULTS_DIR': '/home/vagrant/therblig-motion-library/mico/wpi_jaco/build/test_results', 'SSH_TTY': '/dev/pts/0', 'ROSLISP_PACKAGE_DIRECTORIES': '/home/vagrant/therblig-motion-library/mico/wpi_jaco/devel/share/common-lisp', 'PWD': '/home/vagrant/therblig-motion-library/mico/wpi_jaco/devel', 'ROS_MASTER_URI': 'http://localhost:11311', 'MAIL': '/var/mail/vagrant', 'SSH_CONNECTION': '10.0.2.2 51315 10.0.2.15 22', 'TMUX_PANE': '%1'}
[roslaunch][INFO] 2016-07-19 21:14:30,726: starting in server mode
[roslaunch.parent][INFO] 2016-07-19 21:14:30,726: starting roslaunch parent run
[roslaunch][INFO] 2016-07-19 21:14:30,727: loading roscore config file /opt/ros/indigo/etc/ros/roscore.xml
[roslaunch][INFO] 2016-07-19 21:14:32,346: Added core node of type [rosout/rosout] in namespace [/]
[roslaunch.config][INFO] 2016-07-19 21:14:32,347: loading config file /opt/ros/indigo/share/rosbridge_server/launch/rosbridge_websocket.launch
[roslaunch][INFO] 2016-07-19 21:14:32,349: Added node of type [rosbridge_server/rosbridge_websocket] in namespace [/]
[roslaunch][INFO] 2016-07-19 21:14:32,350: Added node of type [rosapi/rosapi_node] in namespace [/]
[roslaunch][INFO] 2016-07-19 21:14:32,351: ... selected machine [] for node of type [rosbridge_server/rosbridge_websocket]
[roslaunch][INFO] 2016-07-19 21:14:32,351: ... selected machine [] for node of type [rosapi/rosapi_node]
[roslaunch.pmon][INFO] 2016-07-19 21:14:32,360: start_process_monitor: creating ProcessMonitor
[roslaunch.pmon][INFO] 2016-07-19 21:14:32,361: created process monitor <ProcessMonitor(ProcessMonitor-1, initial daemon)>
[roslaunch.pmon][INFO] 2016-07-19 21:14:32,362: start_process_monitor: ProcessMonitor started
[roslaunch.parent][INFO] 2016-07-19 21:14:32,362: starting parent XML-RPC server
[roslaunch.server][INFO] 2016-07-19 21:14:32,363: starting roslaunch XML-RPC server
[roslaunch.server][INFO] 2016-07-19 21:14:32,363: waiting for roslaunch XML-RPC server to initialize
[xmlrpc][INFO] 2016-07-19 21:14:32,363: XML-RPC server binding to 0.0.0.0:0
[xmlrpc][INFO] 2016-07-19 21:14:32,365: Started XML-RPC server [http://ros-indigo-desktop-trusty64:33240/]
[xmlrpc][INFO] 2016-07-19 21:14:32,365: xml rpc node: starting XML-RPC server
[roslaunch][INFO] 2016-07-19 21:14:32,379: started roslaunch server http://ros-indigo-desktop-trusty64:33240/
[roslaunch.parent][INFO] 2016-07-19 21:14:32,380: ... parent XML-RPC server started
[roslaunch][INFO] 2016-07-19 21:14:32,382: master.is_running[http://localhost:11311]
[roslaunch][INFO] 2016-07-19 21:14:32,385: master.is_running[http://localhost:11311]
[roslaunch][INFO] 2016-07-19 21:14:32,388: ROS_MASTER_URI=http://localhost:11311
[roslaunch][INFO] 2016-07-19 21:14:32,391: setting /roslaunch/uris/host_ros_indigo_desktop_trusty64__33240' to http://ros-indigo-desktop-trusty64:33240/
[roslaunch][INFO] 2016-07-19 21:14:32,397: load_parameters starting ...
[roslaunch][INFO] 2016-07-19 21:14:32,410: ... load_parameters complete
[roslaunch][INFO] 2016-07-19 21:14:32,410: launch_nodes: launching local nodes ...
[roslaunch][INFO] 2016-07-19 21:14:32,411: ... preparing to launch node of type [rosbridge_server/rosbridge_websocket]
[roslaunch][INFO] 2016-07-19 21:14:32,411: create_node_process: package[rosbridge_server] type[rosbridge_websocket] machine[Machine(name[] env_loader[None] address[localhost] ssh_port[22] user[None] assignable[True] timeout[10.0])] master_uri[http://localhost:11311]
[roslaunch][INFO] 2016-07-19 21:14:32,412: process[rosbridge_websocket-1]: env[{'ROS_DISTRO': 'indigo', 'SSH_CLIENT': '10.0.2.2 51315 22', 'CPATH': '/home/vagrant/therblig-motion-library/mico/wpi_jaco/devel/include:/opt/ros/indigo/include', 'LOGNAME': 'vagrant', 'USER': 'vagrant', 'HOME': '/home/vagrant', 'PATH': '/home/vagrant/therblig-motion-library/mico/wpi_jaco/devel/bin:/opt/ros/indigo/bin:/usr/local/sbin:/usr/local/bin:/usr/sbin:/usr/bin:/sbin:/bin:/usr/games:/usr/local/games', 'CMAKE_PREFIX_PATH': '/home/vagrant/therblig-motion-library/mico/wpi_jaco/devel:/opt/ros/indigo', 'ROS_LOG_FILENAME': '/home/vagrant/.ros/log/537e11d8-4940-11e6-a3ed-080027a2ea64/roslaunch-ros-indigo-desktop-trusty64-27263.log', 'LANG': 'en_US.UTF-8', 'TERM': 'screen', 'SHELL': '/bin/bash', 'SHLVL': '2', 'ROS_TEST_RESULTS_DIR': '/home/vagrant/therblig-motion-library/mico/wpi_jaco/build/test_results', 'QT_QPA_PLATFORMTHEME': 'appmenu-qt5', 'DISPLAY': 'localhost:10.0', 'ROS_MASTER_URI': 'http://localhost:11311', 'XDG_RUNTIME_DIR': '/run/user/1000', 'PYTHONPATH': '/home/vagrant/therblig-motion-library/mico/wpi_jaco/devel/lib/python2.7/dist-packages:/opt/ros/indigo/lib/python2.7/dist-packages', 'SSH_AUTH_SOCK': '/tmp/ssh-I8ccyNeeUZ/agent.27089', 'TMUX': '/tmp/tmux-1000/default,27193,0', 'ROS_ROOT': '/opt/ros/indigo/share/ros', 'PKG_CONFIG_PATH': '/home/vagrant/therblig-motion-library/mico/wpi_jaco/devel/lib/pkgconfig:/home/vagrant/therblig-motion-library/mico/wpi_jaco/devel/lib/x86_64-linux-gnu/pkgconfig:/opt/ros/indigo/lib/x86_64-linux-gnu/pkgconfig:/opt/ros/indigo/lib/pkgconfig', 'ROS_PACKAGE_PATH': '/home/vagrant/therblig-motion-library/mico/wpi_jaco/src:/opt/ros/indigo/share:/opt/ros/indigo/stacks', 'XDG_SESSION_ID': '25', '_': '/opt/ros/indigo/bin/roslaunch', 'CATKIN_TEST_RESULTS_DIR': '/home/vagrant/therblig-motion-library/mico/wpi_jaco/build/test_results', 'LD_LIBRARY_PATH': '/home/vagrant/therblig-motion-library/mico/wpi_jaco/devel/lib:/home/vagrant/therblig-motion-library/mico/wpi_jaco/devel/lib/x86_64-linux-gnu:/opt/ros/indigo/lib/x86_64-linux-gnu:/opt/ros/indigo/lib', 'SSH_TTY': '/dev/pts/0', 'ROSLISP_PACKAGE_DIRECTORIES': '/home/vagrant/therblig-motion-library/mico/wpi_jaco/devel/share/common-lisp', 'PWD': '/home/vagrant/therblig-motion-library/mico/wpi_jaco/devel', 'ROS_ETC_DIR': '/opt/ros/indigo/etc/ros', 'MAIL': '/var/mail/vagrant', 'SSH_CONNECTION': '10.0.2.2 51315 10.0.2.15 22', 'TMUX_PANE': '%1'}]
[roslaunch][INFO] 2016-07-19 21:14:33,318: process[rosbridge_websocket-1]: args[[u'/opt/ros/indigo/lib/rosbridge_server/rosbridge_websocket', u'__name:=rosbridge_websocket']]
[roslaunch][INFO] 2016-07-19 21:14:33,319: ... created process [rosbridge_websocket-1]
[roslaunch.pmon][INFO] 2016-07-19 21:14:33,319: ProcessMonitor.register[rosbridge_websocket-1]
[roslaunch.pmon][INFO] 2016-07-19 21:14:33,320: ProcessMonitor.register[rosbridge_websocket-1] complete
[roslaunch][INFO] 2016-07-19 21:14:33,320: ... registered process [rosbridge_websocket-1]
[roslaunch][INFO] 2016-07-19 21:14:33,320: process[rosbridge_websocket-1]: starting os process
[roslaunch][INFO] 2016-07-19 21:14:33,321: process[rosbridge_websocket-1]: start w/ args [[u'/opt/ros/indigo/lib/rosbridge_server/rosbridge_websocket', u'__name:=rosbridge_websocket', u'__log:=/home/vagrant/.ros/log/537e11d8-4940-11e6-a3ed-080027a2ea64/rosbridge_websocket-1.log']]
[roslaunch][INFO] 2016-07-19 21:14:33,322: process[rosbridge_websocket-1]: cwd will be [/home/vagrant/.ros]
[roslaunch][INFO] 2016-07-19 21:14:33,326: process[rosbridge_websocket-1]: started with pid [27281]
[roslaunch][INFO] 2016-07-19 21:14:33,326: ... successfully launched [rosbridge_websocket-1]
[roslaunch][INFO] 2016-07-19 21:14:33,328: ... preparing to launch node of type [rosapi/rosapi_node]
[roslaunch][INFO] 2016-07-19 21:14:33,329: create_node_process: package[rosapi] type[rosapi_node] machine[Machine(name[] env_loader[None] address[localhost] ssh_port[22] user[None] assignable[True] timeout[10.0])] master_uri[http://localhost:11311]
[roslaunch][INFO] 2016-07-19 21:14:33,330: process[rosapi-2]: env[{'ROS_DISTRO': 'indigo', 'SSH_CLIENT': '10.0.2.2 51315 22', 'CPATH': '/home/vagrant/therblig-motion-library/mico/wpi_jaco/devel/include:/opt/ros/indigo/include', 'LOGNAME': 'vagrant', 'USER': 'vagrant', 'HOME': '/home/vagrant', 'PATH': '/home/vagrant/therblig-motion-library/mico/wpi_jaco/devel/bin:/opt/ros/indigo/bin:/usr/local/sbin:/usr/local/bin:/usr/sbin:/usr/bin:/sbin:/bin:/usr/games:/usr/local/games', 'CMAKE_PREFIX_PATH': '/home/vagrant/therblig-motion-library/mico/wpi_jaco/devel:/opt/ros/indigo', 'ROS_LOG_FILENAME': '/home/vagrant/.ros/log/537e11d8-4940-11e6-a3ed-080027a2ea64/roslaunch-ros-indigo-desktop-trusty64-27263.log', 'LANG': 'en_US.UTF-8', 'TERM': 'screen', 'SHELL': '/bin/bash', 'SHLVL': '2', 'ROS_TEST_RESULTS_DIR': '/home/vagrant/therblig-motion-library/mico/wpi_jaco/build/test_results', 'QT_QPA_PLATFORMTHEME': 'appmenu-qt5', 'DISPLAY': 'localhost:10.0', 'ROS_MASTER_URI': 'http://localhost:11311', 'XDG_RUNTIME_DIR': '/run/user/1000', 'PYTHONPATH': '/home/vagrant/therblig-motion-library/mico/wpi_jaco/devel/lib/python2.7/dist-packages:/opt/ros/indigo/lib/python2.7/dist-packages', 'SSH_AUTH_SOCK': '/tmp/ssh-I8ccyNeeUZ/agent.27089', 'TMUX': '/tmp/tmux-1000/default,27193,0', 'ROS_ROOT': '/opt/ros/indigo/share/ros', 'PKG_CONFIG_PATH': '/home/vagrant/therblig-motion-library/mico/wpi_jaco/devel/lib/pkgconfig:/home/vagrant/therblig-motion-library/mico/wpi_jaco/devel/lib/x86_64-linux-gnu/pkgconfig:/opt/ros/indigo/lib/x86_64-linux-gnu/pkgconfig:/opt/ros/indigo/lib/pkgconfig', 'ROS_PACKAGE_PATH': '/home/vagrant/therblig-motion-library/mico/wpi_jaco/src:/opt/ros/indigo/share:/opt/ros/indigo/stacks', 'XDG_SESSION_ID': '25', '_': '/opt/ros/indigo/bin/roslaunch', 'CATKIN_TEST_RESULTS_DIR': '/home/vagrant/therblig-motion-library/mico/wpi_jaco/build/test_results', 'LD_LIBRARY_PATH': '/home/vagrant/therblig-motion-library/mico/wpi_jaco/devel/lib:/home/vagrant/therblig-motion-library/mico/wpi_jaco/devel/lib/x86_64-linux-gnu:/opt/ros/indigo/lib/x86_64-linux-gnu:/opt/ros/indigo/lib', 'SSH_TTY': '/dev/pts/0', 'ROSLISP_PACKAGE_DIRECTORIES': '/home/vagrant/therblig-motion-library/mico/wpi_jaco/devel/share/common-lisp', 'PWD': '/home/vagrant/therblig-motion-library/mico/wpi_jaco/devel', 'ROS_ETC_DIR': '/opt/ros/indigo/etc/ros', 'MAIL': '/var/mail/vagrant', 'SSH_CONNECTION': '10.0.2.2 51315 10.0.2.15 22', 'TMUX_PANE': '%1'}]
[roslaunch][INFO] 2016-07-19 21:14:34,339: process[rosapi-2]: args[[u'/opt/ros/indigo/lib/rosapi/rosapi_node', u'__name:=rosapi']]
[roslaunch][INFO] 2016-07-19 21:14:34,339: ... created process [rosapi-2]
[roslaunch.pmon][INFO] 2016-07-19 21:14:34,340: ProcessMonitor.register[rosapi-2]
[roslaunch.pmon][INFO] 2016-07-19 21:14:34,341: ProcessMonitor.register[rosapi-2] complete
[roslaunch][INFO] 2016-07-19 21:14:34,341: ... registered process [rosapi-2]
[roslaunch][INFO] 2016-07-19 21:14:34,342: process[rosapi-2]: starting os process
[roslaunch][INFO] 2016-07-19 21:14:34,353: process[rosapi-2]: start w/ args [[u'/opt/ros/indigo/lib/rosapi/rosapi_node', u'__name:=rosapi', u'__log:=/home/vagrant/.ros/log/537e11d8-4940-11e6-a3ed-080027a2ea64/rosapi-2.log']]
[roslaunch][INFO] 2016-07-19 21:14:34,354: process[rosapi-2]: cwd will be [/home/vagrant/.ros]
[roslaunch][INFO] 2016-07-19 21:14:34,358: process[rosapi-2]: started with pid [27284]
[roslaunch][INFO] 2016-07-19 21:14:34,359: ... successfully launched [rosapi-2]
[roslaunch][INFO] 2016-07-19 21:14:34,360: ... launch_nodes complete
[roslaunch.pmon][INFO] 2016-07-19 21:14:34,363: registrations completed <ProcessMonitor(ProcessMonitor-1, started daemon 139772196435712)>
[roslaunch.parent][INFO] 2016-07-19 21:14:34,364: ... roslaunch parent running, waiting for process exit
[roslaunch][INFO] 2016-07-19 21:14:34,365: spin
[roslaunch.pmon][INFO] 2016-07-19 21:56:13,932: ProcessMonitor.shutdown <ProcessMonitor(ProcessMonitor-1, started daemon 139772196435712)>
[roslaunch.pmon][INFO] 2016-07-19 21:56:14,028: ProcessMonitor._post_run <ProcessMonitor(ProcessMonitor-1, started daemon 139772196435712)>
[roslaunch.pmon][INFO] 2016-07-19 21:56:14,030: ProcessMonitor._post_run <ProcessMonitor(ProcessMonitor-1, started daemon 139772196435712)>: remaining procs are [<roslaunch.nodeprocess.LocalProcess object at 0x7f1f3e7ab1d0>, <roslaunch.nodeprocess.LocalProcess object at 0x7f1f4041de90>]
[roslaunch.pmon][INFO] 2016-07-19 21:56:14,031: ProcessMonitor exit: killing rosapi-2
[roslaunch][INFO] 2016-07-19 21:56:14,032: [rosapi-2] killing on exit
[roslaunch.pmon][INFO] 2016-07-19 21:56:14,032: ProcessMonitor exit: killing rosbridge_websocket-1
[roslaunch][INFO] 2016-07-19 21:56:14,034: [rosbridge_websocket-1] killing on exit
[roslaunch][INFO] 2016-07-19 21:56:14,035: process[rosbridge_websocket-1]: killing os process with pid[27281] pgid[27281]
[roslaunch][INFO] 2016-07-19 21:56:14,034: process[rosapi-2]: killing os process with pid[27284] pgid[27284]
[roslaunch][INFO] 2016-07-19 21:56:14,036: [rosbridge_websocket-1] sending SIGINT to pgid [27281]
[roslaunch][INFO] 2016-07-19 21:56:14,038: [rosbridge_websocket-1] sent SIGINT to pgid [27281]
[roslaunch][INFO] 2016-07-19 21:56:14,037: [rosapi-2] sending SIGINT to pgid [27284]
[roslaunch][INFO] 2016-07-19 21:56:14,041: [rosapi-2] sent SIGINT to pgid [27284]
[roslaunch][INFO] 2016-07-19 21:56:14,748: process[rosapi-2]: SIGINT killed with return value 0
[roslaunch][INFO] 2016-07-19 21:56:14,845: process[rosbridge_websocket-1]: SIGINT killed with return value 0
[roslaunch.pmon][INFO] 2016-07-19 21:56:14,846: ProcessMonitor exit: cleaning up data structures and signals
[roslaunch.pmon][INFO] 2016-07-19 21:56:14,847: ProcessMonitor exit: pmon has shutdown
[roslaunch][INFO] 2016-07-19 21:56:14,886: process monitor is done spinning, initiating full shutdown
[roslaunch][INFO] 2016-07-19 21:56:14,887: runner.stop()
[roslaunch][INFO] 2016-07-19 21:56:14,888: shutting down processing monitor...
[roslaunch][INFO] 2016-07-19 21:56:14,888: shutting down processing monitor <ProcessMonitor(ProcessMonitor-1, stopped daemon 139772196435712)>
[roslaunch.pmon][INFO] 2016-07-19 21:56:14,890: ProcessMonitor.shutdown <ProcessMonitor(ProcessMonitor-1, stopped daemon 139772196435712)>
[roslaunch][INFO] 2016-07-19 21:56:14,891: ... shutting down processing monitor complete
[roslaunch][INFO] 2016-07-19 21:56:14,891: done
[roslaunch.pmon][INFO] 2016-07-19 21:56:14,892: ProcessMonitor.shutdown <ProcessMonitor(ProcessMonitor-1, stopped daemon 139772196435712)>
[rospy.core][INFO] 2016-07-19 21:56:14,894: signal_shutdown [atexit]
