[roslaunch][INFO] 2016-07-18 18:25:12,439: Checking log directory for disk usage. This may take awhile.
Press Ctrl-C to interrupt
[roslaunch][INFO] 2016-07-18 18:25:12,666: Done checking log file disk usage. Usage is <1GB.
[roslaunch][INFO] 2016-07-18 18:25:12,667: roslaunch starting with args ['/opt/ros/indigo/bin/roslaunch', 'mico_moveit_config', 'path_planning.launch']
[roslaunch][INFO] 2016-07-18 18:25:12,669: roslaunch env is {'ROS_DISTRO': 'indigo', 'SSH_CLIENT': '10.0.2.2 54799 22', 'CPATH': '/home/vagrant/therblig-motion-library/mico/wpi_jaco/devel/include:/opt/ros/indigo/include', 'LOGNAME': 'vagrant', 'USER': 'vagrant', 'HOME': '/home/vagrant', 'PATH': '/home/vagrant/therblig-motion-library/mico/wpi_jaco/devel/bin:/opt/ros/indigo/bin:/usr/local/sbin:/usr/local/bin:/usr/sbin:/usr/bin:/sbin:/bin:/usr/games:/usr/local/games', 'CMAKE_PREFIX_PATH': '/home/vagrant/therblig-motion-library/mico/wpi_jaco/devel:/opt/ros/indigo', 'LD_LIBRARY_PATH': '/home/vagrant/therblig-motion-library/mico/wpi_jaco/devel/lib:/home/vagrant/therblig-motion-library/mico/wpi_jaco/devel/lib/x86_64-linux-gnu:/opt/ros/indigo/lib/x86_64-linux-gnu:/opt/ros/indigo/lib', 'LANG': 'en_US.UTF-8', 'TERM': 'xterm-256color', 'SHELL': '/bin/bash', 'ROS_LOG_FILENAME': '/home/vagrant/.ros/log/537e11d8-4940-11e6-a3ed-080027a2ea64/roslaunch-ros-indigo-desktop-trusty64-9633.log', 'SHLVL': '2', 'XDG_SESSION_ID': '7', 'QT_QPA_PLATFORMTHEME': 'appmenu-qt5', 'DISPLAY': 'localhost:10.0', 'ROS_ETC_DIR': '/opt/ros/indigo/etc/ros', 'XDG_RUNTIME_DIR': '/run/user/1000', 'PYTHONPATH': '/home/vagrant/therblig-motion-library/mico/wpi_jaco/devel/lib/python2.7/dist-packages:/opt/ros/indigo/lib/python2.7/dist-packages', 'ROS_ROOT': '/opt/ros/indigo/share/ros', 'PKG_CONFIG_PATH': '/home/vagrant/therblig-motion-library/mico/wpi_jaco/devel/lib/pkgconfig:/home/vagrant/therblig-motion-library/mico/wpi_jaco/devel/lib/x86_64-linux-gnu/pkgconfig:/opt/ros/indigo/lib/x86_64-linux-gnu/pkgconfig:/opt/ros/indigo/lib/pkgconfig', 'ROS_PACKAGE_PATH': '/home/vagrant/therblig-motion-library/mico/wpi_jaco/src:/opt/ros/indigo/share:/opt/ros/indigo/stacks', 'ROS_TEST_RESULTS_DIR': '/home/vagrant/therblig-motion-library/mico/wpi_jaco/build/test_results', '_': '/opt/ros/indigo/bin/roslaunch', 'CATKIN_TEST_RESULTS_DIR': '/home/vagrant/therblig-motion-library/mico/wpi_jaco/build/test_results', 'SSH_TTY': '/dev/pts/0', 'OLDPWD': '/home/vagrant/therblig-motion-library/mico/wpi_jaco', 'ROSLISP_PACKAGE_DIRECTORIES': '/home/vagrant/therblig-motion-library/mico/wpi_jaco/devel/share/common-lisp', 'PWD': '/home/vagrant/therblig-motion-library/mico/wpi_jaco', 'ROS_MASTER_URI': 'http://localhost:11311', 'MAIL': '/var/mail/vagrant', 'SSH_CONNECTION': '10.0.2.2 54799 10.0.2.15 22'}
[roslaunch][INFO] 2016-07-18 18:25:12,670: starting in server mode
[roslaunch.parent][INFO] 2016-07-18 18:25:12,671: starting roslaunch parent run
[roslaunch][INFO] 2016-07-18 18:25:12,675: loading roscore config file /opt/ros/indigo/etc/ros/roscore.xml
[roslaunch][INFO] 2016-07-18 18:25:15,448: Added core node of type [rosout/rosout] in namespace [/]
[roslaunch.config][INFO] 2016-07-18 18:25:15,449: loading config file /home/vagrant/therblig-motion-library/mico/wpi_jaco/src/mico_moveit_config/launch/path_planning.launch
[roslaunch][INFO] 2016-07-18 18:25:18,440: Added node of type [wpi_jaco_wrapper/jaco_arm_trajectory_node] in namespace [/]
[roslaunch][INFO] 2016-07-18 18:25:18,441: Added node of type [wpi_jaco_wrapper/jaco_manipulation] in namespace [/]
[roslaunch][INFO] 2016-07-18 18:25:18,441: Added node of type [wpi_jaco_wrapper/jaco_conversions] in namespace [/]
[roslaunch][INFO] 2016-07-18 18:25:18,442: Added node of type [wpi_jaco_wrapper/jaco_kinematics] in namespace [/]
[roslaunch][INFO] 2016-07-18 18:25:22,859: Added node of type [robot_state_publisher/robot_state_publisher] in namespace [/]
[roslaunch][INFO] 2016-07-18 18:25:22,867: Added node of type [joint_state_publisher/joint_state_publisher] in namespace [/]
[roslaunch][INFO] 2016-07-18 18:25:33,372: Added node of type [moveit_ros_move_group/move_group] in namespace [/]
[roslaunch][INFO] 2016-07-18 18:25:34,051: Added node of type [rviz/rviz] in namespace [/]
[roslaunch][INFO] 2016-07-18 18:25:34,052: ... selected machine [] for node of type [wpi_jaco_wrapper/jaco_arm_trajectory_node]
[roslaunch][INFO] 2016-07-18 18:25:34,052: ... selected machine [] for node of type [wpi_jaco_wrapper/jaco_manipulation]
[roslaunch][INFO] 2016-07-18 18:25:34,053: ... selected machine [] for node of type [wpi_jaco_wrapper/jaco_conversions]
[roslaunch][INFO] 2016-07-18 18:25:34,054: ... selected machine [] for node of type [wpi_jaco_wrapper/jaco_kinematics]
[roslaunch][INFO] 2016-07-18 18:25:34,054: ... selected machine [] for node of type [robot_state_publisher/robot_state_publisher]
[roslaunch][INFO] 2016-07-18 18:25:34,055: ... selected machine [] for node of type [joint_state_publisher/joint_state_publisher]
[roslaunch][INFO] 2016-07-18 18:25:34,055: ... selected machine [] for node of type [moveit_ros_move_group/move_group]
[roslaunch][INFO] 2016-07-18 18:25:34,056: ... selected machine [] for node of type [rviz/rviz]
[roslaunch.pmon][INFO] 2016-07-18 18:25:34,067: start_process_monitor: creating ProcessMonitor
[roslaunch.pmon][INFO] 2016-07-18 18:25:34,068: created process monitor <ProcessMonitor(ProcessMonitor-1, initial daemon)>
[roslaunch.pmon][INFO] 2016-07-18 18:25:34,069: start_process_monitor: ProcessMonitor started
[roslaunch.parent][INFO] 2016-07-18 18:25:34,069: starting parent XML-RPC server
[roslaunch.server][INFO] 2016-07-18 18:25:34,070: starting roslaunch XML-RPC server
[roslaunch.server][INFO] 2016-07-18 18:25:34,070: waiting for roslaunch XML-RPC server to initialize
[xmlrpc][INFO] 2016-07-18 18:25:34,071: XML-RPC server binding to 0.0.0.0:0
[xmlrpc][INFO] 2016-07-18 18:25:34,072: Started XML-RPC server [http://ros-indigo-desktop-trusty64:57167/]
[xmlrpc][INFO] 2016-07-18 18:25:34,072: xml rpc node: starting XML-RPC server
[roslaunch][INFO] 2016-07-18 18:25:34,086: started roslaunch server http://ros-indigo-desktop-trusty64:57167/
[roslaunch.parent][INFO] 2016-07-18 18:25:34,087: ... parent XML-RPC server started
[roslaunch][INFO] 2016-07-18 18:25:34,093: master.is_running[http://localhost:11311]
[roslaunch][INFO] 2016-07-18 18:25:34,096: master.is_running[http://localhost:11311]
[roslaunch][INFO] 2016-07-18 18:25:34,098: ROS_MASTER_URI=http://localhost:11311
[roslaunch][INFO] 2016-07-18 18:25:34,102: setting /roslaunch/uris/host_ros_indigo_desktop_trusty64__57167' to http://ros-indigo-desktop-trusty64:57167/
[roslaunch][INFO] 2016-07-18 18:25:34,116: load_parameters starting ...
[roslaunch][INFO] 2016-07-18 18:25:34,399: ... load_parameters complete
[roslaunch][INFO] 2016-07-18 18:25:34,400: launch_nodes: launching local nodes ...
[roslaunch][INFO] 2016-07-18 18:25:34,401: ... preparing to launch node of type [wpi_jaco_wrapper/jaco_arm_trajectory_node]
[roslaunch][INFO] 2016-07-18 18:25:34,402: create_node_process: package[wpi_jaco_wrapper] type[jaco_arm_trajectory_node] machine[Machine(name[] env_loader[None] address[localhost] ssh_port[22] user[None] assignable[True] timeout[10.0])] master_uri[http://localhost:11311]
[roslaunch][INFO] 2016-07-18 18:25:34,403: process[jaco_arm_trajectory_node-1]: env[{'ROS_DISTRO': 'indigo', 'SSH_CLIENT': '10.0.2.2 54799 22', 'CPATH': '/home/vagrant/therblig-motion-library/mico/wpi_jaco/devel/include:/opt/ros/indigo/include', 'LOGNAME': 'vagrant', 'USER': 'vagrant', 'HOME': '/home/vagrant', 'PATH': '/home/vagrant/therblig-motion-library/mico/wpi_jaco/devel/bin:/opt/ros/indigo/bin:/usr/local/sbin:/usr/local/bin:/usr/sbin:/usr/bin:/sbin:/bin:/usr/games:/usr/local/games', 'CMAKE_PREFIX_PATH': '/home/vagrant/therblig-motion-library/mico/wpi_jaco/devel:/opt/ros/indigo', 'ROS_LOG_FILENAME': '/home/vagrant/.ros/log/537e11d8-4940-11e6-a3ed-080027a2ea64/roslaunch-ros-indigo-desktop-trusty64-9633.log', 'LANG': 'en_US.UTF-8', 'TERM': 'xterm-256color', 'SHELL': '/bin/bash', 'SHLVL': '2', 'ROS_TEST_RESULTS_DIR': '/home/vagrant/therblig-motion-library/mico/wpi_jaco/build/test_results', 'QT_QPA_PLATFORMTHEME': 'appmenu-qt5', 'DISPLAY': 'localhost:10.0', 'ROS_MASTER_URI': 'http://localhost:11311', 'XDG_RUNTIME_DIR': '/run/user/1000', 'PYTHONPATH': '/home/vagrant/therblig-motion-library/mico/wpi_jaco/devel/lib/python2.7/dist-packages:/opt/ros/indigo/lib/python2.7/dist-packages', 'ROS_ROOT': '/opt/ros/indigo/share/ros', 'PKG_CONFIG_PATH': '/home/vagrant/therblig-motion-library/mico/wpi_jaco/devel/lib/pkgconfig:/home/vagrant/therblig-motion-library/mico/wpi_jaco/devel/lib/x86_64-linux-gnu/pkgconfig:/opt/ros/indigo/lib/x86_64-linux-gnu/pkgconfig:/opt/ros/indigo/lib/pkgconfig', 'ROS_PACKAGE_PATH': '/home/vagrant/therblig-motion-library/mico/wpi_jaco/src:/opt/ros/indigo/share:/opt/ros/indigo/stacks', 'XDG_SESSION_ID': '7', '_': '/opt/ros/indigo/bin/roslaunch', 'CATKIN_TEST_RESULTS_DIR': '/home/vagrant/therblig-motion-library/mico/wpi_jaco/build/test_results', 'LD_LIBRARY_PATH': '/home/vagrant/therblig-motion-library/mico/wpi_jaco/devel/lib:/home/vagrant/therblig-motion-library/mico/wpi_jaco/devel/lib/x86_64-linux-gnu:/opt/ros/indigo/lib/x86_64-linux-gnu:/opt/ros/indigo/lib', 'SSH_TTY': '/dev/pts/0', 'OLDPWD': '/home/vagrant/therblig-motion-library/mico/wpi_jaco', 'ROSLISP_PACKAGE_DIRECTORIES': '/home/vagrant/therblig-motion-library/mico/wpi_jaco/devel/share/common-lisp', 'PWD': '/home/vagrant/therblig-motion-library/mico/wpi_jaco', 'ROS_ETC_DIR': '/opt/ros/indigo/etc/ros', 'MAIL': '/var/mail/vagrant', 'SSH_CONNECTION': '10.0.2.2 54799 10.0.2.15 22'}]
[roslaunch][INFO] 2016-07-18 18:25:36,217: process[jaco_arm_trajectory_node-1]: args[[u'/home/vagrant/therblig-motion-library/mico/wpi_jaco/devel/lib/wpi_jaco_wrapper/jaco_arm_trajectory_node', u'mico_arm/fingers_controller:=mico_arm/fingers_controller/gripper', u'mico_arm/arm_controller:=mico_arm/arm_controller/trajectory', u'mico_arm/smooth_arm_controller:=mico_arm/smooth_arm_controller/trajectory', u'mico_arm/joint_velocity_controller:=mico_arm/joint_velocity_controller/trajectory', u'__name:=jaco_arm_trajectory_node']]
[roslaunch][INFO] 2016-07-18 18:25:36,218: ... created process [jaco_arm_trajectory_node-1]
[roslaunch.pmon][INFO] 2016-07-18 18:25:36,219: ProcessMonitor.register[jaco_arm_trajectory_node-1]
[roslaunch.pmon][INFO] 2016-07-18 18:25:36,221: ProcessMonitor.register[jaco_arm_trajectory_node-1] complete
[roslaunch][INFO] 2016-07-18 18:25:36,221: ... registered process [jaco_arm_trajectory_node-1]
[roslaunch][INFO] 2016-07-18 18:25:36,222: process[jaco_arm_trajectory_node-1]: starting os process
[roslaunch][INFO] 2016-07-18 18:25:36,225: process[jaco_arm_trajectory_node-1]: start w/ args [[u'/home/vagrant/therblig-motion-library/mico/wpi_jaco/devel/lib/wpi_jaco_wrapper/jaco_arm_trajectory_node', u'mico_arm/fingers_controller:=mico_arm/fingers_controller/gripper', u'mico_arm/arm_controller:=mico_arm/arm_controller/trajectory', u'mico_arm/smooth_arm_controller:=mico_arm/smooth_arm_controller/trajectory', u'mico_arm/joint_velocity_controller:=mico_arm/joint_velocity_controller/trajectory', u'__name:=jaco_arm_trajectory_node', u'__log:=/home/vagrant/.ros/log/537e11d8-4940-11e6-a3ed-080027a2ea64/jaco_arm_trajectory_node-1.log']]
[roslaunch][INFO] 2016-07-18 18:25:36,226: process[jaco_arm_trajectory_node-1]: cwd will be [/home/vagrant/.ros]
[roslaunch][INFO] 2016-07-18 18:25:36,252: process[jaco_arm_trajectory_node-1]: started with pid [9657]
[roslaunch][INFO] 2016-07-18 18:25:36,253: ... successfully launched [jaco_arm_trajectory_node-1]
[roslaunch][INFO] 2016-07-18 18:25:36,254: ... preparing to launch node of type [wpi_jaco_wrapper/jaco_manipulation]
[roslaunch][INFO] 2016-07-18 18:25:36,255: create_node_process: package[wpi_jaco_wrapper] type[jaco_manipulation] machine[Machine(name[] env_loader[None] address[localhost] ssh_port[22] user[None] assignable[True] timeout[10.0])] master_uri[http://localhost:11311]
[roslaunch][INFO] 2016-07-18 18:25:36,256: process[jaco_manipulation-2]: env[{'ROS_DISTRO': 'indigo', 'SSH_CLIENT': '10.0.2.2 54799 22', 'CPATH': '/home/vagrant/therblig-motion-library/mico/wpi_jaco/devel/include:/opt/ros/indigo/include', 'LOGNAME': 'vagrant', 'USER': 'vagrant', 'HOME': '/home/vagrant', 'PATH': '/home/vagrant/therblig-motion-library/mico/wpi_jaco/devel/bin:/opt/ros/indigo/bin:/usr/local/sbin:/usr/local/bin:/usr/sbin:/usr/bin:/sbin:/bin:/usr/games:/usr/local/games', 'CMAKE_PREFIX_PATH': '/home/vagrant/therblig-motion-library/mico/wpi_jaco/devel:/opt/ros/indigo', 'ROS_LOG_FILENAME': '/home/vagrant/.ros/log/537e11d8-4940-11e6-a3ed-080027a2ea64/roslaunch-ros-indigo-desktop-trusty64-9633.log', 'LANG': 'en_US.UTF-8', 'TERM': 'xterm-256color', 'SHELL': '/bin/bash', 'SHLVL': '2', 'ROS_TEST_RESULTS_DIR': '/home/vagrant/therblig-motion-library/mico/wpi_jaco/build/test_results', 'QT_QPA_PLATFORMTHEME': 'appmenu-qt5', 'DISPLAY': 'localhost:10.0', 'ROS_MASTER_URI': 'http://localhost:11311', 'XDG_RUNTIME_DIR': '/run/user/1000', 'PYTHONPATH': '/home/vagrant/therblig-motion-library/mico/wpi_jaco/devel/lib/python2.7/dist-packages:/opt/ros/indigo/lib/python2.7/dist-packages', 'ROS_ROOT': '/opt/ros/indigo/share/ros', 'PKG_CONFIG_PATH': '/home/vagrant/therblig-motion-library/mico/wpi_jaco/devel/lib/pkgconfig:/home/vagrant/therblig-motion-library/mico/wpi_jaco/devel/lib/x86_64-linux-gnu/pkgconfig:/opt/ros/indigo/lib/x86_64-linux-gnu/pkgconfig:/opt/ros/indigo/lib/pkgconfig', 'ROS_PACKAGE_PATH': '/home/vagrant/therblig-motion-library/mico/wpi_jaco/src:/opt/ros/indigo/share:/opt/ros/indigo/stacks', 'XDG_SESSION_ID': '7', '_': '/opt/ros/indigo/bin/roslaunch', 'CATKIN_TEST_RESULTS_DIR': '/home/vagrant/therblig-motion-library/mico/wpi_jaco/build/test_results', 'LD_LIBRARY_PATH': '/home/vagrant/therblig-motion-library/mico/wpi_jaco/devel/lib:/home/vagrant/therblig-motion-library/mico/wpi_jaco/devel/lib/x86_64-linux-gnu:/opt/ros/indigo/lib/x86_64-linux-gnu:/opt/ros/indigo/lib', 'SSH_TTY': '/dev/pts/0', 'OLDPWD': '/home/vagrant/therblig-motion-library/mico/wpi_jaco', 'ROSLISP_PACKAGE_DIRECTORIES': '/home/vagrant/therblig-motion-library/mico/wpi_jaco/devel/share/common-lisp', 'PWD': '/home/vagrant/therblig-motion-library/mico/wpi_jaco', 'ROS_ETC_DIR': '/opt/ros/indigo/etc/ros', 'MAIL': '/var/mail/vagrant', 'SSH_CONNECTION': '10.0.2.2 54799 10.0.2.15 22'}]
[roslaunch][INFO] 2016-07-18 18:25:38,102: process[jaco_manipulation-2]: args[[u'/home/vagrant/therblig-motion-library/mico/wpi_jaco/devel/lib/wpi_jaco_wrapper/jaco_manipulation', u'__name:=jaco_manipulation']]
[roslaunch][INFO] 2016-07-18 18:25:38,111: ... created process [jaco_manipulation-2]
[roslaunch.pmon][INFO] 2016-07-18 18:25:38,112: ProcessMonitor.register[jaco_manipulation-2]
[roslaunch.pmon][INFO] 2016-07-18 18:25:38,113: ProcessMonitor.register[jaco_manipulation-2] complete
[roslaunch][INFO] 2016-07-18 18:25:38,114: ... registered process [jaco_manipulation-2]
[roslaunch][INFO] 2016-07-18 18:25:38,116: process[jaco_manipulation-2]: starting os process
[roslaunch][INFO] 2016-07-18 18:25:38,117: process[jaco_manipulation-2]: start w/ args [[u'/home/vagrant/therblig-motion-library/mico/wpi_jaco/devel/lib/wpi_jaco_wrapper/jaco_manipulation', u'__name:=jaco_manipulation', u'__log:=/home/vagrant/.ros/log/537e11d8-4940-11e6-a3ed-080027a2ea64/jaco_manipulation-2.log']]
[roslaunch][INFO] 2016-07-18 18:25:38,117: process[jaco_manipulation-2]: cwd will be [/home/vagrant/.ros]
[roslaunch][INFO] 2016-07-18 18:25:38,125: process[jaco_manipulation-2]: started with pid [9685]
[roslaunch][INFO] 2016-07-18 18:25:38,127: ... successfully launched [jaco_manipulation-2]
[roslaunch][INFO] 2016-07-18 18:25:38,128: ... preparing to launch node of type [wpi_jaco_wrapper/jaco_conversions]
[roslaunch][INFO] 2016-07-18 18:25:38,129: create_node_process: package[wpi_jaco_wrapper] type[jaco_conversions] machine[Machine(name[] env_loader[None] address[localhost] ssh_port[22] user[None] assignable[True] timeout[10.0])] master_uri[http://localhost:11311]
[roslaunch][INFO] 2016-07-18 18:25:38,130: process[jaco_conversions-3]: env[{'ROS_DISTRO': 'indigo', 'SSH_CLIENT': '10.0.2.2 54799 22', 'CPATH': '/home/vagrant/therblig-motion-library/mico/wpi_jaco/devel/include:/opt/ros/indigo/include', 'LOGNAME': 'vagrant', 'USER': 'vagrant', 'HOME': '/home/vagrant', 'PATH': '/home/vagrant/therblig-motion-library/mico/wpi_jaco/devel/bin:/opt/ros/indigo/bin:/usr/local/sbin:/usr/local/bin:/usr/sbin:/usr/bin:/sbin:/bin:/usr/games:/usr/local/games', 'CMAKE_PREFIX_PATH': '/home/vagrant/therblig-motion-library/mico/wpi_jaco/devel:/opt/ros/indigo', 'ROS_LOG_FILENAME': '/home/vagrant/.ros/log/537e11d8-4940-11e6-a3ed-080027a2ea64/roslaunch-ros-indigo-desktop-trusty64-9633.log', 'LANG': 'en_US.UTF-8', 'TERM': 'xterm-256color', 'SHELL': '/bin/bash', 'SHLVL': '2', 'ROS_TEST_RESULTS_DIR': '/home/vagrant/therblig-motion-library/mico/wpi_jaco/build/test_results', 'QT_QPA_PLATFORMTHEME': 'appmenu-qt5', 'DISPLAY': 'localhost:10.0', 'ROS_MASTER_URI': 'http://localhost:11311', 'XDG_RUNTIME_DIR': '/run/user/1000', 'PYTHONPATH': '/home/vagrant/therblig-motion-library/mico/wpi_jaco/devel/lib/python2.7/dist-packages:/opt/ros/indigo/lib/python2.7/dist-packages', 'ROS_ROOT': '/opt/ros/indigo/share/ros', 'PKG_CONFIG_PATH': '/home/vagrant/therblig-motion-library/mico/wpi_jaco/devel/lib/pkgconfig:/home/vagrant/therblig-motion-library/mico/wpi_jaco/devel/lib/x86_64-linux-gnu/pkgconfig:/opt/ros/indigo/lib/x86_64-linux-gnu/pkgconfig:/opt/ros/indigo/lib/pkgconfig', 'ROS_PACKAGE_PATH': '/home/vagrant/therblig-motion-library/mico/wpi_jaco/src:/opt/ros/indigo/share:/opt/ros/indigo/stacks', 'XDG_SESSION_ID': '7', '_': '/opt/ros/indigo/bin/roslaunch', 'CATKIN_TEST_RESULTS_DIR': '/home/vagrant/therblig-motion-library/mico/wpi_jaco/build/test_results', 'LD_LIBRARY_PATH': '/home/vagrant/therblig-motion-library/mico/wpi_jaco/devel/lib:/home/vagrant/therblig-motion-library/mico/wpi_jaco/devel/lib/x86_64-linux-gnu:/opt/ros/indigo/lib/x86_64-linux-gnu:/opt/ros/indigo/lib', 'SSH_TTY': '/dev/pts/0', 'OLDPWD': '/home/vagrant/therblig-motion-library/mico/wpi_jaco', 'ROSLISP_PACKAGE_DIRECTORIES': '/home/vagrant/therblig-motion-library/mico/wpi_jaco/devel/share/common-lisp', 'PWD': '/home/vagrant/therblig-motion-library/mico/wpi_jaco', 'ROS_ETC_DIR': '/opt/ros/indigo/etc/ros', 'MAIL': '/var/mail/vagrant', 'SSH_CONNECTION': '10.0.2.2 54799 10.0.2.15 22'}]
[roslaunch][INFO] 2016-07-18 18:25:40,090: process[jaco_conversions-3]: args[[u'/home/vagrant/therblig-motion-library/mico/wpi_jaco/devel/lib/wpi_jaco_wrapper/jaco_conversions', u'__name:=jaco_conversions']]
[roslaunch][INFO] 2016-07-18 18:25:40,092: ... created process [jaco_conversions-3]
[roslaunch.pmon][INFO] 2016-07-18 18:25:40,094: ProcessMonitor.register[jaco_conversions-3]
[roslaunch.pmon][INFO] 2016-07-18 18:25:40,095: ProcessMonitor.register[jaco_conversions-3] complete
[roslaunch][INFO] 2016-07-18 18:25:40,096: ... registered process [jaco_conversions-3]
[roslaunch][INFO] 2016-07-18 18:25:40,097: process[jaco_conversions-3]: starting os process
[roslaunch][INFO] 2016-07-18 18:25:40,110: process[jaco_conversions-3]: start w/ args [[u'/home/vagrant/therblig-motion-library/mico/wpi_jaco/devel/lib/wpi_jaco_wrapper/jaco_conversions', u'__name:=jaco_conversions', u'__log:=/home/vagrant/.ros/log/537e11d8-4940-11e6-a3ed-080027a2ea64/jaco_conversions-3.log']]
[roslaunch][INFO] 2016-07-18 18:25:40,111: process[jaco_conversions-3]: cwd will be [/home/vagrant/.ros]
[roslaunch][INFO] 2016-07-18 18:25:40,126: process[jaco_conversions-3]: started with pid [9734]
[roslaunch][INFO] 2016-07-18 18:25:40,129: ... successfully launched [jaco_conversions-3]
[roslaunch][INFO] 2016-07-18 18:25:40,131: ... preparing to launch node of type [wpi_jaco_wrapper/jaco_kinematics]
[roslaunch][INFO] 2016-07-18 18:25:40,132: create_node_process: package[wpi_jaco_wrapper] type[jaco_kinematics] machine[Machine(name[] env_loader[None] address[localhost] ssh_port[22] user[None] assignable[True] timeout[10.0])] master_uri[http://localhost:11311]
[roslaunch][INFO] 2016-07-18 18:25:40,137: process[jaco_kinematics-4]: env[{'ROS_DISTRO': 'indigo', 'SSH_CLIENT': '10.0.2.2 54799 22', 'CPATH': '/home/vagrant/therblig-motion-library/mico/wpi_jaco/devel/include:/opt/ros/indigo/include', 'LOGNAME': 'vagrant', 'USER': 'vagrant', 'HOME': '/home/vagrant', 'PATH': '/home/vagrant/therblig-motion-library/mico/wpi_jaco/devel/bin:/opt/ros/indigo/bin:/usr/local/sbin:/usr/local/bin:/usr/sbin:/usr/bin:/sbin:/bin:/usr/games:/usr/local/games', 'CMAKE_PREFIX_PATH': '/home/vagrant/therblig-motion-library/mico/wpi_jaco/devel:/opt/ros/indigo', 'ROS_LOG_FILENAME': '/home/vagrant/.ros/log/537e11d8-4940-11e6-a3ed-080027a2ea64/roslaunch-ros-indigo-desktop-trusty64-9633.log', 'LANG': 'en_US.UTF-8', 'TERM': 'xterm-256color', 'SHELL': '/bin/bash', 'SHLVL': '2', 'ROS_TEST_RESULTS_DIR': '/home/vagrant/therblig-motion-library/mico/wpi_jaco/build/test_results', 'QT_QPA_PLATFORMTHEME': 'appmenu-qt5', 'DISPLAY': 'localhost:10.0', 'ROS_MASTER_URI': 'http://localhost:11311', 'XDG_RUNTIME_DIR': '/run/user/1000', 'PYTHONPATH': '/home/vagrant/therblig-motion-library/mico/wpi_jaco/devel/lib/python2.7/dist-packages:/opt/ros/indigo/lib/python2.7/dist-packages', 'ROS_ROOT': '/opt/ros/indigo/share/ros', 'PKG_CONFIG_PATH': '/home/vagrant/therblig-motion-library/mico/wpi_jaco/devel/lib/pkgconfig:/home/vagrant/therblig-motion-library/mico/wpi_jaco/devel/lib/x86_64-linux-gnu/pkgconfig:/opt/ros/indigo/lib/x86_64-linux-gnu/pkgconfig:/opt/ros/indigo/lib/pkgconfig', 'ROS_PACKAGE_PATH': '/home/vagrant/therblig-motion-library/mico/wpi_jaco/src:/opt/ros/indigo/share:/opt/ros/indigo/stacks', 'XDG_SESSION_ID': '7', '_': '/opt/ros/indigo/bin/roslaunch', 'CATKIN_TEST_RESULTS_DIR': '/home/vagrant/therblig-motion-library/mico/wpi_jaco/build/test_results', 'LD_LIBRARY_PATH': '/home/vagrant/therblig-motion-library/mico/wpi_jaco/devel/lib:/home/vagrant/therblig-motion-library/mico/wpi_jaco/devel/lib/x86_64-linux-gnu:/opt/ros/indigo/lib/x86_64-linux-gnu:/opt/ros/indigo/lib', 'SSH_TTY': '/dev/pts/0', 'OLDPWD': '/home/vagrant/therblig-motion-library/mico/wpi_jaco', 'ROSLISP_PACKAGE_DIRECTORIES': '/home/vagrant/therblig-motion-library/mico/wpi_jaco/devel/share/common-lisp', 'PWD': '/home/vagrant/therblig-motion-library/mico/wpi_jaco', 'ROS_ETC_DIR': '/opt/ros/indigo/etc/ros', 'MAIL': '/var/mail/vagrant', 'SSH_CONNECTION': '10.0.2.2 54799 10.0.2.15 22'}]
[roslaunch][INFO] 2016-07-18 18:25:42,351: process[jaco_kinematics-4]: args[[u'/home/vagrant/therblig-motion-library/mico/wpi_jaco/devel/lib/wpi_jaco_wrapper/jaco_kinematics', u'__name:=jaco_kinematics']]
[roslaunch][INFO] 2016-07-18 18:25:42,352: ... created process [jaco_kinematics-4]
[roslaunch.pmon][INFO] 2016-07-18 18:25:42,353: ProcessMonitor.register[jaco_kinematics-4]
[roslaunch.pmon][INFO] 2016-07-18 18:25:42,353: ProcessMonitor.register[jaco_kinematics-4] complete
[roslaunch][INFO] 2016-07-18 18:25:42,354: ... registered process [jaco_kinematics-4]
[roslaunch][INFO] 2016-07-18 18:25:42,354: process[jaco_kinematics-4]: starting os process
[roslaunch][INFO] 2016-07-18 18:25:42,358: process[jaco_kinematics-4]: start w/ args [[u'/home/vagrant/therblig-motion-library/mico/wpi_jaco/devel/lib/wpi_jaco_wrapper/jaco_kinematics', u'__name:=jaco_kinematics', u'__log:=/home/vagrant/.ros/log/537e11d8-4940-11e6-a3ed-080027a2ea64/jaco_kinematics-4.log']]
[roslaunch][INFO] 2016-07-18 18:25:42,358: process[jaco_kinematics-4]: cwd will be [/home/vagrant/.ros]
[roslaunch][INFO] 2016-07-18 18:25:42,373: process[jaco_kinematics-4]: started with pid [9748]
[roslaunch][INFO] 2016-07-18 18:25:42,375: ... successfully launched [jaco_kinematics-4]
[roslaunch][INFO] 2016-07-18 18:25:42,376: ... preparing to launch node of type [robot_state_publisher/robot_state_publisher]
[roslaunch][INFO] 2016-07-18 18:25:42,378: create_node_process: package[robot_state_publisher] type[robot_state_publisher] machine[Machine(name[] env_loader[None] address[localhost] ssh_port[22] user[None] assignable[True] timeout[10.0])] master_uri[http://localhost:11311]
[roslaunch][INFO] 2016-07-18 18:25:42,379: process[robot_state_publisher-5]: env[{'ROS_DISTRO': 'indigo', 'SSH_CLIENT': '10.0.2.2 54799 22', 'CPATH': '/home/vagrant/therblig-motion-library/mico/wpi_jaco/devel/include:/opt/ros/indigo/include', 'LOGNAME': 'vagrant', 'USER': 'vagrant', 'HOME': '/home/vagrant', 'PATH': '/home/vagrant/therblig-motion-library/mico/wpi_jaco/devel/bin:/opt/ros/indigo/bin:/usr/local/sbin:/usr/local/bin:/usr/sbin:/usr/bin:/sbin:/bin:/usr/games:/usr/local/games', 'CMAKE_PREFIX_PATH': '/home/vagrant/therblig-motion-library/mico/wpi_jaco/devel:/opt/ros/indigo', 'ROS_LOG_FILENAME': '/home/vagrant/.ros/log/537e11d8-4940-11e6-a3ed-080027a2ea64/roslaunch-ros-indigo-desktop-trusty64-9633.log', 'LANG': 'en_US.UTF-8', 'TERM': 'xterm-256color', 'SHELL': '/bin/bash', 'SHLVL': '2', 'ROS_TEST_RESULTS_DIR': '/home/vagrant/therblig-motion-library/mico/wpi_jaco/build/test_results', 'QT_QPA_PLATFORMTHEME': 'appmenu-qt5', 'DISPLAY': 'localhost:10.0', 'ROS_MASTER_URI': 'http://localhost:11311', 'XDG_RUNTIME_DIR': '/run/user/1000', 'PYTHONPATH': '/home/vagrant/therblig-motion-library/mico/wpi_jaco/devel/lib/python2.7/dist-packages:/opt/ros/indigo/lib/python2.7/dist-packages', 'ROS_ROOT': '/opt/ros/indigo/share/ros', 'PKG_CONFIG_PATH': '/home/vagrant/therblig-motion-library/mico/wpi_jaco/devel/lib/pkgconfig:/home/vagrant/therblig-motion-library/mico/wpi_jaco/devel/lib/x86_64-linux-gnu/pkgconfig:/opt/ros/indigo/lib/x86_64-linux-gnu/pkgconfig:/opt/ros/indigo/lib/pkgconfig', 'ROS_PACKAGE_PATH': '/home/vagrant/therblig-motion-library/mico/wpi_jaco/src:/opt/ros/indigo/share:/opt/ros/indigo/stacks', 'XDG_SESSION_ID': '7', '_': '/opt/ros/indigo/bin/roslaunch', 'CATKIN_TEST_RESULTS_DIR': '/home/vagrant/therblig-motion-library/mico/wpi_jaco/build/test_results', 'LD_LIBRARY_PATH': '/home/vagrant/therblig-motion-library/mico/wpi_jaco/devel/lib:/home/vagrant/therblig-motion-library/mico/wpi_jaco/devel/lib/x86_64-linux-gnu:/opt/ros/indigo/lib/x86_64-linux-gnu:/opt/ros/indigo/lib', 'SSH_TTY': '/dev/pts/0', 'OLDPWD': '/home/vagrant/therblig-motion-library/mico/wpi_jaco', 'ROSLISP_PACKAGE_DIRECTORIES': '/home/vagrant/therblig-motion-library/mico/wpi_jaco/devel/share/common-lisp', 'PWD': '/home/vagrant/therblig-motion-library/mico/wpi_jaco', 'ROS_ETC_DIR': '/opt/ros/indigo/etc/ros', 'MAIL': '/var/mail/vagrant', 'SSH_CONNECTION': '10.0.2.2 54799 10.0.2.15 22'}]
[roslaunch][INFO] 2016-07-18 18:25:44,000: process[robot_state_publisher-5]: args[[u'/opt/ros/indigo/lib/robot_state_publisher/robot_state_publisher', u'__name:=robot_state_publisher']]
[roslaunch][INFO] 2016-07-18 18:25:44,002: ... created process [robot_state_publisher-5]
[roslaunch.pmon][INFO] 2016-07-18 18:25:44,003: ProcessMonitor.register[robot_state_publisher-5]
[roslaunch.pmon][INFO] 2016-07-18 18:25:44,003: ProcessMonitor.register[robot_state_publisher-5] complete
[roslaunch][INFO] 2016-07-18 18:25:44,004: ... registered process [robot_state_publisher-5]
[roslaunch][INFO] 2016-07-18 18:25:44,004: process[robot_state_publisher-5]: starting os process
[roslaunch][INFO] 2016-07-18 18:25:44,008: process[robot_state_publisher-5]: start w/ args [[u'/opt/ros/indigo/lib/robot_state_publisher/robot_state_publisher', u'__name:=robot_state_publisher', u'__log:=/home/vagrant/.ros/log/537e11d8-4940-11e6-a3ed-080027a2ea64/robot_state_publisher-5.log']]
[roslaunch][INFO] 2016-07-18 18:25:44,009: process[robot_state_publisher-5]: cwd will be [/home/vagrant/.ros]
[roslaunch][INFO] 2016-07-18 18:25:44,023: process[robot_state_publisher-5]: started with pid [9761]
[roslaunch][INFO] 2016-07-18 18:25:44,027: ... successfully launched [robot_state_publisher-5]
[roslaunch][INFO] 2016-07-18 18:25:44,028: ... preparing to launch node of type [joint_state_publisher/joint_state_publisher]
[roslaunch][INFO] 2016-07-18 18:25:44,033: create_node_process: package[joint_state_publisher] type[joint_state_publisher] machine[Machine(name[] env_loader[None] address[localhost] ssh_port[22] user[None] assignable[True] timeout[10.0])] master_uri[http://localhost:11311]
[roslaunch][INFO] 2016-07-18 18:25:44,036: process[joint_state_publisher-6]: env[{'ROS_DISTRO': 'indigo', 'SSH_CLIENT': '10.0.2.2 54799 22', 'CPATH': '/home/vagrant/therblig-motion-library/mico/wpi_jaco/devel/include:/opt/ros/indigo/include', 'LOGNAME': 'vagrant', 'USER': 'vagrant', 'HOME': '/home/vagrant', 'PATH': '/home/vagrant/therblig-motion-library/mico/wpi_jaco/devel/bin:/opt/ros/indigo/bin:/usr/local/sbin:/usr/local/bin:/usr/sbin:/usr/bin:/sbin:/bin:/usr/games:/usr/local/games', 'CMAKE_PREFIX_PATH': '/home/vagrant/therblig-motion-library/mico/wpi_jaco/devel:/opt/ros/indigo', 'ROS_LOG_FILENAME': '/home/vagrant/.ros/log/537e11d8-4940-11e6-a3ed-080027a2ea64/roslaunch-ros-indigo-desktop-trusty64-9633.log', 'LANG': 'en_US.UTF-8', 'TERM': 'xterm-256color', 'SHELL': '/bin/bash', 'SHLVL': '2', 'ROS_TEST_RESULTS_DIR': '/home/vagrant/therblig-motion-library/mico/wpi_jaco/build/test_results', 'QT_QPA_PLATFORMTHEME': 'appmenu-qt5', 'DISPLAY': 'localhost:10.0', 'ROS_MASTER_URI': 'http://localhost:11311', 'XDG_RUNTIME_DIR': '/run/user/1000', 'PYTHONPATH': '/home/vagrant/therblig-motion-library/mico/wpi_jaco/devel/lib/python2.7/dist-packages:/opt/ros/indigo/lib/python2.7/dist-packages', 'ROS_ROOT': '/opt/ros/indigo/share/ros', 'PKG_CONFIG_PATH': '/home/vagrant/therblig-motion-library/mico/wpi_jaco/devel/lib/pkgconfig:/home/vagrant/therblig-motion-library/mico/wpi_jaco/devel/lib/x86_64-linux-gnu/pkgconfig:/opt/ros/indigo/lib/x86_64-linux-gnu/pkgconfig:/opt/ros/indigo/lib/pkgconfig', 'ROS_PACKAGE_PATH': '/home/vagrant/therblig-motion-library/mico/wpi_jaco/src:/opt/ros/indigo/share:/opt/ros/indigo/stacks', 'XDG_SESSION_ID': '7', '_': '/opt/ros/indigo/bin/roslaunch', 'CATKIN_TEST_RESULTS_DIR': '/home/vagrant/therblig-motion-library/mico/wpi_jaco/build/test_results', 'LD_LIBRARY_PATH': '/home/vagrant/therblig-motion-library/mico/wpi_jaco/devel/lib:/home/vagrant/therblig-motion-library/mico/wpi_jaco/devel/lib/x86_64-linux-gnu:/opt/ros/indigo/lib/x86_64-linux-gnu:/opt/ros/indigo/lib', 'SSH_TTY': '/dev/pts/0', 'OLDPWD': '/home/vagrant/therblig-motion-library/mico/wpi_jaco', 'ROSLISP_PACKAGE_DIRECTORIES': '/home/vagrant/therblig-motion-library/mico/wpi_jaco/devel/share/common-lisp', 'PWD': '/home/vagrant/therblig-motion-library/mico/wpi_jaco', 'ROS_ETC_DIR': '/opt/ros/indigo/etc/ros', 'MAIL': '/var/mail/vagrant', 'SSH_CONNECTION': '10.0.2.2 54799 10.0.2.15 22'}]
[roslaunch][INFO] 2016-07-18 18:25:45,429: process[joint_state_publisher-6]: args[[u'/opt/ros/indigo/lib/joint_state_publisher/joint_state_publisher', u'__name:=joint_state_publisher']]
[roslaunch][INFO] 2016-07-18 18:25:45,429: ... created process [joint_state_publisher-6]
[roslaunch.pmon][INFO] 2016-07-18 18:25:45,430: ProcessMonitor.register[joint_state_publisher-6]
[roslaunch.pmon][INFO] 2016-07-18 18:25:45,431: ProcessMonitor.register[joint_state_publisher-6] complete
[roslaunch][INFO] 2016-07-18 18:25:45,431: ... registered process [joint_state_publisher-6]
[roslaunch][INFO] 2016-07-18 18:25:45,431: process[joint_state_publisher-6]: starting os process
[roslaunch][INFO] 2016-07-18 18:25:45,435: process[joint_state_publisher-6]: start w/ args [[u'/opt/ros/indigo/lib/joint_state_publisher/joint_state_publisher', u'__name:=joint_state_publisher', u'__log:=/home/vagrant/.ros/log/537e11d8-4940-11e6-a3ed-080027a2ea64/joint_state_publisher-6.log']]
[roslaunch][INFO] 2016-07-18 18:25:45,436: process[joint_state_publisher-6]: cwd will be [/home/vagrant/.ros]
[roslaunch][INFO] 2016-07-18 18:25:45,440: process[joint_state_publisher-6]: started with pid [9786]
[roslaunch][INFO] 2016-07-18 18:25:45,441: ... successfully launched [joint_state_publisher-6]
[roslaunch][INFO] 2016-07-18 18:25:45,441: ... preparing to launch node of type [moveit_ros_move_group/move_group]
[roslaunch][INFO] 2016-07-18 18:25:45,442: create_node_process: package[moveit_ros_move_group] type[move_group] machine[Machine(name[] env_loader[None] address[localhost] ssh_port[22] user[None] assignable[True] timeout[10.0])] master_uri[http://localhost:11311]
[roslaunch][INFO] 2016-07-18 18:25:45,443: process[move_group-7]: env[{'ROS_DISTRO': 'indigo', 'SSH_CLIENT': '10.0.2.2 54799 22', 'CPATH': '/home/vagrant/therblig-motion-library/mico/wpi_jaco/devel/include:/opt/ros/indigo/include', 'LOGNAME': 'vagrant', 'USER': 'vagrant', 'HOME': '/home/vagrant', 'PATH': '/home/vagrant/therblig-motion-library/mico/wpi_jaco/devel/bin:/opt/ros/indigo/bin:/usr/local/sbin:/usr/local/bin:/usr/sbin:/usr/bin:/sbin:/bin:/usr/games:/usr/local/games', 'CMAKE_PREFIX_PATH': '/home/vagrant/therblig-motion-library/mico/wpi_jaco/devel:/opt/ros/indigo', 'ROS_LOG_FILENAME': '/home/vagrant/.ros/log/537e11d8-4940-11e6-a3ed-080027a2ea64/roslaunch-ros-indigo-desktop-trusty64-9633.log', 'LANG': 'en_US.UTF-8', 'TERM': 'xterm-256color', 'SHELL': '/bin/bash', 'SHLVL': '2', 'ROS_TEST_RESULTS_DIR': '/home/vagrant/therblig-motion-library/mico/wpi_jaco/build/test_results', 'QT_QPA_PLATFORMTHEME': 'appmenu-qt5', 'DISPLAY': u'localhost:10.0', 'ROS_MASTER_URI': 'http://localhost:11311', 'XDG_RUNTIME_DIR': '/run/user/1000', 'PYTHONPATH': '/home/vagrant/therblig-motion-library/mico/wpi_jaco/devel/lib/python2.7/dist-packages:/opt/ros/indigo/lib/python2.7/dist-packages', 'ROS_ROOT': '/opt/ros/indigo/share/ros', 'PKG_CONFIG_PATH': '/home/vagrant/therblig-motion-library/mico/wpi_jaco/devel/lib/pkgconfig:/home/vagrant/therblig-motion-library/mico/wpi_jaco/devel/lib/x86_64-linux-gnu/pkgconfig:/opt/ros/indigo/lib/x86_64-linux-gnu/pkgconfig:/opt/ros/indigo/lib/pkgconfig', 'ROS_PACKAGE_PATH': '/home/vagrant/therblig-motion-library/mico/wpi_jaco/src:/opt/ros/indigo/share:/opt/ros/indigo/stacks', 'XDG_SESSION_ID': '7', '_': '/opt/ros/indigo/bin/roslaunch', 'CATKIN_TEST_RESULTS_DIR': '/home/vagrant/therblig-motion-library/mico/wpi_jaco/build/test_results', 'LD_LIBRARY_PATH': '/home/vagrant/therblig-motion-library/mico/wpi_jaco/devel/lib:/home/vagrant/therblig-motion-library/mico/wpi_jaco/devel/lib/x86_64-linux-gnu:/opt/ros/indigo/lib/x86_64-linux-gnu:/opt/ros/indigo/lib', 'SSH_TTY': '/dev/pts/0', 'OLDPWD': '/home/vagrant/therblig-motion-library/mico/wpi_jaco', 'ROSLISP_PACKAGE_DIRECTORIES': '/home/vagrant/therblig-motion-library/mico/wpi_jaco/devel/share/common-lisp', 'PWD': '/home/vagrant/therblig-motion-library/mico/wpi_jaco', 'ROS_ETC_DIR': '/opt/ros/indigo/etc/ros', 'MAIL': '/var/mail/vagrant', 'SSH_CONNECTION': '10.0.2.2 54799 10.0.2.15 22'}]
[roslaunch][INFO] 2016-07-18 18:25:47,054: process[move_group-7]: args[[u'/opt/ros/indigo/lib/moveit_ros_move_group/move_group', '--debug', u'__name:=move_group']]
[roslaunch][INFO] 2016-07-18 18:25:47,055: ... created process [move_group-7]
[roslaunch.pmon][INFO] 2016-07-18 18:25:47,055: ProcessMonitor.register[move_group-7]
[roslaunch.pmon][INFO] 2016-07-18 18:25:47,056: ProcessMonitor.register[move_group-7] complete
[roslaunch][INFO] 2016-07-18 18:25:47,056: ... registered process [move_group-7]
[roslaunch][INFO] 2016-07-18 18:25:47,057: process[move_group-7]: starting os process
[roslaunch][INFO] 2016-07-18 18:25:47,059: process[move_group-7]: start w/ args [[u'/opt/ros/indigo/lib/moveit_ros_move_group/move_group', '--debug', u'__name:=move_group', u'__log:=/home/vagrant/.ros/log/537e11d8-4940-11e6-a3ed-080027a2ea64/move_group-7.log']]
[roslaunch][INFO] 2016-07-18 18:25:47,060: process[move_group-7]: cwd will be [/home/vagrant/.ros]
[roslaunch][INFO] 2016-07-18 18:25:47,065: process[move_group-7]: started with pid [9788]
[roslaunch][INFO] 2016-07-18 18:25:47,071: ... successfully launched [move_group-7]
[roslaunch][INFO] 2016-07-18 18:25:47,075: ... preparing to launch node of type [rviz/rviz]
[roslaunch][INFO] 2016-07-18 18:25:47,077: create_node_process: package[rviz] type[rviz] machine[Machine(name[] env_loader[None] address[localhost] ssh_port[22] user[None] assignable[True] timeout[10.0])] master_uri[http://localhost:11311]
[roslaunch][INFO] 2016-07-18 18:25:47,078: process[rviz_ros_indigo_desktop_trusty64_9633_3303126692879553945-8]: env[{'ROS_DISTRO': 'indigo', 'SSH_CLIENT': '10.0.2.2 54799 22', 'CPATH': '/home/vagrant/therblig-motion-library/mico/wpi_jaco/devel/include:/opt/ros/indigo/include', 'LOGNAME': 'vagrant', 'USER': 'vagrant', 'HOME': '/home/vagrant', 'PATH': '/home/vagrant/therblig-motion-library/mico/wpi_jaco/devel/bin:/opt/ros/indigo/bin:/usr/local/sbin:/usr/local/bin:/usr/sbin:/usr/bin:/sbin:/bin:/usr/games:/usr/local/games', 'CMAKE_PREFIX_PATH': '/home/vagrant/therblig-motion-library/mico/wpi_jaco/devel:/opt/ros/indigo', 'ROS_LOG_FILENAME': '/home/vagrant/.ros/log/537e11d8-4940-11e6-a3ed-080027a2ea64/roslaunch-ros-indigo-desktop-trusty64-9633.log', 'LANG': 'en_US.UTF-8', 'TERM': 'xterm-256color', 'SHELL': '/bin/bash', 'SHLVL': '2', 'ROS_TEST_RESULTS_DIR': '/home/vagrant/therblig-motion-library/mico/wpi_jaco/build/test_results', 'QT_QPA_PLATFORMTHEME': 'appmenu-qt5', 'DISPLAY': 'localhost:10.0', 'ROS_MASTER_URI': 'http://localhost:11311', 'XDG_RUNTIME_DIR': '/run/user/1000', 'PYTHONPATH': '/home/vagrant/therblig-motion-library/mico/wpi_jaco/devel/lib/python2.7/dist-packages:/opt/ros/indigo/lib/python2.7/dist-packages', 'ROS_ROOT': '/opt/ros/indigo/share/ros', 'PKG_CONFIG_PATH': '/home/vagrant/therblig-motion-library/mico/wpi_jaco/devel/lib/pkgconfig:/home/vagrant/therblig-motion-library/mico/wpi_jaco/devel/lib/x86_64-linux-gnu/pkgconfig:/opt/ros/indigo/lib/x86_64-linux-gnu/pkgconfig:/opt/ros/indigo/lib/pkgconfig', 'ROS_PACKAGE_PATH': '/home/vagrant/therblig-motion-library/mico/wpi_jaco/src:/opt/ros/indigo/share:/opt/ros/indigo/stacks', 'XDG_SESSION_ID': '7', '_': '/opt/ros/indigo/bin/roslaunch', 'CATKIN_TEST_RESULTS_DIR': '/home/vagrant/therblig-motion-library/mico/wpi_jaco/build/test_results', 'LD_LIBRARY_PATH': '/home/vagrant/therblig-motion-library/mico/wpi_jaco/devel/lib:/home/vagrant/therblig-motion-library/mico/wpi_jaco/devel/lib/x86_64-linux-gnu:/opt/ros/indigo/lib/x86_64-linux-gnu:/opt/ros/indigo/lib', 'SSH_TTY': '/dev/pts/0', 'OLDPWD': '/home/vagrant/therblig-motion-library/mico/wpi_jaco', 'ROSLISP_PACKAGE_DIRECTORIES': '/home/vagrant/therblig-motion-library/mico/wpi_jaco/devel/share/common-lisp', 'PWD': '/home/vagrant/therblig-motion-library/mico/wpi_jaco', 'ROS_ETC_DIR': '/opt/ros/indigo/etc/ros', 'MAIL': '/var/mail/vagrant', 'SSH_CONNECTION': '10.0.2.2 54799 10.0.2.15 22'}]
[roslaunch][INFO] 2016-07-18 18:25:48,810: process[rviz_ros_indigo_desktop_trusty64_9633_3303126692879553945-8]: args[[u'/opt/ros/indigo/lib/rviz/rviz', '-d', '/home/vagrant/therblig-motion-library/mico/wpi_jaco/src/mico_moveit_config/launch/moveit.rviz', u'__name:=rviz_ros_indigo_desktop_trusty64_9633_3303126692879553945']]
[roslaunch][INFO] 2016-07-18 18:25:48,812: ... created process [rviz_ros_indigo_desktop_trusty64_9633_3303126692879553945-8]
[roslaunch.pmon][INFO] 2016-07-18 18:25:48,814: ProcessMonitor.register[rviz_ros_indigo_desktop_trusty64_9633_3303126692879553945-8]
[roslaunch.pmon][INFO] 2016-07-18 18:25:48,814: ProcessMonitor.register[rviz_ros_indigo_desktop_trusty64_9633_3303126692879553945-8] complete
[roslaunch][INFO] 2016-07-18 18:25:48,815: ... registered process [rviz_ros_indigo_desktop_trusty64_9633_3303126692879553945-8]
[roslaunch][INFO] 2016-07-18 18:25:48,815: process[rviz_ros_indigo_desktop_trusty64_9633_3303126692879553945-8]: starting os process
[roslaunch][INFO] 2016-07-18 18:25:48,819: process[rviz_ros_indigo_desktop_trusty64_9633_3303126692879553945-8]: start w/ args [[u'/opt/ros/indigo/lib/rviz/rviz', '-d', '/home/vagrant/therblig-motion-library/mico/wpi_jaco/src/mico_moveit_config/launch/moveit.rviz', u'__name:=rviz_ros_indigo_desktop_trusty64_9633_3303126692879553945', u'__log:=/home/vagrant/.ros/log/537e11d8-4940-11e6-a3ed-080027a2ea64/rviz_ros_indigo_desktop_trusty64_9633_3303126692879553945-8.log']]
[roslaunch][INFO] 2016-07-18 18:25:48,819: process[rviz_ros_indigo_desktop_trusty64_9633_3303126692879553945-8]: cwd will be [/home/vagrant/.ros]
[roslaunch][INFO] 2016-07-18 18:25:48,832: process[rviz_ros_indigo_desktop_trusty64_9633_3303126692879553945-8]: started with pid [9815]
[roslaunch][INFO] 2016-07-18 18:25:48,833: ... successfully launched [rviz_ros_indigo_desktop_trusty64_9633_3303126692879553945-8]
[roslaunch][INFO] 2016-07-18 18:25:48,833: ... launch_nodes complete
[roslaunch.pmon][INFO] 2016-07-18 18:25:48,834: registrations completed <ProcessMonitor(ProcessMonitor-1, started daemon 140629917075200)>
[roslaunch.parent][INFO] 2016-07-18 18:25:48,836: ... roslaunch parent running, waiting for process exit
[roslaunch][INFO] 2016-07-18 18:25:48,836: spin
[roslaunch][ERROR] 2016-07-18 18:25:49,450: [rviz_ros_indigo_desktop_trusty64_9633_3303126692879553945-8] process has died [pid 9815, exit code 1, cmd /opt/ros/indigo/lib/rviz/rviz -d /home/vagrant/therblig-motion-library/mico/wpi_jaco/src/mico_moveit_config/launch/moveit.rviz __name:=rviz_ros_indigo_desktop_trusty64_9633_3303126692879553945 __log:=/home/vagrant/.ros/log/537e11d8-4940-11e6-a3ed-080027a2ea64/rviz_ros_indigo_desktop_trusty64_9633_3303126692879553945-8.log].
log file: /home/vagrant/.ros/log/537e11d8-4940-11e6-a3ed-080027a2ea64/rviz_ros_indigo_desktop_trusty64_9633_3303126692879553945-8*.log
[roslaunch.pmon][INFO] 2016-07-18 18:25:49,451: ProcessMonitor.unregister[rviz_ros_indigo_desktop_trusty64_9633_3303126692879553945-8] starting
[roslaunch.pmon][INFO] 2016-07-18 18:25:49,455: ProcessMonitor.unregister[rviz_ros_indigo_desktop_trusty64_9633_3303126692879553945-8] complete
[roslaunch.pmon][INFO] 2016-07-18 18:26:55,389: ProcessMonitor.shutdown <ProcessMonitor(ProcessMonitor-1, started daemon 140629917075200)>
[roslaunch.pmon][INFO] 2016-07-18 18:26:55,420: ProcessMonitor._post_run <ProcessMonitor(ProcessMonitor-1, started daemon 140629917075200)>
[roslaunch.pmon][INFO] 2016-07-18 18:26:55,420: ProcessMonitor._post_run <ProcessMonitor(ProcessMonitor-1, started daemon 140629917075200)>: remaining procs are [<roslaunch.nodeprocess.LocalProcess object at 0x7fe6f46fded0>, <roslaunch.nodeprocess.LocalProcess object at 0x7fe6f467b350>, <roslaunch.nodeprocess.LocalProcess object at 0x7fe6f4661550>, <roslaunch.nodeprocess.LocalProcess object at 0x7fe6f46fdfd0>, <roslaunch.nodeprocess.LocalProcess object at 0x7fe6f467b790>, <roslaunch.nodeprocess.LocalProcess object at 0x7fe6f4724f10>, <roslaunch.nodeprocess.LocalProcess object at 0x7fe6f467b050>]
[roslaunch.pmon][INFO] 2016-07-18 18:26:55,421: ProcessMonitor exit: killing move_group-7
[roslaunch][INFO] 2016-07-18 18:26:55,422: [move_group-7] killing on exit
[roslaunch][INFO] 2016-07-18 18:26:55,423: process[move_group-7]: killing os process with pid[9788] pgid[9788]
[roslaunch.pmon][INFO] 2016-07-18 18:26:55,422: ProcessMonitor exit: killing joint_state_publisher-6
[roslaunch][INFO] 2016-07-18 18:26:55,425: [joint_state_publisher-6] killing on exit
[roslaunch.pmon][INFO] 2016-07-18 18:26:55,423: ProcessMonitor exit: killing jaco_kinematics-4
[roslaunch][INFO] 2016-07-18 18:26:55,427: [jaco_kinematics-4] killing on exit
[roslaunch.pmon][INFO] 2016-07-18 18:26:55,424: ProcessMonitor exit: killing jaco_manipulation-2
[roslaunch][INFO] 2016-07-18 18:26:55,424: [move_group-7] sending SIGINT to pgid [9788]
[roslaunch][INFO] 2016-07-18 18:26:55,435: [move_group-7] sent SIGINT to pgid [9788]
[roslaunch.pmon][INFO] 2016-07-18 18:26:55,423: ProcessMonitor exit: killing robot_state_publisher-5
[roslaunch][INFO] 2016-07-18 18:26:55,436: [robot_state_publisher-5] killing on exit
[roslaunch][INFO] 2016-07-18 18:26:55,437: process[robot_state_publisher-5]: killing os process with pid[9761] pgid[9761]
[roslaunch][INFO] 2016-07-18 18:26:55,437: [robot_state_publisher-5] sending SIGINT to pgid [9761]
[roslaunch][INFO] 2016-07-18 18:26:55,438: [robot_state_publisher-5] sent SIGINT to pgid [9761]
[roslaunch.pmon][INFO] 2016-07-18 18:26:55,424: ProcessMonitor exit: killing jaco_arm_trajectory_node-1
[roslaunch.pmon][INFO] 2016-07-18 18:26:55,423: ProcessMonitor exit: killing jaco_conversions-3
[roslaunch][INFO] 2016-07-18 18:26:55,442: [jaco_conversions-3] killing on exit
[roslaunch][INFO] 2016-07-18 18:26:55,442: process[jaco_conversions-3]: killing os process with pid[9734] pgid[9734]
[roslaunch][INFO] 2016-07-18 18:26:55,443: [jaco_conversions-3] sending SIGINT to pgid [9734]
[roslaunch][INFO] 2016-07-18 18:26:55,430: process[joint_state_publisher-6]: killing os process with pid[9786] pgid[9786]
[roslaunch][INFO] 2016-07-18 18:26:55,454: [joint_state_publisher-6] sending SIGINT to pgid [9786]
[roslaunch][INFO] 2016-07-18 18:26:55,461: [joint_state_publisher-6] sent SIGINT to pgid [9786]
[roslaunch][INFO] 2016-07-18 18:26:55,434: [jaco_manipulation-2] killing on exit
[roslaunch][INFO] 2016-07-18 18:26:55,464: process[jaco_manipulation-2]: killing os process with pid[9685] pgid[9685]
[roslaunch][INFO] 2016-07-18 18:26:55,467: [jaco_manipulation-2] sending SIGINT to pgid [9685]
[roslaunch][INFO] 2016-07-18 18:26:55,434: process[jaco_kinematics-4]: killing os process with pid[9748] pgid[9748]
[roslaunch][INFO] 2016-07-18 18:26:55,451: [jaco_conversions-3] sent SIGINT to pgid [9734]
[roslaunch][INFO] 2016-07-18 18:26:55,440: [jaco_arm_trajectory_node-1] killing on exit
[roslaunch][INFO] 2016-07-18 18:26:55,492: process[jaco_arm_trajectory_node-1]: killing os process with pid[9657] pgid[9657]
[roslaunch][INFO] 2016-07-18 18:26:55,493: [jaco_arm_trajectory_node-1] sending SIGINT to pgid [9657]
[roslaunch][INFO] 2016-07-18 18:26:55,493: [jaco_arm_trajectory_node-1] sent SIGINT to pgid [9657]
[roslaunch][INFO] 2016-07-18 18:26:55,489: [jaco_kinematics-4] sending SIGINT to pgid [9748]
[roslaunch][INFO] 2016-07-18 18:26:55,500: [jaco_kinematics-4] sent SIGINT to pgid [9748]
[roslaunch][INFO] 2016-07-18 18:26:55,482: [jaco_manipulation-2] sent SIGINT to pgid [9685]
[roslaunch][INFO] 2016-07-18 18:26:55,801: process[jaco_kinematics-4]: SIGINT killed with return value 0
[roslaunch][INFO] 2016-07-18 18:26:55,841: process[robot_state_publisher-5]: SIGINT killed with return value 0
[roslaunch][INFO] 2016-07-18 18:26:55,892: process[jaco_conversions-3]: SIGINT killed with return value 0
[roslaunch][INFO] 2016-07-18 18:26:56,165: process[joint_state_publisher-6]: SIGINT killed with return value 0
[roslaunch][INFO] 2016-07-18 18:26:56,506: process[jaco_manipulation-2]: SIGINT killed with return value -5
[roslaunch][INFO] 2016-07-18 18:26:56,540: process[move_group-7]: SIGINT killed with return value -6
[roslaunch][ERROR] 2016-07-18 18:27:10,534: [jaco_arm_trajectory_node-1] escalating to SIGTERM
[roslaunch][INFO] 2016-07-18 18:27:10,535: [jaco_arm_trajectory_node-1] sent SIGTERM to pgid [9657]
[roslaunch][INFO] 2016-07-18 18:27:10,736: process[jaco_arm_trajectory_node-1]: SIGTERM killed with return value -15
[roslaunch.pmon][INFO] 2016-07-18 18:27:10,737: ProcessMonitor exit: cleaning up data structures and signals
[roslaunch.pmon][INFO] 2016-07-18 18:27:10,738: ProcessMonitor exit: pmon has shutdown
[roslaunch][INFO] 2016-07-18 18:27:10,784: process monitor is done spinning, initiating full shutdown
[roslaunch][INFO] 2016-07-18 18:27:10,785: runner.stop()
[roslaunch][INFO] 2016-07-18 18:27:10,786: shutting down processing monitor...
[roslaunch][INFO] 2016-07-18 18:27:10,791: shutting down processing monitor <ProcessMonitor(ProcessMonitor-1, stopped daemon 140629917075200)>
[roslaunch.pmon][INFO] 2016-07-18 18:27:10,791: ProcessMonitor.shutdown <ProcessMonitor(ProcessMonitor-1, stopped daemon 140629917075200)>
[roslaunch][INFO] 2016-07-18 18:27:10,792: ... shutting down processing monitor complete
[roslaunch][INFO] 2016-07-18 18:27:10,792: done
[roslaunch.pmon][INFO] 2016-07-18 18:27:10,793: ProcessMonitor.shutdown <ProcessMonitor(ProcessMonitor-1, stopped daemon 140629917075200)>
[rospy.core][INFO] 2016-07-18 18:27:10,794: signal_shutdown [atexit]
