[roslaunch][INFO] 2016-07-18 17:57:51,215: Checking log directory for disk usage. This may take awhile.
Press Ctrl-C to interrupt
[roslaunch][INFO] 2016-07-18 17:57:51,324: Done checking log file disk usage. Usage is <1GB.
[roslaunch][INFO] 2016-07-18 17:57:51,325: roslaunch starting with args ['/opt/ros/indigo/bin/roslaunch', 'rosbridge_server', 'rosbridge_websocket.launch']
[roslaunch][INFO] 2016-07-18 17:57:51,326: roslaunch env is {'ROS_DISTRO': 'indigo', 'SSH_CLIENT': '10.0.2.2 51830 22', 'CPATH': '/opt/ros/indigo/include', 'LOGNAME': 'vagrant', 'USER': 'vagrant', 'PATH': '/opt/ros/indigo/bin:/usr/local/sbin:/usr/local/bin:/usr/sbin:/usr/bin:/sbin:/bin:/usr/games:/usr/local/games', 'HOME': '/home/vagrant', 'CMAKE_PREFIX_PATH': '/opt/ros/indigo', 'LD_LIBRARY_PATH': '/opt/ros/indigo/lib/x86_64-linux-gnu:/opt/ros/indigo/lib', 'LANG': 'en_US.UTF-8', 'TERM': 'screen', 'SHELL': '/bin/bash', 'SHLVL': '2', 'QT_QPA_PLATFORMTHEME': 'appmenu-qt5', 'ROS_LOG_FILENAME': '/home/vagrant/.ros/log/537e11d8-4940-11e6-a3ed-080027a2ea64/roslaunch-ros-indigo-desktop-trusty64-8794.log', 'ROS_ETC_DIR': '/opt/ros/indigo/etc/ros', 'XDG_RUNTIME_DIR': '/run/user/1000', 'PYTHONPATH': '/opt/ros/indigo/lib/python2.7/dist-packages', 'TMUX': '/tmp/tmux-1000/default,8758,0', 'ROS_ROOT': '/opt/ros/indigo/share/ros', 'PKG_CONFIG_PATH': '/opt/ros/indigo/lib/x86_64-linux-gnu/pkgconfig:/opt/ros/indigo/lib/pkgconfig', 'ROS_PACKAGE_PATH': '/opt/ros/indigo/share:/opt/ros/indigo/stacks', 'XDG_SESSION_ID': '5', '_': '/opt/ros/indigo/bin/roslaunch', 'SSH_TTY': '/dev/pts/0', 'ROSLISP_PACKAGE_DIRECTORIES': '', 'PWD': '/home/vagrant', 'ROS_MASTER_URI': 'http://localhost:11311', 'MAIL': '/var/mail/vagrant', 'SSH_CONNECTION': '10.0.2.2 51830 10.0.2.15 22', 'TMUX_PANE': '%0'}
[roslaunch][INFO] 2016-07-18 17:57:51,327: starting in server mode
[roslaunch.parent][INFO] 2016-07-18 17:57:51,328: starting roslaunch parent run
[roslaunch][INFO] 2016-07-18 17:57:51,329: loading roscore config file /opt/ros/indigo/etc/ros/roscore.xml
[roslaunch][INFO] 2016-07-18 17:57:51,567: Added core node of type [rosout/rosout] in namespace [/]
[roslaunch.config][INFO] 2016-07-18 17:57:51,568: loading config file /opt/ros/indigo/share/rosbridge_server/launch/rosbridge_websocket.launch
[roslaunch][INFO] 2016-07-18 17:57:51,577: Added node of type [rosbridge_server/rosbridge_websocket] in namespace [/]
[roslaunch][INFO] 2016-07-18 17:57:51,579: Added node of type [rosapi/rosapi_node] in namespace [/]
[roslaunch][INFO] 2016-07-18 17:57:51,580: ... selected machine [] for node of type [rosbridge_server/rosbridge_websocket]
[roslaunch][INFO] 2016-07-18 17:57:51,581: ... selected machine [] for node of type [rosapi/rosapi_node]
[roslaunch.pmon][INFO] 2016-07-18 17:57:51,588: start_process_monitor: creating ProcessMonitor
[roslaunch.pmon][INFO] 2016-07-18 17:57:51,589: created process monitor <ProcessMonitor(ProcessMonitor-1, initial daemon)>
[roslaunch.pmon][INFO] 2016-07-18 17:57:51,593: start_process_monitor: ProcessMonitor started
[roslaunch.parent][INFO] 2016-07-18 17:57:51,596: starting parent XML-RPC server
[roslaunch.server][INFO] 2016-07-18 17:57:51,597: starting roslaunch XML-RPC server
[roslaunch.server][INFO] 2016-07-18 17:57:51,598: waiting for roslaunch XML-RPC server to initialize
[xmlrpc][INFO] 2016-07-18 17:57:51,599: XML-RPC server binding to 0.0.0.0:0
[xmlrpc][INFO] 2016-07-18 17:57:51,601: Started XML-RPC server [http://ros-indigo-desktop-trusty64:42247/]
[xmlrpc][INFO] 2016-07-18 17:57:51,604: xml rpc node: starting XML-RPC server
[roslaunch][INFO] 2016-07-18 17:57:51,613: started roslaunch server http://ros-indigo-desktop-trusty64:42247/
[roslaunch.parent][INFO] 2016-07-18 17:57:51,615: ... parent XML-RPC server started
[roslaunch][INFO] 2016-07-18 17:57:51,629: master.is_running[http://localhost:11311]
[roslaunch][INFO] 2016-07-18 17:57:51,635: master.is_running[http://localhost:11311]
[roslaunch][INFO] 2016-07-18 17:57:51,640: ROS_MASTER_URI=http://localhost:11311
[roslaunch][INFO] 2016-07-18 17:57:51,659: setting /roslaunch/uris/host_ros_indigo_desktop_trusty64__42247' to http://ros-indigo-desktop-trusty64:42247/
[roslaunch][INFO] 2016-07-18 17:57:51,679: load_parameters starting ...
[roslaunch][INFO] 2016-07-18 17:57:51,707: ... load_parameters complete
[roslaunch][INFO] 2016-07-18 17:57:51,709: launch_nodes: launching local nodes ...
[roslaunch][INFO] 2016-07-18 17:57:51,711: ... preparing to launch node of type [rosbridge_server/rosbridge_websocket]
[roslaunch][INFO] 2016-07-18 17:57:51,711: create_node_process: package[rosbridge_server] type[rosbridge_websocket] machine[Machine(name[] env_loader[None] address[localhost] ssh_port[22] user[None] assignable[True] timeout[10.0])] master_uri[http://localhost:11311]
[roslaunch][INFO] 2016-07-18 17:57:51,713: process[rosbridge_websocket-1]: env[{'ROS_DISTRO': 'indigo', 'SSH_CLIENT': '10.0.2.2 51830 22', 'CPATH': '/opt/ros/indigo/include', 'LOGNAME': 'vagrant', 'USER': 'vagrant', 'PATH': '/opt/ros/indigo/bin:/usr/local/sbin:/usr/local/bin:/usr/sbin:/usr/bin:/sbin:/bin:/usr/games:/usr/local/games', 'HOME': '/home/vagrant', 'CMAKE_PREFIX_PATH': '/opt/ros/indigo', 'ROS_LOG_FILENAME': '/home/vagrant/.ros/log/537e11d8-4940-11e6-a3ed-080027a2ea64/roslaunch-ros-indigo-desktop-trusty64-8794.log', 'LANG': 'en_US.UTF-8', 'TERM': 'screen', 'SHELL': '/bin/bash', 'SHLVL': '2', 'QT_QPA_PLATFORMTHEME': 'appmenu-qt5', 'LD_LIBRARY_PATH': '/opt/ros/indigo/lib/x86_64-linux-gnu:/opt/ros/indigo/lib', 'ROS_MASTER_URI': 'http://localhost:11311', 'XDG_RUNTIME_DIR': '/run/user/1000', 'PYTHONPATH': '/opt/ros/indigo/lib/python2.7/dist-packages', 'TMUX': '/tmp/tmux-1000/default,8758,0', 'ROS_ROOT': '/opt/ros/indigo/share/ros', 'PKG_CONFIG_PATH': '/opt/ros/indigo/lib/x86_64-linux-gnu/pkgconfig:/opt/ros/indigo/lib/pkgconfig', 'ROS_PACKAGE_PATH': '/opt/ros/indigo/share:/opt/ros/indigo/stacks', 'XDG_SESSION_ID': '5', '_': '/opt/ros/indigo/bin/roslaunch', 'SSH_TTY': '/dev/pts/0', 'ROSLISP_PACKAGE_DIRECTORIES': '', 'PWD': '/home/vagrant', 'ROS_ETC_DIR': '/opt/ros/indigo/etc/ros', 'MAIL': '/var/mail/vagrant', 'SSH_CONNECTION': '10.0.2.2 51830 10.0.2.15 22', 'TMUX_PANE': '%0'}]
[roslaunch][INFO] 2016-07-18 17:57:51,862: process[rosbridge_websocket-1]: args[[u'/opt/ros/indigo/lib/rosbridge_server/rosbridge_websocket', u'__name:=rosbridge_websocket']]
[roslaunch][INFO] 2016-07-18 17:57:51,864: ... created process [rosbridge_websocket-1]
[roslaunch.pmon][INFO] 2016-07-18 17:57:51,865: ProcessMonitor.register[rosbridge_websocket-1]
[roslaunch.pmon][INFO] 2016-07-18 17:57:51,866: ProcessMonitor.register[rosbridge_websocket-1] complete
[roslaunch][INFO] 2016-07-18 17:57:51,867: ... registered process [rosbridge_websocket-1]
[roslaunch][INFO] 2016-07-18 17:57:51,868: process[rosbridge_websocket-1]: starting os process
[roslaunch][INFO] 2016-07-18 17:57:51,871: process[rosbridge_websocket-1]: start w/ args [[u'/opt/ros/indigo/lib/rosbridge_server/rosbridge_websocket', u'__name:=rosbridge_websocket', u'__log:=/home/vagrant/.ros/log/537e11d8-4940-11e6-a3ed-080027a2ea64/rosbridge_websocket-1.log']]
[roslaunch][INFO] 2016-07-18 17:57:51,872: process[rosbridge_websocket-1]: cwd will be [/home/vagrant/.ros]
[roslaunch][INFO] 2016-07-18 17:57:51,883: process[rosbridge_websocket-1]: started with pid [8812]
[roslaunch][INFO] 2016-07-18 17:57:51,885: ... successfully launched [rosbridge_websocket-1]
[roslaunch][INFO] 2016-07-18 17:57:51,887: ... preparing to launch node of type [rosapi/rosapi_node]
[roslaunch][INFO] 2016-07-18 17:57:51,889: create_node_process: package[rosapi] type[rosapi_node] machine[Machine(name[] env_loader[None] address[localhost] ssh_port[22] user[None] assignable[True] timeout[10.0])] master_uri[http://localhost:11311]
[roslaunch][INFO] 2016-07-18 17:57:51,890: process[rosapi-2]: env[{'ROS_DISTRO': 'indigo', 'SSH_CLIENT': '10.0.2.2 51830 22', 'CPATH': '/opt/ros/indigo/include', 'LOGNAME': 'vagrant', 'USER': 'vagrant', 'PATH': '/opt/ros/indigo/bin:/usr/local/sbin:/usr/local/bin:/usr/sbin:/usr/bin:/sbin:/bin:/usr/games:/usr/local/games', 'HOME': '/home/vagrant', 'CMAKE_PREFIX_PATH': '/opt/ros/indigo', 'ROS_LOG_FILENAME': '/home/vagrant/.ros/log/537e11d8-4940-11e6-a3ed-080027a2ea64/roslaunch-ros-indigo-desktop-trusty64-8794.log', 'LANG': 'en_US.UTF-8', 'TERM': 'screen', 'SHELL': '/bin/bash', 'SHLVL': '2', 'QT_QPA_PLATFORMTHEME': 'appmenu-qt5', 'LD_LIBRARY_PATH': '/opt/ros/indigo/lib/x86_64-linux-gnu:/opt/ros/indigo/lib', 'ROS_MASTER_URI': 'http://localhost:11311', 'XDG_RUNTIME_DIR': '/run/user/1000', 'PYTHONPATH': '/opt/ros/indigo/lib/python2.7/dist-packages', 'TMUX': '/tmp/tmux-1000/default,8758,0', 'ROS_ROOT': '/opt/ros/indigo/share/ros', 'PKG_CONFIG_PATH': '/opt/ros/indigo/lib/x86_64-linux-gnu/pkgconfig:/opt/ros/indigo/lib/pkgconfig', 'ROS_PACKAGE_PATH': '/opt/ros/indigo/share:/opt/ros/indigo/stacks', 'XDG_SESSION_ID': '5', '_': '/opt/ros/indigo/bin/roslaunch', 'SSH_TTY': '/dev/pts/0', 'ROSLISP_PACKAGE_DIRECTORIES': '', 'PWD': '/home/vagrant', 'ROS_ETC_DIR': '/opt/ros/indigo/etc/ros', 'MAIL': '/var/mail/vagrant', 'SSH_CONNECTION': '10.0.2.2 51830 10.0.2.15 22', 'TMUX_PANE': '%0'}]
[roslaunch][INFO] 2016-07-18 17:57:52,029: process[rosapi-2]: args[[u'/opt/ros/indigo/lib/rosapi/rosapi_node', u'__name:=rosapi']]
[roslaunch][INFO] 2016-07-18 17:57:52,030: ... created process [rosapi-2]
[roslaunch.pmon][INFO] 2016-07-18 17:57:52,031: ProcessMonitor.register[rosapi-2]
[roslaunch.pmon][INFO] 2016-07-18 17:57:52,031: ProcessMonitor.register[rosapi-2] complete
[roslaunch][INFO] 2016-07-18 17:57:52,035: ... registered process [rosapi-2]
[roslaunch][INFO] 2016-07-18 17:57:52,037: process[rosapi-2]: starting os process
[roslaunch][INFO] 2016-07-18 17:57:52,066: process[rosapi-2]: start w/ args [[u'/opt/ros/indigo/lib/rosapi/rosapi_node', u'__name:=rosapi', u'__log:=/home/vagrant/.ros/log/537e11d8-4940-11e6-a3ed-080027a2ea64/rosapi-2.log']]
[roslaunch][INFO] 2016-07-18 17:57:52,067: process[rosapi-2]: cwd will be [/home/vagrant/.ros]
[roslaunch][INFO] 2016-07-18 17:57:52,074: process[rosapi-2]: started with pid [8817]
[roslaunch][INFO] 2016-07-18 17:57:52,075: ... successfully launched [rosapi-2]
[roslaunch][INFO] 2016-07-18 17:57:52,076: ... launch_nodes complete
[roslaunch.pmon][INFO] 2016-07-18 17:57:52,077: registrations completed <ProcessMonitor(ProcessMonitor-1, started daemon 140118112478976)>
[roslaunch.parent][INFO] 2016-07-18 17:57:52,080: ... roslaunch parent running, waiting for process exit
[roslaunch][INFO] 2016-07-18 17:57:52,081: spin
[roslaunch.pmon][INFO] 2016-07-18 18:13:33,358: ProcessMonitor.shutdown <ProcessMonitor(ProcessMonitor-1, started daemon 140118112478976)>
[roslaunch.pmon][INFO] 2016-07-18 18:13:33,379: ProcessMonitor._post_run <ProcessMonitor(ProcessMonitor-1, started daemon 140118112478976)>
[roslaunch.pmon][INFO] 2016-07-18 18:13:33,387: ProcessMonitor._post_run <ProcessMonitor(ProcessMonitor-1, started daemon 140118112478976)>: remaining procs are [<roslaunch.nodeprocess.LocalProcess object at 0x7f6fca7a6f50>, <roslaunch.nodeprocess.LocalProcess object at 0x7f6fca7a6ed0>]
[roslaunch.pmon][INFO] 2016-07-18 18:13:33,390: ProcessMonitor exit: killing rosapi-2
[roslaunch][INFO] 2016-07-18 18:13:33,392: [rosapi-2] killing on exit
[roslaunch][INFO] 2016-07-18 18:13:33,411: process[rosapi-2]: killing os process with pid[8817] pgid[8817]
[roslaunch][INFO] 2016-07-18 18:13:33,428: [rosapi-2] sending SIGINT to pgid [8817]
[roslaunch.pmon][INFO] 2016-07-18 18:13:33,411: ProcessMonitor exit: killing rosbridge_websocket-1
[roslaunch][INFO] 2016-07-18 18:13:33,437: [rosbridge_websocket-1] killing on exit
[roslaunch][INFO] 2016-07-18 18:13:33,438: process[rosbridge_websocket-1]: killing os process with pid[8812] pgid[8812]
[roslaunch][INFO] 2016-07-18 18:13:33,440: [rosbridge_websocket-1] sending SIGINT to pgid [8812]
[roslaunch][INFO] 2016-07-18 18:13:33,433: [rosapi-2] sent SIGINT to pgid [8817]
[roslaunch][INFO] 2016-07-18 18:13:33,448: [rosbridge_websocket-1] sent SIGINT to pgid [8812]
[roslaunch][INFO] 2016-07-18 18:13:34,258: process[rosapi-2]: SIGINT killed with return value 0
[roslaunch][INFO] 2016-07-18 18:13:34,358: process[rosbridge_websocket-1]: SIGINT killed with return value 0
[roslaunch.pmon][INFO] 2016-07-18 18:13:34,359: ProcessMonitor exit: cleaning up data structures and signals
[roslaunch.pmon][INFO] 2016-07-18 18:13:34,360: ProcessMonitor exit: pmon has shutdown
[roslaunch][INFO] 2016-07-18 18:13:34,406: process monitor is done spinning, initiating full shutdown
[roslaunch][INFO] 2016-07-18 18:13:34,412: runner.stop()
[roslaunch][INFO] 2016-07-18 18:13:34,413: shutting down processing monitor...
[roslaunch][INFO] 2016-07-18 18:13:34,414: shutting down processing monitor <ProcessMonitor(ProcessMonitor-1, stopped daemon 140118112478976)>
[roslaunch.pmon][INFO] 2016-07-18 18:13:34,416: ProcessMonitor.shutdown <ProcessMonitor(ProcessMonitor-1, stopped daemon 140118112478976)>
[roslaunch][INFO] 2016-07-18 18:13:34,422: ... shutting down processing monitor complete
[roslaunch][INFO] 2016-07-18 18:13:34,424: done
[roslaunch.pmon][INFO] 2016-07-18 18:13:34,426: ProcessMonitor.shutdown <ProcessMonitor(ProcessMonitor-1, stopped daemon 140118112478976)>
[rospy.core][INFO] 2016-07-18 18:13:34,428: signal_shutdown [atexit]
