[roslaunch][INFO] 2016-07-06 14:31:45,980: Checking log directory for disk usage. This may take awhile.
Press Ctrl-C to interrupt
[roslaunch][INFO] 2016-07-06 14:31:46,004: Done checking log file disk usage. Usage is <1GB.
[roslaunch][INFO] 2016-07-06 14:31:46,005: roslaunch starting with args ['/opt/ros/indigo/bin/roslaunch', 'rosbridge_server', 'rosbridge_websocket.launch']
[roslaunch][INFO] 2016-07-06 14:31:46,006: roslaunch env is {'ROS_DISTRO': 'indigo', 'SSH_CLIENT': '10.0.2.2 60154 22', 'CPATH': '/opt/ros/indigo/include', 'LOGNAME': 'vagrant', 'USER': 'vagrant', 'PATH': '/opt/ros/indigo/bin:/usr/local/sbin:/usr/local/bin:/usr/sbin:/usr/bin:/sbin:/bin:/usr/games:/usr/local/games', 'HOME': '/home/vagrant', 'CMAKE_PREFIX_PATH': '/opt/ros/indigo', 'LD_LIBRARY_PATH': '/opt/ros/indigo/lib:/opt/ros/indigo/lib/x86_64-linux-gnu', 'LANG': 'en_US.UTF-8', 'TERM': 'xterm-256color', 'SHELL': '/bin/bash', 'SHLVL': '1', 'QT_QPA_PLATFORMTHEME': 'appmenu-qt5', 'ROS_LOG_FILENAME': '/home/vagrant/.ros/log/5dc6e7a6-4386-11e6-9fc3-080027a2ea64/roslaunch-ros-indigo-desktop-trusty64-5497.log', 'ROS_ETC_DIR': '/opt/ros/indigo/etc/ros', 'XDG_RUNTIME_DIR': '/run/user/1000', 'PYTHONPATH': '/opt/ros/indigo/lib/python2.7/dist-packages', 'ROS_ROOT': '/opt/ros/indigo/share/ros', 'PKG_CONFIG_PATH': '/opt/ros/indigo/lib/pkgconfig:/opt/ros/indigo/lib/x86_64-linux-gnu/pkgconfig', 'ROS_PACKAGE_PATH': '/opt/ros/indigo/share:/opt/ros/indigo/stacks', 'XDG_SESSION_ID': '3', '_': '/opt/ros/indigo/bin/roslaunch', 'SSH_TTY': '/dev/pts/3', 'ROSLISP_PACKAGE_DIRECTORIES': '', 'PWD': '/home/vagrant', 'ROS_MASTER_URI': 'http://localhost:11311', 'MAIL': '/var/mail/vagrant', 'SSH_CONNECTION': '10.0.2.2 60154 10.0.2.15 22'}
[roslaunch][INFO] 2016-07-06 14:31:46,007: starting in server mode
[roslaunch.parent][INFO] 2016-07-06 14:31:46,007: starting roslaunch parent run
[roslaunch][INFO] 2016-07-06 14:31:46,008: loading roscore config file /opt/ros/indigo/etc/ros/roscore.xml
[roslaunch][INFO] 2016-07-06 14:31:46,137: Added core node of type [rosout/rosout] in namespace [/]
[roslaunch.config][INFO] 2016-07-06 14:31:46,138: loading config file /opt/ros/indigo/share/rosbridge_server/launch/rosbridge_websocket.launch
[roslaunch][INFO] 2016-07-06 14:31:46,149: Added node of type [rosbridge_server/rosbridge_websocket] in namespace [/]
[roslaunch][INFO] 2016-07-06 14:31:46,151: Added node of type [rosapi/rosapi_node] in namespace [/]
[roslaunch][INFO] 2016-07-06 14:31:46,152: ... selected machine [] for node of type [rosbridge_server/rosbridge_websocket]
[roslaunch][INFO] 2016-07-06 14:31:46,153: ... selected machine [] for node of type [rosapi/rosapi_node]
[roslaunch.pmon][INFO] 2016-07-06 14:31:46,157: start_process_monitor: creating ProcessMonitor
[roslaunch.pmon][INFO] 2016-07-06 14:31:46,160: created process monitor <ProcessMonitor(ProcessMonitor-1, initial daemon)>
[roslaunch.pmon][INFO] 2016-07-06 14:31:46,162: start_process_monitor: ProcessMonitor started
[roslaunch.parent][INFO] 2016-07-06 14:31:46,163: starting parent XML-RPC server
[roslaunch.server][INFO] 2016-07-06 14:31:46,164: starting roslaunch XML-RPC server
[roslaunch.server][INFO] 2016-07-06 14:31:46,165: waiting for roslaunch XML-RPC server to initialize
[xmlrpc][INFO] 2016-07-06 14:31:46,165: XML-RPC server binding to 0.0.0.0:0
[xmlrpc][INFO] 2016-07-06 14:31:46,167: Started XML-RPC server [http://ros-indigo-desktop-trusty64:42152/]
[xmlrpc][INFO] 2016-07-06 14:31:46,168: xml rpc node: starting XML-RPC server
[roslaunch][INFO] 2016-07-06 14:31:46,185: started roslaunch server http://ros-indigo-desktop-trusty64:42152/
[roslaunch.parent][INFO] 2016-07-06 14:31:46,186: ... parent XML-RPC server started
[roslaunch][INFO] 2016-07-06 14:31:46,190: master.is_running[http://localhost:11311]
[roslaunch][INFO] 2016-07-06 14:31:46,191: auto-starting new master
[roslaunch][INFO] 2016-07-06 14:31:46,191: create_master_process: rosmaster, /opt/ros/indigo/share/ros, 11311
[roslaunch][INFO] 2016-07-06 14:31:46,192: process[master]: launching with args [['rosmaster', '--core', '-p', '11311']]
[roslaunch.pmon][INFO] 2016-07-06 14:31:46,193: ProcessMonitor.register[master]
[roslaunch.pmon][INFO] 2016-07-06 14:31:46,193: ProcessMonitor.register[master] complete
[roslaunch][INFO] 2016-07-06 14:31:46,194: process[master]: starting os process
[roslaunch][INFO] 2016-07-06 14:31:46,195: process[master]: start w/ args [['rosmaster', '--core', '-p', '11311', '__log:=/home/vagrant/.ros/log/5dc6e7a6-4386-11e6-9fc3-080027a2ea64/master.log']]
[roslaunch][INFO] 2016-07-06 14:31:46,195: process[master]: cwd will be [/home/vagrant/.ros]
[roslaunch][INFO] 2016-07-06 14:31:46,199: process[master]: started with pid [5509]
[roslaunch][INFO] 2016-07-06 14:31:46,199: master.is_running[http://localhost:11311]
[roslaunch][INFO] 2016-07-06 14:31:46,301: master.is_running[http://localhost:11311]
[roslaunch][INFO] 2016-07-06 14:31:46,404: master.is_running[http://localhost:11311]
[roslaunch][INFO] 2016-07-06 14:31:46,407: master.is_running[http://localhost:11311]
[roslaunch][INFO] 2016-07-06 14:31:46,410: ROS_MASTER_URI=http://localhost:11311
[roslaunch][INFO] 2016-07-06 14:31:46,412: setting /run_id to 5dc6e7a6-4386-11e6-9fc3-080027a2ea64
[roslaunch][INFO] 2016-07-06 14:31:46,417: setting /roslaunch/uris/host_ros_indigo_desktop_trusty64__42152' to http://ros-indigo-desktop-trusty64:42152/
[roslaunch][INFO] 2016-07-06 14:31:46,423: ... preparing to launch node of type [rosout/rosout]
[roslaunch][INFO] 2016-07-06 14:31:46,424: create_node_process: package[rosout] type[rosout] machine[Machine(name[] env_loader[None] address[localhost] ssh_port[22] user[None] assignable[True] timeout[10.0])] master_uri[http://localhost:11311]
[roslaunch][INFO] 2016-07-06 14:31:46,424: process[rosout-1]: env[{'ROS_DISTRO': 'indigo', 'SSH_CLIENT': '10.0.2.2 60154 22', 'CPATH': '/opt/ros/indigo/include', 'LOGNAME': 'vagrant', 'USER': 'vagrant', 'PATH': '/opt/ros/indigo/bin:/usr/local/sbin:/usr/local/bin:/usr/sbin:/usr/bin:/sbin:/bin:/usr/games:/usr/local/games', 'HOME': '/home/vagrant', 'CMAKE_PREFIX_PATH': '/opt/ros/indigo', 'ROS_LOG_FILENAME': '/home/vagrant/.ros/log/5dc6e7a6-4386-11e6-9fc3-080027a2ea64/roslaunch-ros-indigo-desktop-trusty64-5497.log', 'LANG': 'en_US.UTF-8', 'TERM': 'xterm-256color', 'SHELL': '/bin/bash', 'SHLVL': '1', 'QT_QPA_PLATFORMTHEME': 'appmenu-qt5', 'LD_LIBRARY_PATH': '/opt/ros/indigo/lib:/opt/ros/indigo/lib/x86_64-linux-gnu', 'ROS_MASTER_URI': 'http://localhost:11311', 'XDG_RUNTIME_DIR': '/run/user/1000', 'PYTHONPATH': '/opt/ros/indigo/lib/python2.7/dist-packages', 'ROS_ROOT': '/opt/ros/indigo/share/ros', 'PKG_CONFIG_PATH': '/opt/ros/indigo/lib/pkgconfig:/opt/ros/indigo/lib/x86_64-linux-gnu/pkgconfig', 'ROS_PACKAGE_PATH': '/opt/ros/indigo/share:/opt/ros/indigo/stacks', 'XDG_SESSION_ID': '3', '_': '/opt/ros/indigo/bin/roslaunch', 'SSH_TTY': '/dev/pts/3', 'ROSLISP_PACKAGE_DIRECTORIES': '', 'PWD': '/home/vagrant', 'ROS_ETC_DIR': '/opt/ros/indigo/etc/ros', 'MAIL': '/var/mail/vagrant', 'SSH_CONNECTION': '10.0.2.2 60154 10.0.2.15 22'}]
[roslaunch][INFO] 2016-07-06 14:31:46,459: process[rosout-1]: args[[u'/opt/ros/indigo/lib/rosout/rosout', u'__name:=rosout']]
[roslaunch][INFO] 2016-07-06 14:31:46,460: ... created process [rosout-1]
[roslaunch.pmon][INFO] 2016-07-06 14:31:46,460: ProcessMonitor.register[rosout-1]
[roslaunch.pmon][INFO] 2016-07-06 14:31:46,460: ProcessMonitor.register[rosout-1] complete
[roslaunch][INFO] 2016-07-06 14:31:46,461: ... registered process [rosout-1]
[roslaunch][INFO] 2016-07-06 14:31:46,462: process[rosout-1]: starting os process
[roslaunch][INFO] 2016-07-06 14:31:46,467: process[rosout-1]: start w/ args [[u'/opt/ros/indigo/lib/rosout/rosout', u'__name:=rosout', u'__log:=/home/vagrant/.ros/log/5dc6e7a6-4386-11e6-9fc3-080027a2ea64/rosout-1.log']]
[roslaunch][INFO] 2016-07-06 14:31:46,468: process[rosout-1]: cwd will be [/home/vagrant/.ros]
[roslaunch][INFO] 2016-07-06 14:31:46,473: process[rosout-1]: started with pid [5522]
[roslaunch][INFO] 2016-07-06 14:31:46,474: ... successfully launched [rosout-1]
[roslaunch][INFO] 2016-07-06 14:31:46,476: load_parameters starting ...
[roslaunch][INFO] 2016-07-06 14:31:46,492: ... load_parameters complete
[roslaunch][INFO] 2016-07-06 14:31:46,492: launch_nodes: launching local nodes ...
[roslaunch][INFO] 2016-07-06 14:31:46,493: ... preparing to launch node of type [rosbridge_server/rosbridge_websocket]
[roslaunch][INFO] 2016-07-06 14:31:46,493: create_node_process: package[rosbridge_server] type[rosbridge_websocket] machine[Machine(name[] env_loader[None] address[localhost] ssh_port[22] user[None] assignable[True] timeout[10.0])] master_uri[http://localhost:11311]
[roslaunch][INFO] 2016-07-06 14:31:46,494: process[rosbridge_websocket-2]: env[{'ROS_DISTRO': 'indigo', 'SSH_CLIENT': '10.0.2.2 60154 22', 'CPATH': '/opt/ros/indigo/include', 'LOGNAME': 'vagrant', 'USER': 'vagrant', 'PATH': '/opt/ros/indigo/bin:/usr/local/sbin:/usr/local/bin:/usr/sbin:/usr/bin:/sbin:/bin:/usr/games:/usr/local/games', 'HOME': '/home/vagrant', 'CMAKE_PREFIX_PATH': '/opt/ros/indigo', 'ROS_LOG_FILENAME': '/home/vagrant/.ros/log/5dc6e7a6-4386-11e6-9fc3-080027a2ea64/roslaunch-ros-indigo-desktop-trusty64-5497.log', 'LANG': 'en_US.UTF-8', 'TERM': 'xterm-256color', 'SHELL': '/bin/bash', 'SHLVL': '1', 'QT_QPA_PLATFORMTHEME': 'appmenu-qt5', 'LD_LIBRARY_PATH': '/opt/ros/indigo/lib:/opt/ros/indigo/lib/x86_64-linux-gnu', 'ROS_MASTER_URI': 'http://localhost:11311', 'XDG_RUNTIME_DIR': '/run/user/1000', 'PYTHONPATH': '/opt/ros/indigo/lib/python2.7/dist-packages', 'ROS_ROOT': '/opt/ros/indigo/share/ros', 'PKG_CONFIG_PATH': '/opt/ros/indigo/lib/pkgconfig:/opt/ros/indigo/lib/x86_64-linux-gnu/pkgconfig', 'ROS_PACKAGE_PATH': '/opt/ros/indigo/share:/opt/ros/indigo/stacks', 'XDG_SESSION_ID': '3', '_': '/opt/ros/indigo/bin/roslaunch', 'SSH_TTY': '/dev/pts/3', 'ROSLISP_PACKAGE_DIRECTORIES': '', 'PWD': '/home/vagrant', 'ROS_ETC_DIR': '/opt/ros/indigo/etc/ros', 'MAIL': '/var/mail/vagrant', 'SSH_CONNECTION': '10.0.2.2 60154 10.0.2.15 22'}]
[roslaunch][INFO] 2016-07-06 14:31:46,534: process[rosbridge_websocket-2]: args[[u'/opt/ros/indigo/lib/rosbridge_server/rosbridge_websocket', u'__name:=rosbridge_websocket']]
[roslaunch][INFO] 2016-07-06 14:31:46,535: ... created process [rosbridge_websocket-2]
[roslaunch.pmon][INFO] 2016-07-06 14:31:46,535: ProcessMonitor.register[rosbridge_websocket-2]
[roslaunch.pmon][INFO] 2016-07-06 14:31:46,536: ProcessMonitor.register[rosbridge_websocket-2] complete
[roslaunch][INFO] 2016-07-06 14:31:46,536: ... registered process [rosbridge_websocket-2]
[roslaunch][INFO] 2016-07-06 14:31:46,537: process[rosbridge_websocket-2]: starting os process
[roslaunch][INFO] 2016-07-06 14:31:46,538: process[rosbridge_websocket-2]: start w/ args [[u'/opt/ros/indigo/lib/rosbridge_server/rosbridge_websocket', u'__name:=rosbridge_websocket', u'__log:=/home/vagrant/.ros/log/5dc6e7a6-4386-11e6-9fc3-080027a2ea64/rosbridge_websocket-2.log']]
[roslaunch][INFO] 2016-07-06 14:31:46,538: process[rosbridge_websocket-2]: cwd will be [/home/vagrant/.ros]
[roslaunch][INFO] 2016-07-06 14:31:46,542: process[rosbridge_websocket-2]: started with pid [5539]
[roslaunch][INFO] 2016-07-06 14:31:46,544: ... successfully launched [rosbridge_websocket-2]
[roslaunch][INFO] 2016-07-06 14:31:46,545: ... preparing to launch node of type [rosapi/rosapi_node]
[roslaunch][INFO] 2016-07-06 14:31:46,545: create_node_process: package[rosapi] type[rosapi_node] machine[Machine(name[] env_loader[None] address[localhost] ssh_port[22] user[None] assignable[True] timeout[10.0])] master_uri[http://localhost:11311]
[roslaunch][INFO] 2016-07-06 14:31:46,546: process[rosapi-3]: env[{'ROS_DISTRO': 'indigo', 'SSH_CLIENT': '10.0.2.2 60154 22', 'CPATH': '/opt/ros/indigo/include', 'LOGNAME': 'vagrant', 'USER': 'vagrant', 'PATH': '/opt/ros/indigo/bin:/usr/local/sbin:/usr/local/bin:/usr/sbin:/usr/bin:/sbin:/bin:/usr/games:/usr/local/games', 'HOME': '/home/vagrant', 'CMAKE_PREFIX_PATH': '/opt/ros/indigo', 'ROS_LOG_FILENAME': '/home/vagrant/.ros/log/5dc6e7a6-4386-11e6-9fc3-080027a2ea64/roslaunch-ros-indigo-desktop-trusty64-5497.log', 'LANG': 'en_US.UTF-8', 'TERM': 'xterm-256color', 'SHELL': '/bin/bash', 'SHLVL': '1', 'QT_QPA_PLATFORMTHEME': 'appmenu-qt5', 'LD_LIBRARY_PATH': '/opt/ros/indigo/lib:/opt/ros/indigo/lib/x86_64-linux-gnu', 'ROS_MASTER_URI': 'http://localhost:11311', 'XDG_RUNTIME_DIR': '/run/user/1000', 'PYTHONPATH': '/opt/ros/indigo/lib/python2.7/dist-packages', 'ROS_ROOT': '/opt/ros/indigo/share/ros', 'PKG_CONFIG_PATH': '/opt/ros/indigo/lib/pkgconfig:/opt/ros/indigo/lib/x86_64-linux-gnu/pkgconfig', 'ROS_PACKAGE_PATH': '/opt/ros/indigo/share:/opt/ros/indigo/stacks', 'XDG_SESSION_ID': '3', '_': '/opt/ros/indigo/bin/roslaunch', 'SSH_TTY': '/dev/pts/3', 'ROSLISP_PACKAGE_DIRECTORIES': '', 'PWD': '/home/vagrant', 'ROS_ETC_DIR': '/opt/ros/indigo/etc/ros', 'MAIL': '/var/mail/vagrant', 'SSH_CONNECTION': '10.0.2.2 60154 10.0.2.15 22'}]
[roslaunch][INFO] 2016-07-06 14:31:46,594: process[rosapi-3]: args[[u'/opt/ros/indigo/lib/rosapi/rosapi_node', u'__name:=rosapi']]
[roslaunch][INFO] 2016-07-06 14:31:46,594: ... created process [rosapi-3]
[roslaunch.pmon][INFO] 2016-07-06 14:31:46,595: ProcessMonitor.register[rosapi-3]
[roslaunch.pmon][INFO] 2016-07-06 14:31:46,596: ProcessMonitor.register[rosapi-3] complete
[roslaunch][INFO] 2016-07-06 14:31:46,596: ... registered process [rosapi-3]
[roslaunch][INFO] 2016-07-06 14:31:46,597: process[rosapi-3]: starting os process
[roslaunch][INFO] 2016-07-06 14:31:46,600: process[rosapi-3]: start w/ args [[u'/opt/ros/indigo/lib/rosapi/rosapi_node', u'__name:=rosapi', u'__log:=/home/vagrant/.ros/log/5dc6e7a6-4386-11e6-9fc3-080027a2ea64/rosapi-3.log']]
[roslaunch][INFO] 2016-07-06 14:31:46,600: process[rosapi-3]: cwd will be [/home/vagrant/.ros]
[roslaunch][INFO] 2016-07-06 14:31:46,606: process[rosapi-3]: started with pid [5540]
[roslaunch][INFO] 2016-07-06 14:31:46,607: ... successfully launched [rosapi-3]
[roslaunch][INFO] 2016-07-06 14:31:46,608: ... launch_nodes complete
[roslaunch.pmon][INFO] 2016-07-06 14:31:46,608: registrations completed <ProcessMonitor(ProcessMonitor-1, started daemon 140310591153920)>
[roslaunch.parent][INFO] 2016-07-06 14:31:46,609: ... roslaunch parent running, waiting for process exit
[roslaunch][INFO] 2016-07-06 14:31:46,609: spin
[roslaunch.pmon][INFO] 2016-07-06 15:29:10,618: ProcessMonitor.shutdown <ProcessMonitor(ProcessMonitor-1, started daemon 140310591153920)>
[roslaunch.pmon][INFO] 2016-07-06 15:29:10,659: ProcessMonitor._post_run <ProcessMonitor(ProcessMonitor-1, started daemon 140310591153920)>
[roslaunch.pmon][INFO] 2016-07-06 15:29:10,660: ProcessMonitor._post_run <ProcessMonitor(ProcessMonitor-1, started daemon 140310591153920)>: remaining procs are [<roslaunch.nodeprocess.LocalProcess object at 0x7f9c9b1293d0>, <roslaunch.nodeprocess.LocalProcess object at 0x7f9c9b129410>, <roslaunch.nodeprocess.LocalProcess object at 0x7f9c9b129f90>, <roslaunch.nodeprocess.LocalProcess object at 0x7f9c9b129890>]
[roslaunch.pmon][INFO] 2016-07-06 15:29:10,664: ProcessMonitor exit: killing rosapi-3
[roslaunch][INFO] 2016-07-06 15:29:10,665: [rosapi-3] killing on exit
[roslaunch][INFO] 2016-07-06 15:29:10,665: process[rosapi-3]: killing os process with pid[5540] pgid[5540]
[roslaunch][INFO] 2016-07-06 15:29:10,666: [rosapi-3] sending SIGINT to pgid [5540]
[roslaunch.pmon][INFO] 2016-07-06 15:29:10,664: ProcessMonitor exit: killing rosbridge_websocket-2
[roslaunch][INFO] 2016-07-06 15:29:10,668: [rosbridge_websocket-2] killing on exit
[roslaunch][INFO] 2016-07-06 15:29:10,667: [rosapi-3] sent SIGINT to pgid [5540]
[roslaunch][INFO] 2016-07-06 15:29:10,670: process[rosbridge_websocket-2]: killing os process with pid[5539] pgid[5539]
[roslaunch][INFO] 2016-07-06 15:29:10,671: [rosbridge_websocket-2] sending SIGINT to pgid [5539]
[roslaunch][INFO] 2016-07-06 15:29:10,671: [rosbridge_websocket-2] sent SIGINT to pgid [5539]
[roslaunch][INFO] 2016-07-06 15:29:11,384: process[rosbridge_websocket-2]: SIGINT killed with return value 0
[roslaunch][INFO] 2016-07-06 15:29:11,384: process[rosapi-3]: SIGINT killed with return value 0
[roslaunch.pmon][INFO] 2016-07-06 15:29:11,386: ProcessMonitor exit: killing rosout-1
[roslaunch][INFO] 2016-07-06 15:29:11,387: [rosout-1] killing on exit
[roslaunch][INFO] 2016-07-06 15:29:11,389: process[rosout-1]: killing os process with pid[5522] pgid[5522]
[roslaunch][INFO] 2016-07-06 15:29:11,390: [rosout-1] sending SIGINT to pgid [5522]
[roslaunch][INFO] 2016-07-06 15:29:11,391: [rosout-1] sent SIGINT to pgid [5522]
[roslaunch][INFO] 2016-07-06 15:29:11,593: process[rosout-1]: SIGINT killed with return value 0
[roslaunch.pmon][INFO] 2016-07-06 15:29:11,594: ProcessMonitor exit: killing master
[roslaunch][INFO] 2016-07-06 15:29:11,595: [master] killing on exit
[roslaunch][INFO] 2016-07-06 15:29:11,597: process[master]: killing os process with pid[5509] pgid[5509]
[roslaunch][INFO] 2016-07-06 15:29:11,598: [master] sending SIGINT to pgid [5509]
[roslaunch][INFO] 2016-07-06 15:29:11,599: [master] sent SIGINT to pgid [5509]
[roslaunch][INFO] 2016-07-06 15:29:11,801: process[master]: SIGINT killed with return value 0
[roslaunch.pmon][INFO] 2016-07-06 15:29:11,802: ProcessMonitor exit: cleaning up data structures and signals
[roslaunch.pmon][INFO] 2016-07-06 15:29:11,803: ProcessMonitor exit: pmon has shutdown
[roslaunch][INFO] 2016-07-06 15:29:11,818: process monitor is done spinning, initiating full shutdown
[roslaunch][INFO] 2016-07-06 15:29:11,819: runner.stop()
[roslaunch][INFO] 2016-07-06 15:29:11,820: shutting down processing monitor...
[roslaunch][INFO] 2016-07-06 15:29:11,821: shutting down processing monitor <ProcessMonitor(ProcessMonitor-1, stopped daemon 140310591153920)>
[roslaunch.pmon][INFO] 2016-07-06 15:29:11,822: ProcessMonitor.shutdown <ProcessMonitor(ProcessMonitor-1, stopped daemon 140310591153920)>
[roslaunch][INFO] 2016-07-06 15:29:11,822: ... shutting down processing monitor complete
[roslaunch][INFO] 2016-07-06 15:29:11,823: done
[roslaunch.pmon][INFO] 2016-07-06 15:29:11,824: ProcessMonitor.shutdown <ProcessMonitor(ProcessMonitor-1, stopped daemon 140310591153920)>
[rospy.core][INFO] 2016-07-06 15:29:11,825: signal_shutdown [atexit]
