[roslaunch][INFO] 2016-07-07 19:25:03,224: Checking log directory for disk usage. This may take awhile.
Press Ctrl-C to interrupt
[roslaunch][INFO] 2016-07-07 19:25:03,265: Done checking log file disk usage. Usage is <1GB.
[roslaunch][INFO] 2016-07-07 19:25:03,265: roslaunch starting with args ['/opt/ros/indigo/bin/roslaunch', 'rosbridge_server', 'rosbridge_websocket.launch']
[roslaunch][INFO] 2016-07-07 19:25:03,266: roslaunch env is {'ROS_DISTRO': 'indigo', 'SSH_CLIENT': '10.0.2.2 56512 22', 'CPATH': '/opt/ros/indigo/include', 'LOGNAME': 'vagrant', 'USER': 'vagrant', 'PATH': '/opt/ros/indigo/bin:/usr/local/sbin:/usr/local/bin:/usr/sbin:/usr/bin:/sbin:/bin:/usr/games:/usr/local/games', 'HOME': '/home/vagrant', 'CMAKE_PREFIX_PATH': '/opt/ros/indigo', 'LD_LIBRARY_PATH': '/opt/ros/indigo/lib:/opt/ros/indigo/lib/x86_64-linux-gnu', 'LANG': 'en_US.UTF-8', 'TERM': 'xterm-256color', 'SHELL': '/bin/bash', 'SHLVL': '1', 'QT_QPA_PLATFORMTHEME': 'appmenu-qt5', 'ROS_LOG_FILENAME': '/home/vagrant/.ros/log/80f528e4-4478-11e6-b79b-080027a2ea64/roslaunch-ros-indigo-desktop-trusty64-3944.log', 'ROS_ETC_DIR': '/opt/ros/indigo/etc/ros', 'XDG_RUNTIME_DIR': '/run/user/1000', 'PYTHONPATH': '/opt/ros/indigo/lib/python2.7/dist-packages', 'ROS_ROOT': '/opt/ros/indigo/share/ros', 'PKG_CONFIG_PATH': '/opt/ros/indigo/lib/pkgconfig:/opt/ros/indigo/lib/x86_64-linux-gnu/pkgconfig', 'ROS_PACKAGE_PATH': '/opt/ros/indigo/share:/opt/ros/indigo/stacks', 'XDG_SESSION_ID': '2', '_': '/opt/ros/indigo/bin/roslaunch', 'SSH_TTY': '/dev/pts/0', 'OLDPWD': '/home/vagrant', 'ROSLISP_PACKAGE_DIRECTORIES': '', 'PWD': '/home/vagrant/therblig-motion-library', 'ROS_MASTER_URI': 'http://localhost:11311', 'MAIL': '/var/mail/vagrant', 'SSH_CONNECTION': '10.0.2.2 56512 10.0.2.15 22'}
[roslaunch][INFO] 2016-07-07 19:25:03,266: starting in server mode
[roslaunch.parent][INFO] 2016-07-07 19:25:03,267: starting roslaunch parent run
[roslaunch][INFO] 2016-07-07 19:25:03,268: loading roscore config file /opt/ros/indigo/etc/ros/roscore.xml
[roslaunch][INFO] 2016-07-07 19:25:03,393: Added core node of type [rosout/rosout] in namespace [/]
[roslaunch.config][INFO] 2016-07-07 19:25:03,394: loading config file /opt/ros/indigo/share/rosbridge_server/launch/rosbridge_websocket.launch
[roslaunch][INFO] 2016-07-07 19:25:03,399: Added node of type [rosbridge_server/rosbridge_websocket] in namespace [/]
[roslaunch][INFO] 2016-07-07 19:25:03,399: Added node of type [rosapi/rosapi_node] in namespace [/]
[roslaunch][INFO] 2016-07-07 19:25:03,400: ... selected machine [] for node of type [rosbridge_server/rosbridge_websocket]
[roslaunch][INFO] 2016-07-07 19:25:03,400: ... selected machine [] for node of type [rosapi/rosapi_node]
[roslaunch.pmon][INFO] 2016-07-07 19:25:03,402: start_process_monitor: creating ProcessMonitor
[roslaunch.pmon][INFO] 2016-07-07 19:25:03,402: created process monitor <ProcessMonitor(ProcessMonitor-1, initial daemon)>
[roslaunch.pmon][INFO] 2016-07-07 19:25:03,403: start_process_monitor: ProcessMonitor started
[roslaunch.parent][INFO] 2016-07-07 19:25:03,403: starting parent XML-RPC server
[roslaunch.server][INFO] 2016-07-07 19:25:03,404: starting roslaunch XML-RPC server
[roslaunch.server][INFO] 2016-07-07 19:25:03,404: waiting for roslaunch XML-RPC server to initialize
[xmlrpc][INFO] 2016-07-07 19:25:03,404: XML-RPC server binding to 0.0.0.0:0
[xmlrpc][INFO] 2016-07-07 19:25:03,406: Started XML-RPC server [http://ros-indigo-desktop-trusty64:57795/]
[xmlrpc][INFO] 2016-07-07 19:25:03,407: xml rpc node: starting XML-RPC server
[roslaunch][INFO] 2016-07-07 19:25:03,420: started roslaunch server http://ros-indigo-desktop-trusty64:57795/
[roslaunch.parent][INFO] 2016-07-07 19:25:03,421: ... parent XML-RPC server started
[roslaunch][INFO] 2016-07-07 19:25:03,424: master.is_running[http://localhost:11311]
[roslaunch][INFO] 2016-07-07 19:25:03,425: auto-starting new master
[roslaunch][INFO] 2016-07-07 19:25:03,426: create_master_process: rosmaster, /opt/ros/indigo/share/ros, 11311
[roslaunch][INFO] 2016-07-07 19:25:03,427: process[master]: launching with args [['rosmaster', '--core', '-p', '11311']]
[roslaunch.pmon][INFO] 2016-07-07 19:25:03,427: ProcessMonitor.register[master]
[roslaunch.pmon][INFO] 2016-07-07 19:25:03,428: ProcessMonitor.register[master] complete
[roslaunch][INFO] 2016-07-07 19:25:03,428: process[master]: starting os process
[roslaunch][INFO] 2016-07-07 19:25:03,429: process[master]: start w/ args [['rosmaster', '--core', '-p', '11311', '__log:=/home/vagrant/.ros/log/80f528e4-4478-11e6-b79b-080027a2ea64/master.log']]
[roslaunch][INFO] 2016-07-07 19:25:03,430: process[master]: cwd will be [/home/vagrant/.ros]
[roslaunch][INFO] 2016-07-07 19:25:03,438: process[master]: started with pid [3956]
[roslaunch][INFO] 2016-07-07 19:25:03,438: master.is_running[http://localhost:11311]
[roslaunch][INFO] 2016-07-07 19:25:03,540: master.is_running[http://localhost:11311]
[roslaunch][INFO] 2016-07-07 19:25:03,641: master.is_running[http://localhost:11311]
[roslaunch][INFO] 2016-07-07 19:25:03,645: master.is_running[http://localhost:11311]
[roslaunch][INFO] 2016-07-07 19:25:03,648: ROS_MASTER_URI=http://localhost:11311
[roslaunch][INFO] 2016-07-07 19:25:03,650: setting /run_id to 80f528e4-4478-11e6-b79b-080027a2ea64
[roslaunch][INFO] 2016-07-07 19:25:03,653: setting /roslaunch/uris/host_ros_indigo_desktop_trusty64__57795' to http://ros-indigo-desktop-trusty64:57795/
[roslaunch][INFO] 2016-07-07 19:25:03,658: ... preparing to launch node of type [rosout/rosout]
[roslaunch][INFO] 2016-07-07 19:25:03,658: create_node_process: package[rosout] type[rosout] machine[Machine(name[] env_loader[None] address[localhost] ssh_port[22] user[None] assignable[True] timeout[10.0])] master_uri[http://localhost:11311]
[roslaunch][INFO] 2016-07-07 19:25:03,659: process[rosout-1]: env[{'ROS_DISTRO': 'indigo', 'SSH_CLIENT': '10.0.2.2 56512 22', 'CPATH': '/opt/ros/indigo/include', 'LOGNAME': 'vagrant', 'USER': 'vagrant', 'PATH': '/opt/ros/indigo/bin:/usr/local/sbin:/usr/local/bin:/usr/sbin:/usr/bin:/sbin:/bin:/usr/games:/usr/local/games', 'HOME': '/home/vagrant', 'CMAKE_PREFIX_PATH': '/opt/ros/indigo', 'ROS_LOG_FILENAME': '/home/vagrant/.ros/log/80f528e4-4478-11e6-b79b-080027a2ea64/roslaunch-ros-indigo-desktop-trusty64-3944.log', 'LANG': 'en_US.UTF-8', 'TERM': 'xterm-256color', 'SHELL': '/bin/bash', 'SHLVL': '1', 'QT_QPA_PLATFORMTHEME': 'appmenu-qt5', 'LD_LIBRARY_PATH': '/opt/ros/indigo/lib:/opt/ros/indigo/lib/x86_64-linux-gnu', 'ROS_MASTER_URI': 'http://localhost:11311', 'XDG_RUNTIME_DIR': '/run/user/1000', 'PYTHONPATH': '/opt/ros/indigo/lib/python2.7/dist-packages', 'ROS_ROOT': '/opt/ros/indigo/share/ros', 'PKG_CONFIG_PATH': '/opt/ros/indigo/lib/pkgconfig:/opt/ros/indigo/lib/x86_64-linux-gnu/pkgconfig', 'ROS_PACKAGE_PATH': '/opt/ros/indigo/share:/opt/ros/indigo/stacks', 'XDG_SESSION_ID': '2', '_': '/opt/ros/indigo/bin/roslaunch', 'SSH_TTY': '/dev/pts/0', 'OLDPWD': '/home/vagrant', 'ROSLISP_PACKAGE_DIRECTORIES': '', 'PWD': '/home/vagrant/therblig-motion-library', 'ROS_ETC_DIR': '/opt/ros/indigo/etc/ros', 'MAIL': '/var/mail/vagrant', 'SSH_CONNECTION': '10.0.2.2 56512 10.0.2.15 22'}]
[roslaunch][INFO] 2016-07-07 19:25:03,681: process[rosout-1]: args[[u'/opt/ros/indigo/lib/rosout/rosout', u'__name:=rosout']]
[roslaunch][INFO] 2016-07-07 19:25:03,682: ... created process [rosout-1]
[roslaunch.pmon][INFO] 2016-07-07 19:25:03,682: ProcessMonitor.register[rosout-1]
[roslaunch.pmon][INFO] 2016-07-07 19:25:03,683: ProcessMonitor.register[rosout-1] complete
[roslaunch][INFO] 2016-07-07 19:25:03,683: ... registered process [rosout-1]
[roslaunch][INFO] 2016-07-07 19:25:03,683: process[rosout-1]: starting os process
[roslaunch][INFO] 2016-07-07 19:25:03,686: process[rosout-1]: start w/ args [[u'/opt/ros/indigo/lib/rosout/rosout', u'__name:=rosout', u'__log:=/home/vagrant/.ros/log/80f528e4-4478-11e6-b79b-080027a2ea64/rosout-1.log']]
[roslaunch][INFO] 2016-07-07 19:25:03,686: process[rosout-1]: cwd will be [/home/vagrant/.ros]
[roslaunch][INFO] 2016-07-07 19:25:03,690: process[rosout-1]: started with pid [3969]
[roslaunch][INFO] 2016-07-07 19:25:03,691: ... successfully launched [rosout-1]
[roslaunch][INFO] 2016-07-07 19:25:03,692: load_parameters starting ...
[roslaunch][INFO] 2016-07-07 19:25:03,715: ... load_parameters complete
[roslaunch][INFO] 2016-07-07 19:25:03,715: launch_nodes: launching local nodes ...
[roslaunch][INFO] 2016-07-07 19:25:03,716: ... preparing to launch node of type [rosbridge_server/rosbridge_websocket]
[roslaunch][INFO] 2016-07-07 19:25:03,717: create_node_process: package[rosbridge_server] type[rosbridge_websocket] machine[Machine(name[] env_loader[None] address[localhost] ssh_port[22] user[None] assignable[True] timeout[10.0])] master_uri[http://localhost:11311]
[roslaunch][INFO] 2016-07-07 19:25:03,718: process[rosbridge_websocket-2]: env[{'ROS_DISTRO': 'indigo', 'SSH_CLIENT': '10.0.2.2 56512 22', 'CPATH': '/opt/ros/indigo/include', 'LOGNAME': 'vagrant', 'USER': 'vagrant', 'PATH': '/opt/ros/indigo/bin:/usr/local/sbin:/usr/local/bin:/usr/sbin:/usr/bin:/sbin:/bin:/usr/games:/usr/local/games', 'HOME': '/home/vagrant', 'CMAKE_PREFIX_PATH': '/opt/ros/indigo', 'ROS_LOG_FILENAME': '/home/vagrant/.ros/log/80f528e4-4478-11e6-b79b-080027a2ea64/roslaunch-ros-indigo-desktop-trusty64-3944.log', 'LANG': 'en_US.UTF-8', 'TERM': 'xterm-256color', 'SHELL': '/bin/bash', 'SHLVL': '1', 'QT_QPA_PLATFORMTHEME': 'appmenu-qt5', 'LD_LIBRARY_PATH': '/opt/ros/indigo/lib:/opt/ros/indigo/lib/x86_64-linux-gnu', 'ROS_MASTER_URI': 'http://localhost:11311', 'XDG_RUNTIME_DIR': '/run/user/1000', 'PYTHONPATH': '/opt/ros/indigo/lib/python2.7/dist-packages', 'ROS_ROOT': '/opt/ros/indigo/share/ros', 'PKG_CONFIG_PATH': '/opt/ros/indigo/lib/pkgconfig:/opt/ros/indigo/lib/x86_64-linux-gnu/pkgconfig', 'ROS_PACKAGE_PATH': '/opt/ros/indigo/share:/opt/ros/indigo/stacks', 'XDG_SESSION_ID': '2', '_': '/opt/ros/indigo/bin/roslaunch', 'SSH_TTY': '/dev/pts/0', 'OLDPWD': '/home/vagrant', 'ROSLISP_PACKAGE_DIRECTORIES': '', 'PWD': '/home/vagrant/therblig-motion-library', 'ROS_ETC_DIR': '/opt/ros/indigo/etc/ros', 'MAIL': '/var/mail/vagrant', 'SSH_CONNECTION': '10.0.2.2 56512 10.0.2.15 22'}]
[roslaunch][INFO] 2016-07-07 19:25:03,747: process[rosbridge_websocket-2]: args[[u'/opt/ros/indigo/lib/rosbridge_server/rosbridge_websocket', u'__name:=rosbridge_websocket']]
[roslaunch][INFO] 2016-07-07 19:25:03,748: ... created process [rosbridge_websocket-2]
[roslaunch.pmon][INFO] 2016-07-07 19:25:03,748: ProcessMonitor.register[rosbridge_websocket-2]
[roslaunch.pmon][INFO] 2016-07-07 19:25:03,749: ProcessMonitor.register[rosbridge_websocket-2] complete
[roslaunch][INFO] 2016-07-07 19:25:03,749: ... registered process [rosbridge_websocket-2]
[roslaunch][INFO] 2016-07-07 19:25:03,750: process[rosbridge_websocket-2]: starting os process
[roslaunch][INFO] 2016-07-07 19:25:03,751: process[rosbridge_websocket-2]: start w/ args [[u'/opt/ros/indigo/lib/rosbridge_server/rosbridge_websocket', u'__name:=rosbridge_websocket', u'__log:=/home/vagrant/.ros/log/80f528e4-4478-11e6-b79b-080027a2ea64/rosbridge_websocket-2.log']]
[roslaunch][INFO] 2016-07-07 19:25:03,751: process[rosbridge_websocket-2]: cwd will be [/home/vagrant/.ros]
[roslaunch][INFO] 2016-07-07 19:25:03,755: process[rosbridge_websocket-2]: started with pid [3986]
[roslaunch][INFO] 2016-07-07 19:25:03,756: ... successfully launched [rosbridge_websocket-2]
[roslaunch][INFO] 2016-07-07 19:25:03,757: ... preparing to launch node of type [rosapi/rosapi_node]
[roslaunch][INFO] 2016-07-07 19:25:03,758: create_node_process: package[rosapi] type[rosapi_node] machine[Machine(name[] env_loader[None] address[localhost] ssh_port[22] user[None] assignable[True] timeout[10.0])] master_uri[http://localhost:11311]
[roslaunch][INFO] 2016-07-07 19:25:03,760: process[rosapi-3]: env[{'ROS_DISTRO': 'indigo', 'SSH_CLIENT': '10.0.2.2 56512 22', 'CPATH': '/opt/ros/indigo/include', 'LOGNAME': 'vagrant', 'USER': 'vagrant', 'PATH': '/opt/ros/indigo/bin:/usr/local/sbin:/usr/local/bin:/usr/sbin:/usr/bin:/sbin:/bin:/usr/games:/usr/local/games', 'HOME': '/home/vagrant', 'CMAKE_PREFIX_PATH': '/opt/ros/indigo', 'ROS_LOG_FILENAME': '/home/vagrant/.ros/log/80f528e4-4478-11e6-b79b-080027a2ea64/roslaunch-ros-indigo-desktop-trusty64-3944.log', 'LANG': 'en_US.UTF-8', 'TERM': 'xterm-256color', 'SHELL': '/bin/bash', 'SHLVL': '1', 'QT_QPA_PLATFORMTHEME': 'appmenu-qt5', 'LD_LIBRARY_PATH': '/opt/ros/indigo/lib:/opt/ros/indigo/lib/x86_64-linux-gnu', 'ROS_MASTER_URI': 'http://localhost:11311', 'XDG_RUNTIME_DIR': '/run/user/1000', 'PYTHONPATH': '/opt/ros/indigo/lib/python2.7/dist-packages', 'ROS_ROOT': '/opt/ros/indigo/share/ros', 'PKG_CONFIG_PATH': '/opt/ros/indigo/lib/pkgconfig:/opt/ros/indigo/lib/x86_64-linux-gnu/pkgconfig', 'ROS_PACKAGE_PATH': '/opt/ros/indigo/share:/opt/ros/indigo/stacks', 'XDG_SESSION_ID': '2', '_': '/opt/ros/indigo/bin/roslaunch', 'SSH_TTY': '/dev/pts/0', 'OLDPWD': '/home/vagrant', 'ROSLISP_PACKAGE_DIRECTORIES': '', 'PWD': '/home/vagrant/therblig-motion-library', 'ROS_ETC_DIR': '/opt/ros/indigo/etc/ros', 'MAIL': '/var/mail/vagrant', 'SSH_CONNECTION': '10.0.2.2 56512 10.0.2.15 22'}]
[roslaunch][INFO] 2016-07-07 19:25:03,788: process[rosapi-3]: args[[u'/opt/ros/indigo/lib/rosapi/rosapi_node', u'__name:=rosapi']]
[roslaunch][INFO] 2016-07-07 19:25:03,789: ... created process [rosapi-3]
[roslaunch.pmon][INFO] 2016-07-07 19:25:03,790: ProcessMonitor.register[rosapi-3]
[roslaunch.pmon][INFO] 2016-07-07 19:25:03,790: ProcessMonitor.register[rosapi-3] complete
[roslaunch][INFO] 2016-07-07 19:25:03,791: ... registered process [rosapi-3]
[roslaunch][INFO] 2016-07-07 19:25:03,791: process[rosapi-3]: starting os process
[roslaunch][INFO] 2016-07-07 19:25:03,792: process[rosapi-3]: start w/ args [[u'/opt/ros/indigo/lib/rosapi/rosapi_node', u'__name:=rosapi', u'__log:=/home/vagrant/.ros/log/80f528e4-4478-11e6-b79b-080027a2ea64/rosapi-3.log']]
[roslaunch][INFO] 2016-07-07 19:25:03,793: process[rosapi-3]: cwd will be [/home/vagrant/.ros]
[roslaunch][INFO] 2016-07-07 19:25:03,808: process[rosapi-3]: started with pid [3987]
[roslaunch][INFO] 2016-07-07 19:25:03,810: ... successfully launched [rosapi-3]
[roslaunch][INFO] 2016-07-07 19:25:03,814: ... launch_nodes complete
[roslaunch.pmon][INFO] 2016-07-07 19:25:03,815: registrations completed <ProcessMonitor(ProcessMonitor-1, started daemon 139938394478336)>
[roslaunch.parent][INFO] 2016-07-07 19:25:03,817: ... roslaunch parent running, waiting for process exit
[roslaunch][INFO] 2016-07-07 19:25:03,818: spin
