[roslaunch][INFO] 2016-07-06 16:48:16,774: Checking log directory for disk usage. This may take awhile.
Press Ctrl-C to interrupt
[roslaunch][INFO] 2016-07-06 16:48:16,814: Done checking log file disk usage. Usage is <1GB.
[roslaunch][INFO] 2016-07-06 16:48:16,815: roslaunch starting with args ['/opt/ros/indigo/bin/roslaunch', 'rosbridge_server', 'rosbridge_websocket.launch']
[roslaunch][INFO] 2016-07-06 16:48:16,816: roslaunch env is {'ROS_DISTRO': 'indigo', 'SSH_CLIENT': '10.0.2.2 62885 22', 'CPATH': '/opt/ros/indigo/include', 'LOGNAME': 'vagrant', 'USER': 'vagrant', 'PATH': '/opt/ros/indigo/bin:/usr/local/sbin:/usr/local/bin:/usr/sbin:/usr/bin:/sbin:/bin:/usr/games:/usr/local/games', 'HOME': '/home/vagrant', 'CMAKE_PREFIX_PATH': '/opt/ros/indigo', 'LD_LIBRARY_PATH': '/opt/ros/indigo/lib:/opt/ros/indigo/lib/x86_64-linux-gnu', 'LANG': 'en_US.UTF-8', 'TERM': 'xterm-256color', 'SHELL': '/bin/bash', 'SHLVL': '1', 'QT_QPA_PLATFORMTHEME': 'appmenu-qt5', 'ROS_LOG_FILENAME': '/home/vagrant/.ros/log/6fda01d6-4399-11e6-809b-080027a2ea64/roslaunch-ros-indigo-desktop-trusty64-7055.log', 'ROS_ETC_DIR': '/opt/ros/indigo/etc/ros', 'XDG_RUNTIME_DIR': '/run/user/1000', 'PYTHONPATH': '/opt/ros/indigo/lib/python2.7/dist-packages', 'ROS_ROOT': '/opt/ros/indigo/share/ros', 'PKG_CONFIG_PATH': '/opt/ros/indigo/lib/pkgconfig:/opt/ros/indigo/lib/x86_64-linux-gnu/pkgconfig', 'ROS_PACKAGE_PATH': '/opt/ros/indigo/share:/opt/ros/indigo/stacks', 'XDG_SESSION_ID': '4', '_': '/opt/ros/indigo/bin/roslaunch', 'SSH_TTY': '/dev/pts/3', 'ROSLISP_PACKAGE_DIRECTORIES': '', 'PWD': '/home/vagrant', 'ROS_MASTER_URI': 'http://localhost:11311', 'MAIL': '/var/mail/vagrant', 'SSH_CONNECTION': '10.0.2.2 62885 10.0.2.15 22'}
[roslaunch][INFO] 2016-07-06 16:48:16,818: starting in server mode
[roslaunch.parent][INFO] 2016-07-06 16:48:16,819: starting roslaunch parent run
[roslaunch][INFO] 2016-07-06 16:48:16,822: loading roscore config file /opt/ros/indigo/etc/ros/roscore.xml
[roslaunch][INFO] 2016-07-06 16:48:16,994: Added core node of type [rosout/rosout] in namespace [/]
[roslaunch.config][INFO] 2016-07-06 16:48:16,997: loading config file /opt/ros/indigo/share/rosbridge_server/launch/rosbridge_websocket.launch
[roslaunch][INFO] 2016-07-06 16:48:17,005: Added node of type [rosbridge_server/rosbridge_websocket] in namespace [/]
[roslaunch][INFO] 2016-07-06 16:48:17,007: Added node of type [rosapi/rosapi_node] in namespace [/]
[roslaunch][INFO] 2016-07-06 16:48:17,007: ... selected machine [] for node of type [rosbridge_server/rosbridge_websocket]
[roslaunch][INFO] 2016-07-06 16:48:17,008: ... selected machine [] for node of type [rosapi/rosapi_node]
[roslaunch.pmon][INFO] 2016-07-06 16:48:17,009: start_process_monitor: creating ProcessMonitor
[roslaunch.pmon][INFO] 2016-07-06 16:48:17,009: created process monitor <ProcessMonitor(ProcessMonitor-1, initial daemon)>
[roslaunch.pmon][INFO] 2016-07-06 16:48:17,010: start_process_monitor: ProcessMonitor started
[roslaunch.parent][INFO] 2016-07-06 16:48:17,010: starting parent XML-RPC server
[roslaunch.server][INFO] 2016-07-06 16:48:17,011: starting roslaunch XML-RPC server
[roslaunch.server][INFO] 2016-07-06 16:48:17,012: waiting for roslaunch XML-RPC server to initialize
[xmlrpc][INFO] 2016-07-06 16:48:17,012: XML-RPC server binding to 0.0.0.0:0
[xmlrpc][INFO] 2016-07-06 16:48:17,013: Started XML-RPC server [http://ros-indigo-desktop-trusty64:37615/]
[xmlrpc][INFO] 2016-07-06 16:48:17,014: xml rpc node: starting XML-RPC server
[roslaunch][INFO] 2016-07-06 16:48:17,027: started roslaunch server http://ros-indigo-desktop-trusty64:37615/
[roslaunch.parent][INFO] 2016-07-06 16:48:17,028: ... parent XML-RPC server started
[roslaunch][INFO] 2016-07-06 16:48:17,031: master.is_running[http://localhost:11311]
[roslaunch][INFO] 2016-07-06 16:48:17,033: auto-starting new master
[roslaunch][INFO] 2016-07-06 16:48:17,035: create_master_process: rosmaster, /opt/ros/indigo/share/ros, 11311
[roslaunch][INFO] 2016-07-06 16:48:17,036: process[master]: launching with args [['rosmaster', '--core', '-p', '11311']]
[roslaunch.pmon][INFO] 2016-07-06 16:48:17,037: ProcessMonitor.register[master]
[roslaunch.pmon][INFO] 2016-07-06 16:48:17,037: ProcessMonitor.register[master] complete
[roslaunch][INFO] 2016-07-06 16:48:17,038: process[master]: starting os process
[roslaunch][INFO] 2016-07-06 16:48:17,039: process[master]: start w/ args [['rosmaster', '--core', '-p', '11311', '__log:=/home/vagrant/.ros/log/6fda01d6-4399-11e6-809b-080027a2ea64/master.log']]
[roslaunch][INFO] 2016-07-06 16:48:17,040: process[master]: cwd will be [/home/vagrant/.ros]
[roslaunch][INFO] 2016-07-06 16:48:17,044: process[master]: started with pid [7067]
[roslaunch][INFO] 2016-07-06 16:48:17,046: master.is_running[http://localhost:11311]
[roslaunch][INFO] 2016-07-06 16:48:17,150: master.is_running[http://localhost:11311]
[roslaunch][INFO] 2016-07-06 16:48:17,252: master.is_running[http://localhost:11311]
[roslaunch][INFO] 2016-07-06 16:48:17,355: master.is_running[http://localhost:11311]
[roslaunch][INFO] 2016-07-06 16:48:17,362: master.is_running[http://localhost:11311]
[roslaunch][INFO] 2016-07-06 16:48:17,366: ROS_MASTER_URI=http://localhost:11311
[roslaunch][INFO] 2016-07-06 16:48:17,371: setting /run_id to 6fda01d6-4399-11e6-809b-080027a2ea64
[roslaunch][INFO] 2016-07-06 16:48:17,378: setting /roslaunch/uris/host_ros_indigo_desktop_trusty64__37615' to http://ros-indigo-desktop-trusty64:37615/
[roslaunch][INFO] 2016-07-06 16:48:17,389: ... preparing to launch node of type [rosout/rosout]
[roslaunch][INFO] 2016-07-06 16:48:17,390: create_node_process: package[rosout] type[rosout] machine[Machine(name[] env_loader[None] address[localhost] ssh_port[22] user[None] assignable[True] timeout[10.0])] master_uri[http://localhost:11311]
[roslaunch][INFO] 2016-07-06 16:48:17,391: process[rosout-1]: env[{'ROS_DISTRO': 'indigo', 'SSH_CLIENT': '10.0.2.2 62885 22', 'CPATH': '/opt/ros/indigo/include', 'LOGNAME': 'vagrant', 'USER': 'vagrant', 'PATH': '/opt/ros/indigo/bin:/usr/local/sbin:/usr/local/bin:/usr/sbin:/usr/bin:/sbin:/bin:/usr/games:/usr/local/games', 'HOME': '/home/vagrant', 'CMAKE_PREFIX_PATH': '/opt/ros/indigo', 'ROS_LOG_FILENAME': '/home/vagrant/.ros/log/6fda01d6-4399-11e6-809b-080027a2ea64/roslaunch-ros-indigo-desktop-trusty64-7055.log', 'LANG': 'en_US.UTF-8', 'TERM': 'xterm-256color', 'SHELL': '/bin/bash', 'SHLVL': '1', 'QT_QPA_PLATFORMTHEME': 'appmenu-qt5', 'LD_LIBRARY_PATH': '/opt/ros/indigo/lib:/opt/ros/indigo/lib/x86_64-linux-gnu', 'ROS_MASTER_URI': 'http://localhost:11311', 'XDG_RUNTIME_DIR': '/run/user/1000', 'PYTHONPATH': '/opt/ros/indigo/lib/python2.7/dist-packages', 'ROS_ROOT': '/opt/ros/indigo/share/ros', 'PKG_CONFIG_PATH': '/opt/ros/indigo/lib/pkgconfig:/opt/ros/indigo/lib/x86_64-linux-gnu/pkgconfig', 'ROS_PACKAGE_PATH': '/opt/ros/indigo/share:/opt/ros/indigo/stacks', 'XDG_SESSION_ID': '4', '_': '/opt/ros/indigo/bin/roslaunch', 'SSH_TTY': '/dev/pts/3', 'ROSLISP_PACKAGE_DIRECTORIES': '', 'PWD': '/home/vagrant', 'ROS_ETC_DIR': '/opt/ros/indigo/etc/ros', 'MAIL': '/var/mail/vagrant', 'SSH_CONNECTION': '10.0.2.2 62885 10.0.2.15 22'}]
[roslaunch][INFO] 2016-07-06 16:48:17,443: process[rosout-1]: args[[u'/opt/ros/indigo/lib/rosout/rosout', u'__name:=rosout']]
[roslaunch][INFO] 2016-07-06 16:48:17,445: ... created process [rosout-1]
[roslaunch.pmon][INFO] 2016-07-06 16:48:17,446: ProcessMonitor.register[rosout-1]
[roslaunch.pmon][INFO] 2016-07-06 16:48:17,448: ProcessMonitor.register[rosout-1] complete
[roslaunch][INFO] 2016-07-06 16:48:17,449: ... registered process [rosout-1]
[roslaunch][INFO] 2016-07-06 16:48:17,449: process[rosout-1]: starting os process
[roslaunch][INFO] 2016-07-06 16:48:17,453: process[rosout-1]: start w/ args [[u'/opt/ros/indigo/lib/rosout/rosout', u'__name:=rosout', u'__log:=/home/vagrant/.ros/log/6fda01d6-4399-11e6-809b-080027a2ea64/rosout-1.log']]
[roslaunch][INFO] 2016-07-06 16:48:17,454: process[rosout-1]: cwd will be [/home/vagrant/.ros]
[roslaunch][INFO] 2016-07-06 16:48:17,458: process[rosout-1]: started with pid [7080]
[roslaunch][INFO] 2016-07-06 16:48:17,459: ... successfully launched [rosout-1]
[roslaunch][INFO] 2016-07-06 16:48:17,460: load_parameters starting ...
[roslaunch][INFO] 2016-07-06 16:48:17,484: ... load_parameters complete
[roslaunch][INFO] 2016-07-06 16:48:17,486: launch_nodes: launching local nodes ...
[roslaunch][INFO] 2016-07-06 16:48:17,487: ... preparing to launch node of type [rosbridge_server/rosbridge_websocket]
[roslaunch][INFO] 2016-07-06 16:48:17,488: create_node_process: package[rosbridge_server] type[rosbridge_websocket] machine[Machine(name[] env_loader[None] address[localhost] ssh_port[22] user[None] assignable[True] timeout[10.0])] master_uri[http://localhost:11311]
[roslaunch][INFO] 2016-07-06 16:48:17,489: process[rosbridge_websocket-2]: env[{'ROS_DISTRO': 'indigo', 'SSH_CLIENT': '10.0.2.2 62885 22', 'CPATH': '/opt/ros/indigo/include', 'LOGNAME': 'vagrant', 'USER': 'vagrant', 'PATH': '/opt/ros/indigo/bin:/usr/local/sbin:/usr/local/bin:/usr/sbin:/usr/bin:/sbin:/bin:/usr/games:/usr/local/games', 'HOME': '/home/vagrant', 'CMAKE_PREFIX_PATH': '/opt/ros/indigo', 'ROS_LOG_FILENAME': '/home/vagrant/.ros/log/6fda01d6-4399-11e6-809b-080027a2ea64/roslaunch-ros-indigo-desktop-trusty64-7055.log', 'LANG': 'en_US.UTF-8', 'TERM': 'xterm-256color', 'SHELL': '/bin/bash', 'SHLVL': '1', 'QT_QPA_PLATFORMTHEME': 'appmenu-qt5', 'LD_LIBRARY_PATH': '/opt/ros/indigo/lib:/opt/ros/indigo/lib/x86_64-linux-gnu', 'ROS_MASTER_URI': 'http://localhost:11311', 'XDG_RUNTIME_DIR': '/run/user/1000', 'PYTHONPATH': '/opt/ros/indigo/lib/python2.7/dist-packages', 'ROS_ROOT': '/opt/ros/indigo/share/ros', 'PKG_CONFIG_PATH': '/opt/ros/indigo/lib/pkgconfig:/opt/ros/indigo/lib/x86_64-linux-gnu/pkgconfig', 'ROS_PACKAGE_PATH': '/opt/ros/indigo/share:/opt/ros/indigo/stacks', 'XDG_SESSION_ID': '4', '_': '/opt/ros/indigo/bin/roslaunch', 'SSH_TTY': '/dev/pts/3', 'ROSLISP_PACKAGE_DIRECTORIES': '', 'PWD': '/home/vagrant', 'ROS_ETC_DIR': '/opt/ros/indigo/etc/ros', 'MAIL': '/var/mail/vagrant', 'SSH_CONNECTION': '10.0.2.2 62885 10.0.2.15 22'}]
[roslaunch][INFO] 2016-07-06 16:48:17,556: process[rosbridge_websocket-2]: args[[u'/opt/ros/indigo/lib/rosbridge_server/rosbridge_websocket', u'__name:=rosbridge_websocket']]
[roslaunch][INFO] 2016-07-06 16:48:17,557: ... created process [rosbridge_websocket-2]
[roslaunch.pmon][INFO] 2016-07-06 16:48:17,557: ProcessMonitor.register[rosbridge_websocket-2]
[roslaunch.pmon][INFO] 2016-07-06 16:48:17,557: ProcessMonitor.register[rosbridge_websocket-2] complete
[roslaunch][INFO] 2016-07-06 16:48:17,558: ... registered process [rosbridge_websocket-2]
[roslaunch][INFO] 2016-07-06 16:48:17,558: process[rosbridge_websocket-2]: starting os process
[roslaunch][INFO] 2016-07-06 16:48:17,560: process[rosbridge_websocket-2]: start w/ args [[u'/opt/ros/indigo/lib/rosbridge_server/rosbridge_websocket', u'__name:=rosbridge_websocket', u'__log:=/home/vagrant/.ros/log/6fda01d6-4399-11e6-809b-080027a2ea64/rosbridge_websocket-2.log']]
[roslaunch][INFO] 2016-07-06 16:48:17,562: process[rosbridge_websocket-2]: cwd will be [/home/vagrant/.ros]
[roslaunch][INFO] 2016-07-06 16:48:17,569: process[rosbridge_websocket-2]: started with pid [7097]
[roslaunch][INFO] 2016-07-06 16:48:17,571: ... successfully launched [rosbridge_websocket-2]
[roslaunch][INFO] 2016-07-06 16:48:17,572: ... preparing to launch node of type [rosapi/rosapi_node]
[roslaunch][INFO] 2016-07-06 16:48:17,572: create_node_process: package[rosapi] type[rosapi_node] machine[Machine(name[] env_loader[None] address[localhost] ssh_port[22] user[None] assignable[True] timeout[10.0])] master_uri[http://localhost:11311]
[roslaunch][INFO] 2016-07-06 16:48:17,573: process[rosapi-3]: env[{'ROS_DISTRO': 'indigo', 'SSH_CLIENT': '10.0.2.2 62885 22', 'CPATH': '/opt/ros/indigo/include', 'LOGNAME': 'vagrant', 'USER': 'vagrant', 'PATH': '/opt/ros/indigo/bin:/usr/local/sbin:/usr/local/bin:/usr/sbin:/usr/bin:/sbin:/bin:/usr/games:/usr/local/games', 'HOME': '/home/vagrant', 'CMAKE_PREFIX_PATH': '/opt/ros/indigo', 'ROS_LOG_FILENAME': '/home/vagrant/.ros/log/6fda01d6-4399-11e6-809b-080027a2ea64/roslaunch-ros-indigo-desktop-trusty64-7055.log', 'LANG': 'en_US.UTF-8', 'TERM': 'xterm-256color', 'SHELL': '/bin/bash', 'SHLVL': '1', 'QT_QPA_PLATFORMTHEME': 'appmenu-qt5', 'LD_LIBRARY_PATH': '/opt/ros/indigo/lib:/opt/ros/indigo/lib/x86_64-linux-gnu', 'ROS_MASTER_URI': 'http://localhost:11311', 'XDG_RUNTIME_DIR': '/run/user/1000', 'PYTHONPATH': '/opt/ros/indigo/lib/python2.7/dist-packages', 'ROS_ROOT': '/opt/ros/indigo/share/ros', 'PKG_CONFIG_PATH': '/opt/ros/indigo/lib/pkgconfig:/opt/ros/indigo/lib/x86_64-linux-gnu/pkgconfig', 'ROS_PACKAGE_PATH': '/opt/ros/indigo/share:/opt/ros/indigo/stacks', 'XDG_SESSION_ID': '4', '_': '/opt/ros/indigo/bin/roslaunch', 'SSH_TTY': '/dev/pts/3', 'ROSLISP_PACKAGE_DIRECTORIES': '', 'PWD': '/home/vagrant', 'ROS_ETC_DIR': '/opt/ros/indigo/etc/ros', 'MAIL': '/var/mail/vagrant', 'SSH_CONNECTION': '10.0.2.2 62885 10.0.2.15 22'}]
[roslaunch][INFO] 2016-07-06 16:48:17,644: process[rosapi-3]: args[[u'/opt/ros/indigo/lib/rosapi/rosapi_node', u'__name:=rosapi']]
[roslaunch][INFO] 2016-07-06 16:48:17,644: ... created process [rosapi-3]
[roslaunch.pmon][INFO] 2016-07-06 16:48:17,645: ProcessMonitor.register[rosapi-3]
[roslaunch.pmon][INFO] 2016-07-06 16:48:17,647: ProcessMonitor.register[rosapi-3] complete
[roslaunch][INFO] 2016-07-06 16:48:17,649: ... registered process [rosapi-3]
[roslaunch][INFO] 2016-07-06 16:48:17,651: process[rosapi-3]: starting os process
[roslaunch][INFO] 2016-07-06 16:48:17,655: process[rosapi-3]: start w/ args [[u'/opt/ros/indigo/lib/rosapi/rosapi_node', u'__name:=rosapi', u'__log:=/home/vagrant/.ros/log/6fda01d6-4399-11e6-809b-080027a2ea64/rosapi-3.log']]
[roslaunch][INFO] 2016-07-06 16:48:17,656: process[rosapi-3]: cwd will be [/home/vagrant/.ros]
[roslaunch][INFO] 2016-07-06 16:48:17,662: process[rosapi-3]: started with pid [7098]
[roslaunch][INFO] 2016-07-06 16:48:17,667: ... successfully launched [rosapi-3]
[roslaunch][INFO] 2016-07-06 16:48:17,669: ... launch_nodes complete
[roslaunch.pmon][INFO] 2016-07-06 16:48:17,670: registrations completed <ProcessMonitor(ProcessMonitor-1, started daemon 139734128641792)>
[roslaunch.parent][INFO] 2016-07-06 16:48:17,671: ... roslaunch parent running, waiting for process exit
[roslaunch][INFO] 2016-07-06 16:48:17,672: spin
