[rosmaster.main][INFO] 2016-07-01 00:47:08,613: initialization complete, waiting for shutdown
[rosmaster.main][INFO] 2016-07-01 00:47:08,614: Starting ROS Master Node
[xmlrpc][INFO] 2016-07-01 00:47:08,617: XML-RPC server binding to 0.0.0.0:11311
[xmlrpc][INFO] 2016-07-01 00:47:08,619: Started XML-RPC server [http://ros-indigo-desktop-trusty64:11311/]
[xmlrpc][INFO] 2016-07-01 00:47:08,620: xml rpc node: starting XML-RPC server
[rosmaster.master][INFO] 2016-07-01 00:47:08,619: Master initialized: port[11311], uri[http://ros-indigo-desktop-trusty64:11311/]
[rosmaster.master][INFO] 2016-07-01 00:47:08,723: +PARAM [/run_id] by /roslaunch
[rosmaster.master][INFO] 2016-07-01 00:47:08,730: +PARAM [/roslaunch/uris/host_ros_indigo_desktop_trusty64__46276] by /roslaunch
[rosmaster.master][INFO] 2016-07-01 00:47:08,827: +PARAM [/rosbridge_websocket/port] by /roslaunch
[rosmaster.master][INFO] 2016-07-01 00:47:08,828: +PARAM [/rosdistro] by /roslaunch
[rosmaster.master][INFO] 2016-07-01 00:47:08,828: +PARAM [/rosbridge_websocket/fragment_timeout] by /roslaunch
[rosmaster.master][INFO] 2016-07-01 00:47:08,829: +PARAM [/rosbridge_websocket/delay_between_messages] by /roslaunch
[rosmaster.master][INFO] 2016-07-01 00:47:08,829: +PARAM [/rosversion] by /roslaunch
[rosmaster.master][INFO] 2016-07-01 00:47:08,830: +PARAM [/rosbridge_websocket/authenticate] by /roslaunch
[rosmaster.master][INFO] 2016-07-01 00:47:08,830: +PARAM [/rosbridge_websocket/retry_startup_delay] by /roslaunch
[rosmaster.master][INFO] 2016-07-01 00:47:08,831: +PARAM [/rosbridge_websocket/address] by /roslaunch
[rosmaster.master][INFO] 2016-07-01 00:47:08,831: +PARAM [/rosbridge_websocket/max_message_size] by /roslaunch
[rosmaster.master][INFO] 2016-07-01 00:47:08,840: +SERVICE [/rosout/get_loggers] /rosout http://ros-indigo-desktop-trusty64:36113/
[rosmaster.master][INFO] 2016-07-01 00:47:08,844: +SERVICE [/rosout/set_logger_level] /rosout http://ros-indigo-desktop-trusty64:36113/
[rosmaster.master][INFO] 2016-07-01 00:47:08,853: +PUB [/rosout_agg] /rosout http://ros-indigo-desktop-trusty64:36113/
[rosmaster.master][INFO] 2016-07-01 00:47:08,865: +SUB [/rosout] /rosout http://ros-indigo-desktop-trusty64:36113/
[rosmaster.master][INFO] 2016-07-01 00:47:09,528: +PUB [/rosout] /rosbridge_websocket http://ros-indigo-desktop-trusty64:43839/
[rosmaster.master][INFO] 2016-07-01 00:47:09,535: +SERVICE [/rosbridge_websocket/get_loggers] /rosbridge_websocket http://ros-indigo-desktop-trusty64:43839/
[rosmaster.master][INFO] 2016-07-01 00:47:09,538: +SERVICE [/rosbridge_websocket/set_logger_level] /rosbridge_websocket http://ros-indigo-desktop-trusty64:43839/
[rosmaster.master][INFO] 2016-07-01 00:47:09,567: +PUB [/rosout] /rosapi http://ros-indigo-desktop-trusty64:41996/
[rosmaster.master][INFO] 2016-07-01 00:47:09,578: +SERVICE [/rosapi/get_loggers] /rosapi http://ros-indigo-desktop-trusty64:41996/
[rosmaster.master][INFO] 2016-07-01 00:47:09,583: +SERVICE [/rosapi/set_logger_level] /rosapi http://ros-indigo-desktop-trusty64:41996/
[rosmaster.master][INFO] 2016-07-01 00:47:09,586: +SERVICE [/rosapi/topics] /rosapi http://ros-indigo-desktop-trusty64:41996/
[rosmaster.master][INFO] 2016-07-01 00:47:09,589: +SERVICE [/rosapi/topics_for_type] /rosapi http://ros-indigo-desktop-trusty64:41996/
[rosmaster.master][INFO] 2016-07-01 00:47:09,592: +SERVICE [/rosapi/services] /rosapi http://ros-indigo-desktop-trusty64:41996/
[rosmaster.master][INFO] 2016-07-01 00:47:09,595: +SERVICE [/rosapi/services_for_type] /rosapi http://ros-indigo-desktop-trusty64:41996/
[rosmaster.master][INFO] 2016-07-01 00:47:09,598: +SERVICE [/rosapi/nodes] /rosapi http://ros-indigo-desktop-trusty64:41996/
[rosmaster.master][INFO] 2016-07-01 00:47:09,604: +SERVICE [/rosapi/topic_type] /rosapi http://ros-indigo-desktop-trusty64:41996/
[rosmaster.master][INFO] 2016-07-01 00:47:09,610: +SERVICE [/rosapi/service_type] /rosapi http://ros-indigo-desktop-trusty64:41996/
[rosmaster.master][INFO] 2016-07-01 00:47:09,614: +SERVICE [/rosapi/publishers] /rosapi http://ros-indigo-desktop-trusty64:41996/
[rosmaster.master][INFO] 2016-07-01 00:47:09,619: +SERVICE [/rosapi/subscribers] /rosapi http://ros-indigo-desktop-trusty64:41996/
[rosmaster.master][INFO] 2016-07-01 00:47:09,622: publisherUpdate[/rosout] -> http://ros-indigo-desktop-trusty64:36113/
[rosmaster.master][INFO] 2016-07-01 00:47:09,627: publisherUpdate[/rosout] -> http://ros-indigo-desktop-trusty64:36113/
[rosmaster.master][INFO] 2016-07-01 00:47:09,629: +SERVICE [/rosapi/service_providers] /rosapi http://ros-indigo-desktop-trusty64:41996/
[rosmaster.master][INFO] 2016-07-01 00:47:09,638: +SERVICE [/rosapi/service_node] /rosapi http://ros-indigo-desktop-trusty64:41996/
[rosmaster.master][INFO] 2016-07-01 00:47:09,643: +SERVICE [/rosapi/service_host] /rosapi http://ros-indigo-desktop-trusty64:41996/
[rosmaster.master][INFO] 2016-07-01 00:47:09,648: +SERVICE [/rosapi/message_details] /rosapi http://ros-indigo-desktop-trusty64:41996/
[rosmaster.master][INFO] 2016-07-01 00:47:09,654: +SERVICE [/rosapi/service_request_details] /rosapi http://ros-indigo-desktop-trusty64:41996/
[rosmaster.master][INFO] 2016-07-01 00:47:09,657: +SERVICE [/rosapi/service_response_details] /rosapi http://ros-indigo-desktop-trusty64:41996/
[rosmaster.master][INFO] 2016-07-01 00:47:09,660: +SERVICE [/rosapi/set_param] /rosapi http://ros-indigo-desktop-trusty64:41996/
[rosmaster.master][INFO] 2016-07-01 00:47:09,664: +SERVICE [/rosapi/get_param] /rosapi http://ros-indigo-desktop-trusty64:41996/
[rosmaster.master][INFO] 2016-07-01 00:47:09,669: +SERVICE [/rosapi/has_param] /rosapi http://ros-indigo-desktop-trusty64:41996/
[rosmaster.master][INFO] 2016-07-01 00:47:09,674: +SERVICE [/rosapi/search_param] /rosapi http://ros-indigo-desktop-trusty64:41996/
[rosmaster.master][INFO] 2016-07-01 00:47:09,676: +SERVICE [/rosapi/delete_param] /rosapi http://ros-indigo-desktop-trusty64:41996/
[rosmaster.master][INFO] 2016-07-01 00:47:09,679: +SERVICE [/rosapi/get_param_names] /rosapi http://ros-indigo-desktop-trusty64:41996/
[rosmaster.master][INFO] 2016-07-01 00:47:09,682: +SERVICE [/rosapi/get_time] /rosapi http://ros-indigo-desktop-trusty64:41996/
[rosmaster.master][INFO] 2016-07-01 00:52:14,278: -PUB [/rosout] /rosapi http://ros-indigo-desktop-trusty64:41996/
[rosmaster.master][INFO] 2016-07-01 00:52:14,280: -PUB [/rosout] /rosbridge_websocket http://ros-indigo-desktop-trusty64:43839/
[rosmaster.master][INFO] 2016-07-01 00:52:14,280: -SERVICE [/rosapi/get_loggers] /rosapi rosrpc://ros-indigo-desktop-trusty64:60272
[rosmaster.master][INFO] 2016-07-01 00:52:14,281: -SERVICE [/rosapi/has_param] /rosapi rosrpc://ros-indigo-desktop-trusty64:60272
[rosmaster.master][INFO] 2016-07-01 00:52:14,282: -SERVICE [/rosapi/delete_param] /rosapi rosrpc://ros-indigo-desktop-trusty64:60272
[rosmaster.master][INFO] 2016-07-01 00:52:14,282: -SERVICE [/rosapi/search_param] /rosapi rosrpc://ros-indigo-desktop-trusty64:60272
[rosmaster.master][INFO] 2016-07-01 00:52:14,282: -SERVICE [/rosapi/topic_type] /rosapi rosrpc://ros-indigo-desktop-trusty64:60272
[rosmaster.master][INFO] 2016-07-01 00:52:14,283: -SERVICE [/rosapi/subscribers] /rosapi rosrpc://ros-indigo-desktop-trusty64:60272
[rosmaster.master][INFO] 2016-07-01 00:52:14,283: -SERVICE [/rosapi/set_logger_level] /rosapi rosrpc://ros-indigo-desktop-trusty64:60272
[rosmaster.master][INFO] 2016-07-01 00:52:14,284: -SERVICE [/rosapi/service_response_details] /rosapi rosrpc://ros-indigo-desktop-trusty64:60272
[rosmaster.master][INFO] 2016-07-01 00:52:14,284: -SERVICE [/rosapi/service_host] /rosapi rosrpc://ros-indigo-desktop-trusty64:60272
[rosmaster.master][INFO] 2016-07-01 00:52:14,284: -SERVICE [/rosapi/publishers] /rosapi rosrpc://ros-indigo-desktop-trusty64:60272
[rosmaster.master][INFO] 2016-07-01 00:52:14,285: -SERVICE [/rosapi/topics] /rosapi rosrpc://ros-indigo-desktop-trusty64:60272
[rosmaster.master][INFO] 2016-07-01 00:52:14,285: -SERVICE [/rosapi/get_param_names] /rosapi rosrpc://ros-indigo-desktop-trusty64:60272
[rosmaster.master][INFO] 2016-07-01 00:52:14,286: -SERVICE [/rosapi/get_time] /rosapi rosrpc://ros-indigo-desktop-trusty64:60272
[rosmaster.master][INFO] 2016-07-01 00:52:14,286: -SERVICE [/rosbridge_websocket/set_logger_level] /rosbridge_websocket rosrpc://ros-indigo-desktop-trusty64:57670
[rosmaster.master][INFO] 2016-07-01 00:52:14,287: -SERVICE [/rosbridge_websocket/get_loggers] /rosbridge_websocket rosrpc://ros-indigo-desktop-trusty64:57670
[rosmaster.master][INFO] 2016-07-01 00:52:14,289: -SERVICE [/rosapi/message_details] /rosapi rosrpc://ros-indigo-desktop-trusty64:60272
[rosmaster.master][INFO] 2016-07-01 00:52:14,290: -SERVICE [/rosapi/services] /rosapi rosrpc://ros-indigo-desktop-trusty64:60272
[rosmaster.master][INFO] 2016-07-01 00:52:14,292: -SERVICE [/rosapi/service_node] /rosapi rosrpc://ros-indigo-desktop-trusty64:60272
[rosmaster.master][INFO] 2016-07-01 00:52:14,293: -SERVICE [/rosapi/services_for_type] /rosapi rosrpc://ros-indigo-desktop-trusty64:60272
[rosmaster.master][INFO] 2016-07-01 00:52:14,294: -SERVICE [/rosapi/nodes] /rosapi rosrpc://ros-indigo-desktop-trusty64:60272
[rosmaster.master][INFO] 2016-07-01 00:52:14,295: -SERVICE [/rosapi/set_param] /rosapi rosrpc://ros-indigo-desktop-trusty64:60272
[rosmaster.master][INFO] 2016-07-01 00:52:14,296: -SERVICE [/rosapi/service_providers] /rosapi rosrpc://ros-indigo-desktop-trusty64:60272
[rosmaster.master][INFO] 2016-07-01 00:52:14,297: -SERVICE [/rosapi/get_param] /rosapi rosrpc://ros-indigo-desktop-trusty64:60272
[rosmaster.master][INFO] 2016-07-01 00:52:14,298: -SERVICE [/rosapi/topics_for_type] /rosapi rosrpc://ros-indigo-desktop-trusty64:60272
[rosmaster.master][INFO] 2016-07-01 00:52:14,299: -SERVICE [/rosapi/service_request_details] /rosapi rosrpc://ros-indigo-desktop-trusty64:60272
[rosmaster.master][INFO] 2016-07-01 00:52:14,300: -SERVICE [/rosapi/service_type] /rosapi rosrpc://ros-indigo-desktop-trusty64:60272
[rosmaster.master][INFO] 2016-07-01 00:52:14,354: publisherUpdate[/rosout] -> http://ros-indigo-desktop-trusty64:36113/
[rosmaster.master][INFO] 2016-07-01 00:52:14,356: publisherUpdate[/rosout] -> http://ros-indigo-desktop-trusty64:36113/
[rosmaster.master][INFO] 2016-07-01 00:52:15,164: -PUB [/rosout_agg] /rosout http://ros-indigo-desktop-trusty64:36113/
[rosmaster.master][INFO] 2016-07-01 00:52:15,166: -SUB [/rosout] /rosout http://ros-indigo-desktop-trusty64:36113/
[rosmaster.master][INFO] 2016-07-01 00:52:15,169: -SERVICE [/rosout/get_loggers] /rosout rosrpc://ros-indigo-desktop-trusty64:48749
[rosmaster.master][INFO] 2016-07-01 00:52:15,171: -SERVICE [/rosout/set_logger_level] /rosout rosrpc://ros-indigo-desktop-trusty64:48749
[rosmaster.main][INFO] 2016-07-01 00:52:15,291: keyboard interrupt, will exit
[rosmaster.main][INFO] 2016-07-01 00:52:15,292: stopping master...
[rospy.core][INFO] 2016-07-01 00:52:15,293: signal_shutdown [atexit]
