[roslaunch][INFO] 2016-07-01 00:47:08,162: Checking log directory for disk usage. This may take awhile.
Press Ctrl-C to interrupt
[roslaunch][INFO] 2016-07-01 00:47:08,187: Done checking log file disk usage. Usage is <1GB.
[roslaunch][INFO] 2016-07-01 00:47:08,188: roslaunch starting with args ['/opt/ros/indigo/bin/roslaunch', 'rosbridge_server', 'rosbridge_websocket.launch']
[roslaunch][INFO] 2016-07-01 00:47:08,189: roslaunch env is {'ROS_DISTRO': 'indigo', 'SSH_CLIENT': '10.0.2.2 59440 22', 'CPATH': '/opt/ros/indigo/include', 'LOGNAME': 'vagrant', 'USER': 'vagrant', 'PATH': '/opt/ros/indigo/bin:/usr/local/sbin:/usr/local/bin:/usr/sbin:/usr/bin:/sbin:/bin:/usr/games:/usr/local/games', 'HOME': '/home/vagrant', 'CMAKE_PREFIX_PATH': '/opt/ros/indigo', 'LD_LIBRARY_PATH': '/opt/ros/indigo/lib:/opt/ros/indigo/lib/x86_64-linux-gnu', 'LANG': 'en_US.UTF-8', 'TERM': 'xterm-256color', 'SHELL': '/bin/bash', 'SHLVL': '1', 'QT_QPA_PLATFORMTHEME': 'appmenu-qt5', 'ROS_LOG_FILENAME': '/home/vagrant/.ros/log/569dfd4e-3f25-11e6-8cd5-080027a2ea64/roslaunch-ros-indigo-desktop-trusty64-3357.log', 'ROS_ETC_DIR': '/opt/ros/indigo/etc/ros', 'XDG_RUNTIME_DIR': '/run/user/1000', 'PYTHONPATH': '/opt/ros/indigo/lib/python2.7/dist-packages', 'ROS_ROOT': '/opt/ros/indigo/share/ros', 'PKG_CONFIG_PATH': '/opt/ros/indigo/lib/pkgconfig:/opt/ros/indigo/lib/x86_64-linux-gnu/pkgconfig', 'ROS_PACKAGE_PATH': '/opt/ros/indigo/share:/opt/ros/indigo/stacks', 'XDG_SESSION_ID': '2', '_': '/opt/ros/indigo/bin/roslaunch', 'SSH_TTY': '/dev/pts/0', 'OLDPWD': '/home/vagrant', 'ROSLISP_PACKAGE_DIRECTORIES': '', 'PWD': '/home/vagrant/server', 'ROS_MASTER_URI': 'http://localhost:11311', 'MAIL': '/var/mail/vagrant', 'SSH_CONNECTION': '10.0.2.2 59440 10.0.2.15 22'}
[roslaunch][INFO] 2016-07-01 00:47:08,190: starting in server mode
[roslaunch.parent][INFO] 2016-07-01 00:47:08,190: starting roslaunch parent run
[roslaunch][INFO] 2016-07-01 00:47:08,191: loading roscore config file /opt/ros/indigo/etc/ros/roscore.xml
[roslaunch][INFO] 2016-07-01 00:47:08,350: Added core node of type [rosout/rosout] in namespace [/]
[roslaunch.config][INFO] 2016-07-01 00:47:08,351: loading config file /opt/ros/indigo/share/rosbridge_server/launch/rosbridge_websocket.launch
[roslaunch][INFO] 2016-07-01 00:47:08,359: Added node of type [rosbridge_server/rosbridge_websocket] in namespace [/]
[roslaunch][INFO] 2016-07-01 00:47:08,361: Added node of type [rosapi/rosapi_node] in namespace [/]
[roslaunch][INFO] 2016-07-01 00:47:08,362: ... selected machine [] for node of type [rosbridge_server/rosbridge_websocket]
[roslaunch][INFO] 2016-07-01 00:47:08,362: ... selected machine [] for node of type [rosapi/rosapi_node]
[roslaunch.pmon][INFO] 2016-07-01 00:47:08,363: start_process_monitor: creating ProcessMonitor
[roslaunch.pmon][INFO] 2016-07-01 00:47:08,364: created process monitor <ProcessMonitor(ProcessMonitor-1, initial daemon)>
[roslaunch.pmon][INFO] 2016-07-01 00:47:08,364: start_process_monitor: ProcessMonitor started
[roslaunch.parent][INFO] 2016-07-01 00:47:08,365: starting parent XML-RPC server
[roslaunch.server][INFO] 2016-07-01 00:47:08,365: starting roslaunch XML-RPC server
[roslaunch.server][INFO] 2016-07-01 00:47:08,366: waiting for roslaunch XML-RPC server to initialize
[xmlrpc][INFO] 2016-07-01 00:47:08,366: XML-RPC server binding to 0.0.0.0:0
[xmlrpc][INFO] 2016-07-01 00:47:08,367: Started XML-RPC server [http://ros-indigo-desktop-trusty64:46276/]
[xmlrpc][INFO] 2016-07-01 00:47:08,368: xml rpc node: starting XML-RPC server
[roslaunch][INFO] 2016-07-01 00:47:08,382: started roslaunch server http://ros-indigo-desktop-trusty64:46276/
[roslaunch.parent][INFO] 2016-07-01 00:47:08,383: ... parent XML-RPC server started
[roslaunch][INFO] 2016-07-01 00:47:08,384: master.is_running[http://localhost:11311]
[roslaunch][INFO] 2016-07-01 00:47:08,387: auto-starting new master
[roslaunch][INFO] 2016-07-01 00:47:08,388: create_master_process: rosmaster, /opt/ros/indigo/share/ros, 11311
[roslaunch][INFO] 2016-07-01 00:47:08,389: process[master]: launching with args [['rosmaster', '--core', '-p', '11311']]
[roslaunch.pmon][INFO] 2016-07-01 00:47:08,389: ProcessMonitor.register[master]
[roslaunch.pmon][INFO] 2016-07-01 00:47:08,390: ProcessMonitor.register[master] complete
[roslaunch][INFO] 2016-07-01 00:47:08,391: process[master]: starting os process
[roslaunch][INFO] 2016-07-01 00:47:08,392: process[master]: start w/ args [['rosmaster', '--core', '-p', '11311', '__log:=/home/vagrant/.ros/log/569dfd4e-3f25-11e6-8cd5-080027a2ea64/master.log']]
[roslaunch][INFO] 2016-07-01 00:47:08,393: process[master]: cwd will be [/home/vagrant/.ros]
[roslaunch][INFO] 2016-07-01 00:47:08,396: process[master]: started with pid [3369]
[roslaunch][INFO] 2016-07-01 00:47:08,399: master.is_running[http://localhost:11311]
[roslaunch][INFO] 2016-07-01 00:47:08,501: master.is_running[http://localhost:11311]
[roslaunch][INFO] 2016-07-01 00:47:08,603: master.is_running[http://localhost:11311]
[roslaunch][INFO] 2016-07-01 00:47:08,705: master.is_running[http://localhost:11311]
[roslaunch][INFO] 2016-07-01 00:47:08,712: master.is_running[http://localhost:11311]
[roslaunch][INFO] 2016-07-01 00:47:08,716: ROS_MASTER_URI=http://localhost:11311
[roslaunch][INFO] 2016-07-01 00:47:08,721: setting /run_id to 569dfd4e-3f25-11e6-8cd5-080027a2ea64
[roslaunch][INFO] 2016-07-01 00:47:08,726: setting /roslaunch/uris/host_ros_indigo_desktop_trusty64__46276' to http://ros-indigo-desktop-trusty64:46276/
[roslaunch][INFO] 2016-07-01 00:47:08,734: ... preparing to launch node of type [rosout/rosout]
[roslaunch][INFO] 2016-07-01 00:47:08,735: create_node_process: package[rosout] type[rosout] machine[Machine(name[] env_loader[None] address[localhost] ssh_port[22] user[None] assignable[True] timeout[10.0])] master_uri[http://localhost:11311]
[roslaunch][INFO] 2016-07-01 00:47:08,736: process[rosout-1]: env[{'ROS_DISTRO': 'indigo', 'SSH_CLIENT': '10.0.2.2 59440 22', 'CPATH': '/opt/ros/indigo/include', 'LOGNAME': 'vagrant', 'USER': 'vagrant', 'PATH': '/opt/ros/indigo/bin:/usr/local/sbin:/usr/local/bin:/usr/sbin:/usr/bin:/sbin:/bin:/usr/games:/usr/local/games', 'HOME': '/home/vagrant', 'CMAKE_PREFIX_PATH': '/opt/ros/indigo', 'ROS_LOG_FILENAME': '/home/vagrant/.ros/log/569dfd4e-3f25-11e6-8cd5-080027a2ea64/roslaunch-ros-indigo-desktop-trusty64-3357.log', 'LANG': 'en_US.UTF-8', 'TERM': 'xterm-256color', 'SHELL': '/bin/bash', 'SHLVL': '1', 'QT_QPA_PLATFORMTHEME': 'appmenu-qt5', 'LD_LIBRARY_PATH': '/opt/ros/indigo/lib:/opt/ros/indigo/lib/x86_64-linux-gnu', 'ROS_MASTER_URI': 'http://localhost:11311', 'XDG_RUNTIME_DIR': '/run/user/1000', 'PYTHONPATH': '/opt/ros/indigo/lib/python2.7/dist-packages', 'ROS_ROOT': '/opt/ros/indigo/share/ros', 'PKG_CONFIG_PATH': '/opt/ros/indigo/lib/pkgconfig:/opt/ros/indigo/lib/x86_64-linux-gnu/pkgconfig', 'ROS_PACKAGE_PATH': '/opt/ros/indigo/share:/opt/ros/indigo/stacks', 'XDG_SESSION_ID': '2', '_': '/opt/ros/indigo/bin/roslaunch', 'SSH_TTY': '/dev/pts/0', 'OLDPWD': '/home/vagrant', 'ROSLISP_PACKAGE_DIRECTORIES': '', 'PWD': '/home/vagrant/server', 'ROS_ETC_DIR': '/opt/ros/indigo/etc/ros', 'MAIL': '/var/mail/vagrant', 'SSH_CONNECTION': '10.0.2.2 59440 10.0.2.15 22'}]
[roslaunch][INFO] 2016-07-01 00:47:08,799: process[rosout-1]: args[[u'/opt/ros/indigo/lib/rosout/rosout', u'__name:=rosout']]
[roslaunch][INFO] 2016-07-01 00:47:08,800: ... created process [rosout-1]
[roslaunch.pmon][INFO] 2016-07-01 00:47:08,801: ProcessMonitor.register[rosout-1]
[roslaunch.pmon][INFO] 2016-07-01 00:47:08,801: ProcessMonitor.register[rosout-1] complete
[roslaunch][INFO] 2016-07-01 00:47:08,802: ... registered process [rosout-1]
[roslaunch][INFO] 2016-07-01 00:47:08,802: process[rosout-1]: starting os process
[roslaunch][INFO] 2016-07-01 00:47:08,808: process[rosout-1]: start w/ args [[u'/opt/ros/indigo/lib/rosout/rosout', u'__name:=rosout', u'__log:=/home/vagrant/.ros/log/569dfd4e-3f25-11e6-8cd5-080027a2ea64/rosout-1.log']]
[roslaunch][INFO] 2016-07-01 00:47:08,809: process[rosout-1]: cwd will be [/home/vagrant/.ros]
[roslaunch][INFO] 2016-07-01 00:47:08,815: process[rosout-1]: started with pid [3382]
[roslaunch][INFO] 2016-07-01 00:47:08,818: ... successfully launched [rosout-1]
[roslaunch][INFO] 2016-07-01 00:47:08,820: load_parameters starting ...
[roslaunch][INFO] 2016-07-01 00:47:08,834: ... load_parameters complete
[roslaunch][INFO] 2016-07-01 00:47:08,836: launch_nodes: launching local nodes ...
[roslaunch][INFO] 2016-07-01 00:47:08,837: ... preparing to launch node of type [rosbridge_server/rosbridge_websocket]
[roslaunch][INFO] 2016-07-01 00:47:08,838: create_node_process: package[rosbridge_server] type[rosbridge_websocket] machine[Machine(name[] env_loader[None] address[localhost] ssh_port[22] user[None] assignable[True] timeout[10.0])] master_uri[http://localhost:11311]
[roslaunch][INFO] 2016-07-01 00:47:08,839: process[rosbridge_websocket-2]: env[{'ROS_DISTRO': 'indigo', 'SSH_CLIENT': '10.0.2.2 59440 22', 'CPATH': '/opt/ros/indigo/include', 'LOGNAME': 'vagrant', 'USER': 'vagrant', 'PATH': '/opt/ros/indigo/bin:/usr/local/sbin:/usr/local/bin:/usr/sbin:/usr/bin:/sbin:/bin:/usr/games:/usr/local/games', 'HOME': '/home/vagrant', 'CMAKE_PREFIX_PATH': '/opt/ros/indigo', 'ROS_LOG_FILENAME': '/home/vagrant/.ros/log/569dfd4e-3f25-11e6-8cd5-080027a2ea64/roslaunch-ros-indigo-desktop-trusty64-3357.log', 'LANG': 'en_US.UTF-8', 'TERM': 'xterm-256color', 'SHELL': '/bin/bash', 'SHLVL': '1', 'QT_QPA_PLATFORMTHEME': 'appmenu-qt5', 'LD_LIBRARY_PATH': '/opt/ros/indigo/lib:/opt/ros/indigo/lib/x86_64-linux-gnu', 'ROS_MASTER_URI': 'http://localhost:11311', 'XDG_RUNTIME_DIR': '/run/user/1000', 'PYTHONPATH': '/opt/ros/indigo/lib/python2.7/dist-packages', 'ROS_ROOT': '/opt/ros/indigo/share/ros', 'PKG_CONFIG_PATH': '/opt/ros/indigo/lib/pkgconfig:/opt/ros/indigo/lib/x86_64-linux-gnu/pkgconfig', 'ROS_PACKAGE_PATH': '/opt/ros/indigo/share:/opt/ros/indigo/stacks', 'XDG_SESSION_ID': '2', '_': '/opt/ros/indigo/bin/roslaunch', 'SSH_TTY': '/dev/pts/0', 'OLDPWD': '/home/vagrant', 'ROSLISP_PACKAGE_DIRECTORIES': '', 'PWD': '/home/vagrant/server', 'ROS_ETC_DIR': '/opt/ros/indigo/etc/ros', 'MAIL': '/var/mail/vagrant', 'SSH_CONNECTION': '10.0.2.2 59440 10.0.2.15 22'}]
[roslaunch][INFO] 2016-07-01 00:47:08,901: process[rosbridge_websocket-2]: args[[u'/opt/ros/indigo/lib/rosbridge_server/rosbridge_websocket', u'__name:=rosbridge_websocket']]
[roslaunch][INFO] 2016-07-01 00:47:08,902: ... created process [rosbridge_websocket-2]
[roslaunch.pmon][INFO] 2016-07-01 00:47:08,903: ProcessMonitor.register[rosbridge_websocket-2]
[roslaunch.pmon][INFO] 2016-07-01 00:47:08,904: ProcessMonitor.register[rosbridge_websocket-2] complete
[roslaunch][INFO] 2016-07-01 00:47:08,904: ... registered process [rosbridge_websocket-2]
[roslaunch][INFO] 2016-07-01 00:47:08,906: process[rosbridge_websocket-2]: starting os process
[roslaunch][INFO] 2016-07-01 00:47:08,907: process[rosbridge_websocket-2]: start w/ args [[u'/opt/ros/indigo/lib/rosbridge_server/rosbridge_websocket', u'__name:=rosbridge_websocket', u'__log:=/home/vagrant/.ros/log/569dfd4e-3f25-11e6-8cd5-080027a2ea64/rosbridge_websocket-2.log']]
[roslaunch][INFO] 2016-07-01 00:47:08,908: process[rosbridge_websocket-2]: cwd will be [/home/vagrant/.ros]
[roslaunch][INFO] 2016-07-01 00:47:08,913: process[rosbridge_websocket-2]: started with pid [3399]
[roslaunch][INFO] 2016-07-01 00:47:08,914: ... successfully launched [rosbridge_websocket-2]
[roslaunch][INFO] 2016-07-01 00:47:08,918: ... preparing to launch node of type [rosapi/rosapi_node]
[roslaunch][INFO] 2016-07-01 00:47:08,919: create_node_process: package[rosapi] type[rosapi_node] machine[Machine(name[] env_loader[None] address[localhost] ssh_port[22] user[None] assignable[True] timeout[10.0])] master_uri[http://localhost:11311]
[roslaunch][INFO] 2016-07-01 00:47:08,919: process[rosapi-3]: env[{'ROS_DISTRO': 'indigo', 'SSH_CLIENT': '10.0.2.2 59440 22', 'CPATH': '/opt/ros/indigo/include', 'LOGNAME': 'vagrant', 'USER': 'vagrant', 'PATH': '/opt/ros/indigo/bin:/usr/local/sbin:/usr/local/bin:/usr/sbin:/usr/bin:/sbin:/bin:/usr/games:/usr/local/games', 'HOME': '/home/vagrant', 'CMAKE_PREFIX_PATH': '/opt/ros/indigo', 'ROS_LOG_FILENAME': '/home/vagrant/.ros/log/569dfd4e-3f25-11e6-8cd5-080027a2ea64/roslaunch-ros-indigo-desktop-trusty64-3357.log', 'LANG': 'en_US.UTF-8', 'TERM': 'xterm-256color', 'SHELL': '/bin/bash', 'SHLVL': '1', 'QT_QPA_PLATFORMTHEME': 'appmenu-qt5', 'LD_LIBRARY_PATH': '/opt/ros/indigo/lib:/opt/ros/indigo/lib/x86_64-linux-gnu', 'ROS_MASTER_URI': 'http://localhost:11311', 'XDG_RUNTIME_DIR': '/run/user/1000', 'PYTHONPATH': '/opt/ros/indigo/lib/python2.7/dist-packages', 'ROS_ROOT': '/opt/ros/indigo/share/ros', 'PKG_CONFIG_PATH': '/opt/ros/indigo/lib/pkgconfig:/opt/ros/indigo/lib/x86_64-linux-gnu/pkgconfig', 'ROS_PACKAGE_PATH': '/opt/ros/indigo/share:/opt/ros/indigo/stacks', 'XDG_SESSION_ID': '2', '_': '/opt/ros/indigo/bin/roslaunch', 'SSH_TTY': '/dev/pts/0', 'OLDPWD': '/home/vagrant', 'ROSLISP_PACKAGE_DIRECTORIES': '', 'PWD': '/home/vagrant/server', 'ROS_ETC_DIR': '/opt/ros/indigo/etc/ros', 'MAIL': '/var/mail/vagrant', 'SSH_CONNECTION': '10.0.2.2 59440 10.0.2.15 22'}]
[roslaunch][INFO] 2016-07-01 00:47:08,975: process[rosapi-3]: args[[u'/opt/ros/indigo/lib/rosapi/rosapi_node', u'__name:=rosapi']]
[roslaunch][INFO] 2016-07-01 00:47:08,976: ... created process [rosapi-3]
[roslaunch.pmon][INFO] 2016-07-01 00:47:08,976: ProcessMonitor.register[rosapi-3]
[roslaunch.pmon][INFO] 2016-07-01 00:47:08,977: ProcessMonitor.register[rosapi-3] complete
[roslaunch][INFO] 2016-07-01 00:47:08,978: ... registered process [rosapi-3]
[roslaunch][INFO] 2016-07-01 00:47:08,979: process[rosapi-3]: starting os process
[roslaunch][INFO] 2016-07-01 00:47:08,982: process[rosapi-3]: start w/ args [[u'/opt/ros/indigo/lib/rosapi/rosapi_node', u'__name:=rosapi', u'__log:=/home/vagrant/.ros/log/569dfd4e-3f25-11e6-8cd5-080027a2ea64/rosapi-3.log']]
[roslaunch][INFO] 2016-07-01 00:47:08,983: process[rosapi-3]: cwd will be [/home/vagrant/.ros]
[roslaunch][INFO] 2016-07-01 00:47:08,995: process[rosapi-3]: started with pid [3400]
[roslaunch][INFO] 2016-07-01 00:47:08,996: ... successfully launched [rosapi-3]
[roslaunch][INFO] 2016-07-01 00:47:08,997: ... launch_nodes complete
[roslaunch.pmon][INFO] 2016-07-01 00:47:08,999: registrations completed <ProcessMonitor(ProcessMonitor-1, started daemon 140145989818112)>
[roslaunch.parent][INFO] 2016-07-01 00:47:09,001: ... roslaunch parent running, waiting for process exit
[roslaunch][INFO] 2016-07-01 00:47:09,002: spin
[roslaunch.pmon][INFO] 2016-07-01 00:52:14,173: ProcessMonitor.shutdown <ProcessMonitor(ProcessMonitor-1, started daemon 140145989818112)>
[roslaunch.pmon][INFO] 2016-07-01 00:52:14,254: ProcessMonitor._post_run <ProcessMonitor(ProcessMonitor-1, started daemon 140145989818112)>
[roslaunch.pmon][INFO] 2016-07-01 00:52:14,255: ProcessMonitor._post_run <ProcessMonitor(ProcessMonitor-1, started daemon 140145989818112)>: remaining procs are [<roslaunch.nodeprocess.LocalProcess object at 0x7f7648117350>, <roslaunch.nodeprocess.LocalProcess object at 0x7f7648117310>, <roslaunch.nodeprocess.LocalProcess object at 0x7f7648117fd0>, <roslaunch.nodeprocess.LocalProcess object at 0x7f7648117910>]
[roslaunch.pmon][INFO] 2016-07-01 00:52:14,256: ProcessMonitor exit: killing rosapi-3
[roslaunch][INFO] 2016-07-01 00:52:14,257: [rosapi-3] killing on exit
[roslaunch.pmon][INFO] 2016-07-01 00:52:14,257: ProcessMonitor exit: killing rosbridge_websocket-2
[roslaunch][INFO] 2016-07-01 00:52:14,260: [rosbridge_websocket-2] killing on exit
[roslaunch][INFO] 2016-07-01 00:52:14,259: process[rosapi-3]: killing os process with pid[3400] pgid[3400]
[roslaunch][INFO] 2016-07-01 00:52:14,266: [rosapi-3] sending SIGINT to pgid [3400]
[roslaunch][INFO] 2016-07-01 00:52:14,263: process[rosbridge_websocket-2]: killing os process with pid[3399] pgid[3399]
[roslaunch][INFO] 2016-07-01 00:52:14,268: [rosbridge_websocket-2] sending SIGINT to pgid [3399]
[roslaunch][INFO] 2016-07-01 00:52:14,269: [rosbridge_websocket-2] sent SIGINT to pgid [3399]
[roslaunch][INFO] 2016-07-01 00:52:14,267: [rosapi-3] sent SIGINT to pgid [3400]
[roslaunch][INFO] 2016-07-01 00:52:14,977: process[rosbridge_websocket-2]: SIGINT killed with return value 0
[roslaunch][INFO] 2016-07-01 00:52:14,977: process[rosapi-3]: SIGINT killed with return value 0
[roslaunch.pmon][INFO] 2016-07-01 00:52:14,979: ProcessMonitor exit: killing rosout-1
[roslaunch][INFO] 2016-07-01 00:52:14,979: [rosout-1] killing on exit
[roslaunch][INFO] 2016-07-01 00:52:14,979: process[rosout-1]: killing os process with pid[3382] pgid[3382]
[roslaunch][INFO] 2016-07-01 00:52:14,980: [rosout-1] sending SIGINT to pgid [3382]
[roslaunch][INFO] 2016-07-01 00:52:14,981: [rosout-1] sent SIGINT to pgid [3382]
[roslaunch][INFO] 2016-07-01 00:52:15,287: process[rosout-1]: SIGINT killed with return value 0
[roslaunch.pmon][INFO] 2016-07-01 00:52:15,288: ProcessMonitor exit: killing master
[roslaunch][INFO] 2016-07-01 00:52:15,288: [master] killing on exit
[roslaunch][INFO] 2016-07-01 00:52:15,289: process[master]: killing os process with pid[3369] pgid[3369]
[roslaunch][INFO] 2016-07-01 00:52:15,290: [master] sending SIGINT to pgid [3369]
[roslaunch][INFO] 2016-07-01 00:52:15,291: [master] sent SIGINT to pgid [3369]
[roslaunch][INFO] 2016-07-01 00:52:15,493: process[master]: SIGINT killed with return value 0
[roslaunch.pmon][INFO] 2016-07-01 00:52:15,494: ProcessMonitor exit: cleaning up data structures and signals
[roslaunch.pmon][INFO] 2016-07-01 00:52:15,495: ProcessMonitor exit: pmon has shutdown
[roslaunch][INFO] 2016-07-01 00:52:15,526: process monitor is done spinning, initiating full shutdown
[roslaunch][INFO] 2016-07-01 00:52:15,527: runner.stop()
[roslaunch][INFO] 2016-07-01 00:52:15,528: shutting down processing monitor...
[roslaunch][INFO] 2016-07-01 00:52:15,528: shutting down processing monitor <ProcessMonitor(ProcessMonitor-1, stopped daemon 140145989818112)>
[roslaunch.pmon][INFO] 2016-07-01 00:52:15,529: ProcessMonitor.shutdown <ProcessMonitor(ProcessMonitor-1, stopped daemon 140145989818112)>
[roslaunch][INFO] 2016-07-01 00:52:15,530: ... shutting down processing monitor complete
[roslaunch][INFO] 2016-07-01 00:52:15,531: done
[roslaunch.pmon][INFO] 2016-07-01 00:52:15,532: ProcessMonitor.shutdown <ProcessMonitor(ProcessMonitor-1, stopped daemon 140145989818112)>
[rospy.core][INFO] 2016-07-01 00:52:15,533: signal_shutdown [atexit]
