[roslaunch][INFO] 2016-06-29 19:37:59,947: Checking log directory for disk usage. This may take awhile.
Press Ctrl-C to interrupt
[roslaunch][INFO] 2016-06-29 19:37:59,960: Done checking log file disk usage. Usage is <1GB.
[roslaunch][INFO] 2016-06-29 19:37:59,961: roslaunch starting with args ['/opt/ros/indigo/bin/roslaunch', 'rosbridge_server', 'rosbridge_websocket.launch']
[roslaunch][INFO] 2016-06-29 19:37:59,961: roslaunch env is {'ROS_DISTRO': 'indigo', 'SSH_CLIENT': '10.0.2.2 56216 22', 'CPATH': '/opt/ros/indigo/include', 'LOGNAME': 'vagrant', 'USER': 'vagrant', 'PATH': '/opt/ros/indigo/bin:/usr/local/sbin:/usr/local/bin:/usr/sbin:/usr/bin:/sbin:/bin:/usr/games:/usr/local/games', 'HOME': '/home/vagrant', 'CMAKE_PREFIX_PATH': '/opt/ros/indigo', 'LD_LIBRARY_PATH': '/opt/ros/indigo/lib:/opt/ros/indigo/lib/x86_64-linux-gnu', 'LANG': 'en_US.UTF-8', 'TERM': 'xterm-256color', 'SHELL': '/bin/bash', 'SHLVL': '1', 'QT_QPA_PLATFORMTHEME': 'appmenu-qt5', 'ROS_LOG_FILENAME': '/home/vagrant/.ros/log/fc97f470-3e30-11e6-800d-080027a2ea64/roslaunch-ros-indigo-desktop-trusty64-3175.log', 'ROS_ETC_DIR': '/opt/ros/indigo/etc/ros', 'XDG_RUNTIME_DIR': '/run/user/1000', 'PYTHONPATH': '/opt/ros/indigo/lib/python2.7/dist-packages', 'ROS_ROOT': '/opt/ros/indigo/share/ros', 'PKG_CONFIG_PATH': '/opt/ros/indigo/lib/pkgconfig:/opt/ros/indigo/lib/x86_64-linux-gnu/pkgconfig', 'ROS_PACKAGE_PATH': '/opt/ros/indigo/share:/opt/ros/indigo/stacks', 'XDG_SESSION_ID': '2', '_': '/opt/ros/indigo/bin/roslaunch', 'SSH_TTY': '/dev/pts/0', 'ROSLISP_PACKAGE_DIRECTORIES': '', 'PWD': '/home/vagrant', 'ROS_MASTER_URI': 'http://localhost:11311', 'MAIL': '/var/mail/vagrant', 'SSH_CONNECTION': '10.0.2.2 56216 10.0.2.15 22'}
[roslaunch][INFO] 2016-06-29 19:37:59,962: starting in server mode
[roslaunch.parent][INFO] 2016-06-29 19:37:59,962: starting roslaunch parent run
[roslaunch][INFO] 2016-06-29 19:37:59,964: loading roscore config file /opt/ros/indigo/etc/ros/roscore.xml
[roslaunch][INFO] 2016-06-29 19:38:00,070: Added core node of type [rosout/rosout] in namespace [/]
[roslaunch.config][INFO] 2016-06-29 19:38:00,071: loading config file /opt/ros/indigo/share/rosbridge_server/launch/rosbridge_websocket.launch
[roslaunch][INFO] 2016-06-29 19:38:00,076: Added node of type [rosbridge_server/rosbridge_websocket] in namespace [/]
[roslaunch][INFO] 2016-06-29 19:38:00,077: Added node of type [rosapi/rosapi_node] in namespace [/]
[roslaunch][INFO] 2016-06-29 19:38:00,078: ... selected machine [] for node of type [rosbridge_server/rosbridge_websocket]
[roslaunch][INFO] 2016-06-29 19:38:00,078: ... selected machine [] for node of type [rosapi/rosapi_node]
[roslaunch.pmon][INFO] 2016-06-29 19:38:00,088: start_process_monitor: creating ProcessMonitor
[roslaunch.pmon][INFO] 2016-06-29 19:38:00,089: created process monitor <ProcessMonitor(ProcessMonitor-1, initial daemon)>
[roslaunch.pmon][INFO] 2016-06-29 19:38:00,090: start_process_monitor: ProcessMonitor started
[roslaunch.parent][INFO] 2016-06-29 19:38:00,091: starting parent XML-RPC server
[roslaunch.server][INFO] 2016-06-29 19:38:00,092: starting roslaunch XML-RPC server
[roslaunch.server][INFO] 2016-06-29 19:38:00,095: waiting for roslaunch XML-RPC server to initialize
[xmlrpc][INFO] 2016-06-29 19:38:00,096: XML-RPC server binding to 0.0.0.0:0
[xmlrpc][INFO] 2016-06-29 19:38:00,097: Started XML-RPC server [http://ros-indigo-desktop-trusty64:54308/]
[xmlrpc][INFO] 2016-06-29 19:38:00,098: xml rpc node: starting XML-RPC server
[roslaunch][INFO] 2016-06-29 19:38:00,111: started roslaunch server http://ros-indigo-desktop-trusty64:54308/
[roslaunch.parent][INFO] 2016-06-29 19:38:00,112: ... parent XML-RPC server started
[roslaunch][INFO] 2016-06-29 19:38:00,115: master.is_running[http://localhost:11311]
[roslaunch][INFO] 2016-06-29 19:38:00,116: auto-starting new master
[roslaunch][INFO] 2016-06-29 19:38:00,117: create_master_process: rosmaster, /opt/ros/indigo/share/ros, 11311
[roslaunch][INFO] 2016-06-29 19:38:00,117: process[master]: launching with args [['rosmaster', '--core', '-p', '11311']]
[roslaunch.pmon][INFO] 2016-06-29 19:38:00,117: ProcessMonitor.register[master]
[roslaunch.pmon][INFO] 2016-06-29 19:38:00,118: ProcessMonitor.register[master] complete
[roslaunch][INFO] 2016-06-29 19:38:00,119: process[master]: starting os process
[roslaunch][INFO] 2016-06-29 19:38:00,120: process[master]: start w/ args [['rosmaster', '--core', '-p', '11311', '__log:=/home/vagrant/.ros/log/fc97f470-3e30-11e6-800d-080027a2ea64/master.log']]
[roslaunch][INFO] 2016-06-29 19:38:00,120: process[master]: cwd will be [/home/vagrant/.ros]
[roslaunch][INFO] 2016-06-29 19:38:00,127: process[master]: started with pid [3187]
[roslaunch][INFO] 2016-06-29 19:38:00,129: master.is_running[http://localhost:11311]
[roslaunch][INFO] 2016-06-29 19:38:00,232: master.is_running[http://localhost:11311]
[roslaunch][INFO] 2016-06-29 19:38:00,344: master.is_running[http://localhost:11311]
[roslaunch][INFO] 2016-06-29 19:38:00,350: master.is_running[http://localhost:11311]
[roslaunch][INFO] 2016-06-29 19:38:00,354: ROS_MASTER_URI=http://localhost:11311
[roslaunch][INFO] 2016-06-29 19:38:00,382: setting /run_id to fc97f470-3e30-11e6-800d-080027a2ea64
[roslaunch][INFO] 2016-06-29 19:38:00,401: setting /roslaunch/uris/host_ros_indigo_desktop_trusty64__54308' to http://ros-indigo-desktop-trusty64:54308/
[roslaunch][INFO] 2016-06-29 19:38:00,411: ... preparing to launch node of type [rosout/rosout]
[roslaunch][INFO] 2016-06-29 19:38:00,411: create_node_process: package[rosout] type[rosout] machine[Machine(name[] env_loader[None] address[localhost] ssh_port[22] user[None] assignable[True] timeout[10.0])] master_uri[http://localhost:11311]
[roslaunch][INFO] 2016-06-29 19:38:00,412: process[rosout-1]: env[{'ROS_DISTRO': 'indigo', 'SSH_CLIENT': '10.0.2.2 56216 22', 'CPATH': '/opt/ros/indigo/include', 'LOGNAME': 'vagrant', 'USER': 'vagrant', 'PATH': '/opt/ros/indigo/bin:/usr/local/sbin:/usr/local/bin:/usr/sbin:/usr/bin:/sbin:/bin:/usr/games:/usr/local/games', 'HOME': '/home/vagrant', 'CMAKE_PREFIX_PATH': '/opt/ros/indigo', 'ROS_LOG_FILENAME': '/home/vagrant/.ros/log/fc97f470-3e30-11e6-800d-080027a2ea64/roslaunch-ros-indigo-desktop-trusty64-3175.log', 'LANG': 'en_US.UTF-8', 'TERM': 'xterm-256color', 'SHELL': '/bin/bash', 'SHLVL': '1', 'QT_QPA_PLATFORMTHEME': 'appmenu-qt5', 'LD_LIBRARY_PATH': '/opt/ros/indigo/lib:/opt/ros/indigo/lib/x86_64-linux-gnu', 'ROS_MASTER_URI': 'http://localhost:11311', 'XDG_RUNTIME_DIR': '/run/user/1000', 'PYTHONPATH': '/opt/ros/indigo/lib/python2.7/dist-packages', 'ROS_ROOT': '/opt/ros/indigo/share/ros', 'PKG_CONFIG_PATH': '/opt/ros/indigo/lib/pkgconfig:/opt/ros/indigo/lib/x86_64-linux-gnu/pkgconfig', 'ROS_PACKAGE_PATH': '/opt/ros/indigo/share:/opt/ros/indigo/stacks', 'XDG_SESSION_ID': '2', '_': '/opt/ros/indigo/bin/roslaunch', 'SSH_TTY': '/dev/pts/0', 'ROSLISP_PACKAGE_DIRECTORIES': '', 'PWD': '/home/vagrant', 'ROS_ETC_DIR': '/opt/ros/indigo/etc/ros', 'MAIL': '/var/mail/vagrant', 'SSH_CONNECTION': '10.0.2.2 56216 10.0.2.15 22'}]
[roslaunch][INFO] 2016-06-29 19:38:00,451: process[rosout-1]: args[[u'/opt/ros/indigo/lib/rosout/rosout', u'__name:=rosout']]
[roslaunch][INFO] 2016-06-29 19:38:00,451: ... created process [rosout-1]
[roslaunch.pmon][INFO] 2016-06-29 19:38:00,452: ProcessMonitor.register[rosout-1]
[roslaunch.pmon][INFO] 2016-06-29 19:38:00,452: ProcessMonitor.register[rosout-1] complete
[roslaunch][INFO] 2016-06-29 19:38:00,453: ... registered process [rosout-1]
[roslaunch][INFO] 2016-06-29 19:38:00,453: process[rosout-1]: starting os process
[roslaunch][INFO] 2016-06-29 19:38:00,456: process[rosout-1]: start w/ args [[u'/opt/ros/indigo/lib/rosout/rosout', u'__name:=rosout', u'__log:=/home/vagrant/.ros/log/fc97f470-3e30-11e6-800d-080027a2ea64/rosout-1.log']]
[roslaunch][INFO] 2016-06-29 19:38:00,456: process[rosout-1]: cwd will be [/home/vagrant/.ros]
[roslaunch][INFO] 2016-06-29 19:38:00,465: process[rosout-1]: started with pid [3200]
[roslaunch][INFO] 2016-06-29 19:38:00,467: ... successfully launched [rosout-1]
[roslaunch][INFO] 2016-06-29 19:38:00,468: load_parameters starting ...
[roslaunch][INFO] 2016-06-29 19:38:00,483: ... load_parameters complete
[roslaunch][INFO] 2016-06-29 19:38:00,483: launch_nodes: launching local nodes ...
[roslaunch][INFO] 2016-06-29 19:38:00,484: ... preparing to launch node of type [rosbridge_server/rosbridge_websocket]
[roslaunch][INFO] 2016-06-29 19:38:00,485: create_node_process: package[rosbridge_server] type[rosbridge_websocket] machine[Machine(name[] env_loader[None] address[localhost] ssh_port[22] user[None] assignable[True] timeout[10.0])] master_uri[http://localhost:11311]
[roslaunch][INFO] 2016-06-29 19:38:00,486: process[rosbridge_websocket-2]: env[{'ROS_DISTRO': 'indigo', 'SSH_CLIENT': '10.0.2.2 56216 22', 'CPATH': '/opt/ros/indigo/include', 'LOGNAME': 'vagrant', 'USER': 'vagrant', 'PATH': '/opt/ros/indigo/bin:/usr/local/sbin:/usr/local/bin:/usr/sbin:/usr/bin:/sbin:/bin:/usr/games:/usr/local/games', 'HOME': '/home/vagrant', 'CMAKE_PREFIX_PATH': '/opt/ros/indigo', 'ROS_LOG_FILENAME': '/home/vagrant/.ros/log/fc97f470-3e30-11e6-800d-080027a2ea64/roslaunch-ros-indigo-desktop-trusty64-3175.log', 'LANG': 'en_US.UTF-8', 'TERM': 'xterm-256color', 'SHELL': '/bin/bash', 'SHLVL': '1', 'QT_QPA_PLATFORMTHEME': 'appmenu-qt5', 'LD_LIBRARY_PATH': '/opt/ros/indigo/lib:/opt/ros/indigo/lib/x86_64-linux-gnu', 'ROS_MASTER_URI': 'http://localhost:11311', 'XDG_RUNTIME_DIR': '/run/user/1000', 'PYTHONPATH': '/opt/ros/indigo/lib/python2.7/dist-packages', 'ROS_ROOT': '/opt/ros/indigo/share/ros', 'PKG_CONFIG_PATH': '/opt/ros/indigo/lib/pkgconfig:/opt/ros/indigo/lib/x86_64-linux-gnu/pkgconfig', 'ROS_PACKAGE_PATH': '/opt/ros/indigo/share:/opt/ros/indigo/stacks', 'XDG_SESSION_ID': '2', '_': '/opt/ros/indigo/bin/roslaunch', 'SSH_TTY': '/dev/pts/0', 'ROSLISP_PACKAGE_DIRECTORIES': '', 'PWD': '/home/vagrant', 'ROS_ETC_DIR': '/opt/ros/indigo/etc/ros', 'MAIL': '/var/mail/vagrant', 'SSH_CONNECTION': '10.0.2.2 56216 10.0.2.15 22'}]
[roslaunch][INFO] 2016-06-29 19:38:00,535: process[rosbridge_websocket-2]: args[[u'/opt/ros/indigo/lib/rosbridge_server/rosbridge_websocket', u'__name:=rosbridge_websocket']]
[roslaunch][INFO] 2016-06-29 19:38:00,536: ... created process [rosbridge_websocket-2]
[roslaunch.pmon][INFO] 2016-06-29 19:38:00,537: ProcessMonitor.register[rosbridge_websocket-2]
[roslaunch.pmon][INFO] 2016-06-29 19:38:00,538: ProcessMonitor.register[rosbridge_websocket-2] complete
[roslaunch][INFO] 2016-06-29 19:38:00,540: ... registered process [rosbridge_websocket-2]
[roslaunch][INFO] 2016-06-29 19:38:00,543: process[rosbridge_websocket-2]: starting os process
[roslaunch][INFO] 2016-06-29 19:38:00,545: process[rosbridge_websocket-2]: start w/ args [[u'/opt/ros/indigo/lib/rosbridge_server/rosbridge_websocket', u'__name:=rosbridge_websocket', u'__log:=/home/vagrant/.ros/log/fc97f470-3e30-11e6-800d-080027a2ea64/rosbridge_websocket-2.log']]
[roslaunch][INFO] 2016-06-29 19:38:00,545: process[rosbridge_websocket-2]: cwd will be [/home/vagrant/.ros]
[roslaunch][INFO] 2016-06-29 19:38:00,550: process[rosbridge_websocket-2]: started with pid [3203]
[roslaunch][INFO] 2016-06-29 19:38:00,551: ... successfully launched [rosbridge_websocket-2]
[roslaunch][INFO] 2016-06-29 19:38:00,551: ... preparing to launch node of type [rosapi/rosapi_node]
[roslaunch][INFO] 2016-06-29 19:38:00,551: create_node_process: package[rosapi] type[rosapi_node] machine[Machine(name[] env_loader[None] address[localhost] ssh_port[22] user[None] assignable[True] timeout[10.0])] master_uri[http://localhost:11311]
[roslaunch][INFO] 2016-06-29 19:38:00,552: process[rosapi-3]: env[{'ROS_DISTRO': 'indigo', 'SSH_CLIENT': '10.0.2.2 56216 22', 'CPATH': '/opt/ros/indigo/include', 'LOGNAME': 'vagrant', 'USER': 'vagrant', 'PATH': '/opt/ros/indigo/bin:/usr/local/sbin:/usr/local/bin:/usr/sbin:/usr/bin:/sbin:/bin:/usr/games:/usr/local/games', 'HOME': '/home/vagrant', 'CMAKE_PREFIX_PATH': '/opt/ros/indigo', 'ROS_LOG_FILENAME': '/home/vagrant/.ros/log/fc97f470-3e30-11e6-800d-080027a2ea64/roslaunch-ros-indigo-desktop-trusty64-3175.log', 'LANG': 'en_US.UTF-8', 'TERM': 'xterm-256color', 'SHELL': '/bin/bash', 'SHLVL': '1', 'QT_QPA_PLATFORMTHEME': 'appmenu-qt5', 'LD_LIBRARY_PATH': '/opt/ros/indigo/lib:/opt/ros/indigo/lib/x86_64-linux-gnu', 'ROS_MASTER_URI': 'http://localhost:11311', 'XDG_RUNTIME_DIR': '/run/user/1000', 'PYTHONPATH': '/opt/ros/indigo/lib/python2.7/dist-packages', 'ROS_ROOT': '/opt/ros/indigo/share/ros', 'PKG_CONFIG_PATH': '/opt/ros/indigo/lib/pkgconfig:/opt/ros/indigo/lib/x86_64-linux-gnu/pkgconfig', 'ROS_PACKAGE_PATH': '/opt/ros/indigo/share:/opt/ros/indigo/stacks', 'XDG_SESSION_ID': '2', '_': '/opt/ros/indigo/bin/roslaunch', 'SSH_TTY': '/dev/pts/0', 'ROSLISP_PACKAGE_DIRECTORIES': '', 'PWD': '/home/vagrant', 'ROS_ETC_DIR': '/opt/ros/indigo/etc/ros', 'MAIL': '/var/mail/vagrant', 'SSH_CONNECTION': '10.0.2.2 56216 10.0.2.15 22'}]
[roslaunch][INFO] 2016-06-29 19:38:00,595: process[rosapi-3]: args[[u'/opt/ros/indigo/lib/rosapi/rosapi_node', u'__name:=rosapi']]
[roslaunch][INFO] 2016-06-29 19:38:00,596: ... created process [rosapi-3]
[roslaunch.pmon][INFO] 2016-06-29 19:38:00,597: ProcessMonitor.register[rosapi-3]
[roslaunch.pmon][INFO] 2016-06-29 19:38:00,598: ProcessMonitor.register[rosapi-3] complete
[roslaunch][INFO] 2016-06-29 19:38:00,599: ... registered process [rosapi-3]
[roslaunch][INFO] 2016-06-29 19:38:00,599: process[rosapi-3]: starting os process
[roslaunch][INFO] 2016-06-29 19:38:00,619: process[rosapi-3]: start w/ args [[u'/opt/ros/indigo/lib/rosapi/rosapi_node', u'__name:=rosapi', u'__log:=/home/vagrant/.ros/log/fc97f470-3e30-11e6-800d-080027a2ea64/rosapi-3.log']]
[roslaunch][INFO] 2016-06-29 19:38:00,620: process[rosapi-3]: cwd will be [/home/vagrant/.ros]
[roslaunch][INFO] 2016-06-29 19:38:00,633: process[rosapi-3]: started with pid [3218]
[roslaunch][INFO] 2016-06-29 19:38:00,634: ... successfully launched [rosapi-3]
[roslaunch][INFO] 2016-06-29 19:38:00,635: ... launch_nodes complete
[roslaunch.pmon][INFO] 2016-06-29 19:38:00,636: registrations completed <ProcessMonitor(ProcessMonitor-1, started daemon 140547445745408)>
[roslaunch.parent][INFO] 2016-06-29 19:38:00,636: ... roslaunch parent running, waiting for process exit
[roslaunch][INFO] 2016-06-29 19:38:00,637: spin
[roslaunch.pmon][INFO] 2016-06-29 19:54:26,208: ProcessMonitor.shutdown <ProcessMonitor(ProcessMonitor-1, started daemon 140547445745408)>
[roslaunch.pmon][INFO] 2016-06-29 19:54:26,300: ProcessMonitor._post_run <ProcessMonitor(ProcessMonitor-1, started daemon 140547445745408)>
[roslaunch.pmon][INFO] 2016-06-29 19:54:26,302: ProcessMonitor._post_run <ProcessMonitor(ProcessMonitor-1, started daemon 140547445745408)>: remaining procs are [<roslaunch.nodeprocess.LocalProcess object at 0x7fd3c0b4d350>, <roslaunch.nodeprocess.LocalProcess object at 0x7fd3c0b4d390>, <roslaunch.nodeprocess.LocalProcess object at 0x7fd3c0b4df90>, <roslaunch.nodeprocess.LocalProcess object at 0x7fd3c0b4d890>]
[roslaunch.pmon][INFO] 2016-06-29 19:54:26,302: ProcessMonitor exit: killing rosapi-3
[roslaunch.pmon][INFO] 2016-06-29 19:54:26,303: ProcessMonitor exit: killing rosbridge_websocket-2
[roslaunch][INFO] 2016-06-29 19:54:26,303: [rosapi-3] killing on exit
[roslaunch][INFO] 2016-06-29 19:54:26,305: [rosbridge_websocket-2] killing on exit
[roslaunch][INFO] 2016-06-29 19:54:26,307: process[rosbridge_websocket-2]: killing os process with pid[3203] pgid[3203]
[roslaunch][INFO] 2016-06-29 19:54:26,307: [rosbridge_websocket-2] sending SIGINT to pgid [3203]
[roslaunch][INFO] 2016-06-29 19:54:26,308: [rosbridge_websocket-2] sent SIGINT to pgid [3203]
[roslaunch][INFO] 2016-06-29 19:54:26,307: process[rosapi-3]: killing os process with pid[3218] pgid[3218]
[roslaunch][INFO] 2016-06-29 19:54:26,311: [rosapi-3] sending SIGINT to pgid [3218]
[roslaunch][INFO] 2016-06-29 19:54:26,312: [rosapi-3] sent SIGINT to pgid [3218]
[roslaunch][INFO] 2016-06-29 19:54:26,510: process[rosbridge_websocket-2]: SIGINT killed with return value 0
[roslaunch][INFO] 2016-06-29 19:54:27,019: process[rosapi-3]: SIGINT killed with return value 0
[roslaunch.pmon][INFO] 2016-06-29 19:54:27,021: ProcessMonitor exit: killing rosout-1
[roslaunch][INFO] 2016-06-29 19:54:27,022: [rosout-1] killing on exit
[roslaunch][INFO] 2016-06-29 19:54:27,023: process[rosout-1]: killing os process with pid[3200] pgid[3200]
[roslaunch][INFO] 2016-06-29 19:54:27,025: [rosout-1] sending SIGINT to pgid [3200]
[roslaunch][INFO] 2016-06-29 19:54:27,026: [rosout-1] sent SIGINT to pgid [3200]
[roslaunch][INFO] 2016-06-29 19:54:27,227: process[rosout-1]: SIGINT killed with return value 0
[roslaunch.pmon][INFO] 2016-06-29 19:54:27,229: ProcessMonitor exit: killing master
[roslaunch][INFO] 2016-06-29 19:54:27,230: [master] killing on exit
[roslaunch][INFO] 2016-06-29 19:54:27,231: process[master]: killing os process with pid[3187] pgid[3187]
[roslaunch][INFO] 2016-06-29 19:54:27,232: [master] sending SIGINT to pgid [3187]
[roslaunch][INFO] 2016-06-29 19:54:27,232: [master] sent SIGINT to pgid [3187]
[roslaunch][INFO] 2016-06-29 19:54:27,435: process[master]: SIGINT killed with return value 0
[roslaunch.pmon][INFO] 2016-06-29 19:54:27,435: ProcessMonitor exit: cleaning up data structures and signals
[roslaunch.pmon][INFO] 2016-06-29 19:54:27,436: ProcessMonitor exit: pmon has shutdown
[roslaunch][INFO] 2016-06-29 19:54:27,460: process monitor is done spinning, initiating full shutdown
[roslaunch][INFO] 2016-06-29 19:54:27,461: runner.stop()
[roslaunch][INFO] 2016-06-29 19:54:27,461: shutting down processing monitor...
[roslaunch][INFO] 2016-06-29 19:54:27,462: shutting down processing monitor <ProcessMonitor(ProcessMonitor-1, stopped daemon 140547445745408)>
[roslaunch.pmon][INFO] 2016-06-29 19:54:27,463: ProcessMonitor.shutdown <ProcessMonitor(ProcessMonitor-1, stopped daemon 140547445745408)>
[roslaunch][INFO] 2016-06-29 19:54:27,463: ... shutting down processing monitor complete
[roslaunch][INFO] 2016-06-29 19:54:27,464: done
[roslaunch.pmon][INFO] 2016-06-29 19:54:27,464: ProcessMonitor.shutdown <ProcessMonitor(ProcessMonitor-1, stopped daemon 140547445745408)>
[rospy.core][INFO] 2016-06-29 19:54:27,465: signal_shutdown [atexit]
