[rospy.client][INFO] 2016-07-18 19:08:31,942: init_node, name[/joint_state_publisher], pid[11637]
[xmlrpc][INFO] 2016-07-18 19:08:31,944: XML-RPC server binding to 0.0.0.0:0
[xmlrpc][INFO] 2016-07-18 19:08:31,945: Started XML-RPC server [http://ros-indigo-desktop-trusty64:43081/]
[rospy.impl.masterslave][INFO] 2016-07-18 19:08:31,946: _ready: http://ros-indigo-desktop-trusty64:43081/
[rospy.init][INFO] 2016-07-18 19:08:31,945: ROS Slave URI: [http://ros-indigo-desktop-trusty64:43081/]
[xmlrpc][INFO] 2016-07-18 19:08:31,947: xml rpc node: starting XML-RPC server
[rospy.registration][INFO] 2016-07-18 19:08:31,948: Registering with master node http://localhost:11311
[rospy.init][INFO] 2016-07-18 19:08:32,049: registered with master
[rospy.rosout][INFO] 2016-07-18 19:08:32,050: initializing /rosout core topic
[rospy.rosout][INFO] 2016-07-18 19:08:32,056: connected to core topic /rosout
[rospy.simtime][INFO] 2016-07-18 19:08:32,059: /use_sim_time is not set, will not subscribe to simulated time [/clock] topic
[rospy.internal][INFO] 2016-07-18 19:08:32,260: topic[/rosout] adding connection to [/rosout], count 0
[rospy.core][INFO] 2016-07-18 19:08:40,424: signal_shutdown [signal-2]
[rospy.internal][INFO] 2016-07-18 19:08:40,431: topic[/rosout] removing connection to /rosout
[rospy.impl.masterslave][INFO] 2016-07-18 19:08:40,431: signal-2
[rospy.core][INFO] 2016-07-18 19:08:40,576: signal_shutdown [atexit]
[rospy.client][INFO] 2016-07-19 20:16:56,316: init_node, name[/joint_state_publisher], pid[23443]
[xmlrpc][INFO] 2016-07-19 20:16:56,325: XML-RPC server binding to 0.0.0.0:0
[xmlrpc][INFO] 2016-07-19 20:16:56,326: Started XML-RPC server [http://ros-indigo-desktop-trusty64:48135/]
[rospy.init][INFO] 2016-07-19 20:16:56,327: ROS Slave URI: [http://ros-indigo-desktop-trusty64:48135/]
[rospy.impl.masterslave][INFO] 2016-07-19 20:16:56,327: _ready: http://ros-indigo-desktop-trusty64:48135/
[rospy.registration][INFO] 2016-07-19 20:16:56,331: Registering with master node http://localhost:11311
[xmlrpc][INFO] 2016-07-19 20:16:56,331: xml rpc node: starting XML-RPC server
[rospy.init][INFO] 2016-07-19 20:16:56,430: registered with master
[rospy.rosout][INFO] 2016-07-19 20:16:56,431: initializing /rosout core topic
[rospy.rosout][INFO] 2016-07-19 20:16:56,437: connected to core topic /rosout
[rospy.simtime][INFO] 2016-07-19 20:16:56,440: initializing /clock core topic
[rospy.simtime][INFO] 2016-07-19 20:16:56,451: connected to core topic /clock
[rospy.core][INFO] 2016-07-19 20:16:56,597: signal_shutdown [atexit]
[rospy.impl.masterslave][INFO] 2016-07-19 20:16:56,607: atexit
[rospy.client][INFO] 2016-07-19 20:17:07,056: init_node, name[/joint_state_publisher], pid[23502]
[xmlrpc][INFO] 2016-07-19 20:17:07,065: XML-RPC server binding to 0.0.0.0:0
[xmlrpc][INFO] 2016-07-19 20:17:07,066: Started XML-RPC server [http://ros-indigo-desktop-trusty64:40147/]
[rospy.init][INFO] 2016-07-19 20:17:07,067: ROS Slave URI: [http://ros-indigo-desktop-trusty64:40147/]
[rospy.impl.masterslave][INFO] 2016-07-19 20:17:07,067: _ready: http://ros-indigo-desktop-trusty64:40147/
[rospy.registration][INFO] 2016-07-19 20:17:07,070: Registering with master node http://localhost:11311
[xmlrpc][INFO] 2016-07-19 20:17:07,070: xml rpc node: starting XML-RPC server
[rospy.init][INFO] 2016-07-19 20:17:07,168: registered with master
[rospy.rosout][INFO] 2016-07-19 20:17:07,169: initializing /rosout core topic
[rospy.rosout][INFO] 2016-07-19 20:17:07,176: connected to core topic /rosout
[rospy.simtime][INFO] 2016-07-19 20:17:07,179: initializing /clock core topic
[rospy.simtime][INFO] 2016-07-19 20:17:07,191: connected to core topic /clock
[rospy.core][INFO] 2016-07-19 20:17:07,282: signal_shutdown [atexit]
[rospy.impl.masterslave][INFO] 2016-07-19 20:17:07,288: atexit
[rospy.client][INFO] 2016-07-19 21:06:09,451: init_node, name[/joint_state_publisher], pid[26539]
[xmlrpc][INFO] 2016-07-19 21:06:09,453: XML-RPC server binding to 0.0.0.0:0
[xmlrpc][INFO] 2016-07-19 21:06:09,454: Started XML-RPC server [http://ros-indigo-desktop-trusty64:44241/]
[rospy.init][INFO] 2016-07-19 21:06:09,454: ROS Slave URI: [http://ros-indigo-desktop-trusty64:44241/]
[rospy.impl.masterslave][INFO] 2016-07-19 21:06:09,455: _ready: http://ros-indigo-desktop-trusty64:44241/
[xmlrpc][INFO] 2016-07-19 21:06:09,457: xml rpc node: starting XML-RPC server
[rospy.registration][INFO] 2016-07-19 21:06:09,457: Registering with master node http://localhost:11311
[rospy.init][INFO] 2016-07-19 21:06:09,557: registered with master
[rospy.rosout][INFO] 2016-07-19 21:06:09,558: initializing /rosout core topic
[rospy.rosout][INFO] 2016-07-19 21:06:09,565: connected to core topic /rosout
[rospy.simtime][INFO] 2016-07-19 21:06:09,567: initializing /clock core topic
[rospy.simtime][INFO] 2016-07-19 21:06:09,581: connected to core topic /clock
[rospy.internal][INFO] 2016-07-19 21:06:09,776: topic[/rosout] adding connection to [/rosout], count 0
[rospy.internal][INFO] 2016-07-19 21:06:09,863: topic[/joint_states] adding connection to [/move_group], count 0
