[rospy.client][INFO] 2016-07-19 17:01:27,441: init_node, name[/spawn_model], pid[18121]
[xmlrpc][INFO] 2016-07-19 17:01:27,442: XML-RPC server binding to 0.0.0.0:0
[xmlrpc][INFO] 2016-07-19 17:01:27,443: Started XML-RPC server [http://ros-indigo-desktop-trusty64:38862/]
[rospy.init][INFO] 2016-07-19 17:01:27,443: ROS Slave URI: [http://ros-indigo-desktop-trusty64:38862/]
[rospy.impl.masterslave][INFO] 2016-07-19 17:01:27,444: _ready: http://ros-indigo-desktop-trusty64:38862/
[xmlrpc][INFO] 2016-07-19 17:01:27,446: xml rpc node: starting XML-RPC server
[rospy.registration][INFO] 2016-07-19 17:01:27,447: Registering with master node http://localhost:11311
[rospy.init][INFO] 2016-07-19 17:01:27,545: registered with master
[rospy.rosout][INFO] 2016-07-19 17:01:27,547: initializing /rosout core topic
[rospy.rosout][INFO] 2016-07-19 17:01:27,554: connected to core topic /rosout
[rospy.simtime][INFO] 2016-07-19 17:01:27,557: initializing /clock core topic
[rospy.simtime][INFO] 2016-07-19 17:01:27,568: connected to core topic /clock
[rosout][INFO] 2016-07-19 17:01:27,574: Loading model xml from file
[rosout][INFO] 2016-07-19 17:01:27,594: Waiting for service /gazebo/spawn_urdf_model
[rospy.internal][INFO] 2016-07-19 17:01:27,797: topic[/rosout] adding connection to [/rosout], count 0
[rospy.core][INFO] 2016-07-19 17:15:42,062: signal_shutdown [signal-2]
[rospy.internal][INFO] 2016-07-19 17:15:42,318: topic[/rosout] removing connection to /rosout
[rospy.impl.masterslave][INFO] 2016-07-19 17:15:42,347: signal-2
[rospy.core][INFO] 2016-07-19 17:15:42,887: signal_shutdown [signal-2]
[rospy.core][INFO] 2016-07-19 17:15:43,046: signal_shutdown [signal-2]
[rospy.core][INFO] 2016-07-19 17:15:43,985: signal_shutdown [atexit]
