[roslaunch][INFO] 2016-07-13 20:43:08,184: Checking log directory for disk usage. This may take awhile.
Press Ctrl-C to interrupt
[roslaunch][INFO] 2016-07-13 20:43:08,303: Done checking log file disk usage. Usage is <1GB.
[roslaunch][INFO] 2016-07-13 20:43:08,304: roslaunch starting with args ['/opt/ros/indigo/bin/roslaunch', 'mico_moveit_config', 'path_planning.launch']
[roslaunch][INFO] 2016-07-13 20:43:08,306: roslaunch env is {'ROS_DISTRO': 'indigo', 'SSH_CLIENT': '10.0.2.2 57347 22', 'CPATH': '/home/vagrant/therblig-motion-library/mico/wpi_jaco/devel/include:/opt/ros/indigo/include', 'LOGNAME': 'vagrant', 'USER': 'vagrant', 'HOME': '/home/vagrant', 'PATH': '/home/vagrant/therblig-motion-library/mico/wpi_jaco/devel/bin:/opt/ros/indigo/bin:/usr/local/sbin:/usr/local/bin:/usr/sbin:/usr/bin:/sbin:/bin:/usr/games:/usr/local/games', 'CMAKE_PREFIX_PATH': '/home/vagrant/therblig-motion-library/mico/wpi_jaco/devel:/opt/ros/indigo', 'LD_LIBRARY_PATH': '/home/vagrant/therblig-motion-library/mico/wpi_jaco/devel/lib:/home/vagrant/therblig-motion-library/mico/wpi_jaco/devel/lib/x86_64-linux-gnu:/opt/ros/indigo/lib/x86_64-linux-gnu:/opt/ros/indigo/lib', 'LANG': 'en_US.UTF-8', 'TERM': 'xterm-256color', 'SHELL': '/bin/bash', 'SHLVL': '2', 'XDG_SESSION_ID': '4', 'QT_QPA_PLATFORMTHEME': 'appmenu-qt5', 'ROS_LOG_FILENAME': '/home/vagrant/.ros/log/67a20ab2-493a-11e6-baf2-080027a2ea64/roslaunch-ros-indigo-desktop-trusty64-8977.log', 'ROS_ETC_DIR': '/opt/ros/indigo/etc/ros', 'XDG_RUNTIME_DIR': '/run/user/1000', 'PYTHONPATH': '/home/vagrant/therblig-motion-library/mico/wpi_jaco/devel/lib/python2.7/dist-packages:/opt/ros/indigo/lib/python2.7/dist-packages', 'ROS_ROOT': '/opt/ros/indigo/share/ros', 'PKG_CONFIG_PATH': '/home/vagrant/therblig-motion-library/mico/wpi_jaco/devel/lib/pkgconfig:/home/vagrant/therblig-motion-library/mico/wpi_jaco/devel/lib/x86_64-linux-gnu/pkgconfig:/opt/ros/indigo/lib/x86_64-linux-gnu/pkgconfig:/opt/ros/indigo/lib/pkgconfig', 'ROS_PACKAGE_PATH': '/home/vagrant/therblig-motion-library/mico/wpi_jaco/src:/opt/ros/indigo/share:/opt/ros/indigo/stacks', 'ROS_TEST_RESULTS_DIR': '/home/vagrant/therblig-motion-library/mico/wpi_jaco/build/test_results', '_': '/opt/ros/indigo/bin/roslaunch', 'CATKIN_TEST_RESULTS_DIR': '/home/vagrant/therblig-motion-library/mico/wpi_jaco/build/test_results', 'SSH_TTY': '/dev/pts/3', 'OLDPWD': '/home/vagrant/therblig-motion-library/mico/wpi_jaco', 'ROSLISP_PACKAGE_DIRECTORIES': '/home/vagrant/therblig-motion-library/mico/wpi_jaco/devel/share/common-lisp', 'PWD': '/home/vagrant/therblig-motion-library/mico/wpi_jaco', 'ROS_MASTER_URI': 'http://localhost:11311', 'MAIL': '/var/mail/vagrant', 'SSH_CONNECTION': '10.0.2.2 57347 10.0.2.15 22'}
[roslaunch][INFO] 2016-07-13 20:43:08,307: starting in server mode
[roslaunch.parent][INFO] 2016-07-13 20:43:08,307: starting roslaunch parent run
[roslaunch][INFO] 2016-07-13 20:43:08,308: loading roscore config file /opt/ros/indigo/etc/ros/roscore.xml
[roslaunch][INFO] 2016-07-13 20:43:09,891: Added core node of type [rosout/rosout] in namespace [/]
[roslaunch.config][INFO] 2016-07-13 20:43:09,892: loading config file /home/vagrant/therblig-motion-library/mico/wpi_jaco/src/mico_moveit_config/launch/path_planning.launch
[roslaunch][INFO] 2016-07-13 20:43:11,255: Added node of type [wpi_jaco_wrapper/jaco_arm_trajectory_node] in namespace [/]
[roslaunch][INFO] 2016-07-13 20:43:11,256: Added node of type [wpi_jaco_wrapper/jaco_manipulation] in namespace [/]
[roslaunch][INFO] 2016-07-13 20:43:11,257: Added node of type [wpi_jaco_wrapper/jaco_conversions] in namespace [/]
[roslaunch][INFO] 2016-07-13 20:43:11,257: Added node of type [wpi_jaco_wrapper/jaco_kinematics] in namespace [/]
[roslaunch][INFO] 2016-07-13 20:43:13,500: Added node of type [robot_state_publisher/robot_state_publisher] in namespace [/]
[roslaunch][INFO] 2016-07-13 20:43:13,501: Added node of type [joint_state_publisher/joint_state_publisher] in namespace [/]
[roslaunch][INFO] 2016-07-13 20:43:20,524: Added node of type [moveit_ros_move_group/move_group] in namespace [/]
[roslaunch][INFO] 2016-07-13 20:43:21,131: Added node of type [rviz/rviz] in namespace [/]
[roslaunch][INFO] 2016-07-13 20:43:21,132: ... selected machine [] for node of type [wpi_jaco_wrapper/jaco_arm_trajectory_node]
[roslaunch][INFO] 2016-07-13 20:43:21,133: ... selected machine [] for node of type [wpi_jaco_wrapper/jaco_manipulation]
[roslaunch][INFO] 2016-07-13 20:43:21,133: ... selected machine [] for node of type [wpi_jaco_wrapper/jaco_conversions]
[roslaunch][INFO] 2016-07-13 20:43:21,133: ... selected machine [] for node of type [wpi_jaco_wrapper/jaco_kinematics]
[roslaunch][INFO] 2016-07-13 20:43:21,134: ... selected machine [] for node of type [robot_state_publisher/robot_state_publisher]
[roslaunch][INFO] 2016-07-13 20:43:21,134: ... selected machine [] for node of type [joint_state_publisher/joint_state_publisher]
[roslaunch][INFO] 2016-07-13 20:43:21,134: ... selected machine [] for node of type [moveit_ros_move_group/move_group]
[roslaunch][INFO] 2016-07-13 20:43:21,135: ... selected machine [] for node of type [rviz/rviz]
[roslaunch.pmon][INFO] 2016-07-13 20:43:21,149: start_process_monitor: creating ProcessMonitor
[roslaunch.pmon][INFO] 2016-07-13 20:43:21,150: created process monitor <ProcessMonitor(ProcessMonitor-1, initial daemon)>
[roslaunch.pmon][INFO] 2016-07-13 20:43:21,151: start_process_monitor: ProcessMonitor started
[roslaunch.parent][INFO] 2016-07-13 20:43:21,152: starting parent XML-RPC server
[roslaunch.server][INFO] 2016-07-13 20:43:21,152: starting roslaunch XML-RPC server
[roslaunch.server][INFO] 2016-07-13 20:43:21,153: waiting for roslaunch XML-RPC server to initialize
[xmlrpc][INFO] 2016-07-13 20:43:21,153: XML-RPC server binding to 0.0.0.0:0
[xmlrpc][INFO] 2016-07-13 20:43:21,154: Started XML-RPC server [http://ros-indigo-desktop-trusty64:37757/]
[xmlrpc][INFO] 2016-07-13 20:43:21,154: xml rpc node: starting XML-RPC server
[roslaunch][INFO] 2016-07-13 20:43:21,174: started roslaunch server http://ros-indigo-desktop-trusty64:37757/
[roslaunch.parent][INFO] 2016-07-13 20:43:21,176: ... parent XML-RPC server started
[roslaunch][INFO] 2016-07-13 20:43:21,188: master.is_running[http://localhost:11311]
[roslaunch][INFO] 2016-07-13 20:43:21,192: auto-starting new master
[roslaunch][INFO] 2016-07-13 20:43:21,193: create_master_process: rosmaster, /opt/ros/indigo/share/ros, 11311
[roslaunch][INFO] 2016-07-13 20:43:21,194: process[master]: launching with args [['rosmaster', '--core', '-p', '11311']]
[roslaunch.pmon][INFO] 2016-07-13 20:43:21,195: ProcessMonitor.register[master]
[roslaunch.pmon][INFO] 2016-07-13 20:43:21,195: ProcessMonitor.register[master] complete
[roslaunch][INFO] 2016-07-13 20:43:21,196: process[master]: starting os process
[roslaunch][INFO] 2016-07-13 20:43:21,201: process[master]: start w/ args [['rosmaster', '--core', '-p', '11311', '__log:=/home/vagrant/.ros/log/67a20ab2-493a-11e6-baf2-080027a2ea64/master.log']]
[roslaunch][INFO] 2016-07-13 20:43:21,205: process[master]: cwd will be [/home/vagrant/.ros]
[roslaunch][INFO] 2016-07-13 20:43:21,229: process[master]: started with pid [8997]
[roslaunch][INFO] 2016-07-13 20:43:21,230: master.is_running[http://localhost:11311]
[roslaunch][INFO] 2016-07-13 20:43:21,334: master.is_running[http://localhost:11311]
[roslaunch][INFO] 2016-07-13 20:43:21,436: master.is_running[http://localhost:11311]
[roslaunch][INFO] 2016-07-13 20:43:21,538: master.is_running[http://localhost:11311]
[roslaunch][INFO] 2016-07-13 20:43:21,641: master.is_running[http://localhost:11311]
[roslaunch][INFO] 2016-07-13 20:43:21,744: master.is_running[http://localhost:11311]
[roslaunch][INFO] 2016-07-13 20:43:21,847: master.is_running[http://localhost:11311]
[roslaunch][INFO] 2016-07-13 20:43:21,949: master.is_running[http://localhost:11311]
[roslaunch][INFO] 2016-07-13 20:43:22,053: master.is_running[http://localhost:11311]
[roslaunch][INFO] 2016-07-13 20:43:22,154: master.is_running[http://localhost:11311]
[roslaunch][INFO] 2016-07-13 20:43:22,255: master.is_running[http://localhost:11311]
[roslaunch][INFO] 2016-07-13 20:43:22,357: master.is_running[http://localhost:11311]
[roslaunch][INFO] 2016-07-13 20:43:22,458: master.is_running[http://localhost:11311]
[roslaunch][INFO] 2016-07-13 20:43:22,560: master.is_running[http://localhost:11311]
[roslaunch][INFO] 2016-07-13 20:43:22,662: master.is_running[http://localhost:11311]
[roslaunch][INFO] 2016-07-13 20:43:22,764: master.is_running[http://localhost:11311]
[roslaunch][INFO] 2016-07-13 20:43:22,768: master.is_running[http://localhost:11311]
[roslaunch][INFO] 2016-07-13 20:43:22,771: ROS_MASTER_URI=http://localhost:11311
[roslaunch][INFO] 2016-07-13 20:43:22,774: setting /run_id to 67a20ab2-493a-11e6-baf2-080027a2ea64
[roslaunch][INFO] 2016-07-13 20:43:22,779: setting /roslaunch/uris/host_ros_indigo_desktop_trusty64__37757' to http://ros-indigo-desktop-trusty64:37757/
[roslaunch][INFO] 2016-07-13 20:43:22,784: ... preparing to launch node of type [rosout/rosout]
[roslaunch][INFO] 2016-07-13 20:43:22,785: create_node_process: package[rosout] type[rosout] machine[Machine(name[] env_loader[None] address[localhost] ssh_port[22] user[None] assignable[True] timeout[10.0])] master_uri[http://localhost:11311]
[roslaunch][INFO] 2016-07-13 20:43:22,785: process[rosout-1]: env[{'ROS_DISTRO': 'indigo', 'SSH_CLIENT': '10.0.2.2 57347 22', 'CPATH': '/home/vagrant/therblig-motion-library/mico/wpi_jaco/devel/include:/opt/ros/indigo/include', 'LOGNAME': 'vagrant', 'USER': 'vagrant', 'HOME': '/home/vagrant', 'PATH': '/home/vagrant/therblig-motion-library/mico/wpi_jaco/devel/bin:/opt/ros/indigo/bin:/usr/local/sbin:/usr/local/bin:/usr/sbin:/usr/bin:/sbin:/bin:/usr/games:/usr/local/games', 'CMAKE_PREFIX_PATH': '/home/vagrant/therblig-motion-library/mico/wpi_jaco/devel:/opt/ros/indigo', 'ROS_LOG_FILENAME': '/home/vagrant/.ros/log/67a20ab2-493a-11e6-baf2-080027a2ea64/roslaunch-ros-indigo-desktop-trusty64-8977.log', 'LANG': 'en_US.UTF-8', 'TERM': 'xterm-256color', 'SHELL': '/bin/bash', 'SHLVL': '2', 'ROS_TEST_RESULTS_DIR': '/home/vagrant/therblig-motion-library/mico/wpi_jaco/build/test_results', 'QT_QPA_PLATFORMTHEME': 'appmenu-qt5', 'LD_LIBRARY_PATH': '/home/vagrant/therblig-motion-library/mico/wpi_jaco/devel/lib:/home/vagrant/therblig-motion-library/mico/wpi_jaco/devel/lib/x86_64-linux-gnu:/opt/ros/indigo/lib/x86_64-linux-gnu:/opt/ros/indigo/lib', 'ROS_MASTER_URI': 'http://localhost:11311', 'XDG_RUNTIME_DIR': '/run/user/1000', 'PYTHONPATH': '/home/vagrant/therblig-motion-library/mico/wpi_jaco/devel/lib/python2.7/dist-packages:/opt/ros/indigo/lib/python2.7/dist-packages', 'ROS_ROOT': '/opt/ros/indigo/share/ros', 'PKG_CONFIG_PATH': '/home/vagrant/therblig-motion-library/mico/wpi_jaco/devel/lib/pkgconfig:/home/vagrant/therblig-motion-library/mico/wpi_jaco/devel/lib/x86_64-linux-gnu/pkgconfig:/opt/ros/indigo/lib/x86_64-linux-gnu/pkgconfig:/opt/ros/indigo/lib/pkgconfig', 'ROS_PACKAGE_PATH': '/home/vagrant/therblig-motion-library/mico/wpi_jaco/src:/opt/ros/indigo/share:/opt/ros/indigo/stacks', 'XDG_SESSION_ID': '4', '_': '/opt/ros/indigo/bin/roslaunch', 'CATKIN_TEST_RESULTS_DIR': '/home/vagrant/therblig-motion-library/mico/wpi_jaco/build/test_results', 'SSH_TTY': '/dev/pts/3', 'OLDPWD': '/home/vagrant/therblig-motion-library/mico/wpi_jaco', 'ROSLISP_PACKAGE_DIRECTORIES': '/home/vagrant/therblig-motion-library/mico/wpi_jaco/devel/share/common-lisp', 'PWD': '/home/vagrant/therblig-motion-library/mico/wpi_jaco', 'ROS_ETC_DIR': '/opt/ros/indigo/etc/ros', 'MAIL': '/var/mail/vagrant', 'SSH_CONNECTION': '10.0.2.2 57347 10.0.2.15 22'}]
[roslaunch][INFO] 2016-07-13 20:43:23,706: process[rosout-1]: args[[u'/opt/ros/indigo/lib/rosout/rosout', u'__name:=rosout']]
[roslaunch][INFO] 2016-07-13 20:43:23,707: ... created process [rosout-1]
[roslaunch.pmon][INFO] 2016-07-13 20:43:23,708: ProcessMonitor.register[rosout-1]
[roslaunch.pmon][INFO] 2016-07-13 20:43:23,709: ProcessMonitor.register[rosout-1] complete
[roslaunch][INFO] 2016-07-13 20:43:23,709: ... registered process [rosout-1]
[roslaunch][INFO] 2016-07-13 20:43:23,710: process[rosout-1]: starting os process
[roslaunch][INFO] 2016-07-13 20:43:23,714: process[rosout-1]: start w/ args [[u'/opt/ros/indigo/lib/rosout/rosout', u'__name:=rosout', u'__log:=/home/vagrant/.ros/log/67a20ab2-493a-11e6-baf2-080027a2ea64/rosout-1.log']]
[roslaunch][INFO] 2016-07-13 20:43:23,715: process[rosout-1]: cwd will be [/home/vagrant/.ros]
[roslaunch][INFO] 2016-07-13 20:43:23,723: process[rosout-1]: started with pid [9010]
[roslaunch][INFO] 2016-07-13 20:43:23,727: ... successfully launched [rosout-1]
[roslaunch][INFO] 2016-07-13 20:43:23,728: load_parameters starting ...
[roslaunch][INFO] 2016-07-13 20:43:23,855: ... load_parameters complete
[roslaunch][INFO] 2016-07-13 20:43:23,856: launch_nodes: launching local nodes ...
[roslaunch][INFO] 2016-07-13 20:43:23,857: ... preparing to launch node of type [wpi_jaco_wrapper/jaco_arm_trajectory_node]
[roslaunch][INFO] 2016-07-13 20:43:23,858: create_node_process: package[wpi_jaco_wrapper] type[jaco_arm_trajectory_node] machine[Machine(name[] env_loader[None] address[localhost] ssh_port[22] user[None] assignable[True] timeout[10.0])] master_uri[http://localhost:11311]
[roslaunch][INFO] 2016-07-13 20:43:23,859: process[jaco_arm_trajectory_node-2]: env[{'ROS_DISTRO': 'indigo', 'SSH_CLIENT': '10.0.2.2 57347 22', 'CPATH': '/home/vagrant/therblig-motion-library/mico/wpi_jaco/devel/include:/opt/ros/indigo/include', 'LOGNAME': 'vagrant', 'USER': 'vagrant', 'HOME': '/home/vagrant', 'PATH': '/home/vagrant/therblig-motion-library/mico/wpi_jaco/devel/bin:/opt/ros/indigo/bin:/usr/local/sbin:/usr/local/bin:/usr/sbin:/usr/bin:/sbin:/bin:/usr/games:/usr/local/games', 'CMAKE_PREFIX_PATH': '/home/vagrant/therblig-motion-library/mico/wpi_jaco/devel:/opt/ros/indigo', 'ROS_LOG_FILENAME': '/home/vagrant/.ros/log/67a20ab2-493a-11e6-baf2-080027a2ea64/roslaunch-ros-indigo-desktop-trusty64-8977.log', 'LANG': 'en_US.UTF-8', 'TERM': 'xterm-256color', 'SHELL': '/bin/bash', 'SHLVL': '2', 'ROS_TEST_RESULTS_DIR': '/home/vagrant/therblig-motion-library/mico/wpi_jaco/build/test_results', 'QT_QPA_PLATFORMTHEME': 'appmenu-qt5', 'LD_LIBRARY_PATH': '/home/vagrant/therblig-motion-library/mico/wpi_jaco/devel/lib:/home/vagrant/therblig-motion-library/mico/wpi_jaco/devel/lib/x86_64-linux-gnu:/opt/ros/indigo/lib/x86_64-linux-gnu:/opt/ros/indigo/lib', 'ROS_MASTER_URI': 'http://localhost:11311', 'XDG_RUNTIME_DIR': '/run/user/1000', 'PYTHONPATH': '/home/vagrant/therblig-motion-library/mico/wpi_jaco/devel/lib/python2.7/dist-packages:/opt/ros/indigo/lib/python2.7/dist-packages', 'ROS_ROOT': '/opt/ros/indigo/share/ros', 'PKG_CONFIG_PATH': '/home/vagrant/therblig-motion-library/mico/wpi_jaco/devel/lib/pkgconfig:/home/vagrant/therblig-motion-library/mico/wpi_jaco/devel/lib/x86_64-linux-gnu/pkgconfig:/opt/ros/indigo/lib/x86_64-linux-gnu/pkgconfig:/opt/ros/indigo/lib/pkgconfig', 'ROS_PACKAGE_PATH': '/home/vagrant/therblig-motion-library/mico/wpi_jaco/src:/opt/ros/indigo/share:/opt/ros/indigo/stacks', 'XDG_SESSION_ID': '4', '_': '/opt/ros/indigo/bin/roslaunch', 'CATKIN_TEST_RESULTS_DIR': '/home/vagrant/therblig-motion-library/mico/wpi_jaco/build/test_results', 'SSH_TTY': '/dev/pts/3', 'OLDPWD': '/home/vagrant/therblig-motion-library/mico/wpi_jaco', 'ROSLISP_PACKAGE_DIRECTORIES': '/home/vagrant/therblig-motion-library/mico/wpi_jaco/devel/share/common-lisp', 'PWD': '/home/vagrant/therblig-motion-library/mico/wpi_jaco', 'ROS_ETC_DIR': '/opt/ros/indigo/etc/ros', 'MAIL': '/var/mail/vagrant', 'SSH_CONNECTION': '10.0.2.2 57347 10.0.2.15 22'}]
[roslaunch][INFO] 2016-07-13 20:43:25,352: process[jaco_arm_trajectory_node-2]: args[[u'/home/vagrant/therblig-motion-library/mico/wpi_jaco/devel/lib/wpi_jaco_wrapper/jaco_arm_trajectory_node', u'mico_arm/fingers_controller:=mico_arm/fingers_controller/gripper', u'mico_arm/arm_controller:=mico_arm/arm_controller/trajectory', u'mico_arm/smooth_arm_controller:=mico_arm/smooth_arm_controller/trajectory', u'mico_arm/joint_velocity_controller:=mico_arm/joint_velocity_controller/trajectory', u'__name:=jaco_arm_trajectory_node']]
[roslaunch][INFO] 2016-07-13 20:43:25,353: ... created process [jaco_arm_trajectory_node-2]
[roslaunch.pmon][INFO] 2016-07-13 20:43:25,354: ProcessMonitor.register[jaco_arm_trajectory_node-2]
[roslaunch.pmon][INFO] 2016-07-13 20:43:25,354: ProcessMonitor.register[jaco_arm_trajectory_node-2] complete
[roslaunch][INFO] 2016-07-13 20:43:25,355: ... registered process [jaco_arm_trajectory_node-2]
[roslaunch][INFO] 2016-07-13 20:43:25,356: process[jaco_arm_trajectory_node-2]: starting os process
[roslaunch][INFO] 2016-07-13 20:43:25,357: process[jaco_arm_trajectory_node-2]: start w/ args [[u'/home/vagrant/therblig-motion-library/mico/wpi_jaco/devel/lib/wpi_jaco_wrapper/jaco_arm_trajectory_node', u'mico_arm/fingers_controller:=mico_arm/fingers_controller/gripper', u'mico_arm/arm_controller:=mico_arm/arm_controller/trajectory', u'mico_arm/smooth_arm_controller:=mico_arm/smooth_arm_controller/trajectory', u'mico_arm/joint_velocity_controller:=mico_arm/joint_velocity_controller/trajectory', u'__name:=jaco_arm_trajectory_node', u'__log:=/home/vagrant/.ros/log/67a20ab2-493a-11e6-baf2-080027a2ea64/jaco_arm_trajectory_node-2.log']]
[roslaunch][INFO] 2016-07-13 20:43:25,358: process[jaco_arm_trajectory_node-2]: cwd will be [/home/vagrant/.ros]
[roslaunch][INFO] 2016-07-13 20:43:25,366: process[jaco_arm_trajectory_node-2]: started with pid [9027]
[roslaunch][INFO] 2016-07-13 20:43:25,368: ... successfully launched [jaco_arm_trajectory_node-2]
[roslaunch][INFO] 2016-07-13 20:43:25,369: ... preparing to launch node of type [wpi_jaco_wrapper/jaco_manipulation]
[roslaunch][INFO] 2016-07-13 20:43:25,370: create_node_process: package[wpi_jaco_wrapper] type[jaco_manipulation] machine[Machine(name[] env_loader[None] address[localhost] ssh_port[22] user[None] assignable[True] timeout[10.0])] master_uri[http://localhost:11311]
[roslaunch][INFO] 2016-07-13 20:43:25,370: process[jaco_manipulation-3]: env[{'ROS_DISTRO': 'indigo', 'SSH_CLIENT': '10.0.2.2 57347 22', 'CPATH': '/home/vagrant/therblig-motion-library/mico/wpi_jaco/devel/include:/opt/ros/indigo/include', 'LOGNAME': 'vagrant', 'USER': 'vagrant', 'HOME': '/home/vagrant', 'PATH': '/home/vagrant/therblig-motion-library/mico/wpi_jaco/devel/bin:/opt/ros/indigo/bin:/usr/local/sbin:/usr/local/bin:/usr/sbin:/usr/bin:/sbin:/bin:/usr/games:/usr/local/games', 'CMAKE_PREFIX_PATH': '/home/vagrant/therblig-motion-library/mico/wpi_jaco/devel:/opt/ros/indigo', 'ROS_LOG_FILENAME': '/home/vagrant/.ros/log/67a20ab2-493a-11e6-baf2-080027a2ea64/roslaunch-ros-indigo-desktop-trusty64-8977.log', 'LANG': 'en_US.UTF-8', 'TERM': 'xterm-256color', 'SHELL': '/bin/bash', 'SHLVL': '2', 'ROS_TEST_RESULTS_DIR': '/home/vagrant/therblig-motion-library/mico/wpi_jaco/build/test_results', 'QT_QPA_PLATFORMTHEME': 'appmenu-qt5', 'LD_LIBRARY_PATH': '/home/vagrant/therblig-motion-library/mico/wpi_jaco/devel/lib:/home/vagrant/therblig-motion-library/mico/wpi_jaco/devel/lib/x86_64-linux-gnu:/opt/ros/indigo/lib/x86_64-linux-gnu:/opt/ros/indigo/lib', 'ROS_MASTER_URI': 'http://localhost:11311', 'XDG_RUNTIME_DIR': '/run/user/1000', 'PYTHONPATH': '/home/vagrant/therblig-motion-library/mico/wpi_jaco/devel/lib/python2.7/dist-packages:/opt/ros/indigo/lib/python2.7/dist-packages', 'ROS_ROOT': '/opt/ros/indigo/share/ros', 'PKG_CONFIG_PATH': '/home/vagrant/therblig-motion-library/mico/wpi_jaco/devel/lib/pkgconfig:/home/vagrant/therblig-motion-library/mico/wpi_jaco/devel/lib/x86_64-linux-gnu/pkgconfig:/opt/ros/indigo/lib/x86_64-linux-gnu/pkgconfig:/opt/ros/indigo/lib/pkgconfig', 'ROS_PACKAGE_PATH': '/home/vagrant/therblig-motion-library/mico/wpi_jaco/src:/opt/ros/indigo/share:/opt/ros/indigo/stacks', 'XDG_SESSION_ID': '4', '_': '/opt/ros/indigo/bin/roslaunch', 'CATKIN_TEST_RESULTS_DIR': '/home/vagrant/therblig-motion-library/mico/wpi_jaco/build/test_results', 'SSH_TTY': '/dev/pts/3', 'OLDPWD': '/home/vagrant/therblig-motion-library/mico/wpi_jaco', 'ROSLISP_PACKAGE_DIRECTORIES': '/home/vagrant/therblig-motion-library/mico/wpi_jaco/devel/share/common-lisp', 'PWD': '/home/vagrant/therblig-motion-library/mico/wpi_jaco', 'ROS_ETC_DIR': '/opt/ros/indigo/etc/ros', 'MAIL': '/var/mail/vagrant', 'SSH_CONNECTION': '10.0.2.2 57347 10.0.2.15 22'}]
[roslaunch][INFO] 2016-07-13 20:43:26,707: process[jaco_manipulation-3]: args[[u'/home/vagrant/therblig-motion-library/mico/wpi_jaco/devel/lib/wpi_jaco_wrapper/jaco_manipulation', u'__name:=jaco_manipulation']]
[roslaunch][INFO] 2016-07-13 20:43:26,708: ... created process [jaco_manipulation-3]
[roslaunch.pmon][INFO] 2016-07-13 20:43:26,708: ProcessMonitor.register[jaco_manipulation-3]
[roslaunch.pmon][INFO] 2016-07-13 20:43:26,709: ProcessMonitor.register[jaco_manipulation-3] complete
[roslaunch][INFO] 2016-07-13 20:43:26,710: ... registered process [jaco_manipulation-3]
[roslaunch][INFO] 2016-07-13 20:43:26,710: process[jaco_manipulation-3]: starting os process
[roslaunch][INFO] 2016-07-13 20:43:26,712: process[jaco_manipulation-3]: start w/ args [[u'/home/vagrant/therblig-motion-library/mico/wpi_jaco/devel/lib/wpi_jaco_wrapper/jaco_manipulation', u'__name:=jaco_manipulation', u'__log:=/home/vagrant/.ros/log/67a20ab2-493a-11e6-baf2-080027a2ea64/jaco_manipulation-3.log']]
[roslaunch][INFO] 2016-07-13 20:43:26,712: process[jaco_manipulation-3]: cwd will be [/home/vagrant/.ros]
[roslaunch][INFO] 2016-07-13 20:43:26,722: process[jaco_manipulation-3]: started with pid [9054]
[roslaunch][INFO] 2016-07-13 20:43:26,723: ... successfully launched [jaco_manipulation-3]
[roslaunch][INFO] 2016-07-13 20:43:26,724: ... preparing to launch node of type [wpi_jaco_wrapper/jaco_conversions]
[roslaunch][INFO] 2016-07-13 20:43:26,725: create_node_process: package[wpi_jaco_wrapper] type[jaco_conversions] machine[Machine(name[] env_loader[None] address[localhost] ssh_port[22] user[None] assignable[True] timeout[10.0])] master_uri[http://localhost:11311]
[roslaunch][INFO] 2016-07-13 20:43:26,726: process[jaco_conversions-4]: env[{'ROS_DISTRO': 'indigo', 'SSH_CLIENT': '10.0.2.2 57347 22', 'CPATH': '/home/vagrant/therblig-motion-library/mico/wpi_jaco/devel/include:/opt/ros/indigo/include', 'LOGNAME': 'vagrant', 'USER': 'vagrant', 'HOME': '/home/vagrant', 'PATH': '/home/vagrant/therblig-motion-library/mico/wpi_jaco/devel/bin:/opt/ros/indigo/bin:/usr/local/sbin:/usr/local/bin:/usr/sbin:/usr/bin:/sbin:/bin:/usr/games:/usr/local/games', 'CMAKE_PREFIX_PATH': '/home/vagrant/therblig-motion-library/mico/wpi_jaco/devel:/opt/ros/indigo', 'ROS_LOG_FILENAME': '/home/vagrant/.ros/log/67a20ab2-493a-11e6-baf2-080027a2ea64/roslaunch-ros-indigo-desktop-trusty64-8977.log', 'LANG': 'en_US.UTF-8', 'TERM': 'xterm-256color', 'SHELL': '/bin/bash', 'SHLVL': '2', 'ROS_TEST_RESULTS_DIR': '/home/vagrant/therblig-motion-library/mico/wpi_jaco/build/test_results', 'QT_QPA_PLATFORMTHEME': 'appmenu-qt5', 'LD_LIBRARY_PATH': '/home/vagrant/therblig-motion-library/mico/wpi_jaco/devel/lib:/home/vagrant/therblig-motion-library/mico/wpi_jaco/devel/lib/x86_64-linux-gnu:/opt/ros/indigo/lib/x86_64-linux-gnu:/opt/ros/indigo/lib', 'ROS_MASTER_URI': 'http://localhost:11311', 'XDG_RUNTIME_DIR': '/run/user/1000', 'PYTHONPATH': '/home/vagrant/therblig-motion-library/mico/wpi_jaco/devel/lib/python2.7/dist-packages:/opt/ros/indigo/lib/python2.7/dist-packages', 'ROS_ROOT': '/opt/ros/indigo/share/ros', 'PKG_CONFIG_PATH': '/home/vagrant/therblig-motion-library/mico/wpi_jaco/devel/lib/pkgconfig:/home/vagrant/therblig-motion-library/mico/wpi_jaco/devel/lib/x86_64-linux-gnu/pkgconfig:/opt/ros/indigo/lib/x86_64-linux-gnu/pkgconfig:/opt/ros/indigo/lib/pkgconfig', 'ROS_PACKAGE_PATH': '/home/vagrant/therblig-motion-library/mico/wpi_jaco/src:/opt/ros/indigo/share:/opt/ros/indigo/stacks', 'XDG_SESSION_ID': '4', '_': '/opt/ros/indigo/bin/roslaunch', 'CATKIN_TEST_RESULTS_DIR': '/home/vagrant/therblig-motion-library/mico/wpi_jaco/build/test_results', 'SSH_TTY': '/dev/pts/3', 'OLDPWD': '/home/vagrant/therblig-motion-library/mico/wpi_jaco', 'ROSLISP_PACKAGE_DIRECTORIES': '/home/vagrant/therblig-motion-library/mico/wpi_jaco/devel/share/common-lisp', 'PWD': '/home/vagrant/therblig-motion-library/mico/wpi_jaco', 'ROS_ETC_DIR': '/opt/ros/indigo/etc/ros', 'MAIL': '/var/mail/vagrant', 'SSH_CONNECTION': '10.0.2.2 57347 10.0.2.15 22'}]
[roslaunch][INFO] 2016-07-13 20:43:27,972: process[jaco_conversions-4]: args[[u'/home/vagrant/therblig-motion-library/mico/wpi_jaco/devel/lib/wpi_jaco_wrapper/jaco_conversions', u'__name:=jaco_conversions']]
[roslaunch][INFO] 2016-07-13 20:43:27,972: ... created process [jaco_conversions-4]
[roslaunch.pmon][INFO] 2016-07-13 20:43:27,973: ProcessMonitor.register[jaco_conversions-4]
[roslaunch.pmon][INFO] 2016-07-13 20:43:27,974: ProcessMonitor.register[jaco_conversions-4] complete
[roslaunch][INFO] 2016-07-13 20:43:27,974: ... registered process [jaco_conversions-4]
[roslaunch][INFO] 2016-07-13 20:43:27,975: process[jaco_conversions-4]: starting os process
[roslaunch][INFO] 2016-07-13 20:43:27,978: process[jaco_conversions-4]: start w/ args [[u'/home/vagrant/therblig-motion-library/mico/wpi_jaco/devel/lib/wpi_jaco_wrapper/jaco_conversions', u'__name:=jaco_conversions', u'__log:=/home/vagrant/.ros/log/67a20ab2-493a-11e6-baf2-080027a2ea64/jaco_conversions-4.log']]
[roslaunch][INFO] 2016-07-13 20:43:27,979: process[jaco_conversions-4]: cwd will be [/home/vagrant/.ros]
[roslaunch][INFO] 2016-07-13 20:43:27,987: process[jaco_conversions-4]: started with pid [9103]
[roslaunch][INFO] 2016-07-13 20:43:27,990: ... successfully launched [jaco_conversions-4]
[roslaunch][INFO] 2016-07-13 20:43:27,991: ... preparing to launch node of type [wpi_jaco_wrapper/jaco_kinematics]
[roslaunch][INFO] 2016-07-13 20:43:27,992: create_node_process: package[wpi_jaco_wrapper] type[jaco_kinematics] machine[Machine(name[] env_loader[None] address[localhost] ssh_port[22] user[None] assignable[True] timeout[10.0])] master_uri[http://localhost:11311]
[roslaunch][INFO] 2016-07-13 20:43:27,993: process[jaco_kinematics-5]: env[{'ROS_DISTRO': 'indigo', 'SSH_CLIENT': '10.0.2.2 57347 22', 'CPATH': '/home/vagrant/therblig-motion-library/mico/wpi_jaco/devel/include:/opt/ros/indigo/include', 'LOGNAME': 'vagrant', 'USER': 'vagrant', 'HOME': '/home/vagrant', 'PATH': '/home/vagrant/therblig-motion-library/mico/wpi_jaco/devel/bin:/opt/ros/indigo/bin:/usr/local/sbin:/usr/local/bin:/usr/sbin:/usr/bin:/sbin:/bin:/usr/games:/usr/local/games', 'CMAKE_PREFIX_PATH': '/home/vagrant/therblig-motion-library/mico/wpi_jaco/devel:/opt/ros/indigo', 'ROS_LOG_FILENAME': '/home/vagrant/.ros/log/67a20ab2-493a-11e6-baf2-080027a2ea64/roslaunch-ros-indigo-desktop-trusty64-8977.log', 'LANG': 'en_US.UTF-8', 'TERM': 'xterm-256color', 'SHELL': '/bin/bash', 'SHLVL': '2', 'ROS_TEST_RESULTS_DIR': '/home/vagrant/therblig-motion-library/mico/wpi_jaco/build/test_results', 'QT_QPA_PLATFORMTHEME': 'appmenu-qt5', 'LD_LIBRARY_PATH': '/home/vagrant/therblig-motion-library/mico/wpi_jaco/devel/lib:/home/vagrant/therblig-motion-library/mico/wpi_jaco/devel/lib/x86_64-linux-gnu:/opt/ros/indigo/lib/x86_64-linux-gnu:/opt/ros/indigo/lib', 'ROS_MASTER_URI': 'http://localhost:11311', 'XDG_RUNTIME_DIR': '/run/user/1000', 'PYTHONPATH': '/home/vagrant/therblig-motion-library/mico/wpi_jaco/devel/lib/python2.7/dist-packages:/opt/ros/indigo/lib/python2.7/dist-packages', 'ROS_ROOT': '/opt/ros/indigo/share/ros', 'PKG_CONFIG_PATH': '/home/vagrant/therblig-motion-library/mico/wpi_jaco/devel/lib/pkgconfig:/home/vagrant/therblig-motion-library/mico/wpi_jaco/devel/lib/x86_64-linux-gnu/pkgconfig:/opt/ros/indigo/lib/x86_64-linux-gnu/pkgconfig:/opt/ros/indigo/lib/pkgconfig', 'ROS_PACKAGE_PATH': '/home/vagrant/therblig-motion-library/mico/wpi_jaco/src:/opt/ros/indigo/share:/opt/ros/indigo/stacks', 'XDG_SESSION_ID': '4', '_': '/opt/ros/indigo/bin/roslaunch', 'CATKIN_TEST_RESULTS_DIR': '/home/vagrant/therblig-motion-library/mico/wpi_jaco/build/test_results', 'SSH_TTY': '/dev/pts/3', 'OLDPWD': '/home/vagrant/therblig-motion-library/mico/wpi_jaco', 'ROSLISP_PACKAGE_DIRECTORIES': '/home/vagrant/therblig-motion-library/mico/wpi_jaco/devel/share/common-lisp', 'PWD': '/home/vagrant/therblig-motion-library/mico/wpi_jaco', 'ROS_ETC_DIR': '/opt/ros/indigo/etc/ros', 'MAIL': '/var/mail/vagrant', 'SSH_CONNECTION': '10.0.2.2 57347 10.0.2.15 22'}]
[roslaunch][INFO] 2016-07-13 20:43:29,481: process[jaco_kinematics-5]: args[[u'/home/vagrant/therblig-motion-library/mico/wpi_jaco/devel/lib/wpi_jaco_wrapper/jaco_kinematics', u'__name:=jaco_kinematics']]
[roslaunch][INFO] 2016-07-13 20:43:29,483: ... created process [jaco_kinematics-5]
[roslaunch.pmon][INFO] 2016-07-13 20:43:29,484: ProcessMonitor.register[jaco_kinematics-5]
[roslaunch.pmon][INFO] 2016-07-13 20:43:29,485: ProcessMonitor.register[jaco_kinematics-5] complete
[roslaunch][INFO] 2016-07-13 20:43:29,486: ... registered process [jaco_kinematics-5]
[roslaunch][INFO] 2016-07-13 20:43:29,487: process[jaco_kinematics-5]: starting os process
[roslaunch][INFO] 2016-07-13 20:43:29,490: process[jaco_kinematics-5]: start w/ args [[u'/home/vagrant/therblig-motion-library/mico/wpi_jaco/devel/lib/wpi_jaco_wrapper/jaco_kinematics', u'__name:=jaco_kinematics', u'__log:=/home/vagrant/.ros/log/67a20ab2-493a-11e6-baf2-080027a2ea64/jaco_kinematics-5.log']]
[roslaunch][INFO] 2016-07-13 20:43:29,491: process[jaco_kinematics-5]: cwd will be [/home/vagrant/.ros]
[roslaunch][INFO] 2016-07-13 20:43:29,499: process[jaco_kinematics-5]: started with pid [9117]
[roslaunch][INFO] 2016-07-13 20:43:29,500: ... successfully launched [jaco_kinematics-5]
[roslaunch][INFO] 2016-07-13 20:43:29,501: ... preparing to launch node of type [robot_state_publisher/robot_state_publisher]
[roslaunch][INFO] 2016-07-13 20:43:29,501: create_node_process: package[robot_state_publisher] type[robot_state_publisher] machine[Machine(name[] env_loader[None] address[localhost] ssh_port[22] user[None] assignable[True] timeout[10.0])] master_uri[http://localhost:11311]
[roslaunch][INFO] 2016-07-13 20:43:29,502: process[robot_state_publisher-6]: env[{'ROS_DISTRO': 'indigo', 'SSH_CLIENT': '10.0.2.2 57347 22', 'CPATH': '/home/vagrant/therblig-motion-library/mico/wpi_jaco/devel/include:/opt/ros/indigo/include', 'LOGNAME': 'vagrant', 'USER': 'vagrant', 'HOME': '/home/vagrant', 'PATH': '/home/vagrant/therblig-motion-library/mico/wpi_jaco/devel/bin:/opt/ros/indigo/bin:/usr/local/sbin:/usr/local/bin:/usr/sbin:/usr/bin:/sbin:/bin:/usr/games:/usr/local/games', 'CMAKE_PREFIX_PATH': '/home/vagrant/therblig-motion-library/mico/wpi_jaco/devel:/opt/ros/indigo', 'ROS_LOG_FILENAME': '/home/vagrant/.ros/log/67a20ab2-493a-11e6-baf2-080027a2ea64/roslaunch-ros-indigo-desktop-trusty64-8977.log', 'LANG': 'en_US.UTF-8', 'TERM': 'xterm-256color', 'SHELL': '/bin/bash', 'SHLVL': '2', 'ROS_TEST_RESULTS_DIR': '/home/vagrant/therblig-motion-library/mico/wpi_jaco/build/test_results', 'QT_QPA_PLATFORMTHEME': 'appmenu-qt5', 'LD_LIBRARY_PATH': '/home/vagrant/therblig-motion-library/mico/wpi_jaco/devel/lib:/home/vagrant/therblig-motion-library/mico/wpi_jaco/devel/lib/x86_64-linux-gnu:/opt/ros/indigo/lib/x86_64-linux-gnu:/opt/ros/indigo/lib', 'ROS_MASTER_URI': 'http://localhost:11311', 'XDG_RUNTIME_DIR': '/run/user/1000', 'PYTHONPATH': '/home/vagrant/therblig-motion-library/mico/wpi_jaco/devel/lib/python2.7/dist-packages:/opt/ros/indigo/lib/python2.7/dist-packages', 'ROS_ROOT': '/opt/ros/indigo/share/ros', 'PKG_CONFIG_PATH': '/home/vagrant/therblig-motion-library/mico/wpi_jaco/devel/lib/pkgconfig:/home/vagrant/therblig-motion-library/mico/wpi_jaco/devel/lib/x86_64-linux-gnu/pkgconfig:/opt/ros/indigo/lib/x86_64-linux-gnu/pkgconfig:/opt/ros/indigo/lib/pkgconfig', 'ROS_PACKAGE_PATH': '/home/vagrant/therblig-motion-library/mico/wpi_jaco/src:/opt/ros/indigo/share:/opt/ros/indigo/stacks', 'XDG_SESSION_ID': '4', '_': '/opt/ros/indigo/bin/roslaunch', 'CATKIN_TEST_RESULTS_DIR': '/home/vagrant/therblig-motion-library/mico/wpi_jaco/build/test_results', 'SSH_TTY': '/dev/pts/3', 'OLDPWD': '/home/vagrant/therblig-motion-library/mico/wpi_jaco', 'ROSLISP_PACKAGE_DIRECTORIES': '/home/vagrant/therblig-motion-library/mico/wpi_jaco/devel/share/common-lisp', 'PWD': '/home/vagrant/therblig-motion-library/mico/wpi_jaco', 'ROS_ETC_DIR': '/opt/ros/indigo/etc/ros', 'MAIL': '/var/mail/vagrant', 'SSH_CONNECTION': '10.0.2.2 57347 10.0.2.15 22'}]
[roslaunch][INFO] 2016-07-13 20:43:30,692: process[robot_state_publisher-6]: args[[u'/opt/ros/indigo/lib/robot_state_publisher/robot_state_publisher', u'__name:=robot_state_publisher']]
[roslaunch][INFO] 2016-07-13 20:43:30,693: ... created process [robot_state_publisher-6]
[roslaunch.pmon][INFO] 2016-07-13 20:43:30,694: ProcessMonitor.register[robot_state_publisher-6]
[roslaunch.pmon][INFO] 2016-07-13 20:43:30,695: ProcessMonitor.register[robot_state_publisher-6] complete
[roslaunch][INFO] 2016-07-13 20:43:30,697: ... registered process [robot_state_publisher-6]
[roslaunch][INFO] 2016-07-13 20:43:30,698: process[robot_state_publisher-6]: starting os process
[roslaunch][INFO] 2016-07-13 20:43:30,703: process[robot_state_publisher-6]: start w/ args [[u'/opt/ros/indigo/lib/robot_state_publisher/robot_state_publisher', u'__name:=robot_state_publisher', u'__log:=/home/vagrant/.ros/log/67a20ab2-493a-11e6-baf2-080027a2ea64/robot_state_publisher-6.log']]
[roslaunch][INFO] 2016-07-13 20:43:30,703: process[robot_state_publisher-6]: cwd will be [/home/vagrant/.ros]
[roslaunch][INFO] 2016-07-13 20:43:30,710: process[robot_state_publisher-6]: started with pid [9130]
[roslaunch][INFO] 2016-07-13 20:43:30,713: ... successfully launched [robot_state_publisher-6]
[roslaunch][INFO] 2016-07-13 20:43:30,715: ... preparing to launch node of type [joint_state_publisher/joint_state_publisher]
[roslaunch][INFO] 2016-07-13 20:43:30,716: create_node_process: package[joint_state_publisher] type[joint_state_publisher] machine[Machine(name[] env_loader[None] address[localhost] ssh_port[22] user[None] assignable[True] timeout[10.0])] master_uri[http://localhost:11311]
[roslaunch][INFO] 2016-07-13 20:43:30,717: process[joint_state_publisher-7]: env[{'ROS_DISTRO': 'indigo', 'SSH_CLIENT': '10.0.2.2 57347 22', 'CPATH': '/home/vagrant/therblig-motion-library/mico/wpi_jaco/devel/include:/opt/ros/indigo/include', 'LOGNAME': 'vagrant', 'USER': 'vagrant', 'HOME': '/home/vagrant', 'PATH': '/home/vagrant/therblig-motion-library/mico/wpi_jaco/devel/bin:/opt/ros/indigo/bin:/usr/local/sbin:/usr/local/bin:/usr/sbin:/usr/bin:/sbin:/bin:/usr/games:/usr/local/games', 'CMAKE_PREFIX_PATH': '/home/vagrant/therblig-motion-library/mico/wpi_jaco/devel:/opt/ros/indigo', 'ROS_LOG_FILENAME': '/home/vagrant/.ros/log/67a20ab2-493a-11e6-baf2-080027a2ea64/roslaunch-ros-indigo-desktop-trusty64-8977.log', 'LANG': 'en_US.UTF-8', 'TERM': 'xterm-256color', 'SHELL': '/bin/bash', 'SHLVL': '2', 'ROS_TEST_RESULTS_DIR': '/home/vagrant/therblig-motion-library/mico/wpi_jaco/build/test_results', 'QT_QPA_PLATFORMTHEME': 'appmenu-qt5', 'LD_LIBRARY_PATH': '/home/vagrant/therblig-motion-library/mico/wpi_jaco/devel/lib:/home/vagrant/therblig-motion-library/mico/wpi_jaco/devel/lib/x86_64-linux-gnu:/opt/ros/indigo/lib/x86_64-linux-gnu:/opt/ros/indigo/lib', 'ROS_MASTER_URI': 'http://localhost:11311', 'XDG_RUNTIME_DIR': '/run/user/1000', 'PYTHONPATH': '/home/vagrant/therblig-motion-library/mico/wpi_jaco/devel/lib/python2.7/dist-packages:/opt/ros/indigo/lib/python2.7/dist-packages', 'ROS_ROOT': '/opt/ros/indigo/share/ros', 'PKG_CONFIG_PATH': '/home/vagrant/therblig-motion-library/mico/wpi_jaco/devel/lib/pkgconfig:/home/vagrant/therblig-motion-library/mico/wpi_jaco/devel/lib/x86_64-linux-gnu/pkgconfig:/opt/ros/indigo/lib/x86_64-linux-gnu/pkgconfig:/opt/ros/indigo/lib/pkgconfig', 'ROS_PACKAGE_PATH': '/home/vagrant/therblig-motion-library/mico/wpi_jaco/src:/opt/ros/indigo/share:/opt/ros/indigo/stacks', 'XDG_SESSION_ID': '4', '_': '/opt/ros/indigo/bin/roslaunch', 'CATKIN_TEST_RESULTS_DIR': '/home/vagrant/therblig-motion-library/mico/wpi_jaco/build/test_results', 'SSH_TTY': '/dev/pts/3', 'OLDPWD': '/home/vagrant/therblig-motion-library/mico/wpi_jaco', 'ROSLISP_PACKAGE_DIRECTORIES': '/home/vagrant/therblig-motion-library/mico/wpi_jaco/devel/share/common-lisp', 'PWD': '/home/vagrant/therblig-motion-library/mico/wpi_jaco', 'ROS_ETC_DIR': '/opt/ros/indigo/etc/ros', 'MAIL': '/var/mail/vagrant', 'SSH_CONNECTION': '10.0.2.2 57347 10.0.2.15 22'}]
[roslaunch][INFO] 2016-07-13 20:43:31,933: process[joint_state_publisher-7]: args[[u'/opt/ros/indigo/lib/joint_state_publisher/joint_state_publisher', u'__name:=joint_state_publisher']]
[roslaunch][INFO] 2016-07-13 20:43:31,934: ... created process [joint_state_publisher-7]
[roslaunch.pmon][INFO] 2016-07-13 20:43:31,935: ProcessMonitor.register[joint_state_publisher-7]
[roslaunch.pmon][INFO] 2016-07-13 20:43:31,935: ProcessMonitor.register[joint_state_publisher-7] complete
[roslaunch][INFO] 2016-07-13 20:43:31,936: ... registered process [joint_state_publisher-7]
[roslaunch][INFO] 2016-07-13 20:43:31,936: process[joint_state_publisher-7]: starting os process
[roslaunch][INFO] 2016-07-13 20:43:31,940: process[joint_state_publisher-7]: start w/ args [[u'/opt/ros/indigo/lib/joint_state_publisher/joint_state_publisher', u'__name:=joint_state_publisher', u'__log:=/home/vagrant/.ros/log/67a20ab2-493a-11e6-baf2-080027a2ea64/joint_state_publisher-7.log']]
[roslaunch][INFO] 2016-07-13 20:43:31,940: process[joint_state_publisher-7]: cwd will be [/home/vagrant/.ros]
[roslaunch][INFO] 2016-07-13 20:43:31,946: process[joint_state_publisher-7]: started with pid [9155]
[roslaunch][INFO] 2016-07-13 20:43:31,947: ... successfully launched [joint_state_publisher-7]
[roslaunch][INFO] 2016-07-13 20:43:31,948: ... preparing to launch node of type [moveit_ros_move_group/move_group]
[roslaunch][INFO] 2016-07-13 20:43:31,948: create_node_process: package[moveit_ros_move_group] type[move_group] machine[Machine(name[] env_loader[None] address[localhost] ssh_port[22] user[None] assignable[True] timeout[10.0])] master_uri[http://localhost:11311]
[roslaunch][INFO] 2016-07-13 20:43:31,949: process[move_group-8]: env[{'ROS_DISTRO': 'indigo', 'SSH_CLIENT': '10.0.2.2 57347 22', 'CPATH': '/home/vagrant/therblig-motion-library/mico/wpi_jaco/devel/include:/opt/ros/indigo/include', 'LOGNAME': 'vagrant', 'USER': 'vagrant', 'HOME': '/home/vagrant', 'PATH': '/home/vagrant/therblig-motion-library/mico/wpi_jaco/devel/bin:/opt/ros/indigo/bin:/usr/local/sbin:/usr/local/bin:/usr/sbin:/usr/bin:/sbin:/bin:/usr/games:/usr/local/games', 'CMAKE_PREFIX_PATH': '/home/vagrant/therblig-motion-library/mico/wpi_jaco/devel:/opt/ros/indigo', 'ROS_LOG_FILENAME': '/home/vagrant/.ros/log/67a20ab2-493a-11e6-baf2-080027a2ea64/roslaunch-ros-indigo-desktop-trusty64-8977.log', 'LANG': 'en_US.UTF-8', 'TERM': 'xterm-256color', 'SHELL': '/bin/bash', 'SHLVL': '2', 'ROS_TEST_RESULTS_DIR': '/home/vagrant/therblig-motion-library/mico/wpi_jaco/build/test_results', 'QT_QPA_PLATFORMTHEME': 'appmenu-qt5', 'LD_LIBRARY_PATH': '/home/vagrant/therblig-motion-library/mico/wpi_jaco/devel/lib:/home/vagrant/therblig-motion-library/mico/wpi_jaco/devel/lib/x86_64-linux-gnu:/opt/ros/indigo/lib/x86_64-linux-gnu:/opt/ros/indigo/lib', 'ROS_MASTER_URI': 'http://localhost:11311', 'XDG_RUNTIME_DIR': '/run/user/1000', 'PYTHONPATH': '/home/vagrant/therblig-motion-library/mico/wpi_jaco/devel/lib/python2.7/dist-packages:/opt/ros/indigo/lib/python2.7/dist-packages', 'ROS_ROOT': '/opt/ros/indigo/share/ros', 'PKG_CONFIG_PATH': '/home/vagrant/therblig-motion-library/mico/wpi_jaco/devel/lib/pkgconfig:/home/vagrant/therblig-motion-library/mico/wpi_jaco/devel/lib/x86_64-linux-gnu/pkgconfig:/opt/ros/indigo/lib/x86_64-linux-gnu/pkgconfig:/opt/ros/indigo/lib/pkgconfig', 'ROS_PACKAGE_PATH': '/home/vagrant/therblig-motion-library/mico/wpi_jaco/src:/opt/ros/indigo/share:/opt/ros/indigo/stacks', 'XDG_SESSION_ID': '4', '_': '/opt/ros/indigo/bin/roslaunch', 'CATKIN_TEST_RESULTS_DIR': '/home/vagrant/therblig-motion-library/mico/wpi_jaco/build/test_results', u'DISPLAY': u':0', 'SSH_TTY': '/dev/pts/3', 'OLDPWD': '/home/vagrant/therblig-motion-library/mico/wpi_jaco', 'ROSLISP_PACKAGE_DIRECTORIES': '/home/vagrant/therblig-motion-library/mico/wpi_jaco/devel/share/common-lisp', 'PWD': '/home/vagrant/therblig-motion-library/mico/wpi_jaco', 'ROS_ETC_DIR': '/opt/ros/indigo/etc/ros', 'MAIL': '/var/mail/vagrant', 'SSH_CONNECTION': '10.0.2.2 57347 10.0.2.15 22'}]
[roslaunch][INFO] 2016-07-13 20:43:32,976: process[move_group-8]: args[[u'/opt/ros/indigo/lib/moveit_ros_move_group/move_group', '--debug', u'__name:=move_group']]
[roslaunch][INFO] 2016-07-13 20:43:32,977: ... created process [move_group-8]
[roslaunch.pmon][INFO] 2016-07-13 20:43:32,978: ProcessMonitor.register[move_group-8]
[roslaunch.pmon][INFO] 2016-07-13 20:43:32,978: ProcessMonitor.register[move_group-8] complete
[roslaunch][INFO] 2016-07-13 20:43:32,979: ... registered process [move_group-8]
[roslaunch][INFO] 2016-07-13 20:43:32,980: process[move_group-8]: starting os process
[roslaunch][INFO] 2016-07-13 20:43:32,982: process[move_group-8]: start w/ args [[u'/opt/ros/indigo/lib/moveit_ros_move_group/move_group', '--debug', u'__name:=move_group', u'__log:=/home/vagrant/.ros/log/67a20ab2-493a-11e6-baf2-080027a2ea64/move_group-8.log']]
[roslaunch][INFO] 2016-07-13 20:43:32,982: process[move_group-8]: cwd will be [/home/vagrant/.ros]
[roslaunch][INFO] 2016-07-13 20:43:32,989: process[move_group-8]: started with pid [9158]
[roslaunch][INFO] 2016-07-13 20:43:32,990: ... successfully launched [move_group-8]
[roslaunch][INFO] 2016-07-13 20:43:32,991: ... preparing to launch node of type [rviz/rviz]
[roslaunch][INFO] 2016-07-13 20:43:32,991: create_node_process: package[rviz] type[rviz] machine[Machine(name[] env_loader[None] address[localhost] ssh_port[22] user[None] assignable[True] timeout[10.0])] master_uri[http://localhost:11311]
[roslaunch][INFO] 2016-07-13 20:43:32,993: process[rviz_ros_indigo_desktop_trusty64_8977_9193524911559944309-9]: env[{'ROS_DISTRO': 'indigo', 'SSH_CLIENT': '10.0.2.2 57347 22', 'CPATH': '/home/vagrant/therblig-motion-library/mico/wpi_jaco/devel/include:/opt/ros/indigo/include', 'LOGNAME': 'vagrant', 'USER': 'vagrant', 'HOME': '/home/vagrant', 'PATH': '/home/vagrant/therblig-motion-library/mico/wpi_jaco/devel/bin:/opt/ros/indigo/bin:/usr/local/sbin:/usr/local/bin:/usr/sbin:/usr/bin:/sbin:/bin:/usr/games:/usr/local/games', 'CMAKE_PREFIX_PATH': '/home/vagrant/therblig-motion-library/mico/wpi_jaco/devel:/opt/ros/indigo', 'ROS_LOG_FILENAME': '/home/vagrant/.ros/log/67a20ab2-493a-11e6-baf2-080027a2ea64/roslaunch-ros-indigo-desktop-trusty64-8977.log', 'LANG': 'en_US.UTF-8', 'TERM': 'xterm-256color', 'SHELL': '/bin/bash', 'SHLVL': '2', 'ROS_TEST_RESULTS_DIR': '/home/vagrant/therblig-motion-library/mico/wpi_jaco/build/test_results', 'QT_QPA_PLATFORMTHEME': 'appmenu-qt5', 'LD_LIBRARY_PATH': '/home/vagrant/therblig-motion-library/mico/wpi_jaco/devel/lib:/home/vagrant/therblig-motion-library/mico/wpi_jaco/devel/lib/x86_64-linux-gnu:/opt/ros/indigo/lib/x86_64-linux-gnu:/opt/ros/indigo/lib', 'ROS_MASTER_URI': 'http://localhost:11311', 'XDG_RUNTIME_DIR': '/run/user/1000', 'PYTHONPATH': '/home/vagrant/therblig-motion-library/mico/wpi_jaco/devel/lib/python2.7/dist-packages:/opt/ros/indigo/lib/python2.7/dist-packages', 'ROS_ROOT': '/opt/ros/indigo/share/ros', 'PKG_CONFIG_PATH': '/home/vagrant/therblig-motion-library/mico/wpi_jaco/devel/lib/pkgconfig:/home/vagrant/therblig-motion-library/mico/wpi_jaco/devel/lib/x86_64-linux-gnu/pkgconfig:/opt/ros/indigo/lib/x86_64-linux-gnu/pkgconfig:/opt/ros/indigo/lib/pkgconfig', 'ROS_PACKAGE_PATH': '/home/vagrant/therblig-motion-library/mico/wpi_jaco/src:/opt/ros/indigo/share:/opt/ros/indigo/stacks', 'XDG_SESSION_ID': '4', '_': '/opt/ros/indigo/bin/roslaunch', 'CATKIN_TEST_RESULTS_DIR': '/home/vagrant/therblig-motion-library/mico/wpi_jaco/build/test_results', 'SSH_TTY': '/dev/pts/3', 'OLDPWD': '/home/vagrant/therblig-motion-library/mico/wpi_jaco', 'ROSLISP_PACKAGE_DIRECTORIES': '/home/vagrant/therblig-motion-library/mico/wpi_jaco/devel/share/common-lisp', 'PWD': '/home/vagrant/therblig-motion-library/mico/wpi_jaco', 'ROS_ETC_DIR': '/opt/ros/indigo/etc/ros', 'MAIL': '/var/mail/vagrant', 'SSH_CONNECTION': '10.0.2.2 57347 10.0.2.15 22'}]
[roslaunch][INFO] 2016-07-13 20:43:34,207: process[rviz_ros_indigo_desktop_trusty64_8977_9193524911559944309-9]: args[[u'/opt/ros/indigo/lib/rviz/rviz', '-d', '/home/vagrant/therblig-motion-library/mico/wpi_jaco/src/mico_moveit_config/launch/moveit.rviz', u'__name:=rviz_ros_indigo_desktop_trusty64_8977_9193524911559944309']]
[roslaunch][INFO] 2016-07-13 20:43:34,208: ... created process [rviz_ros_indigo_desktop_trusty64_8977_9193524911559944309-9]
[roslaunch.pmon][INFO] 2016-07-13 20:43:34,209: ProcessMonitor.register[rviz_ros_indigo_desktop_trusty64_8977_9193524911559944309-9]
[roslaunch.pmon][INFO] 2016-07-13 20:43:34,210: ProcessMonitor.register[rviz_ros_indigo_desktop_trusty64_8977_9193524911559944309-9] complete
[roslaunch][INFO] 2016-07-13 20:43:34,211: ... registered process [rviz_ros_indigo_desktop_trusty64_8977_9193524911559944309-9]
[roslaunch][INFO] 2016-07-13 20:43:34,211: process[rviz_ros_indigo_desktop_trusty64_8977_9193524911559944309-9]: starting os process
[roslaunch][INFO] 2016-07-13 20:43:34,213: process[rviz_ros_indigo_desktop_trusty64_8977_9193524911559944309-9]: start w/ args [[u'/opt/ros/indigo/lib/rviz/rviz', '-d', '/home/vagrant/therblig-motion-library/mico/wpi_jaco/src/mico_moveit_config/launch/moveit.rviz', u'__name:=rviz_ros_indigo_desktop_trusty64_8977_9193524911559944309', u'__log:=/home/vagrant/.ros/log/67a20ab2-493a-11e6-baf2-080027a2ea64/rviz_ros_indigo_desktop_trusty64_8977_9193524911559944309-9.log']]
[roslaunch][INFO] 2016-07-13 20:43:34,213: process[rviz_ros_indigo_desktop_trusty64_8977_9193524911559944309-9]: cwd will be [/home/vagrant/.ros]
[roslaunch][INFO] 2016-07-13 20:43:34,223: process[rviz_ros_indigo_desktop_trusty64_8977_9193524911559944309-9]: started with pid [9184]
[roslaunch][INFO] 2016-07-13 20:43:34,226: ... successfully launched [rviz_ros_indigo_desktop_trusty64_8977_9193524911559944309-9]
[roslaunch][INFO] 2016-07-13 20:43:34,228: ... launch_nodes complete
[roslaunch.pmon][INFO] 2016-07-13 20:43:34,229: registrations completed <ProcessMonitor(ProcessMonitor-1, started daemon 140494178293504)>
[roslaunch.parent][INFO] 2016-07-13 20:43:34,230: ... roslaunch parent running, waiting for process exit
[roslaunch][INFO] 2016-07-13 20:43:34,230: spin
[roslaunch][ERROR] 2016-07-13 20:43:35,129: [rviz_ros_indigo_desktop_trusty64_8977_9193524911559944309-9] process has died [pid 9184, exit code 1, cmd /opt/ros/indigo/lib/rviz/rviz -d /home/vagrant/therblig-motion-library/mico/wpi_jaco/src/mico_moveit_config/launch/moveit.rviz __name:=rviz_ros_indigo_desktop_trusty64_8977_9193524911559944309 __log:=/home/vagrant/.ros/log/67a20ab2-493a-11e6-baf2-080027a2ea64/rviz_ros_indigo_desktop_trusty64_8977_9193524911559944309-9.log].
log file: /home/vagrant/.ros/log/67a20ab2-493a-11e6-baf2-080027a2ea64/rviz_ros_indigo_desktop_trusty64_8977_9193524911559944309-9*.log
[roslaunch.pmon][INFO] 2016-07-13 20:43:35,130: ProcessMonitor.unregister[rviz_ros_indigo_desktop_trusty64_8977_9193524911559944309-9] starting
[roslaunch.pmon][INFO] 2016-07-13 20:43:35,131: ProcessMonitor.unregister[rviz_ros_indigo_desktop_trusty64_8977_9193524911559944309-9] complete
[roslaunch.pmon][INFO] 2016-07-13 20:43:57,948: ProcessMonitor.shutdown <ProcessMonitor(ProcessMonitor-1, started daemon 140494178293504)>
[roslaunch.pmon][INFO] 2016-07-13 20:43:58,003: ProcessMonitor._post_run <ProcessMonitor(ProcessMonitor-1, started daemon 140494178293504)>
[roslaunch.pmon][INFO] 2016-07-13 20:43:58,004: ProcessMonitor._post_run <ProcessMonitor(ProcessMonitor-1, started daemon 140494178293504)>: remaining procs are [<roslaunch.nodeprocess.LocalProcess object at 0x7fc759cebe50>, <roslaunch.nodeprocess.LocalProcess object at 0x7fc759bcd190>, <roslaunch.nodeprocess.LocalProcess object at 0x7fc759c1ba10>, <roslaunch.nodeprocess.LocalProcess object at 0x7fc759c044d0>, <roslaunch.nodeprocess.LocalProcess object at 0x7fc759cf01d0>, <roslaunch.nodeprocess.LocalProcess object at 0x7fc759c04e90>, <roslaunch.nodeprocess.LocalProcess object at 0x7fc759c1bb10>, <roslaunch.nodeprocess.LocalProcess object at 0x7fc759cebad0>, <roslaunch.nodeprocess.LocalProcess object at 0x7fc759c04950>]
[roslaunch.pmon][INFO] 2016-07-13 20:43:58,005: ProcessMonitor exit: killing move_group-8
[roslaunch][INFO] 2016-07-13 20:43:58,006: [move_group-8] killing on exit
[roslaunch.pmon][INFO] 2016-07-13 20:43:58,006: ProcessMonitor exit: killing joint_state_publisher-7
[roslaunch][INFO] 2016-07-13 20:43:58,008: process[move_group-8]: killing os process with pid[9158] pgid[9158]
[roslaunch.pmon][INFO] 2016-07-13 20:43:58,008: ProcessMonitor exit: killing robot_state_publisher-6
[roslaunch][INFO] 2016-07-13 20:43:58,010: [robot_state_publisher-6] killing on exit
[roslaunch][INFO] 2016-07-13 20:43:58,011: process[robot_state_publisher-6]: killing os process with pid[9130] pgid[9130]
[roslaunch.pmon][INFO] 2016-07-13 20:43:58,009: ProcessMonitor exit: killing jaco_kinematics-5
[roslaunch][INFO] 2016-07-13 20:43:58,013: [jaco_kinematics-5] killing on exit
[roslaunch][INFO] 2016-07-13 20:43:58,009: [joint_state_publisher-7] killing on exit
[roslaunch][INFO] 2016-07-13 20:43:58,009: [move_group-8] sending SIGINT to pgid [9158]
[roslaunch][INFO] 2016-07-13 20:43:58,016: [move_group-8] sent SIGINT to pgid [9158]
[roslaunch][INFO] 2016-07-13 20:43:58,012: [robot_state_publisher-6] sending SIGINT to pgid [9130]
[roslaunch][INFO] 2016-07-13 20:43:58,017: [robot_state_publisher-6] sent SIGINT to pgid [9130]
[roslaunch][INFO] 2016-07-13 20:43:58,015: process[joint_state_publisher-7]: killing os process with pid[9155] pgid[9155]
[roslaunch][INFO] 2016-07-13 20:43:58,018: [joint_state_publisher-7] sending SIGINT to pgid [9155]
[roslaunch][INFO] 2016-07-13 20:43:58,019: [joint_state_publisher-7] sent SIGINT to pgid [9155]
[roslaunch.pmon][INFO] 2016-07-13 20:43:58,012: ProcessMonitor exit: killing jaco_manipulation-3
[roslaunch.pmon][INFO] 2016-07-13 20:43:58,010: ProcessMonitor exit: killing jaco_conversions-4
[roslaunch][INFO] 2016-07-13 20:43:58,021: [jaco_conversions-4] killing on exit
[roslaunch.pmon][INFO] 2016-07-13 20:43:58,015: ProcessMonitor exit: killing jaco_arm_trajectory_node-2
[roslaunch][INFO] 2016-07-13 20:43:58,022: [jaco_arm_trajectory_node-2] killing on exit
[roslaunch][INFO] 2016-07-13 20:43:58,022: process[jaco_arm_trajectory_node-2]: killing os process with pid[9027] pgid[9027]
[roslaunch][INFO] 2016-07-13 20:43:58,023: [jaco_arm_trajectory_node-2] sending SIGINT to pgid [9027]
[roslaunch][INFO] 2016-07-13 20:43:58,022: process[jaco_conversions-4]: killing os process with pid[9103] pgid[9103]
[roslaunch][INFO] 2016-07-13 20:43:58,024: [jaco_conversions-4] sending SIGINT to pgid [9103]
[roslaunch][INFO] 2016-07-13 20:43:58,025: [jaco_conversions-4] sent SIGINT to pgid [9103]
[roslaunch][INFO] 2016-07-13 20:43:58,021: [jaco_manipulation-3] killing on exit
[roslaunch][INFO] 2016-07-13 20:43:58,026: process[jaco_manipulation-3]: killing os process with pid[9054] pgid[9054]
[roslaunch][INFO] 2016-07-13 20:43:58,027: [jaco_manipulation-3] sending SIGINT to pgid [9054]
[roslaunch][INFO] 2016-07-13 20:43:58,028: [jaco_manipulation-3] sent SIGINT to pgid [9054]
[roslaunch][INFO] 2016-07-13 20:43:58,024: [jaco_arm_trajectory_node-2] sent SIGINT to pgid [9027]
[roslaunch][INFO] 2016-07-13 20:43:58,015: process[jaco_kinematics-5]: killing os process with pid[9117] pgid[9117]
[roslaunch][INFO] 2016-07-13 20:43:58,041: [jaco_kinematics-5] sending SIGINT to pgid [9117]
[roslaunch][INFO] 2016-07-13 20:43:58,041: [jaco_kinematics-5] sent SIGINT to pgid [9117]
[roslaunch][INFO] 2016-07-13 20:43:58,419: process[robot_state_publisher-6]: SIGINT killed with return value 0
[roslaunch][INFO] 2016-07-13 20:43:58,427: process[jaco_conversions-4]: SIGINT killed with return value 0
[roslaunch][INFO] 2016-07-13 20:43:58,443: process[jaco_kinematics-5]: SIGINT killed with return value 0
[roslaunch][INFO] 2016-07-13 20:43:58,723: process[joint_state_publisher-7]: SIGINT killed with return value 0
[roslaunch][INFO] 2016-07-13 20:43:58,922: process[move_group-8]: SIGINT killed with return value -6
[roslaunch][INFO] 2016-07-13 20:43:58,933: process[jaco_manipulation-3]: SIGINT killed with return value -5
[roslaunch][ERROR] 2016-07-13 20:44:13,034: [jaco_arm_trajectory_node-2] escalating to SIGTERM
[roslaunch][INFO] 2016-07-13 20:44:13,035: [jaco_arm_trajectory_node-2] sent SIGTERM to pgid [9027]
[roslaunch][INFO] 2016-07-13 20:44:13,239: process[jaco_arm_trajectory_node-2]: SIGTERM killed with return value -15
[roslaunch.pmon][INFO] 2016-07-13 20:44:13,240: ProcessMonitor exit: killing rosout-1
[roslaunch][INFO] 2016-07-13 20:44:13,241: [rosout-1] killing on exit
[roslaunch][INFO] 2016-07-13 20:44:13,242: process[rosout-1]: killing os process with pid[9010] pgid[9010]
[roslaunch][INFO] 2016-07-13 20:44:13,243: [rosout-1] sending SIGINT to pgid [9010]
[roslaunch][INFO] 2016-07-13 20:44:13,244: [rosout-1] sent SIGINT to pgid [9010]
[roslaunch][INFO] 2016-07-13 20:44:13,546: process[rosout-1]: SIGINT killed with return value 0
[roslaunch.pmon][INFO] 2016-07-13 20:44:13,548: ProcessMonitor exit: killing master
[roslaunch][INFO] 2016-07-13 20:44:13,549: [master] killing on exit
[roslaunch][INFO] 2016-07-13 20:44:13,550: process[master]: killing os process with pid[8997] pgid[8997]
[roslaunch][INFO] 2016-07-13 20:44:13,551: [master] sending SIGINT to pgid [8997]
[roslaunch][INFO] 2016-07-13 20:44:13,552: [master] sent SIGINT to pgid [8997]
[roslaunch][INFO] 2016-07-13 20:44:13,756: process[master]: SIGINT killed with return value 0
[roslaunch.pmon][INFO] 2016-07-13 20:44:13,756: ProcessMonitor exit: cleaning up data structures and signals
[roslaunch.pmon][INFO] 2016-07-13 20:44:13,758: ProcessMonitor exit: pmon has shutdown
[roslaunch][INFO] 2016-07-13 20:44:13,798: process monitor is done spinning, initiating full shutdown
[roslaunch][INFO] 2016-07-13 20:44:13,798: runner.stop()
[roslaunch][INFO] 2016-07-13 20:44:13,799: shutting down processing monitor...
[roslaunch][INFO] 2016-07-13 20:44:13,800: shutting down processing monitor <ProcessMonitor(ProcessMonitor-1, stopped daemon 140494178293504)>
[roslaunch.pmon][INFO] 2016-07-13 20:44:13,801: ProcessMonitor.shutdown <ProcessMonitor(ProcessMonitor-1, stopped daemon 140494178293504)>
[roslaunch][INFO] 2016-07-13 20:44:13,801: ... shutting down processing monitor complete
[roslaunch][INFO] 2016-07-13 20:44:13,802: done
[roslaunch.pmon][INFO] 2016-07-13 20:44:13,803: ProcessMonitor.shutdown <ProcessMonitor(ProcessMonitor-1, stopped daemon 140494178293504)>
[rospy.core][INFO] 2016-07-13 20:44:13,804: signal_shutdown [atexit]
