[rospy.client][INFO] 2016-07-05 17:35:35,497: init_node, name[/rosbridge_websocket], pid[3581]
[xmlrpc][INFO] 2016-07-05 17:35:35,498: XML-RPC server binding to 0.0.0.0:0
[rospy.init][INFO] 2016-07-05 17:35:35,500: ROS Slave URI: [http://ros-indigo-desktop-trusty64:57016/]
[xmlrpc][INFO] 2016-07-05 17:35:35,500: Started XML-RPC server [http://ros-indigo-desktop-trusty64:57016/]
[rospy.impl.masterslave][INFO] 2016-07-05 17:35:35,502: _ready: http://ros-indigo-desktop-trusty64:57016/
[xmlrpc][INFO] 2016-07-05 17:35:35,503: xml rpc node: starting XML-RPC server
[rospy.registration][INFO] 2016-07-05 17:35:35,504: Registering with master node http://localhost:11311
[rospy.init][INFO] 2016-07-05 17:35:35,628: registered with master
[rospy.rosout][INFO] 2016-07-05 17:35:35,629: initializing /rosout core topic
[rospy.rosout][INFO] 2016-07-05 17:35:35,634: connected to core topic /rosout
[rospy.simtime][INFO] 2016-07-05 17:35:35,636: /use_sim_time is not set, will not subscribe to simulated time [/clock] topic
[rosout][INFO] 2016-07-05 17:35:35,688: Rosbridge WebSocket server started on port 9090
[rospy.internal][INFO] 2016-07-05 17:35:35,875: topic[/rosout] adding connection to [/rosout], count 0
[rosout][INFO] 2016-07-05 17:36:15,301: Client connected.  1 clients total.
[rosout][ERROR] 2016-07-05 17:36:15,745: [Client 0] [id: subscribe:test:1] subscribe: Cannot infer topic type for topic test as it is not yet advertised
[rosout][INFO] 2016-07-05 17:39:43,087: Client disconnected. 0 clients total.
[rosout][INFO] 2016-07-05 17:39:43,504: Client connected.  1 clients total.
[rosout][ERROR] 2016-07-05 17:39:44,036: [Client 1] [id: subscribe:test:1] subscribe: Cannot infer topic type for topic test as it is not yet advertised
[rosout][INFO] 2016-07-05 17:40:09,384: Client disconnected. 0 clients total.
[rosout][INFO] 2016-07-05 17:40:09,707: Client connected.  1 clients total.
[rosout][ERROR] 2016-07-05 17:40:10,166: [Client 2] [id: subscribe:test:1] subscribe: Cannot infer topic type for topic test as it is not yet advertised
[rosout][INFO] 2016-07-05 17:43:44,980: Client disconnected. 0 clients total.
[rosout][INFO] 2016-07-05 17:43:45,351: Client connected.  1 clients total.
[rosout][INFO] 2016-07-05 17:43:45,925: [Client 3] Subscribed to /test
[rospy.internal][INFO] 2016-07-05 17:43:45,937: topic[/test] adding connection to [http://ros-indigo-desktop-trusty64:44428/], count 0
[rospy.internal][INFO] 2016-07-05 17:53:45,371: topic impl's ref count is zero, deleting topic /test...
[rospy.internal][INFO] 2016-07-05 17:53:45,372: topic[/test] removing connection to http://ros-indigo-desktop-trusty64:44428/
[rosout][INFO] 2016-07-05 17:53:45,376: Client disconnected. 0 clients total.
[rosout][INFO] 2016-07-05 17:53:45,668: Client connected.  1 clients total.
[rosout][INFO] 2016-07-05 17:53:46,033: [Client 4] Subscribed to /test
[rospy.internal][INFO] 2016-07-05 17:53:46,061: topic[/test] adding connection to [http://ros-indigo-desktop-trusty64:44428/], count 0
[rospy.core][INFO] 2016-07-05 18:05:12,806: signal_shutdown [signal-2]
[rospy.internal][INFO] 2016-07-05 18:05:12,822: topic[/rosout] removing connection to /rosout
[rospy.internal][INFO] 2016-07-05 18:05:12,823: topic[/test] removing connection to http://ros-indigo-desktop-trusty64:44428/
[rospy.impl.masterslave][INFO] 2016-07-05 18:05:12,824: signal-2
[rospy.core][INFO] 2016-07-05 18:05:12,957: signal_shutdown [atexit]
