[roslaunch][INFO] 2016-07-05 17:35:34,176: Checking log directory for disk usage. This may take awhile.
Press Ctrl-C to interrupt
[roslaunch][INFO] 2016-07-05 17:35:34,196: Done checking log file disk usage. Usage is <1GB.
[roslaunch][INFO] 2016-07-05 17:35:34,196: roslaunch starting with args ['/opt/ros/indigo/bin/roslaunch', 'rosbridge_server', 'rosbridge_websocket.launch']
[roslaunch][INFO] 2016-07-05 17:35:34,197: roslaunch env is {'ROS_DISTRO': 'indigo', 'SSH_CLIENT': '10.0.2.2 59893 22', 'CPATH': '/opt/ros/indigo/include', 'LOGNAME': 'vagrant', 'USER': 'vagrant', 'PATH': '/opt/ros/indigo/bin:/usr/local/sbin:/usr/local/bin:/usr/sbin:/usr/bin:/sbin:/bin:/usr/games:/usr/local/games', 'HOME': '/home/vagrant', 'CMAKE_PREFIX_PATH': '/opt/ros/indigo', 'LD_LIBRARY_PATH': '/opt/ros/indigo/lib/x86_64-linux-gnu:/opt/ros/indigo/lib', 'LANG': 'en_US.UTF-8', 'TERM': 'screen', 'SHELL': '/bin/bash', 'SHLVL': '2', 'QT_QPA_PLATFORMTHEME': 'appmenu-qt5', 'ROS_LOG_FILENAME': '/home/vagrant/.ros/log/e0a79388-42d6-11e6-afdd-080027a2ea64/roslaunch-ros-indigo-desktop-trusty64-3539.log', 'ROS_ETC_DIR': '/opt/ros/indigo/etc/ros', 'XDG_RUNTIME_DIR': '/run/user/1000', 'PYTHONPATH': '/opt/ros/indigo/lib/python2.7/dist-packages', 'TMUX': '/tmp/tmux-1000/default,3495,0', 'ROS_ROOT': '/opt/ros/indigo/share/ros', 'PKG_CONFIG_PATH': '/opt/ros/indigo/lib/x86_64-linux-gnu/pkgconfig:/opt/ros/indigo/lib/pkgconfig', 'ROS_PACKAGE_PATH': '/opt/ros/indigo/share:/opt/ros/indigo/stacks', 'XDG_SESSION_ID': '3', '_': '/opt/ros/indigo/bin/roslaunch', 'SSH_TTY': '/dev/pts/0', 'ROSLISP_PACKAGE_DIRECTORIES': '', 'PWD': '/home/vagrant', 'ROS_MASTER_URI': 'http://localhost:11311', 'MAIL': '/var/mail/vagrant', 'SSH_CONNECTION': '10.0.2.2 59893 10.0.2.15 22', 'TMUX_PANE': '%0'}
[roslaunch][INFO] 2016-07-05 17:35:34,198: starting in server mode
[roslaunch.parent][INFO] 2016-07-05 17:35:34,198: starting roslaunch parent run
[roslaunch][INFO] 2016-07-05 17:35:34,199: loading roscore config file /opt/ros/indigo/etc/ros/roscore.xml
[roslaunch][INFO] 2016-07-05 17:35:34,417: Added core node of type [rosout/rosout] in namespace [/]
[roslaunch.config][INFO] 2016-07-05 17:35:34,420: loading config file /opt/ros/indigo/share/rosbridge_server/launch/rosbridge_websocket.launch
[roslaunch][INFO] 2016-07-05 17:35:34,428: Added node of type [rosbridge_server/rosbridge_websocket] in namespace [/]
[roslaunch][INFO] 2016-07-05 17:35:34,430: Added node of type [rosapi/rosapi_node] in namespace [/]
[roslaunch][INFO] 2016-07-05 17:35:34,431: ... selected machine [] for node of type [rosbridge_server/rosbridge_websocket]
[roslaunch][INFO] 2016-07-05 17:35:34,431: ... selected machine [] for node of type [rosapi/rosapi_node]
[roslaunch.pmon][INFO] 2016-07-05 17:35:34,432: start_process_monitor: creating ProcessMonitor
[roslaunch.pmon][INFO] 2016-07-05 17:35:34,433: created process monitor <ProcessMonitor(ProcessMonitor-1, initial daemon)>
[roslaunch.pmon][INFO] 2016-07-05 17:35:34,437: start_process_monitor: ProcessMonitor started
[roslaunch.parent][INFO] 2016-07-05 17:35:34,438: starting parent XML-RPC server
[roslaunch.server][INFO] 2016-07-05 17:35:34,439: starting roslaunch XML-RPC server
[roslaunch.server][INFO] 2016-07-05 17:35:34,441: waiting for roslaunch XML-RPC server to initialize
[xmlrpc][INFO] 2016-07-05 17:35:34,442: XML-RPC server binding to 0.0.0.0:0
[xmlrpc][INFO] 2016-07-05 17:35:34,444: Started XML-RPC server [http://ros-indigo-desktop-trusty64:50465/]
[xmlrpc][INFO] 2016-07-05 17:35:34,446: xml rpc node: starting XML-RPC server
[roslaunch][INFO] 2016-07-05 17:35:34,455: started roslaunch server http://ros-indigo-desktop-trusty64:50465/
[roslaunch.parent][INFO] 2016-07-05 17:35:34,456: ... parent XML-RPC server started
[roslaunch][INFO] 2016-07-05 17:35:34,458: master.is_running[http://localhost:11311]
[roslaunch][INFO] 2016-07-05 17:35:34,464: auto-starting new master
[roslaunch][INFO] 2016-07-05 17:35:34,465: create_master_process: rosmaster, /opt/ros/indigo/share/ros, 11311
[roslaunch][INFO] 2016-07-05 17:35:34,467: process[master]: launching with args [['rosmaster', '--core', '-p', '11311']]
[roslaunch.pmon][INFO] 2016-07-05 17:35:34,470: ProcessMonitor.register[master]
[roslaunch.pmon][INFO] 2016-07-05 17:35:34,472: ProcessMonitor.register[master] complete
[roslaunch][INFO] 2016-07-05 17:35:34,472: process[master]: starting os process
[roslaunch][INFO] 2016-07-05 17:35:34,473: process[master]: start w/ args [['rosmaster', '--core', '-p', '11311', '__log:=/home/vagrant/.ros/log/e0a79388-42d6-11e6-afdd-080027a2ea64/master.log']]
[roslaunch][INFO] 2016-07-05 17:35:34,473: process[master]: cwd will be [/home/vagrant/.ros]
[roslaunch][INFO] 2016-07-05 17:35:34,477: process[master]: started with pid [3551]
[roslaunch][INFO] 2016-07-05 17:35:34,478: master.is_running[http://localhost:11311]
[roslaunch][INFO] 2016-07-05 17:35:34,581: master.is_running[http://localhost:11311]
[roslaunch][INFO] 2016-07-05 17:35:34,684: master.is_running[http://localhost:11311]
[roslaunch][INFO] 2016-07-05 17:35:34,788: master.is_running[http://localhost:11311]
[roslaunch][INFO] 2016-07-05 17:35:34,793: master.is_running[http://localhost:11311]
[roslaunch][INFO] 2016-07-05 17:35:34,795: ROS_MASTER_URI=http://localhost:11311
[roslaunch][INFO] 2016-07-05 17:35:34,799: setting /run_id to e0a79388-42d6-11e6-afdd-080027a2ea64
[roslaunch][INFO] 2016-07-05 17:35:34,803: setting /roslaunch/uris/host_ros_indigo_desktop_trusty64__50465' to http://ros-indigo-desktop-trusty64:50465/
[roslaunch][INFO] 2016-07-05 17:35:34,815: ... preparing to launch node of type [rosout/rosout]
[roslaunch][INFO] 2016-07-05 17:35:34,816: create_node_process: package[rosout] type[rosout] machine[Machine(name[] env_loader[None] address[localhost] ssh_port[22] user[None] assignable[True] timeout[10.0])] master_uri[http://localhost:11311]
[roslaunch][INFO] 2016-07-05 17:35:34,816: process[rosout-1]: env[{'ROS_DISTRO': 'indigo', 'SSH_CLIENT': '10.0.2.2 59893 22', 'CPATH': '/opt/ros/indigo/include', 'LOGNAME': 'vagrant', 'USER': 'vagrant', 'PATH': '/opt/ros/indigo/bin:/usr/local/sbin:/usr/local/bin:/usr/sbin:/usr/bin:/sbin:/bin:/usr/games:/usr/local/games', 'HOME': '/home/vagrant', 'CMAKE_PREFIX_PATH': '/opt/ros/indigo', 'ROS_LOG_FILENAME': '/home/vagrant/.ros/log/e0a79388-42d6-11e6-afdd-080027a2ea64/roslaunch-ros-indigo-desktop-trusty64-3539.log', 'LANG': 'en_US.UTF-8', 'TERM': 'screen', 'SHELL': '/bin/bash', 'SHLVL': '2', 'QT_QPA_PLATFORMTHEME': 'appmenu-qt5', 'LD_LIBRARY_PATH': '/opt/ros/indigo/lib/x86_64-linux-gnu:/opt/ros/indigo/lib', 'ROS_MASTER_URI': 'http://localhost:11311', 'XDG_RUNTIME_DIR': '/run/user/1000', 'PYTHONPATH': '/opt/ros/indigo/lib/python2.7/dist-packages', 'TMUX': '/tmp/tmux-1000/default,3495,0', 'ROS_ROOT': '/opt/ros/indigo/share/ros', 'PKG_CONFIG_PATH': '/opt/ros/indigo/lib/x86_64-linux-gnu/pkgconfig:/opt/ros/indigo/lib/pkgconfig', 'ROS_PACKAGE_PATH': '/opt/ros/indigo/share:/opt/ros/indigo/stacks', 'XDG_SESSION_ID': '3', '_': '/opt/ros/indigo/bin/roslaunch', 'SSH_TTY': '/dev/pts/0', 'ROSLISP_PACKAGE_DIRECTORIES': '', 'PWD': '/home/vagrant', 'ROS_ETC_DIR': '/opt/ros/indigo/etc/ros', 'MAIL': '/var/mail/vagrant', 'SSH_CONNECTION': '10.0.2.2 59893 10.0.2.15 22', 'TMUX_PANE': '%0'}]
[roslaunch][INFO] 2016-07-05 17:35:34,873: process[rosout-1]: args[[u'/opt/ros/indigo/lib/rosout/rosout', u'__name:=rosout']]
[roslaunch][INFO] 2016-07-05 17:35:34,873: ... created process [rosout-1]
[roslaunch.pmon][INFO] 2016-07-05 17:35:34,874: ProcessMonitor.register[rosout-1]
[roslaunch.pmon][INFO] 2016-07-05 17:35:34,874: ProcessMonitor.register[rosout-1] complete
[roslaunch][INFO] 2016-07-05 17:35:34,874: ... registered process [rosout-1]
[roslaunch][INFO] 2016-07-05 17:35:34,875: process[rosout-1]: starting os process
[roslaunch][INFO] 2016-07-05 17:35:34,876: process[rosout-1]: start w/ args [[u'/opt/ros/indigo/lib/rosout/rosout', u'__name:=rosout', u'__log:=/home/vagrant/.ros/log/e0a79388-42d6-11e6-afdd-080027a2ea64/rosout-1.log']]
[roslaunch][INFO] 2016-07-05 17:35:34,877: process[rosout-1]: cwd will be [/home/vagrant/.ros]
[roslaunch][INFO] 2016-07-05 17:35:34,882: process[rosout-1]: started with pid [3564]
[roslaunch][INFO] 2016-07-05 17:35:34,884: ... successfully launched [rosout-1]
[roslaunch][INFO] 2016-07-05 17:35:34,888: load_parameters starting ...
[roslaunch][INFO] 2016-07-05 17:35:34,904: ... load_parameters complete
[roslaunch][INFO] 2016-07-05 17:35:34,905: launch_nodes: launching local nodes ...
[roslaunch][INFO] 2016-07-05 17:35:34,906: ... preparing to launch node of type [rosbridge_server/rosbridge_websocket]
[roslaunch][INFO] 2016-07-05 17:35:34,906: create_node_process: package[rosbridge_server] type[rosbridge_websocket] machine[Machine(name[] env_loader[None] address[localhost] ssh_port[22] user[None] assignable[True] timeout[10.0])] master_uri[http://localhost:11311]
[roslaunch][INFO] 2016-07-05 17:35:34,908: process[rosbridge_websocket-2]: env[{'ROS_DISTRO': 'indigo', 'SSH_CLIENT': '10.0.2.2 59893 22', 'CPATH': '/opt/ros/indigo/include', 'LOGNAME': 'vagrant', 'USER': 'vagrant', 'PATH': '/opt/ros/indigo/bin:/usr/local/sbin:/usr/local/bin:/usr/sbin:/usr/bin:/sbin:/bin:/usr/games:/usr/local/games', 'HOME': '/home/vagrant', 'CMAKE_PREFIX_PATH': '/opt/ros/indigo', 'ROS_LOG_FILENAME': '/home/vagrant/.ros/log/e0a79388-42d6-11e6-afdd-080027a2ea64/roslaunch-ros-indigo-desktop-trusty64-3539.log', 'LANG': 'en_US.UTF-8', 'TERM': 'screen', 'SHELL': '/bin/bash', 'SHLVL': '2', 'QT_QPA_PLATFORMTHEME': 'appmenu-qt5', 'LD_LIBRARY_PATH': '/opt/ros/indigo/lib/x86_64-linux-gnu:/opt/ros/indigo/lib', 'ROS_MASTER_URI': 'http://localhost:11311', 'XDG_RUNTIME_DIR': '/run/user/1000', 'PYTHONPATH': '/opt/ros/indigo/lib/python2.7/dist-packages', 'TMUX': '/tmp/tmux-1000/default,3495,0', 'ROS_ROOT': '/opt/ros/indigo/share/ros', 'PKG_CONFIG_PATH': '/opt/ros/indigo/lib/x86_64-linux-gnu/pkgconfig:/opt/ros/indigo/lib/pkgconfig', 'ROS_PACKAGE_PATH': '/opt/ros/indigo/share:/opt/ros/indigo/stacks', 'XDG_SESSION_ID': '3', '_': '/opt/ros/indigo/bin/roslaunch', 'SSH_TTY': '/dev/pts/0', 'ROSLISP_PACKAGE_DIRECTORIES': '', 'PWD': '/home/vagrant', 'ROS_ETC_DIR': '/opt/ros/indigo/etc/ros', 'MAIL': '/var/mail/vagrant', 'SSH_CONNECTION': '10.0.2.2 59893 10.0.2.15 22', 'TMUX_PANE': '%0'}]
[roslaunch][INFO] 2016-07-05 17:35:34,962: process[rosbridge_websocket-2]: args[[u'/opt/ros/indigo/lib/rosbridge_server/rosbridge_websocket', u'__name:=rosbridge_websocket']]
[roslaunch][INFO] 2016-07-05 17:35:34,962: ... created process [rosbridge_websocket-2]
[roslaunch.pmon][INFO] 2016-07-05 17:35:34,963: ProcessMonitor.register[rosbridge_websocket-2]
[roslaunch.pmon][INFO] 2016-07-05 17:35:34,963: ProcessMonitor.register[rosbridge_websocket-2] complete
[roslaunch][INFO] 2016-07-05 17:35:34,963: ... registered process [rosbridge_websocket-2]
[roslaunch][INFO] 2016-07-05 17:35:34,964: process[rosbridge_websocket-2]: starting os process
[roslaunch][INFO] 2016-07-05 17:35:34,965: process[rosbridge_websocket-2]: start w/ args [[u'/opt/ros/indigo/lib/rosbridge_server/rosbridge_websocket', u'__name:=rosbridge_websocket', u'__log:=/home/vagrant/.ros/log/e0a79388-42d6-11e6-afdd-080027a2ea64/rosbridge_websocket-2.log']]
[roslaunch][INFO] 2016-07-05 17:35:34,965: process[rosbridge_websocket-2]: cwd will be [/home/vagrant/.ros]
[roslaunch][INFO] 2016-07-05 17:35:34,972: process[rosbridge_websocket-2]: started with pid [3581]
[roslaunch][INFO] 2016-07-05 17:35:34,975: ... successfully launched [rosbridge_websocket-2]
[roslaunch][INFO] 2016-07-05 17:35:34,976: ... preparing to launch node of type [rosapi/rosapi_node]
[roslaunch][INFO] 2016-07-05 17:35:34,976: create_node_process: package[rosapi] type[rosapi_node] machine[Machine(name[] env_loader[None] address[localhost] ssh_port[22] user[None] assignable[True] timeout[10.0])] master_uri[http://localhost:11311]
[roslaunch][INFO] 2016-07-05 17:35:34,977: process[rosapi-3]: env[{'ROS_DISTRO': 'indigo', 'SSH_CLIENT': '10.0.2.2 59893 22', 'CPATH': '/opt/ros/indigo/include', 'LOGNAME': 'vagrant', 'USER': 'vagrant', 'PATH': '/opt/ros/indigo/bin:/usr/local/sbin:/usr/local/bin:/usr/sbin:/usr/bin:/sbin:/bin:/usr/games:/usr/local/games', 'HOME': '/home/vagrant', 'CMAKE_PREFIX_PATH': '/opt/ros/indigo', 'ROS_LOG_FILENAME': '/home/vagrant/.ros/log/e0a79388-42d6-11e6-afdd-080027a2ea64/roslaunch-ros-indigo-desktop-trusty64-3539.log', 'LANG': 'en_US.UTF-8', 'TERM': 'screen', 'SHELL': '/bin/bash', 'SHLVL': '2', 'QT_QPA_PLATFORMTHEME': 'appmenu-qt5', 'LD_LIBRARY_PATH': '/opt/ros/indigo/lib/x86_64-linux-gnu:/opt/ros/indigo/lib', 'ROS_MASTER_URI': 'http://localhost:11311', 'XDG_RUNTIME_DIR': '/run/user/1000', 'PYTHONPATH': '/opt/ros/indigo/lib/python2.7/dist-packages', 'TMUX': '/tmp/tmux-1000/default,3495,0', 'ROS_ROOT': '/opt/ros/indigo/share/ros', 'PKG_CONFIG_PATH': '/opt/ros/indigo/lib/x86_64-linux-gnu/pkgconfig:/opt/ros/indigo/lib/pkgconfig', 'ROS_PACKAGE_PATH': '/opt/ros/indigo/share:/opt/ros/indigo/stacks', 'XDG_SESSION_ID': '3', '_': '/opt/ros/indigo/bin/roslaunch', 'SSH_TTY': '/dev/pts/0', 'ROSLISP_PACKAGE_DIRECTORIES': '', 'PWD': '/home/vagrant', 'ROS_ETC_DIR': '/opt/ros/indigo/etc/ros', 'MAIL': '/var/mail/vagrant', 'SSH_CONNECTION': '10.0.2.2 59893 10.0.2.15 22', 'TMUX_PANE': '%0'}]
[roslaunch][INFO] 2016-07-05 17:35:35,044: process[rosapi-3]: args[[u'/opt/ros/indigo/lib/rosapi/rosapi_node', u'__name:=rosapi']]
[roslaunch][INFO] 2016-07-05 17:35:35,045: ... created process [rosapi-3]
[roslaunch.pmon][INFO] 2016-07-05 17:35:35,045: ProcessMonitor.register[rosapi-3]
[roslaunch.pmon][INFO] 2016-07-05 17:35:35,046: ProcessMonitor.register[rosapi-3] complete
[roslaunch][INFO] 2016-07-05 17:35:35,046: ... registered process [rosapi-3]
[roslaunch][INFO] 2016-07-05 17:35:35,047: process[rosapi-3]: starting os process
[roslaunch][INFO] 2016-07-05 17:35:35,048: process[rosapi-3]: start w/ args [[u'/opt/ros/indigo/lib/rosapi/rosapi_node', u'__name:=rosapi', u'__log:=/home/vagrant/.ros/log/e0a79388-42d6-11e6-afdd-080027a2ea64/rosapi-3.log']]
[roslaunch][INFO] 2016-07-05 17:35:35,049: process[rosapi-3]: cwd will be [/home/vagrant/.ros]
[roslaunch][INFO] 2016-07-05 17:35:35,057: process[rosapi-3]: started with pid [3582]
[roslaunch][INFO] 2016-07-05 17:35:35,059: ... successfully launched [rosapi-3]
[roslaunch][INFO] 2016-07-05 17:35:35,060: ... launch_nodes complete
[roslaunch.pmon][INFO] 2016-07-05 17:35:35,061: registrations completed <ProcessMonitor(ProcessMonitor-1, started daemon 140041511794432)>
[roslaunch.parent][INFO] 2016-07-05 17:35:35,062: ... roslaunch parent running, waiting for process exit
[roslaunch][INFO] 2016-07-05 17:35:35,063: spin
[roslaunch.pmon][INFO] 2016-07-05 18:05:12,709: ProcessMonitor.shutdown <ProcessMonitor(ProcessMonitor-1, started daemon 140041511794432)>
[roslaunch.pmon][INFO] 2016-07-05 18:05:12,791: ProcessMonitor._post_run <ProcessMonitor(ProcessMonitor-1, started daemon 140041511794432)>
[roslaunch.pmon][INFO] 2016-07-05 18:05:12,792: ProcessMonitor._post_run <ProcessMonitor(ProcessMonitor-1, started daemon 140041511794432)>: remaining procs are [<roslaunch.nodeprocess.LocalProcess object at 0x7f5df4b16310>, <roslaunch.nodeprocess.LocalProcess object at 0x7f5df4b162d0>, <roslaunch.nodeprocess.LocalProcess object at 0x7f5df4b16e10>, <roslaunch.nodeprocess.LocalProcess object at 0x7f5df4b16890>]
[roslaunch.pmon][INFO] 2016-07-05 18:05:12,793: ProcessMonitor exit: killing rosapi-3
[roslaunch][INFO] 2016-07-05 18:05:12,794: [rosapi-3] killing on exit
[roslaunch.pmon][INFO] 2016-07-05 18:05:12,796: ProcessMonitor exit: killing rosbridge_websocket-2
[roslaunch][INFO] 2016-07-05 18:05:12,796: process[rosapi-3]: killing os process with pid[3582] pgid[3582]
[roslaunch][INFO] 2016-07-05 18:05:12,798: [rosbridge_websocket-2] killing on exit
[roslaunch][INFO] 2016-07-05 18:05:12,799: [rosapi-3] sending SIGINT to pgid [3582]
[roslaunch][INFO] 2016-07-05 18:05:12,800: process[rosbridge_websocket-2]: killing os process with pid[3581] pgid[3581]
[roslaunch][INFO] 2016-07-05 18:05:12,803: [rosapi-3] sent SIGINT to pgid [3582]
[roslaunch][INFO] 2016-07-05 18:05:12,804: [rosbridge_websocket-2] sending SIGINT to pgid [3581]
[roslaunch][INFO] 2016-07-05 18:05:12,806: [rosbridge_websocket-2] sent SIGINT to pgid [3581]
[roslaunch][INFO] 2016-07-05 18:05:13,008: process[rosbridge_websocket-2]: SIGINT killed with return value 0
[roslaunch][INFO] 2016-07-05 18:05:13,512: process[rosapi-3]: SIGINT killed with return value 0
[roslaunch.pmon][INFO] 2016-07-05 18:05:13,514: ProcessMonitor exit: killing rosout-1
[roslaunch][INFO] 2016-07-05 18:05:13,514: [rosout-1] killing on exit
[roslaunch][INFO] 2016-07-05 18:05:13,515: process[rosout-1]: killing os process with pid[3564] pgid[3564]
[roslaunch][INFO] 2016-07-05 18:05:13,516: [rosout-1] sending SIGINT to pgid [3564]
[roslaunch][INFO] 2016-07-05 18:05:13,517: [rosout-1] sent SIGINT to pgid [3564]
[roslaunch][INFO] 2016-07-05 18:05:13,718: process[rosout-1]: SIGINT killed with return value 0
[roslaunch.pmon][INFO] 2016-07-05 18:05:13,719: ProcessMonitor exit: killing master
[roslaunch][INFO] 2016-07-05 18:05:13,720: [master] killing on exit
[roslaunch][INFO] 2016-07-05 18:05:13,721: process[master]: killing os process with pid[3551] pgid[3551]
[roslaunch][INFO] 2016-07-05 18:05:13,722: [master] sending SIGINT to pgid [3551]
[roslaunch][INFO] 2016-07-05 18:05:13,723: [master] sent SIGINT to pgid [3551]
[roslaunch][INFO] 2016-07-05 18:05:13,926: process[master]: SIGINT killed with return value 0
[roslaunch.pmon][INFO] 2016-07-05 18:05:13,927: ProcessMonitor exit: cleaning up data structures and signals
[roslaunch.pmon][INFO] 2016-07-05 18:05:13,928: ProcessMonitor exit: pmon has shutdown
[roslaunch][INFO] 2016-07-05 18:05:13,963: process monitor is done spinning, initiating full shutdown
[roslaunch][INFO] 2016-07-05 18:05:13,964: runner.stop()
[roslaunch][INFO] 2016-07-05 18:05:13,965: shutting down processing monitor...
[roslaunch][INFO] 2016-07-05 18:05:13,965: shutting down processing monitor <ProcessMonitor(ProcessMonitor-1, stopped daemon 140041511794432)>
[roslaunch.pmon][INFO] 2016-07-05 18:05:13,966: ProcessMonitor.shutdown <ProcessMonitor(ProcessMonitor-1, stopped daemon 140041511794432)>
[roslaunch][INFO] 2016-07-05 18:05:13,967: ... shutting down processing monitor complete
[roslaunch][INFO] 2016-07-05 18:05:13,967: done
[roslaunch.pmon][INFO] 2016-07-05 18:05:13,968: ProcessMonitor.shutdown <ProcessMonitor(ProcessMonitor-1, stopped daemon 140041511794432)>
[rospy.core][INFO] 2016-07-05 18:05:13,969: signal_shutdown [atexit]
