[roslaunch][INFO] 2016-07-13 20:47:55,556: Checking log directory for disk usage. This may take awhile.
Press Ctrl-C to interrupt
[roslaunch][INFO] 2016-07-13 20:47:55,636: Done checking log file disk usage. Usage is <1GB.
[roslaunch][INFO] 2016-07-13 20:47:55,637: roslaunch starting with args ['/opt/ros/indigo/bin/roslaunch', 'rosbridge_server', 'rosbridge_websocket.launch']
[roslaunch][INFO] 2016-07-13 20:47:55,638: roslaunch env is {'ROS_DISTRO': 'indigo', 'SSH_CLIENT': '10.0.2.2 57347 22', 'CPATH': '/opt/ros/indigo/include', 'LOGNAME': 'vagrant', 'USER': 'vagrant', 'PATH': '/opt/ros/indigo/bin:/usr/local/sbin:/usr/local/bin:/usr/sbin:/usr/bin:/sbin:/bin:/usr/games:/usr/local/games', 'HOME': '/home/vagrant', 'CMAKE_PREFIX_PATH': '/opt/ros/indigo', 'LD_LIBRARY_PATH': '/opt/ros/indigo/lib/x86_64-linux-gnu:/opt/ros/indigo/lib', 'LANG': 'en_US.UTF-8', 'TERM': 'screen', 'SHELL': '/bin/bash', 'SHLVL': '2', 'QT_QPA_PLATFORMTHEME': 'appmenu-qt5', 'ROS_LOG_FILENAME': '/home/vagrant/.ros/log/b1f09ebc-493a-11e6-940a-080027a2ea64/roslaunch-ros-indigo-desktop-trusty64-10292.log', 'ROS_ETC_DIR': '/opt/ros/indigo/etc/ros', 'XDG_RUNTIME_DIR': '/run/user/1000', 'PYTHONPATH': '/opt/ros/indigo/lib/python2.7/dist-packages', 'TMUX': '/tmp/tmux-1000/default,9652,0', 'ROS_ROOT': '/opt/ros/indigo/share/ros', 'PKG_CONFIG_PATH': '/opt/ros/indigo/lib/x86_64-linux-gnu/pkgconfig:/opt/ros/indigo/lib/pkgconfig', 'ROS_PACKAGE_PATH': '/opt/ros/indigo/share:/opt/ros/indigo/stacks', 'XDG_SESSION_ID': '4', '_': '/opt/ros/indigo/bin/roslaunch', 'SSH_TTY': '/dev/pts/3', 'ROSLISP_PACKAGE_DIRECTORIES': '', 'PWD': '/home/vagrant/therblig-motion-library/mico/wpi_jaco', 'ROS_MASTER_URI': 'http://localhost:11311', 'MAIL': '/var/mail/vagrant', 'SSH_CONNECTION': '10.0.2.2 57347 10.0.2.15 22', 'TMUX_PANE': '%0'}
[roslaunch][INFO] 2016-07-13 20:47:55,638: starting in server mode
[roslaunch.parent][INFO] 2016-07-13 20:47:55,639: starting roslaunch parent run
[roslaunch][INFO] 2016-07-13 20:47:55,640: loading roscore config file /opt/ros/indigo/etc/ros/roscore.xml
[roslaunch][INFO] 2016-07-13 20:47:55,764: Added core node of type [rosout/rosout] in namespace [/]
[roslaunch.config][INFO] 2016-07-13 20:47:55,765: loading config file /opt/ros/indigo/share/rosbridge_server/launch/rosbridge_websocket.launch
[roslaunch][INFO] 2016-07-13 20:47:55,778: Added node of type [rosbridge_server/rosbridge_websocket] in namespace [/]
[roslaunch][INFO] 2016-07-13 20:47:55,779: Added node of type [rosapi/rosapi_node] in namespace [/]
[roslaunch][INFO] 2016-07-13 20:47:55,780: ... selected machine [] for node of type [rosbridge_server/rosbridge_websocket]
[roslaunch][INFO] 2016-07-13 20:47:55,780: ... selected machine [] for node of type [rosapi/rosapi_node]
[roslaunch.pmon][INFO] 2016-07-13 20:47:55,782: start_process_monitor: creating ProcessMonitor
[roslaunch.pmon][INFO] 2016-07-13 20:47:55,782: created process monitor <ProcessMonitor(ProcessMonitor-1, initial daemon)>
[roslaunch.pmon][INFO] 2016-07-13 20:47:55,783: start_process_monitor: ProcessMonitor started
[roslaunch.parent][INFO] 2016-07-13 20:47:55,783: starting parent XML-RPC server
[roslaunch.server][INFO] 2016-07-13 20:47:55,784: starting roslaunch XML-RPC server
[roslaunch.server][INFO] 2016-07-13 20:47:55,784: waiting for roslaunch XML-RPC server to initialize
[xmlrpc][INFO] 2016-07-13 20:47:55,784: XML-RPC server binding to 0.0.0.0:0
[xmlrpc][INFO] 2016-07-13 20:47:55,786: Started XML-RPC server [http://ros-indigo-desktop-trusty64:57728/]
[xmlrpc][INFO] 2016-07-13 20:47:55,786: xml rpc node: starting XML-RPC server
[roslaunch][INFO] 2016-07-13 20:47:55,802: started roslaunch server http://ros-indigo-desktop-trusty64:57728/
[roslaunch.parent][INFO] 2016-07-13 20:47:55,802: ... parent XML-RPC server started
[roslaunch][INFO] 2016-07-13 20:47:55,804: master.is_running[http://localhost:11311]
[roslaunch][INFO] 2016-07-13 20:47:55,807: master.is_running[http://localhost:11311]
[roslaunch][INFO] 2016-07-13 20:47:55,809: ROS_MASTER_URI=http://localhost:11311
[roslaunch][INFO] 2016-07-13 20:47:55,814: setting /roslaunch/uris/host_ros_indigo_desktop_trusty64__57728' to http://ros-indigo-desktop-trusty64:57728/
[roslaunch][INFO] 2016-07-13 20:47:55,820: load_parameters starting ...
[roslaunch][INFO] 2016-07-13 20:47:55,830: ... load_parameters complete
[roslaunch][INFO] 2016-07-13 20:47:55,831: launch_nodes: launching local nodes ...
[roslaunch][INFO] 2016-07-13 20:47:55,831: ... preparing to launch node of type [rosbridge_server/rosbridge_websocket]
[roslaunch][INFO] 2016-07-13 20:47:55,832: create_node_process: package[rosbridge_server] type[rosbridge_websocket] machine[Machine(name[] env_loader[None] address[localhost] ssh_port[22] user[None] assignable[True] timeout[10.0])] master_uri[http://localhost:11311]
[roslaunch][INFO] 2016-07-13 20:47:55,832: process[rosbridge_websocket-1]: env[{'ROS_DISTRO': 'indigo', 'SSH_CLIENT': '10.0.2.2 57347 22', 'CPATH': '/opt/ros/indigo/include', 'LOGNAME': 'vagrant', 'USER': 'vagrant', 'PATH': '/opt/ros/indigo/bin:/usr/local/sbin:/usr/local/bin:/usr/sbin:/usr/bin:/sbin:/bin:/usr/games:/usr/local/games', 'HOME': '/home/vagrant', 'CMAKE_PREFIX_PATH': '/opt/ros/indigo', 'ROS_LOG_FILENAME': '/home/vagrant/.ros/log/b1f09ebc-493a-11e6-940a-080027a2ea64/roslaunch-ros-indigo-desktop-trusty64-10292.log', 'LANG': 'en_US.UTF-8', 'TERM': 'screen', 'SHELL': '/bin/bash', 'SHLVL': '2', 'QT_QPA_PLATFORMTHEME': 'appmenu-qt5', 'LD_LIBRARY_PATH': '/opt/ros/indigo/lib/x86_64-linux-gnu:/opt/ros/indigo/lib', 'ROS_MASTER_URI': 'http://localhost:11311', 'XDG_RUNTIME_DIR': '/run/user/1000', 'PYTHONPATH': '/opt/ros/indigo/lib/python2.7/dist-packages', 'TMUX': '/tmp/tmux-1000/default,9652,0', 'ROS_ROOT': '/opt/ros/indigo/share/ros', 'PKG_CONFIG_PATH': '/opt/ros/indigo/lib/x86_64-linux-gnu/pkgconfig:/opt/ros/indigo/lib/pkgconfig', 'ROS_PACKAGE_PATH': '/opt/ros/indigo/share:/opt/ros/indigo/stacks', 'XDG_SESSION_ID': '4', '_': '/opt/ros/indigo/bin/roslaunch', 'SSH_TTY': '/dev/pts/3', 'ROSLISP_PACKAGE_DIRECTORIES': '', 'PWD': '/home/vagrant/therblig-motion-library/mico/wpi_jaco', 'ROS_ETC_DIR': '/opt/ros/indigo/etc/ros', 'MAIL': '/var/mail/vagrant', 'SSH_CONNECTION': '10.0.2.2 57347 10.0.2.15 22', 'TMUX_PANE': '%0'}]
[roslaunch][INFO] 2016-07-13 20:47:55,872: process[rosbridge_websocket-1]: args[[u'/opt/ros/indigo/lib/rosbridge_server/rosbridge_websocket', u'__name:=rosbridge_websocket']]
[roslaunch][INFO] 2016-07-13 20:47:55,873: ... created process [rosbridge_websocket-1]
[roslaunch.pmon][INFO] 2016-07-13 20:47:55,873: ProcessMonitor.register[rosbridge_websocket-1]
[roslaunch.pmon][INFO] 2016-07-13 20:47:55,874: ProcessMonitor.register[rosbridge_websocket-1] complete
[roslaunch][INFO] 2016-07-13 20:47:55,874: ... registered process [rosbridge_websocket-1]
[roslaunch][INFO] 2016-07-13 20:47:55,875: process[rosbridge_websocket-1]: starting os process
[roslaunch][INFO] 2016-07-13 20:47:55,876: process[rosbridge_websocket-1]: start w/ args [[u'/opt/ros/indigo/lib/rosbridge_server/rosbridge_websocket', u'__name:=rosbridge_websocket', u'__log:=/home/vagrant/.ros/log/b1f09ebc-493a-11e6-940a-080027a2ea64/rosbridge_websocket-1.log']]
[roslaunch][INFO] 2016-07-13 20:47:55,876: process[rosbridge_websocket-1]: cwd will be [/home/vagrant/.ros]
[roslaunch][INFO] 2016-07-13 20:47:55,882: process[rosbridge_websocket-1]: started with pid [10311]
[roslaunch][INFO] 2016-07-13 20:47:55,882: ... successfully launched [rosbridge_websocket-1]
[roslaunch][INFO] 2016-07-13 20:47:55,883: ... preparing to launch node of type [rosapi/rosapi_node]
[roslaunch][INFO] 2016-07-13 20:47:55,884: create_node_process: package[rosapi] type[rosapi_node] machine[Machine(name[] env_loader[None] address[localhost] ssh_port[22] user[None] assignable[True] timeout[10.0])] master_uri[http://localhost:11311]
[roslaunch][INFO] 2016-07-13 20:47:55,884: process[rosapi-2]: env[{'ROS_DISTRO': 'indigo', 'SSH_CLIENT': '10.0.2.2 57347 22', 'CPATH': '/opt/ros/indigo/include', 'LOGNAME': 'vagrant', 'USER': 'vagrant', 'PATH': '/opt/ros/indigo/bin:/usr/local/sbin:/usr/local/bin:/usr/sbin:/usr/bin:/sbin:/bin:/usr/games:/usr/local/games', 'HOME': '/home/vagrant', 'CMAKE_PREFIX_PATH': '/opt/ros/indigo', 'ROS_LOG_FILENAME': '/home/vagrant/.ros/log/b1f09ebc-493a-11e6-940a-080027a2ea64/roslaunch-ros-indigo-desktop-trusty64-10292.log', 'LANG': 'en_US.UTF-8', 'TERM': 'screen', 'SHELL': '/bin/bash', 'SHLVL': '2', 'QT_QPA_PLATFORMTHEME': 'appmenu-qt5', 'LD_LIBRARY_PATH': '/opt/ros/indigo/lib/x86_64-linux-gnu:/opt/ros/indigo/lib', 'ROS_MASTER_URI': 'http://localhost:11311', 'XDG_RUNTIME_DIR': '/run/user/1000', 'PYTHONPATH': '/opt/ros/indigo/lib/python2.7/dist-packages', 'TMUX': '/tmp/tmux-1000/default,9652,0', 'ROS_ROOT': '/opt/ros/indigo/share/ros', 'PKG_CONFIG_PATH': '/opt/ros/indigo/lib/x86_64-linux-gnu/pkgconfig:/opt/ros/indigo/lib/pkgconfig', 'ROS_PACKAGE_PATH': '/opt/ros/indigo/share:/opt/ros/indigo/stacks', 'XDG_SESSION_ID': '4', '_': '/opt/ros/indigo/bin/roslaunch', 'SSH_TTY': '/dev/pts/3', 'ROSLISP_PACKAGE_DIRECTORIES': '', 'PWD': '/home/vagrant/therblig-motion-library/mico/wpi_jaco', 'ROS_ETC_DIR': '/opt/ros/indigo/etc/ros', 'MAIL': '/var/mail/vagrant', 'SSH_CONNECTION': '10.0.2.2 57347 10.0.2.15 22', 'TMUX_PANE': '%0'}]
[roslaunch][INFO] 2016-07-13 20:47:55,932: process[rosapi-2]: args[[u'/opt/ros/indigo/lib/rosapi/rosapi_node', u'__name:=rosapi']]
[roslaunch][INFO] 2016-07-13 20:47:55,933: ... created process [rosapi-2]
[roslaunch.pmon][INFO] 2016-07-13 20:47:55,933: ProcessMonitor.register[rosapi-2]
[roslaunch.pmon][INFO] 2016-07-13 20:47:55,934: ProcessMonitor.register[rosapi-2] complete
[roslaunch][INFO] 2016-07-13 20:47:55,934: ... registered process [rosapi-2]
[roslaunch][INFO] 2016-07-13 20:47:55,934: process[rosapi-2]: starting os process
[roslaunch][INFO] 2016-07-13 20:47:55,936: process[rosapi-2]: start w/ args [[u'/opt/ros/indigo/lib/rosapi/rosapi_node', u'__name:=rosapi', u'__log:=/home/vagrant/.ros/log/b1f09ebc-493a-11e6-940a-080027a2ea64/rosapi-2.log']]
[roslaunch][INFO] 2016-07-13 20:47:55,936: process[rosapi-2]: cwd will be [/home/vagrant/.ros]
[roslaunch][INFO] 2016-07-13 20:47:55,941: process[rosapi-2]: started with pid [10312]
[roslaunch][INFO] 2016-07-13 20:47:55,941: ... successfully launched [rosapi-2]
[roslaunch][INFO] 2016-07-13 20:47:55,942: ... launch_nodes complete
[roslaunch.pmon][INFO] 2016-07-13 20:47:55,942: registrations completed <ProcessMonitor(ProcessMonitor-1, started daemon 140244301297408)>
[roslaunch.parent][INFO] 2016-07-13 20:47:55,942: ... roslaunch parent running, waiting for process exit
[roslaunch][INFO] 2016-07-13 20:47:55,943: spin
