[roslaunch][INFO] 2016-07-13 20:45:12,733: Checking log directory for disk usage. This may take awhile.
Press Ctrl-C to interrupt
[roslaunch][INFO] 2016-07-13 20:45:12,844: Done checking log file disk usage. Usage is <1GB.
[roslaunch][INFO] 2016-07-13 20:45:12,845: roslaunch starting with args ['/opt/ros/indigo/bin/roslaunch', 'mico_moveit_config', 'path_planning.launch']
[roslaunch][INFO] 2016-07-13 20:45:12,846: roslaunch env is {'ROS_DISTRO': 'indigo', 'SSH_CLIENT': '10.0.2.2 57347 22', 'CPATH': '/home/vagrant/therblig-motion-library/mico/wpi_jaco/devel/include:/opt/ros/indigo/include', 'LOGNAME': 'vagrant', 'USER': 'vagrant', 'HOME': '/home/vagrant', 'PATH': '/home/vagrant/therblig-motion-library/mico/wpi_jaco/devel/bin:/opt/ros/indigo/bin:/usr/local/sbin:/usr/local/bin:/usr/sbin:/usr/bin:/sbin:/bin:/usr/games:/usr/local/games', 'CMAKE_PREFIX_PATH': '/home/vagrant/therblig-motion-library/mico/wpi_jaco/devel:/opt/ros/indigo', 'LD_LIBRARY_PATH': '/home/vagrant/therblig-motion-library/mico/wpi_jaco/devel/lib:/home/vagrant/therblig-motion-library/mico/wpi_jaco/devel/lib/x86_64-linux-gnu:/opt/ros/indigo/lib/x86_64-linux-gnu:/opt/ros/indigo/lib', 'LANG': 'en_US.UTF-8', 'TERM': 'screen', 'SHELL': '/bin/bash', 'SHLVL': '3', 'XDG_SESSION_ID': '4', 'QT_QPA_PLATFORMTHEME': 'appmenu-qt5', 'ROS_LOG_FILENAME': '/home/vagrant/.ros/log/b1f09ebc-493a-11e6-940a-080027a2ea64/roslaunch-ros-indigo-desktop-trusty64-9695.log', 'ROS_ETC_DIR': '/opt/ros/indigo/etc/ros', 'XDG_RUNTIME_DIR': '/run/user/1000', 'PYTHONPATH': '/home/vagrant/therblig-motion-library/mico/wpi_jaco/devel/lib/python2.7/dist-packages:/opt/ros/indigo/lib/python2.7/dist-packages', 'TMUX': '/tmp/tmux-1000/default,9652,0', 'ROS_ROOT': '/opt/ros/indigo/share/ros', 'PKG_CONFIG_PATH': '/home/vagrant/therblig-motion-library/mico/wpi_jaco/devel/lib/pkgconfig:/home/vagrant/therblig-motion-library/mico/wpi_jaco/devel/lib/x86_64-linux-gnu/pkgconfig:/opt/ros/indigo/lib/x86_64-linux-gnu/pkgconfig:/opt/ros/indigo/lib/pkgconfig', 'ROS_PACKAGE_PATH': '/home/vagrant/therblig-motion-library/mico/wpi_jaco/src:/opt/ros/indigo/share:/opt/ros/indigo/stacks', 'ROS_TEST_RESULTS_DIR': '/home/vagrant/therblig-motion-library/mico/wpi_jaco/build/test_results', '_': '/opt/ros/indigo/bin/roslaunch', 'CATKIN_TEST_RESULTS_DIR': '/home/vagrant/therblig-motion-library/mico/wpi_jaco/build/test_results', 'SSH_TTY': '/dev/pts/3', 'OLDPWD': '/home/vagrant/therblig-motion-library/mico/wpi_jaco', 'ROSLISP_PACKAGE_DIRECTORIES': '/home/vagrant/therblig-motion-library/mico/wpi_jaco/devel/share/common-lisp', 'PWD': '/home/vagrant/therblig-motion-library/mico/wpi_jaco', 'ROS_MASTER_URI': 'http://localhost:11311', 'MAIL': '/var/mail/vagrant', 'SSH_CONNECTION': '10.0.2.2 57347 10.0.2.15 22', 'TMUX_PANE': '%1'}
[roslaunch][INFO] 2016-07-13 20:45:12,846: starting in server mode
[roslaunch.parent][INFO] 2016-07-13 20:45:12,847: starting roslaunch parent run
[roslaunch][INFO] 2016-07-13 20:45:12,848: loading roscore config file /opt/ros/indigo/etc/ros/roscore.xml
[roslaunch][INFO] 2016-07-13 20:45:14,628: Added core node of type [rosout/rosout] in namespace [/]
[roslaunch.config][INFO] 2016-07-13 20:45:14,630: loading config file /home/vagrant/therblig-motion-library/mico/wpi_jaco/src/mico_moveit_config/launch/path_planning.launch
[roslaunch][INFO] 2016-07-13 20:45:16,243: Added node of type [wpi_jaco_wrapper/jaco_arm_trajectory_node] in namespace [/]
[roslaunch][INFO] 2016-07-13 20:45:16,244: Added node of type [wpi_jaco_wrapper/jaco_manipulation] in namespace [/]
[roslaunch][INFO] 2016-07-13 20:45:16,245: Added node of type [wpi_jaco_wrapper/jaco_conversions] in namespace [/]
[roslaunch][INFO] 2016-07-13 20:45:16,245: Added node of type [wpi_jaco_wrapper/jaco_kinematics] in namespace [/]
[roslaunch][INFO] 2016-07-13 20:45:18,437: Added node of type [robot_state_publisher/robot_state_publisher] in namespace [/]
[roslaunch][INFO] 2016-07-13 20:45:18,438: Added node of type [joint_state_publisher/joint_state_publisher] in namespace [/]
[roslaunch][INFO] 2016-07-13 20:45:25,848: Added node of type [moveit_ros_move_group/move_group] in namespace [/]
[roslaunch][INFO] 2016-07-13 20:45:26,493: Added node of type [rviz/rviz] in namespace [/]
[roslaunch][INFO] 2016-07-13 20:45:26,493: ... selected machine [] for node of type [wpi_jaco_wrapper/jaco_arm_trajectory_node]
[roslaunch][INFO] 2016-07-13 20:45:26,494: ... selected machine [] for node of type [wpi_jaco_wrapper/jaco_manipulation]
[roslaunch][INFO] 2016-07-13 20:45:26,494: ... selected machine [] for node of type [wpi_jaco_wrapper/jaco_conversions]
[roslaunch][INFO] 2016-07-13 20:45:26,494: ... selected machine [] for node of type [wpi_jaco_wrapper/jaco_kinematics]
[roslaunch][INFO] 2016-07-13 20:45:26,495: ... selected machine [] for node of type [robot_state_publisher/robot_state_publisher]
[roslaunch][INFO] 2016-07-13 20:45:26,495: ... selected machine [] for node of type [joint_state_publisher/joint_state_publisher]
[roslaunch][INFO] 2016-07-13 20:45:26,495: ... selected machine [] for node of type [moveit_ros_move_group/move_group]
[roslaunch][INFO] 2016-07-13 20:45:26,496: ... selected machine [] for node of type [rviz/rviz]
[roslaunch.pmon][INFO] 2016-07-13 20:45:26,510: start_process_monitor: creating ProcessMonitor
[roslaunch.pmon][INFO] 2016-07-13 20:45:26,511: created process monitor <ProcessMonitor(ProcessMonitor-1, initial daemon)>
[roslaunch.pmon][INFO] 2016-07-13 20:45:26,512: start_process_monitor: ProcessMonitor started
[roslaunch.parent][INFO] 2016-07-13 20:45:26,513: starting parent XML-RPC server
[roslaunch.server][INFO] 2016-07-13 20:45:26,514: starting roslaunch XML-RPC server
[roslaunch.server][INFO] 2016-07-13 20:45:26,514: waiting for roslaunch XML-RPC server to initialize
[xmlrpc][INFO] 2016-07-13 20:45:26,515: XML-RPC server binding to 0.0.0.0:0
[xmlrpc][INFO] 2016-07-13 20:45:26,516: Started XML-RPC server [http://ros-indigo-desktop-trusty64:38822/]
[xmlrpc][INFO] 2016-07-13 20:45:26,516: xml rpc node: starting XML-RPC server
[roslaunch][INFO] 2016-07-13 20:45:26,532: started roslaunch server http://ros-indigo-desktop-trusty64:38822/
[roslaunch.parent][INFO] 2016-07-13 20:45:26,533: ... parent XML-RPC server started
[roslaunch][INFO] 2016-07-13 20:45:26,537: master.is_running[http://localhost:11311]
[roslaunch][INFO] 2016-07-13 20:45:26,538: auto-starting new master
[roslaunch][INFO] 2016-07-13 20:45:26,539: create_master_process: rosmaster, /opt/ros/indigo/share/ros, 11311
[roslaunch][INFO] 2016-07-13 20:45:26,539: process[master]: launching with args [['rosmaster', '--core', '-p', '11311']]
[roslaunch.pmon][INFO] 2016-07-13 20:45:26,540: ProcessMonitor.register[master]
[roslaunch.pmon][INFO] 2016-07-13 20:45:26,541: ProcessMonitor.register[master] complete
[roslaunch][INFO] 2016-07-13 20:45:26,541: process[master]: starting os process
[roslaunch][INFO] 2016-07-13 20:45:26,543: process[master]: start w/ args [['rosmaster', '--core', '-p', '11311', '__log:=/home/vagrant/.ros/log/b1f09ebc-493a-11e6-940a-080027a2ea64/master.log']]
[roslaunch][INFO] 2016-07-13 20:45:26,544: process[master]: cwd will be [/home/vagrant/.ros]
[roslaunch][INFO] 2016-07-13 20:45:26,549: process[master]: started with pid [9713]
[roslaunch][INFO] 2016-07-13 20:45:26,550: master.is_running[http://localhost:11311]
[roslaunch][INFO] 2016-07-13 20:45:26,653: master.is_running[http://localhost:11311]
[roslaunch][INFO] 2016-07-13 20:45:26,754: master.is_running[http://localhost:11311]
[roslaunch][INFO] 2016-07-13 20:45:26,857: master.is_running[http://localhost:11311]
[roslaunch][INFO] 2016-07-13 20:45:26,959: master.is_running[http://localhost:11311]
[roslaunch][INFO] 2016-07-13 20:45:27,060: master.is_running[http://localhost:11311]
[roslaunch][INFO] 2016-07-13 20:45:27,162: master.is_running[http://localhost:11311]
[roslaunch][INFO] 2016-07-13 20:45:27,264: master.is_running[http://localhost:11311]
[roslaunch][INFO] 2016-07-13 20:45:27,365: master.is_running[http://localhost:11311]
[roslaunch][INFO] 2016-07-13 20:45:27,466: master.is_running[http://localhost:11311]
[roslaunch][INFO] 2016-07-13 20:45:27,568: master.is_running[http://localhost:11311]
[roslaunch][INFO] 2016-07-13 20:45:27,670: master.is_running[http://localhost:11311]
[roslaunch][INFO] 2016-07-13 20:45:27,772: master.is_running[http://localhost:11311]
[roslaunch][INFO] 2016-07-13 20:45:27,875: master.is_running[http://localhost:11311]
[roslaunch][INFO] 2016-07-13 20:45:27,977: master.is_running[http://localhost:11311]
[roslaunch][INFO] 2016-07-13 20:45:28,079: master.is_running[http://localhost:11311]
[roslaunch][INFO] 2016-07-13 20:45:28,083: master.is_running[http://localhost:11311]
[roslaunch][INFO] 2016-07-13 20:45:28,086: ROS_MASTER_URI=http://localhost:11311
[roslaunch][INFO] 2016-07-13 20:45:28,090: setting /run_id to b1f09ebc-493a-11e6-940a-080027a2ea64
[roslaunch][INFO] 2016-07-13 20:45:28,093: setting /roslaunch/uris/host_ros_indigo_desktop_trusty64__38822' to http://ros-indigo-desktop-trusty64:38822/
[roslaunch][INFO] 2016-07-13 20:45:28,097: ... preparing to launch node of type [rosout/rosout]
[roslaunch][INFO] 2016-07-13 20:45:28,098: create_node_process: package[rosout] type[rosout] machine[Machine(name[] env_loader[None] address[localhost] ssh_port[22] user[None] assignable[True] timeout[10.0])] master_uri[http://localhost:11311]
[roslaunch][INFO] 2016-07-13 20:45:28,099: process[rosout-1]: env[{'ROS_DISTRO': 'indigo', 'SSH_CLIENT': '10.0.2.2 57347 22', 'CPATH': '/home/vagrant/therblig-motion-library/mico/wpi_jaco/devel/include:/opt/ros/indigo/include', 'LOGNAME': 'vagrant', 'USER': 'vagrant', 'HOME': '/home/vagrant', 'PATH': '/home/vagrant/therblig-motion-library/mico/wpi_jaco/devel/bin:/opt/ros/indigo/bin:/usr/local/sbin:/usr/local/bin:/usr/sbin:/usr/bin:/sbin:/bin:/usr/games:/usr/local/games', 'CMAKE_PREFIX_PATH': '/home/vagrant/therblig-motion-library/mico/wpi_jaco/devel:/opt/ros/indigo', 'ROS_LOG_FILENAME': '/home/vagrant/.ros/log/b1f09ebc-493a-11e6-940a-080027a2ea64/roslaunch-ros-indigo-desktop-trusty64-9695.log', 'LANG': 'en_US.UTF-8', 'TERM': 'screen', 'SHELL': '/bin/bash', 'SHLVL': '3', 'ROS_TEST_RESULTS_DIR': '/home/vagrant/therblig-motion-library/mico/wpi_jaco/build/test_results', 'QT_QPA_PLATFORMTHEME': 'appmenu-qt5', 'LD_LIBRARY_PATH': '/home/vagrant/therblig-motion-library/mico/wpi_jaco/devel/lib:/home/vagrant/therblig-motion-library/mico/wpi_jaco/devel/lib/x86_64-linux-gnu:/opt/ros/indigo/lib/x86_64-linux-gnu:/opt/ros/indigo/lib', 'ROS_MASTER_URI': 'http://localhost:11311', 'XDG_RUNTIME_DIR': '/run/user/1000', 'PYTHONPATH': '/home/vagrant/therblig-motion-library/mico/wpi_jaco/devel/lib/python2.7/dist-packages:/opt/ros/indigo/lib/python2.7/dist-packages', 'TMUX': '/tmp/tmux-1000/default,9652,0', 'ROS_ROOT': '/opt/ros/indigo/share/ros', 'PKG_CONFIG_PATH': '/home/vagrant/therblig-motion-library/mico/wpi_jaco/devel/lib/pkgconfig:/home/vagrant/therblig-motion-library/mico/wpi_jaco/devel/lib/x86_64-linux-gnu/pkgconfig:/opt/ros/indigo/lib/x86_64-linux-gnu/pkgconfig:/opt/ros/indigo/lib/pkgconfig', 'ROS_PACKAGE_PATH': '/home/vagrant/therblig-motion-library/mico/wpi_jaco/src:/opt/ros/indigo/share:/opt/ros/indigo/stacks', 'XDG_SESSION_ID': '4', '_': '/opt/ros/indigo/bin/roslaunch', 'CATKIN_TEST_RESULTS_DIR': '/home/vagrant/therblig-motion-library/mico/wpi_jaco/build/test_results', 'SSH_TTY': '/dev/pts/3', 'OLDPWD': '/home/vagrant/therblig-motion-library/mico/wpi_jaco', 'ROSLISP_PACKAGE_DIRECTORIES': '/home/vagrant/therblig-motion-library/mico/wpi_jaco/devel/share/common-lisp', 'PWD': '/home/vagrant/therblig-motion-library/mico/wpi_jaco', 'ROS_ETC_DIR': '/opt/ros/indigo/etc/ros', 'MAIL': '/var/mail/vagrant', 'SSH_CONNECTION': '10.0.2.2 57347 10.0.2.15 22', 'TMUX_PANE': '%1'}]
[roslaunch][INFO] 2016-07-13 20:45:28,962: process[rosout-1]: args[[u'/opt/ros/indigo/lib/rosout/rosout', u'__name:=rosout']]
[roslaunch][INFO] 2016-07-13 20:45:28,963: ... created process [rosout-1]
[roslaunch.pmon][INFO] 2016-07-13 20:45:28,963: ProcessMonitor.register[rosout-1]
[roslaunch.pmon][INFO] 2016-07-13 20:45:28,964: ProcessMonitor.register[rosout-1] complete
[roslaunch][INFO] 2016-07-13 20:45:28,964: ... registered process [rosout-1]
[roslaunch][INFO] 2016-07-13 20:45:28,965: process[rosout-1]: starting os process
[roslaunch][INFO] 2016-07-13 20:45:28,967: process[rosout-1]: start w/ args [[u'/opt/ros/indigo/lib/rosout/rosout', u'__name:=rosout', u'__log:=/home/vagrant/.ros/log/b1f09ebc-493a-11e6-940a-080027a2ea64/rosout-1.log']]
[roslaunch][INFO] 2016-07-13 20:45:28,968: process[rosout-1]: cwd will be [/home/vagrant/.ros]
[roslaunch][INFO] 2016-07-13 20:45:28,972: process[rosout-1]: started with pid [9726]
[roslaunch][INFO] 2016-07-13 20:45:28,974: ... successfully launched [rosout-1]
[roslaunch][INFO] 2016-07-13 20:45:28,975: load_parameters starting ...
[roslaunch][INFO] 2016-07-13 20:45:29,068: ... load_parameters complete
[roslaunch][INFO] 2016-07-13 20:45:29,068: launch_nodes: launching local nodes ...
[roslaunch][INFO] 2016-07-13 20:45:29,069: ... preparing to launch node of type [wpi_jaco_wrapper/jaco_arm_trajectory_node]
[roslaunch][INFO] 2016-07-13 20:45:29,069: create_node_process: package[wpi_jaco_wrapper] type[jaco_arm_trajectory_node] machine[Machine(name[] env_loader[None] address[localhost] ssh_port[22] user[None] assignable[True] timeout[10.0])] master_uri[http://localhost:11311]
[roslaunch][INFO] 2016-07-13 20:45:29,070: process[jaco_arm_trajectory_node-2]: env[{'ROS_DISTRO': 'indigo', 'SSH_CLIENT': '10.0.2.2 57347 22', 'CPATH': '/home/vagrant/therblig-motion-library/mico/wpi_jaco/devel/include:/opt/ros/indigo/include', 'LOGNAME': 'vagrant', 'USER': 'vagrant', 'HOME': '/home/vagrant', 'PATH': '/home/vagrant/therblig-motion-library/mico/wpi_jaco/devel/bin:/opt/ros/indigo/bin:/usr/local/sbin:/usr/local/bin:/usr/sbin:/usr/bin:/sbin:/bin:/usr/games:/usr/local/games', 'CMAKE_PREFIX_PATH': '/home/vagrant/therblig-motion-library/mico/wpi_jaco/devel:/opt/ros/indigo', 'ROS_LOG_FILENAME': '/home/vagrant/.ros/log/b1f09ebc-493a-11e6-940a-080027a2ea64/roslaunch-ros-indigo-desktop-trusty64-9695.log', 'LANG': 'en_US.UTF-8', 'TERM': 'screen', 'SHELL': '/bin/bash', 'SHLVL': '3', 'ROS_TEST_RESULTS_DIR': '/home/vagrant/therblig-motion-library/mico/wpi_jaco/build/test_results', 'QT_QPA_PLATFORMTHEME': 'appmenu-qt5', 'LD_LIBRARY_PATH': '/home/vagrant/therblig-motion-library/mico/wpi_jaco/devel/lib:/home/vagrant/therblig-motion-library/mico/wpi_jaco/devel/lib/x86_64-linux-gnu:/opt/ros/indigo/lib/x86_64-linux-gnu:/opt/ros/indigo/lib', 'ROS_MASTER_URI': 'http://localhost:11311', 'XDG_RUNTIME_DIR': '/run/user/1000', 'PYTHONPATH': '/home/vagrant/therblig-motion-library/mico/wpi_jaco/devel/lib/python2.7/dist-packages:/opt/ros/indigo/lib/python2.7/dist-packages', 'TMUX': '/tmp/tmux-1000/default,9652,0', 'ROS_ROOT': '/opt/ros/indigo/share/ros', 'PKG_CONFIG_PATH': '/home/vagrant/therblig-motion-library/mico/wpi_jaco/devel/lib/pkgconfig:/home/vagrant/therblig-motion-library/mico/wpi_jaco/devel/lib/x86_64-linux-gnu/pkgconfig:/opt/ros/indigo/lib/x86_64-linux-gnu/pkgconfig:/opt/ros/indigo/lib/pkgconfig', 'ROS_PACKAGE_PATH': '/home/vagrant/therblig-motion-library/mico/wpi_jaco/src:/opt/ros/indigo/share:/opt/ros/indigo/stacks', 'XDG_SESSION_ID': '4', '_': '/opt/ros/indigo/bin/roslaunch', 'CATKIN_TEST_RESULTS_DIR': '/home/vagrant/therblig-motion-library/mico/wpi_jaco/build/test_results', 'SSH_TTY': '/dev/pts/3', 'OLDPWD': '/home/vagrant/therblig-motion-library/mico/wpi_jaco', 'ROSLISP_PACKAGE_DIRECTORIES': '/home/vagrant/therblig-motion-library/mico/wpi_jaco/devel/share/common-lisp', 'PWD': '/home/vagrant/therblig-motion-library/mico/wpi_jaco', 'ROS_ETC_DIR': '/opt/ros/indigo/etc/ros', 'MAIL': '/var/mail/vagrant', 'SSH_CONNECTION': '10.0.2.2 57347 10.0.2.15 22', 'TMUX_PANE': '%1'}]
[roslaunch][INFO] 2016-07-13 20:45:30,066: process[jaco_arm_trajectory_node-2]: args[[u'/home/vagrant/therblig-motion-library/mico/wpi_jaco/devel/lib/wpi_jaco_wrapper/jaco_arm_trajectory_node', u'mico_arm/fingers_controller:=mico_arm/fingers_controller/gripper', u'mico_arm/arm_controller:=mico_arm/arm_controller/trajectory', u'mico_arm/smooth_arm_controller:=mico_arm/smooth_arm_controller/trajectory', u'mico_arm/joint_velocity_controller:=mico_arm/joint_velocity_controller/trajectory', u'__name:=jaco_arm_trajectory_node']]
[roslaunch][INFO] 2016-07-13 20:45:30,066: ... created process [jaco_arm_trajectory_node-2]
[roslaunch.pmon][INFO] 2016-07-13 20:45:30,067: ProcessMonitor.register[jaco_arm_trajectory_node-2]
[roslaunch.pmon][INFO] 2016-07-13 20:45:30,067: ProcessMonitor.register[jaco_arm_trajectory_node-2] complete
[roslaunch][INFO] 2016-07-13 20:45:30,067: ... registered process [jaco_arm_trajectory_node-2]
[roslaunch][INFO] 2016-07-13 20:45:30,068: process[jaco_arm_trajectory_node-2]: starting os process
[roslaunch][INFO] 2016-07-13 20:45:30,069: process[jaco_arm_trajectory_node-2]: start w/ args [[u'/home/vagrant/therblig-motion-library/mico/wpi_jaco/devel/lib/wpi_jaco_wrapper/jaco_arm_trajectory_node', u'mico_arm/fingers_controller:=mico_arm/fingers_controller/gripper', u'mico_arm/arm_controller:=mico_arm/arm_controller/trajectory', u'mico_arm/smooth_arm_controller:=mico_arm/smooth_arm_controller/trajectory', u'mico_arm/joint_velocity_controller:=mico_arm/joint_velocity_controller/trajectory', u'__name:=jaco_arm_trajectory_node', u'__log:=/home/vagrant/.ros/log/b1f09ebc-493a-11e6-940a-080027a2ea64/jaco_arm_trajectory_node-2.log']]
[roslaunch][INFO] 2016-07-13 20:45:30,070: process[jaco_arm_trajectory_node-2]: cwd will be [/home/vagrant/.ros]
[roslaunch][INFO] 2016-07-13 20:45:30,077: process[jaco_arm_trajectory_node-2]: started with pid [9743]
[roslaunch][INFO] 2016-07-13 20:45:30,078: ... successfully launched [jaco_arm_trajectory_node-2]
[roslaunch][INFO] 2016-07-13 20:45:30,079: ... preparing to launch node of type [wpi_jaco_wrapper/jaco_manipulation]
[roslaunch][INFO] 2016-07-13 20:45:30,080: create_node_process: package[wpi_jaco_wrapper] type[jaco_manipulation] machine[Machine(name[] env_loader[None] address[localhost] ssh_port[22] user[None] assignable[True] timeout[10.0])] master_uri[http://localhost:11311]
[roslaunch][INFO] 2016-07-13 20:45:30,081: process[jaco_manipulation-3]: env[{'ROS_DISTRO': 'indigo', 'SSH_CLIENT': '10.0.2.2 57347 22', 'CPATH': '/home/vagrant/therblig-motion-library/mico/wpi_jaco/devel/include:/opt/ros/indigo/include', 'LOGNAME': 'vagrant', 'USER': 'vagrant', 'HOME': '/home/vagrant', 'PATH': '/home/vagrant/therblig-motion-library/mico/wpi_jaco/devel/bin:/opt/ros/indigo/bin:/usr/local/sbin:/usr/local/bin:/usr/sbin:/usr/bin:/sbin:/bin:/usr/games:/usr/local/games', 'CMAKE_PREFIX_PATH': '/home/vagrant/therblig-motion-library/mico/wpi_jaco/devel:/opt/ros/indigo', 'ROS_LOG_FILENAME': '/home/vagrant/.ros/log/b1f09ebc-493a-11e6-940a-080027a2ea64/roslaunch-ros-indigo-desktop-trusty64-9695.log', 'LANG': 'en_US.UTF-8', 'TERM': 'screen', 'SHELL': '/bin/bash', 'SHLVL': '3', 'ROS_TEST_RESULTS_DIR': '/home/vagrant/therblig-motion-library/mico/wpi_jaco/build/test_results', 'QT_QPA_PLATFORMTHEME': 'appmenu-qt5', 'LD_LIBRARY_PATH': '/home/vagrant/therblig-motion-library/mico/wpi_jaco/devel/lib:/home/vagrant/therblig-motion-library/mico/wpi_jaco/devel/lib/x86_64-linux-gnu:/opt/ros/indigo/lib/x86_64-linux-gnu:/opt/ros/indigo/lib', 'ROS_MASTER_URI': 'http://localhost:11311', 'XDG_RUNTIME_DIR': '/run/user/1000', 'PYTHONPATH': '/home/vagrant/therblig-motion-library/mico/wpi_jaco/devel/lib/python2.7/dist-packages:/opt/ros/indigo/lib/python2.7/dist-packages', 'TMUX': '/tmp/tmux-1000/default,9652,0', 'ROS_ROOT': '/opt/ros/indigo/share/ros', 'PKG_CONFIG_PATH': '/home/vagrant/therblig-motion-library/mico/wpi_jaco/devel/lib/pkgconfig:/home/vagrant/therblig-motion-library/mico/wpi_jaco/devel/lib/x86_64-linux-gnu/pkgconfig:/opt/ros/indigo/lib/x86_64-linux-gnu/pkgconfig:/opt/ros/indigo/lib/pkgconfig', 'ROS_PACKAGE_PATH': '/home/vagrant/therblig-motion-library/mico/wpi_jaco/src:/opt/ros/indigo/share:/opt/ros/indigo/stacks', 'XDG_SESSION_ID': '4', '_': '/opt/ros/indigo/bin/roslaunch', 'CATKIN_TEST_RESULTS_DIR': '/home/vagrant/therblig-motion-library/mico/wpi_jaco/build/test_results', 'SSH_TTY': '/dev/pts/3', 'OLDPWD': '/home/vagrant/therblig-motion-library/mico/wpi_jaco', 'ROSLISP_PACKAGE_DIRECTORIES': '/home/vagrant/therblig-motion-library/mico/wpi_jaco/devel/share/common-lisp', 'PWD': '/home/vagrant/therblig-motion-library/mico/wpi_jaco', 'ROS_ETC_DIR': '/opt/ros/indigo/etc/ros', 'MAIL': '/var/mail/vagrant', 'SSH_CONNECTION': '10.0.2.2 57347 10.0.2.15 22', 'TMUX_PANE': '%1'}]
[roslaunch][INFO] 2016-07-13 20:45:31,067: process[jaco_manipulation-3]: args[[u'/home/vagrant/therblig-motion-library/mico/wpi_jaco/devel/lib/wpi_jaco_wrapper/jaco_manipulation', u'__name:=jaco_manipulation']]
[roslaunch][INFO] 2016-07-13 20:45:31,068: ... created process [jaco_manipulation-3]
[roslaunch.pmon][INFO] 2016-07-13 20:45:31,068: ProcessMonitor.register[jaco_manipulation-3]
[roslaunch.pmon][INFO] 2016-07-13 20:45:31,068: ProcessMonitor.register[jaco_manipulation-3] complete
[roslaunch][INFO] 2016-07-13 20:45:31,069: ... registered process [jaco_manipulation-3]
[roslaunch][INFO] 2016-07-13 20:45:31,069: process[jaco_manipulation-3]: starting os process
[roslaunch][INFO] 2016-07-13 20:45:31,070: process[jaco_manipulation-3]: start w/ args [[u'/home/vagrant/therblig-motion-library/mico/wpi_jaco/devel/lib/wpi_jaco_wrapper/jaco_manipulation', u'__name:=jaco_manipulation', u'__log:=/home/vagrant/.ros/log/b1f09ebc-493a-11e6-940a-080027a2ea64/jaco_manipulation-3.log']]
[roslaunch][INFO] 2016-07-13 20:45:31,071: process[jaco_manipulation-3]: cwd will be [/home/vagrant/.ros]
[roslaunch][INFO] 2016-07-13 20:45:31,097: process[jaco_manipulation-3]: started with pid [9770]
[roslaunch][INFO] 2016-07-13 20:45:31,098: ... successfully launched [jaco_manipulation-3]
[roslaunch][INFO] 2016-07-13 20:45:31,099: ... preparing to launch node of type [wpi_jaco_wrapper/jaco_conversions]
[roslaunch][INFO] 2016-07-13 20:45:31,100: create_node_process: package[wpi_jaco_wrapper] type[jaco_conversions] machine[Machine(name[] env_loader[None] address[localhost] ssh_port[22] user[None] assignable[True] timeout[10.0])] master_uri[http://localhost:11311]
[roslaunch][INFO] 2016-07-13 20:45:31,101: process[jaco_conversions-4]: env[{'ROS_DISTRO': 'indigo', 'SSH_CLIENT': '10.0.2.2 57347 22', 'CPATH': '/home/vagrant/therblig-motion-library/mico/wpi_jaco/devel/include:/opt/ros/indigo/include', 'LOGNAME': 'vagrant', 'USER': 'vagrant', 'HOME': '/home/vagrant', 'PATH': '/home/vagrant/therblig-motion-library/mico/wpi_jaco/devel/bin:/opt/ros/indigo/bin:/usr/local/sbin:/usr/local/bin:/usr/sbin:/usr/bin:/sbin:/bin:/usr/games:/usr/local/games', 'CMAKE_PREFIX_PATH': '/home/vagrant/therblig-motion-library/mico/wpi_jaco/devel:/opt/ros/indigo', 'ROS_LOG_FILENAME': '/home/vagrant/.ros/log/b1f09ebc-493a-11e6-940a-080027a2ea64/roslaunch-ros-indigo-desktop-trusty64-9695.log', 'LANG': 'en_US.UTF-8', 'TERM': 'screen', 'SHELL': '/bin/bash', 'SHLVL': '3', 'ROS_TEST_RESULTS_DIR': '/home/vagrant/therblig-motion-library/mico/wpi_jaco/build/test_results', 'QT_QPA_PLATFORMTHEME': 'appmenu-qt5', 'LD_LIBRARY_PATH': '/home/vagrant/therblig-motion-library/mico/wpi_jaco/devel/lib:/home/vagrant/therblig-motion-library/mico/wpi_jaco/devel/lib/x86_64-linux-gnu:/opt/ros/indigo/lib/x86_64-linux-gnu:/opt/ros/indigo/lib', 'ROS_MASTER_URI': 'http://localhost:11311', 'XDG_RUNTIME_DIR': '/run/user/1000', 'PYTHONPATH': '/home/vagrant/therblig-motion-library/mico/wpi_jaco/devel/lib/python2.7/dist-packages:/opt/ros/indigo/lib/python2.7/dist-packages', 'TMUX': '/tmp/tmux-1000/default,9652,0', 'ROS_ROOT': '/opt/ros/indigo/share/ros', 'PKG_CONFIG_PATH': '/home/vagrant/therblig-motion-library/mico/wpi_jaco/devel/lib/pkgconfig:/home/vagrant/therblig-motion-library/mico/wpi_jaco/devel/lib/x86_64-linux-gnu/pkgconfig:/opt/ros/indigo/lib/x86_64-linux-gnu/pkgconfig:/opt/ros/indigo/lib/pkgconfig', 'ROS_PACKAGE_PATH': '/home/vagrant/therblig-motion-library/mico/wpi_jaco/src:/opt/ros/indigo/share:/opt/ros/indigo/stacks', 'XDG_SESSION_ID': '4', '_': '/opt/ros/indigo/bin/roslaunch', 'CATKIN_TEST_RESULTS_DIR': '/home/vagrant/therblig-motion-library/mico/wpi_jaco/build/test_results', 'SSH_TTY': '/dev/pts/3', 'OLDPWD': '/home/vagrant/therblig-motion-library/mico/wpi_jaco', 'ROSLISP_PACKAGE_DIRECTORIES': '/home/vagrant/therblig-motion-library/mico/wpi_jaco/devel/share/common-lisp', 'PWD': '/home/vagrant/therblig-motion-library/mico/wpi_jaco', 'ROS_ETC_DIR': '/opt/ros/indigo/etc/ros', 'MAIL': '/var/mail/vagrant', 'SSH_CONNECTION': '10.0.2.2 57347 10.0.2.15 22', 'TMUX_PANE': '%1'}]
[roslaunch][INFO] 2016-07-13 20:45:32,144: process[jaco_conversions-4]: args[[u'/home/vagrant/therblig-motion-library/mico/wpi_jaco/devel/lib/wpi_jaco_wrapper/jaco_conversions', u'__name:=jaco_conversions']]
[roslaunch][INFO] 2016-07-13 20:45:32,144: ... created process [jaco_conversions-4]
[roslaunch.pmon][INFO] 2016-07-13 20:45:32,145: ProcessMonitor.register[jaco_conversions-4]
[roslaunch.pmon][INFO] 2016-07-13 20:45:32,145: ProcessMonitor.register[jaco_conversions-4] complete
[roslaunch][INFO] 2016-07-13 20:45:32,145: ... registered process [jaco_conversions-4]
[roslaunch][INFO] 2016-07-13 20:45:32,146: process[jaco_conversions-4]: starting os process
[roslaunch][INFO] 2016-07-13 20:45:32,147: process[jaco_conversions-4]: start w/ args [[u'/home/vagrant/therblig-motion-library/mico/wpi_jaco/devel/lib/wpi_jaco_wrapper/jaco_conversions', u'__name:=jaco_conversions', u'__log:=/home/vagrant/.ros/log/b1f09ebc-493a-11e6-940a-080027a2ea64/jaco_conversions-4.log']]
[roslaunch][INFO] 2016-07-13 20:45:32,147: process[jaco_conversions-4]: cwd will be [/home/vagrant/.ros]
[roslaunch][INFO] 2016-07-13 20:45:32,155: process[jaco_conversions-4]: started with pid [9819]
[roslaunch][INFO] 2016-07-13 20:45:32,157: ... successfully launched [jaco_conversions-4]
[roslaunch][INFO] 2016-07-13 20:45:32,158: ... preparing to launch node of type [wpi_jaco_wrapper/jaco_kinematics]
[roslaunch][INFO] 2016-07-13 20:45:32,159: create_node_process: package[wpi_jaco_wrapper] type[jaco_kinematics] machine[Machine(name[] env_loader[None] address[localhost] ssh_port[22] user[None] assignable[True] timeout[10.0])] master_uri[http://localhost:11311]
[roslaunch][INFO] 2016-07-13 20:45:32,159: process[jaco_kinematics-5]: env[{'ROS_DISTRO': 'indigo', 'SSH_CLIENT': '10.0.2.2 57347 22', 'CPATH': '/home/vagrant/therblig-motion-library/mico/wpi_jaco/devel/include:/opt/ros/indigo/include', 'LOGNAME': 'vagrant', 'USER': 'vagrant', 'HOME': '/home/vagrant', 'PATH': '/home/vagrant/therblig-motion-library/mico/wpi_jaco/devel/bin:/opt/ros/indigo/bin:/usr/local/sbin:/usr/local/bin:/usr/sbin:/usr/bin:/sbin:/bin:/usr/games:/usr/local/games', 'CMAKE_PREFIX_PATH': '/home/vagrant/therblig-motion-library/mico/wpi_jaco/devel:/opt/ros/indigo', 'ROS_LOG_FILENAME': '/home/vagrant/.ros/log/b1f09ebc-493a-11e6-940a-080027a2ea64/roslaunch-ros-indigo-desktop-trusty64-9695.log', 'LANG': 'en_US.UTF-8', 'TERM': 'screen', 'SHELL': '/bin/bash', 'SHLVL': '3', 'ROS_TEST_RESULTS_DIR': '/home/vagrant/therblig-motion-library/mico/wpi_jaco/build/test_results', 'QT_QPA_PLATFORMTHEME': 'appmenu-qt5', 'LD_LIBRARY_PATH': '/home/vagrant/therblig-motion-library/mico/wpi_jaco/devel/lib:/home/vagrant/therblig-motion-library/mico/wpi_jaco/devel/lib/x86_64-linux-gnu:/opt/ros/indigo/lib/x86_64-linux-gnu:/opt/ros/indigo/lib', 'ROS_MASTER_URI': 'http://localhost:11311', 'XDG_RUNTIME_DIR': '/run/user/1000', 'PYTHONPATH': '/home/vagrant/therblig-motion-library/mico/wpi_jaco/devel/lib/python2.7/dist-packages:/opt/ros/indigo/lib/python2.7/dist-packages', 'TMUX': '/tmp/tmux-1000/default,9652,0', 'ROS_ROOT': '/opt/ros/indigo/share/ros', 'PKG_CONFIG_PATH': '/home/vagrant/therblig-motion-library/mico/wpi_jaco/devel/lib/pkgconfig:/home/vagrant/therblig-motion-library/mico/wpi_jaco/devel/lib/x86_64-linux-gnu/pkgconfig:/opt/ros/indigo/lib/x86_64-linux-gnu/pkgconfig:/opt/ros/indigo/lib/pkgconfig', 'ROS_PACKAGE_PATH': '/home/vagrant/therblig-motion-library/mico/wpi_jaco/src:/opt/ros/indigo/share:/opt/ros/indigo/stacks', 'XDG_SESSION_ID': '4', '_': '/opt/ros/indigo/bin/roslaunch', 'CATKIN_TEST_RESULTS_DIR': '/home/vagrant/therblig-motion-library/mico/wpi_jaco/build/test_results', 'SSH_TTY': '/dev/pts/3', 'OLDPWD': '/home/vagrant/therblig-motion-library/mico/wpi_jaco', 'ROSLISP_PACKAGE_DIRECTORIES': '/home/vagrant/therblig-motion-library/mico/wpi_jaco/devel/share/common-lisp', 'PWD': '/home/vagrant/therblig-motion-library/mico/wpi_jaco', 'ROS_ETC_DIR': '/opt/ros/indigo/etc/ros', 'MAIL': '/var/mail/vagrant', 'SSH_CONNECTION': '10.0.2.2 57347 10.0.2.15 22', 'TMUX_PANE': '%1'}]
[roslaunch][INFO] 2016-07-13 20:45:33,149: process[jaco_kinematics-5]: args[[u'/home/vagrant/therblig-motion-library/mico/wpi_jaco/devel/lib/wpi_jaco_wrapper/jaco_kinematics', u'__name:=jaco_kinematics']]
[roslaunch][INFO] 2016-07-13 20:45:33,168: ... created process [jaco_kinematics-5]
[roslaunch.pmon][INFO] 2016-07-13 20:45:33,170: ProcessMonitor.register[jaco_kinematics-5]
[roslaunch.pmon][INFO] 2016-07-13 20:45:33,171: ProcessMonitor.register[jaco_kinematics-5] complete
[roslaunch][INFO] 2016-07-13 20:45:33,172: ... registered process [jaco_kinematics-5]
[roslaunch][INFO] 2016-07-13 20:45:33,172: process[jaco_kinematics-5]: starting os process
[roslaunch][INFO] 2016-07-13 20:45:33,177: process[jaco_kinematics-5]: start w/ args [[u'/home/vagrant/therblig-motion-library/mico/wpi_jaco/devel/lib/wpi_jaco_wrapper/jaco_kinematics', u'__name:=jaco_kinematics', u'__log:=/home/vagrant/.ros/log/b1f09ebc-493a-11e6-940a-080027a2ea64/jaco_kinematics-5.log']]
[roslaunch][INFO] 2016-07-13 20:45:33,178: process[jaco_kinematics-5]: cwd will be [/home/vagrant/.ros]
[roslaunch][INFO] 2016-07-13 20:45:33,187: process[jaco_kinematics-5]: started with pid [9833]
[roslaunch][INFO] 2016-07-13 20:45:33,189: ... successfully launched [jaco_kinematics-5]
[roslaunch][INFO] 2016-07-13 20:45:33,189: ... preparing to launch node of type [robot_state_publisher/robot_state_publisher]
[roslaunch][INFO] 2016-07-13 20:45:33,190: create_node_process: package[robot_state_publisher] type[robot_state_publisher] machine[Machine(name[] env_loader[None] address[localhost] ssh_port[22] user[None] assignable[True] timeout[10.0])] master_uri[http://localhost:11311]
[roslaunch][INFO] 2016-07-13 20:45:33,190: process[robot_state_publisher-6]: env[{'ROS_DISTRO': 'indigo', 'SSH_CLIENT': '10.0.2.2 57347 22', 'CPATH': '/home/vagrant/therblig-motion-library/mico/wpi_jaco/devel/include:/opt/ros/indigo/include', 'LOGNAME': 'vagrant', 'USER': 'vagrant', 'HOME': '/home/vagrant', 'PATH': '/home/vagrant/therblig-motion-library/mico/wpi_jaco/devel/bin:/opt/ros/indigo/bin:/usr/local/sbin:/usr/local/bin:/usr/sbin:/usr/bin:/sbin:/bin:/usr/games:/usr/local/games', 'CMAKE_PREFIX_PATH': '/home/vagrant/therblig-motion-library/mico/wpi_jaco/devel:/opt/ros/indigo', 'ROS_LOG_FILENAME': '/home/vagrant/.ros/log/b1f09ebc-493a-11e6-940a-080027a2ea64/roslaunch-ros-indigo-desktop-trusty64-9695.log', 'LANG': 'en_US.UTF-8', 'TERM': 'screen', 'SHELL': '/bin/bash', 'SHLVL': '3', 'ROS_TEST_RESULTS_DIR': '/home/vagrant/therblig-motion-library/mico/wpi_jaco/build/test_results', 'QT_QPA_PLATFORMTHEME': 'appmenu-qt5', 'LD_LIBRARY_PATH': '/home/vagrant/therblig-motion-library/mico/wpi_jaco/devel/lib:/home/vagrant/therblig-motion-library/mico/wpi_jaco/devel/lib/x86_64-linux-gnu:/opt/ros/indigo/lib/x86_64-linux-gnu:/opt/ros/indigo/lib', 'ROS_MASTER_URI': 'http://localhost:11311', 'XDG_RUNTIME_DIR': '/run/user/1000', 'PYTHONPATH': '/home/vagrant/therblig-motion-library/mico/wpi_jaco/devel/lib/python2.7/dist-packages:/opt/ros/indigo/lib/python2.7/dist-packages', 'TMUX': '/tmp/tmux-1000/default,9652,0', 'ROS_ROOT': '/opt/ros/indigo/share/ros', 'PKG_CONFIG_PATH': '/home/vagrant/therblig-motion-library/mico/wpi_jaco/devel/lib/pkgconfig:/home/vagrant/therblig-motion-library/mico/wpi_jaco/devel/lib/x86_64-linux-gnu/pkgconfig:/opt/ros/indigo/lib/x86_64-linux-gnu/pkgconfig:/opt/ros/indigo/lib/pkgconfig', 'ROS_PACKAGE_PATH': '/home/vagrant/therblig-motion-library/mico/wpi_jaco/src:/opt/ros/indigo/share:/opt/ros/indigo/stacks', 'XDG_SESSION_ID': '4', '_': '/opt/ros/indigo/bin/roslaunch', 'CATKIN_TEST_RESULTS_DIR': '/home/vagrant/therblig-motion-library/mico/wpi_jaco/build/test_results', 'SSH_TTY': '/dev/pts/3', 'OLDPWD': '/home/vagrant/therblig-motion-library/mico/wpi_jaco', 'ROSLISP_PACKAGE_DIRECTORIES': '/home/vagrant/therblig-motion-library/mico/wpi_jaco/devel/share/common-lisp', 'PWD': '/home/vagrant/therblig-motion-library/mico/wpi_jaco', 'ROS_ETC_DIR': '/opt/ros/indigo/etc/ros', 'MAIL': '/var/mail/vagrant', 'SSH_CONNECTION': '10.0.2.2 57347 10.0.2.15 22', 'TMUX_PANE': '%1'}]
[roslaunch][INFO] 2016-07-13 20:45:34,105: process[robot_state_publisher-6]: args[[u'/opt/ros/indigo/lib/robot_state_publisher/robot_state_publisher', u'__name:=robot_state_publisher']]
[roslaunch][INFO] 2016-07-13 20:45:34,106: ... created process [robot_state_publisher-6]
[roslaunch.pmon][INFO] 2016-07-13 20:45:34,106: ProcessMonitor.register[robot_state_publisher-6]
[roslaunch.pmon][INFO] 2016-07-13 20:45:34,107: ProcessMonitor.register[robot_state_publisher-6] complete
[roslaunch][INFO] 2016-07-13 20:45:34,107: ... registered process [robot_state_publisher-6]
[roslaunch][INFO] 2016-07-13 20:45:34,107: process[robot_state_publisher-6]: starting os process
[roslaunch][INFO] 2016-07-13 20:45:34,110: process[robot_state_publisher-6]: start w/ args [[u'/opt/ros/indigo/lib/robot_state_publisher/robot_state_publisher', u'__name:=robot_state_publisher', u'__log:=/home/vagrant/.ros/log/b1f09ebc-493a-11e6-940a-080027a2ea64/robot_state_publisher-6.log']]
[roslaunch][INFO] 2016-07-13 20:45:34,110: process[robot_state_publisher-6]: cwd will be [/home/vagrant/.ros]
[roslaunch][INFO] 2016-07-13 20:45:34,115: process[robot_state_publisher-6]: started with pid [9846]
[roslaunch][INFO] 2016-07-13 20:45:34,117: ... successfully launched [robot_state_publisher-6]
[roslaunch][INFO] 2016-07-13 20:45:34,118: ... preparing to launch node of type [joint_state_publisher/joint_state_publisher]
[roslaunch][INFO] 2016-07-13 20:45:34,118: create_node_process: package[joint_state_publisher] type[joint_state_publisher] machine[Machine(name[] env_loader[None] address[localhost] ssh_port[22] user[None] assignable[True] timeout[10.0])] master_uri[http://localhost:11311]
[roslaunch][INFO] 2016-07-13 20:45:34,119: process[joint_state_publisher-7]: env[{'ROS_DISTRO': 'indigo', 'SSH_CLIENT': '10.0.2.2 57347 22', 'CPATH': '/home/vagrant/therblig-motion-library/mico/wpi_jaco/devel/include:/opt/ros/indigo/include', 'LOGNAME': 'vagrant', 'USER': 'vagrant', 'HOME': '/home/vagrant', 'PATH': '/home/vagrant/therblig-motion-library/mico/wpi_jaco/devel/bin:/opt/ros/indigo/bin:/usr/local/sbin:/usr/local/bin:/usr/sbin:/usr/bin:/sbin:/bin:/usr/games:/usr/local/games', 'CMAKE_PREFIX_PATH': '/home/vagrant/therblig-motion-library/mico/wpi_jaco/devel:/opt/ros/indigo', 'ROS_LOG_FILENAME': '/home/vagrant/.ros/log/b1f09ebc-493a-11e6-940a-080027a2ea64/roslaunch-ros-indigo-desktop-trusty64-9695.log', 'LANG': 'en_US.UTF-8', 'TERM': 'screen', 'SHELL': '/bin/bash', 'SHLVL': '3', 'ROS_TEST_RESULTS_DIR': '/home/vagrant/therblig-motion-library/mico/wpi_jaco/build/test_results', 'QT_QPA_PLATFORMTHEME': 'appmenu-qt5', 'LD_LIBRARY_PATH': '/home/vagrant/therblig-motion-library/mico/wpi_jaco/devel/lib:/home/vagrant/therblig-motion-library/mico/wpi_jaco/devel/lib/x86_64-linux-gnu:/opt/ros/indigo/lib/x86_64-linux-gnu:/opt/ros/indigo/lib', 'ROS_MASTER_URI': 'http://localhost:11311', 'XDG_RUNTIME_DIR': '/run/user/1000', 'PYTHONPATH': '/home/vagrant/therblig-motion-library/mico/wpi_jaco/devel/lib/python2.7/dist-packages:/opt/ros/indigo/lib/python2.7/dist-packages', 'TMUX': '/tmp/tmux-1000/default,9652,0', 'ROS_ROOT': '/opt/ros/indigo/share/ros', 'PKG_CONFIG_PATH': '/home/vagrant/therblig-motion-library/mico/wpi_jaco/devel/lib/pkgconfig:/home/vagrant/therblig-motion-library/mico/wpi_jaco/devel/lib/x86_64-linux-gnu/pkgconfig:/opt/ros/indigo/lib/x86_64-linux-gnu/pkgconfig:/opt/ros/indigo/lib/pkgconfig', 'ROS_PACKAGE_PATH': '/home/vagrant/therblig-motion-library/mico/wpi_jaco/src:/opt/ros/indigo/share:/opt/ros/indigo/stacks', 'XDG_SESSION_ID': '4', '_': '/opt/ros/indigo/bin/roslaunch', 'CATKIN_TEST_RESULTS_DIR': '/home/vagrant/therblig-motion-library/mico/wpi_jaco/build/test_results', 'SSH_TTY': '/dev/pts/3', 'OLDPWD': '/home/vagrant/therblig-motion-library/mico/wpi_jaco', 'ROSLISP_PACKAGE_DIRECTORIES': '/home/vagrant/therblig-motion-library/mico/wpi_jaco/devel/share/common-lisp', 'PWD': '/home/vagrant/therblig-motion-library/mico/wpi_jaco', 'ROS_ETC_DIR': '/opt/ros/indigo/etc/ros', 'MAIL': '/var/mail/vagrant', 'SSH_CONNECTION': '10.0.2.2 57347 10.0.2.15 22', 'TMUX_PANE': '%1'}]
[roslaunch][INFO] 2016-07-13 20:45:35,169: process[joint_state_publisher-7]: args[[u'/opt/ros/indigo/lib/joint_state_publisher/joint_state_publisher', u'__name:=joint_state_publisher']]
[roslaunch][INFO] 2016-07-13 20:45:35,170: ... created process [joint_state_publisher-7]
[roslaunch.pmon][INFO] 2016-07-13 20:45:35,171: ProcessMonitor.register[joint_state_publisher-7]
[roslaunch.pmon][INFO] 2016-07-13 20:45:35,171: ProcessMonitor.register[joint_state_publisher-7] complete
[roslaunch][INFO] 2016-07-13 20:45:35,172: ... registered process [joint_state_publisher-7]
[roslaunch][INFO] 2016-07-13 20:45:35,173: process[joint_state_publisher-7]: starting os process
[roslaunch][INFO] 2016-07-13 20:45:35,176: process[joint_state_publisher-7]: start w/ args [[u'/opt/ros/indigo/lib/joint_state_publisher/joint_state_publisher', u'__name:=joint_state_publisher', u'__log:=/home/vagrant/.ros/log/b1f09ebc-493a-11e6-940a-080027a2ea64/joint_state_publisher-7.log']]
[roslaunch][INFO] 2016-07-13 20:45:35,177: process[joint_state_publisher-7]: cwd will be [/home/vagrant/.ros]
[roslaunch][INFO] 2016-07-13 20:45:35,181: process[joint_state_publisher-7]: started with pid [9871]
[roslaunch][INFO] 2016-07-13 20:45:35,183: ... successfully launched [joint_state_publisher-7]
[roslaunch][INFO] 2016-07-13 20:45:35,183: ... preparing to launch node of type [moveit_ros_move_group/move_group]
[roslaunch][INFO] 2016-07-13 20:45:35,183: create_node_process: package[moveit_ros_move_group] type[move_group] machine[Machine(name[] env_loader[None] address[localhost] ssh_port[22] user[None] assignable[True] timeout[10.0])] master_uri[http://localhost:11311]
[roslaunch][INFO] 2016-07-13 20:45:35,184: process[move_group-8]: env[{'ROS_DISTRO': 'indigo', 'SSH_CLIENT': '10.0.2.2 57347 22', 'CPATH': '/home/vagrant/therblig-motion-library/mico/wpi_jaco/devel/include:/opt/ros/indigo/include', 'LOGNAME': 'vagrant', 'USER': 'vagrant', 'HOME': '/home/vagrant', 'PATH': '/home/vagrant/therblig-motion-library/mico/wpi_jaco/devel/bin:/opt/ros/indigo/bin:/usr/local/sbin:/usr/local/bin:/usr/sbin:/usr/bin:/sbin:/bin:/usr/games:/usr/local/games', 'CMAKE_PREFIX_PATH': '/home/vagrant/therblig-motion-library/mico/wpi_jaco/devel:/opt/ros/indigo', 'ROS_LOG_FILENAME': '/home/vagrant/.ros/log/b1f09ebc-493a-11e6-940a-080027a2ea64/roslaunch-ros-indigo-desktop-trusty64-9695.log', 'LANG': 'en_US.UTF-8', 'TERM': 'screen', 'SHELL': '/bin/bash', 'SHLVL': '3', 'ROS_TEST_RESULTS_DIR': '/home/vagrant/therblig-motion-library/mico/wpi_jaco/build/test_results', 'QT_QPA_PLATFORMTHEME': 'appmenu-qt5', 'LD_LIBRARY_PATH': '/home/vagrant/therblig-motion-library/mico/wpi_jaco/devel/lib:/home/vagrant/therblig-motion-library/mico/wpi_jaco/devel/lib/x86_64-linux-gnu:/opt/ros/indigo/lib/x86_64-linux-gnu:/opt/ros/indigo/lib', 'ROS_MASTER_URI': 'http://localhost:11311', 'XDG_RUNTIME_DIR': '/run/user/1000', 'PYTHONPATH': '/home/vagrant/therblig-motion-library/mico/wpi_jaco/devel/lib/python2.7/dist-packages:/opt/ros/indigo/lib/python2.7/dist-packages', 'TMUX': '/tmp/tmux-1000/default,9652,0', 'ROS_ROOT': '/opt/ros/indigo/share/ros', 'PKG_CONFIG_PATH': '/home/vagrant/therblig-motion-library/mico/wpi_jaco/devel/lib/pkgconfig:/home/vagrant/therblig-motion-library/mico/wpi_jaco/devel/lib/x86_64-linux-gnu/pkgconfig:/opt/ros/indigo/lib/x86_64-linux-gnu/pkgconfig:/opt/ros/indigo/lib/pkgconfig', 'ROS_PACKAGE_PATH': '/home/vagrant/therblig-motion-library/mico/wpi_jaco/src:/opt/ros/indigo/share:/opt/ros/indigo/stacks', 'XDG_SESSION_ID': '4', '_': '/opt/ros/indigo/bin/roslaunch', 'CATKIN_TEST_RESULTS_DIR': '/home/vagrant/therblig-motion-library/mico/wpi_jaco/build/test_results', u'DISPLAY': u':0', 'SSH_TTY': '/dev/pts/3', 'OLDPWD': '/home/vagrant/therblig-motion-library/mico/wpi_jaco', 'ROSLISP_PACKAGE_DIRECTORIES': '/home/vagrant/therblig-motion-library/mico/wpi_jaco/devel/share/common-lisp', 'PWD': '/home/vagrant/therblig-motion-library/mico/wpi_jaco', 'ROS_ETC_DIR': '/opt/ros/indigo/etc/ros', 'MAIL': '/var/mail/vagrant', 'SSH_CONNECTION': '10.0.2.2 57347 10.0.2.15 22', 'TMUX_PANE': '%1'}]
[roslaunch][INFO] 2016-07-13 20:45:36,066: process[move_group-8]: args[[u'/opt/ros/indigo/lib/moveit_ros_move_group/move_group', '--debug', u'__name:=move_group']]
[roslaunch][INFO] 2016-07-13 20:45:36,066: ... created process [move_group-8]
[roslaunch.pmon][INFO] 2016-07-13 20:45:36,067: ProcessMonitor.register[move_group-8]
[roslaunch.pmon][INFO] 2016-07-13 20:45:36,067: ProcessMonitor.register[move_group-8] complete
[roslaunch][INFO] 2016-07-13 20:45:36,068: ... registered process [move_group-8]
[roslaunch][INFO] 2016-07-13 20:45:36,068: process[move_group-8]: starting os process
[roslaunch][INFO] 2016-07-13 20:45:36,070: process[move_group-8]: start w/ args [[u'/opt/ros/indigo/lib/moveit_ros_move_group/move_group', '--debug', u'__name:=move_group', u'__log:=/home/vagrant/.ros/log/b1f09ebc-493a-11e6-940a-080027a2ea64/move_group-8.log']]
[roslaunch][INFO] 2016-07-13 20:45:36,070: process[move_group-8]: cwd will be [/home/vagrant/.ros]
[roslaunch][INFO] 2016-07-13 20:45:36,079: process[move_group-8]: started with pid [9874]
[roslaunch][INFO] 2016-07-13 20:45:36,081: ... successfully launched [move_group-8]
[roslaunch][INFO] 2016-07-13 20:45:36,082: ... preparing to launch node of type [rviz/rviz]
[roslaunch][INFO] 2016-07-13 20:45:36,083: create_node_process: package[rviz] type[rviz] machine[Machine(name[] env_loader[None] address[localhost] ssh_port[22] user[None] assignable[True] timeout[10.0])] master_uri[http://localhost:11311]
[roslaunch][INFO] 2016-07-13 20:45:36,085: process[rviz_ros_indigo_desktop_trusty64_9695_5156047396434483442-9]: env[{'ROS_DISTRO': 'indigo', 'SSH_CLIENT': '10.0.2.2 57347 22', 'CPATH': '/home/vagrant/therblig-motion-library/mico/wpi_jaco/devel/include:/opt/ros/indigo/include', 'LOGNAME': 'vagrant', 'USER': 'vagrant', 'HOME': '/home/vagrant', 'PATH': '/home/vagrant/therblig-motion-library/mico/wpi_jaco/devel/bin:/opt/ros/indigo/bin:/usr/local/sbin:/usr/local/bin:/usr/sbin:/usr/bin:/sbin:/bin:/usr/games:/usr/local/games', 'CMAKE_PREFIX_PATH': '/home/vagrant/therblig-motion-library/mico/wpi_jaco/devel:/opt/ros/indigo', 'ROS_LOG_FILENAME': '/home/vagrant/.ros/log/b1f09ebc-493a-11e6-940a-080027a2ea64/roslaunch-ros-indigo-desktop-trusty64-9695.log', 'LANG': 'en_US.UTF-8', 'TERM': 'screen', 'SHELL': '/bin/bash', 'SHLVL': '3', 'ROS_TEST_RESULTS_DIR': '/home/vagrant/therblig-motion-library/mico/wpi_jaco/build/test_results', 'QT_QPA_PLATFORMTHEME': 'appmenu-qt5', 'LD_LIBRARY_PATH': '/home/vagrant/therblig-motion-library/mico/wpi_jaco/devel/lib:/home/vagrant/therblig-motion-library/mico/wpi_jaco/devel/lib/x86_64-linux-gnu:/opt/ros/indigo/lib/x86_64-linux-gnu:/opt/ros/indigo/lib', 'ROS_MASTER_URI': 'http://localhost:11311', 'XDG_RUNTIME_DIR': '/run/user/1000', 'PYTHONPATH': '/home/vagrant/therblig-motion-library/mico/wpi_jaco/devel/lib/python2.7/dist-packages:/opt/ros/indigo/lib/python2.7/dist-packages', 'TMUX': '/tmp/tmux-1000/default,9652,0', 'ROS_ROOT': '/opt/ros/indigo/share/ros', 'PKG_CONFIG_PATH': '/home/vagrant/therblig-motion-library/mico/wpi_jaco/devel/lib/pkgconfig:/home/vagrant/therblig-motion-library/mico/wpi_jaco/devel/lib/x86_64-linux-gnu/pkgconfig:/opt/ros/indigo/lib/x86_64-linux-gnu/pkgconfig:/opt/ros/indigo/lib/pkgconfig', 'ROS_PACKAGE_PATH': '/home/vagrant/therblig-motion-library/mico/wpi_jaco/src:/opt/ros/indigo/share:/opt/ros/indigo/stacks', 'XDG_SESSION_ID': '4', '_': '/opt/ros/indigo/bin/roslaunch', 'CATKIN_TEST_RESULTS_DIR': '/home/vagrant/therblig-motion-library/mico/wpi_jaco/build/test_results', 'SSH_TTY': '/dev/pts/3', 'OLDPWD': '/home/vagrant/therblig-motion-library/mico/wpi_jaco', 'ROSLISP_PACKAGE_DIRECTORIES': '/home/vagrant/therblig-motion-library/mico/wpi_jaco/devel/share/common-lisp', 'PWD': '/home/vagrant/therblig-motion-library/mico/wpi_jaco', 'ROS_ETC_DIR': '/opt/ros/indigo/etc/ros', 'MAIL': '/var/mail/vagrant', 'SSH_CONNECTION': '10.0.2.2 57347 10.0.2.15 22', 'TMUX_PANE': '%1'}]
[roslaunch][INFO] 2016-07-13 20:45:37,122: process[rviz_ros_indigo_desktop_trusty64_9695_5156047396434483442-9]: args[[u'/opt/ros/indigo/lib/rviz/rviz', '-d', '/home/vagrant/therblig-motion-library/mico/wpi_jaco/src/mico_moveit_config/launch/moveit.rviz', u'__name:=rviz_ros_indigo_desktop_trusty64_9695_5156047396434483442']]
[roslaunch][INFO] 2016-07-13 20:45:37,124: ... created process [rviz_ros_indigo_desktop_trusty64_9695_5156047396434483442-9]
[roslaunch.pmon][INFO] 2016-07-13 20:45:37,126: ProcessMonitor.register[rviz_ros_indigo_desktop_trusty64_9695_5156047396434483442-9]
[roslaunch.pmon][INFO] 2016-07-13 20:45:37,126: ProcessMonitor.register[rviz_ros_indigo_desktop_trusty64_9695_5156047396434483442-9] complete
[roslaunch][INFO] 2016-07-13 20:45:37,128: ... registered process [rviz_ros_indigo_desktop_trusty64_9695_5156047396434483442-9]
[roslaunch][INFO] 2016-07-13 20:45:37,128: process[rviz_ros_indigo_desktop_trusty64_9695_5156047396434483442-9]: starting os process
[roslaunch][INFO] 2016-07-13 20:45:37,130: process[rviz_ros_indigo_desktop_trusty64_9695_5156047396434483442-9]: start w/ args [[u'/opt/ros/indigo/lib/rviz/rviz', '-d', '/home/vagrant/therblig-motion-library/mico/wpi_jaco/src/mico_moveit_config/launch/moveit.rviz', u'__name:=rviz_ros_indigo_desktop_trusty64_9695_5156047396434483442', u'__log:=/home/vagrant/.ros/log/b1f09ebc-493a-11e6-940a-080027a2ea64/rviz_ros_indigo_desktop_trusty64_9695_5156047396434483442-9.log']]
[roslaunch][INFO] 2016-07-13 20:45:37,130: process[rviz_ros_indigo_desktop_trusty64_9695_5156047396434483442-9]: cwd will be [/home/vagrant/.ros]
[roslaunch][INFO] 2016-07-13 20:45:37,138: process[rviz_ros_indigo_desktop_trusty64_9695_5156047396434483442-9]: started with pid [9940]
[roslaunch][INFO] 2016-07-13 20:45:37,140: ... successfully launched [rviz_ros_indigo_desktop_trusty64_9695_5156047396434483442-9]
[roslaunch][INFO] 2016-07-13 20:45:37,141: ... launch_nodes complete
[roslaunch.pmon][INFO] 2016-07-13 20:45:37,142: registrations completed <ProcessMonitor(ProcessMonitor-1, started daemon 140444058023680)>
[roslaunch.parent][INFO] 2016-07-13 20:45:37,142: ... roslaunch parent running, waiting for process exit
[roslaunch][INFO] 2016-07-13 20:45:37,143: spin
[roslaunch][ERROR] 2016-07-13 20:45:37,368: [rviz_ros_indigo_desktop_trusty64_9695_5156047396434483442-9] process has died [pid 9940, exit code 1, cmd /opt/ros/indigo/lib/rviz/rviz -d /home/vagrant/therblig-motion-library/mico/wpi_jaco/src/mico_moveit_config/launch/moveit.rviz __name:=rviz_ros_indigo_desktop_trusty64_9695_5156047396434483442 __log:=/home/vagrant/.ros/log/b1f09ebc-493a-11e6-940a-080027a2ea64/rviz_ros_indigo_desktop_trusty64_9695_5156047396434483442-9.log].
log file: /home/vagrant/.ros/log/b1f09ebc-493a-11e6-940a-080027a2ea64/rviz_ros_indigo_desktop_trusty64_9695_5156047396434483442-9*.log
[roslaunch.pmon][INFO] 2016-07-13 20:45:37,368: ProcessMonitor.unregister[rviz_ros_indigo_desktop_trusty64_9695_5156047396434483442-9] starting
[roslaunch.pmon][INFO] 2016-07-13 20:45:37,369: ProcessMonitor.unregister[rviz_ros_indigo_desktop_trusty64_9695_5156047396434483442-9] complete
