[roslaunch][INFO] 2016-07-05 17:34:09,421: Checking log directory for disk usage. This may take awhile.
Press Ctrl-C to interrupt
[roslaunch][INFO] 2016-07-05 17:34:09,440: Done checking log file disk usage. Usage is <1GB.
[roslaunch][INFO] 2016-07-05 17:34:09,442: roslaunch starting with args ['/opt/ros/indigo/bin/roslaunch', 'rosbridge_server', 'rosbridge_websocket.launch']
[roslaunch][INFO] 2016-07-05 17:34:09,444: roslaunch env is {'ROS_DISTRO': 'indigo', 'SSH_CLIENT': '10.0.2.2 59893 22', 'CPATH': '/opt/ros/indigo/include', 'LOGNAME': 'vagrant', 'USER': 'vagrant', 'PATH': '/opt/ros/indigo/bin:/usr/local/sbin:/usr/local/bin:/usr/sbin:/usr/bin:/sbin:/bin:/usr/games:/usr/local/games', 'HOME': '/home/vagrant', 'CMAKE_PREFIX_PATH': '/opt/ros/indigo', 'LD_LIBRARY_PATH': '/opt/ros/indigo/lib/x86_64-linux-gnu:/opt/ros/indigo/lib', 'LANG': 'en_US.UTF-8', 'TERM': 'xterm-256color', 'SHELL': '/bin/bash', 'SHLVL': '1', 'QT_QPA_PLATFORMTHEME': 'appmenu-qt5', 'ROS_LOG_FILENAME': '/home/vagrant/.ros/log/ae1b8c6c-42d6-11e6-876c-080027a2ea64/roslaunch-ros-indigo-desktop-trusty64-3376.log', 'ROS_ETC_DIR': '/opt/ros/indigo/etc/ros', 'XDG_RUNTIME_DIR': '/run/user/1000', 'PYTHONPATH': '/opt/ros/indigo/lib/python2.7/dist-packages', 'ROS_ROOT': '/opt/ros/indigo/share/ros', 'PKG_CONFIG_PATH': '/opt/ros/indigo/lib/x86_64-linux-gnu/pkgconfig:/opt/ros/indigo/lib/pkgconfig', 'ROS_PACKAGE_PATH': '/opt/ros/indigo/share:/opt/ros/indigo/stacks', 'XDG_SESSION_ID': '3', '_': '/opt/ros/indigo/bin/roslaunch', 'SSH_TTY': '/dev/pts/0', 'ROSLISP_PACKAGE_DIRECTORIES': '', 'PWD': '/home/vagrant', 'ROS_MASTER_URI': 'http://localhost:11311', 'MAIL': '/var/mail/vagrant', 'SSH_CONNECTION': '10.0.2.2 59893 10.0.2.15 22'}
[roslaunch][INFO] 2016-07-05 17:34:09,446: starting in server mode
[roslaunch.parent][INFO] 2016-07-05 17:34:09,447: starting roslaunch parent run
[roslaunch][INFO] 2016-07-05 17:34:09,450: loading roscore config file /opt/ros/indigo/etc/ros/roscore.xml
[roslaunch][INFO] 2016-07-05 17:34:09,659: Added core node of type [rosout/rosout] in namespace [/]
[roslaunch.config][INFO] 2016-07-05 17:34:09,659: loading config file /opt/ros/indigo/share/rosbridge_server/launch/rosbridge_websocket.launch
[roslaunch][INFO] 2016-07-05 17:34:09,670: Added node of type [rosbridge_server/rosbridge_websocket] in namespace [/]
[roslaunch][INFO] 2016-07-05 17:34:09,673: Added node of type [rosapi/rosapi_node] in namespace [/]
[roslaunch][INFO] 2016-07-05 17:34:09,674: ... selected machine [] for node of type [rosbridge_server/rosbridge_websocket]
[roslaunch][INFO] 2016-07-05 17:34:09,675: ... selected machine [] for node of type [rosapi/rosapi_node]
[roslaunch.pmon][INFO] 2016-07-05 17:34:09,686: start_process_monitor: creating ProcessMonitor
[roslaunch.pmon][INFO] 2016-07-05 17:34:09,687: created process monitor <ProcessMonitor(ProcessMonitor-1, initial daemon)>
[roslaunch.pmon][INFO] 2016-07-05 17:34:09,690: start_process_monitor: ProcessMonitor started
[roslaunch.parent][INFO] 2016-07-05 17:34:09,693: starting parent XML-RPC server
[roslaunch.server][INFO] 2016-07-05 17:34:09,694: starting roslaunch XML-RPC server
[roslaunch.server][INFO] 2016-07-05 17:34:09,696: waiting for roslaunch XML-RPC server to initialize
[xmlrpc][INFO] 2016-07-05 17:34:09,696: XML-RPC server binding to 0.0.0.0:0
[xmlrpc][INFO] 2016-07-05 17:34:09,698: Started XML-RPC server [http://ros-indigo-desktop-trusty64:34354/]
[xmlrpc][INFO] 2016-07-05 17:34:09,699: xml rpc node: starting XML-RPC server
[roslaunch][INFO] 2016-07-05 17:34:09,718: started roslaunch server http://ros-indigo-desktop-trusty64:34354/
[roslaunch.parent][INFO] 2016-07-05 17:34:09,720: ... parent XML-RPC server started
[roslaunch][INFO] 2016-07-05 17:34:09,722: master.is_running[http://localhost:11311]
[roslaunch][INFO] 2016-07-05 17:34:09,723: auto-starting new master
[roslaunch][INFO] 2016-07-05 17:34:09,725: create_master_process: rosmaster, /opt/ros/indigo/share/ros, 11311
[roslaunch][INFO] 2016-07-05 17:34:09,725: process[master]: launching with args [['rosmaster', '--core', '-p', '11311']]
[roslaunch.pmon][INFO] 2016-07-05 17:34:09,726: ProcessMonitor.register[master]
[roslaunch.pmon][INFO] 2016-07-05 17:34:09,726: ProcessMonitor.register[master] complete
[roslaunch][INFO] 2016-07-05 17:34:09,727: process[master]: starting os process
[roslaunch][INFO] 2016-07-05 17:34:09,729: process[master]: start w/ args [['rosmaster', '--core', '-p', '11311', '__log:=/home/vagrant/.ros/log/ae1b8c6c-42d6-11e6-876c-080027a2ea64/master.log']]
[roslaunch][INFO] 2016-07-05 17:34:09,729: process[master]: cwd will be [/home/vagrant/.ros]
[roslaunch][INFO] 2016-07-05 17:34:09,735: process[master]: started with pid [3388]
[roslaunch][INFO] 2016-07-05 17:34:09,744: master.is_running[http://localhost:11311]
[roslaunch][INFO] 2016-07-05 17:34:09,848: master.is_running[http://localhost:11311]
[roslaunch][INFO] 2016-07-05 17:34:09,954: master.is_running[http://localhost:11311]
[roslaunch][INFO] 2016-07-05 17:34:10,058: master.is_running[http://localhost:11311]
[roslaunch][INFO] 2016-07-05 17:34:10,062: master.is_running[http://localhost:11311]
[roslaunch][INFO] 2016-07-05 17:34:10,064: ROS_MASTER_URI=http://localhost:11311
[roslaunch][INFO] 2016-07-05 17:34:10,068: setting /run_id to ae1b8c6c-42d6-11e6-876c-080027a2ea64
[roslaunch][INFO] 2016-07-05 17:34:10,077: setting /roslaunch/uris/host_ros_indigo_desktop_trusty64__34354' to http://ros-indigo-desktop-trusty64:34354/
[roslaunch][INFO] 2016-07-05 17:34:10,087: ... preparing to launch node of type [rosout/rosout]
[roslaunch][INFO] 2016-07-05 17:34:10,087: create_node_process: package[rosout] type[rosout] machine[Machine(name[] env_loader[None] address[localhost] ssh_port[22] user[None] assignable[True] timeout[10.0])] master_uri[http://localhost:11311]
[roslaunch][INFO] 2016-07-05 17:34:10,088: process[rosout-1]: env[{'ROS_DISTRO': 'indigo', 'SSH_CLIENT': '10.0.2.2 59893 22', 'CPATH': '/opt/ros/indigo/include', 'LOGNAME': 'vagrant', 'USER': 'vagrant', 'PATH': '/opt/ros/indigo/bin:/usr/local/sbin:/usr/local/bin:/usr/sbin:/usr/bin:/sbin:/bin:/usr/games:/usr/local/games', 'HOME': '/home/vagrant', 'CMAKE_PREFIX_PATH': '/opt/ros/indigo', 'ROS_LOG_FILENAME': '/home/vagrant/.ros/log/ae1b8c6c-42d6-11e6-876c-080027a2ea64/roslaunch-ros-indigo-desktop-trusty64-3376.log', 'LANG': 'en_US.UTF-8', 'TERM': 'xterm-256color', 'SHELL': '/bin/bash', 'SHLVL': '1', 'QT_QPA_PLATFORMTHEME': 'appmenu-qt5', 'LD_LIBRARY_PATH': '/opt/ros/indigo/lib/x86_64-linux-gnu:/opt/ros/indigo/lib', 'ROS_MASTER_URI': 'http://localhost:11311', 'XDG_RUNTIME_DIR': '/run/user/1000', 'PYTHONPATH': '/opt/ros/indigo/lib/python2.7/dist-packages', 'ROS_ROOT': '/opt/ros/indigo/share/ros', 'PKG_CONFIG_PATH': '/opt/ros/indigo/lib/x86_64-linux-gnu/pkgconfig:/opt/ros/indigo/lib/pkgconfig', 'ROS_PACKAGE_PATH': '/opt/ros/indigo/share:/opt/ros/indigo/stacks', 'XDG_SESSION_ID': '3', '_': '/opt/ros/indigo/bin/roslaunch', 'SSH_TTY': '/dev/pts/0', 'ROSLISP_PACKAGE_DIRECTORIES': '', 'PWD': '/home/vagrant', 'ROS_ETC_DIR': '/opt/ros/indigo/etc/ros', 'MAIL': '/var/mail/vagrant', 'SSH_CONNECTION': '10.0.2.2 59893 10.0.2.15 22'}]
[roslaunch][INFO] 2016-07-05 17:34:10,161: process[rosout-1]: args[[u'/opt/ros/indigo/lib/rosout/rosout', u'__name:=rosout']]
[roslaunch][INFO] 2016-07-05 17:34:10,162: ... created process [rosout-1]
[roslaunch.pmon][INFO] 2016-07-05 17:34:10,163: ProcessMonitor.register[rosout-1]
[roslaunch.pmon][INFO] 2016-07-05 17:34:10,165: ProcessMonitor.register[rosout-1] complete
[roslaunch][INFO] 2016-07-05 17:34:10,166: ... registered process [rosout-1]
[roslaunch][INFO] 2016-07-05 17:34:10,167: process[rosout-1]: starting os process
[roslaunch][INFO] 2016-07-05 17:34:10,173: process[rosout-1]: start w/ args [[u'/opt/ros/indigo/lib/rosout/rosout', u'__name:=rosout', u'__log:=/home/vagrant/.ros/log/ae1b8c6c-42d6-11e6-876c-080027a2ea64/rosout-1.log']]
[roslaunch][INFO] 2016-07-05 17:34:10,173: process[rosout-1]: cwd will be [/home/vagrant/.ros]
[roslaunch][INFO] 2016-07-05 17:34:10,182: process[rosout-1]: started with pid [3401]
[roslaunch][INFO] 2016-07-05 17:34:10,187: ... successfully launched [rosout-1]
[roslaunch][INFO] 2016-07-05 17:34:10,193: load_parameters starting ...
[roslaunch][INFO] 2016-07-05 17:34:10,210: ... load_parameters complete
[roslaunch][INFO] 2016-07-05 17:34:10,212: launch_nodes: launching local nodes ...
[roslaunch][INFO] 2016-07-05 17:34:10,214: ... preparing to launch node of type [rosbridge_server/rosbridge_websocket]
[roslaunch][INFO] 2016-07-05 17:34:10,217: create_node_process: package[rosbridge_server] type[rosbridge_websocket] machine[Machine(name[] env_loader[None] address[localhost] ssh_port[22] user[None] assignable[True] timeout[10.0])] master_uri[http://localhost:11311]
[roslaunch][INFO] 2016-07-05 17:34:10,222: process[rosbridge_websocket-2]: env[{'ROS_DISTRO': 'indigo', 'SSH_CLIENT': '10.0.2.2 59893 22', 'CPATH': '/opt/ros/indigo/include', 'LOGNAME': 'vagrant', 'USER': 'vagrant', 'PATH': '/opt/ros/indigo/bin:/usr/local/sbin:/usr/local/bin:/usr/sbin:/usr/bin:/sbin:/bin:/usr/games:/usr/local/games', 'HOME': '/home/vagrant', 'CMAKE_PREFIX_PATH': '/opt/ros/indigo', 'ROS_LOG_FILENAME': '/home/vagrant/.ros/log/ae1b8c6c-42d6-11e6-876c-080027a2ea64/roslaunch-ros-indigo-desktop-trusty64-3376.log', 'LANG': 'en_US.UTF-8', 'TERM': 'xterm-256color', 'SHELL': '/bin/bash', 'SHLVL': '1', 'QT_QPA_PLATFORMTHEME': 'appmenu-qt5', 'LD_LIBRARY_PATH': '/opt/ros/indigo/lib/x86_64-linux-gnu:/opt/ros/indigo/lib', 'ROS_MASTER_URI': 'http://localhost:11311', 'XDG_RUNTIME_DIR': '/run/user/1000', 'PYTHONPATH': '/opt/ros/indigo/lib/python2.7/dist-packages', 'ROS_ROOT': '/opt/ros/indigo/share/ros', 'PKG_CONFIG_PATH': '/opt/ros/indigo/lib/x86_64-linux-gnu/pkgconfig:/opt/ros/indigo/lib/pkgconfig', 'ROS_PACKAGE_PATH': '/opt/ros/indigo/share:/opt/ros/indigo/stacks', 'XDG_SESSION_ID': '3', '_': '/opt/ros/indigo/bin/roslaunch', 'SSH_TTY': '/dev/pts/0', 'ROSLISP_PACKAGE_DIRECTORIES': '', 'PWD': '/home/vagrant', 'ROS_ETC_DIR': '/opt/ros/indigo/etc/ros', 'MAIL': '/var/mail/vagrant', 'SSH_CONNECTION': '10.0.2.2 59893 10.0.2.15 22'}]
[roslaunch][INFO] 2016-07-05 17:34:10,307: process[rosbridge_websocket-2]: args[[u'/opt/ros/indigo/lib/rosbridge_server/rosbridge_websocket', u'__name:=rosbridge_websocket']]
[roslaunch][INFO] 2016-07-05 17:34:10,308: ... created process [rosbridge_websocket-2]
[roslaunch.pmon][INFO] 2016-07-05 17:34:10,309: ProcessMonitor.register[rosbridge_websocket-2]
[roslaunch.pmon][INFO] 2016-07-05 17:34:10,312: ProcessMonitor.register[rosbridge_websocket-2] complete
[roslaunch][INFO] 2016-07-05 17:34:10,314: ... registered process [rosbridge_websocket-2]
[roslaunch][INFO] 2016-07-05 17:34:10,316: process[rosbridge_websocket-2]: starting os process
[roslaunch][INFO] 2016-07-05 17:34:10,318: process[rosbridge_websocket-2]: start w/ args [[u'/opt/ros/indigo/lib/rosbridge_server/rosbridge_websocket', u'__name:=rosbridge_websocket', u'__log:=/home/vagrant/.ros/log/ae1b8c6c-42d6-11e6-876c-080027a2ea64/rosbridge_websocket-2.log']]
[roslaunch][INFO] 2016-07-05 17:34:10,326: process[rosbridge_websocket-2]: cwd will be [/home/vagrant/.ros]
[roslaunch][INFO] 2016-07-05 17:34:10,334: process[rosbridge_websocket-2]: started with pid [3404]
[roslaunch][INFO] 2016-07-05 17:34:10,336: ... successfully launched [rosbridge_websocket-2]
[roslaunch][INFO] 2016-07-05 17:34:10,337: ... preparing to launch node of type [rosapi/rosapi_node]
[roslaunch][INFO] 2016-07-05 17:34:10,337: create_node_process: package[rosapi] type[rosapi_node] machine[Machine(name[] env_loader[None] address[localhost] ssh_port[22] user[None] assignable[True] timeout[10.0])] master_uri[http://localhost:11311]
[roslaunch][INFO] 2016-07-05 17:34:10,338: process[rosapi-3]: env[{'ROS_DISTRO': 'indigo', 'SSH_CLIENT': '10.0.2.2 59893 22', 'CPATH': '/opt/ros/indigo/include', 'LOGNAME': 'vagrant', 'USER': 'vagrant', 'PATH': '/opt/ros/indigo/bin:/usr/local/sbin:/usr/local/bin:/usr/sbin:/usr/bin:/sbin:/bin:/usr/games:/usr/local/games', 'HOME': '/home/vagrant', 'CMAKE_PREFIX_PATH': '/opt/ros/indigo', 'ROS_LOG_FILENAME': '/home/vagrant/.ros/log/ae1b8c6c-42d6-11e6-876c-080027a2ea64/roslaunch-ros-indigo-desktop-trusty64-3376.log', 'LANG': 'en_US.UTF-8', 'TERM': 'xterm-256color', 'SHELL': '/bin/bash', 'SHLVL': '1', 'QT_QPA_PLATFORMTHEME': 'appmenu-qt5', 'LD_LIBRARY_PATH': '/opt/ros/indigo/lib/x86_64-linux-gnu:/opt/ros/indigo/lib', 'ROS_MASTER_URI': 'http://localhost:11311', 'XDG_RUNTIME_DIR': '/run/user/1000', 'PYTHONPATH': '/opt/ros/indigo/lib/python2.7/dist-packages', 'ROS_ROOT': '/opt/ros/indigo/share/ros', 'PKG_CONFIG_PATH': '/opt/ros/indigo/lib/x86_64-linux-gnu/pkgconfig:/opt/ros/indigo/lib/pkgconfig', 'ROS_PACKAGE_PATH': '/opt/ros/indigo/share:/opt/ros/indigo/stacks', 'XDG_SESSION_ID': '3', '_': '/opt/ros/indigo/bin/roslaunch', 'SSH_TTY': '/dev/pts/0', 'ROSLISP_PACKAGE_DIRECTORIES': '', 'PWD': '/home/vagrant', 'ROS_ETC_DIR': '/opt/ros/indigo/etc/ros', 'MAIL': '/var/mail/vagrant', 'SSH_CONNECTION': '10.0.2.2 59893 10.0.2.15 22'}]
[roslaunch][INFO] 2016-07-05 17:34:10,450: process[rosapi-3]: args[[u'/opt/ros/indigo/lib/rosapi/rosapi_node', u'__name:=rosapi']]
[roslaunch][INFO] 2016-07-05 17:34:10,453: ... created process [rosapi-3]
[roslaunch.pmon][INFO] 2016-07-05 17:34:10,457: ProcessMonitor.register[rosapi-3]
[roslaunch.pmon][INFO] 2016-07-05 17:34:10,458: ProcessMonitor.register[rosapi-3] complete
[roslaunch][INFO] 2016-07-05 17:34:10,460: ... registered process [rosapi-3]
[roslaunch][INFO] 2016-07-05 17:34:10,460: process[rosapi-3]: starting os process
[roslaunch][INFO] 2016-07-05 17:34:10,464: process[rosapi-3]: start w/ args [[u'/opt/ros/indigo/lib/rosapi/rosapi_node', u'__name:=rosapi', u'__log:=/home/vagrant/.ros/log/ae1b8c6c-42d6-11e6-876c-080027a2ea64/rosapi-3.log']]
[roslaunch][INFO] 2016-07-05 17:34:10,465: process[rosapi-3]: cwd will be [/home/vagrant/.ros]
[roslaunch][INFO] 2016-07-05 17:34:10,473: process[rosapi-3]: started with pid [3419]
[roslaunch][INFO] 2016-07-05 17:34:10,476: ... successfully launched [rosapi-3]
[roslaunch][INFO] 2016-07-05 17:34:10,479: ... launch_nodes complete
[roslaunch.pmon][INFO] 2016-07-05 17:34:10,480: registrations completed <ProcessMonitor(ProcessMonitor-1, started daemon 140073293498112)>
[roslaunch.parent][INFO] 2016-07-05 17:34:10,481: ... roslaunch parent running, waiting for process exit
[roslaunch][INFO] 2016-07-05 17:34:10,482: spin
[roslaunch.pmon][INFO] 2016-07-05 17:34:22,709: ProcessMonitor.shutdown <ProcessMonitor(ProcessMonitor-1, started daemon 140073293498112)>
[roslaunch.pmon][INFO] 2016-07-05 17:34:22,752: ProcessMonitor._post_run <ProcessMonitor(ProcessMonitor-1, started daemon 140073293498112)>
[roslaunch.pmon][INFO] 2016-07-05 17:34:22,753: ProcessMonitor._post_run <ProcessMonitor(ProcessMonitor-1, started daemon 140073293498112)>: remaining procs are [<roslaunch.nodeprocess.LocalProcess object at 0x7f655b07b310>, <roslaunch.nodeprocess.LocalProcess object at 0x7f655b07b2d0>, <roslaunch.nodeprocess.LocalProcess object at 0x7f655b07bf90>, <roslaunch.nodeprocess.LocalProcess object at 0x7f655b07b890>]
[roslaunch.pmon][INFO] 2016-07-05 17:34:22,754: ProcessMonitor exit: killing rosapi-3
[roslaunch][INFO] 2016-07-05 17:34:22,755: [rosapi-3] killing on exit
[roslaunch.pmon][INFO] 2016-07-05 17:34:22,755: ProcessMonitor exit: killing rosbridge_websocket-2
[roslaunch][INFO] 2016-07-05 17:34:22,760: [rosbridge_websocket-2] killing on exit
[roslaunch][INFO] 2016-07-05 17:34:22,759: process[rosapi-3]: killing os process with pid[3419] pgid[3419]
[roslaunch][INFO] 2016-07-05 17:34:22,762: process[rosbridge_websocket-2]: killing os process with pid[3404] pgid[3404]
[roslaunch][INFO] 2016-07-05 17:34:22,767: [rosbridge_websocket-2] sending SIGINT to pgid [3404]
[roslaunch][INFO] 2016-07-05 17:34:22,770: [rosbridge_websocket-2] sent SIGINT to pgid [3404]
[roslaunch][INFO] 2016-07-05 17:34:22,763: [rosapi-3] sending SIGINT to pgid [3419]
[roslaunch][INFO] 2016-07-05 17:34:22,780: [rosapi-3] sent SIGINT to pgid [3419]
[roslaunch][INFO] 2016-07-05 17:34:22,973: process[rosbridge_websocket-2]: SIGINT killed with return value 0
[roslaunch][INFO] 2016-07-05 17:34:23,488: process[rosapi-3]: SIGINT killed with return value 0
[roslaunch.pmon][INFO] 2016-07-05 17:34:23,489: ProcessMonitor exit: killing rosout-1
[roslaunch][INFO] 2016-07-05 17:34:23,491: [rosout-1] killing on exit
[roslaunch][INFO] 2016-07-05 17:34:23,491: process[rosout-1]: killing os process with pid[3401] pgid[3401]
[roslaunch][INFO] 2016-07-05 17:34:23,492: [rosout-1] sending SIGINT to pgid [3401]
[roslaunch][INFO] 2016-07-05 17:34:23,493: [rosout-1] sent SIGINT to pgid [3401]
[roslaunch][INFO] 2016-07-05 17:34:23,798: process[rosout-1]: SIGINT killed with return value 0
[roslaunch.pmon][INFO] 2016-07-05 17:34:23,799: ProcessMonitor exit: killing master
[roslaunch][INFO] 2016-07-05 17:34:23,799: [master] killing on exit
[roslaunch][INFO] 2016-07-05 17:34:23,800: process[master]: killing os process with pid[3388] pgid[3388]
[roslaunch][INFO] 2016-07-05 17:34:23,800: [master] sending SIGINT to pgid [3388]
[roslaunch][INFO] 2016-07-05 17:34:23,801: [master] sent SIGINT to pgid [3388]
[roslaunch][INFO] 2016-07-05 17:34:24,005: process[master]: SIGINT killed with return value 0
[roslaunch.pmon][INFO] 2016-07-05 17:34:24,007: ProcessMonitor exit: cleaning up data structures and signals
[roslaunch.pmon][INFO] 2016-07-05 17:34:24,009: ProcessMonitor exit: pmon has shutdown
[roslaunch][INFO] 2016-07-05 17:34:24,031: process monitor is done spinning, initiating full shutdown
[roslaunch][INFO] 2016-07-05 17:34:24,032: runner.stop()
[roslaunch][INFO] 2016-07-05 17:34:24,034: shutting down processing monitor...
[roslaunch][INFO] 2016-07-05 17:34:24,035: shutting down processing monitor <ProcessMonitor(ProcessMonitor-1, stopped daemon 140073293498112)>
[roslaunch.pmon][INFO] 2016-07-05 17:34:24,037: ProcessMonitor.shutdown <ProcessMonitor(ProcessMonitor-1, stopped daemon 140073293498112)>
[roslaunch][INFO] 2016-07-05 17:34:24,038: ... shutting down processing monitor complete
[roslaunch][INFO] 2016-07-05 17:34:24,038: done
[roslaunch.pmon][INFO] 2016-07-05 17:34:24,039: ProcessMonitor.shutdown <ProcessMonitor(ProcessMonitor-1, stopped daemon 140073293498112)>
[rospy.core][INFO] 2016-07-05 17:34:24,040: signal_shutdown [atexit]
