[rosmaster.main][INFO] 2016-06-29 20:03:34,226: initialization complete, waiting for shutdown
[rosmaster.main][INFO] 2016-06-29 20:03:34,227: Starting ROS Master Node
[xmlrpc][INFO] 2016-06-29 20:03:34,229: XML-RPC server binding to 0.0.0.0:11311
[xmlrpc][INFO] 2016-06-29 20:03:34,230: Started XML-RPC server [http://ros-indigo-desktop-trusty64:11311/]
[xmlrpc][INFO] 2016-06-29 20:03:34,230: xml rpc node: starting XML-RPC server
[rosmaster.master][INFO] 2016-06-29 20:03:34,230: Master initialized: port[11311], uri[http://ros-indigo-desktop-trusty64:11311/]
[rosmaster.master][INFO] 2016-06-29 20:03:34,307: +PARAM [/run_id] by /roslaunch
[rosmaster.master][INFO] 2016-06-29 20:03:34,311: +PARAM [/roslaunch/uris/host_ros_indigo_desktop_trusty64__37878] by /roslaunch
[rosmaster.master][INFO] 2016-06-29 20:03:34,374: +PARAM [/rosbridge_websocket/port] by /roslaunch
[rosmaster.master][INFO] 2016-06-29 20:03:34,375: +PARAM [/rosdistro] by /roslaunch
[rosmaster.master][INFO] 2016-06-29 20:03:34,377: +PARAM [/rosbridge_websocket/fragment_timeout] by /roslaunch
[rosmaster.master][INFO] 2016-06-29 20:03:34,378: +PARAM [/rosbridge_websocket/delay_between_messages] by /roslaunch
[rosmaster.master][INFO] 2016-06-29 20:03:34,380: +PARAM [/rosversion] by /roslaunch
[rosmaster.master][INFO] 2016-06-29 20:03:34,381: +PARAM [/rosbridge_websocket/authenticate] by /roslaunch
[rosmaster.master][INFO] 2016-06-29 20:03:34,381: +PARAM [/rosbridge_websocket/retry_startup_delay] by /roslaunch
[rosmaster.master][INFO] 2016-06-29 20:03:34,382: +PARAM [/rosbridge_websocket/address] by /roslaunch
[rosmaster.master][INFO] 2016-06-29 20:03:34,383: +PARAM [/rosbridge_websocket/max_message_size] by /roslaunch
[rosmaster.master][INFO] 2016-06-29 20:03:34,456: +SERVICE [/rosout/get_loggers] /rosout http://ros-indigo-desktop-trusty64:43142/
[rosmaster.master][INFO] 2016-06-29 20:03:34,458: +SERVICE [/rosout/set_logger_level] /rosout http://ros-indigo-desktop-trusty64:43142/
[rosmaster.master][INFO] 2016-06-29 20:03:34,481: +PUB [/rosout_agg] /rosout http://ros-indigo-desktop-trusty64:43142/
[rosmaster.master][INFO] 2016-06-29 20:03:34,490: +SUB [/rosout] /rosout http://ros-indigo-desktop-trusty64:43142/
[rosmaster.master][INFO] 2016-06-29 20:03:35,060: +PUB [/rosout] /rosbridge_websocket http://ros-indigo-desktop-trusty64:34302/
[rosmaster.master][INFO] 2016-06-29 20:03:35,067: +SERVICE [/rosbridge_websocket/get_loggers] /rosbridge_websocket http://ros-indigo-desktop-trusty64:34302/
[rosmaster.master][INFO] 2016-06-29 20:03:35,069: +SERVICE [/rosbridge_websocket/set_logger_level] /rosbridge_websocket http://ros-indigo-desktop-trusty64:34302/
[rosmaster.master][INFO] 2016-06-29 20:03:35,105: +PUB [/rosout] /rosapi http://ros-indigo-desktop-trusty64:37265/
[rosmaster.master][INFO] 2016-06-29 20:03:35,115: +SERVICE [/rosapi/get_loggers] /rosapi http://ros-indigo-desktop-trusty64:37265/
[rosmaster.master][INFO] 2016-06-29 20:03:35,117: +SERVICE [/rosapi/set_logger_level] /rosapi http://ros-indigo-desktop-trusty64:37265/
[rosmaster.master][INFO] 2016-06-29 20:03:35,119: +SERVICE [/rosapi/topics] /rosapi http://ros-indigo-desktop-trusty64:37265/
[rosmaster.master][INFO] 2016-06-29 20:03:35,121: +SERVICE [/rosapi/topics_for_type] /rosapi http://ros-indigo-desktop-trusty64:37265/
[rosmaster.master][INFO] 2016-06-29 20:03:35,124: +SERVICE [/rosapi/services] /rosapi http://ros-indigo-desktop-trusty64:37265/
[rosmaster.master][INFO] 2016-06-29 20:03:35,126: +SERVICE [/rosapi/services_for_type] /rosapi http://ros-indigo-desktop-trusty64:37265/
[rosmaster.master][INFO] 2016-06-29 20:03:35,129: +SERVICE [/rosapi/nodes] /rosapi http://ros-indigo-desktop-trusty64:37265/
[rosmaster.master][INFO] 2016-06-29 20:03:35,131: publisherUpdate[/rosout] -> http://ros-indigo-desktop-trusty64:43142/
[rosmaster.master][INFO] 2016-06-29 20:03:35,133: +SERVICE [/rosapi/topic_type] /rosapi http://ros-indigo-desktop-trusty64:37265/
[rosmaster.master][INFO] 2016-06-29 20:03:35,134: publisherUpdate[/rosout] -> http://ros-indigo-desktop-trusty64:43142/
[rosmaster.master][INFO] 2016-06-29 20:03:35,136: +SERVICE [/rosapi/service_type] /rosapi http://ros-indigo-desktop-trusty64:37265/
[rosmaster.master][INFO] 2016-06-29 20:03:35,139: +SERVICE [/rosapi/publishers] /rosapi http://ros-indigo-desktop-trusty64:37265/
[rosmaster.master][INFO] 2016-06-29 20:03:35,142: +SERVICE [/rosapi/subscribers] /rosapi http://ros-indigo-desktop-trusty64:37265/
[rosmaster.master][INFO] 2016-06-29 20:03:35,145: +SERVICE [/rosapi/service_providers] /rosapi http://ros-indigo-desktop-trusty64:37265/
[rosmaster.master][INFO] 2016-06-29 20:03:35,148: +SERVICE [/rosapi/service_node] /rosapi http://ros-indigo-desktop-trusty64:37265/
[rosmaster.master][INFO] 2016-06-29 20:03:35,151: +SERVICE [/rosapi/service_host] /rosapi http://ros-indigo-desktop-trusty64:37265/
[rosmaster.master][INFO] 2016-06-29 20:03:35,154: +SERVICE [/rosapi/message_details] /rosapi http://ros-indigo-desktop-trusty64:37265/
[rosmaster.master][INFO] 2016-06-29 20:03:35,157: +SERVICE [/rosapi/service_request_details] /rosapi http://ros-indigo-desktop-trusty64:37265/
[rosmaster.master][INFO] 2016-06-29 20:03:35,160: +SERVICE [/rosapi/service_response_details] /rosapi http://ros-indigo-desktop-trusty64:37265/
[rosmaster.master][INFO] 2016-06-29 20:03:35,163: +SERVICE [/rosapi/set_param] /rosapi http://ros-indigo-desktop-trusty64:37265/
[rosmaster.master][INFO] 2016-06-29 20:03:35,166: +SERVICE [/rosapi/get_param] /rosapi http://ros-indigo-desktop-trusty64:37265/
[rosmaster.master][INFO] 2016-06-29 20:03:35,171: +SERVICE [/rosapi/has_param] /rosapi http://ros-indigo-desktop-trusty64:37265/
[rosmaster.master][INFO] 2016-06-29 20:03:35,173: +SERVICE [/rosapi/search_param] /rosapi http://ros-indigo-desktop-trusty64:37265/
[rosmaster.master][INFO] 2016-06-29 20:03:35,177: +SERVICE [/rosapi/delete_param] /rosapi http://ros-indigo-desktop-trusty64:37265/
[rosmaster.master][INFO] 2016-06-29 20:03:35,180: +SERVICE [/rosapi/get_param_names] /rosapi http://ros-indigo-desktop-trusty64:37265/
[rosmaster.master][INFO] 2016-06-29 20:03:35,182: +SERVICE [/rosapi/get_time] /rosapi http://ros-indigo-desktop-trusty64:37265/
[rosmaster.master][INFO] 2016-06-29 20:04:01,213: -PUB [/rosout] /rosbridge_websocket http://ros-indigo-desktop-trusty64:34302/
[rosmaster.master][INFO] 2016-06-29 20:04:01,214: -SERVICE [/rosbridge_websocket/set_logger_level] /rosbridge_websocket rosrpc://ros-indigo-desktop-trusty64:42798
[rosmaster.master][INFO] 2016-06-29 20:04:01,215: -SERVICE [/rosbridge_websocket/get_loggers] /rosbridge_websocket rosrpc://ros-indigo-desktop-trusty64:42798
[rosmaster.master][INFO] 2016-06-29 20:04:01,225: -PUB [/rosout] /rosapi http://ros-indigo-desktop-trusty64:37265/
[rosmaster.master][INFO] 2016-06-29 20:04:01,228: -SERVICE [/rosapi/get_loggers] /rosapi rosrpc://ros-indigo-desktop-trusty64:44166
[rosmaster.master][INFO] 2016-06-29 20:04:01,230: -SERVICE [/rosapi/has_param] /rosapi rosrpc://ros-indigo-desktop-trusty64:44166
[rosmaster.master][INFO] 2016-06-29 20:04:01,231: -SERVICE [/rosapi/delete_param] /rosapi rosrpc://ros-indigo-desktop-trusty64:44166
[rosmaster.master][INFO] 2016-06-29 20:04:01,231: -SERVICE [/rosapi/search_param] /rosapi rosrpc://ros-indigo-desktop-trusty64:44166
[rosmaster.master][INFO] 2016-06-29 20:04:01,232: -SERVICE [/rosapi/topic_type] /rosapi rosrpc://ros-indigo-desktop-trusty64:44166
[rosmaster.master][INFO] 2016-06-29 20:04:01,232: -SERVICE [/rosapi/subscribers] /rosapi rosrpc://ros-indigo-desktop-trusty64:44166
[rosmaster.master][INFO] 2016-06-29 20:04:01,232: -SERVICE [/rosapi/set_logger_level] /rosapi rosrpc://ros-indigo-desktop-trusty64:44166
[rosmaster.master][INFO] 2016-06-29 20:04:01,233: -SERVICE [/rosapi/service_response_details] /rosapi rosrpc://ros-indigo-desktop-trusty64:44166
[rosmaster.master][INFO] 2016-06-29 20:04:01,233: -SERVICE [/rosapi/service_host] /rosapi rosrpc://ros-indigo-desktop-trusty64:44166
[rosmaster.master][INFO] 2016-06-29 20:04:01,233: -SERVICE [/rosapi/publishers] /rosapi rosrpc://ros-indigo-desktop-trusty64:44166
[rosmaster.master][INFO] 2016-06-29 20:04:01,234: -SERVICE [/rosapi/topics] /rosapi rosrpc://ros-indigo-desktop-trusty64:44166
[rosmaster.master][INFO] 2016-06-29 20:04:01,235: -SERVICE [/rosapi/get_param_names] /rosapi rosrpc://ros-indigo-desktop-trusty64:44166
[rosmaster.master][INFO] 2016-06-29 20:04:01,235: -SERVICE [/rosapi/get_time] /rosapi rosrpc://ros-indigo-desktop-trusty64:44166
[rosmaster.master][INFO] 2016-06-29 20:04:01,237: -SERVICE [/rosapi/message_details] /rosapi rosrpc://ros-indigo-desktop-trusty64:44166
[rosmaster.master][INFO] 2016-06-29 20:04:01,237: -SERVICE [/rosapi/services] /rosapi rosrpc://ros-indigo-desktop-trusty64:44166
[rosmaster.master][INFO] 2016-06-29 20:04:01,237: -SERVICE [/rosapi/service_node] /rosapi rosrpc://ros-indigo-desktop-trusty64:44166
[rosmaster.master][INFO] 2016-06-29 20:04:01,238: -SERVICE [/rosapi/services_for_type] /rosapi rosrpc://ros-indigo-desktop-trusty64:44166
[rosmaster.master][INFO] 2016-06-29 20:04:01,238: -SERVICE [/rosapi/nodes] /rosapi rosrpc://ros-indigo-desktop-trusty64:44166
[rosmaster.master][INFO] 2016-06-29 20:04:01,238: -SERVICE [/rosapi/set_param] /rosapi rosrpc://ros-indigo-desktop-trusty64:44166
[rosmaster.master][INFO] 2016-06-29 20:04:01,239: -SERVICE [/rosapi/service_providers] /rosapi rosrpc://ros-indigo-desktop-trusty64:44166
[rosmaster.master][INFO] 2016-06-29 20:04:01,239: -SERVICE [/rosapi/get_param] /rosapi rosrpc://ros-indigo-desktop-trusty64:44166
[rosmaster.master][INFO] 2016-06-29 20:04:01,240: -SERVICE [/rosapi/topics_for_type] /rosapi rosrpc://ros-indigo-desktop-trusty64:44166
[rosmaster.master][INFO] 2016-06-29 20:04:01,240: -SERVICE [/rosapi/service_request_details] /rosapi rosrpc://ros-indigo-desktop-trusty64:44166
[rosmaster.master][INFO] 2016-06-29 20:04:01,240: -SERVICE [/rosapi/service_type] /rosapi rosrpc://ros-indigo-desktop-trusty64:44166
[rosmaster.master][INFO] 2016-06-29 20:04:01,285: publisherUpdate[/rosout] -> http://ros-indigo-desktop-trusty64:43142/
[rosmaster.master][INFO] 2016-06-29 20:04:01,289: publisherUpdate[/rosout] -> http://ros-indigo-desktop-trusty64:43142/
[rosmaster.master][INFO] 2016-06-29 20:04:02,003: -PUB [/rosout_agg] /rosout http://ros-indigo-desktop-trusty64:43142/
[rosmaster.master][INFO] 2016-06-29 20:04:02,005: -SUB [/rosout] /rosout http://ros-indigo-desktop-trusty64:43142/
[rosmaster.master][INFO] 2016-06-29 20:04:02,007: -SERVICE [/rosout/get_loggers] /rosout rosrpc://ros-indigo-desktop-trusty64:34606
[rosmaster.master][INFO] 2016-06-29 20:04:02,009: -SERVICE [/rosout/set_logger_level] /rosout rosrpc://ros-indigo-desktop-trusty64:34606
[rosmaster.main][INFO] 2016-06-29 20:04:02,130: keyboard interrupt, will exit
[rosmaster.main][INFO] 2016-06-29 20:04:02,131: stopping master...
[rospy.core][INFO] 2016-06-29 20:04:02,132: signal_shutdown [atexit]
