[roslaunch][INFO] 2016-06-29 20:03:33,899: Checking log directory for disk usage. This may take awhile.
Press Ctrl-C to interrupt
[roslaunch][INFO] 2016-06-29 20:03:33,917: Done checking log file disk usage. Usage is <1GB.
[roslaunch][INFO] 2016-06-29 20:03:33,918: roslaunch starting with args ['/opt/ros/indigo/bin/roslaunch', 'rosbridge_server', 'rosbridge_websocket.launch']
[roslaunch][INFO] 2016-06-29 20:03:33,919: roslaunch env is {'ROS_DISTRO': 'indigo', 'SSH_CLIENT': '10.0.2.2 58362 22', 'CPATH': '/opt/ros/indigo/include', 'LOGNAME': 'vagrant', 'USER': 'vagrant', 'PATH': '/opt/ros/indigo/bin:/usr/local/sbin:/usr/local/bin:/usr/sbin:/usr/bin:/sbin:/bin:/usr/games:/usr/local/games', 'HOME': '/home/vagrant', 'CMAKE_PREFIX_PATH': '/opt/ros/indigo', 'LD_LIBRARY_PATH': '/opt/ros/indigo/lib:/opt/ros/indigo/lib/x86_64-linux-gnu', 'LANG': 'en_US.UTF-8', 'TERM': 'xterm-256color', 'SHELL': '/bin/bash', 'SHLVL': '1', 'QT_QPA_PLATFORMTHEME': 'appmenu-qt5', 'ROS_LOG_FILENAME': '/home/vagrant/.ros/log/8ee73f72-3e34-11e6-b4e0-080027a2ea64/roslaunch-ros-indigo-desktop-trusty64-3103.log', 'ROS_ETC_DIR': '/opt/ros/indigo/etc/ros', 'XDG_RUNTIME_DIR': '/run/user/1000', 'PYTHONPATH': '/opt/ros/indigo/lib/python2.7/dist-packages', 'ROS_ROOT': '/opt/ros/indigo/share/ros', 'PKG_CONFIG_PATH': '/opt/ros/indigo/lib/pkgconfig:/opt/ros/indigo/lib/x86_64-linux-gnu/pkgconfig', 'ROS_PACKAGE_PATH': '/opt/ros/indigo/share:/opt/ros/indigo/stacks', 'XDG_SESSION_ID': '2', '_': '/opt/ros/indigo/bin/roslaunch', 'SSH_TTY': '/dev/pts/0', 'ROSLISP_PACKAGE_DIRECTORIES': '', 'PWD': '/home/vagrant', 'ROS_MASTER_URI': 'http://localhost:11311', 'MAIL': '/var/mail/vagrant', 'SSH_CONNECTION': '10.0.2.2 58362 10.0.2.15 22'}
[roslaunch][INFO] 2016-06-29 20:03:33,920: starting in server mode
[roslaunch.parent][INFO] 2016-06-29 20:03:33,920: starting roslaunch parent run
[roslaunch][INFO] 2016-06-29 20:03:33,922: loading roscore config file /opt/ros/indigo/etc/ros/roscore.xml
[roslaunch][INFO] 2016-06-29 20:03:34,041: Added core node of type [rosout/rosout] in namespace [/]
[roslaunch.config][INFO] 2016-06-29 20:03:34,042: loading config file /opt/ros/indigo/share/rosbridge_server/launch/rosbridge_websocket.launch
[roslaunch][INFO] 2016-06-29 20:03:34,047: Added node of type [rosbridge_server/rosbridge_websocket] in namespace [/]
[roslaunch][INFO] 2016-06-29 20:03:34,048: Added node of type [rosapi/rosapi_node] in namespace [/]
[roslaunch][INFO] 2016-06-29 20:03:34,049: ... selected machine [] for node of type [rosbridge_server/rosbridge_websocket]
[roslaunch][INFO] 2016-06-29 20:03:34,050: ... selected machine [] for node of type [rosapi/rosapi_node]
[roslaunch.pmon][INFO] 2016-06-29 20:03:34,052: start_process_monitor: creating ProcessMonitor
[roslaunch.pmon][INFO] 2016-06-29 20:03:34,052: created process monitor <ProcessMonitor(ProcessMonitor-1, initial daemon)>
[roslaunch.pmon][INFO] 2016-06-29 20:03:34,053: start_process_monitor: ProcessMonitor started
[roslaunch.parent][INFO] 2016-06-29 20:03:34,054: starting parent XML-RPC server
[roslaunch.server][INFO] 2016-06-29 20:03:34,054: starting roslaunch XML-RPC server
[roslaunch.server][INFO] 2016-06-29 20:03:34,055: waiting for roslaunch XML-RPC server to initialize
[xmlrpc][INFO] 2016-06-29 20:03:34,055: XML-RPC server binding to 0.0.0.0:0
[xmlrpc][INFO] 2016-06-29 20:03:34,056: Started XML-RPC server [http://ros-indigo-desktop-trusty64:37878/]
[xmlrpc][INFO] 2016-06-29 20:03:34,057: xml rpc node: starting XML-RPC server
[roslaunch][INFO] 2016-06-29 20:03:34,069: started roslaunch server http://ros-indigo-desktop-trusty64:37878/
[roslaunch.parent][INFO] 2016-06-29 20:03:34,070: ... parent XML-RPC server started
[roslaunch][INFO] 2016-06-29 20:03:34,072: master.is_running[http://localhost:11311]
[roslaunch][INFO] 2016-06-29 20:03:34,073: auto-starting new master
[roslaunch][INFO] 2016-06-29 20:03:34,074: create_master_process: rosmaster, /opt/ros/indigo/share/ros, 11311
[roslaunch][INFO] 2016-06-29 20:03:34,075: process[master]: launching with args [['rosmaster', '--core', '-p', '11311']]
[roslaunch.pmon][INFO] 2016-06-29 20:03:34,076: ProcessMonitor.register[master]
[roslaunch.pmon][INFO] 2016-06-29 20:03:34,076: ProcessMonitor.register[master] complete
[roslaunch][INFO] 2016-06-29 20:03:34,078: process[master]: starting os process
[roslaunch][INFO] 2016-06-29 20:03:34,079: process[master]: start w/ args [['rosmaster', '--core', '-p', '11311', '__log:=/home/vagrant/.ros/log/8ee73f72-3e34-11e6-b4e0-080027a2ea64/master.log']]
[roslaunch][INFO] 2016-06-29 20:03:34,080: process[master]: cwd will be [/home/vagrant/.ros]
[roslaunch][INFO] 2016-06-29 20:03:34,085: process[master]: started with pid [3115]
[roslaunch][INFO] 2016-06-29 20:03:34,086: master.is_running[http://localhost:11311]
[roslaunch][INFO] 2016-06-29 20:03:34,189: master.is_running[http://localhost:11311]
[roslaunch][INFO] 2016-06-29 20:03:34,294: master.is_running[http://localhost:11311]
[roslaunch][INFO] 2016-06-29 20:03:34,299: master.is_running[http://localhost:11311]
[roslaunch][INFO] 2016-06-29 20:03:34,302: ROS_MASTER_URI=http://localhost:11311
[roslaunch][INFO] 2016-06-29 20:03:34,304: setting /run_id to 8ee73f72-3e34-11e6-b4e0-080027a2ea64
[roslaunch][INFO] 2016-06-29 20:03:34,309: setting /roslaunch/uris/host_ros_indigo_desktop_trusty64__37878' to http://ros-indigo-desktop-trusty64:37878/
[roslaunch][INFO] 2016-06-29 20:03:34,313: ... preparing to launch node of type [rosout/rosout]
[roslaunch][INFO] 2016-06-29 20:03:34,313: create_node_process: package[rosout] type[rosout] machine[Machine(name[] env_loader[None] address[localhost] ssh_port[22] user[None] assignable[True] timeout[10.0])] master_uri[http://localhost:11311]
[roslaunch][INFO] 2016-06-29 20:03:34,314: process[rosout-1]: env[{'ROS_DISTRO': 'indigo', 'SSH_CLIENT': '10.0.2.2 58362 22', 'CPATH': '/opt/ros/indigo/include', 'LOGNAME': 'vagrant', 'USER': 'vagrant', 'PATH': '/opt/ros/indigo/bin:/usr/local/sbin:/usr/local/bin:/usr/sbin:/usr/bin:/sbin:/bin:/usr/games:/usr/local/games', 'HOME': '/home/vagrant', 'CMAKE_PREFIX_PATH': '/opt/ros/indigo', 'ROS_LOG_FILENAME': '/home/vagrant/.ros/log/8ee73f72-3e34-11e6-b4e0-080027a2ea64/roslaunch-ros-indigo-desktop-trusty64-3103.log', 'LANG': 'en_US.UTF-8', 'TERM': 'xterm-256color', 'SHELL': '/bin/bash', 'SHLVL': '1', 'QT_QPA_PLATFORMTHEME': 'appmenu-qt5', 'LD_LIBRARY_PATH': '/opt/ros/indigo/lib:/opt/ros/indigo/lib/x86_64-linux-gnu', 'ROS_MASTER_URI': 'http://localhost:11311', 'XDG_RUNTIME_DIR': '/run/user/1000', 'PYTHONPATH': '/opt/ros/indigo/lib/python2.7/dist-packages', 'ROS_ROOT': '/opt/ros/indigo/share/ros', 'PKG_CONFIG_PATH': '/opt/ros/indigo/lib/pkgconfig:/opt/ros/indigo/lib/x86_64-linux-gnu/pkgconfig', 'ROS_PACKAGE_PATH': '/opt/ros/indigo/share:/opt/ros/indigo/stacks', 'XDG_SESSION_ID': '2', '_': '/opt/ros/indigo/bin/roslaunch', 'SSH_TTY': '/dev/pts/0', 'ROSLISP_PACKAGE_DIRECTORIES': '', 'PWD': '/home/vagrant', 'ROS_ETC_DIR': '/opt/ros/indigo/etc/ros', 'MAIL': '/var/mail/vagrant', 'SSH_CONNECTION': '10.0.2.2 58362 10.0.2.15 22'}]
[roslaunch][INFO] 2016-06-29 20:03:34,346: process[rosout-1]: args[[u'/opt/ros/indigo/lib/rosout/rosout', u'__name:=rosout']]
[roslaunch][INFO] 2016-06-29 20:03:34,346: ... created process [rosout-1]
[roslaunch.pmon][INFO] 2016-06-29 20:03:34,347: ProcessMonitor.register[rosout-1]
[roslaunch.pmon][INFO] 2016-06-29 20:03:34,347: ProcessMonitor.register[rosout-1] complete
[roslaunch][INFO] 2016-06-29 20:03:34,348: ... registered process [rosout-1]
[roslaunch][INFO] 2016-06-29 20:03:34,349: process[rosout-1]: starting os process
[roslaunch][INFO] 2016-06-29 20:03:34,352: process[rosout-1]: start w/ args [[u'/opt/ros/indigo/lib/rosout/rosout', u'__name:=rosout', u'__log:=/home/vagrant/.ros/log/8ee73f72-3e34-11e6-b4e0-080027a2ea64/rosout-1.log']]
[roslaunch][INFO] 2016-06-29 20:03:34,353: process[rosout-1]: cwd will be [/home/vagrant/.ros]
[roslaunch][INFO] 2016-06-29 20:03:34,363: process[rosout-1]: started with pid [3128]
[roslaunch][INFO] 2016-06-29 20:03:34,364: ... successfully launched [rosout-1]
[roslaunch][INFO] 2016-06-29 20:03:34,365: load_parameters starting ...
[roslaunch][INFO] 2016-06-29 20:03:34,386: ... load_parameters complete
[roslaunch][INFO] 2016-06-29 20:03:34,386: launch_nodes: launching local nodes ...
[roslaunch][INFO] 2016-06-29 20:03:34,387: ... preparing to launch node of type [rosbridge_server/rosbridge_websocket]
[roslaunch][INFO] 2016-06-29 20:03:34,388: create_node_process: package[rosbridge_server] type[rosbridge_websocket] machine[Machine(name[] env_loader[None] address[localhost] ssh_port[22] user[None] assignable[True] timeout[10.0])] master_uri[http://localhost:11311]
[roslaunch][INFO] 2016-06-29 20:03:34,388: process[rosbridge_websocket-2]: env[{'ROS_DISTRO': 'indigo', 'SSH_CLIENT': '10.0.2.2 58362 22', 'CPATH': '/opt/ros/indigo/include', 'LOGNAME': 'vagrant', 'USER': 'vagrant', 'PATH': '/opt/ros/indigo/bin:/usr/local/sbin:/usr/local/bin:/usr/sbin:/usr/bin:/sbin:/bin:/usr/games:/usr/local/games', 'HOME': '/home/vagrant', 'CMAKE_PREFIX_PATH': '/opt/ros/indigo', 'ROS_LOG_FILENAME': '/home/vagrant/.ros/log/8ee73f72-3e34-11e6-b4e0-080027a2ea64/roslaunch-ros-indigo-desktop-trusty64-3103.log', 'LANG': 'en_US.UTF-8', 'TERM': 'xterm-256color', 'SHELL': '/bin/bash', 'SHLVL': '1', 'QT_QPA_PLATFORMTHEME': 'appmenu-qt5', 'LD_LIBRARY_PATH': '/opt/ros/indigo/lib:/opt/ros/indigo/lib/x86_64-linux-gnu', 'ROS_MASTER_URI': 'http://localhost:11311', 'XDG_RUNTIME_DIR': '/run/user/1000', 'PYTHONPATH': '/opt/ros/indigo/lib/python2.7/dist-packages', 'ROS_ROOT': '/opt/ros/indigo/share/ros', 'PKG_CONFIG_PATH': '/opt/ros/indigo/lib/pkgconfig:/opt/ros/indigo/lib/x86_64-linux-gnu/pkgconfig', 'ROS_PACKAGE_PATH': '/opt/ros/indigo/share:/opt/ros/indigo/stacks', 'XDG_SESSION_ID': '2', '_': '/opt/ros/indigo/bin/roslaunch', 'SSH_TTY': '/dev/pts/0', 'ROSLISP_PACKAGE_DIRECTORIES': '', 'PWD': '/home/vagrant', 'ROS_ETC_DIR': '/opt/ros/indigo/etc/ros', 'MAIL': '/var/mail/vagrant', 'SSH_CONNECTION': '10.0.2.2 58362 10.0.2.15 22'}]
[roslaunch][INFO] 2016-06-29 20:03:34,450: process[rosbridge_websocket-2]: args[[u'/opt/ros/indigo/lib/rosbridge_server/rosbridge_websocket', u'__name:=rosbridge_websocket']]
[roslaunch][INFO] 2016-06-29 20:03:34,451: ... created process [rosbridge_websocket-2]
[roslaunch.pmon][INFO] 2016-06-29 20:03:34,452: ProcessMonitor.register[rosbridge_websocket-2]
[roslaunch.pmon][INFO] 2016-06-29 20:03:34,453: ProcessMonitor.register[rosbridge_websocket-2] complete
[roslaunch][INFO] 2016-06-29 20:03:34,454: ... registered process [rosbridge_websocket-2]
[roslaunch][INFO] 2016-06-29 20:03:34,455: process[rosbridge_websocket-2]: starting os process
[roslaunch][INFO] 2016-06-29 20:03:34,456: process[rosbridge_websocket-2]: start w/ args [[u'/opt/ros/indigo/lib/rosbridge_server/rosbridge_websocket', u'__name:=rosbridge_websocket', u'__log:=/home/vagrant/.ros/log/8ee73f72-3e34-11e6-b4e0-080027a2ea64/rosbridge_websocket-2.log']]
[roslaunch][INFO] 2016-06-29 20:03:34,457: process[rosbridge_websocket-2]: cwd will be [/home/vagrant/.ros]
[roslaunch][INFO] 2016-06-29 20:03:34,466: process[rosbridge_websocket-2]: started with pid [3136]
[roslaunch][INFO] 2016-06-29 20:03:34,468: ... successfully launched [rosbridge_websocket-2]
[roslaunch][INFO] 2016-06-29 20:03:34,468: ... preparing to launch node of type [rosapi/rosapi_node]
[roslaunch][INFO] 2016-06-29 20:03:34,469: create_node_process: package[rosapi] type[rosapi_node] machine[Machine(name[] env_loader[None] address[localhost] ssh_port[22] user[None] assignable[True] timeout[10.0])] master_uri[http://localhost:11311]
[roslaunch][INFO] 2016-06-29 20:03:34,470: process[rosapi-3]: env[{'ROS_DISTRO': 'indigo', 'SSH_CLIENT': '10.0.2.2 58362 22', 'CPATH': '/opt/ros/indigo/include', 'LOGNAME': 'vagrant', 'USER': 'vagrant', 'PATH': '/opt/ros/indigo/bin:/usr/local/sbin:/usr/local/bin:/usr/sbin:/usr/bin:/sbin:/bin:/usr/games:/usr/local/games', 'HOME': '/home/vagrant', 'CMAKE_PREFIX_PATH': '/opt/ros/indigo', 'ROS_LOG_FILENAME': '/home/vagrant/.ros/log/8ee73f72-3e34-11e6-b4e0-080027a2ea64/roslaunch-ros-indigo-desktop-trusty64-3103.log', 'LANG': 'en_US.UTF-8', 'TERM': 'xterm-256color', 'SHELL': '/bin/bash', 'SHLVL': '1', 'QT_QPA_PLATFORMTHEME': 'appmenu-qt5', 'LD_LIBRARY_PATH': '/opt/ros/indigo/lib:/opt/ros/indigo/lib/x86_64-linux-gnu', 'ROS_MASTER_URI': 'http://localhost:11311', 'XDG_RUNTIME_DIR': '/run/user/1000', 'PYTHONPATH': '/opt/ros/indigo/lib/python2.7/dist-packages', 'ROS_ROOT': '/opt/ros/indigo/share/ros', 'PKG_CONFIG_PATH': '/opt/ros/indigo/lib/pkgconfig:/opt/ros/indigo/lib/x86_64-linux-gnu/pkgconfig', 'ROS_PACKAGE_PATH': '/opt/ros/indigo/share:/opt/ros/indigo/stacks', 'XDG_SESSION_ID': '2', '_': '/opt/ros/indigo/bin/roslaunch', 'SSH_TTY': '/dev/pts/0', 'ROSLISP_PACKAGE_DIRECTORIES': '', 'PWD': '/home/vagrant', 'ROS_ETC_DIR': '/opt/ros/indigo/etc/ros', 'MAIL': '/var/mail/vagrant', 'SSH_CONNECTION': '10.0.2.2 58362 10.0.2.15 22'}]
[roslaunch][INFO] 2016-06-29 20:03:34,510: process[rosapi-3]: args[[u'/opt/ros/indigo/lib/rosapi/rosapi_node', u'__name:=rosapi']]
[roslaunch][INFO] 2016-06-29 20:03:34,511: ... created process [rosapi-3]
[roslaunch.pmon][INFO] 2016-06-29 20:03:34,512: ProcessMonitor.register[rosapi-3]
[roslaunch.pmon][INFO] 2016-06-29 20:03:34,513: ProcessMonitor.register[rosapi-3] complete
[roslaunch][INFO] 2016-06-29 20:03:34,513: ... registered process [rosapi-3]
[roslaunch][INFO] 2016-06-29 20:03:34,514: process[rosapi-3]: starting os process
[roslaunch][INFO] 2016-06-29 20:03:34,522: process[rosapi-3]: start w/ args [[u'/opt/ros/indigo/lib/rosapi/rosapi_node', u'__name:=rosapi', u'__log:=/home/vagrant/.ros/log/8ee73f72-3e34-11e6-b4e0-080027a2ea64/rosapi-3.log']]
[roslaunch][INFO] 2016-06-29 20:03:34,523: process[rosapi-3]: cwd will be [/home/vagrant/.ros]
[roslaunch][INFO] 2016-06-29 20:03:34,529: process[rosapi-3]: started with pid [3146]
[roslaunch][INFO] 2016-06-29 20:03:34,530: ... successfully launched [rosapi-3]
[roslaunch][INFO] 2016-06-29 20:03:34,531: ... launch_nodes complete
[roslaunch.pmon][INFO] 2016-06-29 20:03:34,532: registrations completed <ProcessMonitor(ProcessMonitor-1, started daemon 139693452564224)>
[roslaunch.parent][INFO] 2016-06-29 20:03:34,532: ... roslaunch parent running, waiting for process exit
[roslaunch][INFO] 2016-06-29 20:03:34,533: spin
[roslaunch.pmon][INFO] 2016-06-29 20:04:01,170: ProcessMonitor.shutdown <ProcessMonitor(ProcessMonitor-1, started daemon 139693452564224)>
[roslaunch.pmon][INFO] 2016-06-29 20:04:01,194: ProcessMonitor._post_run <ProcessMonitor(ProcessMonitor-1, started daemon 139693452564224)>
[roslaunch.pmon][INFO] 2016-06-29 20:04:01,196: ProcessMonitor._post_run <ProcessMonitor(ProcessMonitor-1, started daemon 139693452564224)>: remaining procs are [<roslaunch.nodeprocess.LocalProcess object at 0x7f0ceabf0310>, <roslaunch.nodeprocess.LocalProcess object at 0x7f0ceabf0390>, <roslaunch.nodeprocess.LocalProcess object at 0x7f0ceabf0f90>, <roslaunch.nodeprocess.LocalProcess object at 0x7f0ceabf0890>]
[roslaunch.pmon][INFO] 2016-06-29 20:04:01,198: ProcessMonitor exit: killing rosapi-3
[roslaunch.pmon][INFO] 2016-06-29 20:04:01,201: ProcessMonitor exit: killing rosbridge_websocket-2
[roslaunch][INFO] 2016-06-29 20:04:01,201: [rosapi-3] killing on exit
[roslaunch][INFO] 2016-06-29 20:04:01,203: [rosbridge_websocket-2] killing on exit
[roslaunch][INFO] 2016-06-29 20:04:01,207: process[rosbridge_websocket-2]: killing os process with pid[3136] pgid[3136]
[roslaunch][INFO] 2016-06-29 20:04:01,208: [rosbridge_websocket-2] sending SIGINT to pgid [3136]
[roslaunch][INFO] 2016-06-29 20:04:01,209: [rosbridge_websocket-2] sent SIGINT to pgid [3136]
[roslaunch][INFO] 2016-06-29 20:04:01,205: process[rosapi-3]: killing os process with pid[3146] pgid[3146]
[roslaunch][INFO] 2016-06-29 20:04:01,212: [rosapi-3] sending SIGINT to pgid [3146]
[roslaunch][INFO] 2016-06-29 20:04:01,213: [rosapi-3] sent SIGINT to pgid [3146]
[roslaunch][INFO] 2016-06-29 20:04:01,413: process[rosbridge_websocket-2]: SIGINT killed with return value 0
[roslaunch][INFO] 2016-06-29 20:04:01,919: process[rosapi-3]: SIGINT killed with return value 0
[roslaunch.pmon][INFO] 2016-06-29 20:04:01,920: ProcessMonitor exit: killing rosout-1
[roslaunch][INFO] 2016-06-29 20:04:01,921: [rosout-1] killing on exit
[roslaunch][INFO] 2016-06-29 20:04:01,922: process[rosout-1]: killing os process with pid[3128] pgid[3128]
[roslaunch][INFO] 2016-06-29 20:04:01,924: [rosout-1] sending SIGINT to pgid [3128]
[roslaunch][INFO] 2016-06-29 20:04:01,925: [rosout-1] sent SIGINT to pgid [3128]
[roslaunch][INFO] 2016-06-29 20:04:02,128: process[rosout-1]: SIGINT killed with return value 0
[roslaunch.pmon][INFO] 2016-06-29 20:04:02,128: ProcessMonitor exit: killing master
[roslaunch][INFO] 2016-06-29 20:04:02,129: [master] killing on exit
[roslaunch][INFO] 2016-06-29 20:04:02,129: process[master]: killing os process with pid[3115] pgid[3115]
[roslaunch][INFO] 2016-06-29 20:04:02,130: [master] sending SIGINT to pgid [3115]
[roslaunch][INFO] 2016-06-29 20:04:02,130: [master] sent SIGINT to pgid [3115]
[roslaunch][INFO] 2016-06-29 20:04:02,333: process[master]: SIGINT killed with return value 0
[roslaunch.pmon][INFO] 2016-06-29 20:04:02,336: ProcessMonitor exit: cleaning up data structures and signals
[roslaunch.pmon][INFO] 2016-06-29 20:04:02,337: ProcessMonitor exit: pmon has shutdown
[roslaunch][INFO] 2016-06-29 20:04:02,356: process monitor is done spinning, initiating full shutdown
[roslaunch][INFO] 2016-06-29 20:04:02,359: runner.stop()
[roslaunch][INFO] 2016-06-29 20:04:02,361: shutting down processing monitor...
[roslaunch][INFO] 2016-06-29 20:04:02,363: shutting down processing monitor <ProcessMonitor(ProcessMonitor-1, stopped daemon 139693452564224)>
[roslaunch.pmon][INFO] 2016-06-29 20:04:02,364: ProcessMonitor.shutdown <ProcessMonitor(ProcessMonitor-1, stopped daemon 139693452564224)>
[roslaunch][INFO] 2016-06-29 20:04:02,365: ... shutting down processing monitor complete
[roslaunch][INFO] 2016-06-29 20:04:02,365: done
[roslaunch.pmon][INFO] 2016-06-29 20:04:02,366: ProcessMonitor.shutdown <ProcessMonitor(ProcessMonitor-1, stopped daemon 139693452564224)>
[rospy.core][INFO] 2016-06-29 20:04:02,367: signal_shutdown [atexit]
