[rospy.client][INFO] 2016-07-07 17:27:08,725: init_node, name[/rosbridge_websocket], pid[3251]
[xmlrpc][INFO] 2016-07-07 17:27:08,727: XML-RPC server binding to 0.0.0.0:0
[xmlrpc][INFO] 2016-07-07 17:27:08,727: Started XML-RPC server [http://ros-indigo-desktop-trusty64:48930/]
[rospy.impl.masterslave][INFO] 2016-07-07 17:27:08,729: _ready: http://ros-indigo-desktop-trusty64:48930/
[rospy.init][INFO] 2016-07-07 17:27:08,729: ROS Slave URI: [http://ros-indigo-desktop-trusty64:48930/]
[xmlrpc][INFO] 2016-07-07 17:27:08,730: xml rpc node: starting XML-RPC server
[rospy.registration][INFO] 2016-07-07 17:27:08,732: Registering with master node http://localhost:11311
[rospy.init][INFO] 2016-07-07 17:27:08,832: registered with master
[rospy.rosout][INFO] 2016-07-07 17:27:08,833: initializing /rosout core topic
[rospy.rosout][INFO] 2016-07-07 17:27:08,839: connected to core topic /rosout
[rospy.simtime][INFO] 2016-07-07 17:27:08,842: /use_sim_time is not set, will not subscribe to simulated time [/clock] topic
[rosout][INFO] 2016-07-07 17:27:08,877: Rosbridge WebSocket server started on port 9090
[rospy.internal][INFO] 2016-07-07 17:27:09,109: topic[/rosout] adding connection to [/rosout], count 0
[rosout][INFO] 2016-07-07 17:28:03,346: Client connected.  1 clients total.
[rosout][INFO] 2016-07-07 18:51:22,522: Client disconnected. 0 clients total.
[rosout][INFO] 2016-07-07 18:51:23,056: Client connected.  1 clients total.
[rosout][INFO] 2016-07-07 18:53:38,486: Client disconnected. 0 clients total.
[rosout][INFO] 2016-07-07 18:53:38,983: Client connected.  1 clients total.
[rosout][INFO] 2016-07-07 18:54:07,255: Client disconnected. 0 clients total.
[rosout][INFO] 2016-07-07 18:54:07,752: Client connected.  1 clients total.
[rosout][INFO] 2016-07-07 18:57:14,098: Client disconnected. 0 clients total.
[rosout][INFO] 2016-07-07 18:57:14,390: Client connected.  1 clients total.
[rosout][INFO] 2016-07-07 18:59:04,099: Client disconnected. 0 clients total.
[rosout][INFO] 2016-07-07 18:59:04,603: Client connected.  1 clients total.
[rosout][INFO] 2016-07-07 19:00:05,719: Client disconnected. 0 clients total.
[rosout][INFO] 2016-07-07 19:00:06,146: Client connected.  1 clients total.
[rosout][INFO] 2016-07-07 19:04:49,200: Client disconnected. 0 clients total.
[rosout][INFO] 2016-07-07 19:04:49,772: Client connected.  1 clients total.
[rosout][INFO] 2016-07-07 19:04:54,330: Client disconnected. 0 clients total.
[rosout][INFO] 2016-07-07 19:04:54,580: Client connected.  1 clients total.
[rospy.core][INFO] 2016-07-07 19:11:19,408: signal_shutdown [signal-2]
[rospy.internal][INFO] 2016-07-07 19:11:19,420: topic[/rosout] removing connection to /rosout
[rospy.impl.masterslave][INFO] 2016-07-07 19:11:19,421: signal-2
[rospy.core][INFO] 2016-07-07 19:11:19,555: signal_shutdown [atexit]
