[roslaunch][INFO] 2016-07-07 17:27:07,610: Checking log directory for disk usage. This may take awhile.
Press Ctrl-C to interrupt
[roslaunch][INFO] 2016-07-07 17:27:07,641: Done checking log file disk usage. Usage is <1GB.
[roslaunch][INFO] 2016-07-07 17:27:07,641: roslaunch starting with args ['/opt/ros/indigo/bin/roslaunch', 'rosbridge_server', 'rosbridge_websocket.launch']
[roslaunch][INFO] 2016-07-07 17:27:07,642: roslaunch env is {'ROS_DISTRO': 'indigo', 'SSH_CLIENT': '10.0.2.2 56512 22', 'CPATH': '/opt/ros/indigo/include', 'LOGNAME': 'vagrant', 'USER': 'vagrant', 'PATH': '/opt/ros/indigo/bin:/usr/local/sbin:/usr/local/bin:/usr/sbin:/usr/bin:/sbin:/bin:/usr/games:/usr/local/games', 'HOME': '/home/vagrant', 'CMAKE_PREFIX_PATH': '/opt/ros/indigo', 'LD_LIBRARY_PATH': '/opt/ros/indigo/lib:/opt/ros/indigo/lib/x86_64-linux-gnu', 'LANG': 'en_US.UTF-8', 'TERM': 'xterm-256color', 'SHELL': '/bin/bash', 'SHLVL': '1', 'QT_QPA_PLATFORMTHEME': 'appmenu-qt5', 'ROS_LOG_FILENAME': '/home/vagrant/.ros/log/078c2b7a-4468-11e6-a1ae-080027a2ea64/roslaunch-ros-indigo-desktop-trusty64-3222.log', 'ROS_ETC_DIR': '/opt/ros/indigo/etc/ros', 'XDG_RUNTIME_DIR': '/run/user/1000', 'PYTHONPATH': '/opt/ros/indigo/lib/python2.7/dist-packages', 'ROS_ROOT': '/opt/ros/indigo/share/ros', 'PKG_CONFIG_PATH': '/opt/ros/indigo/lib/pkgconfig:/opt/ros/indigo/lib/x86_64-linux-gnu/pkgconfig', 'ROS_PACKAGE_PATH': '/opt/ros/indigo/share:/opt/ros/indigo/stacks', 'XDG_SESSION_ID': '2', '_': '/opt/ros/indigo/bin/roslaunch', 'SSH_TTY': '/dev/pts/0', 'ROSLISP_PACKAGE_DIRECTORIES': '', 'PWD': '/home/vagrant', 'ROS_MASTER_URI': 'http://localhost:11311', 'MAIL': '/var/mail/vagrant', 'SSH_CONNECTION': '10.0.2.2 56512 10.0.2.15 22'}
[roslaunch][INFO] 2016-07-07 17:27:07,642: starting in server mode
[roslaunch.parent][INFO] 2016-07-07 17:27:07,643: starting roslaunch parent run
[roslaunch][INFO] 2016-07-07 17:27:07,645: loading roscore config file /opt/ros/indigo/etc/ros/roscore.xml
[roslaunch][INFO] 2016-07-07 17:27:07,789: Added core node of type [rosout/rosout] in namespace [/]
[roslaunch.config][INFO] 2016-07-07 17:27:07,789: loading config file /opt/ros/indigo/share/rosbridge_server/launch/rosbridge_websocket.launch
[roslaunch][INFO] 2016-07-07 17:27:07,794: Added node of type [rosbridge_server/rosbridge_websocket] in namespace [/]
[roslaunch][INFO] 2016-07-07 17:27:07,795: Added node of type [rosapi/rosapi_node] in namespace [/]
[roslaunch][INFO] 2016-07-07 17:27:07,795: ... selected machine [] for node of type [rosbridge_server/rosbridge_websocket]
[roslaunch][INFO] 2016-07-07 17:27:07,796: ... selected machine [] for node of type [rosapi/rosapi_node]
[roslaunch.pmon][INFO] 2016-07-07 17:27:07,797: start_process_monitor: creating ProcessMonitor
[roslaunch.pmon][INFO] 2016-07-07 17:27:07,798: created process monitor <ProcessMonitor(ProcessMonitor-1, initial daemon)>
[roslaunch.pmon][INFO] 2016-07-07 17:27:07,799: start_process_monitor: ProcessMonitor started
[roslaunch.parent][INFO] 2016-07-07 17:27:07,799: starting parent XML-RPC server
[roslaunch.server][INFO] 2016-07-07 17:27:07,800: starting roslaunch XML-RPC server
[roslaunch.server][INFO] 2016-07-07 17:27:07,800: waiting for roslaunch XML-RPC server to initialize
[xmlrpc][INFO] 2016-07-07 17:27:07,800: XML-RPC server binding to 0.0.0.0:0
[xmlrpc][INFO] 2016-07-07 17:27:07,801: Started XML-RPC server [http://ros-indigo-desktop-trusty64:40633/]
[xmlrpc][INFO] 2016-07-07 17:27:07,802: xml rpc node: starting XML-RPC server
[roslaunch][INFO] 2016-07-07 17:27:07,818: started roslaunch server http://ros-indigo-desktop-trusty64:40633/
[roslaunch.parent][INFO] 2016-07-07 17:27:07,820: ... parent XML-RPC server started
[roslaunch][INFO] 2016-07-07 17:27:07,822: master.is_running[http://localhost:11311]
[roslaunch][INFO] 2016-07-07 17:27:07,824: auto-starting new master
[roslaunch][INFO] 2016-07-07 17:27:07,825: create_master_process: rosmaster, /opt/ros/indigo/share/ros, 11311
[roslaunch][INFO] 2016-07-07 17:27:07,826: process[master]: launching with args [['rosmaster', '--core', '-p', '11311']]
[roslaunch.pmon][INFO] 2016-07-07 17:27:07,826: ProcessMonitor.register[master]
[roslaunch.pmon][INFO] 2016-07-07 17:27:07,827: ProcessMonitor.register[master] complete
[roslaunch][INFO] 2016-07-07 17:27:07,828: process[master]: starting os process
[roslaunch][INFO] 2016-07-07 17:27:07,829: process[master]: start w/ args [['rosmaster', '--core', '-p', '11311', '__log:=/home/vagrant/.ros/log/078c2b7a-4468-11e6-a1ae-080027a2ea64/master.log']]
[roslaunch][INFO] 2016-07-07 17:27:07,829: process[master]: cwd will be [/home/vagrant/.ros]
[roslaunch][INFO] 2016-07-07 17:27:07,833: process[master]: started with pid [3234]
[roslaunch][INFO] 2016-07-07 17:27:07,835: master.is_running[http://localhost:11311]
[roslaunch][INFO] 2016-07-07 17:27:07,937: master.is_running[http://localhost:11311]
[roslaunch][INFO] 2016-07-07 17:27:08,040: master.is_running[http://localhost:11311]
[roslaunch][INFO] 2016-07-07 17:27:08,044: master.is_running[http://localhost:11311]
[roslaunch][INFO] 2016-07-07 17:27:08,047: ROS_MASTER_URI=http://localhost:11311
[roslaunch][INFO] 2016-07-07 17:27:08,050: setting /run_id to 078c2b7a-4468-11e6-a1ae-080027a2ea64
[roslaunch][INFO] 2016-07-07 17:27:08,054: setting /roslaunch/uris/host_ros_indigo_desktop_trusty64__40633' to http://ros-indigo-desktop-trusty64:40633/
[roslaunch][INFO] 2016-07-07 17:27:08,058: ... preparing to launch node of type [rosout/rosout]
[roslaunch][INFO] 2016-07-07 17:27:08,059: create_node_process: package[rosout] type[rosout] machine[Machine(name[] env_loader[None] address[localhost] ssh_port[22] user[None] assignable[True] timeout[10.0])] master_uri[http://localhost:11311]
[roslaunch][INFO] 2016-07-07 17:27:08,059: process[rosout-1]: env[{'ROS_DISTRO': 'indigo', 'SSH_CLIENT': '10.0.2.2 56512 22', 'CPATH': '/opt/ros/indigo/include', 'LOGNAME': 'vagrant', 'USER': 'vagrant', 'PATH': '/opt/ros/indigo/bin:/usr/local/sbin:/usr/local/bin:/usr/sbin:/usr/bin:/sbin:/bin:/usr/games:/usr/local/games', 'HOME': '/home/vagrant', 'CMAKE_PREFIX_PATH': '/opt/ros/indigo', 'ROS_LOG_FILENAME': '/home/vagrant/.ros/log/078c2b7a-4468-11e6-a1ae-080027a2ea64/roslaunch-ros-indigo-desktop-trusty64-3222.log', 'LANG': 'en_US.UTF-8', 'TERM': 'xterm-256color', 'SHELL': '/bin/bash', 'SHLVL': '1', 'QT_QPA_PLATFORMTHEME': 'appmenu-qt5', 'LD_LIBRARY_PATH': '/opt/ros/indigo/lib:/opt/ros/indigo/lib/x86_64-linux-gnu', 'ROS_MASTER_URI': 'http://localhost:11311', 'XDG_RUNTIME_DIR': '/run/user/1000', 'PYTHONPATH': '/opt/ros/indigo/lib/python2.7/dist-packages', 'ROS_ROOT': '/opt/ros/indigo/share/ros', 'PKG_CONFIG_PATH': '/opt/ros/indigo/lib/pkgconfig:/opt/ros/indigo/lib/x86_64-linux-gnu/pkgconfig', 'ROS_PACKAGE_PATH': '/opt/ros/indigo/share:/opt/ros/indigo/stacks', 'XDG_SESSION_ID': '2', '_': '/opt/ros/indigo/bin/roslaunch', 'SSH_TTY': '/dev/pts/0', 'ROSLISP_PACKAGE_DIRECTORIES': '', 'PWD': '/home/vagrant', 'ROS_ETC_DIR': '/opt/ros/indigo/etc/ros', 'MAIL': '/var/mail/vagrant', 'SSH_CONNECTION': '10.0.2.2 56512 10.0.2.15 22'}]
[roslaunch][INFO] 2016-07-07 17:27:08,092: process[rosout-1]: args[[u'/opt/ros/indigo/lib/rosout/rosout', u'__name:=rosout']]
[roslaunch][INFO] 2016-07-07 17:27:08,092: ... created process [rosout-1]
[roslaunch.pmon][INFO] 2016-07-07 17:27:08,093: ProcessMonitor.register[rosout-1]
[roslaunch.pmon][INFO] 2016-07-07 17:27:08,094: ProcessMonitor.register[rosout-1] complete
[roslaunch][INFO] 2016-07-07 17:27:08,094: ... registered process [rosout-1]
[roslaunch][INFO] 2016-07-07 17:27:08,095: process[rosout-1]: starting os process
[roslaunch][INFO] 2016-07-07 17:27:08,098: process[rosout-1]: start w/ args [[u'/opt/ros/indigo/lib/rosout/rosout', u'__name:=rosout', u'__log:=/home/vagrant/.ros/log/078c2b7a-4468-11e6-a1ae-080027a2ea64/rosout-1.log']]
[roslaunch][INFO] 2016-07-07 17:27:08,099: process[rosout-1]: cwd will be [/home/vagrant/.ros]
[roslaunch][INFO] 2016-07-07 17:27:08,108: process[rosout-1]: started with pid [3247]
[roslaunch][INFO] 2016-07-07 17:27:08,109: ... successfully launched [rosout-1]
[roslaunch][INFO] 2016-07-07 17:27:08,112: load_parameters starting ...
[roslaunch][INFO] 2016-07-07 17:27:08,131: ... load_parameters complete
[roslaunch][INFO] 2016-07-07 17:27:08,132: launch_nodes: launching local nodes ...
[roslaunch][INFO] 2016-07-07 17:27:08,133: ... preparing to launch node of type [rosbridge_server/rosbridge_websocket]
[roslaunch][INFO] 2016-07-07 17:27:08,133: create_node_process: package[rosbridge_server] type[rosbridge_websocket] machine[Machine(name[] env_loader[None] address[localhost] ssh_port[22] user[None] assignable[True] timeout[10.0])] master_uri[http://localhost:11311]
[roslaunch][INFO] 2016-07-07 17:27:08,134: process[rosbridge_websocket-2]: env[{'ROS_DISTRO': 'indigo', 'SSH_CLIENT': '10.0.2.2 56512 22', 'CPATH': '/opt/ros/indigo/include', 'LOGNAME': 'vagrant', 'USER': 'vagrant', 'PATH': '/opt/ros/indigo/bin:/usr/local/sbin:/usr/local/bin:/usr/sbin:/usr/bin:/sbin:/bin:/usr/games:/usr/local/games', 'HOME': '/home/vagrant', 'CMAKE_PREFIX_PATH': '/opt/ros/indigo', 'ROS_LOG_FILENAME': '/home/vagrant/.ros/log/078c2b7a-4468-11e6-a1ae-080027a2ea64/roslaunch-ros-indigo-desktop-trusty64-3222.log', 'LANG': 'en_US.UTF-8', 'TERM': 'xterm-256color', 'SHELL': '/bin/bash', 'SHLVL': '1', 'QT_QPA_PLATFORMTHEME': 'appmenu-qt5', 'LD_LIBRARY_PATH': '/opt/ros/indigo/lib:/opt/ros/indigo/lib/x86_64-linux-gnu', 'ROS_MASTER_URI': 'http://localhost:11311', 'XDG_RUNTIME_DIR': '/run/user/1000', 'PYTHONPATH': '/opt/ros/indigo/lib/python2.7/dist-packages', 'ROS_ROOT': '/opt/ros/indigo/share/ros', 'PKG_CONFIG_PATH': '/opt/ros/indigo/lib/pkgconfig:/opt/ros/indigo/lib/x86_64-linux-gnu/pkgconfig', 'ROS_PACKAGE_PATH': '/opt/ros/indigo/share:/opt/ros/indigo/stacks', 'XDG_SESSION_ID': '2', '_': '/opt/ros/indigo/bin/roslaunch', 'SSH_TTY': '/dev/pts/0', 'ROSLISP_PACKAGE_DIRECTORIES': '', 'PWD': '/home/vagrant', 'ROS_ETC_DIR': '/opt/ros/indigo/etc/ros', 'MAIL': '/var/mail/vagrant', 'SSH_CONNECTION': '10.0.2.2 56512 10.0.2.15 22'}]
[roslaunch][INFO] 2016-07-07 17:27:08,190: process[rosbridge_websocket-2]: args[[u'/opt/ros/indigo/lib/rosbridge_server/rosbridge_websocket', u'__name:=rosbridge_websocket']]
[roslaunch][INFO] 2016-07-07 17:27:08,192: ... created process [rosbridge_websocket-2]
[roslaunch.pmon][INFO] 2016-07-07 17:27:08,196: ProcessMonitor.register[rosbridge_websocket-2]
[roslaunch.pmon][INFO] 2016-07-07 17:27:08,197: ProcessMonitor.register[rosbridge_websocket-2] complete
[roslaunch][INFO] 2016-07-07 17:27:08,198: ... registered process [rosbridge_websocket-2]
[roslaunch][INFO] 2016-07-07 17:27:08,199: process[rosbridge_websocket-2]: starting os process
[roslaunch][INFO] 2016-07-07 17:27:08,202: process[rosbridge_websocket-2]: start w/ args [[u'/opt/ros/indigo/lib/rosbridge_server/rosbridge_websocket', u'__name:=rosbridge_websocket', u'__log:=/home/vagrant/.ros/log/078c2b7a-4468-11e6-a1ae-080027a2ea64/rosbridge_websocket-2.log']]
[roslaunch][INFO] 2016-07-07 17:27:08,203: process[rosbridge_websocket-2]: cwd will be [/home/vagrant/.ros]
[roslaunch][INFO] 2016-07-07 17:27:08,208: process[rosbridge_websocket-2]: started with pid [3251]
[roslaunch][INFO] 2016-07-07 17:27:08,215: ... successfully launched [rosbridge_websocket-2]
[roslaunch][INFO] 2016-07-07 17:27:08,216: ... preparing to launch node of type [rosapi/rosapi_node]
[roslaunch][INFO] 2016-07-07 17:27:08,216: create_node_process: package[rosapi] type[rosapi_node] machine[Machine(name[] env_loader[None] address[localhost] ssh_port[22] user[None] assignable[True] timeout[10.0])] master_uri[http://localhost:11311]
[roslaunch][INFO] 2016-07-07 17:27:08,218: process[rosapi-3]: env[{'ROS_DISTRO': 'indigo', 'SSH_CLIENT': '10.0.2.2 56512 22', 'CPATH': '/opt/ros/indigo/include', 'LOGNAME': 'vagrant', 'USER': 'vagrant', 'PATH': '/opt/ros/indigo/bin:/usr/local/sbin:/usr/local/bin:/usr/sbin:/usr/bin:/sbin:/bin:/usr/games:/usr/local/games', 'HOME': '/home/vagrant', 'CMAKE_PREFIX_PATH': '/opt/ros/indigo', 'ROS_LOG_FILENAME': '/home/vagrant/.ros/log/078c2b7a-4468-11e6-a1ae-080027a2ea64/roslaunch-ros-indigo-desktop-trusty64-3222.log', 'LANG': 'en_US.UTF-8', 'TERM': 'xterm-256color', 'SHELL': '/bin/bash', 'SHLVL': '1', 'QT_QPA_PLATFORMTHEME': 'appmenu-qt5', 'LD_LIBRARY_PATH': '/opt/ros/indigo/lib:/opt/ros/indigo/lib/x86_64-linux-gnu', 'ROS_MASTER_URI': 'http://localhost:11311', 'XDG_RUNTIME_DIR': '/run/user/1000', 'PYTHONPATH': '/opt/ros/indigo/lib/python2.7/dist-packages', 'ROS_ROOT': '/opt/ros/indigo/share/ros', 'PKG_CONFIG_PATH': '/opt/ros/indigo/lib/pkgconfig:/opt/ros/indigo/lib/x86_64-linux-gnu/pkgconfig', 'ROS_PACKAGE_PATH': '/opt/ros/indigo/share:/opt/ros/indigo/stacks', 'XDG_SESSION_ID': '2', '_': '/opt/ros/indigo/bin/roslaunch', 'SSH_TTY': '/dev/pts/0', 'ROSLISP_PACKAGE_DIRECTORIES': '', 'PWD': '/home/vagrant', 'ROS_ETC_DIR': '/opt/ros/indigo/etc/ros', 'MAIL': '/var/mail/vagrant', 'SSH_CONNECTION': '10.0.2.2 56512 10.0.2.15 22'}]
[roslaunch][INFO] 2016-07-07 17:27:08,257: process[rosapi-3]: args[[u'/opt/ros/indigo/lib/rosapi/rosapi_node', u'__name:=rosapi']]
[roslaunch][INFO] 2016-07-07 17:27:08,257: ... created process [rosapi-3]
[roslaunch.pmon][INFO] 2016-07-07 17:27:08,258: ProcessMonitor.register[rosapi-3]
[roslaunch.pmon][INFO] 2016-07-07 17:27:08,258: ProcessMonitor.register[rosapi-3] complete
[roslaunch][INFO] 2016-07-07 17:27:08,258: ... registered process [rosapi-3]
[roslaunch][INFO] 2016-07-07 17:27:08,259: process[rosapi-3]: starting os process
[roslaunch][INFO] 2016-07-07 17:27:08,261: process[rosapi-3]: start w/ args [[u'/opt/ros/indigo/lib/rosapi/rosapi_node', u'__name:=rosapi', u'__log:=/home/vagrant/.ros/log/078c2b7a-4468-11e6-a1ae-080027a2ea64/rosapi-3.log']]
[roslaunch][INFO] 2016-07-07 17:27:08,261: process[rosapi-3]: cwd will be [/home/vagrant/.ros]
[roslaunch][INFO] 2016-07-07 17:27:08,276: process[rosapi-3]: started with pid [3265]
[roslaunch][INFO] 2016-07-07 17:27:08,277: ... successfully launched [rosapi-3]
[roslaunch][INFO] 2016-07-07 17:27:08,279: ... launch_nodes complete
[roslaunch.pmon][INFO] 2016-07-07 17:27:08,281: registrations completed <ProcessMonitor(ProcessMonitor-1, started daemon 140167021614848)>
[roslaunch.parent][INFO] 2016-07-07 17:27:08,281: ... roslaunch parent running, waiting for process exit
[roslaunch][INFO] 2016-07-07 17:27:08,282: spin
[roslaunch.pmon][INFO] 2016-07-07 19:11:19,340: ProcessMonitor.shutdown <ProcessMonitor(ProcessMonitor-1, started daemon 140167021614848)>
[roslaunch.pmon][INFO] 2016-07-07 19:11:19,394: ProcessMonitor._post_run <ProcessMonitor(ProcessMonitor-1, started daemon 140167021614848)>
[roslaunch.pmon][INFO] 2016-07-07 19:11:19,395: ProcessMonitor._post_run <ProcessMonitor(ProcessMonitor-1, started daemon 140167021614848)>: remaining procs are [<roslaunch.nodeprocess.LocalProcess object at 0x7f7b2da94310>, <roslaunch.nodeprocess.LocalProcess object at 0x7f7b2da94390>, <roslaunch.nodeprocess.LocalProcess object at 0x7f7b2da94f90>, <roslaunch.nodeprocess.LocalProcess object at 0x7f7b2da94890>]
[roslaunch.pmon][INFO] 2016-07-07 19:11:19,396: ProcessMonitor exit: killing rosapi-3
[roslaunch][INFO] 2016-07-07 19:11:19,398: [rosapi-3] killing on exit
[roslaunch.pmon][INFO] 2016-07-07 19:11:19,398: ProcessMonitor exit: killing rosbridge_websocket-2
[roslaunch][INFO] 2016-07-07 19:11:19,401: [rosbridge_websocket-2] killing on exit
[roslaunch][INFO] 2016-07-07 19:11:19,399: process[rosapi-3]: killing os process with pid[3265] pgid[3265]
[roslaunch][INFO] 2016-07-07 19:11:19,403: process[rosbridge_websocket-2]: killing os process with pid[3251] pgid[3251]
[roslaunch][INFO] 2016-07-07 19:11:19,403: [rosapi-3] sending SIGINT to pgid [3265]
[roslaunch][INFO] 2016-07-07 19:11:19,404: [rosbridge_websocket-2] sending SIGINT to pgid [3251]
[roslaunch][INFO] 2016-07-07 19:11:19,405: [rosapi-3] sent SIGINT to pgid [3265]
[roslaunch][INFO] 2016-07-07 19:11:19,408: [rosbridge_websocket-2] sent SIGINT to pgid [3251]
[roslaunch][INFO] 2016-07-07 19:11:19,612: process[rosbridge_websocket-2]: SIGINT killed with return value 0
[roslaunch][INFO] 2016-07-07 19:11:20,119: process[rosapi-3]: SIGINT killed with return value 0
[roslaunch.pmon][INFO] 2016-07-07 19:11:20,120: ProcessMonitor exit: killing rosout-1
[roslaunch][INFO] 2016-07-07 19:11:20,121: [rosout-1] killing on exit
[roslaunch][INFO] 2016-07-07 19:11:20,122: process[rosout-1]: killing os process with pid[3247] pgid[3247]
[roslaunch][INFO] 2016-07-07 19:11:20,123: [rosout-1] sending SIGINT to pgid [3247]
[roslaunch][INFO] 2016-07-07 19:11:20,124: [rosout-1] sent SIGINT to pgid [3247]
[roslaunch][INFO] 2016-07-07 19:11:20,327: process[rosout-1]: SIGINT killed with return value 0
[roslaunch.pmon][INFO] 2016-07-07 19:11:20,328: ProcessMonitor exit: killing master
[roslaunch][INFO] 2016-07-07 19:11:20,328: [master] killing on exit
[roslaunch][INFO] 2016-07-07 19:11:20,329: process[master]: killing os process with pid[3234] pgid[3234]
[roslaunch][INFO] 2016-07-07 19:11:20,330: [master] sending SIGINT to pgid [3234]
[roslaunch][INFO] 2016-07-07 19:11:20,330: [master] sent SIGINT to pgid [3234]
[roslaunch][INFO] 2016-07-07 19:11:20,537: process[master]: SIGINT killed with return value 0
[roslaunch.pmon][INFO] 2016-07-07 19:11:20,538: ProcessMonitor exit: cleaning up data structures and signals
[roslaunch.pmon][INFO] 2016-07-07 19:11:20,538: ProcessMonitor exit: pmon has shutdown
[roslaunch][INFO] 2016-07-07 19:11:20,588: process monitor is done spinning, initiating full shutdown
[roslaunch][INFO] 2016-07-07 19:11:20,589: runner.stop()
[roslaunch][INFO] 2016-07-07 19:11:20,590: shutting down processing monitor...
[roslaunch][INFO] 2016-07-07 19:11:20,591: shutting down processing monitor <ProcessMonitor(ProcessMonitor-1, stopped daemon 140167021614848)>
[roslaunch.pmon][INFO] 2016-07-07 19:11:20,591: ProcessMonitor.shutdown <ProcessMonitor(ProcessMonitor-1, stopped daemon 140167021614848)>
[roslaunch][INFO] 2016-07-07 19:11:20,592: ... shutting down processing monitor complete
[roslaunch][INFO] 2016-07-07 19:11:20,592: done
[roslaunch.pmon][INFO] 2016-07-07 19:11:20,593: ProcessMonitor.shutdown <ProcessMonitor(ProcessMonitor-1, stopped daemon 140167021614848)>
[rospy.core][INFO] 2016-07-07 19:11:20,594: signal_shutdown [atexit]
