[roslaunch][INFO] 2016-07-01 00:45:57,537: Checking log directory for disk usage. This may take awhile.
Press Ctrl-C to interrupt
[roslaunch][INFO] 2016-07-01 00:45:57,562: Done checking log file disk usage. Usage is <1GB.
[roslaunch][INFO] 2016-07-01 00:45:57,563: roslaunch starting with args ['/opt/ros/indigo/bin/roslaunch', 'rosbridge_server', 'rosbridge_websocket.launch']
[roslaunch][INFO] 2016-07-01 00:45:57,564: roslaunch env is {'ROS_DISTRO': 'indigo', 'SSH_CLIENT': '10.0.2.2 59440 22', 'CPATH': '/opt/ros/indigo/include', 'LOGNAME': 'vagrant', 'USER': 'vagrant', 'PATH': '/opt/ros/indigo/bin:/usr/local/sbin:/usr/local/bin:/usr/sbin:/usr/bin:/sbin:/bin:/usr/games:/usr/local/games', 'HOME': '/home/vagrant', 'CMAKE_PREFIX_PATH': '/opt/ros/indigo', 'LD_LIBRARY_PATH': '/opt/ros/indigo/lib:/opt/ros/indigo/lib/x86_64-linux-gnu', 'LANG': 'en_US.UTF-8', 'TERM': 'xterm-256color', 'SHELL': '/bin/bash', 'SHLVL': '1', 'QT_QPA_PLATFORMTHEME': 'appmenu-qt5', 'ROS_LOG_FILENAME': '/home/vagrant/.ros/log/2c85d57c-3f25-11e6-a3bf-080027a2ea64/roslaunch-ros-indigo-desktop-trusty64-3225.log', 'ROS_ETC_DIR': '/opt/ros/indigo/etc/ros', 'XDG_RUNTIME_DIR': '/run/user/1000', 'PYTHONPATH': '/opt/ros/indigo/lib/python2.7/dist-packages', 'ROS_ROOT': '/opt/ros/indigo/share/ros', 'PKG_CONFIG_PATH': '/opt/ros/indigo/lib/pkgconfig:/opt/ros/indigo/lib/x86_64-linux-gnu/pkgconfig', 'ROS_PACKAGE_PATH': '/opt/ros/indigo/share:/opt/ros/indigo/stacks', 'XDG_SESSION_ID': '2', '_': '/opt/ros/indigo/bin/roslaunch', 'SSH_TTY': '/dev/pts/0', 'ROSLISP_PACKAGE_DIRECTORIES': '', 'PWD': '/home/vagrant', 'ROS_MASTER_URI': 'http://localhost:11311', 'MAIL': '/var/mail/vagrant', 'SSH_CONNECTION': '10.0.2.2 59440 10.0.2.15 22'}
[roslaunch][INFO] 2016-07-01 00:45:57,565: starting in server mode
[roslaunch.parent][INFO] 2016-07-01 00:45:57,570: starting roslaunch parent run
[roslaunch][INFO] 2016-07-01 00:45:57,572: loading roscore config file /opt/ros/indigo/etc/ros/roscore.xml
[roslaunch][INFO] 2016-07-01 00:45:57,709: Added core node of type [rosout/rosout] in namespace [/]
[roslaunch.config][INFO] 2016-07-01 00:45:57,710: loading config file /opt/ros/indigo/share/rosbridge_server/launch/rosbridge_websocket.launch
[roslaunch][INFO] 2016-07-01 00:45:57,724: Added node of type [rosbridge_server/rosbridge_websocket] in namespace [/]
[roslaunch][INFO] 2016-07-01 00:45:57,725: Added node of type [rosapi/rosapi_node] in namespace [/]
[roslaunch][INFO] 2016-07-01 00:45:57,726: ... selected machine [] for node of type [rosbridge_server/rosbridge_websocket]
[roslaunch][INFO] 2016-07-01 00:45:57,726: ... selected machine [] for node of type [rosapi/rosapi_node]
[roslaunch.pmon][INFO] 2016-07-01 00:45:57,729: start_process_monitor: creating ProcessMonitor
[roslaunch.pmon][INFO] 2016-07-01 00:45:57,730: created process monitor <ProcessMonitor(ProcessMonitor-1, initial daemon)>
[roslaunch.pmon][INFO] 2016-07-01 00:45:57,730: start_process_monitor: ProcessMonitor started
[roslaunch.parent][INFO] 2016-07-01 00:45:57,731: starting parent XML-RPC server
[roslaunch.server][INFO] 2016-07-01 00:45:57,731: starting roslaunch XML-RPC server
[roslaunch.server][INFO] 2016-07-01 00:45:57,732: waiting for roslaunch XML-RPC server to initialize
[xmlrpc][INFO] 2016-07-01 00:45:57,732: XML-RPC server binding to 0.0.0.0:0
[xmlrpc][INFO] 2016-07-01 00:45:57,733: Started XML-RPC server [http://ros-indigo-desktop-trusty64:33545/]
[xmlrpc][INFO] 2016-07-01 00:45:57,734: xml rpc node: starting XML-RPC server
[roslaunch][INFO] 2016-07-01 00:45:57,747: started roslaunch server http://ros-indigo-desktop-trusty64:33545/
[roslaunch.parent][INFO] 2016-07-01 00:45:57,748: ... parent XML-RPC server started
[roslaunch][INFO] 2016-07-01 00:45:57,752: master.is_running[http://localhost:11311]
[roslaunch][INFO] 2016-07-01 00:45:57,754: auto-starting new master
[roslaunch][INFO] 2016-07-01 00:45:57,754: create_master_process: rosmaster, /opt/ros/indigo/share/ros, 11311
[roslaunch][INFO] 2016-07-01 00:45:57,755: process[master]: launching with args [['rosmaster', '--core', '-p', '11311']]
[roslaunch.pmon][INFO] 2016-07-01 00:45:57,756: ProcessMonitor.register[master]
[roslaunch.pmon][INFO] 2016-07-01 00:45:57,757: ProcessMonitor.register[master] complete
[roslaunch][INFO] 2016-07-01 00:45:57,758: process[master]: starting os process
[roslaunch][INFO] 2016-07-01 00:45:57,759: process[master]: start w/ args [['rosmaster', '--core', '-p', '11311', '__log:=/home/vagrant/.ros/log/2c85d57c-3f25-11e6-a3bf-080027a2ea64/master.log']]
[roslaunch][INFO] 2016-07-01 00:45:57,759: process[master]: cwd will be [/home/vagrant/.ros]
[roslaunch][INFO] 2016-07-01 00:45:57,764: process[master]: started with pid [3237]
[roslaunch][INFO] 2016-07-01 00:45:57,765: master.is_running[http://localhost:11311]
[roslaunch][INFO] 2016-07-01 00:45:57,869: master.is_running[http://localhost:11311]
[roslaunch][INFO] 2016-07-01 00:45:57,972: master.is_running[http://localhost:11311]
[roslaunch][INFO] 2016-07-01 00:45:58,077: master.is_running[http://localhost:11311]
[roslaunch][INFO] 2016-07-01 00:45:58,084: master.is_running[http://localhost:11311]
[roslaunch][INFO] 2016-07-01 00:45:58,089: ROS_MASTER_URI=http://localhost:11311
[roslaunch][INFO] 2016-07-01 00:45:58,092: setting /run_id to 2c85d57c-3f25-11e6-a3bf-080027a2ea64
[roslaunch][INFO] 2016-07-01 00:45:58,097: setting /roslaunch/uris/host_ros_indigo_desktop_trusty64__33545' to http://ros-indigo-desktop-trusty64:33545/
[roslaunch][INFO] 2016-07-01 00:45:58,106: ... preparing to launch node of type [rosout/rosout]
[roslaunch][INFO] 2016-07-01 00:45:58,107: create_node_process: package[rosout] type[rosout] machine[Machine(name[] env_loader[None] address[localhost] ssh_port[22] user[None] assignable[True] timeout[10.0])] master_uri[http://localhost:11311]
[roslaunch][INFO] 2016-07-01 00:45:58,108: process[rosout-1]: env[{'ROS_DISTRO': 'indigo', 'SSH_CLIENT': '10.0.2.2 59440 22', 'CPATH': '/opt/ros/indigo/include', 'LOGNAME': 'vagrant', 'USER': 'vagrant', 'PATH': '/opt/ros/indigo/bin:/usr/local/sbin:/usr/local/bin:/usr/sbin:/usr/bin:/sbin:/bin:/usr/games:/usr/local/games', 'HOME': '/home/vagrant', 'CMAKE_PREFIX_PATH': '/opt/ros/indigo', 'ROS_LOG_FILENAME': '/home/vagrant/.ros/log/2c85d57c-3f25-11e6-a3bf-080027a2ea64/roslaunch-ros-indigo-desktop-trusty64-3225.log', 'LANG': 'en_US.UTF-8', 'TERM': 'xterm-256color', 'SHELL': '/bin/bash', 'SHLVL': '1', 'QT_QPA_PLATFORMTHEME': 'appmenu-qt5', 'LD_LIBRARY_PATH': '/opt/ros/indigo/lib:/opt/ros/indigo/lib/x86_64-linux-gnu', 'ROS_MASTER_URI': 'http://localhost:11311', 'XDG_RUNTIME_DIR': '/run/user/1000', 'PYTHONPATH': '/opt/ros/indigo/lib/python2.7/dist-packages', 'ROS_ROOT': '/opt/ros/indigo/share/ros', 'PKG_CONFIG_PATH': '/opt/ros/indigo/lib/pkgconfig:/opt/ros/indigo/lib/x86_64-linux-gnu/pkgconfig', 'ROS_PACKAGE_PATH': '/opt/ros/indigo/share:/opt/ros/indigo/stacks', 'XDG_SESSION_ID': '2', '_': '/opt/ros/indigo/bin/roslaunch', 'SSH_TTY': '/dev/pts/0', 'ROSLISP_PACKAGE_DIRECTORIES': '', 'PWD': '/home/vagrant', 'ROS_ETC_DIR': '/opt/ros/indigo/etc/ros', 'MAIL': '/var/mail/vagrant', 'SSH_CONNECTION': '10.0.2.2 59440 10.0.2.15 22'}]
[roslaunch][INFO] 2016-07-01 00:45:58,168: process[rosout-1]: args[[u'/opt/ros/indigo/lib/rosout/rosout', u'__name:=rosout']]
[roslaunch][INFO] 2016-07-01 00:45:58,169: ... created process [rosout-1]
[roslaunch.pmon][INFO] 2016-07-01 00:45:58,169: ProcessMonitor.register[rosout-1]
[roslaunch.pmon][INFO] 2016-07-01 00:45:58,170: ProcessMonitor.register[rosout-1] complete
[roslaunch][INFO] 2016-07-01 00:45:58,173: ... registered process [rosout-1]
[roslaunch][INFO] 2016-07-01 00:45:58,174: process[rosout-1]: starting os process
[roslaunch][INFO] 2016-07-01 00:45:58,177: process[rosout-1]: start w/ args [[u'/opt/ros/indigo/lib/rosout/rosout', u'__name:=rosout', u'__log:=/home/vagrant/.ros/log/2c85d57c-3f25-11e6-a3bf-080027a2ea64/rosout-1.log']]
[roslaunch][INFO] 2016-07-01 00:45:58,179: process[rosout-1]: cwd will be [/home/vagrant/.ros]
[roslaunch][INFO] 2016-07-01 00:45:58,188: process[rosout-1]: started with pid [3250]
[roslaunch][INFO] 2016-07-01 00:45:58,190: ... successfully launched [rosout-1]
[roslaunch][INFO] 2016-07-01 00:45:58,191: load_parameters starting ...
[roslaunch][INFO] 2016-07-01 00:45:58,213: ... load_parameters complete
[roslaunch][INFO] 2016-07-01 00:45:58,216: launch_nodes: launching local nodes ...
[roslaunch][INFO] 2016-07-01 00:45:58,216: ... preparing to launch node of type [rosbridge_server/rosbridge_websocket]
[roslaunch][INFO] 2016-07-01 00:45:58,217: create_node_process: package[rosbridge_server] type[rosbridge_websocket] machine[Machine(name[] env_loader[None] address[localhost] ssh_port[22] user[None] assignable[True] timeout[10.0])] master_uri[http://localhost:11311]
[roslaunch][INFO] 2016-07-01 00:45:58,218: process[rosbridge_websocket-2]: env[{'ROS_DISTRO': 'indigo', 'SSH_CLIENT': '10.0.2.2 59440 22', 'CPATH': '/opt/ros/indigo/include', 'LOGNAME': 'vagrant', 'USER': 'vagrant', 'PATH': '/opt/ros/indigo/bin:/usr/local/sbin:/usr/local/bin:/usr/sbin:/usr/bin:/sbin:/bin:/usr/games:/usr/local/games', 'HOME': '/home/vagrant', 'CMAKE_PREFIX_PATH': '/opt/ros/indigo', 'ROS_LOG_FILENAME': '/home/vagrant/.ros/log/2c85d57c-3f25-11e6-a3bf-080027a2ea64/roslaunch-ros-indigo-desktop-trusty64-3225.log', 'LANG': 'en_US.UTF-8', 'TERM': 'xterm-256color', 'SHELL': '/bin/bash', 'SHLVL': '1', 'QT_QPA_PLATFORMTHEME': 'appmenu-qt5', 'LD_LIBRARY_PATH': '/opt/ros/indigo/lib:/opt/ros/indigo/lib/x86_64-linux-gnu', 'ROS_MASTER_URI': 'http://localhost:11311', 'XDG_RUNTIME_DIR': '/run/user/1000', 'PYTHONPATH': '/opt/ros/indigo/lib/python2.7/dist-packages', 'ROS_ROOT': '/opt/ros/indigo/share/ros', 'PKG_CONFIG_PATH': '/opt/ros/indigo/lib/pkgconfig:/opt/ros/indigo/lib/x86_64-linux-gnu/pkgconfig', 'ROS_PACKAGE_PATH': '/opt/ros/indigo/share:/opt/ros/indigo/stacks', 'XDG_SESSION_ID': '2', '_': '/opt/ros/indigo/bin/roslaunch', 'SSH_TTY': '/dev/pts/0', 'ROSLISP_PACKAGE_DIRECTORIES': '', 'PWD': '/home/vagrant', 'ROS_ETC_DIR': '/opt/ros/indigo/etc/ros', 'MAIL': '/var/mail/vagrant', 'SSH_CONNECTION': '10.0.2.2 59440 10.0.2.15 22'}]
[roslaunch][INFO] 2016-07-01 00:45:58,296: process[rosbridge_websocket-2]: args[[u'/opt/ros/indigo/lib/rosbridge_server/rosbridge_websocket', u'__name:=rosbridge_websocket']]
[roslaunch][INFO] 2016-07-01 00:45:58,297: ... created process [rosbridge_websocket-2]
[roslaunch.pmon][INFO] 2016-07-01 00:45:58,298: ProcessMonitor.register[rosbridge_websocket-2]
[roslaunch.pmon][INFO] 2016-07-01 00:45:58,299: ProcessMonitor.register[rosbridge_websocket-2] complete
[roslaunch][INFO] 2016-07-01 00:45:58,299: ... registered process [rosbridge_websocket-2]
[roslaunch][INFO] 2016-07-01 00:45:58,300: process[rosbridge_websocket-2]: starting os process
[roslaunch][INFO] 2016-07-01 00:45:58,300: process[rosbridge_websocket-2]: start w/ args [[u'/opt/ros/indigo/lib/rosbridge_server/rosbridge_websocket', u'__name:=rosbridge_websocket', u'__log:=/home/vagrant/.ros/log/2c85d57c-3f25-11e6-a3bf-080027a2ea64/rosbridge_websocket-2.log']]
[roslaunch][INFO] 2016-07-01 00:45:58,301: process[rosbridge_websocket-2]: cwd will be [/home/vagrant/.ros]
[roslaunch][INFO] 2016-07-01 00:45:58,310: process[rosbridge_websocket-2]: started with pid [3260]
[roslaunch][INFO] 2016-07-01 00:45:58,318: ... successfully launched [rosbridge_websocket-2]
[roslaunch][INFO] 2016-07-01 00:45:58,319: ... preparing to launch node of type [rosapi/rosapi_node]
[roslaunch][INFO] 2016-07-01 00:45:58,320: create_node_process: package[rosapi] type[rosapi_node] machine[Machine(name[] env_loader[None] address[localhost] ssh_port[22] user[None] assignable[True] timeout[10.0])] master_uri[http://localhost:11311]
[roslaunch][INFO] 2016-07-01 00:45:58,321: process[rosapi-3]: env[{'ROS_DISTRO': 'indigo', 'SSH_CLIENT': '10.0.2.2 59440 22', 'CPATH': '/opt/ros/indigo/include', 'LOGNAME': 'vagrant', 'USER': 'vagrant', 'PATH': '/opt/ros/indigo/bin:/usr/local/sbin:/usr/local/bin:/usr/sbin:/usr/bin:/sbin:/bin:/usr/games:/usr/local/games', 'HOME': '/home/vagrant', 'CMAKE_PREFIX_PATH': '/opt/ros/indigo', 'ROS_LOG_FILENAME': '/home/vagrant/.ros/log/2c85d57c-3f25-11e6-a3bf-080027a2ea64/roslaunch-ros-indigo-desktop-trusty64-3225.log', 'LANG': 'en_US.UTF-8', 'TERM': 'xterm-256color', 'SHELL': '/bin/bash', 'SHLVL': '1', 'QT_QPA_PLATFORMTHEME': 'appmenu-qt5', 'LD_LIBRARY_PATH': '/opt/ros/indigo/lib:/opt/ros/indigo/lib/x86_64-linux-gnu', 'ROS_MASTER_URI': 'http://localhost:11311', 'XDG_RUNTIME_DIR': '/run/user/1000', 'PYTHONPATH': '/opt/ros/indigo/lib/python2.7/dist-packages', 'ROS_ROOT': '/opt/ros/indigo/share/ros', 'PKG_CONFIG_PATH': '/opt/ros/indigo/lib/pkgconfig:/opt/ros/indigo/lib/x86_64-linux-gnu/pkgconfig', 'ROS_PACKAGE_PATH': '/opt/ros/indigo/share:/opt/ros/indigo/stacks', 'XDG_SESSION_ID': '2', '_': '/opt/ros/indigo/bin/roslaunch', 'SSH_TTY': '/dev/pts/0', 'ROSLISP_PACKAGE_DIRECTORIES': '', 'PWD': '/home/vagrant', 'ROS_ETC_DIR': '/opt/ros/indigo/etc/ros', 'MAIL': '/var/mail/vagrant', 'SSH_CONNECTION': '10.0.2.2 59440 10.0.2.15 22'}]
[roslaunch][INFO] 2016-07-01 00:45:58,385: process[rosapi-3]: args[[u'/opt/ros/indigo/lib/rosapi/rosapi_node', u'__name:=rosapi']]
[roslaunch][INFO] 2016-07-01 00:45:58,387: ... created process [rosapi-3]
[roslaunch.pmon][INFO] 2016-07-01 00:45:58,388: ProcessMonitor.register[rosapi-3]
[roslaunch.pmon][INFO] 2016-07-01 00:45:58,388: ProcessMonitor.register[rosapi-3] complete
[roslaunch][INFO] 2016-07-01 00:45:58,389: ... registered process [rosapi-3]
[roslaunch][INFO] 2016-07-01 00:45:58,389: process[rosapi-3]: starting os process
[roslaunch][INFO] 2016-07-01 00:45:58,392: process[rosapi-3]: start w/ args [[u'/opt/ros/indigo/lib/rosapi/rosapi_node', u'__name:=rosapi', u'__log:=/home/vagrant/.ros/log/2c85d57c-3f25-11e6-a3bf-080027a2ea64/rosapi-3.log']]
[roslaunch][INFO] 2016-07-01 00:45:58,392: process[rosapi-3]: cwd will be [/home/vagrant/.ros]
[roslaunch][INFO] 2016-07-01 00:45:58,400: process[rosapi-3]: started with pid [3268]
[roslaunch][INFO] 2016-07-01 00:45:58,401: ... successfully launched [rosapi-3]
[roslaunch][INFO] 2016-07-01 00:45:58,401: ... launch_nodes complete
[roslaunch.pmon][INFO] 2016-07-01 00:45:58,402: registrations completed <ProcessMonitor(ProcessMonitor-1, started daemon 140403354437376)>
[roslaunch.parent][INFO] 2016-07-01 00:45:58,402: ... roslaunch parent running, waiting for process exit
[roslaunch][INFO] 2016-07-01 00:45:58,403: spin
[roslaunch.pmon][INFO] 2016-07-01 00:46:23,804: ProcessMonitor.shutdown <ProcessMonitor(ProcessMonitor-1, started daemon 140403354437376)>
[roslaunch.pmon][INFO] 2016-07-01 00:46:23,823: ProcessMonitor._post_run <ProcessMonitor(ProcessMonitor-1, started daemon 140403354437376)>
[roslaunch.pmon][INFO] 2016-07-01 00:46:23,824: ProcessMonitor._post_run <ProcessMonitor(ProcessMonitor-1, started daemon 140403354437376)>: remaining procs are [<roslaunch.nodeprocess.LocalProcess object at 0x7fb23431f310>, <roslaunch.nodeprocess.LocalProcess object at 0x7fb23431f3d0>, <roslaunch.nodeprocess.LocalProcess object at 0x7fb23431ff90>, <roslaunch.nodeprocess.LocalProcess object at 0x7fb23431f890>]
[roslaunch.pmon][INFO] 2016-07-01 00:46:23,824: ProcessMonitor exit: killing rosapi-3
[roslaunch][INFO] 2016-07-01 00:46:23,825: [rosapi-3] killing on exit
[roslaunch.pmon][INFO] 2016-07-01 00:46:23,825: ProcessMonitor exit: killing rosbridge_websocket-2
[roslaunch][INFO] 2016-07-01 00:46:23,827: process[rosapi-3]: killing os process with pid[3268] pgid[3268]
[roslaunch][INFO] 2016-07-01 00:46:23,829: [rosapi-3] sending SIGINT to pgid [3268]
[roslaunch][INFO] 2016-07-01 00:46:23,828: [rosbridge_websocket-2] killing on exit
[roslaunch][INFO] 2016-07-01 00:46:23,831: process[rosbridge_websocket-2]: killing os process with pid[3260] pgid[3260]
[roslaunch][INFO] 2016-07-01 00:46:23,832: [rosbridge_websocket-2] sending SIGINT to pgid [3260]
[roslaunch][INFO] 2016-07-01 00:46:23,830: [rosapi-3] sent SIGINT to pgid [3268]
[roslaunch][INFO] 2016-07-01 00:46:23,836: [rosbridge_websocket-2] sent SIGINT to pgid [3260]
[roslaunch][INFO] 2016-07-01 00:46:24,547: process[rosapi-3]: SIGINT killed with return value 0
[roslaunch][INFO] 2016-07-01 00:46:24,548: process[rosbridge_websocket-2]: SIGINT killed with return value 0
[roslaunch.pmon][INFO] 2016-07-01 00:46:24,549: ProcessMonitor exit: killing rosout-1
[roslaunch][INFO] 2016-07-01 00:46:24,549: [rosout-1] killing on exit
[roslaunch][INFO] 2016-07-01 00:46:24,550: process[rosout-1]: killing os process with pid[3250] pgid[3250]
[roslaunch][INFO] 2016-07-01 00:46:24,550: [rosout-1] sending SIGINT to pgid [3250]
[roslaunch][INFO] 2016-07-01 00:46:24,551: [rosout-1] sent SIGINT to pgid [3250]
[roslaunch][INFO] 2016-07-01 00:46:24,857: process[rosout-1]: SIGINT killed with return value 0
[roslaunch.pmon][INFO] 2016-07-01 00:46:24,858: ProcessMonitor exit: killing master
[roslaunch][INFO] 2016-07-01 00:46:24,859: [master] killing on exit
[roslaunch][INFO] 2016-07-01 00:46:24,859: process[master]: killing os process with pid[3237] pgid[3237]
[roslaunch][INFO] 2016-07-01 00:46:24,861: [master] sending SIGINT to pgid [3237]
[roslaunch][INFO] 2016-07-01 00:46:24,862: [master] sent SIGINT to pgid [3237]
[roslaunch][INFO] 2016-07-01 00:46:25,073: process[master]: SIGINT killed with return value 0
[roslaunch.pmon][INFO] 2016-07-01 00:46:25,074: ProcessMonitor exit: cleaning up data structures and signals
[roslaunch.pmon][INFO] 2016-07-01 00:46:25,075: ProcessMonitor exit: pmon has shutdown
[roslaunch][INFO] 2016-07-01 00:46:25,112: process monitor is done spinning, initiating full shutdown
[roslaunch][INFO] 2016-07-01 00:46:25,113: runner.stop()
[roslaunch][INFO] 2016-07-01 00:46:25,114: shutting down processing monitor...
[roslaunch][INFO] 2016-07-01 00:46:25,114: shutting down processing monitor <ProcessMonitor(ProcessMonitor-1, stopped daemon 140403354437376)>
[roslaunch.pmon][INFO] 2016-07-01 00:46:25,115: ProcessMonitor.shutdown <ProcessMonitor(ProcessMonitor-1, stopped daemon 140403354437376)>
[roslaunch][INFO] 2016-07-01 00:46:25,116: ... shutting down processing monitor complete
[roslaunch][INFO] 2016-07-01 00:46:25,117: done
[roslaunch.pmon][INFO] 2016-07-01 00:46:25,119: ProcessMonitor.shutdown <ProcessMonitor(ProcessMonitor-1, stopped daemon 140403354437376)>
[rospy.core][INFO] 2016-07-01 00:46:25,120: signal_shutdown [atexit]
