[roslaunch][INFO] 2016-07-06 03:31:17,522: Checking log directory for disk usage. This may take awhile.
Press Ctrl-C to interrupt
[roslaunch][INFO] 2016-07-06 03:31:17,544: Done checking log file disk usage. Usage is <1GB.
[roslaunch][INFO] 2016-07-06 03:31:17,545: roslaunch starting with args ['/opt/ros/indigo/bin/roslaunch', 'rosbridge_server', 'rosbridge_websocket.launch']
[roslaunch][INFO] 2016-07-06 03:31:17,546: roslaunch env is {'ROS_DISTRO': 'indigo', 'SSH_CLIENT': '10.0.2.2 56736 22', 'CPATH': '/opt/ros/indigo/include', 'LOGNAME': 'vagrant', 'USER': 'vagrant', 'PATH': '/opt/ros/indigo/bin:/usr/local/sbin:/usr/local/bin:/usr/sbin:/usr/bin:/sbin:/bin:/usr/games:/usr/local/games', 'HOME': '/home/vagrant', 'CMAKE_PREFIX_PATH': '/opt/ros/indigo', 'LD_LIBRARY_PATH': '/opt/ros/indigo/lib:/opt/ros/indigo/lib/x86_64-linux-gnu', 'LANG': 'en_US.UTF-8', 'TERM': 'xterm-256color', 'SHELL': '/bin/bash', 'SHLVL': '1', 'QT_QPA_PLATFORMTHEME': 'appmenu-qt5', 'ROS_LOG_FILENAME': '/home/vagrant/.ros/log/1959f240-432a-11e6-b2f5-080027a2ea64/roslaunch-ros-indigo-desktop-trusty64-3134.log', 'ROS_ETC_DIR': '/opt/ros/indigo/etc/ros', 'XDG_RUNTIME_DIR': '/run/user/1000', 'PYTHONPATH': '/opt/ros/indigo/lib/python2.7/dist-packages', 'ROS_ROOT': '/opt/ros/indigo/share/ros', 'PKG_CONFIG_PATH': '/opt/ros/indigo/lib/pkgconfig:/opt/ros/indigo/lib/x86_64-linux-gnu/pkgconfig', 'ROS_PACKAGE_PATH': '/opt/ros/indigo/share:/opt/ros/indigo/stacks', 'XDG_SESSION_ID': '2', '_': '/opt/ros/indigo/bin/roslaunch', 'SSH_TTY': '/dev/pts/0', 'ROSLISP_PACKAGE_DIRECTORIES': '', 'PWD': '/home/vagrant', 'ROS_MASTER_URI': 'http://localhost:11311', 'MAIL': '/var/mail/vagrant', 'SSH_CONNECTION': '10.0.2.2 56736 10.0.2.15 22'}
[roslaunch][INFO] 2016-07-06 03:31:17,546: starting in server mode
[roslaunch.parent][INFO] 2016-07-06 03:31:17,547: starting roslaunch parent run
[roslaunch][INFO] 2016-07-06 03:31:17,548: loading roscore config file /opt/ros/indigo/etc/ros/roscore.xml
[roslaunch][INFO] 2016-07-06 03:31:17,653: Added core node of type [rosout/rosout] in namespace [/]
[roslaunch.config][INFO] 2016-07-06 03:31:17,654: loading config file /opt/ros/indigo/share/rosbridge_server/launch/rosbridge_websocket.launch
[roslaunch][INFO] 2016-07-06 03:31:17,659: Added node of type [rosbridge_server/rosbridge_websocket] in namespace [/]
[roslaunch][INFO] 2016-07-06 03:31:17,660: Added node of type [rosapi/rosapi_node] in namespace [/]
[roslaunch][INFO] 2016-07-06 03:31:17,660: ... selected machine [] for node of type [rosbridge_server/rosbridge_websocket]
[roslaunch][INFO] 2016-07-06 03:31:17,660: ... selected machine [] for node of type [rosapi/rosapi_node]
[roslaunch.pmon][INFO] 2016-07-06 03:31:17,663: start_process_monitor: creating ProcessMonitor
[roslaunch.pmon][INFO] 2016-07-06 03:31:17,663: created process monitor <ProcessMonitor(ProcessMonitor-1, initial daemon)>
[roslaunch.pmon][INFO] 2016-07-06 03:31:17,664: start_process_monitor: ProcessMonitor started
[roslaunch.parent][INFO] 2016-07-06 03:31:17,664: starting parent XML-RPC server
[roslaunch.server][INFO] 2016-07-06 03:31:17,665: starting roslaunch XML-RPC server
[roslaunch.server][INFO] 2016-07-06 03:31:17,665: waiting for roslaunch XML-RPC server to initialize
[xmlrpc][INFO] 2016-07-06 03:31:17,665: XML-RPC server binding to 0.0.0.0:0
[xmlrpc][INFO] 2016-07-06 03:31:17,668: Started XML-RPC server [http://ros-indigo-desktop-trusty64:55059/]
[xmlrpc][INFO] 2016-07-06 03:31:17,669: xml rpc node: starting XML-RPC server
[roslaunch][INFO] 2016-07-06 03:31:17,681: started roslaunch server http://ros-indigo-desktop-trusty64:55059/
[roslaunch.parent][INFO] 2016-07-06 03:31:17,682: ... parent XML-RPC server started
[roslaunch][INFO] 2016-07-06 03:31:17,687: master.is_running[http://localhost:11311]
[roslaunch][INFO] 2016-07-06 03:31:17,688: auto-starting new master
[roslaunch][INFO] 2016-07-06 03:31:17,689: create_master_process: rosmaster, /opt/ros/indigo/share/ros, 11311
[roslaunch][INFO] 2016-07-06 03:31:17,689: process[master]: launching with args [['rosmaster', '--core', '-p', '11311']]
[roslaunch.pmon][INFO] 2016-07-06 03:31:17,690: ProcessMonitor.register[master]
[roslaunch.pmon][INFO] 2016-07-06 03:31:17,690: ProcessMonitor.register[master] complete
[roslaunch][INFO] 2016-07-06 03:31:17,691: process[master]: starting os process
[roslaunch][INFO] 2016-07-06 03:31:17,692: process[master]: start w/ args [['rosmaster', '--core', '-p', '11311', '__log:=/home/vagrant/.ros/log/1959f240-432a-11e6-b2f5-080027a2ea64/master.log']]
[roslaunch][INFO] 2016-07-06 03:31:17,692: process[master]: cwd will be [/home/vagrant/.ros]
[roslaunch][INFO] 2016-07-06 03:31:17,696: process[master]: started with pid [3146]
[roslaunch][INFO] 2016-07-06 03:31:17,697: master.is_running[http://localhost:11311]
[roslaunch][INFO] 2016-07-06 03:31:17,801: master.is_running[http://localhost:11311]
[roslaunch][INFO] 2016-07-06 03:31:17,903: master.is_running[http://localhost:11311]
[roslaunch][INFO] 2016-07-06 03:31:17,907: master.is_running[http://localhost:11311]
[roslaunch][INFO] 2016-07-06 03:31:17,910: ROS_MASTER_URI=http://localhost:11311
[roslaunch][INFO] 2016-07-06 03:31:17,913: setting /run_id to 1959f240-432a-11e6-b2f5-080027a2ea64
[roslaunch][INFO] 2016-07-06 03:31:17,916: setting /roslaunch/uris/host_ros_indigo_desktop_trusty64__55059' to http://ros-indigo-desktop-trusty64:55059/
[roslaunch][INFO] 2016-07-06 03:31:17,920: ... preparing to launch node of type [rosout/rosout]
[roslaunch][INFO] 2016-07-06 03:31:17,921: create_node_process: package[rosout] type[rosout] machine[Machine(name[] env_loader[None] address[localhost] ssh_port[22] user[None] assignable[True] timeout[10.0])] master_uri[http://localhost:11311]
[roslaunch][INFO] 2016-07-06 03:31:17,921: process[rosout-1]: env[{'ROS_DISTRO': 'indigo', 'SSH_CLIENT': '10.0.2.2 56736 22', 'CPATH': '/opt/ros/indigo/include', 'LOGNAME': 'vagrant', 'USER': 'vagrant', 'PATH': '/opt/ros/indigo/bin:/usr/local/sbin:/usr/local/bin:/usr/sbin:/usr/bin:/sbin:/bin:/usr/games:/usr/local/games', 'HOME': '/home/vagrant', 'CMAKE_PREFIX_PATH': '/opt/ros/indigo', 'ROS_LOG_FILENAME': '/home/vagrant/.ros/log/1959f240-432a-11e6-b2f5-080027a2ea64/roslaunch-ros-indigo-desktop-trusty64-3134.log', 'LANG': 'en_US.UTF-8', 'TERM': 'xterm-256color', 'SHELL': '/bin/bash', 'SHLVL': '1', 'QT_QPA_PLATFORMTHEME': 'appmenu-qt5', 'LD_LIBRARY_PATH': '/opt/ros/indigo/lib:/opt/ros/indigo/lib/x86_64-linux-gnu', 'ROS_MASTER_URI': 'http://localhost:11311', 'XDG_RUNTIME_DIR': '/run/user/1000', 'PYTHONPATH': '/opt/ros/indigo/lib/python2.7/dist-packages', 'ROS_ROOT': '/opt/ros/indigo/share/ros', 'PKG_CONFIG_PATH': '/opt/ros/indigo/lib/pkgconfig:/opt/ros/indigo/lib/x86_64-linux-gnu/pkgconfig', 'ROS_PACKAGE_PATH': '/opt/ros/indigo/share:/opt/ros/indigo/stacks', 'XDG_SESSION_ID': '2', '_': '/opt/ros/indigo/bin/roslaunch', 'SSH_TTY': '/dev/pts/0', 'ROSLISP_PACKAGE_DIRECTORIES': '', 'PWD': '/home/vagrant', 'ROS_ETC_DIR': '/opt/ros/indigo/etc/ros', 'MAIL': '/var/mail/vagrant', 'SSH_CONNECTION': '10.0.2.2 56736 10.0.2.15 22'}]
[roslaunch][INFO] 2016-07-06 03:31:17,957: process[rosout-1]: args[[u'/opt/ros/indigo/lib/rosout/rosout', u'__name:=rosout']]
[roslaunch][INFO] 2016-07-06 03:31:17,959: ... created process [rosout-1]
[roslaunch.pmon][INFO] 2016-07-06 03:31:17,959: ProcessMonitor.register[rosout-1]
[roslaunch.pmon][INFO] 2016-07-06 03:31:17,960: ProcessMonitor.register[rosout-1] complete
[roslaunch][INFO] 2016-07-06 03:31:17,960: ... registered process [rosout-1]
[roslaunch][INFO] 2016-07-06 03:31:17,961: process[rosout-1]: starting os process
[roslaunch][INFO] 2016-07-06 03:31:17,963: process[rosout-1]: start w/ args [[u'/opt/ros/indigo/lib/rosout/rosout', u'__name:=rosout', u'__log:=/home/vagrant/.ros/log/1959f240-432a-11e6-b2f5-080027a2ea64/rosout-1.log']]
[roslaunch][INFO] 2016-07-06 03:31:17,964: process[rosout-1]: cwd will be [/home/vagrant/.ros]
[roslaunch][INFO] 2016-07-06 03:31:17,974: process[rosout-1]: started with pid [3159]
[roslaunch][INFO] 2016-07-06 03:31:17,975: ... successfully launched [rosout-1]
[roslaunch][INFO] 2016-07-06 03:31:17,976: load_parameters starting ...
[roslaunch][INFO] 2016-07-06 03:31:17,991: ... load_parameters complete
[roslaunch][INFO] 2016-07-06 03:31:17,991: launch_nodes: launching local nodes ...
[roslaunch][INFO] 2016-07-06 03:31:17,992: ... preparing to launch node of type [rosbridge_server/rosbridge_websocket]
[roslaunch][INFO] 2016-07-06 03:31:17,993: create_node_process: package[rosbridge_server] type[rosbridge_websocket] machine[Machine(name[] env_loader[None] address[localhost] ssh_port[22] user[None] assignable[True] timeout[10.0])] master_uri[http://localhost:11311]
[roslaunch][INFO] 2016-07-06 03:31:17,993: process[rosbridge_websocket-2]: env[{'ROS_DISTRO': 'indigo', 'SSH_CLIENT': '10.0.2.2 56736 22', 'CPATH': '/opt/ros/indigo/include', 'LOGNAME': 'vagrant', 'USER': 'vagrant', 'PATH': '/opt/ros/indigo/bin:/usr/local/sbin:/usr/local/bin:/usr/sbin:/usr/bin:/sbin:/bin:/usr/games:/usr/local/games', 'HOME': '/home/vagrant', 'CMAKE_PREFIX_PATH': '/opt/ros/indigo', 'ROS_LOG_FILENAME': '/home/vagrant/.ros/log/1959f240-432a-11e6-b2f5-080027a2ea64/roslaunch-ros-indigo-desktop-trusty64-3134.log', 'LANG': 'en_US.UTF-8', 'TERM': 'xterm-256color', 'SHELL': '/bin/bash', 'SHLVL': '1', 'QT_QPA_PLATFORMTHEME': 'appmenu-qt5', 'LD_LIBRARY_PATH': '/opt/ros/indigo/lib:/opt/ros/indigo/lib/x86_64-linux-gnu', 'ROS_MASTER_URI': 'http://localhost:11311', 'XDG_RUNTIME_DIR': '/run/user/1000', 'PYTHONPATH': '/opt/ros/indigo/lib/python2.7/dist-packages', 'ROS_ROOT': '/opt/ros/indigo/share/ros', 'PKG_CONFIG_PATH': '/opt/ros/indigo/lib/pkgconfig:/opt/ros/indigo/lib/x86_64-linux-gnu/pkgconfig', 'ROS_PACKAGE_PATH': '/opt/ros/indigo/share:/opt/ros/indigo/stacks', 'XDG_SESSION_ID': '2', '_': '/opt/ros/indigo/bin/roslaunch', 'SSH_TTY': '/dev/pts/0', 'ROSLISP_PACKAGE_DIRECTORIES': '', 'PWD': '/home/vagrant', 'ROS_ETC_DIR': '/opt/ros/indigo/etc/ros', 'MAIL': '/var/mail/vagrant', 'SSH_CONNECTION': '10.0.2.2 56736 10.0.2.15 22'}]
[roslaunch][INFO] 2016-07-06 03:31:18,056: process[rosbridge_websocket-2]: args[[u'/opt/ros/indigo/lib/rosbridge_server/rosbridge_websocket', u'__name:=rosbridge_websocket']]
[roslaunch][INFO] 2016-07-06 03:31:18,057: ... created process [rosbridge_websocket-2]
[roslaunch.pmon][INFO] 2016-07-06 03:31:18,058: ProcessMonitor.register[rosbridge_websocket-2]
[roslaunch.pmon][INFO] 2016-07-06 03:31:18,058: ProcessMonitor.register[rosbridge_websocket-2] complete
[roslaunch][INFO] 2016-07-06 03:31:18,058: ... registered process [rosbridge_websocket-2]
[roslaunch][INFO] 2016-07-06 03:31:18,059: process[rosbridge_websocket-2]: starting os process
[roslaunch][INFO] 2016-07-06 03:31:18,063: process[rosbridge_websocket-2]: start w/ args [[u'/opt/ros/indigo/lib/rosbridge_server/rosbridge_websocket', u'__name:=rosbridge_websocket', u'__log:=/home/vagrant/.ros/log/1959f240-432a-11e6-b2f5-080027a2ea64/rosbridge_websocket-2.log']]
[roslaunch][INFO] 2016-07-06 03:31:18,063: process[rosbridge_websocket-2]: cwd will be [/home/vagrant/.ros]
[roslaunch][INFO] 2016-07-06 03:31:18,067: process[rosbridge_websocket-2]: started with pid [3163]
[roslaunch][INFO] 2016-07-06 03:31:18,075: ... successfully launched [rosbridge_websocket-2]
[roslaunch][INFO] 2016-07-06 03:31:18,076: ... preparing to launch node of type [rosapi/rosapi_node]
[roslaunch][INFO] 2016-07-06 03:31:18,077: create_node_process: package[rosapi] type[rosapi_node] machine[Machine(name[] env_loader[None] address[localhost] ssh_port[22] user[None] assignable[True] timeout[10.0])] master_uri[http://localhost:11311]
[roslaunch][INFO] 2016-07-06 03:31:18,078: process[rosapi-3]: env[{'ROS_DISTRO': 'indigo', 'SSH_CLIENT': '10.0.2.2 56736 22', 'CPATH': '/opt/ros/indigo/include', 'LOGNAME': 'vagrant', 'USER': 'vagrant', 'PATH': '/opt/ros/indigo/bin:/usr/local/sbin:/usr/local/bin:/usr/sbin:/usr/bin:/sbin:/bin:/usr/games:/usr/local/games', 'HOME': '/home/vagrant', 'CMAKE_PREFIX_PATH': '/opt/ros/indigo', 'ROS_LOG_FILENAME': '/home/vagrant/.ros/log/1959f240-432a-11e6-b2f5-080027a2ea64/roslaunch-ros-indigo-desktop-trusty64-3134.log', 'LANG': 'en_US.UTF-8', 'TERM': 'xterm-256color', 'SHELL': '/bin/bash', 'SHLVL': '1', 'QT_QPA_PLATFORMTHEME': 'appmenu-qt5', 'LD_LIBRARY_PATH': '/opt/ros/indigo/lib:/opt/ros/indigo/lib/x86_64-linux-gnu', 'ROS_MASTER_URI': 'http://localhost:11311', 'XDG_RUNTIME_DIR': '/run/user/1000', 'PYTHONPATH': '/opt/ros/indigo/lib/python2.7/dist-packages', 'ROS_ROOT': '/opt/ros/indigo/share/ros', 'PKG_CONFIG_PATH': '/opt/ros/indigo/lib/pkgconfig:/opt/ros/indigo/lib/x86_64-linux-gnu/pkgconfig', 'ROS_PACKAGE_PATH': '/opt/ros/indigo/share:/opt/ros/indigo/stacks', 'XDG_SESSION_ID': '2', '_': '/opt/ros/indigo/bin/roslaunch', 'SSH_TTY': '/dev/pts/0', 'ROSLISP_PACKAGE_DIRECTORIES': '', 'PWD': '/home/vagrant', 'ROS_ETC_DIR': '/opt/ros/indigo/etc/ros', 'MAIL': '/var/mail/vagrant', 'SSH_CONNECTION': '10.0.2.2 56736 10.0.2.15 22'}]
[roslaunch][INFO] 2016-07-06 03:31:18,117: process[rosapi-3]: args[[u'/opt/ros/indigo/lib/rosapi/rosapi_node', u'__name:=rosapi']]
[roslaunch][INFO] 2016-07-06 03:31:18,118: ... created process [rosapi-3]
[roslaunch.pmon][INFO] 2016-07-06 03:31:18,120: ProcessMonitor.register[rosapi-3]
[roslaunch.pmon][INFO] 2016-07-06 03:31:18,121: ProcessMonitor.register[rosapi-3] complete
[roslaunch][INFO] 2016-07-06 03:31:18,122: ... registered process [rosapi-3]
[roslaunch][INFO] 2016-07-06 03:31:18,123: process[rosapi-3]: starting os process
[roslaunch][INFO] 2016-07-06 03:31:18,126: process[rosapi-3]: start w/ args [[u'/opt/ros/indigo/lib/rosapi/rosapi_node', u'__name:=rosapi', u'__log:=/home/vagrant/.ros/log/1959f240-432a-11e6-b2f5-080027a2ea64/rosapi-3.log']]
[roslaunch][INFO] 2016-07-06 03:31:18,126: process[rosapi-3]: cwd will be [/home/vagrant/.ros]
[roslaunch][INFO] 2016-07-06 03:31:18,133: process[rosapi-3]: started with pid [3177]
[roslaunch][INFO] 2016-07-06 03:31:18,133: ... successfully launched [rosapi-3]
[roslaunch][INFO] 2016-07-06 03:31:18,134: ... launch_nodes complete
[roslaunch.pmon][INFO] 2016-07-06 03:31:18,134: registrations completed <ProcessMonitor(ProcessMonitor-1, started daemon 139809280505600)>
[roslaunch.parent][INFO] 2016-07-06 03:31:18,141: ... roslaunch parent running, waiting for process exit
[roslaunch][INFO] 2016-07-06 03:31:18,145: spin
[roslaunch.pmon][INFO] 2016-07-06 04:59:01,895: ProcessMonitor.shutdown <ProcessMonitor(ProcessMonitor-1, started daemon 139809280505600)>
[roslaunch.pmon][INFO] 2016-07-06 04:59:01,968: ProcessMonitor._post_run <ProcessMonitor(ProcessMonitor-1, started daemon 139809280505600)>
[roslaunch.pmon][INFO] 2016-07-06 04:59:01,969: ProcessMonitor._post_run <ProcessMonitor(ProcessMonitor-1, started daemon 139809280505600)>: remaining procs are [<roslaunch.nodeprocess.LocalProcess object at 0x7f27e2a12310>, <roslaunch.nodeprocess.LocalProcess object at 0x7f27e2a12350>, <roslaunch.nodeprocess.LocalProcess object at 0x7f27e2a12f50>, <roslaunch.nodeprocess.LocalProcess object at 0x7f27e2a12810>]
[roslaunch.pmon][INFO] 2016-07-06 04:59:01,970: ProcessMonitor exit: killing rosapi-3
[roslaunch][INFO] 2016-07-06 04:59:01,971: [rosapi-3] killing on exit
[roslaunch][INFO] 2016-07-06 04:59:01,979: process[rosapi-3]: killing os process with pid[3177] pgid[3177]
[roslaunch][INFO] 2016-07-06 04:59:01,980: [rosapi-3] sending SIGINT to pgid [3177]
[roslaunch.pmon][INFO] 2016-07-06 04:59:01,979: ProcessMonitor exit: killing rosbridge_websocket-2
[roslaunch][INFO] 2016-07-06 04:59:01,983: [rosbridge_websocket-2] killing on exit
[roslaunch][INFO] 2016-07-06 04:59:01,983: process[rosbridge_websocket-2]: killing os process with pid[3163] pgid[3163]
[roslaunch][INFO] 2016-07-06 04:59:01,984: [rosbridge_websocket-2] sending SIGINT to pgid [3163]
[roslaunch][INFO] 2016-07-06 04:59:01,985: [rosbridge_websocket-2] sent SIGINT to pgid [3163]
[roslaunch][INFO] 2016-07-06 04:59:01,981: [rosapi-3] sent SIGINT to pgid [3177]
[roslaunch][INFO] 2016-07-06 04:59:02,192: process[rosapi-3]: SIGINT killed with return value 0
[roslaunch][INFO] 2016-07-06 04:59:02,296: process[rosbridge_websocket-2]: SIGINT killed with return value 0
[roslaunch.pmon][INFO] 2016-07-06 04:59:02,297: ProcessMonitor exit: killing rosout-1
[roslaunch][INFO] 2016-07-06 04:59:02,298: [rosout-1] killing on exit
[roslaunch][INFO] 2016-07-06 04:59:02,299: process[rosout-1]: killing os process with pid[3159] pgid[3159]
[roslaunch][INFO] 2016-07-06 04:59:02,300: [rosout-1] sending SIGINT to pgid [3159]
[roslaunch][INFO] 2016-07-06 04:59:02,301: [rosout-1] sent SIGINT to pgid [3159]
[roslaunch][INFO] 2016-07-06 04:59:02,602: process[rosout-1]: SIGINT killed with return value 0
[roslaunch.pmon][INFO] 2016-07-06 04:59:02,604: ProcessMonitor exit: killing master
[roslaunch][INFO] 2016-07-06 04:59:02,604: [master] killing on exit
[roslaunch][INFO] 2016-07-06 04:59:02,605: process[master]: killing os process with pid[3146] pgid[3146]
[roslaunch][INFO] 2016-07-06 04:59:02,606: [master] sending SIGINT to pgid [3146]
[roslaunch][INFO] 2016-07-06 04:59:02,606: [master] sent SIGINT to pgid [3146]
[roslaunch][INFO] 2016-07-06 04:59:02,809: process[master]: SIGINT killed with return value 0
[roslaunch.pmon][INFO] 2016-07-06 04:59:02,809: ProcessMonitor exit: cleaning up data structures and signals
[roslaunch.pmon][INFO] 2016-07-06 04:59:02,810: ProcessMonitor exit: pmon has shutdown
[roslaunch][INFO] 2016-07-06 04:59:02,842: process monitor is done spinning, initiating full shutdown
[roslaunch][INFO] 2016-07-06 04:59:02,843: runner.stop()
[roslaunch][INFO] 2016-07-06 04:59:02,844: shutting down processing monitor...
[roslaunch][INFO] 2016-07-06 04:59:02,845: shutting down processing monitor <ProcessMonitor(ProcessMonitor-1, stopped daemon 139809280505600)>
[roslaunch.pmon][INFO] 2016-07-06 04:59:02,845: ProcessMonitor.shutdown <ProcessMonitor(ProcessMonitor-1, stopped daemon 139809280505600)>
[roslaunch][INFO] 2016-07-06 04:59:02,846: ... shutting down processing monitor complete
[roslaunch][INFO] 2016-07-06 04:59:02,846: done
[roslaunch.pmon][INFO] 2016-07-06 04:59:02,847: ProcessMonitor.shutdown <ProcessMonitor(ProcessMonitor-1, stopped daemon 139809280505600)>
[rospy.core][INFO] 2016-07-06 04:59:02,848: signal_shutdown [atexit]
